Acoipn

Level 1 of the Dungeon
(0, 0, D:1)
  a +0 club
(0, 2, D:1)
  a whip
(2, -4, D:1)
  a +0 dagger
(3, -4, D:1)
  a +0 club
(8, -2, D:1)
  a potion of degeneration
(8, 0, D:1)
  a ring mail
  a +0 robe
(20, -9, D:1)
  a hand axe
(30, 25, D:1)
  a robe
(42, -11, D:1)
  a +0 club
(42, 20, D:1)
  a +0 club

Level 2 of the Dungeon
(0, 0, D:2)
  a +0 dagger
(2, -13, D:2)
  a leather armour
(6, -34, D:2)
  a +0 club
(11, -41, D:2)
  a hand axe
(39, -36, D:2)
  a +0 club
(50, -45, D:2)
  a +0 club
(52, -41, D:2)
  a -6 ring of strength
(57, -13, D:2)
  a +0 club

Level 3 of the Dungeon
(0, 0, D:3)
  a +0 ring mail
  a +0 falchion
  a potion of degeneration
(5, 41, D:3)
  2 scrolls of teleportation
  an uncursed amulet of harm
(8, 27, D:3)
  an uncursed amulet of rage
(19, 4, D:3)
  a +0 mace
(21, 5, D:3)
  a +0 hand axe
(22, 23, D:3)
  a +0 dagger
(22, 25, D:3)
  a +0 club
  a scroll of teleportation
(23, -7, D:3)
  a club
(30, 2, D:3)
  a +0 chain mail
  a +0 leather armour
  a cursed +0 mace
(36, 36, D:3)
  a robe
(40, 25, D:3)
  a potion of degeneration
(40, 31, D:3)
  a ring mail
(41, 28, D:3)
  a +0 club
(49, 12, D:3)
  a +0 club
(52, -3, D:3)
  a +0 hand axe
(52, -1, D:3)
  a +0 short sword
  a cursed +0 scale mail
(52, 0, D:3)
  a +0 short sword

Level 4 of the Dungeon
(0, 0, D:4)
  a falchion
(5, -20, D:4)
  a scale mail
(6, -46, D:4)
  a +0 dagger
  a +0 robe
(7, -46, D:4)
  a +0 club
  a +0 dagger
  a +0 robe
(7, -32, D:4)
  a scorpion corpse
(16, -44, D:4)
  a +0 dagger
(17, -41, D:4)
  a +0 dagger
  a +0 robe
(17, -39, D:4)
  a +0 club
(31, -26, D:4)
  a +0 dagger
  a +0 robe

