Alosk

Level 1 of the Dungeon
(0, 20, D:1)
  a short sword
(1, 20, D:1)
  a short sword
(1, 27, D:1)
  a +0 club
(2, 26, D:1)
  a dagger
(2, 32, D:1)
  a +0 club
(2, 34, D:1)
  a +0 club
(6, 22, D:1)
  a club
(6, 25, D:1)
  a whip
(11, -5, D:1)
  a +0 club
(12, -4, D:1)
  a chain mail
(14, 38, D:1)
  a +0 club
  a +0 dagger
(25, -2, D:1)
  a +0 club
(26, 3, D:1)
  a dagger
(31, 13, D:1)
  a cursed -2 club
(43, 4, D:1)
  a hand axe
(47, 4, D:1)
  a +0 club

Level 2 of the Dungeon
(0, 0, D:2)
  a hand axe
(7, 23, D:2)
  a mace
(8, -7, D:2)
  a +0 dagger
(9, 25, D:2)
  a hand axe
(15, 0, D:2)
  a +0 club
  a +0 robe
(16, 20, D:2)
  a +0 dagger
(48, -1, D:2)
  a mace

Level 3 of the Dungeon
(0, 0, D:3)
  a ring mail
(7, -9, D:3)
  a +0 club
(27, -21, D:3)
  an uncursed ring of poison resistance
(34, 6, D:3)
  a cursed -3 club
(38, -29, D:3)
  a stone
(42, -9, D:3)
  a +0 club
(51, 4, D:3)
  a robe
(53, -11, D:3)
  a +0 leather armour
  a +0 whip

Level 4 of the Dungeon
(0, 0, D:4)
  a cloak
(2, -3, D:4)
  a +0 giant club
(17, -28, D:4)
  a leather armour
(22, -34, D:4)
  a falchion
(29, -28, D:4)
  a +0 ring mail
(30, -19, D:4)
  a cursed -3 giant spiked club
(34, -33, D:4)
  a +0 leather armour
  a +0 rapier
(36, -29, D:4)
  a whip
(38, -3, D:4)
  a flail
(41, -1, D:4)
  a short sword
(43, 3, D:4)
  a +0 giant spiked club

Level 5 of the Dungeon
(0, 0, D:5)
  a flail
(0, 1, D:5)
  a falchion
(1, 9, D:5)
  a whip
  (unseen)
(3, 2, D:5)
  a +0 mace
(5, 6, D:5)
  a +0 ring mail
(6, 9, D:5)
  a +0 robe
  a +0 dagger
(7, -11, D:5)
  a quarterstaff
(8, 14, D:5)
  a pair of gloves
(18, 10, D:5)
  a short sword
(20, 18, D:5)
  a +0 short sword
(21, -7, D:5)
  15 stones
(23, 12, D:5)
  a halberd
(23, 19, D:5)
  a +0 dagger
(24, -2, D:5)
  a +0 leather armour
(25, 7, D:5)
  a +0 dagger
(26, -2, D:5)
  a +0 club
(27, 7, D:5)
  a whip
(30, -9, D:5)
  a scale mail
(31, -1, D:5)
  a +0 dagger
  a +0 chain mail
(34, -3, D:5)
  a +0 spear
(34, 9, D:5)
  a +0 spear
(34, 12, D:5)
  a rapier
(36, 3, D:5)
  a leather armour
(36, 4, D:5)
  a chain mail
(37, 0, D:5)
  a +0 leather armour
(55, 6, D:5)
  a +0 ring mail

Level 6 of the Dungeon
(0, 0, D:6)
  13 gold pieces

