Aneblase

Level 1 of the Dungeon
(0, 0, D:1)
  a +0 whip
(18, -10, D:1)
  a plate armour
(23, -19, D:1)
  a +0 dagger
(24, -19, D:1)
  a leather armour
(27, 10, D:1)
  a spear
(39, 5, D:1)
  a +0 dagger
(46, -6, D:1)
  a +0 club
(48, -10, D:1)
  a cursed -2 dagger
(55, -8, D:1)
  a +0 club

Level 2 of the Dungeon
(0, 0, D:2)
  a +0 club
(24, 6, D:2)
  a hand axe

Level 3 of the Dungeon
(1, 12, D:3)
  a whip
(7, -7, D:3)
  a scale mail
(11, 3, D:3)
  a +0 dagger
(19, -8, D:3)
  a +0 club
  a cursed -2 ring mail
(26, -5, D:3)
  a +0 club
(35, 26, D:3)
  a +0 spear
(38, -5, D:3)
  a +0 club
(40, 31, D:3)
  a +0 hand axe
(41, 31, D:3)
  a +0 club
  a +0 whip
(48, 29, D:3)
  a +0 ring mail
(54, 20, D:3)
  a cursed +0 short sword
(54, 25, D:3)
  a +0 dagger
(54, 26, D:3)
  a +0 leather armour
  a +0 short sword
(56, 24, D:3)
  a +0 dagger
(58, 24, D:3)
  a +0 club
(59, -19, D:3)
  a mace

Level 4 of the Dungeon
(0, 0, D:4)
  a robe
(16, -8, D:4)
  a +0 short sword
(22, -19, D:4)
  a +0 club
(22, -13, D:4)
  a +0 club
(22, -11, D:4)
  a +0 leather armour
(22, -9, D:4)
  a +0 whip
  a dagger
(33, -27, D:4)
  a cursed +0 falchion

Level 5 of the Dungeon
(0, 0, D:5)
  an arbalest
(7, -2, D:5)
  a whip
(10, -1, D:5)
  a chain mail
(13, 6, D:5)
  a cursed -2 giant club
(14, -24, D:5)
  a +0 leather armour
  a +0 hand axe of freezing
(14, -10, D:5)
  a +0 giant club
(27, -7, D:5)
  a quarterstaff
(30, 20, D:5)
  a +0 dagger
(40, -3, D:5)
  a scale mail

Level 6 of the Dungeon
(0, 0, D:6)
  a scale mail
(4, 5, D:6)
  a cursed +0 robe
(12, 5, D:6)
  a cursed +0 short sword
(15, -12, D:6)
  a +0 robe
  a +0 dagger
(16, -10, D:6)
  a +0 robe
  a +0 dagger
(17, -10, D:6)
  a +0 robe
  a +0 dagger
(17, 21, D:6)
  a +0 shortbow

the Ecumenical Temple

