Apsoan

Level 1 of the Dungeon

Level 2 of the Dungeon
(7, 0, D:2)
  a dagger
(18, 35, D:2)
  a club
(22, 35, D:2)
  a dagger
(23, -4, D:2)
  a +0 dagger
(23, -3, D:2)
  a +0 dagger
(36, 34, D:2)
  a short sword
(46, 48, D:2)
  a leather armour
(54, 4, D:2)
  a +0 ring mail

Level 3 of the Dungeon
(0, 0, D:3)
  a +0 club
(8, 8, D:3)
  a whip
(15, 5, D:3)
  a +0 short sword
(16, 6, D:3)
  a +0 robe
  a +0 dagger
  a +0 mace
(16, 7, D:3)
  a cursed +0 leather armour
  a +0 hand axe
  a +0 club
  a +0 leather armour
  a cursed +0 falchion
  a +0 flail
(28, 3, D:3)
  a +0 club
(44, 4, D:3)
  a +0 club
  (unseen)
(45, 6, D:3)
  a ration
(46, 4, D:3)
  a tomahawk

Level 4 of the Dungeon
[Shop] Qoeff's General Store
  a +0 trident (49 gold)
  a ration (70 gold)
  a +0 leather armour (28 gold)
  19 sling bullets (133 gold)
  a +0 rapier (56 gold)
  20 stones (28 gold)
  a ration (70 gold)
  the +1 plate armour of the Comet {*Corrode rPois Int+3} (558 gold)
    It affects your intelligence (+3).
    It protects you from poison.
    It may corrode you when you take damage.
  a +0 club (14 gold)
  a ration (70 gold)
  a scroll of remove curse (42 gold)
(0, 0, D:4)
  a battleaxe
(6, 18, D:4)
  a +0 flail
  a +0 ring mail
  a +0 short sword
  a +0 ring mail
  a +0 short sword
  a +0 leather armour
(9, 19, D:4)
  a mace

