Arunloin

Level 1 of the Dungeon
(0, 0, D:1)
  a +0 club
(1, -18, D:1)
  a fizzy white potion
(5, -25, D:1)
  a glowing yellow potion
(10, -8, D:1)
  a whip
(17, 19, D:1)
  a leather armour
(20, 6, D:1)
  a ration
(22, -5, D:1)
  a dagger
(25, -23, D:1)
  a +0 club
(27, 3, D:1)
  a +0 club
(29, 16, D:1)
  a +0 club
  (unseen)
(34, -20, D:1)
  a robe
(43, 8, D:1)
  a +0 whip

Level 2 of the Dungeon
(0, 0, D:2)
  a rapier
(17, 3, D:2)
  24 stones
(53, -39, D:2)
  a +0 dagger
  (unseen)
(54, -38, D:2)
  2 arrows

Level 3 of the Dungeon
(3, -39, D:3)
  a +0 whip
(7, -39, D:3)
  a +0 club
(8, -18, D:3)
  a +0 robe
  a leather armour
(9, -32, D:3)
  a +0 club
(9, -21, D:3)
  a +0 whip
(10, -22, D:3)
  a +0 robe
  a +0 dagger
(16, -29, D:3)
  a scarf of spirit shield
(20, -35, D:3)
  a +0 club
(23, -17, D:3)
  a +0 club
(28, -21, D:3)
  a +0 dagger
(29, -29, D:3)
  a leather armour
(31, -25, D:3)
  a ration
(44, -21, D:3)
  a blue potion

Level 4 of the Dungeon
(0, 0, D:4)
  a +0 whip
(23, 51, D:4)
  a silvery potion
(28, 43, D:4)
  a short sword
(40, 13, D:4)
  a +0 leather armour
  a +0 flail
(42, 12, D:4)
  a cursed -1 quarterstaff
(42, 13, D:4)
  a +0 chain mail
(43, 13, D:4)
  a ration
(46, 38, D:4)
  a fuming golden potion
(47, 7, D:4)
  a +0 scale mail
(47, 13, D:4)
  a +0 robe
  a +0 dagger
(53, 11, D:4)
  a +0 shortbow
(54, 7, D:4)
  a ration
(62, 9, D:4)
  a silvery potion

Level 5 of the Dungeon
(0, 0, D:5)
  a leather armour
(5, -4, D:5)
  a black potion
(6, -20, D:5)
  a ration
(7, -23, D:5)
  a ration
(14, 2, D:5)
  a ring mail
(17, -18, D:5)
  a hunting sling
(19, -5, D:5)
  a +0 hand axe
(20, 5, D:5)
  a hunting sling
(23, -17, D:5)
  a +0 robe
  a +0 dagger
  an orc corpse (skeletalised by now)
(38, -10, D:5)
  a ration
(40, -19, D:5)
  a +0 leather armour
  a cursed -3 dagger
(42, -24, D:5)
  a +0 whip
  a +0 flail
(44, -9, D:5)
  a fizzy white potion

Level 6 of the Dungeon
(0, 0, D:6)
  17 gold pieces
(18, 20, D:6)
  a ring mail
(21, 19, D:6)
  a rapier
(21, 20, D:6)
  13 gold pieces
(23, -5, D:6)
  2 sling bullets
(24, -5, D:6)
  a sling bullet
(25, -5, D:6)
  a sling bullet
(26, -5, D:6)
  2 sling bullets
(30, -8, D:6)
  13 gold pieces

the Ecumenical Temple

