Caaq

Level 1 of the Dungeon
(0, 0, D:1)
  a +0 club
(13, -16, D:1)
  a +0 dagger
  a +0 short sword
(14, -28, D:1)
  a +0 dagger
(15, -15, D:1)
  a +0 short sword
(18, -17, D:1)
  a +0 short sword
(33, -28, D:1)
  a +0 robe
(34, -33, D:1)
  a +0 club
(35, -8, D:1)
  a robe
(36, -27, D:1)
  a whip
(38, -36, D:1)
  a +0 dagger

Level 2 of the Dungeon
(0, 0, D:2)
  a +0 club
(5, -2, D:2)
  a cursed -1 dagger
(10, -4, D:2)
  a +0 club
(16, -10, D:2)
  a cursed -1 club
(19, -8, D:2)
  a club
(27, -34, D:2)
  a cursed -1 club
(31, -28, D:2)
  a +0 falchion
(31, -20, D:2)
  a robe

Level 3 of the Dungeon
(0, 0, D:3)
  a +0 flail
(1, 4, D:3)
  a robe
(9, 24, D:3)
  a whip
(28, -5, D:3)
  a cursed +0 club
(31, 29, D:3)
  a +0 dagger
(38, 5, D:3)
  a +0 club
(43, 8, D:3)
  a rapier

Level 4 of the Dungeon
(0, 0, D:4)
  a +0 dagger
(11, -16, D:4)
  a +0 leather armour
(12, -17, D:4)
  a +0 quarterstaff
  a +0 flail
  a +0 ring mail
  a +0 dagger
  a cursed -2 robe
(21, -12, D:4)
  a ring mail
(33, -39, D:4)
  a quarterstaff
(34, -37, D:4)
  a +0 giant spiked club

