Cavvyno

Level 1 of the Dungeon
(0, 0, D:1)
  a leather armour
(0, 5, D:1)
  a +0 whip
(2, -19, D:1)
  a +0 club
(26, -4, D:1)
  a +0 club
(29, -28, D:1)
  a leather armour
(36, -23, D:1)
  a +0 club
(37, -9, D:1)
  a cursed -3 short sword

Level 2 of the Dungeon
(0, 0, D:2)
  a +0 war axe
  a +0 dagger
(1, 0, D:2)
  a +0 club
(4, 21, D:2)
  4 large rocks
(6, 7, D:2)
  a robe
(6, 23, D:2)
  a club
(7, 21, D:2)
  a +0 dagger
(8, 1, D:2)
  a leather armour
(12, 13, D:2)
  a dagger
(12, 32, D:2)
  a +0 dagger
(12, 34, D:2)
  a leather armour
(23, 11, D:2)
  a +0 whip
(27, 11, D:2)
  a +0 club

Level 3 of the Dungeon
(0, 0, D:3)
  a +0 animal skin
(5, 8, D:3)
  a flail
(10, 9, D:3)
  a scroll of enchant armour
(11, 7, D:3)
  a ration
(12, 7, D:3)
  9 gold pieces
(17, 22, D:3)
  a cursed -2 club
(20, -8, D:3)
  a +0 scale mail
(20, -7, D:3)
  a +0 robe
(20, 25, D:3)
  a +0 short sword
(21, 26, D:3)
  a +0 dagger
(22, 24, D:3)
  a +0 club
(46, 26, D:3)
  a +0 animal skin
(55, 14, D:3)
  a +0 dagger

Level 4 of the Dungeon
(0, 0, D:4)
  a leather armour
(5, -9, D:4)
  a cursed +0 ring mail
  a +0 short sword
(6, -30, D:4)
  a +0 animal skin
(8, -9, D:4)
  a +0 robe
(14, -19, D:4)
  a +0 chain mail
  a +0 hand axe
(16, -5, D:4)
  a +0 animal skin
(21, -34, D:4)
  a dagger
(36, -26, D:4)
  a chain mail

Level 5 of the Dungeon
(8, 0, D:5)
  a +0 dagger
(21, -13, D:5)
  a scale mail
(38, 17, D:5)
  a flail
(43, 26, D:5)
  a +0 giant club
(46, -11, D:5)
  a cursed -2 leather armour
  a +0 club
(46, -10, D:5)
  a +0 scale mail
  a +0 short sword
  a cursed -1 robe
  a +0 dagger
  a +0 flail
(49, -7, D:5)
  a +0 chain mail
  a +0 morningstar
(50, 30, D:5)
  a +0 short sword
(51, -6, D:5)
  a +0 robe
  a +0 dagger
(54, 15, D:5)
  a leather armour

Level 6 of the Dungeon
(0, 0, D:6)
  a +0 whip
(1, -9, D:6)
  a +0 spear
(21, 2, D:6)
  a +0 leather armour
(30, 8, D:6)
  a battleaxe
(33, 37, D:6)
  a +0 shortbow
(42, 16, D:6)
  a +0 spear
(46, 12, D:6)
  a +0 falchion

Level 7 of the Dungeon
(0, 0, D:7)
  a helmet
(8, -24, D:7)
  a leather armour
(22, -21, D:7)
  a scale mail
(23, 5, D:7)
  a scroll of random uselessness
(24, -24, D:7)
  a +0 short sword
(25, -15, D:7)
  a +0 robe
  a +0 dagger
(25, -1, D:7)
  a cursed -2 dagger
(27, -14, D:7)
  a ring mail
(29, -11, D:7)
  a +0 robe

Level 8 of the Dungeon
(0, 0, D:8)
  a robe
(2, 1, D:8)
  a scale mail
(20, 0, D:8)
  a war axe
(20, 3, D:8)
  25 stones
(29, 18, D:8)
  a +0 flail
(30, 13, D:8)
  a +0 falchion
  a +0 leather armour
(30, 17, D:8)
  a +0 ring mail
  a +0 club
  a +0 ring mail
(43, 18, D:8)
  a potion of degeneration
(46, -5, D:8)
  a +0 giant club
(47, -14, D:8)
  a +0 spear
(61, -14, D:8)
  a +0 dagger
  a +0 robe
  a +0 whip
  a +0 shortbow
(62, -14, D:8)
  a +0 long sword
  a +0 falchion
(62, -13, D:8)
  a +0 short sword
  a +0 giant spiked club
(62, -12, D:8)
  a +0 robe
  a +0 dagger

Level 9 of the Dungeon
(9, 45, D:9)
  a +0 shortbow
(10, 42, D:9)
  a short sword
(11, 9, D:9)
  a +0 robe
(11, 10, D:9)
  a +0 dagger
  a +0 robe
  an orc skeleton
(11, 12, D:9)
  a +0 dagger
  a +0 robe
  an orc skeleton
(12, 10, D:9)
  a +0 dagger
(12, 18, D:9)
  a +0 robe
(13, 11, D:9)
  a +0 dagger of speed
(14, 14, D:9)
  a +0 dagger
  a +0 robe
  an orc skeleton
(17, 33, D:9)
  a ring mail
(18, 6, D:9)
  a +0 scale mail
(19, 31, D:9)
  a +0 shortbow
(22, 24, D:9)
  a leather armour
(25, 9, D:9)
  a +0 leather armour
  a +0 hand axe
  a +0 whip
(26, 13, D:9)
  a +0 leather armour
  a +0 flail
  a +0 whip
  a +0 robe
  a +0 dagger
(32, 1, D:9)
  a war axe
(32, 6, D:9)
  a leather armour
(33, 7, D:9)
  a +0 scale mail
  a +0 chain mail
  a +0 robe

the Ecumenical Temple

