Ciaq

Level 1 of the Dungeon
(0, 0, D:1)
  a +0 dagger
(2, -6, D:1)
  a robe
(12, -3, D:1)
  a +0 club
(31, -33, D:1)
  a dagger
  a whip
(39, -14, D:1)
  a robe
  a potion of curing
(40, -32, D:1)
  a club

Level 2 of the Dungeon
(0, 0, D:2)
  a +0 club
(9, 14, D:2)
  a +0 dagger
(9, 16, D:2)
  a sedimented inky potion
(10, -8, D:2)
  a +0 dagger
(16, 13, D:2)
  a +0 club
(20, -16, D:2)
  a +0 club
(22, -1, D:2)
  a +0 club
(23, 11, D:2)
  2 fuming dark potions
(25, 5, D:2)
  a hunting sling
(25, 17, D:2)
  4 large rocks
(28, -13, D:2)
  a fuming dark potion
  a cursed -4 ring of intelligence
  a +0 club
(37, -13, D:2)
  a +0 dagger
(38, -13, D:2)
  a +0 club
(39, -13, D:2)
  a +0 dagger
(41, 0, D:2)
  a +0 hunting sling
(41, 2, D:2)
  a +0 club
(42, 0, D:2)
  a +0 hat
  a +0 animal skin
(43, -10, D:2)
  a +0 dagger
  a +0 club
(43, -1, D:2)
  a +0 dagger
  a +0 club
(48, -5, D:2)
  a +0 club
(55, 3, D:2)
  a mace

Level 3 of the Dungeon
(0, 0, D:3)
  a dagger
(0, 4, D:3)
  a +0 spear
(4, 29, D:3)
  a +0 club
  a +0 ring mail
(5, 4, D:3)
  a +0 spear
(9, 26, D:3)
  a potion of curing
(9, 34, D:3)
  a +0 short sword
(10, 16, D:3)
  a +0 dagger
(10, 35, D:3)
  a +0 club
(12, 29, D:3)
  a +0 leather armour
(13, 8, D:3)
  a +0 short sword
(21, 27, D:3)
  a ration
(32, -4, D:3)
  a +0 short sword
  a +0 hand axe
  a +0 hand axe
(33, -3, D:3)
  a +0 flail
(33, 17, D:3)
  a +0 mace
(35, 2, D:3)
  a helmet
(36, -4, D:3)
  a +0 war axe
(36, 5, D:3)
  a robe
(41, 1, D:3)
  a ration

Level 4 of the Dungeon
(0, 0, D:4)
  a +0 spear
(3, 3, D:4)
  a +0 leather armour
  a +0 dagger
(6, -1, D:4)
  a cursed -1 dagger
(6, 3, D:4)
  a +0 whip
(6, 7, D:4)
  a +0 flail
(11, 4, D:4)
  a +0 mace
(13, 4, D:4)
  a +0 leather armour
  a +0 hand axe
(14, 2, D:4)
  a cursed +0 robe
  a +0 dagger
(14, 3, D:4)
  a +0 scale mail
  a +0 whip
(25, -11, D:4)
  a short sword
(26, -21, D:4)
  a leather armour
(30, 19, D:4)
  a ration
(40, -18, D:4)
  an amulet of faith
(44, 2, D:4)
  a pair of runed gloves

Level 5 of the Dungeon
(0, 0, D:5)
  a +0 robe
  a +0 dagger
(12, -17, D:5)
  a +0 whip
(15, -21, D:5)
  a +0 spear
  a +0 leather armour
  a fuming blue potion
(16, -21, D:5)
  a cursed -3 club
(16, 11, D:5)
  a short sword
(17, -34, D:5)
  a murky white potion
(18, -9, D:5)
  a +0 spear
(19, -39, D:5)
  a +0 short sword
  a +0 ring mail
(19, -36, D:5)
  a +0 club
(24, -9, D:5)
  a +0 club
(27, -36, D:5)
  a +0 robe
(27, 5, D:5)
  a leather armour
(34, 0, D:5)
  an adder corpse
(35, 0, D:5)
  a +0 leather armour
  a +0 dagger
  an orc corpse
(40, -20, D:5)
  a +0 dagger
  a +0 plate armour
(41, -20, D:5)
  a +0 leather armour
  a +0 dagger
(46, 11, D:5)
  a spear
(51, -35, D:5)
  a ration
(53, -37, D:5)
  a ration

