Curuzumu

Level 1 of the Dungeon
(11, -31, D:1)
  a +0 dagger
(15, -10, D:1)
  a mace
(20, -5, D:1)
  a cursed -1 short sword
(36, -28, D:1)
  a club
(36, -9, D:1)
  a cursed -3 whip
(48, -28, D:1)
  a +0 short sword
  a +0 ring mail

Level 2 of the Dungeon
(0, 0, D:2)
  a potion of mutation
(3, -18, D:2)
  a plate armour
(5, -21, D:2)
  a +0 leather armour
(6, -7, D:2)
  a whip
(10, -26, D:2)
  a dagger
(25, 7, D:2)
  a short sword
(27, 3, D:2)
  a +0 dagger
(36, 11, D:2)
  a +0 club

Level 3 of the Dungeon
(0, 0, D:3)
  a +0 club
(9, -23, D:3)
  a +0 dagger
(27, 2, D:3)
  a war axe
(28, 2, D:3)
  a +0 dagger
(29, 2, D:3)
  a cursed -1 dagger
(30, -4, D:3)
  a +0 club
(31, -4, D:3)
  a +0 falchion
  a +0 short sword
(32, -1, D:3)
  a +0 club
(34, -1, D:3)
  a longbow
(35, -20, D:3)
  a +0 club
(35, 3, D:3)
  a +0 club
(37, -14, D:3)
  a whip
(44, -8, D:3)
  a mace
(48, -33, D:3)
  a +0 club
(49, 3, D:3)
  a +0 ring mail
  a +0 spear
(49, 8, D:3)
  a +0 spear
  a +0 mace
(55, -18, D:3)
  a +0 spear

Level 4 of the Dungeon
[Shop] Zeax's General Store
  23 arrows (64 gold)
  16 stones (22 gold)
  a +0 robe (9 gold)
  23 stones (32 gold)
  18 stones (25 gold)
  a cursed -2 pair of gloves (1 gold)
  11 stones (15 gold)
  a lamp of fire (560 gold)
  12 arrows (33 gold)
(0, 0, D:4)
  a +0 ring mail
(0, 2, D:4)
  a +0 giant spiked club
(11, -6, D:4)
  a great mace
(19, 23, D:4)
  a +0 whip
(20, 23, D:4)
  a +0 short sword
(23, 23, D:4)
  a +0 ring mail
  a +0 whip
  a +0 ring mail
(24, -1, D:4)
  a +0 robe
  a +0 dagger of venom
(41, -6, D:4)
  a +0 giant club
(48, 11, D:4)
  a +0 hand axe
(51, 25, D:4)
  a club
(57, 29, D:4)
  a +0 leather armour
  a +0 dagger
(59, 26, D:4)
  a +0 giant club

Level 5 of the Dungeon
(0, 0, D:5)
  a +0 giant club
(2, -7, D:5)
  a giant spiked club
(9, -19, D:5)
  a long sword
(10, -22, D:5)
  a flail
(16, -1, D:5)
  a potion of degeneration
(22, -13, D:5)
  a spear
(33, -21, D:5)
  a green potion
(35, -21, D:5)
  a ration
(38, -8, D:5)
  a +0 robe
  a +0 dagger
(38, -3, D:5)
  a +0 shortbow
(39, -8, D:5)
  a +0 short sword
  a +0 leather armour
(41, -7, D:5)
  a +0 leather armour
(42, -8, D:5)
  a +0 hand axe
(43, -11, D:5)
  a short sword
(49, -32, D:5)
  a war axe

the Ecumenical Temple

