Dithom

Level 1 of the Dungeon
(0, 0, D:1)
  a cursed +0 scale mail
(13, 0, D:1)
  a cursed +0 chain mail
(17, -13, D:1)
  a +0 short sword
(29, -49, D:1)
  a dagger
(52, -23, D:1)
  a whip

Level 2 of the Dungeon
(14, -18, D:2)
  a +0 robe
(31, -21, D:2)
  a dagger
(35, -14, D:2)
  a cursed +0 club
(36, -15, D:2)
  a +0 whip
(36, -3, D:2)
  a +0 scale mail
(39, 3, D:2)
  a +0 dagger
(43, -28, D:2)
  a ring mail
(46, -19, D:2)
  a short sword

Level 3 of the Dungeon
(0, 0, D:3)
  a scale mail
(2, -18, D:3)
  a cursed -3 hand axe
(17, -15, D:3)
  a cursed +0 dagger
(23, -3, D:3)
  a +0 club
(25, -3, D:3)
  a +0 spear
(26, -2, D:3)
  a +0 whip
  a +0 robe
  a +0 club
  a spear
(26, 5, D:3)
  a +0 short sword
(29, 0, D:3)
  a +0 spear
(37, -21, D:3)
  a +0 club

Level 4 of the Dungeon
(0, 3, D:4)
  a leather armour
(26, 5, D:4)
  an uncursed ring of attention
(28, 5, D:4)
  a +0 hand axe
(28, 8, D:4)
  a +0 robe
  a cursed -3 dagger
(29, 50, D:4)
  a leather armour
(30, 9, D:4)
  a +0 robe
  a +0 dagger
(55, 14, D:4)
  a hand axe
(69, 2, D:4)
  a short sword

Level 5 of the Dungeon
(0, 0, D:5)
  a robe
(5, -18, D:5)
  a whip
(7, -16, D:5)
  a ring mail
(19, 13, D:5)
  a chain mail
(20, 5, D:5)
  a ring mail
(28, -4, D:5)
  a +0 dagger
(40, -9, D:5)
  a spear
(41, -7, D:5)
  a scale mail
(48, 8, D:5)
  a chain mail
(51, 8, D:5)
  a hunting sling

