Domown

Level 1 of the Dungeon
(0, 0, D:1)
  a ration
(5, 15, D:1)
  a dagger
(8, 21, D:1)
  a +0 club
(17, 29, D:1)
  a +0 club
(24, 28, D:1)
  a +0 robe
(25, 25, D:1)
  a +0 club
(26, 35, D:1)
  a +0 dagger
(38, 26, D:1)
  a dagger
(39, 32, D:1)
  a +0 club
  a +0 robe
(39, 44, D:1)
  a +0 club
(45, 11, D:1)
  a club
(49, 19, D:1)
  a mace
(49, 23, D:1)
  a bubbling brown potion

Level 2 of the Dungeon
(0, 0, D:2)
  a yellow potion
(2, -11, D:2)
  a falchion
(5, -15, D:2)
  an inky potion
(6, 8, D:2)
  a ration
(8, 6, D:2)
  a robe
(12, 16, D:2)
  a lumpy blue potion
(13, 6, D:2)
  a leather armour
(13, 13, D:2)
  a ration
(26, 7, D:2)
  a +0 club
(31, 14, D:2)
  a viscous black potion
(34, 6, D:2)
  a bubbling brown potion
(37, 23, D:2)
  a +0 club
  a +0 flail
(56, 15, D:2)
  a ruby potion

Level 3 of the Dungeon
(0, 0, D:3)
  a ring mail
(2, -11, D:3)
  a leather armour
(3, -15, D:3)
  a viscous black potion
  a +0 whip
(5, -12, D:3)
  a cyan potion
(10, -3, D:3)
  a hunting sling
(25, -3, D:3)
  a robe
(26, 16, D:3)
  a dagger
(37, -16, D:3)
  a short sword
(39, -19, D:3)
  a ration
(40, 14, D:3)
  a book of Minor Magic
(42, -7, D:3)
  a ration
(47, 25, D:3)
  a dark potion
(54, 5, D:3)
  a robe

Level 4 of the Dungeon
(0, 0, D:4)
  a trident
(6, -34, D:4)
  a +0 leather armour
  a +0 club
(8, 6, D:4)
  a +0 robe
  a +0 dagger
  a +0 chain mail
  a +0 hand axe
(9, 6, D:4)
  a +0 hand axe of chopping
  a +0 scale mail
(11, 6, D:4)
  a +0 club
(13, -18, D:4)
  a ration
(14, -7, D:4)
  a ration
(14, 8, D:4)
  a +0 hand axe
(15, -33, D:4)
  a whip
(29, -29, D:4)
  a robe
(30, 0, D:4)
  a robe

Level 5 of the Dungeon
[Shop] Pulah's Distillery
  a potion of mutation (unknown) (88 gold)
  a potion of mutation (unknown) (88 gold)
  a potion of cancellation (unknown) (88 gold)
  a potion of heal wounds (unknown) (55 gold)
  a potion of agility (44 gold)
  2 potions of agility (88 gold)
  a potion of brilliance (unknown) (44 gold)
  a potion of curing (unknown) (33 gold)
  a potion of degeneration (unknown) (11 gold)
  a potion of might (unknown) (44 gold)
  a potion of ambrosia (unknown) (88 gold)
  a potion of brilliance (unknown) (44 gold)
  a potion of heal wounds (unknown) (55 gold)
(0, 0, D:5)
  a purple potion
(7, -7, D:5)
  a ration
(11, 11, D:5)
  a quarterstaff
(18, 18, D:5)
  a lumpy white potion
(19, -26, D:5)
  a ration
(19, 0, D:5)
  a bubbling brown potion
(23, 20, D:5)
  a +0 dagger
  a +0 robe
(24, 22, D:5)
  a +0 dagger
  a +0 robe
(30, 0, D:5)
  a fizzy golden potion
(35, -22, D:5)
  a lumpy white potion
(39, 20, D:5)
  a +0 whip
(40, 18, D:5)
  a +0 ring mail
  a +0 club
(40, 24, D:5)
  a chain mail
(49, -8, D:5)
  a cyan potion
(49, 9, D:5)
  an uncursed ring of positive energy

Level 6 of the Dungeon
(0, 0, D:6)
  a robe
(6, -3, D:6)
  a ration
(6, 1, D:6)
  a bubbling brown potion
(20, -2, D:6)
  a scale mail
(21, -6, D:6)
  a whip
(26, 1, D:6)
  a trident
(26, 12, D:6)
  a short sword
(29, 23, D:6)
  a dagger of holy wrath
(31, 6, D:6)
  a ration
(33, -5, D:6)
  a cyan potion
(33, -2, D:6)
  a long sword
(33, 10, D:6)
  a hunting sling
(35, 9, D:6)
  a flail
(37, 9, D:6)
  a scythe
(49, 1, D:6)
  2 fizzy golden potions
(50, -3, D:6)
  a cursed +0 robe
  a +0 dagger
(50, 2, D:6)
  a +0 chain mail
  a +0 battleaxe
(50, 30, D:6)
  a +0 plate armour
(51, -2, D:6)
  a +0 robe
  a +0 dagger

Level 7 of the Dungeon
(0, 0, D:7)
  a +0 giant spiked club
(1, -15, D:7)
  a chain mail
(4, -8, D:7)
  a dagger
(10, -40, D:7)
  a viscous white potion
(11, -32, D:7)
  a mace
(12, -48, D:7)
  a +0 robe of positive energy
(18, -33, D:7)
  a ration
(23, -58, D:7)
  a +0 dagger
  (unseen)
(24, -24, D:7)
  a ration
(24, -12, D:7)
  a ruby potion
(25, -27, D:7)
  a +0 hand axe
(26, -52, D:7)
  a +0 leather armour
  a +0 mace
(26, -51, D:7)
  a +0 leather armour
  a +0 war axe
(28, -57, D:7)
  3 chunks of flesh
(32, -9, D:7)
  a +0 leather armour
  a cursed -2 falchion
(34, -10, D:7)
  a +0 chain mail
(36, -12, D:7)
  a +0 robe
  a +0 dagger
(37, -8, D:7)
  a +0 leather armour
  a +0 hand axe
(38, -31, D:7)
  a cursed +0 leather armour
(45, -35, D:7)
  a +0 war axe
(49, -14, D:7)
  a +0 short sword
  a +0 leather armour
(51, -13, D:7)
  a +0 robe
  a +0 dagger

the Ecumenical Temple

