Dompoizi

Level 1 of the Dungeon
(0, 0, D:1)
  a +0 dagger
(2, 21, D:1)
  a dagger
(29, -8, D:1)
  a cursed -1 short sword
(29, 4, D:1)
  a +0 club

Level 2 of the Dungeon
(0, 0, D:2)
  a bat corpse
(4, 5, D:2)
  a glowing amethyst potion
(7, 5, D:2)
  a ration
(27, -6, D:2)
  a +0 club
(27, -4, D:2)
  a spear
(27, 1, D:2)
  a cursed -3 spear
(30, 2, D:2)
  a +0 club
(32, -31, D:2)
  a +0 dagger
(45, -26, D:2)
  a +0 club
  a +0 robe
(47, 13, D:2)
  a +0 club
(57, -30, D:2)
  a +0 club
(64, -5, D:2)
  a dagger

