Doxu

Level 1 of the Dungeon
(0, 0, D:1)
  a robe
(17, 9, D:1)
  a +0 dagger
(24, 6, D:1)
  a +0 club
(31, -14, D:1)
  a +0 club
(31, -5, D:1)
  a chain mail

Level 2 of the Dungeon
(0, 0, D:2)
  a +0 robe of positive energy
(10, -10, D:2)
  a robe
(14, -12, D:2)
  a ring mail
(15, 10, D:2)
  a ring mail
(20, -10, D:2)
  a robe
(22, -13, D:2)
  a leather armour
(24, -6, D:2)
  a +0 club
(24, -5, D:2)
  a +0 club
(29, 11, D:2)
  a pair of embroidered boots
(29, 12, D:2)
  a +0 club
(36, 9, D:2)
  a short sword

Level 3 of the Dungeon
(0, 0, D:3)
  a leather armour
(14, -16, D:3)
  a robe
(15, 20, D:3)
  a +0 club
(19, 11, D:3)
  a robe
(26, -18, D:3)
  a +0 dagger
(29, 22, D:3)
  a scale mail
(32, 0, D:3)
  a mace
  a +0 club
(37, -5, D:3)
  a +0 robe
  a cursed +0 dagger
(37, -3, D:3)
  a +0 ring mail
(39, -10, D:3)
  a dagger
(54, -7, D:3)
  a +0 dagger

Level 4 of the Dungeon
[Shop] Vopaihynk's Antique Armour Boutique
  a helmet (112 gold)
  a ring mail (100 gold)
  a robe (17 gold)
  a chain mail (112 gold)
  a ring mail (100 gold)
  a leather armour (50 gold)
  a chain mail (112 gold)
(0, 0, D:4)
  a +0 leather armour
  a +0 leather armour
  a +0 leather armour
  a +0 club
(1, 0, D:4)
  a +0 leather armour
  a +0 mace
(4, 2, D:4)
  a +0 giant spiked club
(20, -15, D:4)
  a cloak
(22, 9, D:4)
  a whip
(30, -1, D:4)
  a dagger
(40, 4, D:4)
  a +0 short sword
  a +0 mace
  a hand axe
(44, 20, D:4)
  a pair of boots

Level 5 of the Dungeon
(11, -5, D:5)
  a +0 ring mail
  a +0 short sword
(13, -8, D:5)
  a robe
(16, -11, D:5)
  a +0 ring mail
(23, -4, D:5)
  a +0 leather armour
(28, 14, D:5)
  a robe
(33, 17, D:5)
  a dagger
(34, 6, D:5)
  a +0 giant club
(37, 14, D:5)
  a leather armour

Level 6 of the Dungeon
(0, 0, D:6)
  a +0 shortbow
(9, -48, D:6)
  a +0 falchion
(10, -48, D:6)
  a +0 hand axe
(26, -28, D:6)
  a +0 giant spiked club
(32, -1, D:6)
  a war axe
(34, -48, D:6)
  a ring mail
(36, -11, D:6)
  a +0 club
(42, -49, D:6)
  a robe
(42, -19, D:6)
  a +0 scale mail
  a +0 hand axe
(62, -19, D:6)
  a spear
(67, -12, D:6)
  a +0 ring mail
  a +0 whip

Level 7 of the Dungeon
(0, 0, D:7)
  a +0 plate armour
  a +0 short sword
(13, -23, D:7)
  a leather armour
(28, 0, D:7)
  a rapier
(29, -21, D:7)
  a +0 ring mail
(30, -17, D:7)
  a +0 giant spiked club
(36, -28, D:7)
  a +0 robe
  (unseen)

Level 8 of the Dungeon
(0, 0, D:8)
  a +0 giant spiked club
(1, 31, D:8)
  a +0 cloak
  a +0 dagger
(5, 35, D:8)
  a +0 short sword
(6, 26, D:8)
  a +0 chain mail
  a +0 club
(6, 29, D:8)
  a +0 ring mail
  a +0 whip
(6, 30, D:8)
  a +0 leather armour
  a +0 war axe
(13, 29, D:8)
  a +0 hand axe
(13, 31, D:8)
  a +0 giant club
  a +0 giant club
(13, 33, D:8)
  a cursed +0 robe
  a +0 dagger
(15, 33, D:8)
  a cursed -3 war axe
(18, 0, D:8)
  a scale mail
(18, 32, D:8)
  a +0 short sword
(19, 33, D:8)
  a +0 shortbow
(27, 4, D:8)
  a +0 giant club
(27, 25, D:8)
  a +0 leather armour
  a +0 dagger
(30, 25, D:8)
  a +0 quarterstaff
  a +0 trident
  a +0 flail
  a +2 scythe of venom
  a +0 long sword
(35, 42, D:8)
  a war axe
(46, 21, D:8)
  a quarterstaff

Level 9 of the Dungeon
(0, 0, D:9)
  a falchion
(3, -22, D:9)
  a +0 giant club
  a +0 giant spiked club
(7, 3, D:9)
  a +0 dagger
(10, 3, D:9)
  a +0 flail
(12, -2, D:9)
  a +0 spear
(13, 5, D:9)
  a +0 hand axe
(14, 5, D:9)
  a +0 robe
  a +0 dagger
(14, 6, D:9)
  a +0 flail
(17, -24, D:9)
  a pair of gloves
(18, -4, D:9)
  a +0 war axe
(19, 13, D:9)
  a +0 dagger
(20, 7, D:9)
  a +0 robe
  a cursed +0 short sword
  a +0 robe
  a +4 plate armour of cold resistance
  a +0 leather armour
(23, -9, D:9)
  a +0 giant spiked club
(29, -15, D:9)
  a +0 robe
(30, 13, D:9)
  a +0 shortbow
(32, -23, D:9)
  3 large rocks
(32, -4, D:9)
  a crude helmet
(32, 4, D:9)
  a +0 blowgun
  a +0 scale mail
(33, -14, D:9)
  a robe
(33, -12, D:9)
  a robe
(33, 8, D:9)
  a +0 giant club
(34, -27, D:9)
  a cursed -2 halberd
(34, -4, D:9)
  a robe
(35, -13, D:9)
  a +0 shortbow
(35, 0, D:9)
  a hand axe
(37, -30, D:9)
  a +0 halberd
(38, -30, D:9)
  a +0 flail
(38, -12, D:9)
  a +0 plate armour
(39, -17, D:9)
  a +0 robe
(41, -14, D:9)
  a +0 shortbow
(42, -13, D:9)
  a scale mail
(42, -2, D:9)
  a +0 leather armour
(44, 9, D:9)
  a +0 dagger
  a +0 club
(47, 8, D:9)
  a +0 shortbow
(54, -19, D:9)
  a +0 whip
(54, -17, D:9)
  a +0 shortbow

Level 10 of the Dungeon
(6, -18, D:10)
  a +0 dagger
(7, -24, D:10)
  a +0 short sword
(7, -18, D:10)
  a +0 short sword
(9, -20, D:10)
  a +0 leather armour
(11, 10, D:10)
  a mace
(24, -39, D:10)
  6 large rocks
(27, -46, D:10)
  a short sword
(29, -25, D:10)
  a +0 morningstar
(33, -13, D:10)
  a short sword
(36, -44, D:10)
  a chain mail
(38, -27, D:10)
  a chain mail
(50, -26, D:10)
  a quarterstaff
(57, 10, D:10)
  a robe
(60, -16, D:10)
  a cloak
(64, -31, D:10)
  a +0 giant club
(67, -48, D:10)
  a trident

Level 11 of the Dungeon
(2, -8, D:11)
  a +0 mace
(23, -37, D:11)
  a runed long sword
(23, -36, D:11)
  the cursed +1 mace "Nerije" {venom, *Drain +Inv Stlth+}
    It poisons the flesh of those it strikes.
    
    It lets you turn invisible.
    It causes draining when unequipped.
    It makes you more stealthy.
    It has a curse placed upon it.
  a +1 whip of freezing
  a +1 whip of draining
  a +2 short sword
  6 tomahawks
  136 bolts
(24, -37, D:11)
  a glowing glaive
(24, -36, D:11)
  231 arrows
  a +0 shortbow
  a +3 halberd
  a +2 halberd of venom
  a +1 battleaxe of freezing
(25, -37, D:11)
  a dented bronze amulet
  a dented silver amulet
  a dented copper amulet
(25, -36, D:11)
  2 potions of mutation
  2 potions of lignification
  a potion of ambrosia
  a scroll of enchant armour
  a wand of disintegration (1)
  6 scrolls of amnesia
  a wand of polymorph (2)
  an uncursed staff of summoning
  10 scrolls of remove curse
(27, -36, D:11)
  a glaive
(30, -37, D:11)
  a book of Callings
(52, -28, D:11)
  a +0 robe

Level 12 of the Dungeon
(0, 0, D:12)
  a scale mail
(7, -5, D:12)
  a rapier
(12, -34, D:12)
  a +0 giant club
  a +0 giant spiked club
(20, 1, D:12)
  a +0 giant spiked club
  a +0 giant club
(27, -37, D:12)
  the +4 moon troll leather armour {Spirit, Regen++ MP+5}
    It affects your magic capacity (+5).
    It increases your rate of regeneration.
(27, 0, D:12)
  a +0 robe
  a +0 war axe
(29, -15, D:12)
  a +0 giant club
(33, 2, D:12)
  6 large rocks
(33, 6, D:12)
  a helmet
(34, -36, D:12)
  a cursed +0 ring mail
  a +0 club
(34, -26, D:12)
  a scale mail
(35, -37, D:12)
  a +0 robe
  a +0 dagger
(44, -3, D:12)
  a +2 scimitar
(45, -8, D:12)
  a +0 chain mail
  a +0 club
(45, 1, D:12)
  a +0 flail
(45, 14, D:12)
  a helmet
(46, -9, D:12)
  a +0 chain mail
  a +0 scimitar
(46, -8, D:12)
  a +0 club
(46, 0, D:12)
  a +0 dagger
(46, 1, D:12)
  a +0 ring mail
  a +0 short sword
(46, 3, D:12)
  a +0 chain mail
(47, -9, D:12)
  a +0 mace
(47, -8, D:12)
  a +0 plate armour
  a cursed -3 halberd
(47, -7, D:12)
  a +0 plate armour
  a +0 trident
(47, -6, D:12)
  a +0 chain mail
  a +0 club
(47, 0, D:12)
  a +0 morningstar
(47, 1, D:12)
  a +0 ring mail
  a +0 club
(47, 2, D:12)
  a +0 chain mail
  a +0 trident
(48, -7, D:12)
  a +0 club
(48, 1, D:12)
  a +0 leather armour
  a +0 whip
  a +0 leather armour
(48, 16, D:12)
  a +0 plate armour
  a cursed +0 glaive
(49, -6, D:12)
  a +0 dagger
(51, -1, D:12)
  a +0 plate armour
  a +0 dire flail
(54, 1, D:12)
  a +0 chain mail
  a +0 hand axe

Level 13 of the Dungeon
(0, 0, D:13)
  a scroll of magic mapping
(4, 2, D:13)
  23 stones
(12, -4, D:13)
  20 sling bullets
(17, -11, D:13)
  15 gold pieces
(25, -1, D:13)
  10 gold pieces
(26, -6, D:13)
  9 gold pieces
(28, 1, D:13)
  3 javelins {!f}
  (unseen)
(29, 1, D:13)
  2 javelins {!f}
(29, 2, D:13)
  a javelin {!f}
(31, 4, D:13)
  2 javelins {!f}

the Ecumenical Temple

Level 1 of the Orcish Mines
(0, 0, Orc:1)
  a +0 robe
  a +0 dagger
(2, -1, Orc:1)
  a +0 flail
(3, -2, Orc:1)
  a +0 robe
  a +0 dagger
(3, 0, Orc:1)
  a +0 leather armour
  a +0 short sword
(5, -1, Orc:1)
  a +0 giant club
(6, -2, Orc:1)
  a +0 leather armour
  a +0 whip
  a +0 chain mail
  a +0 halberd
(7, -1, Orc:1)
  a +0 giant club
(10, 1, Orc:1)
  a +0 plate armour
  (unseen)
(14, 1, Orc:1)
  a +0 robe
  (unseen)
(15, -2, Orc:1)
  a stone
(15, 3, Orc:1)
  a +0 robe
  (unseen)
(15, 6, Orc:1)
  a stone
(16, 10, Orc:1)
  25 gold pieces
(18, 10, Orc:1)
  22 gold pieces
(23, 3, Orc:1)
  a tomahawk
(25, 3, Orc:1)
  a tomahawk
(29, -4, Orc:1)
  33 gold pieces

Level 2 of the Orcish Mines
[Shop] Vevvapru's Distillery
  (Shop contents are unknown)
[Shop] Wuuczyto's Book Shop
  (Shop contents are unknown)
[Shop] Siefeucu's Magic Scroll Shoppe
  (Shop contents are unknown)
[Shop] Uteiph's Gadget Boutique
  (Shop contents are unknown)
(0, 0, Orc:2)
  32 gold pieces
(4, -1, Orc:2)
  a +0 chain mail
(6, -5, Orc:2)
  26 gold pieces
(47, 11, Orc:2)
  a large rock
(51, 31, Orc:2)
  23 gold pieces
(59, 23, Orc:2)
  18 gold pieces
(63, 17, Orc:2)
  31 gold pieces

Level 1 of the Lair of Beasts
(2, -27, Lair:1)
  a bullfrog skeleton
(5, -10, Lair:1)
  a +3 buckler of protection
(8, -5, Lair:1)
  a chain mail
(10, -12, Lair:1)
  a scale mail
(25, -22, Lair:1)
  a spiny frog corpse
(26, 13, Lair:1)
  a shortbow
(27, -18, Lair:1)
  a ring mail
(45, 13, Lair:1)
  a great sword
(46, -1, Lair:1)
  a scale mail

