Duijuhi

Level 1 of the Dungeon
(2, -39, D:1)
  a +0 club
(25, -26, D:1)
  a +0 club
(31, -41, D:1)
  a dagger
(35, -42, D:1)
  a +0 dagger
(39, -10, D:1)
  a +0 club
(45, 1, D:1)
  a +0 club
(52, -53, D:1)
  a robe
(64, -45, D:1)
  a +0 dagger

Level 2 of the Dungeon
(0, 0, D:2)
  a +0 club
(2, -27, D:2)
  a +0 short sword
(14, -24, D:2)
  a cursed -1 dagger
(15, -25, D:2)
  a +0 club
(20, -3, D:2)
  a mace
(20, -2, D:2)
  a mace
(21, -5, D:2)
  a mace
(22, -5, D:2)
  a mace
(27, -20, D:2)
  a +0 dagger
(38, -16, D:2)
  a mace

Level 3 of the Dungeon
(0, 0, D:3)
  a +0 club
(1, -6, D:3)
  a +0 dagger
(16, -1, D:3)
  a +0 club
(30, -20, D:3)
  a flail
(41, -12, D:3)
  a cursed +0 club
(43, -10, D:3)
  a +0 halberd
(50, 18, D:3)
  a ring mail
(52, 9, D:3)
  a leather armour
(53, -5, D:3)
  a +0 flail

Level 4 of the Dungeon
(14, 2, D:4)
  a +0 giant club
(27, -14, D:4)
  a +0 giant club

Level 5 of the Dungeon
(0, 0, D:5)
  a +0 animal skin
  a +0 animal skin
(8, 23, D:5)
  an orc skeleton
(8, 25, D:5)
  a +0 dagger
  a +0 robe
  an orc skeleton
(9, 26, D:5)
  a +0 dagger
  a +0 dagger
  an orc skeleton
(15, 15, D:5)
  an iguana skeleton
(21, 14, D:5)
  a +0 robe (still there?)
  a +0 robe (still there?)
  a +0 whip of flaming (still there?)
  the big kobold corpse of Pikel (still there?)
(27, 17, D:5)
  a halberd
(46, 9, D:5)
  a short sword
(47, 7, D:5)
  a plate armour

the Ecumenical Temple

