Esoar

Level 1 of the Dungeon
(0, 0, D:1)
  a +0 dagger
(0, 5, D:1)
  a dagger
(3, -10, D:1)
  a cursed -3 club
(9, -11, D:1)
  a plate armour
(12, -18, D:1)
  a dagger
(25, -20, D:1)
  a +0 club
(29, -35, D:1)
  a +0 whip
(31, -36, D:1)
  a chain mail
(43, -28, D:1)
  a dagger
(53, -7, D:1)
  a +0 club

Level 2 of the Dungeon
(0, 0, D:2)
  a +0 short sword
(7, 5, D:2)
  a +0 club
(10, -3, D:2)
  a +0 dagger
(14, -18, D:2)
  a cursed -2 short sword
(22, 23, D:2)
  a dagger

Level 3 of the Dungeon
(0, 0, D:3)
  10 gold pieces
(3, -14, D:3)
  a pink potion
(4, 0, D:3)
  a short sword
(8, 0, D:3)
  a stone
(29, 9, D:3)
  a hunting sling

