Esomusa

Level 1 of the Dungeon
(15, -1, D:1)
  a short sword
(15, 0, D:1)
  a centaur barding
(20, 31, D:1)
  a +0 short sword
(23, 8, D:1)
  a +0 club
(27, 30, D:1)
  a +0 robe
(29, 3, D:1)
  a dagger
(34, 26, D:1)
  a +0 robe
(36, 8, D:1)
  a +0 dagger
(37, 33, D:1)
  a +0 dagger
(47, 18, D:1)
  a robe
(56, -5, D:1)
  a hand axe
(56, -1, D:1)
  a +0 club
(57, 13, D:1)
  a dagger
(60, 34, D:1)
  a ring mail

Level 2 of the Dungeon
(1, -14, D:2)
  a +0 chain mail
  a +0 club
(3, -10, D:2)
  a leather armour
  a +0 robe
(20, -8, D:2)
  a +0 dagger
(23, -5, D:2)
  a +0 club
(36, -8, D:2)
  a +0 dagger
(37, -8, D:2)
  a +0 short sword
(40, -6, D:2)
  a +0 robe
(41, -8, D:2)
  a +0 short sword
(41, -7, D:2)
  a +0 dagger

Level 3 of the Dungeon
(7, 13, D:3)
  a +0 club
(8, 5, D:3)
  a cursed -1 club
(8, 10, D:3)
  a +0 ring mail
(19, 12, D:3)
  a +0 club
(21, 12, D:3)
  a +0 chain mail
  a +0 club
(27, 13, D:3)
  a +0 club
(27, 22, D:3)
  a mace
(28, 13, D:3)
  a +0 chain mail
(42, 4, D:3)
  a cursed -2 club
(44, 4, D:3)
  a +0 club
  a +0 dagger
(44, 12, D:3)
  a +0 club
(47, 12, D:3)
  a ring mail
(48, 11, D:3)
  a +0 short sword
(48, 17, D:3)
  a +0 club

Level 4 of the Dungeon
[Shop] Busiu's Assorted Antiques
  an ichor-stained dire flail (261 gold)
  a leather armour (58 gold)
  a glass wand (116 gold)
  a long runed staff (348 gold)
  a brightly glowing crystal amulet (145 gold)
  a scratched moonstone ring (145 gold)
  a glowing buckler (217 gold)
  a wand of iceblast (9) (116 gold)
[Shop] Ducid's Jewellery Emporium
  an uncursed ring of resist corrosion (220 gold)
  a +3 amulet of reflection (unknown) (172 gold)
  an uncursed ring of protection from magic (unknown) (275 gold)
  an uncursed amulet of harm (unknown) (330 gold)
  an uncursed amulet of magic regeneration (unknown) (330 gold)
  an uncursed amulet of regeneration (330 gold)
  an uncursed amulet of the gourmand (unknown) (330 gold)
  an uncursed amulet of guardian spirit (unknown) (330 gold)
  an uncursed ring of positive energy (unknown) (220 gold)
  a cursed ring of teleportation (unknown) (49 gold)
[Shop] Xevea's Magic Scroll Emporium
  2 scrolls of remove curse (72 gold)
  3 scrolls of identify (72 gold)
  a scroll of enchant armour (unknown) (90 gold)
  a scroll of remove curse (36 gold)
  a scroll of magic mapping (unknown) (42 gold)
(0, 0, D:4)
  a plate armour
(6, -18, D:4)
  a +0 ring mail
(9, -13, D:4)
  a +0 flail
(9, -12, D:4)
  a +0 hand axe
(9, -10, D:4)
  a +0 robe
  a +0 dagger
(16, -5, D:4)
  a +0 club
(17, -5, D:4)
  a +0 spear
(19, -6, D:4)
  a +0 robe
  a +0 dagger
(20, -4, D:4)
  a robe
(23, -14, D:4)
  a ring mail
(24, -13, D:4)
  a +0 scale mail
  a +0 war axe
(32, 0, D:4)
  a +0 spear
(33, -15, D:4)
  a +0 falchion
(47, -26, D:4)
  a +0 robe
  a +0 dagger
(55, -11, D:4)
  a hunting sling

Level 5 of the Dungeon
(0, 0, D:5)
  a sky beast corpse
(11, -3, D:5)
  a +0 flail
(14, -20, D:5)
  a +0 robe
  a +0 dagger
  a +0 chain mail
  a +0 flail
  a +0 club
(17, -6, D:5)
  a leather armour
(18, 0, D:5)
  a cursed -2 dagger
(19, 11, D:5)
  a ring mail
(20, 0, D:5)
  a +0 club
(21, -22, D:5)
  a scale mail
(21, 11, D:5)
  a dagger
(23, 11, D:5)
  a +0 leather armour
(24, 8, D:5)
  a +0 leather armour
(27, 27, D:5)
  a falchion
(34, 7, D:5)
  a +0 leather armour
(39, 13, D:5)
  a +0 short sword
(46, 6, D:5)
  a +0 ring mail
(48, 8, D:5)
  a +0 falchion
(48, 10, D:5)
  a +0 falchion
(52, 4, D:5)
  a +0 giant club

Level 6 of the Dungeon
(0, 0, D:6)
  a +0 robe
(8, 10, D:6)
  a stone

the Ecumenical Temple

