Galost Fiawk

Level 1 of the Dungeon
(0, 0, D:1)
  a cursed -1 club
(1, 1, D:1)
  a cursed +0 short sword
  a +0 club
(7, -1, D:1)
  a +0 dagger
(26, -42, D:1)
  a whip
(31, -7, D:1)
  a dagger
(34, -12, D:1)
  a dagger
(39, -19, D:1)
  a robe
(56, -21, D:1)
  a +0 club

Level 2 of the Dungeon
(0, 0, D:2)
  a +0 dagger
(1, -7, D:2)
  a ring mail
(17, 16, D:2)
  a +0 mace
(26, 13, D:2)
  a leather armour
(31, -4, D:2)
  a +0 club
(37, 0, D:2)
  a +0 club

Level 3 of the Dungeon
(0, 0, D:3)
  a +0 club
(11, -33, D:3)
  a +0 whip
  a +0 leather armour
(11, -15, D:3)
  a +0 robe
  a +0 dagger
(11, -13, D:3)
  a +0 whip
  a +0 ring mail
  a +0 flail
(15, -34, D:3)
  a +0 club
(22, -10, D:3)
  a +0 dagger
(36, -19, D:3)
  a +0 scale mail
(37, -32, D:3)
  a +0 robe
(37, -22, D:3)
  a +0 scale mail
  a +0 dagger
(38, -22, D:3)
  a +0 leather armour
  a +0 flail
(51, -23, D:3)
  a +0 robe
  a +0 dagger
(57, -6, D:3)
  a +0 war axe

Level 4 of the Dungeon
(0, 0, D:4)
  a +0 robe
  a +0 glaive
(8, 19, D:4)
  a potion of degeneration
(12, 17, D:4)
  a +0 scale mail
  a cursed -3 short sword
(16, 22, D:4)
  a +0 short sword
(17, 27, D:4)
  a +0 robe
(18, 32, D:4)
  a +0 dagger
(22, 35, D:4)
  a +0 mace
  a +0 scale mail
(28, 25, D:4)
  a cursed -2 club
  a +0 whip
(32, 34, D:4)
  a ring mail
(33, -6, D:4)
  a whip
(33, 21, D:4)
  a +0 chain mail
(41, 17, D:4)
  a +0 giant spiked club
(42, 19, D:4)
  a +0 spear
(42, 28, D:4)
  a +0 trident
(47, -3, D:4)
  a +0 robe
  a cursed -2 dagger
(48, -5, D:4)
  a +0 whip
(52, -5, D:4)
  a +0 whip
(52, -4, D:4)
  a +0 dagger
  a +0 robe
  a +0 chain mail
  a +0 mace
(55, -1, D:4)
  a +0 trident

Level 5 of the Dungeon
(0, 0, D:5)
  a +0 robe
(1, 16, D:5)
  a +0 club
(7, 8, D:5)
  a spear
(16, 14, D:5)
  a robe
(26, 26, D:5)
  a +0 whip
(27, 22, D:5)
  a club
(27, 43, D:5)
  a cursed -1 giant club

Level 6 of the Dungeon
(0, 0, D:6)
  a cursed +0 robe
(8, 13, D:6)
  a +0 robe
  a +0 spear
(9, 25, D:6)
  a +0 leather armour
  a +0 whip
(10, 24, D:6)
  a +0 giant club
(21, 33, D:6)
  a +0 giant club
(22, 14, D:6)
  a +0 robe
  a cursed +0 trident
(25, 7, D:6)
  a +0 dire flail
(25, 9, D:6)
  a +0 giant spiked club
(25, 10, D:6)
  a +0 robe
  a +0 dire flail
(27, -12, D:6)
  a +0 war axe
(52, 14, D:6)
  a cursed +0 robe
  a +0 short sword
(52, 41, D:6)
  a +0 robe
(58, 26, D:6)
  a cursed +0 robe
  a +0 falchion

Level 7 of the Dungeon
(0, 0, D:7)
  a +0 leather armour
  a +0 club
(1, -2, D:7)
  a +0 chain mail
(2, -2, D:7)
  a cursed +0 long sword
(8, -20, D:7)
  a +0 leather armour
  a +0 hand axe
(8, 4, D:7)
  a +0 giant spiked club
(9, 10, D:7)
  a +0 giant spiked club
(10, -19, D:7)
  a +0 cloak
(10, -18, D:7)
  a +0 robe
  a +0 dagger
(10, -4, D:7)
  a +0 leather armour
(12, -2, D:7)
  a +0 leather armour
  a +0 short sword
  a +0 flail
(13, 6, D:7)
  a +0 robe
  a +0 dagger
(13, 13, D:7)
  a +0 trident
(16, -3, D:7)
  a +0 ring mail
  a +0 club

Level 8 of the Dungeon
(0, 0, D:8)
  a hand axe
(2, 35, D:8)
  a +0 animal skin
  a cursed +0 animal skin
(4, 33, D:8)
  a +0 mace
(5, 22, D:8)
  a +0 hand axe
  a +0 scale mail
  a +0 flail
  a +0 robe
(6, 9, D:8)
  a scale mail
(6, 29, D:8)
  a +0 club
(6, 43, D:8)
  a +0 ring mail
  a cursed -2 flail
(8, 43, D:8)
  a +0 ring mail
(9, 3, D:8)
  a +0 ring mail
  a +0 mace
(9, 34, D:8)
  a +0 dagger
(10, 3, D:8)
  a +0 dagger
(10, 38, D:8)
  a +0 robe
(11, 1, D:8)
  a +0 leather armour
(11, 2, D:8)
  a +0 flail
(11, 8, D:8)
  a +0 giant club
(12, 44, D:8)
  a +0 ring mail
(24, -3, D:8)
  a +0 giant spiked club
(33, 44, D:8)
  a quarterstaff
(43, 41, D:8)
  a +0 shortbow
(46, -1, D:8)
  a cursed +0 animal skin
(48, 35, D:8)
  a hunting sling

Level 9 of the Dungeon
(0, 0, D:9)
  a ring mail
(6, -29, D:9)
  a +0 chain mail
  a +0 flail
(10, -17, D:9)
  a +0 mace
(13, -10, D:9)
  a chain mail
(25, -16, D:9)
  a +0 trident
(26, -16, D:9)
  a +0 flail
(26, -15, D:9)
  a +0 robe
  a cursed -1 dagger
(34, 10, D:9)
  a +0 animal skin
(40, -3, D:9)
  a +2 robe of cold resistance
  a +1 cloak
  a +0 helmet
  a +3 leather armour
  a +1 chain mail of magic resistance
  a +0 buckler
  a +0 buckler
  a +0 troll leather armour
  a +0 buckler
  a +0 buckler
  a +1 robe of magic resistance
  a +0 plate armour
  a +0 robe of magic resistance
  +0 swamp dragon scales
  a +0 scale mail
  +0 swamp dragon scales
  a shield
  a +0 buckler
  a +0 plate armour
  a shield
  a +0 troll leather armour
  a +0 shield
  a +0 buckler
  a +2 ring mail of fire resistance
  acid dragon scales
(41, -22, D:9)
  a +0 dagger
  a +0 mace
(41, -21, D:9)
  a +0 dagger
  a +0 ring mail
(41, -3, D:9)
  a hand crossbow
  a broad axe
  a hand crossbow
  a +0 fustibalus
  a +0 dagger of venom
  a +1 war axe
  a +3 short sword
  a +2 dagger
  a +0 trident
  a cursed +3 scimitar
  a +1 scimitar
  a +2 dagger of freezing
  a +4 hand axe
  a +0 fustibalus
  a +1 hand axe of freezing
  a +0 dagger of venom
  a +0 hunting sling
  a +0 whip of freezing
  a +0 mace of draining
  a +0 whip of freezing
  a +3 flail
  a +1 dagger of holy wrath
  a +1 long sword of freezing
  a +2 falchion of distortion
  a +0 trident
  a +1 dagger of flaming
(42, -3, D:9)
  an arbalest
  a +0 longbow
  a +0 glaive
  a +0 bardiche
  a +0 arbalest
  a +4 shortbow
  a +0 glaive
  a +0 glaive
  a +0 glaive
  a halberd
  a battleaxe
  a glaive
  a halberd
  a +1 scythe of protection
  a halberd
(43, -3, D:9)
  a +1 ring of protection
  a +2 ring of evasion
  an uncursed staff of poison
  a +2 ring of strength
  a scroll of random uselessness
  a -2 ring of slaying
  an uncursed ring of attention
  a +1 ring of evasion
(47, 8, D:9)
  a falchion
(48, 9, D:9)
  a +0 hand axe
  a +0 animal skin
(51, 4, D:9)
  a +0 robe
  a +0 dagger
(53, 6, D:9)
  a dagger
  an animal skin

Level 10 of the Dungeon
(0, 0, D:10)
  a ring mail
(2, 6, D:10)
  a +0 leather armour
(15, 9, D:10)
  a robe
(20, -14, D:10)
  a trident
(22, -10, D:10)
  a +0 shortbow
(39, -24, D:10)
  a mace

Level 11 of the Dungeon
[Shop] Nexkenai's Armour Boutique
  a +1 hat (143 gold)
  a +0 chain mail (58 gold)
  a +1 robe of positive energy (126 gold)
  the cursed +0 plate armour "Lenint" {MP+9 Str+4 Stlth+} (742 gold)
    It affects your strength (+4).
    It affects your magic capacity (+9).
    It makes you more stealthy.
    It has a curse placed upon it.
  a +0 robe (9 gold)
  a +0 scale mail (52 gold)
  a +0 scale mail of cold resistance (143 gold)
  a +0 scale mail (52 gold)
(0, 0, D:11)
  a leather armour
(7, 47, D:11)
  a +0 shortbow
(13, 6, D:11)
  a +0 robe
(16, 20, D:11)
  a hand axe
(20, 37, D:11)
  a spear
(20, 46, D:11)
  a cursed -2 giant club
(21, 34, D:11)
  a dagger
(23, 31, D:11)
  a +0 giant club
(25, -4, D:11)
  a spear
(28, 29, D:11)
  a book of Changes
(29, 28, D:11)
  a book of Frost
(42, 16, D:11)
  a ring mail
(43, 20, D:11)
  a leather armour
(59, 1, D:11)
  a +0 robe
  a +0 dagger
(59, 3, D:11)
  a +0 leather armour
  a +0 whip
(60, 18, D:11)
  a +0 giant spiked club
(61, 19, D:11)
  a cursed +0 giant club
  a +0 giant spiked club
(67, 45, D:11)
  a dagger

Level 12 of the Dungeon
(0, 0, D:12)
  a +0 dire flail
(6, -1, D:12)
  a +0 giant spiked club
(7, -28, D:12)
  a large rock
(8, -28, D:12)
  a large rock
(10, -25, D:12)
  a +0 shortbow
(11, -28, D:12)
  a large rock
(12, 7, D:12)
  a +0 robe
  a +0 dagger
(13, -28, D:12)
  a cursed -1 giant club
(14, -28, D:12)
  a +0 shortbow
(15, -20, D:12)
  a +0 leather armour
  a +0 dagger
(15, -19, D:12)
  a leather armour
(15, -15, D:12)
  a +0 chain mail
  a +0 great sword
(16, -24, D:12)
  a +0 mace
(17, -21, D:12)
  a +0 shortbow
  a +0 chain mail
  a +0 long sword
(18, -20, D:12)
  a +0 plate armour
(18, -19, D:12)
  a +0 scale mail
  a +0 trident
  a +0 chain mail
(21, -18, D:12)
  a runed ring mail
  a +2 hat
  a +2 chain mail of positive energy
  a +2 chain mail of fire resistance
  a +1 plate armour of magic resistance
(21, -17, D:12)
  a +3 chain mail
  a shield
  a +3 plate armour
  a +2 ring mail of fire resistance
  a +0 scale mail of poison resistance
  a +1 leather armour of poison resistance
  a +2 buckler
  +0 swamp dragon scales
  +0 swamp dragon scales
  a +0 troll leather armour
(21, -16, D:12)
  a +1 scale mail of positive energy
  a +2 chain mail of cold resistance
(22, -26, D:12)
  a +0 short sword
(22, -19, D:12)
  a -2 dire flail
(22, -18, D:12)
  2 throwing nets
  a +2 long sword of slicing
  a +1 long sword of venom
  a +2 long sword of holy wrath
  4 exploding tomahawks
  8 tomahawks of returning
  7 javelins of returning
  7 javelins
  2 needles of sleeping
  a +0 spear of venom
  a +1 war axe of chopping
  a +1 short sword of draining
  a +2 war axe
  a +1 war axe of electrocution
  a +2 vampiric trident
  a +1 trident of protection
  a +4 morningstar
  a +2 rapier of venom
  a +2 morningstar of protection
  a +2 war axe of electrocution
  a +2 scimitar of flaming
  a +4 quarterstaff of speed
  a cursed +3 long sword
  a +6 long sword
  a +1 flail of flaming
  a +0 long sword of electrocution
  a +2 flail of protection
  a +4 flail
  a +5 falchion of freezing
  a +3 dagger
  a +5 eveningstar
(22, -17, D:12)
  a +3 whip
  a +0 hunting sling of velocity
  a +0 war axe of pain
(22, -15, D:12)
  a +0 leather armour
  a +0 falchion
(22, -1, D:12)
  a +0 shortbow
(23, -25, D:12)
  a short sword
(23, -19, D:12)
  a glowing halberd
  a glowing shortbow
  a crystal shortbow
(23, -18, D:12)
  921 arrows
  a +0 glaive
  a +3 great sword of slicing
  a +1 shortbow of freezing
  a +2 great sword of flaming
  a +2 great mace
  a +1 dire flail of crushing
  a +0 shortbow of flaming
  a +2 arbalest of freezing
  a +3 dire flail of draining
(23, -17, D:12)
  a +2 great sword of electrocution
  an arbalest
  a +5 battleaxe of flaming
  a +2 battleaxe of flaming
  a +2 battleaxe of venom
  a +0 battleaxe of flaming
  an arbalest
  a +1 quarterstaff of speed
(24, -19, D:12)
  a dented jade amulet
(24, -18, D:12)
  12 scrolls of teleportation
  an uncursed staff of earth
  a manual of Summonings
  3 potions of invisibility
  a potion of flight
  a potion of berserk rage
  4 potions of ambrosia
  a phantom mirror
  a potion of mutation
  a scroll of summoning
  7 potions of brilliance
  14 scrolls of remove curse
  3 scrolls of blinking
  an uncursed staff of air
  5 scrolls of amnesia
  a +3 ring of intelligence
  a ring of teleportation
  an uncursed ring of teleportation
  the amulet of the Air {Inacc +Fly rElec EV+5 RMsl}
    [amulet of inaccuracy]
    
    It reduces the accuracy of all your attacks.
    It affects your evasion (+5).
    It insulates you from electricity.
    It lets you fly.
    It protects you from missiles.
  an uncursed ring of fire
  a +3 ring of intelligence
  an uncursed staff of poison
  a crystal ball of energy
  a scroll of brand weapon
  an uncursed ring of stealth
  an uncursed ring of see invisible
  a wand of clouds (1)
  a potion of agility
  5 scrolls of identify
  the ring of Zoizio {rCorr *Contam MP+9 Int+10}
    [ring of resist corrosion]
    
    It affects your intelligence (+10).
    It affects your magic capacity (+9).
    It causes magical contamination when unequipped.
  8 scrolls of immolation
  2 potions of resistance
  the ring "Wuedolat" {+Fly MP+9 Stlth+}
    [ring of magical power]
    
    It affects your magic capacity (+9).
    It lets you fly.
    It makes you more stealthy.
(25, -27, D:12)
  a +0 giant club
  a +0 giant club
(26, -19, D:12)
  a +0 dire flail
  a +0 chain mail
  a +0 flail
(26, -3, D:12)
  a +0 robe
  a +0 dagger
(26, -2, D:12)
  a +0 pair of gloves
(26, 9, D:12)
  a +0 scale mail
(28, -15, D:12)
  a +0 chain mail
  a +0 scimitar
  a cursed -1 plate armour
  a +0 battleaxe
  a +0 leather armour
(28, -6, D:12)
  a +0 robe
  a +0 dagger
(30, -6, D:12)
  a +0 leather armour
(30, -5, D:12)
  a +0 robe
  a +0 spear
  a +0 long sword
(31, -4, D:12)
  a +0 robe
(31, -3, D:12)
  a +0 robe
  a +0 dagger
(31, -1, D:12)
  a +0 robe
  a +0 whip
(33, 9, D:12)
  a +0 leather armour
  a +0 rapier
(35, 19, D:12)
  a +0 plate armour
  a +0 broad axe
(36, -7, D:12)
  a +0 robe
  a +0 dagger
(39, -23, D:12)
  a scale mail
  a potion of degeneration
(43, 5, D:12)
  a trident
(47, 20, D:12)
  a cursed +0 club
(48, 21, D:12)
  a +0 dagger
(49, 21, D:12)
  a +0 dagger
  a +0 short sword
  a +0 club

Level 13 of the Dungeon
(0, 0, D:13)
  a +0 falchion
(1, 1, D:13)
  a +0 short sword
(3, 3, D:13)
  a +0 short sword
(4, 8, D:13)
  a leather armour
(5, 1, D:13)
  a +0 dagger
(5, 5, D:13)
  a +0 dagger
  a +0 trident
(10, 29, D:13)
  a +0 robe
(13, -5, D:13)
  a +0 great mace
(13, -4, D:13)
  a +0 plate armour
(13, 26, D:13)
  a cursed -1 trident
  a +0 shortbow
(13, 29, D:13)
  a +0 robe
(13, 37, D:13)
  a quarterstaff
(15, 23, D:13)
  a chain mail
(17, 24, D:13)
  a +0 ring mail
  a +0 robe
  a +0 dagger
(17, 25, D:13)
  a +0 robe
  a +0 dagger
(22, 16, D:13)
  a +0 giant club
(22, 33, D:13)
  3 large rocks
(23, 40, D:13)
  a +0 long sword
(24, 40, D:13)
  a +0 shortbow
(25, 3, D:13)
  a chain mail
(25, 20, D:13)
  a +0 flail
(27, 2, D:13)
  a +0 chain mail
  a +0 scale mail
  a +0 dire flail
  a +0 short sword
(27, 3, D:13)
  a +0 shortbow
  a +0 scale mail
(27, 31, D:13)
  a +0 giant club
  a +0 giant spiked club
(28, 0, D:13)
  a +0 leather armour
  a +0 shortbow
  a +0 dagger
(28, 2, D:13)
  a +0 scale mail
  a +0 morningstar
  a +0 long sword
(29, 2, D:13)
  a +0 arbalest
  a +0 arbalest
(29, 26, D:13)
  a +0 war axe
(31, -7, D:13)
  a plate armour

Level 14 of the Dungeon
(0, 0, D:14)
  a +0 scale mail
  a +0 dagger
(1, -1, D:14)
  a +0 club
(2, 0, D:14)
  a +0 dagger
  a +0 whip
(5, 34, D:14)
  a cursed +0 robe
  a +0 dagger
(6, 7, D:14)
  a +0 giant club
  a +0 giant club
(6, 9, D:14)
  a +0 robe
  a cursed -3 whip
(7, 36, D:14)
  a +0 chain mail
  a +0 halberd
(8, 37, D:14)
  a +0 falchion
(14, -1, D:14)
  a +0 robe
(16, -2, D:14)
  a +0 leather armour
  a +0 club
(27, -9, D:14)
  a +0 ring mail
(27, -1, D:14)
  a plate armour
(29, 19, D:14)
  a +0 giant club
(33, 37, D:14)
  a scale mail
(39, 41, D:14)
  a leather armour

Level 15 of the Dungeon
(0, 0, D:15)
  a mace
(18, -24, D:15)
  a +0 robe
  a +0 trident
(19, -18, D:15)
  a potion of degeneration
(20, -17, D:15)
  a +0 troll leather armour
(28, -18, D:15)
  a +0 shortbow
(28, -6, D:15)
  a +0 dagger
  a +0 leather armour
  a +0 falchion
  a +0 shortbow
(29, -16, D:15)
  a +0 ring mail
  a cursed +1 hand axe
(29, -11, D:15)
  a +0 robe
  a cursed +0 mace
(29, -8, D:15)
  a +0 falchion
  a +0 shortbow
(29, -7, D:15)
  a +0 robe
  a cursed +0 robe
  a +0 hand axe
  a +0 robe
  a cursed +0 morningstar
  a +0 robe
  a +0 dagger
  a +0 shortbow
(29, -6, D:15)
  a +0 shortbow
(30, -6, D:15)
  a +0 shortbow
(30, 8, D:15)
  a pair of gloves
(31, -18, D:15)
  a +0 quarterstaff
  a +0 robe
(33, -20, D:15)
  a +0 robe
(33, -19, D:15)
  a +0 great sword
  a +0 robe
(34, -24, D:15)
  a robe
(41, -27, D:15)
  a flail

the Ecumenical Temple

Level 1 of the Orcish Mines
(16, 3, Orc:1)
  a +0 plate armour
  a +0 war axe
(17, 3, Orc:1)
  a +0 arbalest
  a +0 plate armour
  a +0 troll leather armour
  a +0 chain mail
  a +0 giant club
  a +0 chain mail
  a +0 halberd
(17, 5, Orc:1)
  a +0 chain mail
  a +0 dire flail
(18, -1, Orc:1)
  a +0 leather armour
  a +0 whip
(18, 0, Orc:1)
  a +0 plate armour
  a +0 halberd
(18, 2, Orc:1)
  a +0 chain mail
(22, 3, Orc:1)
  a +0 plate armour
(22, 21, Orc:1)
  a +0 robe
  a +0 dagger
  a +0 dagger
  a +0 robe
  a +0 dire flail
  a +0 plate armour
(24, -1, Orc:1)
  a +0 battleaxe
(26, 0, Orc:1)
  a +0 dire flail
(26, 2, Orc:1)
  a +0 giant club
(26, 15, Orc:1)
  a +0 robe
  a +0 dagger
(26, 16, Orc:1)
  a +0 hand axe
  a +0 plate armour
  a +0 flail
(27, 16, Orc:1)
  a +0 plate armour
  a +0 dire flail
  a +0 leather armour
  a +0 dagger
(28, 17, Orc:1)
  a +0 ring mail
  a +0 hand axe
(29, 17, Orc:1)
  a +0 whip
(30, 7, Orc:1)
  a +0 chain mail
(30, 17, Orc:1)
  a +0 scale mail
  a cursed -2 short sword
  a +0 spear
  a +0 dagger
(31, 17, Orc:1)
  a +0 shield
  a +0 ring mail
  a +0 troll leather armour
(31, 18, Orc:1)
  a +0 robe
  a +0 dagger
  a +0 plate armour
  a +0 long sword
  a +0 flail
(31, 19, Orc:1)
  a +0 spear
(31, 23, Orc:1)
  a +0 ring mail
  a +0 flail
(32, 5, Orc:1)
  a +0 flail
(32, 17, Orc:1)
  a cursed +0 chain mail
  a +0 falchion
  a +0 hand axe
  a cursed +0 ring mail
  a +0 club
(32, 18, Orc:1)
  a +0 chain mail
  a +0 dire flail
  a +0 leather armour
  a +0 dagger
(33, 16, Orc:1)
  a +0 club
(33, 18, Orc:1)
  a +0 mace
(33, 24, Orc:1)
  a +0 plate armour
  a +0 war axe
(33, 25, Orc:1)
  a +0 ring mail
  a +0 flail
(34, 11, Orc:1)
  a +0 plate armour
  a +0 war axe
(34, 16, Orc:1)
  a +0 giant club
(34, 28, Orc:1)
  a +0 chain mail
  a +0 flail
(35, 16, Orc:1)
  a +0 chain mail
  a +0 trident
(36, 19, Orc:1)
  a +0 robe
  a cursed -3 dagger
(39, 25, Orc:1)
  a +0 robe
  a +0 dagger
(39, 26, Orc:1)
  a +0 dagger
(39, 27, Orc:1)
  a +0 robe
  a +0 dagger

Level 2 of the Orcish Mines
[Shop] Iphidogum's Food Boutique
  a ration (70 gold)
  a ration (70 gold)
  a ration (70 gold)
  a ration (70 gold)
  a ration (70 gold)
  a ration (70 gold)
  a ration (70 gold)
  a ration (70 gold)
  a ration (70 gold)
  a ration (70 gold)
  a ration (70 gold)
[Shop] Kubithoy's Assorted Antiques
  a robe (15 gold)
  a potion of flight (66 gold)
  a scroll of remove curse (66 gold)
  a helmet (99 gold)
[Shop] Peesot's Antique Weapon Shoppe
  a runed whip (181 gold)
  a war axe (115 gold)
  a glowing halberd (231 gold)
  a glowing mace (198 gold)
  a mace (99 gold)
  a club (33 gold)
  a runed shortbow (198 gold)
  a glowing shortbow (198 gold)
  a blowgun (82 gold)
[Shop] Sidoutur's Distillery
  a potion of brilliance (48 gold)
  a potion of ambrosia (96 gold)
  2 potions of brilliance (96 gold)
  a potion of flight (36 gold)
(0, 0, Orc:2)
  a +0 plate armour
  a +0 trident
(1, -33, Orc:2)
  a +0 ring mail
  a +0 leather armour
  a +0 mace
  a +0 club
(1, -32, Orc:2)
  a +0 giant spiked club
  a +0 club
  a cursed +0 leather armour
  a +0 mace
(1, -31, Orc:2)
  a +0 chain mail
  a +0 mace
  a +0 ring mail
  a cursed -1 flail
(2, -31, Orc:2)
  a +0 club
(3, -32, Orc:2)
  a +0 scale mail
  a +0 mace
  a +0 hand axe
(3, -31, Orc:2)
  a +0 club
(4, -45, Orc:2)
  a cursed -3 giant club
(4, -32, Orc:2)
  a +0 giant club
(5, -44, Orc:2)
  a +0 chain mail
  a +0 trident
(6, -45, Orc:2)
  a +0 giant club
  a +0 giant club
(7, -32, Orc:2)
  a +0 hand axe
(8, -32, Orc:2)
  a +0 plate armour
  a cursed -3 trident
  a +0 leather armour
  a +0 whip
(9, -49, Orc:2)
  a +0 leather armour
  a +0 morningstar
(9, -16, Orc:2)
  a +0 whip
(9, -15, Orc:2)
  a +0 ring mail
(9, -14, Orc:2)
  a +0 whip
  a +0 club
  a +0 leather armour
  a +0 short sword
(10, -50, Orc:2)
  a +0 war axe
(10, -48, Orc:2)
  a +0 leather armour
  a +0 dagger
(10, -16, Orc:2)
  a +0 chain mail
  a +0 short sword
  a +0 leather armour
  a +0 club
  a +0 leather armour
  a +0 club
(10, -14, Orc:2)
  a +0 dagger
(10, -3, Orc:2)
  a +0 falchion
  a +0 dagger
(11, -49, Orc:2)
  a +0 short sword
(11, -16, Orc:2)
  a +0 ring mail
  a cursed -3 whip
(11, -15, Orc:2)
  a +0 hand axe
(11, -14, Orc:2)
  a +0 dagger
(11, -3, Orc:2)
  a +0 chain mail
(13, -12, Orc:2)
  a +0 halberd
(13, -8, Orc:2)
  a +0 giant club
(13, -6, Orc:2)
  a +0 plate armour
(14, -32, Orc:2)
  a +0 dire flail
(15, -8, Orc:2)
  a +0 giant club
(15, -7, Orc:2)
  a +0 leather armour
  a +0 robe
  a +0 dagger
  a +0 flail
(16, -2, Orc:2)
  a +0 chain mail
(17, -32, Orc:2)
  a +0 hand axe
  a +0 plate armour
(18, -40, Orc:2)
  a ring mail
(18, -27, Orc:2)
  a robe
(19, -32, Orc:2)
  a +0 dire flail
  a +0 giant club
  a +0 leather armour
  a +0 giant club
(19, -28, Orc:2)
  a +0 plate armour
  a +0 flail
(20, -54, Orc:2)
  a +0 flail
(20, -53, Orc:2)
  a +0 robe
  a +0 dagger
(20, -39, Orc:2)
  a +0 giant club
(20, -32, Orc:2)
  a +0 short sword
(21, -65, Orc:2)
  a +0 leather armour
  a +0 rapier
(21, -52, Orc:2)
  a +0 plate armour
  a +0 scimitar
(21, -11, Orc:2)
  a +0 plate armour
  a +0 flail
(22, -66, Orc:2)
  a cursed -3 shortbow
(22, -64, Orc:2)
  a +0 trident
(22, -42, Orc:2)
  a chain mail
(22, -11, Orc:2)
  a +0 ring mail
  a +0 club
(22, -10, Orc:2)
  a +0 scale mail
  a +0 whip
(23, -65, Orc:2)
  a +0 dagger
(23, -63, Orc:2)
  a cursed -1 ring mail
  a +0 club
  a +0 chain mail
  a +0 dire flail
(23, -2, Orc:2)
  a +0 chain mail
  a +0 flail
(24, -41, Orc:2)
  a +0 chain mail
  a +0 hand axe
(24, -1, Orc:2)
  a +0 chain mail
(25, -29, Orc:2)
  a +0 flail
(26, -38, Orc:2)
  a cursed +0 chain mail
  a cursed +0 long sword
(26, -37, Orc:2)
  a +0 plate armour
  a +0 halberd
(27, -25, Orc:2)
  a +0 plate armour
  a +0 short sword
(30, -36, Orc:2)
  a +0 falchion
(31, -30, Orc:2)
  a +0 ring mail
  a +0 flail
  a +0 leather armour
  a +0 club
  a +0 plate armour
  a +0 halberd
(32, -30, Orc:2)
  a +0 chain mail
  a +0 halberd
(33, -60, Orc:2)
  a +0 leather armour
  a +0 whip
(33, -30, Orc:2)
  a +0 leather armour
(34, -60, Orc:2)
  a +0 robe
  a +0 dagger
(34, -58, Orc:2)
  a +0 ring mail
  a +0 dagger
(34, -57, Orc:2)
  a +0 falchion
  a +0 plate armour
  a +0 dire flail
  a +0 robe
  a +0 dagger
(35, -58, Orc:2)
  a +0 flail
(35, -41, Orc:2)
  a +0 halberd
  a +0 plate armour
(35, -32, Orc:2)
  a +0 hand axe
(35, -28, Orc:2)
  a +0 long sword
(36, -60, Orc:2)
  a +0 flail
(36, -32, Orc:2)
  a +0 leather armour
  a +0 dire flail
  a +0 leather armour
  a +0 mace
(37, -35, Orc:2)
  a robe
(37, -32, Orc:2)
  a +0 flail
(38, -32, Orc:2)
  a +0 trident
  a +0 scale mail
  a +0 flail
  a +0 robe
  a +0 plate armour
  a +0 dire flail
(39, -32, Orc:2)
  a +0 chain mail
  a +0 flail
(39, -31, Orc:2)
  a +0 scale mail
  a +0 dagger
(40, -28, Orc:2)
  a cursed +0 chain mail
  a cursed -2 dagger
  a +0 leather armour
  a +0 hand axe
  a +0 plate armour
(41, -38, Orc:2)
  a +0 chain mail
  a +0 long sword
(41, -34, Orc:2)
  a +0 leather armour
  a +0 club
(41, -31, Orc:2)
  a +0 chain mail
  a +0 scimitar
(41, -24, Orc:2)
  a +0 plate armour
  a +0 halberd
(42, -41, Orc:2)
  a +0 hand axe
(43, -30, Orc:2)
  a +0 hand axe
(43, -29, Orc:2)
  a +0 dagger
(43, -28, Orc:2)
  a +0 flail
(43, -23, Orc:2)
  a +0 leather armour
  a +0 flail
(44, -37, Orc:2)
  a +0 robe
  a +0 dagger
(44, -20, Orc:2)
  a +0 club
(45, -27, Orc:2)
  a cursed +0 leather armour
  a +0 short sword
(47, -38, Orc:2)
  a +0 plate armour
  a +0 halberd
(48, -41, Orc:2)
  a +0 hand axe

Level 1 of the Elven Halls
[Shop] Nexkuhiy's Assorted Antiques
  a plate armour (437 gold)
  a scroll of teleportation (57 gold)
  a scroll of enchant weapon (142 gold)
  a scroll of remove curse (57 gold)
  a scroll of remove curse (57 gold)
  a knobbly iron ring (95 gold)
  a chain mail (85 gold)
  a twisted war axe (161 gold)
  a potion of ambrosia (152 gold)
  a thick copper amulet (95 gold)
  a ring mail (76 gold)
  a dagger (38 gold)
  a mace (57 gold)
  a pair of boots (85 gold)
[Shop] Ichisoen's Gadget Shoppe
  a phial of floods (560 gold)
  a wand of polymorph (7) (126 gold)
  a wand of paralysis (10) (168 gold)
  a wand of polymorph (11) (182 gold)
  a wand of iceblast (6) (140 gold)
  a wand of polymorph (9) (154 gold)
  a wand of scattershot (6) (unknown) (420 gold)
  a crystal ball of energy (280 gold)
  a box of beasts (280 gold)
  a wand of digging (3) (196 gold)
[Shop] Bigiyx's Jewellery Shop
  the amulet "Uckum" {+Rage +Fly rF- Int+2 Dex+3} (894 gold)
    [amulet of rage]
    
    It affects your intelligence (+2).
    It affects your dexterity (+3).
    It makes you vulnerable to fire.
    It lets you fly.
    It lets you go berserk.
  an uncursed ring of protection from cold (unknown) (425 gold)
  an uncursed ring of ice (unknown) (425 gold)
  an uncursed amulet of regeneration (unknown) (510 gold)
  a +2 ring of strength (127 gold)
  an uncursed ring of protection from fire (425 gold)
  a cursed ring of teleportation (76 gold)
  an uncursed amulet of magic regeneration (unknown) (510 gold)
  a cursed -3 ring of protection (34 gold)
  the amulet "Ximozyt" {Acrobat rF+ Int+5} (926 gold)
    [amulet of the acrobat]
    
    It helps you evade while moving and waiting.
    It affects your intelligence (+5).
    It protects you from fire.
  a +4 ring of intelligence (459 gold)
  a cursed ring of wizardry (unknown) (459 gold)
  an uncursed ring of fire (425 gold)
  an uncursed ring of see invisible (255 gold)
[Shop] Pousepsete's Gadget Shoppe
  a lamp of fire (680 gold)
  a phial of floods (680 gold)
  a wand of flame (17) (161 gold)
  a wand of flame (23) (212 gold)
  a phantom mirror (510 gold)
  a fan of gales (680 gold)
  a wand of digging (6) (340 gold)
  a lamp of fire (680 gold)
  a wand of polymorph (8) (170 gold)
(0, 0, Elf:1)
  a +0 leather armour
  a +0 short sword
(14, -2, Elf:1)
  a chain mail
(17, 13, Elf:1)
  a +0 leather armour
(19, -17, Elf:1)
  a +3 long sword
  a +0 short sword
(21, -15, Elf:1)
  a +0 leather armour
  a +0 longbow
  a +0 dagger
(23, 14, Elf:1)
  a +0 short sword
  a cursed +0 leather armour
  a +0 short sword
(32, -23, Elf:1)
  a scale mail
(32, -17, Elf:1)
  a +0 leather armour
  a +0 short sword
  a +0 long sword
  a +0 short sword
(32, 25, Elf:1)
  a rapier
(32, 27, Elf:1)
  a ring of see invisible
(41, -23, Elf:1)
  a +1 dire flail of holy wrath
(41, -1, Elf:1)
  a pair of boots
(44, -23, Elf:1)
  a +3 halberd of chopping
(44, -6, Elf:1)
  a +0 leather armour
  a +0 rapier
  a +0 long sword
(44, -5, Elf:1)
  a +0 chain mail
  a +0 long sword
  a +0 ring mail
  a +0 rapier
(47, 27, Elf:1)
  a +0 shortbow
  a +0 scale mail
  a +0 long sword
  a +2 long sword of draining
  a cursed +0 dagger
  a +0 short sword
  a +0 long sword
(49, 29, Elf:1)
  a +0 leather armour
  a +0 shortbow
  a +1 short sword of flaming
  a +0 leather armour
  a +0 scimitar
  a +3 bardiche of electrocution
  a +0 dagger
  a +0 shortbow
  a +0 short sword
  a +1 trident of protection
(54, 13, Elf:1)
  a broad axe
(55, 15, Elf:1)
  a +0 leather armour
  a +1 rapier of freezing
  a +1 rapier of freezing
  a +4 dire flail of protection
(55, 27, Elf:1)
  a +0 leather armour
  a +0 dagger
  a +0 shortbow
(57, 17, Elf:1)
  a +0 buckler
  a +0 ring mail
  a +2 long sword of holy wrath
(59, -10, Elf:1)
  a +0 long sword
(59, -7, Elf:1)
  a +0 leather armour
  a +0 dagger of holy wrath
(59, -5, Elf:1)
  a +0 chain mail
  a +0 rapier
(61, 22, Elf:1)
  a +5 quick blade of holy wrath

Level 2 of the Elven Halls
(0, 0, Elf:2)
  2 stones
(0, 16, Elf:2)
  a +0 long sword
  a +0 rapier
(0, 17, Elf:2)
  a +3 ring of evasion
  a +0 rapier
  a +0 leather armour
  a +0 long sword
(0, 18, Elf:2)
  a +0 rapier
  a +1 dagger of electrocution
(1, 0, Elf:2)
  a +0 chain mail
  a +0 short sword
  a +0 chain mail
  a +0 short sword
  a +0 rapier
(1, 1, Elf:2)
  a +0 rapier
  a +0 leather armour
  a +0 long sword
  a +0 dagger
  a +0 leather armour
  a +0 rapier
  a +0 chain mail
  a +0 short sword
(1, 18, Elf:2)
  a cursed +0 ring mail
  a +0 long sword
(2, 0, Elf:2)
  a +0 long sword
  a +0 leather armour
  a +0 rapier
  a +0 rapier
(2, 2, Elf:2)
  a +0 chain mail
  a +1 long sword of holy wrath
  a +0 chain mail
  a +0 dagger
  a cursed +0 robe
  a +0 dagger
(2, 17, Elf:2)
  a +0 leather armour
  a +0 dagger of electrocution
(2, 18, Elf:2)
  a +8 dire flail of crushing
(3, 1, Elf:2)
  a +0 leather armour
  a +0 short sword
  a +0 long sword
  a +0 leather armour
  a +0 rapier
  a +0 rapier
(3, 2, Elf:2)
  a +0 leather armour
  a +0 shortbow
  17 arrows
  a +0 short sword
  a +0 scimitar
(3, 37, Elf:2)
  a +3 leather armour
  a +0 short sword
(6, 32, Elf:2)
  a +0 long sword
  a +0 long sword
(8, 32, Elf:2)
  a +0 buckler
  a +0 scimitar
(10, 11, Elf:2)
  a quarterstaff
(10, 38, Elf:2)
  a +0 long sword
(12, 40, Elf:2)
  12 arrows
(12, 46, Elf:2)
  a scroll of amnesia
(13, 5, Elf:2)
  a potion of berserk rage
(13, 7, Elf:2)
  a scroll labeled WOXIDGHOURO
(16, 14, Elf:2)
  a scroll of amnesia
(19, -1, Elf:2)
  4 poisoned needles
(20, -2, Elf:2)
  a poisoned needle
(22, 0, Elf:2)
  an arrow (still there?)
  a tomahawk (still there?)
(22, 2, Elf:2)
  a +0 ring mail
  a +0 short sword of electrocution
(22, 4, Elf:2)
  an arrow
(22, 6, Elf:2)
  a +0 buckler
(22, 7, Elf:2)
  a +2 trident of flaming
(22, 8, Elf:2)
  a +0 long sword
(23, -6, Elf:2)
  a +0 leather armour
  a +0 shortbow
  8 arrows
  a +0 short sword
(23, -4, Elf:2)
  a +0 leather armour (still there?)
  a +0 dagger (still there?)
(23, 8, Elf:2)
  a +0 long sword
(24, -4, Elf:2)
  a cursed +0 leather armour
  a +0 long sword
(24, -2, Elf:2)
  2 tomahawks
(24, 19, Elf:2)
  a +1 hand axe of chopping
  a +4 short sword of holy wrath
  a +0 falchion
  a +3 dire flail of holy wrath
  a +4 hand axe of draining
  a +4 dagger
  a +1 scimitar of electrocution
(25, -5, Elf:2)
  a +0 long sword
(25, 18, Elf:2)
  a +0 short sword
(26, -4, Elf:2)
  a ring mail
(26, -3, Elf:2)
  33 arrows
(44, -1, Elf:2)
  a +0 rapier
  a +0 ring mail

Level 3 of the Elven Halls
(0, 0, Elf:3)
  12 arrows
(0, 1, Elf:3)
  12 arrows
(1, -1, Elf:3)
  a +0 leather armour
  61 arrows
  a +0 longbow
  a +0 leather armour
  a +0 longbow
(1, 7, Elf:3)
  a +0 scale mail
  a +0 long sword
(2, -17, Elf:3)
  an arrow
(4, -16, Elf:3)
  an arrow
(4, -1, Elf:3)
  2 arrows
(5, -16, Elf:3)
  a +0 short sword
(9, -23, Elf:3)
  an arrow
(9, -15, Elf:3)
  an arrow
(9, 2, Elf:3)
  a +0 leather armour
  a +0 long sword
(11, -15, Elf:3)
  an arrow
(13, -19, Elf:3)
  a +0 short sword
(14, -28, Elf:3)
  an arrow
(14, -18, Elf:3)
  a +0 long sword
(14, 1, Elf:3)
  a +0 short sword
  a +2 robe of cold resistance
(15, -31, Elf:3)
  an arrow
(20, -21, Elf:3)
  a +0 short sword
(22, -13, Elf:3)
  a +0 dagger
(23, -22, Elf:3)
  a +0 dagger
  a potion of brilliance
(23, 12, Elf:3)
  2 arrows
(23, 15, Elf:3)
  a +0 leather armour
  a +0 shortbow
  5 arrows
  a +0 dagger
(24, 2, Elf:3)
  an arrow
(24, 4, Elf:3)
  an arrow
(24, 6, Elf:3)
  an arrow
(24, 7, Elf:3)
  an arrow
(25, 3, Elf:3)
  16 arrows
(30, -27, Elf:3)
  14 arrows
(30, 7, Elf:3)
  19 arrows
(31, -30, Elf:3)
  3 needles of sleeping
(31, -28, Elf:3)
  a crystal ball of energy
(32, 6, Elf:3)
  an arrow
(33, -29, Elf:3)
  a +2 cloak of poison resistance
  6 chunks of flesh
(35, -39, Elf:3)
  a blowgun
(35, -30, Elf:3)
  20 arrows
(37, -39, Elf:3)
  a crooked smoking staff
(37, 5, Elf:3)
  a +0 long sword
(38, -38, Elf:3)
  15 stones
(39, -39, Elf:3)
  a crooked jewelled staff
(40, -38, Elf:3)
  a lamp of fire
(41, -39, Elf:3)
  a rapier
(42, -38, Elf:3)
  a lightning rod (4/4)
(42, -10, Elf:3)
  a +2 antimagic long sword
  an elf skeleton
(44, -39, Elf:3)
  a ring of resist corrosion
(44, -38, Elf:3)
  a leather armour
(44, -20, Elf:3)
  a +0 dagger
  a +0 leather armour
(44, -19, Elf:3)
  a +0 war axe
  a +0 arbalest
  a +0 ring mail
  a human skeleton
(45, -18, Elf:3)
  a +0 scale mail
  a +0 long sword
  a +0 leather armour
  a +0 long sword
(45, -5, Elf:3)
  a +0 ring mail
  the +5 short sword of Nemelex Xobeh's Fury {venom, *Slow Str+2 Stlth+}
    It poisons the flesh of those it strikes.
    
    It affects your strength (+2).
    It may slow you when you take damage.
    It makes you more stealthy.
(46, -39, Elf:3)
  a brightly glowing short sword
(46, -10, Elf:3)
  a +0 rapier
(46, 1, Elf:3)
  a +0 leather armour
  an arrow
  a +0 short sword
  a +0 shortbow
(47, -15, Elf:3)
  a +0 long sword
  a +0 leather armour
(48, -34, Elf:3)
  a robe
(49, -39, Elf:3)
  a plate armour
(50, -39, Elf:3)
  a glowing arbalest
(50, -29, Elf:3)
  a lamp of fire
(54, -39, Elf:3)
  a gnarled glowing staff
(55, -39, Elf:3)
  a blowgun
(55, -30, Elf:3)
  a glowing spear
(56, -29, Elf:3)
  a shiny ring mail
(57, -31, Elf:3)
  a scroll of remove curse
(57, -30, Elf:3)
  a thick jewelled staff
(58, -29, Elf:3)
  a runed robe
(59, -31, Elf:3)
  a book of Misfortune
(59, -30, Elf:3)
  a short sword
(59, -29, Elf:3)
  a book of Dreams
(60, -34, Elf:3)
  a plate armour
(60, -33, Elf:3)
  a runed mace
(60, -30, Elf:3)
  a lamp of fire
(60, -26, Elf:3)
  a ring of attention

Level 1 of the Lair of Beasts
(0, 0, Lair:1)
  a ring mail
(51, -38, Lair:1)
  a hand axe

Level 2 of the Lair of Beasts
(0, 0, Lair:2)
  a leather armour
(4, -8, Lair:2)
  a potion of degeneration
(15, -18, Lair:2)
  a chain mail
(37, -28, Lair:2)
  a club

Level 3 of the Lair of Beasts
(0, 0, Lair:3)
  a leather armour
(21, 7, Lair:3)
  a trident
(39, 4, Lair:3)
  a dagger
(45, -7, Lair:3)
  a robe

Level 4 of the Lair of Beasts
(13, 37, Lair:4)
  a +0 ring mail
(33, 26, Lair:4)
  a great mace
(55, 22, Lair:4)
  a falchion
(59, 14, Lair:4)
  a scale mail

Level 5 of the Lair of Beasts
(13, 21, Lair:5)
  a scale mail
(13, 26, Lair:5)
  a rapier
(15, 4, Lair:5)
  a +0 robe
(18, -7, Lair:5)
  a +0 leather armour
  a +0 war axe
(22, 2, Lair:5)
  a +0 robe
  a +0 hand axe

Level 6 of the Lair of Beasts
(13, 12, Lair:6)
  a mace
(25, 47, Lair:6)
  a leather armour
(36, 46, Lair:6)
  a book of Burglary
(37, 6, Lair:6)
  a ring mail

Level 1 of the Swamp
(0, 0, Swamp:1)
  a +0 spear

Level 2 of the Swamp
(0, 0, Swamp:2)
  a scimitar
(4, 29, Swamp:2)
  a helmet
(24, 25, Swamp:2)
  a +0 robe
  a cursed -3 quarterstaff

Level 3 of the Swamp
(0, 0, Swamp:3)
  a club
(4, -24, Swamp:3)
  a potion of degeneration
(5, -24, Swamp:3)
  a +2 hat
(9, 10, Swamp:3)
  a pair of gloves
(15, -15, Swamp:3)
  a broad axe
(23, 5, Swamp:3)
  a battleaxe

Level 4 of the Swamp
(0, 0, Swamp:4)
  a short sword
(7, -40, Swamp:4)
  a +0 spear
(7, -15, Swamp:4)
  a +0 rapier
(8, -17, Swamp:4)
  a +0 robe
  a +0 quarterstaff
(35, -15, Swamp:4)
  a +0 robe

Level 1 of the Spider Nest
(0, 0, Spider:1)
  a ring mail
(2, -14, Spider:1)
  a ring mail
(5, -5, Spider:1)
  a chain mail
(5, 5, Spider:1)
  a scale mail
(6, -1, Spider:1)
  a +0 war axe
(6, 0, Spider:1)
  a +0 trident
(10, -1, Spider:1)
  a +0 short sword
  a +0 trident
(11, 0, Spider:1)
  a +0 trident
(13, 3, Spider:1)
  a +0 rapier
  (unseen)
(13, 5, Spider:1)
  a chain mail
(27, -23, Spider:1)
  a hunting sling

Level 2 of the Spider Nest
(0, 0, Spider:2)
  a cloak
(2, -1, Spider:2)
  a plate armour
(41, -32, Spider:2)
  a robe
(56, -6, Spider:2)
  a cloak

Level 3 of the Spider Nest
(0, 0, Spider:3)
  a dagger
(24, 1, Spider:3)
  a short sword
(29, -30, Spider:3)
  a ring mail
(38, -15, Spider:3)
  a robe

Level 4 of the Spider Nest
(0, 0, Spider:4)
  a chain mail
(3, 9, Spider:4)
  a scroll of random uselessness
(20, 16, Spider:4)
  a dagger
(34, 18, Spider:4)
  a scale mail

Level 1 of the Vaults
[Shop] Ojanwucs's Magic Scroll Boutique
  a scroll of blinking (135 gold)
(0, 0, Vaults:1)
  a +0 shortbow
  a +0 shortbow
(0, 1, Vaults:1)
  a +0 shortbow
(1, 0, Vaults:1)
  a +0 shortbow
(4, 2, Vaults:1)
  a +0 dire flail
(5, 3, Vaults:1)
  a +0 chain mail
  a +0 dagger
(7, -33, Vaults:1)
  a +0 arbalest
(12, -11, Vaults:1)
  a scale mail
(13, 27, Vaults:1)
  a +0 scale mail
(22, -15, Vaults:1)
  a +0 chain mail
  a +0 battleaxe
(23, -13, Vaults:1)
  a +0 robe
  a +0 dagger
(24, -25, Vaults:1)
  a +0 chain mail
  a +0 short sword
(25, -24, Vaults:1)
  a +0 chain mail
  a +0 war axe
  a +0 leather armour
  a +0 short sword
  a +0 rapier
(26, -25, Vaults:1)
  a cursed -2 short sword
  a +0 longbow
(27, -24, Vaults:1)
  a +0 robe
  a +0 dagger
(28, -22, Vaults:1)
  a +0 leather armour
  a +0 short sword
  a +0 shortbow
(39, -21, Vaults:1)
  a +0 chain mail
(41, -19, Vaults:1)
  a +0 war axe
(43, -24, Vaults:1)
  a +0 arbalest
(45, -25, Vaults:1)
  a +0 leather armour
  a +0 short sword
(45, -24, Vaults:1)
  a +0 shortbow
  a large rock
(46, -26, Vaults:1)
  a +0 arbalest
(46, -25, Vaults:1)
  a +0 great sword
  a +0 arbalest
  a +0 arbalest
  a cursed +0 arbalest
(47, -25, Vaults:1)
  a large rock
(47, -24, Vaults:1)
  a +0 arbalest
(48, -25, Vaults:1)
  a +0 arbalest
  a +0 plate armour
  a +0 battleaxe
(51, -27, Vaults:1)
  a large rock
(51, -22, Vaults:1)
  a +0 arbalest
(52, -25, Vaults:1)
  a +0 longbow
  a +0 arbalest
(52, 8, Vaults:1)
  a broad axe
(54, -25, Vaults:1)
  a +0 leather armour
(57, -15, Vaults:1)
  a +0 ring mail
  a +0 long sword
(57, 11, Vaults:1)
  a +0 robe
  a +0 dagger
(58, 12, Vaults:1)
  a +0 scale mail
  a +0 morningstar
(59, 32, Vaults:1)
  a +0 leather armour
  a -2 dagger
  a +0 shortbow
(59, 33, Vaults:1)
  a +0 morningstar
(60, 25, Vaults:1)
  a +0 chain mail
  a +0 war axe
(60, 33, Vaults:1)
  a +0 leather armour
  a large rock
  a +0 ring mail
(62, -22, Vaults:1)
  a club
(62, 24, Vaults:1)
  2 large rocks
  a +0 long sword
(62, 25, Vaults:1)
  a +0 robe
  a +0 dagger
(63, 24, Vaults:1)
  a +0 plate armour
(63, 25, Vaults:1)
  a large rock
(63, 33, Vaults:1)
  a large rock
(64, 18, Vaults:1)
  a large rock
(64, 33, Vaults:1)
  a leather armour
(66, 33, Vaults:1)
  a large rock
(66, 34, Vaults:1)
  a large rock
(71, 33, Vaults:1)
  a +0 hand axe

Level 2 of the Vaults
[Shop] Erefuic's Distillery
  2 potions of flight (132 gold)
  a potion of brilliance (88 gold)
  a potion of mutation (176 gold)
  a potion of flight (66 gold)
  2 potions of berserk rage (220 gold)
  a potion of brilliance (88 gold)
(0, 0, Vaults:2)
  a spear
(1, 29, Vaults:2)
  a bolt
  a +0 ring mail
  a +0 morningstar
(1, 34, Vaults:2)
  a +0 ring mail
  a +0 morningstar
(2, 33, Vaults:2)
  a +0 troll leather armour
(3, 35, Vaults:2)
  a +0 troll leather armour
(10, 20, Vaults:2)
  a +1 cloak
(11, -7, Vaults:2)
  a +0 robe
(15, -6, Vaults:2)
  a +0 giant spiked club
(16, 5, Vaults:2)
  a +0 rapier
  a +0 leather armour
(16, 14, Vaults:2)
  a +0 scimitar
(17, -8, Vaults:2)
  a +0 giant club
  a +0 giant spiked club
(17, -6, Vaults:2)
  a +0 short sword
  a +0 leather armour
(19, 5, Vaults:2)
  a cursed -1 flail
  a +0 ring mail
(19, 28, Vaults:2)
  a +0 scale mail
  a +0 falchion
(19, 29, Vaults:2)
  a +0 scale mail
  a +0 morningstar
(20, 28, Vaults:2)
  a +0 giant club
  a +0 giant spiked club
  a +0 chain mail
  a +0 giant club
(22, -15, Vaults:2)
  a +0 chain mail
(23, -8, Vaults:2)
  a +0 giant spiked club
  a +0 giant spiked club
(24, -8, Vaults:2)
  a +0 dire flail
  a +0 giant club
(31, 0, Vaults:2)
  a cursed +0 ring mail
  a +0 morningstar
(32, 1, Vaults:2)
  a +0 ring mail of cold resistance
(33, 0, Vaults:2)
  a +0 robe
  a +0 dagger
(33, 14, Vaults:2)
  a large rock
(33, 16, Vaults:2)
  a large rock
  a +2 whip of holy wrath
(33, 17, Vaults:2)
  a large rock
  a +0 giant spiked club
(34, -3, Vaults:2)
  a +0 rapier
(35, -1, Vaults:2)
  a +0 ring mail
  a +0 falchion
(37, -17, Vaults:2)
  a scale mail
(37, 7, Vaults:2)
  a +0 giant spiked club
  a cursed -2 giant club
  a +0 morningstar
  a +0 ring mail
(38, -3, Vaults:2)
  a +0 leather armour
  a +0 great mace
(38, 24, Vaults:2)
  2 large rocks
(38, 30, Vaults:2)
  a large rock
(42, -20, Vaults:2)
  a chain mail
(50, -23, Vaults:2)
  a hunting sling
(55, 17, Vaults:2)
  a leather armour
(63, 18, Vaults:2)
  3 large rocks
(64, 12, Vaults:2)
  a +0 leather armour
  a +0 great mace
(65, 12, Vaults:2)
  a cursed +0 scale mail
  a +0 falchion
  a +0 arbalest
(65, 13, Vaults:2)
  2 large rocks
  a +0 robe
(69, 21, Vaults:2)
  a +0 giant club

Level 3 of the Vaults
(0, 0, Vaults:3)
  2 bolts
(4, 0, Vaults:3)
  2 bolts
(13, -6, Vaults:3)
  a +0 flail
  (unseen)
(15, 1, Vaults:3)
  a bolt
(16, -6, Vaults:3)
  a +0 ring mail
  (unseen)
(18, -6, Vaults:3)
  a +0 chain mail
  (unseen)
(18, -2, Vaults:3)
  a bolt
(19, -3, Vaults:3)
  a bolt
(19, -1, Vaults:3)
  a +0 robe
  (unseen)
(20, 0, Vaults:3)
  a +0 flail

