Giac

Level 1 of the Dungeon
(0, 0, D:1)
  a dagger
(0, 19, D:1)
  a falchion
(0, 21, D:1)
  a mace
(2, 19, D:1)
  a hand axe
(8, -4, D:1)
  a robe
(11, 25, D:1)
  a dagger
(13, -2, D:1)
  a robe
(22, 7, D:1)
  a mace
(27, -5, D:1)
  a dagger
(36, 15, D:1)
  a whip
(45, 3, D:1)
  a +0 whip

Level 2 of the Dungeon
(0, 0, D:2)
  a +0 short sword
(15, -10, D:2)
  a +0 club
(21, -18, D:2)
  a cursed +0 club
(21, -14, D:2)
  a whip
(21, -7, D:2)
  a +0 club
(28, -16, D:2)
  a ring mail

Level 3 of the Dungeon
(0, 0, D:3)
  a robe
(13, 8, D:3)
  a +0 shortbow
  a +0 dagger
(14, 8, D:3)
  a +0 dagger
(30, 7, D:3)
  a cursed +0 giant club
(36, -5, D:3)
  a cloak
(38, -5, D:3)
  a robe
(39, -5, D:3)
  a robe
(43, 39, D:3)
  a +0 club
(44, 16, D:3)
  a +0 short sword
(48, -7, D:3)
  a +0 leather armour
  a +0 hand axe
  a +0 flail
  a +0 ring mail
  a +0 scale mail
  a +0 falchion
  a cursed -1 club
(49, -5, D:3)
  a +0 dagger
(49, -4, D:3)
  a +0 club
(49, 35, D:3)
  a dagger
(58, 12, D:3)
  a +0 dagger

Level 4 of the Dungeon
(0, 0, D:4)
  a spear
(2, 17, D:4)
  a leather armour
(16, 15, D:4)
  a +0 giant spiked club
(19, 5, D:4)
  a scale mail
(25, 12, D:4)
  a war axe
(31, 11, D:4)
  a falchion
(34, 27, D:4)
  a +0 giant club

Level 5 of the Dungeon
(0, 0, D:5)
  a +0 leather armour
  a +0 dagger
  a cursed -2 short sword
(0, 3, D:5)
  a +0 flail
(1, -17, D:5)
  a +0 leather armour
  a +0 falchion
(1, -3, D:5)
  a +0 robe
  a cursed +0 robe
  a +0 dagger
  a +0 dagger
(1, 0, D:5)
  a +0 dagger
(2, 0, D:5)
  a +0 robe
  a +0 dagger
  a +0 robe
  a +0 dagger
(7, -20, D:5)
  a robe
(13, 1, D:5)
  a war axe
(20, -23, D:5)
  a +0 club
(32, 11, D:5)
  a +0 short sword
(32, 12, D:5)
  a +0 club
  a +0 whip
  a cursed +0 robe
  a +0 dagger
(32, 13, D:5)
  a +0 leather armour

Level 6 of the Dungeon
(0, 0, D:6)
  a trident
(5, 23, D:6)
  a +0 giant spiked club
(17, 32, D:6)
  a cursed +0 giant club
(20, 3, D:6)
  a +0 dagger
  a cursed -2 robe
(21, 4, D:6)
  a +0 spear
  a +0 leather armour
(22, 4, D:6)
  a cursed -2 flail
  a +0 plate armour
(50, 12, D:6)
  a ring mail
(55, 10, D:6)
  a +0 flail
  a +0 robe
  a +0 dagger
  a +0 dagger
(58, 19, D:6)
  a leather armour
(60, 2, D:6)
  a spear

Level 7 of the Dungeon
(0, 0, D:7)
  a short sword
(5, 6, D:7)
  a robe
(6, 9, D:7)
  a +0 shortbow
(7, -2, D:7)
  a club
(9, -9, D:7)
  a club
(12, -10, D:7)
  a ration
(12, -9, D:7)
  22 arrows
(12, -8, D:7)
  a dagger
(13, -10, D:7)
  a wand of flame (12)
(13, -9, D:7)
  5 gold pieces
(13, -8, D:7)
  a scroll labeled FODEUD GUWKIAG
(14, -10, D:7)
  18 stones
  (unseen)
(14, -9, D:7)
  6 gold pieces
(14, -8, D:7)
  13 gold pieces
(14, 20, D:7)
  a pair of gloves
(17, 26, D:7)
  a robe
(21, 23, D:7)
  a long sword
(25, -20, D:7)
  a flail
(41, -13, D:7)
  a leather armour
(50, 12, D:7)
  a +0 dagger
  a +0 robe
(50, 14, D:7)
  a +0 club
(50, 15, D:7)
  a +0 dagger
  a +0 dagger
  a +0 robe

Level 8 of the Dungeon
[Shop] Obid's Antique Weapon Emporium
  a glowing quarterstaff (182 gold)
  a club (26 gold)
  a spear (78 gold)
  a morningstar (104 gold)
  a war axe (91 gold)
  a shortbow (78 gold)
  a glowing shortbow (156 gold)
  a hunting sling (39 gold)
  a falchion (78 gold)
  a quarterstaff (104 gold)
  a whip (65 gold)
(0, 0, D:8)
  a robe
(0, 8, D:8)
  a cursed -1 giant club
  a +0 giant club
(12, -10, D:8)
  a dagger
(19, 2, D:8)
  a +0 long sword
  176 arrows
  a +0 ring mail
  a +0 short sword
  a cursed +0 robe
(22, 15, D:8)
  a +0 blowgun
(23, 11, D:8)
  a +0 short sword
  a +0 short sword
  a +0 club
(23, 13, D:8)
  a +0 dagger
  a +0 blowgun
  a +0 whip
  a +0 dagger of holy wrath
(28, -25, D:8)
  a dagger
(32, -27, D:8)
  a cursed -1 giant spiked club
(35, -26, D:8)
  a +0 club
  a +0 chain mail
  a +0 short sword
(35, -8, D:8)
  a flail
(37, 1, D:8)
  a +0 short sword
(37, 3, D:8)
  a +0 robe
  a cursed -1 dagger
(38, 2, D:8)
  a +0 robe
  a +0 dagger
  a +0 giant club
  a +0 falchion
(40, 2, D:8)
  a +0 shortbow
(54, 13, D:8)
  a +0 shortbow
(57, -23, D:8)
  a +0 chain mail

Level 9 of the Dungeon
(0, 0, D:9)
  a +0 shortbow
(2, 3, D:9)
  a war axe
(12, -18, D:9)
  a potion of degeneration
(14, 31, D:9)
  a +0 robe
  a +0 dagger
(18, -19, D:9)
  a +0 mace
(19, -20, D:9)
  a +0 chain mail
  a +0 hand axe
(19, -18, D:9)
  a +0 dagger
(20, 13, D:9)
  a potion of degeneration
(21, 11, D:9)
  a dagger
(33, 11, D:9)
  a ring mail
(36, 30, D:9)
  a +0 scale mail
(39, -11, D:9)
  a +0 mace
(39, 19, D:9)
  a +0 falchion
(41, 20, D:9)
  a +0 robe
  a +0 dagger
(41, 21, D:9)
  a +0 leather armour
(42, 8, D:9)
  a +0 dagger
  a +0 robe
(42, 12, D:9)
  a leather armour
(43, 10, D:9)
  an amulet of rage
(54, 3, D:9)
  a +0 hand axe
(54, 4, D:9)
  a +0 mace
(54, 5, D:9)
  a +0 war axe
(56, -4, D:9)
  a +0 club
(56, 11, D:9)
  a +0 robe
  a +0 dagger

Level 10 of the Dungeon
(0, 0, D:10)
  a +0 shortbow
(3, 11, D:10)
  a scale mail
(5, 1, D:10)
  a robe
(6, -5, D:10)
  a hand axe
(7, -33, D:10)
  a leather armour
(9, -7, D:10)
  a hand axe
(11, -46, D:10)
  a +0 ring mail
  a +0 short sword
(18, -12, D:10)
  the +3 leather armour "Jiwn" {rN+ Str+3}
    It affects your strength (+3).
    It protects you from negative energy.
  a +0 helmet
  a +0 shield
  the +3 chain mail "Zibupimn" {Dex+6}
    It affects your dexterity (+6).
  a +2 buckler
  a crystal plate armour
  a +4 chain mail of fire resistance
  a +4 chain mail of fire resistance
  a +2 ring mail
  a +0 robe of cold resistance
  a twisted robe
  a thick robe
(18, 9, D:10)
  a cursed +0 hand axe
  a +0 leather armour
(19, -14, D:10)
  a glowing short sword
  a runed mace
  a glowing flail
  a brightly glowing mace
(19, -13, D:10)
  a +1 short sword of speed
  a +3 flail
  74 bolts
  a +3 scimitar of slicing
  a demon whip of flaming
(19, -12, D:10)
  5 javelins
  the +4 dagger of Doimorr {pierce, rC- Int+3 Stlth+}
    It inflicts extra damage upon your enemies.
    
    It affects your intelligence (+3).
    It makes you vulnerable to cold.
    It makes you more stealthy.
  85 bolts
  a +1 falchion of holy wrath
  a cursed +0 flail
(20, -14, D:10)
  a glowing battleaxe
(20, -13, D:10)
  204 arrows
  a +4 halberd
  a +3 dire flail
  a +2 great mace of protection
  a +2 battleaxe of flaming
(20, -12, D:10)
  119 arrows
  a +0 shortbow of freezing
  a lajatang
(21, -14, D:10)
  a ring of magical power
(21, -13, D:10)
  3 potions of berserk rage
  a wand of random effects (16)
  2 potions of mutation
  a potion of brilliance
  4 scrolls of amnesia
  an uncursed ring of wizardry
  an uncursed staff of air
  6 scrolls of remove curse
  a +2 ring of dexterity
  an uncursed ring of magical power
  an uncursed staff of conjuration
  a wand of clouds (2)
(32, -34, D:10)
  a dagger
(37, -35, D:10)
  a +0 flail
(38, -35, D:10)
  a +0 shortbow
  a +0 spear
  a +0 scale mail
(39, -35, D:10)
  a +0 spear
  a cursed -2 spear
(39, -26, D:10)
  a +0 leather armour
  a +0 flail of crushing
  a +0 robe
  a +0 dagger
(41, -38, D:10)
  a club
(42, -24, D:10)
  a +0 robe
  a +0 dagger
(45, -50, D:10)
  a +0 dire flail

the Ecumenical Temple

Level 1 of the Lair of Beasts
(0, 0, Lair:1)
  a chain mail
(1, -17, Lair:1)
  a leather armour
(34, -14, Lair:1)
  a potion of degeneration
(35, 17, Lair:1)
  a morningstar

Level 2 of the Lair of Beasts
(0, 0, Lair:2)
  a +0 shortbow
(0, 1, Lair:2)
  a +0 shortbow
  a +0 shortbow
(16, 3, Lair:2)
  a robe
(35, -32, Lair:2)
  a longbow
(40, -35, Lair:2)
  a ring mail

Level 3 of the Lair of Beasts
(0, 0, Lair:3)
  a long sword
(4, 4, Lair:3)
  a ring mail
(31, -13, Lair:3)
  2 potions of degeneration

Level 4 of the Lair of Beasts
(0, 0, Lair:4)
  a robe
(23, -17, Lair:4)
  a pair of boots
(27, 4, Lair:4)
  a ring mail
(46, -38, Lair:4)
  a dire flail
(47, 10, Lair:4)
  a robe

Level 5 of the Lair of Beasts
(13, -34, Lair:5)
  a robe
(34, -60, Lair:5)
  a mace

Level 6 of the Lair of Beasts
(7, -16, Lair:6)
  a spear
(32, -45, Lair:6)
  a club
(37, -29, Lair:6)
  a +0 shortbow
(39, -33, Lair:6)
  a +0 shortbow
(40, -32, Lair:6)
  a cursed +0 shortbow
(44, -41, Lair:6)
  a +0 chain mail
(44, -9, Lair:6)
  a catoblepas corpse (skeletalised by now)
(55, -37, Lair:6)
  a quarterstaff
(61, -20, Lair:6)
  a chain mail
(67, -23, Lair:6)
  a pair of boots

