Gopecrenal

Level 1 of the Dungeon
(0, 0, D:1)
  a +0 club
(10, 1, D:1)
  a ring mail
(18, 3, D:1)
  a plate armour
(33, 23, D:1)
  a club
(40, 14, D:1)
  a +0 club
(49, 7, D:1)
  a cursed -2 club

Level 2 of the Dungeon
(15, -9, D:2)
  a whip
(19, 13, D:2)
  a +0 club
(31, -4, D:2)
  a +0 club
(32, -1, D:2)
  a whip
(43, -14, D:2)
  a +0 club
(44, -16, D:2)
  a +0 robe
(45, -9, D:2)
  a +0 dagger
(51, -5, D:2)
  a club
(53, -16, D:2)
  a ring mail

Level 3 of the Dungeon
(9, -30, D:3)
  a frilled lizard skeleton
(9, -29, D:3)
  a +0 dagger
(10, -29, D:3)
  a +0 scythe
  a +0 robe
(17, -8, D:3)
  a robe
(23, 9, D:3)
  a +0 halberd
  a +0 club
(38, 5, D:3)
  a goblin skeleton
(42, 1, D:3)
  a +0 club
  a goblin skeleton
(45, -14, D:3)
  a robe

