Hekies

Level 1 of the Dungeon
(0, 0, D:1)
  a +0 leather armour

Level 5 of the Pits of Slime
(0, 0, Slime:5)
  a throwing net
(9, -8, Slime:5)
  a ration
(9, -7, Slime:5)
  a scroll labeled AWEW FEZICS
(9, 0, Slime:5)
  47 gold pieces
(9, 1, Slime:5)
  a scroll labeled ZEADEN NEKYERIATZ
(10, -9, Slime:5)
  a ration
(10, -8, Slime:5)
  a glowing blowgun
(10, -7, Slime:5)
  a scale mail
(10, -6, Slime:5)
  51 gold pieces
(10, -1, Slime:5)
  a scroll labeled COLEGI OXKAORY
(10, 0, Slime:5)
  a gold wand
(10, 1, Slime:5)
  a glowing mace
(10, 2, Slime:5)
  a scroll labeled DAUSEI AL SORO
(11, -10, Slime:5)
  a coppery potion
(11, -9, Slime:5)
  a vibrating steel ring
(11, -8, Slime:5)
  a slimy rune of Zot
(11, -7, Slime:5)
  a runed hunting sling
(11, -6, Slime:5)
  7 gold pieces
(11, -1, Slime:5)
  a ring mail
(11, 0, Slime:5)
  a small brass ring
(11, 1, Slime:5)
  the +5 demon whip "Spellbinder" {antimagic, MR+}
    It reduces the magical energy of the wielder, and disrupts the spells and
    magical abilities of those hit. Natural abilities and divine invocations are
    not affected.
    
    It affects your resistance to hostile enchantments.
    
    Zin disapproves of the use of such an item.
(11, 2, Slime:5)
  a paperback book
(11, 3, Slime:5)
  a short iron wand
(12, -11, Slime:5)
  a scroll labeled YGIEL GEISK
(12, -10, Slime:5)
  44 gold pieces
(12, -9, Slime:5)
  12 arrows
(12, -8, Slime:5)
  a runed ring mail
(12, -7, Slime:5)
  a shortbow
(12, 0, Slime:5)
  22 gold pieces
(12, 1, Slime:5)
  a crooked jewelled staff
(12, 2, Slime:5)
  17 stones
(12, 3, Slime:5)
  32 gold pieces
(12, 4, Slime:5)
  an ivory wand
(13, -10, Slime:5)
  a ration
(13, -8, Slime:5)
  2 ruby potions
(13, -6, Slime:5)
  a phial of floods
(13, -1, Slime:5)
  a translucent hand axe
(13, 1, Slime:5)
  a shortbow
(13, 3, Slime:5)
  37 gold pieces
(18, -10, Slime:5)
  a great sword
(18, -8, Slime:5)
  a plate armour
(18, -6, Slime:5)
  a hardcover book
(18, -1, Slime:5)
  a runed flail
(18, 1, Slime:5)
  11 stones
(18, 3, Slime:5)
  a quarterstaff
(19, -11, Slime:5)
  a ration
(19, -10, Slime:5)
  21 stones
(19, -9, Slime:5)
  54 gold pieces
(19, -8, Slime:5)
  a curved jewelled staff
(19, -7, Slime:5)
  a scythe
(19, 0, Slime:5)
  a ration
(19, 1, Slime:5)
  a phantom mirror
(19, 2, Slime:5)
  a scroll labeled TIMUDO LYFIUMEIDA
(19, 3, Slime:5)
  a gold wand
(19, 4, Slime:5)
  a scroll labeled KEAWER SAMI
(20, -10, Slime:5)
  a scroll of brand weapon
(20, -9, Slime:5)
  a crystal ball of energy
(20, -8, Slime:5)
  52 gold pieces
(20, -7, Slime:5)
  a short glowing staff
(20, -6, Slime:5)
  23 stones
(20, -1, Slime:5)
  3 scrolls labeled COLEGI OXKAORY
(20, 0, Slime:5)
  a runed scale mail
(20, 1, Slime:5)
  a peridot ring
(20, 2, Slime:5)
  a thick lapis lazuli amulet
(20, 3, Slime:5)
  28 arrows
(21, -9, Slime:5)
  a papyrus book
(21, -8, Slime:5)
  an encrusted pearl ring
(21, -7, Slime:5)
  a ration
(21, -6, Slime:5)
  19 gold pieces
(21, -1, Slime:5)
  34 gold pieces
(21, 0, Slime:5)
  a leather armour
(21, 1, Slime:5)
  a crystal ball of energy
(21, 2, Slime:5)
  44 gold pieces
(22, -8, Slime:5)
  a ration
(22, -7, Slime:5)
  a crooked smoking staff
(22, 0, Slime:5)
  a shiny helmet
(22, 1, Slime:5)
  an emerald potion

