Hiewishru

Level 1 of the Dungeon
(0, 0, D:1)
  a +0 dagger
(2, -31, D:1)
  a +0 short sword
(7, -42, D:1)
  a +0 club
(11, -2, D:1)
  a +0 club
(26, -44, D:1)
  a +0 dagger
(28, 3, D:1)
  a +0 club
(33, -24, D:1)
  a ring mail
(40, -11, D:1)
  a +0 short sword
(44, -22, D:1)
  a +0 scale mail

Level 2 of the Dungeon
(0, 0, D:2)
  a leather armour
(4, -23, D:2)
  a robe
(19, -28, D:2)
  a +0 dagger
(21, -1, D:2)
  a +0 club
  a +0 club
(33, -34, D:2)
  a dagger
(39, -18, D:2)
  a +0 club

Level 3 of the Dungeon
(0, 0, D:3)
  a +0 flail
(0, 1, D:3)
  a +0 club
(0, 25, D:3)
  a +0 club
  a +0 club
(4, -6, D:3)
  a dagger
(5, -8, D:3)
  a +0 club
  a +0 chain mail
(5, 1, D:3)
  a +0 club
(7, -1, D:3)
  a +0 dagger
(9, 1, D:3)
  a spear
  a hand axe
  a +0 club
(11, -5, D:3)
  a +0 dagger
(12, -4, D:3)
  a +0 club
(15, -5, D:3)
  a club
(17, -5, D:3)
  a dagger
(17, -4, D:3)
  a +0 short sword
(27, 27, D:3)
  a +0 dagger
(30, 28, D:3)
  a +0 ring mail
  a +0 short sword
(34, 6, D:3)
  a +0 dagger
(35, 4, D:3)
  a +0 club
  a +0 club
(38, 22, D:3)
  a +0 short sword
(39, 30, D:3)
  a +0 club
(40, 23, D:3)
  a +0 club
  a cursed -1 hunting sling
(42, 24, D:3)
  a +0 hand axe
(45, 16, D:3)
  a cursed +0 flail
  a hunting sling

Level 4 of the Dungeon
(0, 0, D:4)
  a +0 robe
  a +0 dagger
  a +0 club
(0, 1, D:4)
  a +0 mace
(2, -1, D:4)
  a +0 falchion
(18, -9, D:4)
  a dire flail
(22, -19, D:4)
  a potion of degeneration
(40, -7, D:4)
  a leather armour
(55, -16, D:4)
  a -2 hunting sling

Level 5 of the Dungeon
(0, 0, D:5)
  a robe
(6, -11, D:5)
  a +0 leather armour
(14, -26, D:5)
  a +0 robe
  a +0 dagger
(35, -20, D:5)
  a flail
(36, -38, D:5)
  a +0 giant club
(39, -23, D:5)
  a +0 robe
  a +0 dagger
  a +0 leather armour
  a +0 hand axe
(40, -34, D:5)
  a +0 hand axe
(43, -11, D:5)
  a +0 dagger
(44, -32, D:5)
  a +0 short sword
(46, -31, D:5)
  a +0 club
  a +0 spear
  a +0 flail
(46, -9, D:5)
  a scale mail
(47, -33, D:5)
  a +0 robe
  a +0 club
(48, -33, D:5)
  a +0 club
  a +0 halberd
(52, -9, D:5)
  a +0 scale mail
  a +0 flail
  a +0 flail
(53, -9, D:5)
  a cursed +0 leather armour
  a +0 club
(55, -38, D:5)
  a +0 giant club
(56, 1, D:5)
  a leather armour
(58, -9, D:5)
  a +0 robe

Level 6 of the Dungeon
(0, 0, D:6)
  a dagger
(1, 6, D:6)
  a +0 robe
  a +0 spear
(1, 7, D:6)
  a +0 shortbow
(2, -4, D:6)
  a flail
(9, 4, D:6)
  a +0 flail
  a +0 hand axe
(9, 6, D:6)
  a +0 spear
(9, 7, D:6)
  a +0 spear
(11, 40, D:6)
  a +0 chain mail
  a +0 battleaxe
(13, 39, D:6)
  a +0 mace
  a cursed -2 chain mail
(14, -1, D:6)
  a +0 robe
  a +0 dagger
(15, -3, D:6)
  a +0 scale mail
  a +0 hand axe
(15, 27, D:6)
  a +0 chain mail
(15, 28, D:6)
  a +0 chain mail
  a +0 short sword
(16, -3, D:6)
  a +0 club
(16, 28, D:6)
  a buckler
(17, -2, D:6)
  a cursed -3 halberd
(19, 30, D:6)
  a +0 robe
(22, -7, D:6)
  a buckler

Level 7 of the Dungeon
(1, 5, D:7)
  a +1 pair of gloves
(5, -17, D:7)
  a +0 robe
(13, -3, D:7)
  a +0 club
(16, -3, D:7)
  a cursed -1 club
(20, -3, D:7)
  a +0 hand axe
(22, -3, D:7)
  a +0 ring mail
  a +0 club
  a +0 club
  a +0 leather armour
  a +0 hunting sling
(25, -6, D:7)
  a leather armour
(26, 20, D:7)
  a +0 dagger
  a +0 robe
(27, -9, D:7)
  a flail
(30, 7, D:7)
  a falchion
  a +0 dagger
  a +0 war axe
(33, 14, D:7)
  a +0 robe
(42, -16, D:7)
  a +0 robe
  a +0 dagger
(43, -16, D:7)
  a +0 ring mail
  a +0 robe
  a +0 dagger
(63, -19, D:7)
  a ring mail

Level 8 of the Dungeon
(0, 0, D:8)
  a +0 cloak
(2, -23, D:8)
  a chain mail
(7, 3, D:8)
  a +0 robe
  a cursed +0 spear
(9, -3, D:8)
  a dagger
(16, 12, D:8)
  a +0 robe
  a +0 long sword
  a +0 robe
(18, -23, D:8)
  a battleaxe
(24, -1, D:8)
  a +0 dagger
  a +0 chain mail
(27, -1, D:8)
  a +0 ring mail
  a +0 falchion
(36, 7, D:8)
  a leather armour
(40, 2, D:8)
  a +2 pair of gloves of archery
  a +1 cloak
  a +0 ring mail of fire resistance
  a +0 robe of magic resistance
  a cursed +0 plate armour
  a +0 troll leather armour
  a +2 robe of magic resistance
  a +0 plate armour
  a +2 helmet
  a +0 plate armour
  a +3 leather armour of fire resistance
  a +3 leather armour
  a +1 chain mail of poison resistance
  a +0 troll leather armour
  a +2 robe of fire resistance
  a +2 leather armour of magic resistance
  a +2 ring mail of poison resistance
  a +0 troll leather armour
  a +0 troll leather armour
  the +4 moon troll leather armour {Spirit, Regen++ MP+5}
    It affects your magic capacity (+5).
    It increases your rate of regeneration.
  a +0 plate armour
  a +0 robe of magic resistance
  a +2 leather armour of cold resistance
  a +2 robe of fire resistance
  a +0 plate armour
(41, 2, D:8)
  a +0 rapier of electrocution
  a +1 spear of venom
  a +3 trident of freezing
  a +1 trident of protection
  a +2 trident of protection
  a +2 spear of freezing
  a +1 rapier of freezing
  a +2 hunting sling of freezing
  a +2 rapier of protection
  a +3 hand axe
  a +1 antimagic morningstar
  a +5 falchion of slicing
  a +0 hand axe of electrocution
  a +2 mace of venom
  a +4 flail
  a +2 falchion of draining
  a +2 spear of flaming
  a +2 whip of electrocution
  a +0 trident of freezing
  a +5 hand axe of electrocution
  a +0 hunting sling of flaming
  a +1 morningstar of venom
  a +0 trident
  a +4 falchion
  a +2 flail
  a +3 flail
  a +4 trident
  a +0 flail
  a +1 scimitar of flaming
  a +3 short sword
  a +1 short sword of protection
  a +0 rapier of venom
  a +1 mace of protection
  a +1 long sword of freezing
  a +2 hand axe of flaming
  a +1 hand axe of freezing
  a +0 flail of crushing
  a +1 flail of crushing
  a +2 dagger
  a +0 dagger of speed
  a +0 dagger of venom
(42, 2, D:8)
  a +2 glaive of flaming
  a +4 shortbow
  a +0 halberd
  a +1 great sword of slicing
  a +1 great sword of slicing
  a +0 glaive
  a +0 arbalest
  a cursed +2 battleaxe
  a +0 bardiche
  a +1 shortbow of flaming
  a +0 arbalest
  a +0 bardiche
  a +0 glaive
(43, 2, D:8)
  a -3 ring of strength
  a ring of resist corrosion
  a ring of magical power
  a ring of magical power
  a cursed amulet of inaccuracy
  a -2 ring of intelligence
  an uncursed ring of attention

Level 9 of the Dungeon
(0, 0, D:9)
  a +0 dagger
  a +0 robe
(0, 2, D:9)
  a +0 club
  a +0 leather armour
  a +0 dagger
  a +0 robe
(0, 10, D:9)
  a +0 dagger
  a +0 robe
(5, -3, D:9)
  a +0 animal skin
  a +0 robe
  a +0 animal skin
  a +0 animal skin
(5, -1, D:9)
  a +0 shortbow
(6, -3, D:9)
  a +0 animal skin
(11, -11, D:9)
  a mace
(11, -10, D:9)
  a leather armour
(16, -15, D:9)
  a ring mail
(21, 24, D:9)
  a scimitar
(29, 9, D:9)
  a leather armour
(51, 11, D:9)
  a hand axe
(68, -27, D:9)
  a +0 shortbow

Level 10 of the Dungeon
(0, 0, D:10)
  a +0 leather armour
  a +0 hand axe
(3, -20, D:10)
  a +0 hand axe
(4, -25, D:10)
  a +0 chain mail
  a +0 short sword
(6, -26, D:10)
  a +0 ring mail
  a +0 short sword
(15, -8, D:10)
  a +0 leather armour
  a +0 whip
(16, 2, D:10)
  a quarterstaff
(17, -13, D:10)
  a +0 chain mail
  a +0 flail
  a +0 leather armour
(17, -12, D:10)
  a +0 scale mail
  a +0 short sword
(17, -8, D:10)
  a +0 whip
(17, -7, D:10)
  a ring mail
(19, -12, D:10)
  a +0 trident
(19, -3, D:10)
  an amulet of inaccuracy
(28, -6, D:10)
  a +0 club
(30, 6, D:10)
  a +0 robe
(31, -6, D:10)
  a scroll of random uselessness
(32, 7, D:10)
  a mace
(32, 9, D:10)
  a +0 robe
  a +0 shortbow
(32, 11, D:10)
  a +0 robe
  a +0 robe
  a cursed +0 short sword
(34, 12, D:10)
  a +0 robe
(35, -26, D:10)
  a club

Level 11 of the Dungeon
(0, 0, D:11)
  a scroll of random uselessness
(7, -14, D:11)
  a club
(25, -19, D:11)
  a robe
(26, 26, D:11)
  a ring mail
(35, 9, D:11)
  a robe
(47, -11, D:11)
  a +0 dagger
(47, -10, D:11)
  a +0 hand axe
(60, -2, D:11)
  a large rock
(60, 1, D:11)
  a +0 flail
(60, 2, D:11)
  3 large rocks

Level 12 of the Dungeon
(1, 7, D:12)
  a robe
(7, -1, D:12)
  a scarf of repulsion
  the +1 leather armour of Happiness {*Slow +Fly rF+++ rCorr}
    It renders you almost immune to fire.
    It lets you fly.
    It provides partial protection from all sources of acid and corrosion.
    It may slow you when you take damage.
  a +1 chain mail of fire resistance
  a +2 ring mail of magic resistance
  a +2 robe
  +2 acid dragon scales
  the cursed +0 robe "Vicregec" {Int+4 Stlth+}
    It affects your intelligence (+4).
    It makes you more stealthy.
    It has a curse placed upon it.
  a +1 chain mail of fire resistance
  a +0 troll leather armour
  a +0 leather armour of magic resistance
  a shield
  a +2 robe of magic resistance
  a +2 robe of positive energy
  a +1 ring mail of positive energy
  a +0 buckler
  a +0 shield
  a +0 shield
  a +0 chain mail of magic resistance
  a +0 buckler
  a +2 scale mail of magic resistance
  a +0 scale mail of poison resistance
(8, -1, D:12)
  a +1 falchion of slicing
  a +0 eveningstar
  a +0 falchion of freezing
  a +3 long sword
  a +2 vampiric war axe
  a +4 rapier of electrocution
  a +1 long sword of electrocution
  a +1 mace of holy wrath
  a +2 war axe of freezing
  a +1 trident of piercing
  a +1 vampiric short sword
  a +1 trident of piercing
  a +3 trident of protection
  a +1 short sword of draining
  a +1 long sword
  a +1 scimitar of draining
  a +2 long sword of holy wrath
  a +1 rapier of speed
  a +0 long sword of electrocution
  a +4 rapier of electrocution
  a +0 long sword of distortion
  a +5 long sword of electrocution
  a +1 hand axe of venom
  a +1 long sword of holy wrath
  a +3 long sword
  a +3 long sword of slicing
  a +0 hand axe of electrocution
  a +2 hand axe of freezing
(8, 8, D:12)
  a book of Minor Magic
(8, 17, D:12)
  a robe
(8, 19, D:12)
  a chain mail
(9, -1, D:12)
  a +1 battleaxe of freezing
  a +2 longbow of flaming
  a +0 great sword of flaming
  a +1 great mace
  a +0 executioner's axe of freezing
  a +2 great mace of protection
  a +2 great mace
  a +0 dire flail of protection
  a +2 dire flail
  a +0 arbalest of flaming
  a +2 battleaxe of freezing
  a +1 battleaxe of freezing
  a +1 arbalest of velocity
(10, -2, D:12)
  6 potions of flight
(10, -1, D:12)
  an uncursed ring of resist corrosion
  an uncursed ring of ice
  a staff of cold
  a +3 ring of protection
  a staff of poison
  a staff of summoning
  an uncursed ring of stealth
  a staff of fire
(10, 0, D:12)
  a +0 shortbow
  a lightning rod (4/4)
(12, 2, D:12)
  a +0 shortbow
(14, 5, D:12)
  a leather armour
(15, -33, D:12)
  a +0 flail
(15, -32, D:12)
  a falchion
(17, 19, D:12)
  a club
(18, 14, D:12)
  a dagger

Level 13 of the Dungeon
(0, 0, D:13)
  a pair of boots
(3, -6, D:13)
  a mace
(9, 6, D:13)
  a +0 flail
(23, 25, D:13)
  a +0 short sword
  a +0 longbow
(24, 25, D:13)
  a +0 short sword
(25, 26, D:13)
  a +0 dagger
(32, -4, D:13)
  a +0 chain mail
(32, -3, D:13)
  a +0 leather armour
  a cursed -3 war axe
  a +0 chain mail
  a +0 great sword
  a +0 giant spiked club
  a +0 giant club
  a +0 flail
(33, -8, D:13)
  a +0 chain mail
(33, -7, D:13)
  a cursed -1 short sword
(43, 9, D:13)
  a cursed +0 centaur barding
(46, 21, D:13)
  a cursed +0 robe
  a +0 war axe
  a +0 dagger
(47, 23, D:13)
  a +0 leather armour
  a +0 broad axe
(48, 23, D:13)
  a +0 scale mail
  a +0 rapier
  a +0 leather armour
  a +0 war axe

Level 14 of the Dungeon
(0, 0, D:14)
  a flail
(7, -15, D:14)
  a +0 robe
  a +0 dagger
(24, -15, D:14)
  a pair of gloves
(28, 22, D:14)
  a +0 shortbow
(29, 0, D:14)
  a large rock
(29, 21, D:14)
  a +0 shortbow
(36, -10, D:14)
  a +0 robe
(38, 2, D:14)
  a +0 dagger
(39, 14, D:14)
  a +0 ring mail
  a +0 dire flail
(39, 15, D:14)
  a +0 short sword
(40, -11, D:14)
  a large rock
(40, 14, D:14)
  a +0 arbalest
  a cursed +0 scale mail
  a +0 plate armour
  a +0 long sword
(46, -6, D:14)
  a +0 shortbow
(49, 31, D:14)
  a war axe

Level 15 of the Dungeon
(0, 0, D:15)
  a runed leather armour
(0, 1, D:15)
  a +2 helmet
  a +1 cloak of invisibility
  a +4 chain mail
  the +0 pair of gloves of Cuttoc {rPois}
    It protects you from poison.
  a +2 plate armour of magic resistance
(1, 0, D:15)
  a vampiric rapier
  a glowing blowgun
  a hand crossbow
  a hand crossbow
(1, 1, D:15)
  a +3 mace of holy wrath
  a +4 spear
  a +4 spear of freezing
  a +5 spear of piercing
  a +2 flail of protection
  the +3 spear "Ohuoc" {pain, Dex+2}
    In the hands of one skilled in necromantic magic, it inflicts extra damage
    on living creatures.
    
    It affects your dexterity (+2).
  a +4 scimitar of flaming
  a +4 trident of flaming
  a +0 dagger of draining
  a +3 dagger
  a +4 short sword
  18 needles of confusion
  13 tomahawks of returning
  934 bolts
  12 steel tomahawks
  6 silver tomahawks
  7 poisoned tomahawks
  2 exploding tomahawks
  4 throwing nets
  252 sling bullets
  15 curare-tipped needles
  34 javelins of returning
  a +4 flail
  a +4 dagger of distortion
  a +1 dagger of speed
  a +4 dagger of venom
  a +4 war axe
  a +3 spear of venom
  a +2 broad axe of freezing
  the +1 short sword of the Trees {antimagic, -Tele MP+9 Str+7 SInv}
    It reduces the magical energy of the wielder, and disrupts the spells and
    magical abilities of those hit. Natural abilities and divine invocations are
    not affected.
    
    It affects your strength (+7).
    It affects your magic capacity (+9).
    It lets you see invisible.
    It prevents most forms of teleportation.
  the +2 morningstar of the Shallot {venom, MR++ Str+7 Dex-5}
    It poisons the flesh of those it strikes.
    
    It affects your strength (+7).
    It affects your dexterity (-5).
    It affects your resistance to hostile enchantments.
  the +1 long sword "Dasytugh" {antimagic, +Rage MP-9 Int+2 SInv}
    It reduces the magical energy of the wielder, and disrupts the spells and
    magical abilities of those hit. Natural abilities and divine invocations are
    not affected.
    
    It affects your intelligence (+2).
    It affects your magic capacity (-9).
    It lets you see invisible.
    It lets you go berserk.
  the +6 flail of Eryfyzor {vamp, Int+2 Dex+5}
    It inflicts no extra harm, but heals its wielder when it wounds a living
    foe.
    
    It affects your intelligence (+2).
    It affects your dexterity (+5).
  a +1 hand axe of venom
  a +3 demon blade of freezing
  a +1 blowgun
  27 poisoned needles
(1, 2, D:15)
  a +1 short sword of protection
  a +1 flail of holy wrath
  a +3 dagger
  a +1 morningstar of draining
  a +3 trident of venom
  a +3 long sword
(2, 0, D:15)
  a lajatang
  a glowing arbalest
(2, 1, D:15)
  1103 arrows
  a +1 triple crossbow of velocity
  the +12 glaive of Prune {chop}
    It inflicts extra damage upon your enemies.
  the +7 glaive "Faof" {flame, rElec rPois MR+}
    It has been specially enchanted to burn those struck by it, causing extra
    injury to most foes and up to half again as much damage against particularly
    susceptible opponents. Big, fiery blades are also staple armaments of
    hydra-hunters.
    
    It insulates you from electricity.
    It protects you from poison.
    It affects your resistance to hostile enchantments.
  a +3 battleaxe
  a +2 executioner's axe of flaming
  a +1 antimagic battleaxe
  a +2 arbalest of freezing
  a +2 battleaxe of freezing
(2, 2, D:15)
  a +2 bardiche of electrocution
  a +0 vampiric glaive
  a +3 longbow of flaming
  a +2 halberd of freezing
  a +3 vampiric halberd
  a +2 halberd of venom
  a +2 great sword of flaming
  a +2 great sword of electrocution
  a +1 great sword of holy wrath
  a +2 great mace of crushing
  a +5 great mace
  a +2 dire flail of protection
  a +2 glaive of flaming
  a +4 bardiche of protection
(3, 0, D:15)
  a thin smoking staff
  10 scrolls of identify
(3, 1, D:15)
  an uncursed amulet of rage
  2 potions of lignification
  3 potions of invisibility
  5 potions of haste
  a crystal ball of energy
  an uncursed staff of energy
  an uncursed staff of death
  a +4 ring of protection
  2 potions of resistance
  an uncursed staff of power
  2 potions of cancellation
  an uncursed amulet of magic regeneration
  8 potions of ambrosia
  2 scrolls of summoning
  3 scrolls of silence
  2 scrolls of noise
  6 scrolls of immolation
  a scroll of holy word
  an uncursed staff of wizardry
  5 scrolls of fog
  an uncursed staff of cold
  6 scrolls of amnesia
  an uncursed amulet of faith
  a wand of polymorph (6)
  a wand of enslavement (7)
  an uncursed ring of poison resistance
  an uncursed staff of earth
  a wand of clouds (2)
  a +2 amulet of reflection
  a box of beasts
  5 potions of mutation
  2 potions of magic
  an uncursed ring of magical power
  an uncursed ring of ice
  an uncursed staff of fire
  the ring of Faser {rF- rN+ MP+9 Int+5}
    [ring of magical power]
    
    It affects your intelligence (+5).
    It makes you vulnerable to fire.
    It protects you from negative energy.
    It affects your magic capacity (+9).
  the ring "Niloseso" {rPois rC- Int+4 Slay+2 Stlth+}
    [ring of poison resistance]
    
    It affects your intelligence (+4).
    It affects your accuracy and damage with ranged weapons and melee attacks
    (+2).
    It makes you vulnerable to cold.
    It protects you from poison.
    It makes you more stealthy.
  an uncursed amulet of guardian spirit
  an uncursed staff of summoning
  an uncursed staff of poison
(7, -27, D:15)
  a robe
(12, 14, D:15)
  a +0 shortbow
(16, 13, D:15)
  a ring mail
(29, -17, D:15)
  a +0 ring mail
  a +0 whip
(30, 6, D:15)
  a great mace
(35, -20, D:15)
  a +0 mace
(42, 1, D:15)
  a +0 robe
  a +0 dagger

the Ecumenical Temple

Level 1 of the Orcish Mines
(0, 0, Orc:1)
  a +0 falchion
(0, 14, Orc:1)
  a +0 robe
  a cursed -3 dagger
(1, 15, Orc:1)
  a +0 plate armour
  a +0 mace
(4, 14, Orc:1)
  a +0 giant club
(10, 1, Orc:1)
  a +0 club
(11, 0, Orc:1)
  a +0 chain mail
  a +0 hand axe
(11, 1, Orc:1)
  a +0 chain mail
  a +0 flail
  a +0 mace
(12, 0, Orc:1)
  a +0 club
(28, -6, Orc:1)
  a short sword
(29, -1, Orc:1)
  a +0 chain mail
  a +0 scimitar
(31, -3, Orc:1)
  a +0 scale mail
  a +0 whip
(32, -4, Orc:1)
  a +0 hand axe
(32, -3, Orc:1)
  a +0 leather armour
  a +0 flail
(33, -3, Orc:1)
  a +0 mace
(40, -2, Orc:1)
  a +0 chain mail
  a +0 dire flail
(41, 45, Orc:1)
  a +0 giant club
  a +0 giant spiked club
(42, 28, Orc:1)
  a +0 hand axe
(42, 41, Orc:1)
  a +0 troll leather armour
(43, 41, Orc:1)
  a +0 robe
  a +0 dagger
(43, 43, Orc:1)
  a large rock
(43, 44, Orc:1)
  a +0 robe
  a +0 dagger
(43, 45, Orc:1)
  a +0 chain mail
  a +0 short sword
(43, 46, Orc:1)
  a +0 giant club
(44, 40, Orc:1)
  a +0 giant club
(44, 41, Orc:1)
  a +0 giant club
(44, 42, Orc:1)
  2 large rocks
(44, 45, Orc:1)
  a +0 robe
  a +0 dagger

Level 2 of the Orcish Mines
[Shop] Kehechiedo's Antique Armour Emporium
  a pair of gloves (126 gold)
  a leather armour (56 gold)
  a glowing ring mail (196 gold)
  a chain mail (126 gold)
  a helmet (126 gold)
  a glowing scale mail (196 gold)
  a robe (19 gold)
  a helmet (126 gold)
  a chain mail (126 gold)
[Shop] Caofel's General Store
  a +1 pair of gloves of archery (214 gold)
  a +0 leather armour (26 gold)
  an uncursed ring of stealth (227 gold)
  a +0 short sword (39 gold)
  a +0 broad axe (52 gold)
  24 stones (31 gold)
  a +0 hand axe (39 gold)
  2 potions of ambrosia (208 gold)
  a fan of gales (520 gold)
[Shop] Liedi's General Store
  a +0 glaive (84 gold)
  the ring of Sizenn {rPois rC- Str+4 Stlth+} (391 gold)
    [ring of stealth]
    
    It affects your strength (+4).
    It makes you vulnerable to cold.
    It protects you from poison.
    It makes you more stealthy.
  14 stones (18 gold)
  21 arrows (54 gold)
  13 stones (16 gold)
  a scroll of silence (97 gold)
  21 stones (27 gold)
  a scroll of remove curse (39 gold)
[Shop] Doaboaze's Weapon Shop
  a +0 whip (32 gold)
  25 sling bullets (162 gold)
  24 arrows (62 gold)
  13 sling bullets (84 gold)
  a +0 dagger (26 gold)
  22 stones (28 gold)
  a +3 hunting sling of flaming (256 gold)
  a cursed -2 great mace (1 gold)
  a +3 flail of protection (275 gold)
  a +3 scythe of holy wrath (291 gold)
(0, 0, Orc:2)
  a +0 cloak
  a cursed +0 short sword
(1, 2, Orc:2)
  a +0 giant club
(3, 1, Orc:2)
  a +0 scale mail
  a +0 hand axe
(6, 8, Orc:2)
  a +0 trident
(6, 9, Orc:2)
  a +0 plate armour
  a +0 long sword
(6, 10, Orc:2)
  a +0 chain mail
  a +0 long sword
(6, 15, Orc:2)
  a +0 chain mail
  a +0 mace
(7, 15, Orc:2)
  a +0 club
(13, 10, Orc:2)
  a +0 short sword
  a +0 hand axe
(14, 11, Orc:2)
  a leather armour
  a trident
(14, 12, Orc:2)
  a cursed -2 chain mail
  a +0 long sword
  a +0 chain mail
  a +0 war axe
(14, 13, Orc:2)
  a +0 plate armour
  a +0 long sword
(15, 11, Orc:2)
  a +0 chain mail
(15, 12, Orc:2)
  a +0 plate armour
  a +0 flail
(15, 13, Orc:2)
  a +0 plate armour
  a +0 war axe
  a +0 arbalest
(15, 14, Orc:2)
  a +0 chain mail
  a +0 club
  a +0 scale mail
  a +0 club
  a +0 chain mail
(16, -13, Orc:2)
  a +0 giant club
(16, 13, Orc:2)
  a +0 war axe
(17, 13, Orc:2)
  a +0 ring mail
  a cursed -3 war axe
(25, -7, Orc:2)
  a cursed +0 rapier
  a +0 dagger
(26, -7, Orc:2)
  a +0 short sword
  a +0 chain mail
  a cursed -1 long sword
(27, -6, Orc:2)
  a +0 scale mail
  a +0 long sword
(27, -5, Orc:2)
  a cursed +0 leather armour
  a cursed -2 long sword
(30, 17, Orc:2)
  a +0 club
(31, 10, Orc:2)
  a +0 chain mail
  a +0 scimitar
(31, 14, Orc:2)
  a +0 chain mail
(31, 15, Orc:2)
  a +0 plate armour
  a +0 halberd
(32, 15, Orc:2)
  a +0 leather armour
  a +0 club
(33, 9, Orc:2)
  a +0 chain mail
(36, 8, Orc:2)
  a +0 leather armour
  a +0 battleaxe
(37, 8, Orc:2)
  a +0 plate armour
  a +0 trident
(38, -16, Orc:2)
  a +0 short sword
(38, -15, Orc:2)
  a +0 troll leather armour
(38, -14, Orc:2)
  a +0 giant club
(38, -13, Orc:2)
  a robe
  a dagger
(39, -16, Orc:2)
  a +0 short sword
(39, 6, Orc:2)
  a +0 plate armour
  a +0 short sword
(40, -16, Orc:2)
  a +0 flail
(40, 5, Orc:2)
  a +0 flail
(42, 1, Orc:2)
  a +0 giant club
(43, -19, Orc:2)
  a +0 leather armour
  a +0 whip
  a +0 chain mail
  a +0 glaive
(44, -20, Orc:2)
  a +0 leather armour
  a +0 war axe
(44, -18, Orc:2)
  a +0 troll leather armour
(47, -18, Orc:2)
  a +0 whip
(48, -16, Orc:2)
  a +0 hand axe

Level 1 of the Elven Halls
[Shop] Foujel's Jewellery Shoppe
  a cursed ring of attention (63 gold)
  an uncursed ring of flight (unknown) (245 gold)
  an uncursed amulet of rage (560 gold)
  an uncursed ring of flight (unknown) (245 gold)
  an uncursed amulet of the acrobat (420 gold)
  an uncursed ring of positive energy (unknown) (280 gold)
  an uncursed amulet of regeneration (unknown) (420 gold)
  a +5 ring of dexterity (unknown) (576 gold)
  a cursed ring of teleportation (unknown) (63 gold)
(0, 0, Elf:1)
  a short sword
(7, -19, Elf:1)
  a long sword
(7, 11, Elf:1)
  a +0 leather armour
  a +0 short sword
(9, -19, Elf:1)
  a scroll of random uselessness
(10, -1, Elf:1)
  a plate armour
(13, 1, Elf:1)
  a dagger
(18, -22, Elf:1)
  a +0 short sword
  a +0 shortbow
  a +0 leather armour
  a +0 short sword
  a +0 longbow
(19, 2, Elf:1)
  a +0 war axe
  a +0 chain mail
  a +0 long sword
  a +0 ring mail
  a cursed +0 ring mail
  a cursed +0 long sword
(20, -22, Elf:1)
  a +0 ring mail
  a +0 short sword
  a +0 long sword
  a +0 chain mail
  a +0 dagger
  a +0 rapier
(20, -18, Elf:1)
  a +0 morningstar
(20, 2, Elf:1)
  a +0 mace
  a +0 leather armour
  a +0 long sword
  a +0 leather armour
(21, -8, Elf:1)
  a dagger
(22, -22, Elf:1)
  a +0 long sword
(23, -10, Elf:1)
  a short sword
(23, 2, Elf:1)
  a +0 short sword
(24, -22, Elf:1)
  a +0 rapier
  a +0 leather armour
  a +0 leather armour
  a +0 short sword
  a +0 longbow
(28, -11, Elf:1)
  a rapier
(28, -5, Elf:1)
  a +0 short sword
(28, 3, Elf:1)
  a +0 leather armour
  a +0 club
  a +0 chain mail
  a +0 war axe
(29, 18, Elf:1)
  a +0 ring mail
  a cursed -3 rapier
(32, -11, Elf:1)
  a +0 leather armour
  a +0 dagger
(32, 22, Elf:1)
  a +0 ring mail
  a +0 long sword
(32, 24, Elf:1)
  a cursed -1 leather armour
  a +0 rapier
  a +0 rapier
(49, -12, Elf:1)
  a +0 dagger
(49, -4, Elf:1)
  a +0 ring mail
  a +0 short sword
(50, -23, Elf:1)
  a battleaxe
(50, -6, Elf:1)
  a +0 leather armour
  a +0 long sword
  a +0 leather armour
  a +0 scimitar
  a +0 shortbow
  a +0 leather armour
  a +0 dagger
  a +0 longbow
(51, -6, Elf:1)
  a +0 rapier
(52, -6, Elf:1)
  a +0 long sword
  a +0 short sword
(53, -6, Elf:1)
  a cursed +0 leather armour
  a +0 long sword
(53, 10, Elf:1)
  a ring mail
  (unseen)
(56, -28, Elf:1)
  a whip
(59, 9, Elf:1)
  a +0 leather armour
  a +0 dagger
  a +0 longbow
(61, -20, Elf:1)
  a +0 rapier
(62, -21, Elf:1)
  a +0 short sword
(62, 12, Elf:1)
  a +0 dagger
(66, -3, Elf:1)
  a +0 ring mail
  a +0 falchion
(66, 1, Elf:1)
  a +0 scale mail
  a +0 hand axe
(67, -2, Elf:1)
  a +0 chain mail
  a +0 leather armour
  a +0 rapier
(68, -8, Elf:1)
  a cursed +0 dagger
(68, 0, Elf:1)
  a cursed -2 club
(69, -1, Elf:1)
  a +0 scale mail
  a +0 dire flail

Level 2 of the Elven Halls
(0, 0, Elf:2)
  a +0 leather armour
  a +0 long sword
  a +0 ring mail
  a +0 scimitar
(1, -2, Elf:2)
  a +0 long sword
(3, 34, Elf:2)
  a cursed -3 shortbow
(7, -3, Elf:2)
  a +0 dagger
(11, -11, Elf:2)
  a +0 dagger
(14, 10, Elf:2)
  a rapier
(23, 21, Elf:2)
  a +0 leather armour
  a +0 short sword
(24, -2, Elf:2)
  a +0 rapier
  a +0 rapier
(24, 5, Elf:2)
  a great sword
(24, 18, Elf:2)
  a +0 long sword
(24, 21, Elf:2)
  a +0 leather armour
  a +0 long sword
(25, 14, Elf:2)
  a +0 dagger
(26, 13, Elf:2)
  a +0 long sword
  a cursed +0 scale mail
  a cursed +0 dagger
(27, -5, Elf:2)
  a +0 leather armour
  a +0 dagger
(28, 13, Elf:2)
  a +0 leather armour
  a +0 long sword
  a +0 short sword
(28, 21, Elf:2)
  a +0 chain mail
(29, 14, Elf:2)
  a +0 leather armour
  a +0 rapier
(32, 11, Elf:2)
  a +0 long sword
(33, -5, Elf:2)
  a ring mail
(34, 14, Elf:2)
  a +0 dagger
(44, 23, Elf:2)
  a +0 long sword
(48, 4, Elf:2)
  a robe
(48, 32, Elf:2)
  a +0 hand axe of flaming
  a +0 pair of gloves
  a +0 cloak
(49, 14, Elf:2)
  a +0 long sword
(49, 15, Elf:2)
  a +0 long sword
(49, 23, Elf:2)
  a +0 leather armour
(49, 31, Elf:2)
  a +0 long sword
(49, 33, Elf:2)
  a +0 hand axe of freezing
  a +0 ring mail
  a +0 rapier
(49, 35, Elf:2)
  a +0 long sword
(52, -8, Elf:2)
  a +0 ring mail
  a +0 long sword
(55, 10, Elf:2)
  a hunting sling

Level 3 of the Elven Halls
[Shop] Ypiugesm's Jewellery Emporium
  an uncursed ring of magical power (360 gold)
  an uncursed amulet of rage (720 gold)
  an uncursed ring of see invisible (unknown) (270 gold)
  an uncursed ring of stealth (315 gold)
  an uncursed ring of stealth (315 gold)
  an uncursed ring of positive energy (unknown) (360 gold)
  an uncursed ring of flight (unknown) (315 gold)
  a cursed -2 ring of intelligence (36 gold)
  an uncursed ring of ice (450 gold)
  an uncursed ring of protection from cold (450 gold)
  an uncursed ring of see invisible (unknown) (270 gold)
(0, 0, Elf:3)
  a lightning rod (4/4)
(1, 0, Elf:3)
  a dagger
(1, 1, Elf:3)
  a rapier
(2, 0, Elf:3)
  a short sword
(2, 2, Elf:3)
  a leather armour
(3, 3, Elf:3)
  a robe
(6, -10, Elf:3)
  a +0 leather armour
  a +0 short sword
(6, -7, Elf:3)
  a +0 scale mail
  a +0 long sword
(6, -5, Elf:3)
  a +0 scale mail
  a +0 short sword
(7, -7, Elf:3)
  a +0 leather armour
  a cursed staff of wizardry
(7, -4, Elf:3)
  a +0 long sword
(8, -26, Elf:3)
  a +0 rapier
(8, -24, Elf:3)
  a +0 short sword
(8, -22, Elf:3)
  a +0 ring mail
  a +0 rapier
(8, -17, Elf:3)
  a +0 leather armour
  a cursed -1 short sword
(9, -40, Elf:3)
  a +0 long sword
(9, -39, Elf:3)
  a +0 leather armour
  a +0 long sword
(9, -38, Elf:3)
  a +0 leather armour
  a +0 longbow
(9, -36, Elf:3)
  a +0 leather armour
(9, -34, Elf:3)
  a +0 long sword
  a +0 leather armour
(9, -29, Elf:3)
  a +0 longbow
  a +0 leather armour
(9, -28, Elf:3)
  a +0 rapier
(9, -27, Elf:3)
  a +0 chain mail
  a +0 long sword
(9, -26, Elf:3)
  a cursed +0 ring mail
  a +0 short sword
  a +0 long sword
(9, -15, Elf:3)
  a +0 long sword
(10, -33, Elf:3)
  a +0 chain mail
(10, -29, Elf:3)
  a +0 long sword
(10, 4, Elf:3)
  a book of Callings
(14, 1, Elf:3)
  a dagger
(16, -56, Elf:3)
  a great mace
(16, 3, Elf:3)
  a dagger
(17, -1, Elf:3)
  a short sword
(17, 2, Elf:3)
  a rapier
(17, 4, Elf:3)
  a short sword
(21, -55, Elf:3)
  a +0 long sword
(23, -38, Elf:3)
  a +0 leather armour
  a +0 short sword
(23, -30, Elf:3)
  a +0 long sword
(32, -20, Elf:3)
  a +0 long sword
  a +0 leather armour
(35, -56, Elf:3)
  a +0 shortbow
(35, -24, Elf:3)
  a +0 short sword
(37, -56, Elf:3)
  a +0 shortbow
  14 arrows
(37, -9, Elf:3)
  a +0 leather armour
  a +0 short sword
(38, -33, Elf:3)
  a +0 leather armour
  a +0 short sword
  a +0 shortbow
(38, -32, Elf:3)
  a +0 long sword
(48, -31, Elf:3)
  a +0 leather armour
  a +0 short sword
(59, -10, Elf:3)
  a +0 ring mail
(61, -15, Elf:3)
  a +0 leather armour
(61, -13, Elf:3)
  a +0 long sword
  a +0 long sword
  a +0 shortbow
  a leather armour
(61, -10, Elf:3)
  a cursed +0 leather armour
  a +0 short sword
  a +0 shortbow
(63, -54, Elf:3)
  a book of Power
(65, -9, Elf:3)
  a +0 short sword
(67, 0, Elf:3)
  a robe

Level 1 of the Lair of Beasts
(0, 0, Lair:1)
  a hand axe
(0, 8, Lair:1)
  a ring mail
(7, 5, Lair:1)
  a quarterstaff
(7, 28, Lair:1)
  a war axe
(34, 0, Lair:1)
  a ring mail
(41, 0, Lair:1)
  a scale mail
(59, -16, Lair:1)
  a scroll of random uselessness
(60, 17, Lair:1)
  a hunting sling
(66, -17, Lair:1)
  a quarterstaff

Level 2 of the Lair of Beasts
(0, 0, Lair:2)
  a battleaxe
(1, 32, Lair:2)
  a shortbow
(6, 3, Lair:2)
  a cloak
(29, -3, Lair:2)
  a pair of gloves

Level 3 of the Lair of Beasts
(0, 0, Lair:3)
  a hand axe
(19, 9, Lair:3)
  a rapier
(22, -29, Lair:3)
  a ring mail
(26, -28, Lair:3)
  a whip
(30, 12, Lair:3)
  a +0 shortbow

Level 4 of the Lair of Beasts
(18, 31, Lair:4)
  a quarterstaff
(18, 34, Lair:4)
  a ring mail
(19, 17, Lair:4)
  a great mace
(21, -8, Lair:4)
  a ring mail
(26, -2, Lair:4)
  a +0 leather armour
  a +0 whip
(37, 27, Lair:4)
  a battleaxe
(43, 28, Lair:4)
  a leather armour
(46, -2, Lair:4)
  a +0 spear
(47, -4, Lair:4)
  a +0 trident
(47, 34, Lair:4)
  a chain mail
(48, -4, Lair:4)
  a +0 robe
  a +0 trident
(49, 3, Lair:4)
  a +0 shortbow
(52, -4, Lair:4)
  a quarterstaff

Level 5 of the Lair of Beasts
(0, 0, Lair:5)
  a chain mail
(31, -14, Lair:5)
  a leather armour
(36, -12, Lair:5)
  a +0 flail
(59, -10, Lair:5)
  a ring mail

Level 6 of the Lair of Beasts
(0, 0, Lair:6)
  a long sword
(2, 13, Lair:6)
  a scale mail
(20, 1, Lair:6)
  a trident
(24, 20, Lair:6)
  a quarterstaff
(26, 14, Lair:6)
  a battleaxe
(33, 8, Lair:6)
  a chain mail
(37, 7, Lair:6)
  a chain mail
(53, 17, Lair:6)
  a scale mail
(54, 17, Lair:6)
  a staff of summoning
(55, 16, Lair:6)
  a leather armour

Level 1 of the Shoals
(0, 0, Shoals:1)
  a +0 leather armour
(1, -1, Shoals:1)
  a +0 leather armour
(2, -1, Shoals:1)
  a +0 trident
(10, 6, Shoals:1)
  a +0 spear
  a +0 hunting sling
(18, -1, Shoals:1)
  a +0 trident
(20, 8, Shoals:1)
  a +0 spear
  a +0 hunting sling
(33, 6, Shoals:1)
  a scroll of random uselessness
(39, 8, Shoals:1)
  a +0 trident
(40, 6, Shoals:1)
  a +0 trident
(42, 19, Shoals:1)
  a +0 leather armour
  a +0 flail
(43, 1, Shoals:1)
  a long sword
(43, 17, Shoals:1)
  a pair of boots
(53, 5, Shoals:1)
  a +0 shortbow

Level 2 of the Shoals
[Shop] Isitho Icwi's Antique Weapon Emporium
  a rapier (108 gold)
  the +5 demon whip "Spellbinder" {antimagic, MR+} (2230 gold)
    It reduces the magical energy of the wielder, and disrupts the spells and
    magical abilities of those hit. Natural abilities and divine invocations are
    not affected.
    
    It affects your resistance to hostile enchantments.
  a hunting sling (40 gold)
  a scythe (81 gold)
  a battleaxe (175 gold)
  a war axe (94 gold)
  a mace (81 gold)
(0, 0, Shoals:2)
  a cursed -1 shortbow
(1, -7, Shoals:2)
  a large rock
(4, -9, Shoals:2)
  a large rock
(5, 6, Shoals:2)
  a large rock
(5, 7, Shoals:2)
  a +0 club
  a +0 hunting sling
(9, 31, Shoals:2)
  a giant club
(12, 8, Shoals:2)
  a +0 robe
(13, 8, Shoals:2)
  2 arrows
(15, 15, Shoals:2)
  a +0 trident
(16, 0, Shoals:2)
  a chain mail
(20, 25, Shoals:2)
  a +0 quarterstaff
(21, -13, Shoals:2)
  a +0 trident
(23, -5, Shoals:2)
  a flail
(25, 5, Shoals:2)
  a stone
(26, 4, Shoals:2)
  a +0 plate armour
(28, -1, Shoals:2)
  2 stones
(30, 6, Shoals:2)
  a +0 hunting sling
(31, 7, Shoals:2)
  a +0 spear
  a +0 hunting sling
(31, 10, Shoals:2)
  a hunting sling
(34, 5, Shoals:2)
  a +0 hunting sling
(36, 25, Shoals:2)
  a +0 club
(37, 33, Shoals:2)
  a +0 spear
(38, 0, Shoals:2)
  a +0 hunting sling
(45, 27, Shoals:2)
  a ring mail
(49, 16, Shoals:2)
  a +0 trident
(49, 18, Shoals:2)
  a +0 robe
(51, 16, Shoals:2)
  a +0 robe
  a +0 rapier
(51, 17, Shoals:2)
  an arrow
  a +0 club
  a cursed -1 hunting sling

Level 3 of the Shoals
(0, 0, Shoals:3)
  a plate armour
(2, 28, Shoals:3)
  a +0 trident
(7, 0, Shoals:3)
  2 large rocks
(14, 18, Shoals:3)
  a +0 leather armour
(14, 22, Shoals:3)
  a scale mail
(18, 25, Shoals:3)
  a +0 trident
(20, 24, Shoals:3)
  a cursed +0 robe
(20, 25, Shoals:3)
  a +0 leather armour
(31, -3, Shoals:3)
  a +0 spear
(31, 0, Shoals:3)
  a +0 club
  a +0 hunting sling
  a cursed -3 hunting sling
(31, 2, Shoals:3)
  a +0 trident
(32, -5, Shoals:3)
  a +0 hunting sling
(32, 1, Shoals:3)
  a large rock
(33, -2, Shoals:3)
  9 large rocks
(33, 0, Shoals:3)
  4 large rocks
(33, 1, Shoals:3)
  a +0 hunting sling
(35, -2, Shoals:3)
  4 large rocks
(36, -6, Shoals:3)
  a +0 spear
  a +0 hunting sling
(36, 3, Shoals:3)
  a +0 trident
(37, -4, Shoals:3)
  a +0 shortbow
(37, 21, Shoals:3)
  a ring mail
(39, 5, Shoals:3)
  a large rock
(40, 4, Shoals:3)
  a large rock
(41, -1, Shoals:3)
  a large rock
(43, -8, Shoals:3)
  3 large rocks
(43, -7, Shoals:3)
  a large rock
(43, -6, Shoals:3)
  a large rock
(44, -7, Shoals:3)
  3 large rocks
(51, -5, Shoals:3)
  a +0 trident
(51, -4, Shoals:3)
  a +0 quarterstaff
  a +0 longbow
(52, -3, Shoals:3)
  a +0 quarterstaff
(52, 2, Shoals:3)
  a robe
(53, -4, Shoals:3)
  a +0 robe
  a +0 rapier
(54, -8, Shoals:3)
  a +0 trident
(54, -5, Shoals:3)
  a +0 spear
  a +0 hunting sling
  a cursed -1 spear
  a +0 hunting sling
(54, -4, Shoals:3)
  a +0 trident
(54, 28, Shoals:3)
  a chain mail
(55, 2, Shoals:3)
  a +0 spear
(61, 7, Shoals:3)
  a +0 spear
(64, 8, Shoals:3)
  a +0 spear

Level 4 of the Shoals
[Shop] Dicemiro's Gadget Emporium
  a phantom mirror (390 gold)
  a wand of acid (4) (208 gold)
  a crystal ball of energy (260 gold)
  a lightning rod (4/4) (520 gold)
  a crystal ball of energy (260 gold)
  a phantom mirror (390 gold)
  a phantom mirror (390 gold)
  a lightning rod (4/4) (520 gold)
  a fan of gales (520 gold)
  a lamp of fire (520 gold)
(0, 0, Shoals:4)
  a +0 robe
(1, -1, Shoals:4)
  a +0 trident
(4, -5, Shoals:4)
  a +0 trident
(5, -15, Shoals:4)
  a cursed +0 robe
(6, -7, Shoals:4)
  a +0 leather armour
(7, -8, Shoals:4)
  a +0 trident
(8, -2, Shoals:4)
  a quarterstaff
(17, -21, Shoals:4)
  a +0 arbalest
(18, -28, Shoals:4)
  a trident
(24, -17, Shoals:4)
  a chain mail
(25, -19, Shoals:4)
  a +0 great mace
(32, -34, Shoals:4)
  a potion of degeneration
(35, -15, Shoals:4)
  a +0 trident
(37, -9, Shoals:4)
  a +0 trident
(45, -33, Shoals:4)
  a +0 shortbow
(47, 0, Shoals:4)
  a +0 shortbow
(48, -5, Shoals:4)
  a +0 shortbow
(52, 0, Shoals:4)
  a +0 robe
(53, -23, Shoals:4)
  a +0 leather armour
  a +0 spear
(53, -22, Shoals:4)
  a +0 trident
(53, -2, Shoals:4)
  a +0 trident
(56, -28, Shoals:4)
  a scroll of random uselessness

Level 1 of the Spider Nest
(0, 0, Spider:1)
  a ring mail
(5, 27, Spider:1)
  a book of Necromancy
(35, 28, Spider:1)
  17 bolts
(36, 30, Spider:1)
  a hand axe
(41, 17, Spider:1)
  a leather armour

Level 2 of the Spider Nest
(0, 0, Spider:2)
  a pair of gloves
(10, 10, Spider:2)
  a potion of degeneration
(18, 1, Spider:2)
  a hand axe
(28, 5, Spider:2)
  a staff of cold
(31, 2, Spider:2)
  a small copper amulet

Level 4 of the Spider Nest
(0, 0, Spider:4)
  a shortbow
(18, 0, Spider:4)
  a hand axe
(28, 13, Spider:4)
  a pair of boots

Level 5 of the Pits of Slime
(0, 0, Slime:5)
  a trident
(1, -3, Slime:5)
  a fan of gales
(1, 0, Slime:5)
  a staff of power
(2, -12, Slime:5)
  a lamp of fire
(2, -10, Slime:5)
  39 bolts
(2, -2, Slime:5)
  a hand axe
(3, -10, Slime:5)
  a plate armour
(7, -6, Slime:5)
  a +0 hand axe
(10, 0, Slime:5)
  a lightning rod (4/4)
(11, -11, Slime:5)
  a flail
(12, -1, Slime:5)
  a giant club

Level 1 of the Vaults
[Shop] Bannudi's Gadget Shoppe
  a wand of scattershot (3) (357 gold)
  a sack of spiders (340 gold)
  a sack of spiders (340 gold)
  a wand of iceblast (7) (187 gold)
  a wand of polymorph (9) (187 gold)
  a box of beasts (340 gold)
  a wand of digging (6) (340 gold)
  a fan of gales (680 gold)
  a crystal ball of energy (340 gold)
  a lamp of fire (680 gold)
  a wand of flame (15) (144 gold)
(0, 0, Vaults:1)
  a +0 ring mail
  a +0 morningstar
(6, 13, Vaults:1)
  a robe
(7, 15, Vaults:1)
  a club
(13, 7, Vaults:1)
  a scimitar
(21, 25, Vaults:1)
  a +0 arbalest
(23, 24, Vaults:1)
  a +0 arbalest
(23, 26, Vaults:1)
  a +0 giant club
  a +0 giant club
(24, 27, Vaults:1)
  a +0 chain mail
  a +0 battleaxe
  a +0 giant club
  a +0 giant club
  a +0 giant club
(24, 28, Vaults:1)
  a +0 scale mail
  a +0 flail
  a +0 giant club
  a +0 giant club
(24, 29, Vaults:1)
  a +0 dire flail
  a +0 giant club
(25, 27, Vaults:1)
  a +0 ring mail
(25, 29, Vaults:1)
  a +0 ring mail
  a +0 great mace
  a +0 plate armour
  a +0 giant club
  a +0 giant club
(26, 9, Vaults:1)
  a +0 ring mail
  a +0 falchion
(28, 14, Vaults:1)
  a +0 robe
  a +0 club
(29, 29, Vaults:1)
  a +0 arbalest
  a +0 plate armour
  a +0 battleaxe
  a +0 arbalest
(30, 29, Vaults:1)
  a +0 mace
(33, 23, Vaults:1)
  a +0 robe
  a +0 dagger
  a +0 scale mail
  a +0 great mace
  a cursed -3 shortbow
(36, 23, Vaults:1)
  a +0 scale mail
  a +0 morningstar
(37, 23, Vaults:1)
  a +0 arbalest
(38, 23, Vaults:1)
  a +0 hand axe
(38, 24, Vaults:1)
  a cursed +0 giant club
  a +0 giant club
(39, 26, Vaults:1)
  a +0 arbalest
(39, 28, Vaults:1)
  a +0 plate armour
(40, 28, Vaults:1)
  a +0 chain mail
  a +0 chain mail
  a +0 battleaxe
  a +0 giant spiked club
  a +0 giant club
  a +0 robe
  a +0 club
(41, 27, Vaults:1)
  a +0 flail
(41, 52, Vaults:1)
  a hand axe
(42, 27, Vaults:1)
  a +0 trident
(42, 29, Vaults:1)
  a +0 leather armour
  a +0 hand axe
(45, 30, Vaults:1)
  a +0 giant spiked club
  a +0 giant club
(45, 31, Vaults:1)
  a cursed -1 giant club
  a cursed -1 giant spiked club
(46, 30, Vaults:1)
  a +0 giant club
  a +0 giant spiked club
(47, 32, Vaults:1)
  a +0 giant spiked club
  a cursed -3 giant club
(48, 58, Vaults:1)
  a +0 giant club
  a +0 giant club
  a +0 giant club
(63, 22, Vaults:1)
  a scale mail

Level 2 of the Vaults
(0, 0, Vaults:2)
  a chain mail
(1, -15, Vaults:2)
  a +0 leather armour
  a -2 dagger
(2, -51, Vaults:2)
  a robe
(3, -19, Vaults:2)
  a +0 ring mail
  a +0 dire flail
(15, -49, Vaults:2)
  a +0 short sword
(16, -31, Vaults:2)
  a leather armour
(17, -49, Vaults:2)
  a +0 shortbow
(17, -39, Vaults:2)
  a +0 arbalest
(18, -39, Vaults:2)
  a leather armour
(19, -18, Vaults:2)
  a cursed -1 plate armour
(20, -3, Vaults:2)
  a +0 trident
  a +0 robe
(23, -39, Vaults:2)
  a +0 long sword
(27, -3, Vaults:2)
  a scale mail
(29, 5, Vaults:2)
  a quarterstaff
(33, -49, Vaults:2)
  a +0 robe
  a +0 dagger
(35, -50, Vaults:2)
  a +0 long sword
(38, -54, Vaults:2)
  a +0 flail
(38, -53, Vaults:2)
  a +0 leather armour
  a +0 dagger
(38, -25, Vaults:2)
  a +0 arbalest
(39, -56, Vaults:2)
  a +0 hand axe
  a potion of degeneration
(39, -54, Vaults:2)
  a +0 chain mail
  a +0 trident
  a +0 chain mail
  a +0 chain mail
  a +0 great mace
  a +0 chain mail
(39, -21, Vaults:2)
  a +0 plate armour
(40, -54, Vaults:2)
  a large rock
(40, -53, Vaults:2)
  a +0 arbalest
(40, -27, Vaults:2)
  a +0 arbalest
(40, -25, Vaults:2)
  a +0 arbalest
(41, -54, Vaults:2)
  a +0 robe
  a +0 dagger
  a +0 plate armour
(43, -4, Vaults:2)
  a cursed -1 giant club
  a +0 dire flail
  a +0 robe
(43, -3, Vaults:2)
  a +0 giant club
  a +0 giant club
(49, 1, Vaults:2)
  a large rock
(50, -23, Vaults:2)
  a large rock
(51, -3, Vaults:2)
  2 large rocks
(52, -37, Vaults:2)
  a ring mail
(52, -7, Vaults:2)
  a large rock
(52, -6, Vaults:2)
  a large rock
(53, -9, Vaults:2)
  a large rock
(59, -57, Vaults:2)
  a ring mail
(66, -4, Vaults:2)
  a pair of gloves
(70, -11, Vaults:2)
  a +0 arbalest
(70, -10, Vaults:2)
  a +0 arbalest
(70, -9, Vaults:2)
  a +0 arbalest

Level 3 of the Vaults
(0, 0, Vaults:3)
  a +0 falchion
(2, 19, Vaults:3)
  a +0 giant spiked club
  a +0 dire flail
  a +0 giant spiked club
(2, 21, Vaults:3)
  a +0 giant club
  a +0 giant spiked club
(3, -32, Vaults:3)
  a +0 ring mail
  a +0 morningstar
(3, -29, Vaults:3)
  a +0 chain mail
  a +0 great sword
(4, -1, Vaults:3)
  2 large rocks
(6, 1, Vaults:3)
  a large rock
(7, -1, Vaults:3)
  a scale mail
(10, 9, Vaults:3)
  a +0 arbalest
(10, 10, Vaults:3)
  a +0 arbalest
(10, 11, Vaults:3)
  a +0 arbalest
(11, 10, Vaults:3)
  a +0 robe
(12, 15, Vaults:3)
  a +0 leather armour
  a +0 short sword
(14, -36, Vaults:3)
  a +0 giant club
  a +0 giant spiked club
  a +0 giant club
(16, -35, Vaults:3)
  a +0 giant spiked club
(18, 5, Vaults:3)
  a +0 shortbow
(21, -31, Vaults:3)
  a plate armour
(21, -17, Vaults:3)
  a +0 arbalest
(22, -28, Vaults:3)
  a +0 mace
  a +0 scale mail
(23, -4, Vaults:3)
  a +0 shortbow
(28, -31, Vaults:3)
  a large rock
(29, -34, Vaults:3)
  a +0 long sword
(29, -31, Vaults:3)
  2 large rocks
(29, -29, Vaults:3)
  a leather armour
(30, 17, Vaults:3)
  a book of Maledictions
(31, -32, Vaults:3)
  a large rock
(32, -36, Vaults:3)
  a +0 long sword
(32, 10, Vaults:3)
  a +0 plate armour
  a +0 broad axe
(33, 11, Vaults:3)
  a +0 chain mail
  a +0 great mace
(35, -34, Vaults:3)
  a large rock
(35, -29, Vaults:3)
  2 large rocks
(35, 14, Vaults:3)
  a +0 leather armour
  a cursed -3 long sword
(36, 1, Vaults:3)
  an amulet of the acrobat
(37, 9, Vaults:3)
  a ring mail
(38, -35, Vaults:3)
  a +0 arbalest
  a +0 arbalest
(39, -33, Vaults:3)
  a +0 arbalest
(39, -14, Vaults:3)
  a +0 giant club
(42, -15, Vaults:3)
  a +0 giant spiked club
  a +0 giant spiked club
  a +0 dire flail
(42, -13, Vaults:3)
  a +0 arbalest
  a +0 dire flail
  a +0 arbalest
(42, 3, Vaults:3)
  a long sword
(43, -15, Vaults:3)
  a +0 plate armour
  a +0 long sword
(43, -13, Vaults:3)
  a +0 arbalest
  a cursed -3 arbalest
(44, -13, Vaults:3)
  a +0 arbalest
(44, -8, Vaults:3)
  a chain mail
(44, -2, Vaults:3)
  a hand axe
(44, -1, Vaults:3)
  a +0 ring mail
(46, 17, Vaults:3)
  a +0 dire flail
  a +0 dire flail
(47, -19, Vaults:3)
  a +0 plate armour
  a +0 great mace
  a +0 arbalest
(47, -9, Vaults:3)
  a +0 scale mail
(48, -20, Vaults:3)
  a +0 troll leather armour
(48, -19, Vaults:3)
  a +0 leather armour
  a +0 dagger
  a +0 shortbow
(49, -20, Vaults:3)
  a +0 troll leather armour
(49, -19, Vaults:3)
  a +0 chain mail
(49, -17, Vaults:3)
  a cursed +0 scale mail
  a +0 morningstar
  a +0 arbalest
(49, 12, Vaults:3)
  a large rock
(50, 12, Vaults:3)
  a large rock
(51, 11, Vaults:3)
  a large rock
(52, -29, Vaults:3)
  a +0 leather armour
  a +0 morningstar
  a +0 arbalest
(52, 10, Vaults:3)
  a large rock
(53, -29, Vaults:3)
  a +0 long sword
(55, -36, Vaults:3)
  a +0 arbalest
  a +0 ring mail
(56, 7, Vaults:3)
  a +0 ring mail
  a +0 flail
(57, -36, Vaults:3)
  a +0 plate armour
  a +0 arbalest
(57, 2, Vaults:3)
  a +0 leather armour
(57, 4, Vaults:3)
  a +0 leather armour
  a +0 rapier
(57, 17, Vaults:3)
  a +0 chain mail
  a +0 war axe
(58, -20, Vaults:3)
  a leather armour
(58, 1, Vaults:3)
  a +0 leather armour
  a +0 dagger
  a +0 longbow
(58, 2, Vaults:3)
  a +0 short sword
(58, 3, Vaults:3)
  a +0 dagger
  a +0 buckler
  a +0 scale mail
  a cursed -1 long sword
(58, 5, Vaults:3)
  a +0 leather armour
  a +0 short sword
  a +0 shortbow

Level 4 of the Vaults
[Shop] Qiublatt's General Store
  a +0 leather armour (40 gold)
  a potion of lignification (60 gold)
  a scroll of teleportation (60 gold)
  a +2 arbalest of flaming (402 gold)
  the cursed +1 ring mail of Sif Muna's Pride {Dex+2 Stlth+} (400 gold)
    It affects your dexterity (+2).
    It makes you more stealthy.
    It has a curse placed upon it.
  a book of Transfigurations (unknown) (1100 gold)
  a +0 broad axe (80 gold)
  a +0 hand crossbow (70 gold)
(0, 0, Vaults:4)
  a mace
(1, -3, Vaults:4)
  a +0 arbalest
(3, -3, Vaults:4)
  a +0 hand axe
(4, -4, Vaults:4)
  a +0 arbalest
(4, -3, Vaults:4)
  a +0 arbalest
  a +0 plate armour
  a +1 mace of crushing
(6, -4, Vaults:4)
  a +0 arbalest
(6, 40, Vaults:4)
  a +0 robe
  a +0 spear
(7, 14, Vaults:4)
  a +0 scale mail
  a +0 flail
(7, 39, Vaults:4)
  a +0 giant club
  a +0 giant club
  a +0 dire flail
  a +0 leather armour
  a +0 giant spiked club
(11, 13, Vaults:4)
  a cursed +0 plate armour
  a +0 glaive
(11, 39, Vaults:4)
  a +1 dire flail of draining
  a +0 scale mail
(15, 41, Vaults:4)
  a +0 chain mail
(22, 26, Vaults:4)
  2 large rocks
  a +0 giant club
  a +0 giant club
(23, 28, Vaults:4)
  a +0 giant spiked club
  a +0 giant club
  a +0 giant club
(24, 26, Vaults:4)
  a +0 giant club
(24, 28, Vaults:4)
  a +0 giant club
(25, 29, Vaults:4)
  a +0 dagger
(25, 31, Vaults:4)
  a +0 plate armour
  a +0 short sword
(26, 30, Vaults:4)
  a +0 chain mail
(29, 26, Vaults:4)
  a +0 plate armour
  a +0 battleaxe
(37, 11, Vaults:4)
  a +0 robe
  a cursed -2 spear
(41, 13, Vaults:4)
  a +0 plate armour
(41, 34, Vaults:4)
  a +0 giant club
(42, 19, Vaults:4)
  a +0 giant spiked club
  a +0 giant club
(42, 27, Vaults:4)
  a +0 giant club
  a +0 giant club
  a +0 giant spiked club
  a +0 dire flail
  a cursed +0 giant spiked club
  a +0 robe
  a +0 club
  a +0 flail
(43, 19, Vaults:4)
  a +0 dire flail
  a +0 giant spiked club
  a +0 plate armour
  a +0 great sword
(43, 26, Vaults:4)
  a +0 robe
  a +0 spear
(49, 8, Vaults:4)
  a +0 dire flail
  a +0 dire flail
(53, 10, Vaults:4)
  a +0 scale mail
  a cursed -1 long sword
(56, 0, Vaults:4)
  a +0 scale mail
(57, 27, Vaults:4)
  a +0 scale mail
  a +0 great mace
(59, 25, Vaults:4)
  a hand axe
(60, 12, Vaults:4)
  a +0 giant club
(62, 27, Vaults:4)
  a +0 giant club
  a +0 giant club
(63, 21, Vaults:4)
  a +0 giant club
  a +0 giant club
(63, 26, Vaults:4)
  a leather armour
  a +0 chain mail
  a +0 dire flail
(64, 13, Vaults:4)
  a large rock
(64, 17, Vaults:4)
  a +0 scale mail
  a +0 dire flail
(64, 18, Vaults:4)
  a large rock
(64, 19, Vaults:4)
  a +0 giant club
  4 large rocks
(64, 20, Vaults:4)
  a +0 robe
  a +0 club
(64, 23, Vaults:4)
  a +0 flail
(64, 26, Vaults:4)
  a giant spiked club
(65, -6, Vaults:4)
  a bardiche
(65, 16, Vaults:4)
  a +0 giant spiked club
(66, -10, Vaults:4)
  a +0 robe
  a +0 whip
(66, -7, Vaults:4)
  a +0 giant club
  a +0 giant spiked club
(67, 39, Vaults:4)
  a +0 plate armour
  a +0 war axe
(68, 35, Vaults:4)
  a +0 giant spiked club
(69, -8, Vaults:4)
  a +0 giant spiked club
  a +0 giant spiked club

Level 1 of the Depths
(0, 0, Depths:1)
  a +0 dire flail
  a +0 giant club
(0, 1, Depths:1)
  a +0 giant spiked club
  a +0 giant club
  a +0 giant club
  a +0 giant spiked club
(5, -16, Depths:1)
  a book of Enchantments
(14, -28, Depths:1)
  a scroll of identify
(15, -27, Depths:1)
  +0 fire dragon scales
(15, -3, Depths:1)
  7 curare-tipped needles
(17, -20, Depths:1)
  a +0 battleaxe of freezing
(17, -19, Depths:1)
  a +0 robe
  a +1 dagger of speed
(17, -4, Depths:1)
  a sapphire rapier
(18, -19, Depths:1)
  a +0 robe
  a +0 dagger
(18, -18, Depths:1)
  a +0 giant club
(18, -17, Depths:1)
  +0 ice dragon scales
  5 bolts
  a cursed +0 arbalest
(19, -19, Depths:1)
  a +0 hand axe
(19, -17, Depths:1)
  a +0 robe
(19, -16, Depths:1)
  a +0 mace
(20, -18, Depths:1)
  a +0 leather armour
  a +0 flail
(21, -18, Depths:1)
  a +0 short sword
(24, -25, Depths:1)
  a +0 morningstar
  a +2 robe of cold resistance
(25, -40, Depths:1)
  a +1 dagger of holy wrath
  a +0 robe
(27, -40, Depths:1)
  a distressingly furry scale mail
(28, -40, Depths:1)
  a short sword
(29, -30, Depths:1)
  a staff of fire
(29, -21, Depths:1)
  a glowing dagger
(30, -50, Depths:1)
  a hunting sling
(33, -19, Depths:1)
  a +1 flail of crushing
(34, -21, Depths:1)
  a +0 dire flail
(34, -20, Depths:1)
  a +0 mace
(36, -5, Depths:1)
  a morningstar
(40, -46, Depths:1)
  a ring of stealth
(40, -38, Depths:1)
  2 large rocks
(43, -41, Depths:1)
  a large rock
(43, -36, Depths:1)
  a giant spiked club
(44, -53, Depths:1)
  a +0 robe
(44, -42, Depths:1)
  a large rock
(45, -39, Depths:1)
  a +0 robe
(52, -12, Depths:1)
  16 sling bullets
(55, -21, Depths:1)
  a +1 demon whip of venom
(55, -16, Depths:1)
  a scroll of torment
(57, -30, Depths:1)
  a ring mail
(57, -11, Depths:1)
  a +0 shield
  a +0 ring mail
  a +0 long sword
(58, -23, Depths:1)
  a +3 ring of evasion
(64, -30, Depths:1)
  a battleaxe
(69, -46, Depths:1)
  a glowing helmet
  an uncursed amulet of the gourmand
(71, -26, Depths:1)
  a robe

