Hyidwuc

Level 1 of the Dungeon
(0, 0, D:1)
  a ration
(0, 12, D:1)
  2 inky potions
(1, -17, D:1)
  a ration
(4, -20, D:1)
  a ration
(14, -49, D:1)
  a +0 club
(18, 9, D:1)
  a smoky golden potion
(21, -9, D:1)
  a short sword
(33, -44, D:1)
  a short sword
(41, -36, D:1)
  a short sword
(45, -13, D:1)
  a +0 club
(47, -45, D:1)
  a +0 club

Level 2 of the Dungeon
(0, 0, D:2)
  a cursed -1 club
  a gnoll corpse (skeletalised by now)
(9, -1, D:2)
  a +0 club
  a gnoll corpse (skeletalised by now)

