Iholopp

Level 1 of the Dungeon
(7, 12, D:1)
  a chain mail
(18, -18, D:1)
  a robe
(27, -9, D:1)
  a +0 dagger
(38, -8, D:1)
  a cursed -1 club
(41, -24, D:1)
  a dagger
(52, 15, D:1)
  a +0 club
  a +0 club

Level 2 of the Dungeon
(0, 0, D:2)
  3 large rocks
(20, -5, D:2)
  a +0 whip
(27, 2, D:2)
  a +0 club
(29, -1, D:2)
  a +0 club
(29, 20, D:2)
  a +0 robe
  a +0 dagger
(34, 18, D:2)
  a cursed -3 club
(34, 19, D:2)
  a +0 club
(38, 14, D:2)
  a +0 short sword
(46, 5, D:2)
  a chain mail

Level 3 of the Dungeon
(9, 9, D:3)
  a club
(12, 24, D:3)
  a +0 dagger
(13, 7, D:3)
  a ring mail
(30, -4, D:3)
  a +0 robe
(30, 20, D:3)
  a robe
(42, 7, D:3)
  a ring mail

Level 4 of the Dungeon
(0, 0, D:4)
  a +0 giant club
(13, 5, D:4)
  a +0 leather armour
  a +0 flail
(15, 9, D:4)
  a chain mail
(20, -4, D:4)
  a cursed amulet of inaccuracy
(20, -1, D:4)
  a +0 dagger
  a cursed -2 ring mail
  a +0 robe
(20, 1, D:4)
  a +0 dagger
(21, -1, D:4)
  a +0 dagger
(23, 9, D:4)
  a +0 dagger
(23, 10, D:4)
  a +0 scale mail
  a +0 scale mail
  a +0 club
  a +0 mace
(24, 9, D:4)
  a +0 leather armour
  a +0 flail
(24, 33, D:4)
  a cursed -1 scale mail
  a +0 flail
(28, 21, D:4)
  a +0 dagger
(29, 21, D:4)
  a +0 club
  a +0 club

Level 5 of the Dungeon
(0, 0, D:5)
  a +0 robe
(2, 15, D:5)
  a +0 robe
  a +0 dagger
  a +0 leather armour
(3, 12, D:5)
  a +0 ring mail
  a +0 flail
(17, -6, D:5)
  a scale mail
(25, 25, D:5)
  a +0 club
(33, 25, D:5)
  a trident

Level 6 of the Dungeon
[Shop] Jeagg's Antique Weapon Shoppe
  a hand axe (75 gold)
  a quarterstaff (100 gold)
  a lajatang (375 gold)
  a runed morningstar (175 gold)
  a long sword (87 gold)
  a scimitar (100 gold)
  a shortbow (75 gold)
  a quarterstaff (100 gold)
  a falchion (75 gold)
[Shop] Gixkaoq's Weapon Boutique
  a +0 falchion (33 gold)
  a +0 dagger (22 gold)
  a +0 quarterstaff (44 gold)
  a +0 great sword of distortion (200 gold)
  a +0 long sword (38 gold)
  a +4 mace of protection (281 gold)
  a cursed -3 hunting sling (1 gold)
  22 stones (24 gold)
(0, 0, D:6)
  a hunting sling
(1, 31, D:6)
  a club
(8, 1, D:6)
  a +0 plate armour
  a +0 battleaxe
(23, 15, D:6)
  a cursed +0 leather armour
  a +0 club
(26, 11, D:6)
  a ring mail
(30, -6, D:6)
  a -2 ring of strength
  a +0 pair of gloves
(34, 10, D:6)
  a +0 club
(38, 12, D:6)
  a +0 leather armour
  a +0 hand axe
(41, 28, D:6)
  19 stones
  (unseen)
(41, 29, D:6)
  a scroll of teleportation
(54, 17, D:6)
  a +0 giant club

Level 7 of the Dungeon
(0, 0, D:7)
  a +0 short sword of electrocution
  a +0 short sword of freezing
  a +0 short sword
  a +0 hammer
  a +0 short sword of venom
(10, 5, D:7)
  a dagger
(24, -26, D:7)
  a mace
(24, 8, D:7)
  a war axe
(32, -31, D:7)
  a whip
  (unseen)
(34, -15, D:7)
  a ring mail
(37, 15, D:7)
  a +0 robe
  a +0 dagger
(48, 4, D:7)
  a ring mail
(50, 6, D:7)
  a cursed +0 flail

Level 8 of the Dungeon
(0, 0, D:8)
  an arrow
(2, -1, D:8)
  a bolt
(2, 3, D:8)
  13 gold pieces
(5, 3, D:8)
  2 arrows
(6, 2, D:8)
  a bolt
(7, 4, D:8)
  a +0 shortbow
  a centaur skeleton
(8, 1, D:8)
  a bolt
(9, 0, D:8)
  a bolt (still there?)
  16 gold pieces (still there?)
(10, -1, D:8)
  a bolt
(10, 2, D:8)
  a potion of curing
(12, 1, D:8)
  21 stones
(12, 6, D:8)
  15 arrows
(30, -34, D:8)
  18 gold pieces
(33, -26, D:8)
  20 gold pieces
(35, -8, D:8)
  a falchion

the Ecumenical Temple

