Inaz

Level 1 of the Dungeon
(0, 0, D:1)
  a +0 club
(16, -29, D:1)
  a glowing ring mail
(23, -27, D:1)
  a ring mail
(24, 1, D:1)
  a ring mail

Level 2 of the Dungeon
(0, 0, D:2)
  a shiny plate armour
(1, 4, D:2)
  a hunting sling
(2, -21, D:2)
  a bat corpse
(7, 5, D:2)
  a +0 short sword
  a kobold corpse (skeletalised by now)
(11, 1, D:2)
  a bat skeleton
(21, -25, D:2)
  a robe
(30, 3, D:2)
  a whip
(31, 6, D:2)
  an adder corpse (skeletalised by now)
(36, -21, D:2)
  a +0 whip
(42, -34, D:2)
  a bat corpse

Level 3 of the Dungeon
(0, 0, D:3)
  a scroll labeled GATIQU CETUQI
(9, 3, D:3)
  a flail
  a spear

