Kiroeqin

Level 1 of the Dungeon
(0, 0, D:1)
  a +0 club
(14, -4, D:1)
  a +0 club
(16, 21, D:1)
  a dagger

Level 2 of the Dungeon
(0, 0, D:2)
  a +0 club
(36, -18, D:2)
  a spear
(37, -32, D:2)
  a ring mail
(40, -7, D:2)
  a +0 dagger
(40, 1, D:2)
  a +0 club
(51, -18, D:2)
  a ring mail

Level 3 of the Dungeon
(7, 25, D:3)
  a +0 ring mail
  a +0 hand axe
(7, 26, D:3)
  a +0 leather armour
  a +0 mace
(7, 28, D:3)
  a +0 robe
  a +0 dagger
(8, 38, D:3)
  a +0 robe
(11, 11, D:3)
  a +0 club
(15, 38, D:3)
  a +0 club
  a +0 dagger
(16, 13, D:3)
  a +0 leather armour
  a +0 dagger
(16, 38, D:3)
  a +0 short sword
(20, 14, D:3)
  a cursed +0 mace
(20, 36, D:3)
  a cursed +0 flail
(22, 14, D:3)
  a +0 dagger
(30, 27, D:3)
  a +0 club
(33, 31, D:3)
  a +0 club
(44, 19, D:3)
  a chain mail

Level 4 of the Dungeon
(8, -10, D:4)
  3 potions of degeneration
(10, -25, D:4)
  a +0 falchion
  a +0 mace
(10, -24, D:4)
  a +0 hand axe
(11, -23, D:4)
  a +0 leather armour
  a +0 club
(19, -23, D:4)
  a scroll of random uselessness
(30, -45, D:4)
  a ring mail
(49, -7, D:4)
  a ring mail

Level 5 of the Dungeon
(0, 0, D:5)
  a robe
(5, -18, D:5)
  a spear
(7, -20, D:5)
  a war axe
(21, -10, D:5)
  a scroll of random uselessness
(33, 1, D:5)
  a buckler
(34, -6, D:5)
  a ring mail
(43, -22, D:5)
  a ring mail

Level 6 of the Dungeon
(0, 0, D:6)
  a +0 club
(2, 3, D:6)
  a +0 leather armour
  a +0 flail
(2, 4, D:6)
  a +0 mace
(5, 8, D:6)
  a +0 ring mail
  a +0 hand axe
(7, 10, D:6)
  a +0 ring mail
  a +0 falchion
(12, 13, D:6)
  a +0 hand axe
(16, 19, D:6)
  a +0 giant club
(18, 11, D:6)
  a rapier
(19, 5, D:6)
  a howler monkey skeleton
(21, 34, D:6)
  a +0 club
(31, 0, D:6)
  a -2 dagger
(43, 11, D:6)
  a ring mail
(45, 9, D:6)
  a +0 giant spiked club

Level 7 of the Dungeon
[Shop] Meriteyd's Gadget Shoppe
  a wand of scattershot (3) (unknown) (252 gold)
  a phantom mirror (360 gold)
  a sack of spiders (240 gold)
  a wand of digging (5) (unknown) (216 gold)
  a fan of gales (480 gold)
(2, -11, D:7)
  2 gold pieces
(3, -11, D:7)
  10 gold pieces
(22, 10, D:7)
  a +0 dagger
(30, 13, D:7)
  a mace

the Ecumenical Temple

