Kobragem

Level 1 of the Dungeon
(0, 0, D:1)
  a +0 dagger
(14, -11, D:1)
  a mace
(19, -10, D:1)
  a robe
(20, -11, D:1)
  a cursed +0 club
(22, -11, D:1)
  21 bolts
(23, -15, D:1)
  a chain mail
(28, -33, D:1)
  a hand axe

Level 2 of the Dungeon
(0, 0, D:2)
  a +0 dagger
(3, -24, D:2)
  a +0 club
(8, -27, D:2)
  a +0 flail
(9, 7, D:2)
  a glowing leather armour
(15, -22, D:2)
  a +0 leather armour
  a +0 hand axe
(52, -8, D:2)
  a +0 dagger
  a +0 club

Level 3 of the Dungeon
(0, 0, D:3)
  a cursed +0 flail
(1, 9, D:3)
  a +0 halberd
(4, -2, D:3)
  a +0 dagger
(6, -8, D:3)
  a +0 club
  a +0 flail
(13, -13, D:3)
  a ring mail
(18, -5, D:3)
  a +0 club
(20, 13, D:3)
  a +0 short sword
(24, -15, D:3)
  a +0 whip
(25, -17, D:3)
  a tomahawk
(26, -17, D:3)
  2 tomahawks
(28, -16, D:3)
  a +0 club
(29, -11, D:3)
  a spear
(30, -20, D:3)
  a tomahawk

Level 4 of the Dungeon
(0, 0, D:4)
  a +0 leather armour
  a +0 club
(0, 1, D:4)
  a +0 leather armour
(1, -2, D:4)
  a +0 whip
(8, 41, D:4)
  a +0 dagger
(9, -7, D:4)
  16 bolts
(9, 41, D:4)
  a mace
(10, -17, D:4)
  a ring mail
(13, -1, D:4)
  a +0 short sword
  a +0 chain mail
(13, 0, D:4)
  a +0 hand axe
(13, 1, D:4)
  a +0 dagger
(14, -1, D:4)
  a +0 scale mail
(17, 27, D:4)
  a club
(23, -6, D:4)
  a +0 leather armour
(24, -5, D:4)
  a +0 hand axe
(34, 15, D:4)
  a +0 halberd
(34, 16, D:4)
  a +0 whip
(38, 33, D:4)
  a +0 falchion
  a +0 leather armour
(38, 44, D:4)
  a robe
(51, 23, D:4)
  a +0 robe
(56, 25, D:4)
  a hunting sling
  a +0 flail

Level 5 of the Dungeon
(0, 0, D:5)
  a cursed +0 robe
  a +0 dagger
(0, 10, D:5)
  a scale mail
(4, 0, D:5)
  a +0 leather armour
  a +0 mace
(5, 0, D:5)
  a +0 robe
  a cursed -1 dagger
(9, 5, D:5)
  a +0 plate armour
(13, 14, D:5)
  18 gold pieces
(13, 15, D:5)
  8 gold pieces
(13, 16, D:5)
  10 gold pieces
(13, 19, D:5)
  9 gold pieces
(14, 15, D:5)
  8 gold pieces
(14, 18, D:5)
  16 gold pieces
(15, 19, D:5)
  19 gold pieces
(16, 16, D:5)
  11 gold pieces
(16, 18, D:5)
  7 gold pieces
(40, -8, D:5)
  a dyed leather armour
(45, 5, D:5)
  a +0 whip
  a +0 robe
(45, 6, D:5)
  a +0 ring mail
  a +0 mace
(45, 7, D:5)
  a +0 robe
  a cursed -1 dagger
(49, 39, D:5)
  a mace

Level 6 of the Dungeon
(0, 0, D:6)
  a +0 dagger
(7, -8, D:6)
  a falchion
(9, -4, D:6)
  22 bolts
(11, -21, D:6)
  a +0 dagger
(13, -7, D:6)
  a helmet
(41, 1, D:6)
  a book of Changes
(47, -11, D:6)
  a mace

Level 7 of the Dungeon
(0, 0, D:7)
  a +0 animal skin
(0, 2, D:7)
  a +0 robe
(10, -23, D:7)
  a ring mail
(11, -35, D:7)
  a +0 shortbow
(18, -35, D:7)
  a +0 giant club
(27, -13, D:7)
  a +1 scale mail of cold resistance
  a +0 trident
(29, -30, D:7)
  a +0 robe
  a +0 dagger
  a +0 dagger
  a +0 robe
(30, -30, D:7)
  a +0 club
  a +0 dagger
  a +0 robe
  a +0 short sword
(31, -43, D:7)
  15 bolts
(31, -30, D:7)
  a +0 ring mail
  a +0 mace
(32, -30, D:7)
  a +0 leather armour
(32, -29, D:7)
  a +0 whip
(35, -30, D:7)
  a +0 flail
(38, -14, D:7)
  a hunting sling
(45, -32, D:7)
  a leather armour
(52, -47, D:7)
  a plate armour

Level 8 of the Dungeon
(0, 0, D:8)
  a +0 leather armour
  a +0 leather armour
  a +0 club
  a +0 whip
(0, 1, D:8)
  a +0 hand axe
(1, 5, D:8)
  a +0 leather armour
  a +0 dagger
(6, -2, D:8)
  a hand axe
(7, -10, D:8)
  a -1 spear
  a cursed +0 animal skin
(7, -3, D:8)
  a hand axe
(7, -1, D:8)
  a hand axe
(8, -2, D:8)
  a hand axe
(15, -6, D:8)
  a +0 robe
  a cursed +3 great sword of freezing
  a +3 short sword of freezing
  a +0 robe
  a cursed +0 robe
  a +0 robe
  a +2 scimitar
(18, 7, D:8)
  a +2 robe
  a +0 dagger of chaos
  a +0 whip of flaming
  a +0 war axe of chaos
  a +0 giant spiked club
(32, -26, D:8)
  a +0 robe
(33, -28, D:8)
  a +0 dagger
  a +0 robe
(33, -27, D:8)
  a +0 flail
  a +0 plate armour
(34, -12, D:8)
  a +0 club
  a +0 shortbow
(39, -28, D:8)
  a robe
(60, -3, D:8)
  a +0 short sword

Level 9 of the Dungeon
(0, 0, D:9)
  a +0 dagger
  a +0 robe
(1, -5, D:9)
  a trident
(1, 5, D:9)
  a cursed -3 trident
  a +0 chain mail
  a +0 dagger of pain
  a +0 robe
(2, 4, D:9)
  a +0 trident
  a +1 trident of protection
  a +0 leather armour
(9, -32, D:9)
  an adder skeleton
(10, 0, D:9)
  a +0 dagger
(10, 1, D:9)
  a +0 short sword
(17, 1, D:9)
  a leather armour
(26, -24, D:9)
  a ring mail
(36, -32, D:9)
  a ration
(37, -34, D:9)
  a leather armour
(38, -34, D:9)
  a runed trident
(40, -34, D:9)
  a runed steel amulet
(41, -34, D:9)
  a potion of curing
(45, -28, D:9)
  a ration
(45, 0, D:9)
  a +0 shortbow
(54, -21, D:9)
  a +0 dagger
  a +0 robe
(55, -22, D:9)
  a +0 spear
(55, -21, D:9)
  a +0 halberd
  a +0 spear
  a +0 spear
  a +0 ring mail
(57, -25, D:9)
  a +0 club

the Ecumenical Temple

