Koqunigho

the Dungeon
[Shop] Ilecaer's Assorted Antiques
  a centaur barding (667 gold)
  a leather armour (58 gold)
  a scroll of blinking (217 gold)
[Shop] Mohauhac's Antique Armour Boutique
  a leather armour (34 gold)
  a scale mail (68 gold)
  a ring mail (68 gold)
  a naga barding (391 gold)
  a leather armour (34 gold)
  a leather armour (34 gold)
  swamp dragon scales (850 gold)
[Shop] Toosuser's Armour Emporium
  a +0 scale mail (56 gold)
  a +0 robe (9 gold)
  a +0 cloak (63 gold)
  a +0 ring mail (56 gold)
  a +2 leather armour of magic resistance (266 gold)
  a cursed +0 leather armour (14 gold)
  a +0 leather armour (28 gold)
  a +0 cloak (63 gold)
  a +0 ring mail (56 gold)
  a +0 robe (9 gold)
  a +0 scale mail (56 gold)
[Shop] Qacimp's Antique Armour Emporium
  a scale mail (100 gold)
  a robe (17 gold)
  a ring mail (100 gold)
  a robe (17 gold)
  a ring mail (100 gold)
  a robe (17 gold)
  a leather armour (50 gold)
[Shop] Qalustrawk's Food Boutique
  a ration (55 gold)
  a ration (55 gold)
  a ration (55 gold)
  a ration (55 gold)
  a ration (55 gold)
  a ration (55 gold)
  a ration (55 gold)
  a ration (55 gold)
[Shop] Oxikliuk's Book Shop
  a book of Misfortune (unknown) (260 gold)
  a book of Misfortune (unknown) (260 gold)
  a book of Minor Magic (260 gold)
  a book of Cantrips (260 gold)
  a book of Air (unknown) (455 gold)
  a book of Cantrips (260 gold)
  a book of Misfortune (unknown) (260 gold)
  a book of Ice (unknown) (845 gold)
  a book of Cantrips (260 gold)
[Shop] Likijyg's Weapon Shoppe
  a +0 club (13 gold)
  a +0 short sword (39 gold)
  a +4 shortbow (325 gold)
  a +0 hand axe (39 gold)
  a +0 mace (39 gold)
  11 arrows (28 gold)
[Shop] Wiaxoss's Armour Shoppe
  a cursed +0 naga barding (286 gold)
  a +0 leather armour (26 gold)
  +0 ice dragon scales (780 gold)
  a cursed +0 plate armour (260 gold)
  a +2 ring mail of fire resistance (273 gold)
  a +0 ring mail (52 gold)
  a +0 ring mail (52 gold)
  a +0 helmet (58 gold)
  a +0 robe (9 gold)
[Shop] Korot's Gadget Boutique
  a phial of floods (560 gold)
  a fan of gales (560 gold)
  a lamp of fire (560 gold)
  a fan of gales (560 gold)
[Shop] Aqeopref's Jewellery Shop
  an uncursed amulet of guardian spirit (unknown) (300 gold)
  an uncursed amulet of harm (300 gold)
  an uncursed amulet of the gourmand (unknown) (300 gold)
  an uncursed ring of flight (unknown) (175 gold)
  an uncursed ring of see invisible (unknown) (150 gold)
  an uncursed amulet of guardian spirit (unknown) (300 gold)
  a cursed -2 ring of dexterity (unknown) (20 gold)
  an uncursed amulet of guardian spirit (unknown) (300 gold)
[Shop] Xofac's Distillery
  a potion of berserk rage (55 gold)
  a potion of flight (33 gold)
  2 potions of curing (66 gold)
  2 potions of agility (88 gold)
  a potion of resistance (110 gold)
  a potion of flight (33 gold)
  a potion of agility (44 gold)
  a potion of magic (88 gold)
  a potion of berserk rage (55 gold)
  a potion of lignification (33 gold)
  a potion of agility (44 gold)
[Shop] Cuajosost's Distillery
  2 potions of flight (84 gold)
  a potion of flight (42 gold)
  a potion of brilliance (56 gold)
  a potion of magic (112 gold)
  a potion of curing (42 gold)
  a potion of curing (42 gold)
  a potion of curing (42 gold)
  a potion of curing (42 gold)
  a potion of mutation (112 gold)
[Shop] Rapsitos's Antique Weapon Boutique
  a dagger (46 gold)
  a spear (69 gold)
  a spear (69 gold)
  a dagger (46 gold)
  a mace (69 gold)
  a hunting sling (34 gold)
  a club (23 gold)
  a mace (69 gold)
  a dagger (46 gold)
[Shop] Liosysa's Weapon Emporium
  a +0 club (10 gold)
  a +0 whip (25 gold)
  a +0 whip (25 gold)
  a +0 blowgun (25 gold)
  26 stones (26 gold)
  a +2 spear of venom (156 gold)
  13 stones (13 gold)
  a +0 club (10 gold)
[Shop] Bivi's Distillery
  a potion of magic (80 gold)
[Shop] Wasu Roh's Armour Shoppe
  a +2 chain mail of cold resistance (215 gold)
  a +0 robe (7 gold)
  a +0 ring mail (40 gold)
  a +0 centaur barding (230 gold)
  the +4 ring mail "Kasaj" {rN+} (352 gold)
    It protects you from negative energy.
  a +0 ring mail (40 gold)
  a +0 leather armour (20 gold)
  a +0 ring mail (40 gold)
[Shop] Kapaosm's Magic Scroll Boutique
  a scroll of magic mapping (45 gold)
  a scroll of identify (26 gold)
  a scroll of remove curse (39 gold)
  a scroll of identify (26 gold)
[Shop] Uhofi's Book Emporium
  a book of Maledictions (unknown) (325 gold)
  a book of Party Tricks (unknown) (650 gold)
  a book of Minor Magic (260 gold)
  a book of Misfortune (unknown) (260 gold)
  a book of Alchemy (unknown) (975 gold)
  a book of Cantrips (260 gold)
  a book of Unlife (unknown) (845 gold)
  a book of Changes (325 gold)
  a book of Misfortune (unknown) (260 gold)
  a book of the Dragon (unknown) (1170 gold)
  Zeorris's Reference Book on Creative Air (3049 gold)
    Spells                           Type                      Level
     a - Mephitic Cloud               Conjuration/Poison/Air        3
     b - Summon Ice Beast             Ice/Summoning                 4
     c - Summon Demon                 Summoning                     5
     d - Malign Gateway               Summoning/Translocation       7
  a book of Party Tricks (unknown) (650 gold)
[Shop] Kevu's General Store
  13 stones (15 gold)
  a +3 dagger (228 gold)
  a +0 ring mail (48 gold)
  6 tomahawks of returning (72 gold)
  a scroll of remove curse (36 gold)
[Shop] Deohuaro's Assorted Antiques
  a robe (15 gold)
  a mace (66 gold)
  a helmet (99 gold)
  a lightning rod (4/4) (880 gold)
  a scroll of identify (44 gold)
  a ring mail (88 gold)
  a scroll of identify (44 gold)
  a dagger (44 gold)
  a scroll of identify (44 gold)
[Shop] Gacromaesk's Distillery
  2 potions of degeneration (26 gold)
  a potion of curing (39 gold)
  a potion of agility (52 gold)
  a potion of lignification (39 gold)
  a potion of berserk rage (65 gold)
  2 potions of brilliance (104 gold)
  a potion of flight (39 gold)
(0, 0, D)
  27 gold pieces
(0, 15, D)
  a +2 scale mail of fire resistance
  the +2 ring mail "Lokariq" {*Drain Str+4 Int+3 Dex+4}
    It affects your strength (+4).
    It affects your intelligence (+3).
    It affects your dexterity (+4).
    It causes draining when unequipped.
  a +0 longbow
  a +1 ring mail of cold resistance
  a +0 scythe
(1, 0, D)
  27 gold pieces
(1, 2, D)
  a +0 short sword
(1, 14, D)
  an uncursed amulet of inaccuracy
(5, -1, D)
  a +0 chain mail
  a +0 leather armour
(10, -8, D)
  a +0 robe
(11, 15, D)
  a +0 blowgun
(12, 15, D)
  a +2 long sword of electrocution
(13, -4, D)
  a cursed +0 giant club
(15, 15, D)
  a -2 short sword
(17, -7, D)
  a +0 robe
  a +0 dagger
(19, -4, D)
  a +0 shortbow
(20, -8, D)
  a +0 robe
  a +0 dagger
(20, 2, D)
  a dagger
(20, 15, D)
  a potion of degeneration
(24, 13, D)
  27 gold pieces
(25, 13, D)
  27 gold pieces
(26, 13, D)
  27 gold pieces
(26, 17, D)
  the Orb of Zot
(27, 13, D)
  27 gold pieces
(30, -6, D)
  a chain mail
(35, 8, D)
  189 gold pieces
  a +1 great sword of flaming
(36, 7, D)
  117 gold pieces
(36, 8, D)
  a +1 scale mail of cold resistance
(37, 7, D)
  324 gold pieces
  a +0 great sword of flaming
  a +0 great sword of flaming
(39, -8, D)
  189 gold pieces
(39, 4, D)
  72 gold pieces
(40, -7, D)
  27 gold pieces
(41, -8, D)
  27 gold pieces
(41, -7, D)
  54 gold pieces
(41, 6, D)
  36 gold pieces
(41, 11, D)
  27 gold pieces
(41, 12, D)
  27 gold pieces
(41, 13, D)
  27 gold pieces
(41, 14, D)
  27 gold pieces
(41, 16, D)
  a runed blowgun
(41, 17, D)
  a book of Minor Magic
(42, 11, D)
  27 gold pieces
(42, 12, D)
  27 gold pieces
(42, 13, D)
  27 gold pieces
(42, 14, D)
  27 gold pieces
(42, 16, D)
  a thin smoking staff
(42, 17, D)
  a smoking hunting sling
(43, 1, D)
  99 gold pieces
(43, 12, D)
  27 gold pieces
(43, 13, D)
  27 gold pieces
(43, 14, D)
  27 gold pieces
(44, -7, D)
  72 gold pieces
  a +0 spear of piercing
(44, -6, D)
  153 gold pieces
  a +0 rapier
  a +0 trident
(44, -5, D)
  99 gold pieces
(44, -3, D)
  a potion of mutation
  a +2 chain mail of fire resistance
(44, 13, D)
  27 gold pieces
(44, 14, D)
  27 gold pieces
(44, 16, D)
  a black book
(44, 17, D)
  a lamp of fire
(45, -8, D)
  162 gold pieces
(45, 16, D)
  a short jewelled staff
(45, 17, D)
  a leatherbound book
(46, -8, D)
  27 gold pieces
(46, -7, D)
  27 gold pieces
(46, -6, D)
  27 gold pieces
(46, -5, D)
  27 gold pieces
(47, -8, D)
  27 gold pieces
(47, -7, D)
  27 gold pieces
(47, -6, D)
  81 gold pieces
  a +0 morningstar
(47, -5, D)
  27 gold pieces
(47, -4, D)
  27 gold pieces
(47, 6, D)
  27 gold pieces
(47, 16, D)
  27 gold pieces
(47, 17, D)
  27 gold pieces
(48, -8, D)
  27 gold pieces
(48, -7, D)
  27 gold pieces
(48, -6, D)
  a +0 mace of crushing
(48, -5, D)
  27 gold pieces
(48, -4, D)
  27 gold pieces
(48, 6, D)
  27 gold pieces
(48, 7, D)
  27 gold pieces
(48, 16, D)
  27 gold pieces
(48, 17, D)
  27 gold pieces
(49, -8, D)
  27 gold pieces
(49, -7, D)
  27 gold pieces
(49, -6, D)
  27 gold pieces
(49, -5, D)
  27 gold pieces
(49, -4, D)
  27 gold pieces
(49, 6, D)
  27 gold pieces
(49, 7, D)
  27 gold pieces
(49, 8, D)
  a leather armour
(49, 17, D)
  27 gold pieces
(50, -6, D)
  27 gold pieces
(50, -5, D)
  27 gold pieces
(50, -4, D)
  27 gold pieces
(50, 6, D)
  27 gold pieces
(50, 7, D)
  27 gold pieces
(50, 8, D)
  a wand of iceblast (10)
(50, 17, D)
  27 gold pieces
(51, -8, D)
  a runed sapphire amulet
(51, 4, D)
  a spiked scale mail
(51, 6, D)
  27 gold pieces
(51, 7, D)
  27 gold pieces
(51, 8, D)
  a potion of heal wounds
(51, 17, D)
  27 gold pieces
(52, -8, D)
  a lumpy amethyst amulet
(52, -7, D)
  a crystal ball of energy
(52, -5, D)
  27 gold pieces
(52, -4, D)
  a potion of agility
(52, -3, D)
  27 gold pieces
(52, 3, D)
  a runed bardiche
(52, 6, D)
  27 gold pieces
(52, 7, D)
  27 gold pieces
(52, 8, D)
  a ration
(52, 17, D)
  27 gold pieces
(53, -8, D)
  a short smoking staff
(53, -7, D)
  a phial of floods
(53, -5, D)
  27 gold pieces
(53, -3, D)
  27 gold pieces
(53, 6, D)
  27 gold pieces
(53, 7, D)
  27 gold pieces
(53, 8, D)
  15 gold pieces
(53, 17, D)
  27 gold pieces
(54, -8, D)
  27 gold pieces
(54, -7, D)
  27 gold pieces
(54, -5, D)
  27 gold pieces
(54, -4, D)
  a ring mail
(54, -3, D)
  27 gold pieces
(54, 6, D)
  27 gold pieces
(54, 7, D)
  27 gold pieces
(54, 8, D)
  17 arrows
(54, 17, D)
  27 gold pieces
(55, -8, D)
  27 gold pieces
(55, -7, D)
  27 gold pieces
(55, 6, D)
  27 gold pieces
(55, 7, D)
  27 gold pieces
(56, -8, D)
  27 gold pieces
(56, -7, D)
  27 gold pieces
(56, -6, D)
  27 gold pieces
(56, -5, D)
  27 gold pieces
(56, -4, D)
  27 gold pieces
(56, -3, D)
  27 gold pieces
(56, -2, D)
  27 gold pieces
(56, 6, D)
  27 gold pieces
(57, -8, D)
  27 gold pieces
(57, -7, D)
  27 gold pieces
(57, -6, D)
  27 gold pieces
(57, -5, D)
  27 gold pieces
(57, -4, D)
  27 gold pieces
(57, -3, D)
  27 gold pieces
(57, -2, D)
  27 gold pieces
(57, -1, D)
  27 gold pieces
(57, 8, D)
  27 gold pieces
(58, -8, D)
  27 gold pieces
(58, -7, D)
  27 gold pieces
(58, -6, D)
  27 gold pieces
(58, -5, D)
  27 gold pieces
(58, -4, D)
  27 gold pieces
(58, -3, D)
  27 gold pieces
(58, -2, D)
  27 gold pieces
(58, -1, D)
  27 gold pieces
(58, 0, D)
  27 gold pieces
(58, 1, D)
  27 gold pieces
(58, 6, D)
  27 gold pieces
(58, 7, D)
  27 gold pieces
(58, 8, D)
  27 gold pieces
(58, 9, D)
  27 gold pieces
(59, -8, D)
  27 gold pieces
(59, -7, D)
  27 gold pieces
(59, -6, D)
  27 gold pieces
(59, -5, D)
  27 gold pieces
(59, -4, D)
  27 gold pieces
(59, -3, D)
  27 gold pieces
(59, -2, D)
  27 gold pieces
(59, -1, D)
  27 gold pieces
(59, 0, D)
  27 gold pieces
(59, 1, D)
  27 gold pieces
(59, 2, D)
  27 gold pieces
(59, 3, D)
  24 stones
(59, 4, D)
  27 gold pieces
(59, 5, D)
  27 gold pieces
(59, 6, D)
  27 gold pieces
(59, 7, D)
  27 gold pieces
(59, 8, D)
  27 gold pieces
(59, 9, D)
  27 gold pieces
(59, 10, D)
  27 gold pieces
(59, 11, D)
  27 gold pieces

