Leenab

Level 1 of the Dungeon
(0, 0, D:1)
  a +0 club
(6, 0, D:1)
  a +0 club
(9, -9, D:1)
  a +0 club
(14, 8, D:1)
  a robe
(23, -11, D:1)
  a +0 club
(26, -10, D:1)
  a dagger
(27, -13, D:1)
  a +0 club
(31, -14, D:1)
  a +0 club
(39, -12, D:1)
  a potion of degeneration
(53, -15, D:1)
  a robe

Level 2 of the Dungeon
(0, 0, D:2)
  a +0 club
(4, -37, D:2)
  a +0 club
(6, -37, D:2)
  a +0 club
(10, -22, D:2)
  a pair of gloves
(14, -15, D:2)
  a robe
(31, -10, D:2)
  a +0 dagger
(36, 6, D:2)
  a +0 dagger
(43, -49, D:2)
  a +0 club
(44, 4, D:2)
  a +0 robe
  a +0 scythe
(45, -2, D:2)
  a robe
(46, -16, D:2)
  a +0 dagger
(47, -19, D:2)
  a +0 mace
  a cursed +0 animal skin
  a +2 helmet
(47, -14, D:2)
  a +0 club

Level 3 of the Dungeon
(0, 0, D:3)
  a +0 club
(11, -31, D:3)
  a whip
(14, 10, D:3)
  a +0 dagger
(17, 17, D:3)
  a robe
(32, 11, D:3)
  a flail
(33, -16, D:3)
  a robe
(43, 9, D:3)
  a +0 whip
(46, -3, D:3)
  a +0 club
(47, 11, D:3)
  a +0 club

Level 4 of the Dungeon
[Shop] Wezaluan's Magic Scroll Shop
  a scroll of silence (unknown) (97 gold)
  a scroll of teleportation (39 gold)
  a scroll of teleportation (39 gold)
(0, 0, D:4)
  a cursed +0 robe
(3, 7, D:4)
  a +0 leather armour
  a +0 club
(6, -4, D:4)
  a robe
(7, -7, D:4)
  a +0 flail
  a +0 leather armour
(8, -7, D:4)
  a +0 ring mail
  a +0 whip
(9, 22, D:4)
  a +0 club
(9, 23, D:4)
  a +0 club
(11, -11, D:4)
  a dagger
(15, -20, D:4)
  a ring mail
(27, 16, D:4)
  a +0 mace
  a +0 ring mail
(28, 16, D:4)
  a +0 flail
(29, 16, D:4)
  a +0 hand axe
  a +0 scale mail
(51, -17, D:4)
  a centaur barding
(55, -13, D:4)
  a +0 hand axe
(55, 6, D:4)
  a dagger
(56, 6, D:4)
  a robe

Level 5 of the Dungeon
(0, 0, D:5)
  a +0 scale mail
  a +0 ring mail
  a +0 robe
(2, 9, D:5)
  a +0 scale mail
(8, -12, D:5)
  a +0 scale mail
  a +0 club
(11, -12, D:5)
  a +0 flail
(14, -12, D:5)
  a +0 mace
  a +0 flail
(14, 13, D:5)
  a +0 robe
  a +0 dagger
(16, -12, D:5)
  a dagger
(22, 22, D:5)
  a +0 halberd
(27, 8, D:5)
  a +0 club
(28, -23, D:5)
  a cursed +0 leather armour
  a +0 rapier
(31, -5, D:5)
  a glaive
(34, 24, D:5)
  a spear
(37, -14, D:5)
  a +0 leather armour
  a +0 club
(37, -10, D:5)
  a +0 ring mail
  a +0 hand axe
(37, 10, D:5)
  a +0 club
(37, 22, D:5)
  a +0 halberd
(38, -15, D:5)
  a +0 club
(39, -29, D:5)
  a ration
(39, -6, D:5)
  a +0 spear
(42, -27, D:5)
  13 gold pieces
(42, -23, D:5)
  10 gold pieces
(42, -5, D:5)
  a cursed -3 spear
(43, -30, D:5)
  a ration
(43, -23, D:5)
  a ration
(45, -23, D:5)
  14 gold pieces
(47, -30, D:5)
  a leather armour
(49, -29, D:5)
  a scroll of identify

Level 6 of the Dungeon
[Shop] Eshaec's General Store
  the ring "Abo Una" {+Fly rPois Int-3 Dex+2} (319 gold)
    [ring of flight]
    
    It affects your intelligence (-3).
    It affects your dexterity (+2).
    It protects you from poison.
    It lets you fly.
  a scroll of amnesia (42 gold)
  a +2 ring mail of cold resistance (252 gold)
  a +1 robe of the Archmagi (392 gold)
  a wand of flame (17) (unknown) (114 gold)
  a scroll of remove curse (36 gold)
  a +0 hand crossbow (42 gold)
  a scroll of identify (24 gold)
  a +0 ring mail (48 gold)
[Shop] Ufuxufozxi's Antique Armour Shop
  a leather armour (42 gold)
  a scale mail (84 gold)
  a ring mail (84 gold)
  a runed naga barding (546 gold)
  a ring mail (84 gold)
  a pair of embroidered boots (157 gold)
  a leather armour (42 gold)
  a ring mail (84 gold)
  a glowing chain mail (157 gold)
  a shiny plate armour (546 gold)
  a scale mail (84 gold)
[Shop] Ogikoze's Distillery
  a potion of cancellation (96 gold)
  a potion of magic (unknown) (96 gold)
  a potion of heal wounds (60 gold)
  a potion of invisibility (96 gold)
  a potion of degeneration (12 gold)
  a potion of cancellation (96 gold)
  a potion of ambrosia (96 gold)
  a potion of berserk rage (unknown) (60 gold)
[Shop] Ozesm's Magic Scroll Boutique
  a scroll of acquirement (728 gold)
  a scroll of magic mapping (49 gold)
  a scroll of teleportation (42 gold)
  a scroll of magic mapping (49 gold)
  a scroll of vulnerability (unknown) (105 gold)
  2 scrolls of immolation (98 gold)
  a scroll of acquirement (728 gold)
  a scroll of fog (28 gold)
  a scroll of random uselessness (unknown) (14 gold)
  a scroll of blinking (105 gold)
(0, 0, D:6)
  a +0 giant club
(0, 51, D:6)
  a scale mail
(8, 39, D:6)
  a quarterstaff
(10, 10, D:6)
  the +10 morningstar "Eos" {elec, Halo rElec}
    Occasionally, upon striking a foe, it will discharge some electrical energy
    and cause terrible harm.
    
    It insulates you from electricity.
(11, 9, D:6)
  8 stones
(16, 7, D:6)
  a buckler
(23, 47, D:6)
  a +0 flail
(23, 48, D:6)
  a +0 hand axe
  a +0 robe
(26, 38, D:6)
  a +0 club
  a +0 spear
(32, 41, D:6)
  a +0 robe
  a +0 dagger
(35, -5, D:6)
  a flail
(43, 39, D:6)
  a trident

Level 7 of the Dungeon
(0, 0, D:7)
  a falchion
(2, -15, D:7)
  a robe
(13, -6, D:7)
  a ring mail
(16, -21, D:7)
  a +0 leather armour
(16, -20, D:7)
  a +2 quarterstaff of chaos
(17, -10, D:7)
  a mace
(22, 3, D:7)
  a +0 hand axe
  a +0 animal skin
(23, -44, D:7)
  a +1 shortbow of flaming
  a +0 halberd of chopping
  a +1 dire flail of holy wrath
(23, -14, D:7)
  a potion of degeneration
(23, 0, D:7)
  a robe
(27, -7, D:7)
  a ring mail
(29, -37, D:7)
  a distressingly furry helmet
(32, -6, D:7)
  a ring mail
(47, 0, D:7)
  a chain mail
(48, -6, D:7)
  a falchion
(54, -4, D:7)
  a +0 spear
(55, -7, D:7)
  a +0 robe
  a +0 club

Level 8 of the Dungeon
(0, 0, D:8)
  a glaive
(8, 9, D:8)
  a stone
(14, 17, D:8)
  a +0 spear
  a +1 animal skin
(15, -5, D:8)
  a +0 club
(18, -5, D:8)
  a +0 flail
(19, -4, D:8)
  a +0 flail
(19, -1, D:8)
  a ring mail
(23, 2, D:8)
  a +0 spear
  a +0 ring mail
  a +0 buckler
(23, 4, D:8)
  a dagger
(23, 5, D:8)
  a +0 halberd
(26, -1, D:8)
  a cursed -3 hand axe
(26, 15, D:8)
  a stone
(27, -14, D:8)
  7 gold pieces
(27, 9, D:8)
  a +2 robe of cold resistance
  a +1 whip of freezing
(28, -21, D:8)
  7 gold pieces
(28, 18, D:8)
  a stone
(28, 20, D:8)
  a leather armour

Level 9 of the Dungeon
(0, 0, D:9)
  17 gold pieces
(5, 6, D:9)
  21 gold pieces
(12, 30, D:9)
  9 gold pieces
(21, 16, D:9)
  21 gold pieces
(33, 2, D:9)
  a copper ring
(36, -2, D:9)
  a potion of haste
(47, 14, D:9)
  14 gold pieces
(48, 8, D:9)
  11 gold pieces
(50, -3, D:9)
  a +3 dagger
  a +0 robe of magic resistance
(51, -4, D:9)
  a +0 hand axe
  a +0 plate armour

Level 10 of the Dungeon
(0, 0, D:10)
  13 gold pieces
(3, -37, D:10)
  16 gold pieces
(4, -28, D:10)
  18 gold pieces
(4, -19, D:10)
  a ring mail
(18, -51, D:10)
  16 gold pieces
  (unseen)
(49, -9, D:10)
  18 gold pieces

the Ecumenical Temple

