Maexaytt

Level 1 of the Dungeon
(0, 0, D:1)
  a robe
(6, -11, D:1)
  a +0 dagger
(15, -16, D:1)
  a potion of degeneration
(22, -5, D:1)
  a robe
(26, -2, D:1)
  a short sword
  a +0 dagger
(29, -16, D:1)
  a +0 dagger
(31, -17, D:1)
  a +0 club
(31, -10, D:1)
  a +0 club
(32, -17, D:1)
  a +0 club
(32, -16, D:1)
  a cursed -2 dagger
(32, -11, D:1)
  a +0 club
(50, 17, D:1)
  a +0 dagger
(52, 13, D:1)
  a robe
(55, 19, D:1)
  a short sword

Level 2 of the Dungeon
(16, -5, D:2)
  a +0 dagger
(18, -9, D:2)
  a +0 club
(53, 30, D:2)
  a +0 short sword

Level 3 of the Dungeon
(0, 0, D:3)
  a +0 club
(2, -6, D:3)
  a +0 dagger
(2, -1, D:3)
  a +0 ring mail
(6, -7, D:3)
  a +0 dagger
(7, -17, D:3)
  a leather armour
(8, -9, D:3)
  a cursed -3 club
(23, 2, D:3)
  a +0 robe
  a +0 dagger
(27, -43, D:3)
  a +0 club
(29, -48, D:3)
  a +0 dagger
  a +0 chain mail
(29, -17, D:3)
  a +0 club
(31, -14, D:3)
  a +0 club
(38, -22, D:3)
  a +0 dagger
(39, -6, D:3)
  a +0 robe
  a +0 dagger
(41, -6, D:3)
  a +0 leather armour
  a +0 dagger
(53, -16, D:3)
  a cursed -3 mace
(54, -15, D:3)
  a ring mail
  a +0 club

Level 4 of the Dungeon
(1, -9, D:4)
  a +0 whip
(4, -19, D:4)
  a leather armour
(4, 8, D:4)
  a dagger
(19, -14, D:4)
  a leather armour
(20, 5, D:4)
  a scroll labeled MAIN WUXTINUMA
(21, -10, D:4)
  a rapier
(21, 1, D:4)
  a tomahawk
(21, 5, D:4)
  a throwing net
(26, 2, D:4)
  a tomahawk
(27, -5, D:4)
  an adder skeleton
(27, -2, D:4)
  a stone
(27, -1, D:4)
  2 stones
(27, 0, D:4)
  a stone
(28, -6, D:4)
  a +0 mace
  a +0 ring mail
  an orc skeleton
(28, 0, D:4)
  a stone
(30, -18, D:4)
  a ring mail
(31, -1, D:4)
  a stone
(50, 1, D:4)
  a tomahawk

