Mice

Level 1 of the Dungeon
(0, 0, D:1)
  a +0 club
(1, -55, D:1)
  a robe
(1, -54, D:1)
  a robe
(15, -21, D:1)
  a +0 club
(28, -11, D:1)
  a +0 club
(40, -26, D:1)
  a +0 club
(40, 2, D:1)
  a plate armour
(44, -25, D:1)
  a short sword
(49, -32, D:1)
  a cursed +0 dagger
  a whip

Level 2 of the Dungeon
(0, 0, D:2)
  a spear
(18, -22, D:2)
  a spear
(18, 25, D:2)
  a leather armour
(24, -24, D:2)
  a cursed +0 dagger
(26, 16, D:2)
  a +0 dagger
(31, -15, D:2)
  a +0 club
(36, 16, D:2)
  a +0 short sword
(37, 16, D:2)
  a spear

Level 3 of the Dungeon
(0, 0, D:3)
  a +0 robe
  a +0 dagger
(18, -24, D:3)
  a cursed +0 chain mail
  a +0 short sword
(29, 12, D:3)
  a +0 whip
(33, -23, D:3)
  a +0 dagger
(38, -21, D:3)
  a +0 scale mail
  a +0 trident
(45, 0, D:3)
  a +0 dagger
(46, -19, D:3)
  a mace
(53, -16, D:3)
  a +1 robe

Level 4 of the Dungeon
[Shop] Ijob Nydgh's Magic Scroll Shoppe
  a scroll of summoning (unknown) (104 gold)
  a scroll of amnesia (unknown) (38 gold)
  a scroll of remove curse (33 gold)
(0, 0, D:4)
  a long sword
(4, 4, D:4)
  a dagger
(19, 24, D:4)
  a cursed -3 hand axe
(19, 41, D:4)
  a +0 whip
(35, -4, D:4)
  a +0 short sword
(42, 16, D:4)
  a rapier
(47, -3, D:4)
  a +0 dagger
(55, 1, D:4)
  a +0 giant club

Level 5 of the Dungeon
(0, 0, D:5)
  a +0 flail
(1, -6, D:5)
  a +0 ring mail
  a +0 whip
(2, -8, D:5)
  a +0 ring mail
  a +0 hand axe
  a +0 ring mail
(5, -11, D:5)
  a cursed +0 robe
  a +0 dagger
(14, -46, D:5)
  a +0 dagger
(17, -48, D:5)
  a cursed +0 ring mail
  a +0 dagger
(19, -12, D:5)
  a +0 flail
(27, -50, D:5)
  a +0 flail
(50, -36, D:5)
  a +0 leather armour
  a +0 short sword
(52, -43, D:5)
  a +0 club
(61, -3, D:5)
  a trident

Level 6 of the Dungeon
(0, 0, D:6)
  a club
(9, -17, D:6)
  a +0 club
(11, -15, D:6)
  a +0 leather armour
  a +0 ring mail
  a +0 flail
(16, -37, D:6)
  a potion of curing
(22, -1, D:6)
  a book of Necromancy
(25, -37, D:6)
  a +0 leather armour
(31, -45, D:6)
  a spear
(33, -7, D:6)
  a scroll of teleportation
(38, -37, D:6)
  9 poisoned needles
(45, -32, D:6)
  a scroll of magic mapping
(45, -9, D:6)
  a +0 club

Level 7 of the Dungeon
(0, 0, D:7)
  a howler monkey corpse (skeletalised by now)
(21, -7, D:7)
  a stone

the Ecumenical Temple

