Mimpunouh

Level 1 of the Dungeon
(0, 0, D:1)
  a +0 flail
(4, -16, D:1)
  a +0 club
(12, -12, D:1)
  20 stones
(16, -17, D:1)
  a scroll of enchant weapon
(20, -8, D:1)
  a +0 club
(25, 12, D:1)
  a +0 dagger
(28, 9, D:1)
  a stone
(29, -22, D:1)
  17 stones
(37, 16, D:1)
  a robe
(39, 16, D:1)
  a +0 club
(46, -14, D:1)
  a +0 dagger
  10 stones
(48, -14, D:1)
  a stone
(52, -14, D:1)
  3 stones
(53, -14, D:1)
  2 stones
(54, -18, D:1)
  23 stones
(54, -15, D:1)
  a +3 short sword of electrocution
(55, -21, D:1)
  a +0 short sword

Level 2 of the Dungeon
(0, 0, D:2)
  22 bolts
(2, -3, D:2)
  a glowing flail
(11, -31, D:2)
  a +0 club
(11, -13, D:2)
  13 arrows
(14, 5, D:2)
  3 scrolls of enchant weapon
(18, -13, D:2)
  a pair of gloves
(20, -27, D:2)
  an adder skeleton
(33, -30, D:2)
  a +0 dagger
  a kobold corpse (skeletalised by now)
(34, -12, D:2)
  2 stones
(34, -11, D:2)
  a stone
(34, -9, D:2)
  5 stones
(34, -2, D:2)
  a stone
(34, 2, D:2)
  a mace
(35, 1, D:2)
  a +0 dagger
(36, -6, D:2)
  a pair of gloves
(37, -2, D:2)
  2 stones
(38, -10, D:2)
  a +0 chain mail
  a stone
(38, -3, D:2)
  3 stones
(39, -6, D:2)
  a stone
(39, -1, D:2)
  a leather armour
(42, -8, D:2)
  a ring mail
(51, -24, D:2)
  14 arrows

