Zetic

Level 1 of the Dungeon
(0, 0, D:1)
  a scroll of immolation
(0, 23, D:1)
  a scroll of immolation
(5, 31, D:1)
  a +0 ring mail
(8, 13, D:1)
  a +0 dagger
(9, -4, D:1)
  22 stones
(11, 24, D:1)
  a +1 dagger of freezing
(11, 26, D:1)
  28 bolts
(16, 22, D:1)
  a scroll of identify
(17, 21, D:1)
  a +0 club
(24, -6, D:1)
  a scroll of noise
(25, 19, D:1)
  a cursed -2 ring of intelligence
(27, 12, D:1)
  18 gold pieces
(29, -8, D:1)
  a gold piece
(31, 17, D:1)
  a +0 robe

Level 2 of the Dungeon
(0, 0, D:2)
  12 gold pieces
(0, 17, D:2)
  a scroll of teleportation
(8, 14, D:2)
  12 gold pieces
(9, 29, D:2)
  a ration
(11, 1, D:2)
  6 gold pieces
(23, 12, D:2)
  a scroll of remove curse
(29, 35, D:2)
  16 stones
(32, 17, D:2)
  a scroll of identify
(32, 40, D:2)
  a scroll of remove curse
(37, 0, D:2)
  a ration
(38, 0, D:2)
  a scroll of enchant weapon
(43, 7, D:2)
  22 stones
(45, 0, D:2)
  9 gold pieces
(46, 8, D:2)
  a +0 leather armour
(46, 9, D:2)
  13 arrows
(47, 0, D:2)
  8 gold pieces
(47, 2, D:2)
  7 gold pieces
(47, 37, D:2)
  a potion of lignification
(53, 34, D:2)
  21 stones
(54, 15, D:2)
  a scroll of identify
(56, 21, D:2)
  a scroll of magic mapping
(56, 24, D:2)
  14 stones
(56, 26, D:2)
  a +0 robe

Level 3 of the Dungeon
(0, 0, D:3)
  18 stones
(8, -5, D:3)
  4 gold pieces
(9, 26, D:3)
  a ration
(10, 19, D:3)
  a +0 scale mail
(11, -4, D:3)
  a +0 pair of boots
(11, 5, D:3)
  a +2 pair of gloves
(11, 10, D:3)
  a scroll of immolation
(12, -2, D:3)
  16 stones
(14, 4, D:3)
  21 arrows
(17, 3, D:3)
  a +0 ring mail
(21, -1, D:3)
  7 gold pieces
(22, 46, D:3)
  a +1 short sword of speed
(25, 23, D:3)
  a scroll of enchant weapon
(28, 29, D:3)
  a +0 mace
(30, 35, D:3)
  a scroll of identify
(37, 29, D:3)
  a cursed -3 hunting sling
(39, 0, D:3)
  a +0 whip
(40, 24, D:3)
  14 arrows
(47, -1, D:3)
  a scroll of remove curse
(47, 21, D:3)
  a ration
(50, 36, D:3)
  a scroll of amnesia

Level 4 of the Dungeon
[Shop] Geus's Armour Emporium
  (Shop contents are unknown)
(0, 0, D:4)
  a potion of mutation
(5, 3, D:4)
  a potion of heal wounds
(10, -1, D:4)
  a potion of mutation
(14, 23, D:4)
  a +0 ring mail
(16, 7, D:4)
  a ration
(20, 25, D:4)
  a scroll of fog
(26, 22, D:4)
  a ration
(32, 31, D:4)
  a +0 war axe
(38, 22, D:4)
  a +0 centaur barding
(41, 34, D:4)
  13 gold pieces
(43, 30, D:4)
  a +0 mace
(44, 30, D:4)
  an uncursed ring of stealth
(48, 31, D:4)
  a potion of flight

