Seifuratu

Level 1 of the Dungeon
(0, 0, D:1)
  a +1 ring of evasion
(3, -10, D:1)
  a +0 hand axe
(4, 7, D:1)
  a +0 bardiche
  (unseen)
(4, 9, D:1)
  a +0 dagger
(4, 13, D:1)
  a ration
(5, 3, D:1)
  a potion of mutation
(8, -4, D:1)
  a +0 leather armour
(9, -2, D:1)
  4 tomahawks
(9, 0, D:1)
  a scroll of identify
(18, -17, D:1)
  a potion of haste
(21, -14, D:1)
  a potion of mutation
(23, -6, D:1)
  a +0 leather armour
(23, -4, D:1)
  10 gold pieces
(24, -6, D:1)
  a +0 ring mail
(25, -13, D:1)
  9 gold pieces
(25, -7, D:1)
  a +0 robe
(37, 3, D:1)
  26 arrows
(41, -5, D:1)
  a scroll of identify
(55, 36, D:1)
  a +0 trident

