Qixkek

Level 1 of the Lair of Beasts
(0, 0, Lair:1)
  a cursed +0 ring mail
(4, -17, Lair:1)
  the +3 robe of the Guilds {SInv}
    It lets you see invisible.
(12, -42, Lair:1)
  2 poisoned needles
(15, -1, Lair:1)
  11 stones
(16, -35, Lair:1)
  20 arrows
(28, -14, Lair:1)
  19 arrows
(42, -21, Lair:1)
  21 stones
(61, -20, Lair:1)
  a +0 quarterstaff
(65, 13, Lair:1)
  13 sling bullets

Level 2 of the Lair of Beasts
(0, 0, Lair:2)
  a +0 buckler
(0, 40, Lair:2)
  a +2 halberd of protection
(10, 6, Lair:2)
  27 arrows
(12, 34, Lair:2)
  a +0 chain mail
(13, 15, Lair:2)
  25 arrows
(15, 9, Lair:2)
  a +0 chain mail
(15, 18, Lair:2)
  a +0 war axe
(16, 22, Lair:2)
  a +0 plate armour
(18, 17, Lair:2)
  a +0 hand axe
(23, 26, Lair:2)
  a +0 short sword
(23, 33, Lair:2)
  a +0 long sword
(31, 15, Lair:2)
  a +0 hunting sling
(31, 21, Lair:2)
  a +0 fustibalus
(36, 31, Lair:2)
  a +2 rapier of draining
(37, 33, Lair:2)
  a +2 war axe of venom
(37, 50, Lair:2)
  a +0 hand crossbow
(38, 15, Lair:2)
  a cursed -3 great sword
(41, 45, Lair:2)
  15 stones
(44, 22, Lair:2)
  13 stones
(49, 15, Lair:2)
  22 arrows

Level 3 of the Lair of Beasts
(0, 0, Lair:3)
  18 arrows
(12, -45, Lair:3)
  a +0 chain mail
(23, -22, Lair:3)
  16 stones
(24, -3, Lair:3)
  +0 fire dragon scales
(26, -8, Lair:3)
  20 poisoned needles
(32, -8, Lair:3)
  16 arrows
(35, -9, Lair:3)
  12 stones
(54, -39, Lair:3)
  a +0 short sword

Level 4 of the Lair of Beasts
(0, 0, Lair:4)
  24 arrows
(3, 26, Lair:4)
  a +0 double sword of protection
  a +0 ring mail
(3, 27, Lair:4)
  5 arrows
(3, 29, Lair:4)
  an arrow
(4, 24, Lair:4)
  an arrow
(4, 28, Lair:4)
  2 arrows
(4, 29, Lair:4)
  a +2 longbow of flaming
  a +0 centaur barding of flying
(5, 26, Lair:4)
  7 arrows
  a javelin
(5, 27, Lair:4)
  6 arrows
(6, 27, Lair:4)
  an arrow
(7, 26, Lair:4)
  a javelin
(8, 26, Lair:4)
  a javelin
(10, 31, Lair:4)
  a +0 broad axe
(11, 7, Lair:4)
  a +2 great sword of holy wrath
  a +0 ring mail
(24, 40, Lair:4)
  a +0 club
(29, 30, Lair:4)
  a +0 leather armour
(35, 11, Lair:4)
  a +0 club
(55, 30, Lair:4)
  20 sling bullets

Level 5 of the Lair of Beasts
(0, 0, Lair:5)
  a cursed +0 helmet
(1, 24, Lair:5)
  15 poisoned needles
(8, 28, Lair:5)
  a +0 shortbow
(11, -10, Lair:5)
  a +0 flail
(13, -24, Lair:5)
  17 bolts
(18, 18, Lair:5)
  a +0 morningstar
(20, -9, Lair:5)
  a +2 hat
(29, 25, Lair:5)
  a phantom mirror
(34, -18, Lair:5)
  17 bolts
(36, 35, Lair:5)
  a +0 leather armour
(43, -9, Lair:5)
  21 stones
(49, 8, Lair:5)
  a lamp of fire
(55, 26, Lair:5)
  a +0 scale mail
(58, -21, Lair:5)
  a +0 rapier
(63, 21, Lair:5)
  a +2 dagger of holy wrath
  a +2 robe of magic resistance
(70, -14, Lair:5)
  8 tomahawks

Level 6 of the Lair of Beasts
(2, 7, Lair:6)
  the cursed -5 shield of the Undertaker {rN+ Str+3}
    It affects your strength (+3).
    It protects you from negative energy.
    It has a curse placed upon it.
(3, 11, Lair:6)
  a scroll of holy word
(7, 38, Lair:6)
  a +0 leather armour
(11, 5, Lair:6)
  (unseen)
(15, -8, Lair:6)
  15 sling bullets
(22, 12, Lair:6)
  a +0 shortbow
(22, 18, Lair:6)
  the +8 lance "Wyrmbane" {slay drac, rPois rF+ rC+ AC+3}
    It affects your AC (+3).
    It protects you from fire.
    It protects you from cold.
    It protects you from poison.
(24, -6, Lair:6)
  a scroll of magic mapping
(24, 12, Lair:6)
  a +0 chain mail

Level 4 of the Pits of Slime
(0, 0, Slime:4)
  a manual of Fighting
  a manual of Unarmed Combat

