Yzxiedd

Level 1 of the Dungeon
(0, 0, D:1)
  a +0 club
(0, 3, D:1)
  a +0 dagger
(2, 7, D:1)
  a +0 club
(16, 3, D:1)
  28 stones
(18, 6, D:1)
  a +0 dagger
(37, 22, D:1)
  a +0 club
(41, 19, D:1)
  a cursed -3 club
(46, -15, D:1)
  a +0 hunting sling
(57, 19, D:1)
  a +0 robe

Level 2 of the Dungeon
(0, 0, D:2)
  a +0 ring mail
  a +0 dagger
(2, 22, D:2)
  a hobgoblin skeleton
(16, -5, D:2)
  a +0 flail
(20, 13, D:2)
  a +0 mace
(21, -8, D:2)
  a +0 club
(22, -9, D:2)
  a +0 club
(27, 10, D:2)
  a +0 club
(29, 12, D:2)
  a +0 club
(34, 8, D:2)
  a +0 dagger

Level 3 of the Dungeon
(0, 0, D:3)
  a +0 mace
  an orc skeleton
(1, 0, D:3)
  a stone
(2, 0, D:3)
  a stone
(3, 0, D:3)
  a stone
(4, 0, D:3)
  a stone
(5, 0, D:3)
  a sling bullet
(6, 0, D:3)
  a stone
(39, -19, D:3)
  a potion of degeneration
(41, -13, D:3)
  a scarf of repulsion

