Ucwal

Level 1 of the Dungeon
(0, 0, D:1)
  4 poisoned needles
(1, -29, D:1)
  12 gold pieces
(4, -13, D:1)
  21 stones
(6, -18, D:1)
  a +0 ring mail
(9, -11, D:1)
  13 gold pieces
(10, -50, D:1)
  a cursed -1 pair of gloves
(11, -23, D:1)
  a scroll of remove curse
(12, -57, D:1)
  11 gold pieces
(12, -54, D:1)
  5 gold pieces
(12, -24, D:1)
  3 gold pieces
(12, -16, D:1)
  37 poisoned needles
(13, -33, D:1)
  a +0 dagger
(13, -32, D:1)
  a poisoned needle
(13, -30, D:1)
  a poisoned needle
(13, -27, D:1)
  a scroll of amnesia
(15, -33, D:1)
  a +0 short sword
(24, -55, D:1)
  a potion of degeneration
(27, -15, D:1)
  an uncursed ring of stealth
(32, -20, D:1)
  a +0 hand axe
(36, -24, D:1)
  28 sling bullets
(38, -12, D:1)
  a ration
(45, -15, D:1)
  a +0 leather armour
(46, -24, D:1)
  a scroll of enchant armour
(47, -15, D:1)
  13 gold pieces
(52, -4, D:1)
  an uncursed amulet of magic regeneration
(56, -60, D:1)
  a scroll of magic mapping
(57, -18, D:1)
  7 gold pieces
(60, -15, D:1)
  a +0 chain mail
(64, -19, D:1)
  a +0 spear

Level 2 of the Dungeon
(0, 0, D:2)
  5 gold pieces
(3, 12, D:2)
  a scroll of identify
(5, -8, D:2)
  a scroll of blinking
(7, 5, D:2)
  8 gold pieces
(11, -1, D:2)
  a death yak corpse
(14, -4, D:2)
  a death yak corpse
  a death yak skeleton
(14, -3, D:2)
  a death yak corpse
(15, -4, D:2)
  a death yak skeleton
(15, -2, D:2)
  3 poisoned needles (still there?)
  2 poisoned needles (still there?)
(16, -1, D:2)
  3 poisoned needles
(18, 16, D:2)
  a potion of ambrosia
(21, 0, D:2)
  a +0 hand axe
(27, -17, D:2)
  a +0 whip
(28, 11, D:2)
  a +0 chain mail
(34, 7, D:2)
  9 gold pieces
(34, 9, D:2)
  13 gold pieces
(38, 19, D:2)
  a scroll of fog
(39, 16, D:2)
  a scroll of enchant armour
(42, 2, D:2)
  a +0 dagger
(44, 9, D:2)
  17 arrows
(45, -6, D:2)
  a scroll of random uselessness
(48, -19, D:2)
  a +0 dagger
(48, 2, D:2)
  a scroll of identify
(49, -17, D:2)
  7 gold pieces
(52, 1, D:2)
  a scroll of remove curse

