Acaemana

Level 1 of the Dungeon
(0, 0, D:1)
  a ration
(18, -22, D:1)
  a +0 robe
(28, -36, D:1)
  a +0 chain mail
(28, -20, D:1)
  a ration
(33, -7, D:1)
  a ration
(37, 11, D:1)
  a +0 club
(43, 4, D:1)
  a +0 dagger
(45, 3, D:1)
  a potion of haste
(55, -22, D:1)
  a ration

Level 2 of the Dungeon
(3, 22, D:2)
  a potion of agility
(4, 6, D:2)
  a ration
(5, 22, D:2)
  a +0 whip
(15, 34, D:2)
  2 potions of flight
(20, 16, D:2)
  a potion of brilliance
(23, 39, D:2)
  a potion of curing
(24, 30, D:2)
  a +0 flail
(26, 22, D:2)
  a potion of curing
(30, 17, D:2)
  a +0 club
(31, 31, D:2)
  a ration
(33, 11, D:2)
  a potion of flight
(35, 11, D:2)
  a ration
(43, 27, D:2)
  a +0 robe
(47, 17, D:2)
  a potion of invisibility

Level 3 of the Dungeon
(0, 0, D:3)
  a +0 scale mail
  a +0 flail
(0, 3, D:3)
  a +0 leather armour
  a +0 whip
(1, 3, D:3)
  a +0 leather armour
(3, 8, D:3)
  a +0 dagger
(6, 12, D:3)
  2 potions of brilliance
(7, 13, D:3)
  a +0 club
  a +0 scale mail
  a +0 dagger
  a +0 flail
(8, 13, D:3)
  a +0 robe
  a +0 dagger
(13, 40, D:3)
  a +0 robe
(16, 13, D:3)
  a +0 robe
  a +0 scythe
(16, 36, D:3)
  a +0 club
(17, 17, D:3)
  a ration
(18, 45, D:3)
  a cursed +0 pair of gloves
  a +0 whip
(19, 37, D:3)
  a +0 dagger
(19, 42, D:3)
  a +0 short sword
(31, 6, D:3)
  a +0 leather armour
(32, 3, D:3)
  a potion of mutation
(35, 12, D:3)
  4 large rocks

Level 4 of the Dungeon
(6, -22, D:4)
  a ration
(8, 6, D:4)
  a cursed -2 halberd
(8, 7, D:4)
  a +0 flail
(9, 2, D:4)
  a potion of curing
(12, 0, D:4)
  a +0 hand axe
  a +0 whip
(13, -18, D:4)
  a +0 giant spiked club
(23, 9, D:4)
  a +0 quarterstaff
(29, -5, D:4)
  a +0 long sword
(33, -16, D:4)
  a +0 leather armour
  a +0 club

Level 5 of the Dungeon
(0, 0, D:5)
  a +0 robe
  a +0 dagger
(0, 26, D:5)
  a +0 robe
(1, 4, D:5)
  a +0 dagger
(5, -5, D:5)
  a +0 ring mail
(6, -6, D:5)
  a ration
(13, -4, D:5)
  a +0 robe
  a cursed -2 dagger
(13, -1, D:5)
  a +0 ring mail
  a +0 club
(14, 30, D:5)
  a potion of lignification
(16, 13, D:5)
  a ration
(16, 19, D:5)
  a +0 giant spiked club
(19, -6, D:5)
  a +0 robe
(23, 15, D:5)
  a +0 giant club
(26, 3, D:5)
  a +0 ring mail
(37, -5, D:5)
  a +0 leather armour
  a +0 hand axe

Level 6 of the Dungeon
(0, 0, D:6)
  2 potions of degeneration
(1, -4, D:6)
  a +0 animal skin
(3, 12, D:6)
  a +0 leather armour
(4, -1, D:6)
  a +0 animal skin
(5, -3, D:6)
  a +0 shortbow
(7, -30, D:6)
  a +0 animal skin
(8, 19, D:6)
  a +0 ring mail
  a +0 dagger
(10, -31, D:6)
  a +0 animal skin
(11, -31, D:6)
  a +0 animal skin
(12, -18, D:6)
  2 potions of curing
(13, -30, D:6)
  a +0 animal skin
(13, -3, D:6)
  a +0 dagger
(17, -1, D:6)
  a +0 whip
(27, -3, D:6)
  a +0 ring mail
(30, -26, D:6)
  a +0 short sword
  a +0 robe
(34, -15, D:6)
  a +0 dagger
(34, -14, D:6)
  a potion of curing

Level 7 of the Dungeon
[Shop] Senasas's General Store
  a potion of flight (33 gold)
  a ration (55 gold)
  11 stones (12 gold)
  a +0 robe (7 gold)
  a ration (55 gold)
  17 stones (18 gold)
(0, 0, D:7)
  a ration
(15, -16, D:7)
  a ration
(16, -7, D:7)
  a ration
(21, -28, D:7)
  a potion of might
(24, -19, D:7)
  a +0 spear
(37, 3, D:7)
  a +0 chain mail
(47, -6, D:7)
  a +0 giant spiked club
(48, -30, D:7)
  2 potions of cancellation
(49, 0, D:7)
  a +0 war axe
(54, -29, D:7)
  a +0 dagger

Level 8 of the Dungeon
(8, -7, D:8)
  a potion of ambrosia
(15, -18, D:8)
  a potion of ambrosia
(17, -24, D:8)
  a +0 dagger
  a +0 robe
(17, -16, D:8)
  a +0 robe
(19, 11, D:8)
  2 potions of lignification
(20, -4, D:8)
  a +0 plate armour
  a +0 battleaxe
(20, 9, D:8)
  a +0 leather armour
  a +0 mace
(22, -24, D:8)
  a +0 chain mail
  a +0 short sword
  a +0 leather armour
  a +0 flail
(22, -19, D:8)
  a potion of lignification
(22, -10, D:8)
  a +0 leather armour
  a +0 club
(25, -5, D:8)
  a +0 dagger
(26, -24, D:8)
  a +0 war axe
  a cursed -2 plate armour
(32, -5, D:8)
  a +0 pair of gloves
(32, 2, D:8)
  a +0 robe
  a +0 dagger
(35, -8, D:8)
  a +0 dagger
(38, -8, D:8)
  a +0 robe
  a +0 dagger
(38, -7, D:8)
  a +0 dagger
(40, -28, D:8)
  a +0 robe
  a +0 dagger
(49, -15, D:8)
  a ration
(55, -1, D:8)
  a cursed +0 leather armour
  a +0 hand axe
(55, 0, D:8)
  a +0 shortbow
  a +0 whip
(56, 1, D:8)
  a +0 plate armour
  a +0 war axe
(57, -24, D:8)
  a +0 flail
  a +0 leather armour

the Ecumenical Temple

