Neciott

Level 1 of the Dungeon
(0, 0, D:1)
  a cursed -3 whip
(1, 4, D:1)
  a +0 mace
(1, 17, D:1)
  a +0 club
(6, 13, D:1)
  a +0 robe
(8, 19, D:1)
  a +0 ring mail
(10, -14, D:1)
  a +0 club
(14, 14, D:1)
  a +0 dagger
  a +0 club
(22, -1, D:1)
  a +0 robe
(26, -11, D:1)
  a +0 club
(26, 19, D:1)
  a +0 whip
(32, 14, D:1)
  a +0 club
(32, 20, D:1)
  a +0 dagger
(36, 4, D:1)
  a +0 whip
(36, 6, D:1)
  a cursed +0 club
(48, 4, D:1)
  a +0 short sword
(50, -8, D:1)
  a +0 scale mail

Level 2 of the Dungeon
(0, 0, D:2)
  a +0 club
(6, 19, D:2)
  a +0 robe
(9, 44, D:2)
  a +0 short sword
(15, 18, D:2)
  a +0 ring mail
(23, 5, D:2)
  a cursed -1 club
(25, 5, D:2)
  a +0 club
(37, 24, D:2)
  a cursed -1 mace
(38, 15, D:2)
  a +0 leather armour

Level 3 of the Dungeon
(0, 0, D:3)
  a +0 club
(7, -4, D:3)
  a +0 club
(10, -18, D:3)
  a +0 giant club
  an ogre skeleton
(26, -16, D:3)
  a ration
(40, -38, D:3)
  a stone
(44, -38, D:3)
  a potion of haste
(57, -11, D:3)
  a +0 dagger
  a cursed +0 hunting sling

Level 4 of the Dungeon
(0, 0, D:4)
  a scroll of random uselessness
(15, 5, D:4)
  an adder skeleton
(15, 7, D:4)
  a frilled lizard skeleton
(17, 13, D:4)
  a +0 ring mail
(20, 13, D:4)
  a giant cockroach corpse
(21, 13, D:4)
  a +4 flail of protection
  (unseen)
(24, 15, D:4)
  a cursed -2 club
(25, 12, D:4)
  a +0 hunting sling

