Dute Ops

Level 1 of the Dungeon
(0, 0, D:1)
  a +0 short sword
(15, -17, D:1)
  a +0 club
(22, 1, D:1)
  a +0 club
(25, -21, D:1)
  a +0 dagger

Level 2 of the Dungeon
(0, 0, D:2)
  a +0 dagger
(8, -20, D:2)
  a +0 short sword
  (unseen)
(21, -7, D:2)
  a +0 whip
(25, -8, D:2)
  a +0 ring mail
  a +0 flail
(25, -4, D:2)
  a +0 ring mail
  a +0 whip
(25, 0, D:2)
  a +0 hand axe
(25, 4, D:2)
  a +0 short sword
(28, -4, D:2)
  a +0 ring mail
(34, 15, D:2)
  a +0 club
(53, -3, D:2)
  a +0 club
(53, 28, D:2)
  a +0 short sword
(55, 1, D:2)
  a +0 club

Level 3 of the Dungeon
(0, 0, D:3)
  a +0 mace
(6, -6, D:3)
  a +0 flail
  a +0 scale mail
(6, 5, D:3)
  a +0 short sword
(7, -9, D:3)
  a +0 whip
(11, -13, D:3)
  a +0 dagger
  a +0 robe
(13, -17, D:3)
  a +0 ring mail
  a +0 flail
  a +0 leather armour
(17, 21, D:3)
  a +0 dagger
(34, -22, D:3)
  a +0 ring mail
(34, 22, D:3)
  a +0 robe
(52, 0, D:3)
  a +0 whip

Level 4 of the Dungeon
(0, 0, D:4)
  a +0 dagger
(5, -1, D:4)
  16 stones
(5, 22, D:4)
  7 gold pieces
(9, 14, D:4)
  11 gold pieces
(13, 8, D:4)
  a cursed +0 plate armour

Level 5 of the Dungeon
(0, 0, D:5)
  a +0 robe
(6, 11, D:5)
  the +5 chain mail of Patterns {Dex+4}
    It affects your dexterity (+4).
(15, 8, D:5)
  a +0 long sword
(28, 24, D:5)
  33 stones
(49, 37, D:5)
  a +0 mace
(58, 3, D:5)
  a cursed +0 leather armour

