Heghocsyah

the Vestibule of Hell
(0, 0, Hell)
  a +0 mace
  a +0 plate armour
  a +0 war axe
(0, 1, Hell)
  a +0 broad axe
(1, -1, Hell)
  a +0 short sword
  a +0 robe
(2, 0, Hell)
  a +2 long sword
  a +0 long sword
  a +0 plate armour
  a +2 great sword of pain
(2, 1, Hell)
  a +0 scimitar
  a +0 long sword
  a +0 mace of protection
  a +0 trident

Level 1 of Tartarus
(0, 0, Tar:1)
  a +1 vampiric battleaxe
(0, 1, Tar:1)
  a +0 battleaxe (still there?)
  a +0 dire flail (still there?)
(1, 2, Tar:1)
  a +0 trident
(1, 4, Tar:1)
  a +5 scythe of pain
(2, 1, Tar:1)
  a +0 robe
  a cursed +0 scimitar
  a +0 battleaxe
  a +0 plate armour
  a +3 battleaxe of flaming
  a cursed +0 robe
  a +0 hand axe
  a +0 long sword
(2, 2, Tar:1)
  a +4 scythe of pain
  a +0 robe
  a cursed +2 war axe of freezing
  a +1 scythe of freezing
  a +0 robe
  a cursed +3 falchion
  a cursed -2 short sword
(2, 3, Tar:1)
  a +0 hand axe
(3, -2, Tar:1)
  a +2 dagger (still there?)
  a +0 halberd (still there?)
(3, -1, Tar:1)
  a +0 scimitar
  (unseen)
(3, 0, Tar:1)
  a +3 battleaxe (still there?)
  a +0 dire flail (still there?)
  a +2 glaive of venom (still there?)
  a +0 chain mail (still there?)
(3, 1, Tar:1)
  a +0 robe
  a +2 battleaxe of venom
  a +0 mace
  a +0 robe
  a +0 flail
  a +0 robe
  a +4 short sword
(4, -10, Tar:1)
  a +0 long sword of slicing
  a +0 robe
  a +3 mace
  a +0 robe
  a cursed +0 morningstar
  a +0 robe
  a +0 vampiric scythe
(4, -9, Tar:1)
  +0 shadow dragon scales
(4, -8, Tar:1)
  a +0 robe
  a +3 dire flail of freezing
  a +0 battleaxe
  a cursed -1 robe
(4, -7, Tar:1)
  a +0 dire flail
  (unseen)
(4, -6, Tar:1)
  a +0 battleaxe
  (unseen)
(4, -4, Tar:1)
  a +0 glaive
(4, -3, Tar:1)
  a hell hound corpse
(4, -2, Tar:1)
  a cursed +0 short sword
  a +0 robe
  a +0 robe
  a cursed +2 short sword
  a +0 robe
  a +0 short sword
(4, -1, Tar:1)
  a +0 robe
  a +0 trident
(4, 0, Tar:1)
  a +0 scimitar
  +0 shadow dragon scales
  a +4 antimagic scythe
(4, 1, Tar:1)
  a +0 mace (still there?)
  a +0 battleaxe (still there?)
  a +0 hand axe (still there?)
  a +2 robe of resistance (still there?)
  a cursed +0 flail (still there?)
  a +0 robe (still there?)
(4, 2, Tar:1)
  a +0 robe
  a cursed +3 long sword of freezing
  a +0 robe
  a +0 dagger
(5, -10, Tar:1)
  a +2 trident
  a +0 robe
(5, -9, Tar:1)
  a +0 robe
  a +0 flail
  a +0 scythe of venom
(5, -8, Tar:1)
  a +0 morningstar
  a +4 scythe of protection
(5, -7, Tar:1)
  a +0 robe
  a +1 scimitar
  a +4 flail
  a +0 robe
(5, -6, Tar:1)
  a +0 short sword
  a cursed +3 spear of freezing
  a +0 robe
(5, -3, Tar:1)
  a +0 hand axe
(5, -2, Tar:1)
  a +0 trident (still there?)
  a +0 halberd (still there?)
(5, -1, Tar:1)
  a +0 battleaxe (still there?)
  a +0 scimitar (still there?)
(5, 0, Tar:1)
  a +4 scythe of slicing (still there?)
  a +3 scythe of venom (still there?)
(5, 2, Tar:1)
  a +0 robe
  a +2 spear of freezing
  a cursed +0 plate armour
  a +5 demon trident
  a +1 scythe of flaming

