Tidip

Level 1 of the Dungeon
(0, 0, D:1)
  a +0 ring mail
(9, -36, D:1)
  a +0 short sword
(19, 7, D:1)
  a +0 club
(23, -14, D:1)
  a +0 dagger
(24, -12, D:1)
  a +0 club
(40, -37, D:1)
  a +0 dagger
(51, -34, D:1)
  a +0 dagger
(51, -17, D:1)
  a +0 club
(56, -20, D:1)
  a +0 club

Level 2 of the Dungeon
(0, 0, D:2)
  a +0 ring mail
(16, 38, D:2)
  a +0 ring mail
(19, 7, D:2)
  a +0 club
(23, -9, D:2)
  a +0 spear
(31, 4, D:2)
  a +0 whip
(39, 0, D:2)
  a +0 dagger
(46, 10, D:2)
  a +0 robe
  a +0 dagger

Level 3 of the Dungeon
(9, 3, D:3)
  a +0 robe
(27, -19, D:3)
  an uncursed amulet of rage
  a cursed -2 short sword
  a +0 flail
  a +0 hand axe
  a +0 dagger
(33, -6, D:3)
  a +0 short sword
  a +0 war axe
  a +0 scale mail
  a +0 flail
(34, 9, D:3)
  a +0 club
(42, 3, D:3)
  a +0 club
(67, -17, D:3)
  a +0 leather armour
  a +0 mace
  a +0 morningstar
(67, -16, D:3)
  a +0 leather armour

Level 4 of the Dungeon
(0, 0, D:4)
  a +0 robe
(8, -4, D:4)
  a +0 short sword
(11, 13, D:4)
  a +0 trident
(14, 12, D:4)
  a +0 hand axe
(25, 9, D:4)
  a +0 ring mail
(31, -9, D:4)
  a +0 ring mail
(37, -4, D:4)
  a +0 falchion
(42, -6, D:4)
  a +0 robe
  a +0 dagger
(42, -5, D:4)
  a +0 whip

Level 5 of the Dungeon
[Shop] Ducvymink's Magic Scroll Boutique
  a scroll of vulnerability (97 gold)
  a scroll of remove curse (39 gold)
  a scroll of remove curse (39 gold)
  a scroll of remove curse (39 gold)
  a scroll of vulnerability (97 gold)
  a scroll of remove curse (39 gold)
(0, 0, D:5)
  a cursed +0 ring mail
  a +0 mace
(1, -4, D:5)
  a +0 falchion of slicing
(11, 0, D:5)
  a +0 giant club
(17, -46, D:5)
  a +0 scale mail
(18, -37, D:5)
  a +0 giant spiked club
(22, -15, D:5)
  a +0 robe
(49, -15, D:5)
  a +0 leather armour

Level 6 of the Dungeon
(0, 0, D:6)
  a +0 chain mail
(4, -12, D:6)
  a +0 club
(9, 7, D:6)
  a cursed -2 whip
  a +0 leather armour
  a +0 short sword
(11, 4, D:6)
  a +0 giant club
(22, 3, D:6)
  a +0 robe
  a cursed -3 dagger
(23, 5, D:6)
  a +0 robe
  a +0 dagger
(26, -17, D:6)
  a scroll of amnesia
(27, -17, D:6)
  a +0 pair of boots
(36, -10, D:6)
  a +0 robe
(48, -24, D:6)
  a +0 spear
(48, -20, D:6)
  a +0 trident

Level 7 of the Dungeon
(3, -17, D:7)
  a +0 long sword
(8, 36, D:7)
  a +0 flail
  a +0 ring mail
(9, 35, D:7)
  a +0 mace
  a +0 chain mail
(10, 26, D:7)
  a +0 robe
  a +0 dagger
(11, 13, D:7)
  a +0 whip
(11, 15, D:7)
  a potion of degeneration
  5 potions of lignification
(11, 24, D:7)
  a +0 robe
  a +0 dagger
(12, 13, D:7)
  a +0 ring mail
  (unseen)
(13, 8, D:7)
  a +0 robe
  a +0 dagger
(13, 9, D:7)
  a +0 giant spiked club
(15, 19, D:7)
  a +0 plate armour
  a +0 dire flail
(20, 12, D:7)
  a cursed -1 flail
(21, 33, D:7)
  a +0 trident
(22, 20, D:7)
  a +0 shortbow
(22, 26, D:7)
  a +0 robe
  a cursed -3 dagger
(23, 28, D:7)
  a +0 shortbow
(27, 33, D:7)
  a +0 plate armour
(49, -11, D:7)
  a potion of berserk rage
(54, 30, D:7)
  a +0 whip
(56, 2, D:7)
  a +0 dagger
  (unseen)
(58, 30, D:7)
  a +0 club
(58, 31, D:7)
  3 potions of degeneration
  a +0 whip
(60, 10, D:7)
  a cursed +0 leather armour

Level 8 of the Dungeon
[Shop] Syilio's Weapon Boutique
  a +1 dagger of speed (182 gold)
  a +0 short sword of venom (78 gold)
  a cursed -1 glaive (1 gold)
  a cursed -3 hunting sling (1 gold)
  a +0 rapier (56 gold)
  a +1 glaive of venom (207 gold)
  the +8 morningstar of Teen {speed, Int+2} (884 gold)
    Attacks with this weapon are significantly faster.
    
    It affects your intelligence (+2).
(0, 0, D:8)
  a +0 ring mail
  a +0 club
(0, 1, D:8)
  a +0 chain mail
  a +0 dagger
(1, -4, D:8)
  a +0 giant spiked club
(1, -1, D:8)
  a +0 ring mail
  a +0 short sword
(1, 0, D:8)
  a cursed +0 giant spiked club
(6, 8, D:8)
  a +0 dagger
(7, -8, D:8)
  a +0 flail
  a +0 chain mail
(8, 9, D:8)
  a +0 flail
(13, -5, D:8)
  a +0 dagger
(14, 12, D:8)
  a +0 flail
(14, 13, D:8)
  a +0 leather armour
  a +0 morningstar
(15, 13, D:8)
  a +0 leather armour
  a +0 flail
  a +0 trident
  a cursed -1 trident
(16, 14, D:8)
  a cursed +0 spear
  a +0 plate armour
  a +0 war axe
(16, 15, D:8)
  a +0 mace
  a +0 ring mail
(17, 19, D:8)
  a +0 dagger
(18, 9, D:8)
  a +0 leather armour
(25, -7, D:8)
  a +0 dagger
(25, 24, D:8)
  a +0 leather armour
(25, 25, D:8)
  a +0 flail of venom
(30, 10, D:8)
  a +0 whip
(35, -4, D:8)
  a +0 whip
  (unseen)

Level 9 of the Dungeon
(0, 0, D:9)
  a +0 morningstar
(0, 1, D:9)
  a +0 flail
(2, 10, D:9)
  a +0 dagger
  a +0 robe
(3, 7, D:9)
  a +0 club
(3, 12, D:9)
  a +0 club
  a +0 dagger
(4, 1, D:9)
  a +0 chain mail
(4, 5, D:9)
  a +0 morningstar
(4, 8, D:9)
  a +0 chain mail
(5, 4, D:9)
  a +0 robe
  a +1 dagger of venom
(6, -14, D:9)
  a +0 dagger
  a +0 scale mail
(6, 2, D:9)
  a cursed +0 plate armour
  a +0 glaive
(6, 9, D:9)
  a cursed -1 trident
(6, 13, D:9)
  a +0 hunting sling
(11, -6, D:9)
  a +0 whip
(11, 8, D:9)
  a +0 plate armour
  a +0 dire flail
(12, -7, D:9)
  a +0 giant spiked club
(16, -7, D:9)
  a +0 trident
  a +0 leather armour
(16, 9, D:9)
  a +0 ring mail
(18, -16, D:9)
  a +0 whip
  a +0 leather armour
(18, -15, D:9)
  a +0 falchion
(19, 9, D:9)
  a +0 short sword
  a +0 chain mail
(20, 10, D:9)
  a +0 flail
  a +0 ring mail
(21, 10, D:9)
  a +0 trident
  a +0 leather armour
  a +0 hand axe
  a +0 ring mail
  a +0 dagger
(24, 12, D:9)
  a +0 club
(27, -3, D:9)
  a +0 leather armour
(27, 22, D:9)
  a +0 mace
(28, -3, D:9)
  a +0 dagger
  a +0 scale mail
(29, 18, D:9)
  a +0 short sword
(30, 21, D:9)
  a +0 mace
  a +0 scale mail
(31, 1, D:9)
  a +0 war axe
  a cursed +0 leather armour
(32, 10, D:9)
  a +0 short sword
  a +0 leather armour
  a +0 mace
(36, 9, D:9)
  a +0 robe
  a +0 dagger
(36, 19, D:9)
  a +0 club
  a +0 short sword
(37, 9, D:9)
  a +0 leather armour
  a +0 club
  a +0 chain mail
(37, 19, D:9)
  a +0 club
  a +0 leather armour
(38, 9, D:9)
  a +0 robe
  a +0 dagger
(38, 20, D:9)
  a +0 dagger
(39, -6, D:9)
  a +0 ring mail
  (unseen)
(39, -5, D:9)
  a +0 plate armour
(40, 9, D:9)
  a +0 leather armour
  a +0 club
(41, 2, D:9)
  a +0 whip
(43, 10, D:9)
  a +0 leather armour
  a +0 club
(44, -20, D:9)
  a cursed +0 leather armour
(45, 10, D:9)
  a +0 robe
  a cursed +2 mace
(45, 20, D:9)
  a +0 flail
(48, 9, D:9)
  a +0 mace
  a +1 robe of magic resistance
  a +0 trident
  a +0 robe
  a cursed +0 hand axe
  a +0 robe
  a cursed +2 great sword
  a cursed +0 scale mail
(48, 10, D:9)
  a +0 hand axe
(51, -17, D:9)
  a +0 leather armour
  a +0 hand axe
(54, -19, D:9)
  a +0 plate armour
(55, 0, D:9)
  a +0 plate armour
  a +0 mace
(55, 11, D:9)
  a +0 club
(56, -19, D:9)
  a +0 leather armour
  a +0 war axe
(59, 5, D:9)
  a +0 long sword

Level 10 of the Dungeon
(0, 0, D:10)
  a +0 ring mail
  a +0 mace
(19, -16, D:10)
  a cursed -2 hunting sling
(28, 3, D:10)
  a +0 helmet
  a scroll of teleportation
(31, -7, D:10)
  a +0 flail
(45, -19, D:10)
  a +0 hand crossbow
  a +0 shortbow
(46, -5, D:10)
  a +0 quarterstaff
(47, 23, D:10)
  a +0 shortbow

Level 11 of the Dungeon
(0, 0, D:11)
  3 large rocks
(0, 1, D:11)
  a +0 ring mail
  a +0 club
(2, -2, D:11)
  a +0 short sword
(3, -2, D:11)
  a +0 whip
(5, -2, D:11)
  a cursed -2 mace
  a +0 dagger
  a +0 blowgun
(5, 3, D:11)
  a +0 club
  (unseen)
(10, 22, D:11)
  21 stones
(13, 1, D:11)
  a +0 chain mail
(17, 12, D:11)
  a hydra corpse (still there?)
  an ugly thing corpse (still there?)
(17, 14, D:11)
  an ugly thing corpse (still there?)
  a hound corpse (still there?)
(17, 15, D:11)
  a tomahawk
(20, 2, D:11)
  a +0 giant club
  a +0 giant spiked club
(20, 5, D:11)
  a +4 dagger
  a +0 robe
(21, 5, D:11)
  a +0 trident
  a +0 leather armour
(31, 12, D:11)
  a +3 dire flail
  a +1 short sword of protection
(36, 14, D:11)
  a +0 leather armour
  a +0 dagger
  a +0 robe
(37, 15, D:11)
  a +0 flail
(38, -13, D:11)
  a +0 dagger
  a +0 chain mail
(39, 1, D:11)
  a +2 scimitar of venom
  a +0 chain mail
(41, -7, D:11)
  a stone
(50, 10, D:11)
  a +0 giant spiked club

the Ecumenical Temple

