Baeraito

Level 1 of the Dungeon
(0, 0, D:1)
  a +0 club
(5, -10, D:1)
  a +0 club
(9, -20, D:1)
  a +0 dagger
(15, 5, D:1)
  a +0 robe
(21, -5, D:1)
  a +0 scale mail

Level 2 of the Dungeon
(0, 0, D:2)
  a +0 club
(2, 3, D:2)
  9 stones
(5, 14, D:2)
  10 gold pieces
(6, 16, D:2)
  a +0 leather armour
(6, 32, D:2)
  a +0 club
(7, 2, D:2)
  a +0 mace
(7, 32, D:2)
  a +0 club
(10, 16, D:2)
  a stone
(10, 17, D:2)
  a stone
(10, 22, D:2)
  a cursed -1 dagger
(10, 33, D:2)
  a stone
(11, 22, D:2)
  a +0 club
(11, 34, D:2)
  an adder corpse
(13, 20, D:2)
  2 stones
(13, 35, D:2)
  a +0 club
(13, 36, D:2)
  a stone
(14, 37, D:2)
  a stone
(18, 24, D:2)
  a +0 club
(19, 23, D:2)
  a stone
(21, 0, D:2)
  a stone
(21, 6, D:2)
  2 inedible chunks of flesh
(22, -4, D:2)
  2 stones
(22, -3, D:2)
  a stone
(22, 27, D:2)
  13 gold pieces
(24, 3, D:2)
  a +0 whip
(24, 4, D:2)
  a stone
(25, 4, D:2)
  a stone
(26, 4, D:2)
  a stone
(28, 15, D:2)
  a stone
(29, 12, D:2)
  11 gold pieces
(29, 14, D:2)
  a stone
(30, 4, D:2)
  a scroll of enchant weapon
(30, 5, D:2)
  a +0 whip

