Neeciach

Level 1 of the Dungeon
(0, 0, D:1)
  a +0 robe
(8, 23, D:1)
  a +0 dagger
(13, 22, D:1)
  a +0 club
(27, 33, D:1)
  a +0 club
(28, 29, D:1)
  8 gold pieces
(36, 37, D:1)
  a +0 shield
(37, 16, D:1)
  a +0 club
(42, 28, D:1)
  14 poisoned needles

Level 2 of the Dungeon
(0, 0, D:2)
  18 bolts
(7, 8, D:2)
  a +0 dagger
(22, -16, D:2)
  a +0 club
(28, -13, D:2)
  a +0 club
(30, 4, D:2)
  16 poisoned needles
(45, -8, D:2)
  20 sling bullets
(51, -17, D:2)
  a +2 cloak

Level 3 of the Dungeon
(0, 0, D:3)
  20 sling bullets
(7, -24, D:3)
  a +0 scale mail
(10, 10, D:3)
  a +0 plate armour
(21, -12, D:3)
  a +0 spear
(26, -19, D:3)
  a cursed -2 spear
(27, 21, D:3)
  a +0 club
(36, 4, D:3)
  a +0 leather armour
  a +0 short sword
(37, -26, D:3)
  a +0 leather armour
(39, 22, D:3)
  a scroll of enchant armour

Level 4 of the Dungeon
(0, 0, D:4)
  a +0 club
  a +0 ring mail
(0, 1, D:4)
  a +0 club
(2, 31, D:4)
  a +0 leather armour
(6, 0, D:4)
  a +0 spear
(10, 0, D:4)
  a +0 falchion
  a +0 ring mail
(11, 0, D:4)
  a +0 mace
  a +0 dagger
(21, 25, D:4)
  a +0 war axe
(21, 26, D:4)
  a +0 robe
(22, 9, D:4)
  a +0 giant spiked club
(27, 9, D:4)
  13 poisoned needles
(29, -3, D:4)
  a +0 short sword
(33, 1, D:4)
  a +0 halberd
(40, -1, D:4)
  a +0 short sword
(40, 0, D:4)
  a +0 club
(40, 2, D:4)
  a +0 flail
(40, 26, D:4)
  a +0 spear

Level 5 of the Dungeon
(0, 0, D:5)
  5 curare-tipped needles
(4, -24, D:5)
  a +0 ring mail
  a +4 flail
(7, -10, D:5)
  a +0 leather armour
(11, 6, D:5)
  27 bolts
(62, 10, D:5)
  a +0 plate armour
  a +0 flail

Level 6 of the Dungeon
(0, 0, D:6)
  a +0 club
(0, 11, D:6)
  a +0 dagger
(4, -7, D:6)
  16 sling bullets
(7, 27, D:6)
  a +0 leather armour
(11, 9, D:6)
  5 large rocks
(34, 27, D:6)
  a +0 short sword
(37, -3, D:6)
  a +0 robe
(40, 25, D:6)
  26 sling bullets
(45, 37, D:6)
  a +0 animal skin
(49, 7, D:6)
  a +0 animal skin

Level 7 of the Dungeon
(0, 0, D:7)
  a +0 leather armour
  a +0 short sword
(3, -3, D:7)
  a +0 leather armour
  a +2 hand axe of chopping
(6, -6, D:7)
  a +0 ring mail
  a +0 club
(9, -6, D:7)
  a +1 short sword of holy wrath
(10, -17, D:7)
  a +0 flail
(12, -16, D:7)
  a +0 ring mail
  a +0 war axe
  a +0 robe
  a +1 whip of freezing
  a +0 hand axe
  a +0 animal skin
(19, 8, D:7)
  a +0 shortbow
(23, 22, D:7)
  a +0 trident
(28, 22, D:7)
  a +0 animal skin
(34, 20, D:7)
  12 bolts
(38, 16, D:7)
  a +0 scale mail
  a +0 dagger
(42, -9, D:7)
  an uncursed ring of protection from cold

Level 8 of the Dungeon
(0, 0, D:8)
  a +0 club
(1, 15, D:8)
  a cursed -1 spear
(4, -4, D:8)
  a +0 shield
(8, -6, D:8)
  a +0 whip
(9, 14, D:8)
  a cursed -1 plate armour
(10, -2, D:8)
  a +0 halberd
(10, 0, D:8)
  a +0 leather armour
  a +0 short sword
(15, -8, D:8)
  a +0 plate armour
  a +0 trident
(16, 6, D:8)
  a scroll of random uselessness
(26, 30, D:8)
  13 poisoned needles
(29, -8, D:8)
  a +0 leather armour
(33, -5, D:8)
  a +0 shortbow
(33, -4, D:8)
  a scroll of enchant weapon
(33, 8, D:8)
  a +0 giant spiked club
  a +0 dire flail
(33, 29, D:8)
  a +0 robe
  a +0 dagger
(34, -4, D:8)
  the +5 broad axe "Toosui" {venom, *Corrode +Blink Dex-3 SInv}
    It poisons the flesh of those it strikes.
    
    It affects your dexterity (-3).
    It lets you see invisible.
    It lets you blink.
    It may corrode you when you take damage.
(34, -3, D:8)
  a +0 arbalest
(34, 31, D:8)
  a +0 robe
  a +0 dagger
(35, -6, D:8)
  an uncursed staff of poison
(35, -5, D:8)
  an uncursed staff of fire
(35, -4, D:8)
  a +2 scale mail of poison resistance
(37, -10, D:8)
  a +0 club
(37, 24, D:8)
  7 bolts
(39, 36, D:8)
  25 sling bullets
(44, 7, D:8)
  a +0 robe
  a cursed +3 trident
(45, -18, D:8)
  a +0 hunting sling
(49, 6, D:8)
  a cursed -2 giant spiked club
(50, -7, D:8)
  a +0 chain mail
  a cursed -1 war axe
(50, 3, D:8)
  a +0 pair of boots
(54, 13, D:8)
  a +0 giant club

Level 9 of the Dungeon
(0, 0, D:9)
  a +0 flail
(1, -44, D:9)
  6 curare-tipped needles
(1, -32, D:9)
  a +0 leather armour
  a cursed -2 short sword
(2, -38, D:9)
  a +0 robe
  a +0 dagger
(5, -38, D:9)
  a +0 dagger
(9, -38, D:9)
  a +0 leather armour
(15, -17, D:9)
  a +0 leather armour
(16, -26, D:9)
  a +0 robe
  a +2 dagger of venom
(17, -41, D:9)
  a +2 vampiric dagger
(17, -40, D:9)
  a +0 double sword
  a +0 leather armour
  a +0 whip

Level 10 of the Dungeon
[Shop] Curunyt's Assorted Antiques
  the +9 whip of Ecvith {slash, rC++} (2196 gold)
    It inflicts extra damage upon your enemies.
    
    It greatly protects you from cold.
  a +0 cloak (135 gold)
  a potion of cancellation (240 gold)
  a +0 ring mail (120 gold)
  a potion of flight (90 gold)
  a +0 leather armour (60 gold)
[Shop] Vuitzyi's Magic Scroll Shoppe
  a scroll of remove curse (36 gold)
  a scroll of remove curse (36 gold)
  a scroll of enchant weapon (90 gold)
  a scroll of blinking (90 gold)
  a scroll of magic mapping (42 gold)
  a scroll of teleportation (36 gold)
  a scroll of remove curse (36 gold)
  a scroll of immolation (42 gold)
  a scroll of teleportation (36 gold)
  a scroll of teleportation (36 gold)
  a scroll of remove curse (36 gold)
(0, 0, D:10)
  a cursed -3 rapier
  a +0 whip
(1, -14, D:10)
  a +0 hand axe
(2, 2, D:10)
  a cursed -1 falchion
(3, 2, D:10)
  a +0 robe
(4, 0, D:10)
  the cursed +0 leather armour of the Bulwark {Str+5}
    It affects your strength (+5).
    It has a curse placed upon it.
(7, -8, D:10)
  a +0 giant spiked club
(7, 3, D:10)
  a +0 cloak
  a +0 hand axe
(9, -9, D:10)
  a +0 spear
(9, -2, D:10)
  a +0 flail
  (unseen)
(14, -37, D:10)
  a +0 rapier
(14, -11, D:10)
  a +0 plate armour
  a +0 halberd
(17, -15, D:10)
  a +0 plate armour
  a +0 war axe
(17, -14, D:10)
  a +0 scale mail
  a +1 spear of piercing
(17, -13, D:10)
  a cursed +0 ring mail
  a +0 spear
(17, 0, D:10)
  a +0 long sword
  a +0 plate armour
(19, -13, D:10)
  a +0 spear of flaming
  a +0 ring mail
(21, -8, D:10)
  a +0 giant spiked club
(22, -31, D:10)
  a +0 shortbow
(23, -30, D:10)
  a +0 halberd
(24, -9, D:10)
  a +0 club
(24, -8, D:10)
  a +0 halberd
(24, -2, D:10)
  25 bolts
(25, -6, D:10)
  a +0 dagger
  a +0 dagger
(25, -5, D:10)
  a +0 giant club
(25, -3, D:10)
  a throwing net
(26, -2, D:10)
  a +0 robe
(27, -30, D:10)
  a +0 whip
  a cursed -3 club
(33, -30, D:10)
  a throwing net

Level 11 of the Dungeon
(0, 0, D:11)
  a +0 chain mail
  a +0 battleaxe
(1, -20, D:11)
  a +2 flail of holy wrath
(4, -21, D:11)
  20 bolts
(4, -2, D:11)
  a tomahawk
(7, -1, D:11)
  a +0 mace
(10, -15, D:11)
  a +0 hunting sling
(13, -1, D:11)
  a tomahawk
(19, 1, D:11)
  a +0 ring mail
  a +0 short sword
(19, 5, D:11)
  a +0 scimitar
  a +0 plate armour
(21, -14, D:11)
  a +0 robe
(22, 6, D:11)
  a +0 chain mail
  a +0 long sword
(23, 2, D:11)
  a +2 robe of magic resistance
  a cursed +0 morningstar
(24, -3, D:11)
  a +0 robe
  a +0 dagger
(27, 10, D:11)
  a book of Changes
(35, -11, D:11)
  a +0 robe
(41, -27, D:11)
  a cursed +5 battleaxe
  a +0 robe
  a +4 dagger of chaos
  a +0 scale mail
(45, 4, D:11)
  a large rock
(52, 3, D:11)
  a large rock
(53, -22, D:11)
  a +0 robe
  a +0 dagger
(53, -7, D:11)
  a +0 chain mail
  a +0 short sword
(53, 4, D:11)
  a +0 scale mail
  a cursed +4 dagger
(53, 5, D:11)
  a +0 dagger
(54, -20, D:11)
  an uncursed staff of power
  a +0 scale mail
  a +0 dagger
  a +0 leather armour

the Ecumenical Temple

Level 1 of the Lair of Beasts
(0, 0, Lair:1)
  a +0 scale mail
(11, -41, Lair:1)
  15 poisoned needles
(14, -32, Lair:1)
  a +0 fustibalus
(16, -13, Lair:1)
  a +0 robe
(20, -31, Lair:1)
  a +0 war axe
(30, -44, Lair:1)
  a water moccasin corpse
(30, -38, Lair:1)
  5 tomahawks
(34, -12, Lair:1)
  17 poisoned needles
(44, -32, Lair:1)
  a crocodile skeleton
(46, -31, Lair:1)
  a +0 shield
(48, -42, Lair:1)
  a potion of experience
(48, -35, Lair:1)
  7 tomahawks of returning

