Wexoge

Level 1 of the Dungeon
(0, 0, D:1)
  a +0 leather armour
(4, 10, D:1)
  a +0 dagger
(12, -5, D:1)
  a +0 short sword
(22, 23, D:1)
  a +0 ring mail
(28, 18, D:1)
  a +0 pair of gloves
(41, 25, D:1)
  a +0 club
(43, -7, D:1)
  a +0 short sword

Level 2 of the Dungeon
(4, 2, D:2)
  a +0 dagger
(20, -10, D:2)
  a +0 dagger
(27, -17, D:2)
  a cursed -2 giant spiked club
(32, -6, D:2)
  a cursed -3 short sword
(44, 36, D:2)
  a cursed -1 chain mail
(50, 23, D:2)
  a +0 robe
(52, -15, D:2)
  a +0 ring mail
(55, -15, D:2)
  a +0 animal skin

Level 3 of the Dungeon
(0, 0, D:3)
  a +0 dagger of venom
(0, 1, D:3)
  a +0 club
(9, 16, D:3)
  a +0 short sword
(16, -20, D:3)
  a +0 rapier
(38, 9, D:3)
  a +0 hand axe
(39, 11, D:3)
  a +0 spear
(45, -32, D:3)
  a +0 club
(45, -3, D:3)
  a +0 leather armour
  a +0 falchion
(54, 11, D:3)
  a +0 chain mail

Level 4 of the Dungeon
[Shop] Syoff's Jewellery Shoppe
  a +5 ring of evasion (550 gold)
  the ring of Zaghor {MR+ Dex+4} (396 gold)
    [ring of dexterity]
    
    It affects your dexterity (+4).
    It affects your resistance to hostile enchantments.
  an uncursed ring of magical power (200 gold)
  the ring "Ahofoesk" {+Blink rPois Int+5 Dex+7} (592 gold)
    [ring of poison resistance]
    
    It affects your intelligence (+5).
    It affects your dexterity (+7).
    It protects you from poison.
    It lets you blink.
  an uncursed ring of stealth (175 gold)
  an uncursed amulet of guardian spirit (300 gold)
  an uncursed ring of protection from fire (250 gold)
[Shop] Aguh's General Store
  an uncursed staff of death (325 gold)
  a +0 halberd of chopping (104 gold)
  24 sling bullets (156 gold)
  an uncursed ring of magical power (260 gold)
  a +0 hand axe of flaming (96 gold)
  6 tomahawks of returning (78 gold)
  a cursed -1 mace (1 gold)
  a ration (65 gold)
(14, -21, D:4)
  a +0 whip
(15, -2, D:4)
  a +0 club
  a +0 robe
  a +0 short sword
(19, -5, D:4)
  a +0 scale mail
  a +0 dagger
(21, 0, D:4)
  a -3 club
(28, 6, D:4)
  a +0 ring mail
(31, -5, D:4)
  a +0 club
  a +0 dagger
  a +0 robe
(32, -5, D:4)
  a +0 dagger
  a +0 robe
(37, -9, D:4)
  a +0 leather armour
(39, -31, D:4)
  a +0 giant club
(40, -32, D:4)
  a cursed -2 falchion
  a +0 leather armour
(41, -8, D:4)
  a cursed -3 ring of strength
  a cursed -2 ring of dexterity
  a +0 mace
(42, -34, D:4)
  a +0 hand axe
(46, 0, D:4)
  a +0 chain mail
  a +0 hand axe
(46, 1, D:4)
  a +0 ring mail
(48, -38, D:4)
  a stone
(50, -36, D:4)
  a stone
(51, -35, D:4)
  a stone

Level 5 of the Dungeon
(0, 0, D:5)
  a scroll of enchant weapon
(3, -1, D:5)
  a +0 robe
(16, -36, D:5)
  a stone
(17, -37, D:5)
  a stone
(18, -25, D:5)
  a +0 trident
(18, -14, D:5)
  a +0 hand axe
(19, -9, D:5)
  a stone
(20, -9, D:5)
  a stone
(33, -1, D:5)
  a +0 scale mail
(39, -16, D:5)
  a +0 spear
(41, -26, D:5)
  a book of Minor Magic
(44, -16, D:5)
  a +0 ring mail
(47, 10, D:5)
  a +0 long sword
(48, -12, D:5)
  a cursed +0 whip
  a cursed -3 spear
(48, 8, D:5)
  a +0 leather armour
(49, -13, D:5)
  a +0 halberd
(56, -42, D:5)
  a +0 short sword
  a +0 chain mail
  a +0 flail

Level 6 of the Dungeon
(0, 0, D:6)
  a cursed -2 giant spiked club
(3, 8, D:6)
  a +0 halberd
  a +0 spear
(3, 9, D:6)
  a +0 spear
(5, 2, D:6)
  a +0 robe
  a +0 leather armour
  a +0 dagger
  a +0 robe
  a +0 dagger
  a +0 robe
(6, -6, D:6)
  2 arrows
(6, 0, D:6)
  a +0 shortbow
(7, -6, D:6)
  an arrow
(7, 2, D:6)
  a +0 dire flail
  a +0 chain mail
(8, -6, D:6)
  an arrow
(10, -6, D:6)
  an arrow
(10, 2, D:6)
  a +0 robe
  a +0 dagger
(11, -6, D:6)
  2 arrows
(11, 1, D:6)
  a +0 robe
  a +0 dagger
(16, 22, D:6)
  a +0 lajatang
(17, 1, D:6)
  a +0 robe
  a +0 dagger
(17, 2, D:6)
  a +2 robe

Level 7 of the Dungeon
(0, 0, D:7)
  a stone
(10, 23, D:7)
  a poisoned needle
(12, 12, D:7)
  a ration
(13, 15, D:7)
  11 gold pieces
(14, 5, D:7)
  a +0 robe
  a +0 dagger
(15, 5, D:7)
  a +0 leather armour
  a +0 mace
  a +0 whip
(15, 16, D:7)
  a +0 chain mail
  a +0 halberd
(16, 15, D:7)
  a +0 dagger
  an orc skeleton
  an orc skeleton
(16, 16, D:7)
  a +0 scale mail
(18, 6, D:7)
  a +0 falchion
(20, 22, D:7)
  a +0 spear
(21, 23, D:7)
  a +0 robe
(22, 15, D:7)
  21 gold pieces

