Ysao

Level 1 of the Dungeon
(0, 0, D:1)
  a +0 chain mail
(7, -32, D:1)
  a +0 club
(9, -36, D:1)
  a cursed -1 club
(16, -11, D:1)
  a +0 ring mail
(41, -21, D:1)
  a +0 robe
(55, -19, D:1)
  a +0 leather armour
(55, -15, D:1)
  a +0 club

Level 2 of the Dungeon
(0, 0, D:2)
  a +0 robe
(10, -1, D:2)
  a +0 dagger
(14, -15, D:2)
  a +0 dagger
(19, 0, D:2)
  a +0 club
(20, 0, D:2)
  a cursed -2 club
  a +0 club
(25, -7, D:2)
  a +0 club
(26, 0, D:2)
  a +0 club
(27, -3, D:2)
  a +0 whip
(35, -2, D:2)
  a +0 robe
  a +0 dagger
(36, -24, D:2)
  a +0 hand axe
(36, -13, D:2)
  a +0 club
(45, -19, D:2)
  a +0 dagger
  a +0 whip
(45, -17, D:2)
  a +0 leather armour
  a +0 short sword
(45, -4, D:2)
  a cursed -2 club

Level 3 of the Dungeon
(0, 0, D:3)
  a +0 club
  a +0 leather armour
  a +0 dagger
  a +0 short sword
(0, 2, D:3)
  a +0 scale mail
  a +0 dagger
(15, 24, D:3)
  a +0 club
(16, -3, D:3)
  a +0 falchion
  a +0 leather armour
  a +0 ring mail
  a +0 chain mail
(17, 43, D:3)
  a +0 falchion
(21, 1, D:3)
  a +0 club
(24, 39, D:3)
  a cursed -1 club
(26, 35, D:3)
  a +2 leather armour of positive energy
(31, 34, D:3)
  a +0 leather armour
  a +0 falchion
(31, 35, D:3)
  a +0 club
(33, 0, D:3)
  a cursed -1 hand axe
  a +0 hunting sling
(33, 35, D:3)
  a +0 scale mail
(34, -4, D:3)
  a +0 spear
(34, 30, D:3)
  a +0 spear
(41, -3, D:3)
  a +0 robe
  a +0 dagger

Level 4 of the Dungeon
[Shop] Peypt's Jewellery Boutique
  an uncursed amulet of magic regeneration (300 gold)
  a +4 ring of slaying (780 gold)
  an uncursed amulet of rage (400 gold)
  an uncursed ring of protection from fire (250 gold)
(0, 0, D:4)
  a cursed -2 ring of intelligence
  a cursed ring of attention
  a cursed amulet of inaccuracy
(1, 13, D:4)
  a cursed +0 dagger
  a +0 robe
  a +0 dagger
(9, 5, D:4)
  a +0 leather armour
(12, 33, D:4)
  a +0 falchion
(14, 30, D:4)
  a +0 club
(24, 21, D:4)
  a +0 short sword

Level 5 of the Dungeon
(0, 0, D:5)
  a +0 giant club
(1, 0, D:5)
  a +0 giant club
(1, 30, D:5)
  a +0 falchion
(3, 31, D:5)
  a cursed +0 robe
  a +0 dagger
(5, 1, D:5)
  a +0 short sword
(17, 2, D:5)
  a +0 robe
  (unseen)
(19, -2, D:5)
  12 gold pieces
(19, -1, D:5)
  10 gold pieces
(19, 0, D:5)
  3 gold pieces
(19, 1, D:5)
  10 gold pieces
(19, 2, D:5)
  16 gold pieces
(21, 32, D:5)
  a +0 robe
  a +0 dagger
  a +0 club
(26, 40, D:5)
  the +0 robe of the Crown {rCorr Str+4 Slay+2}
    It affects your strength (+4).
    It affects your accuracy and damage with ranged weapons and melee attacks
    (+2).
    It provides partial protection from all sources of acid and corrosion.
(29, 8, D:5)
  a +0 robe
  a +0 dagger
(29, 30, D:5)
  a +0 leather armour
(29, 32, D:5)
  a +0 mace
(29, 34, D:5)
  a +0 leather armour
  a +0 mace
(29, 35, D:5)
  a +0 chain mail
  a +0 whip
(29, 37, D:5)
  a +0 chain mail
  a +0 whip
(30, 6, D:5)
  a +0 plate armour
  a +0 war axe
(30, 7, D:5)
  a +0 hand axe

Level 6 of the Dungeon
(0, 0, D:6)
  a +0 short sword
(10, -9, D:6)
  a +0 robe
(20, -10, D:6)
  a +0 hand axe
(26, -35, D:6)
  a +0 mace
(27, -36, D:6)
  a cursed +0 flail
(29, -16, D:6)
  a +0 ring mail
(30, -19, D:6)
  a +0 ring mail
  a +0 flail
(35, -36, D:6)
  a +1 leather armour of positive energy
  a +0 flail
(36, -34, D:6)
  a +0 mace
(37, -35, D:6)
  a +0 flail
(37, -34, D:6)
  a +0 spear
  a +0 chain mail
  a +0 battleaxe
(38, -34, D:6)
  a +0 whip
(39, -37, D:6)
  a +0 dagger
(42, 0, D:6)
  a +0 dagger

Level 7 of the Dungeon
(0, 0, D:7)
  a +0 spear
(3, -3, D:7)
  a +0 giant club
(17, 23, D:7)
  a +0 leather armour
(22, -2, D:7)
  a +0 club
(35, 14, D:7)
  a +0 leather armour
(46, -15, D:7)
  a +0 plate armour

Level 8 of the Dungeon
[Shop] Poiw's Armour Emporium
  the +4 ring mail "Siclomn" {rElec Regen+} (418 gold)
    It insulates you from electricity.
    It increases your rate of regeneration.
  a +0 leather armour (22 gold)
  a +0 scale mail (44 gold)
  a +0 ring mail (44 gold)
  a +0 robe (7 gold)
  the cursed +1 leather armour "Wecaom" {rC++ MR+ MP+9} (583 gold)
    It greatly protects you from cold.
    It affects your resistance to hostile enchantments.
    It affects your magic capacity (+9).
    It has a curse placed upon it.
  a +2 cloak (181 gold)
  a +0 robe (7 gold)
  a +0 scale mail of fire resistance (121 gold)
  a +0 chain mail (49 gold)
  a +0 robe (7 gold)
  a +0 chain mail (49 gold)
(0, 0, D:8)
  a +0 spear
  a +0 ring mail
  a gnoll corpse (skeletalised by now)
(2, -4, D:8)
  a +0 ring mail
(5, -16, D:8)
  a +0 leather armour
(10, -35, D:8)
  a scroll of random uselessness
(14, -26, D:8)
  a +0 hand axe
(18, -17, D:8)
  a +0 quarterstaff
(18, -16, D:8)
  a +0 leather armour
(28, -24, D:8)
  a +0 whip
(29, -31, D:8)
  a +0 flail
(32, 0, D:8)
  a +0 ring mail
(37, 2, D:8)
  a +0 club
(37, 19, D:8)
  a +0 flail
(38, -13, D:8)
  a +0 leather armour
  a +0 trident
(38, 2, D:8)
  a +0 flail
(39, -14, D:8)
  a +0 scale mail
  a +0 dagger
(39, 18, D:8)
  a +2 halberd of venom
  a +0 spear
(40, -12, D:8)
  a +0 robe
  a +0 dagger
(41, -24, D:8)
  a +0 leather armour
(41, 2, D:8)
  a +0 spear
  a +0 ring mail
  a +0 trident
  a +0 ring mail
(43, 15, D:8)
  a +0 club
  a +0 leather armour
(48, 14, D:8)
  a +2 shortbow of freezing
  a +0 leather armour

the Ecumenical Temple

