Koqunigho

the Dungeon
(0, 0, D)
  27 gold pieces
(1, 0, D)
  27 gold pieces
(4, -7, D)
  a +0 giant club
  an ogre corpse
(6, -5, D)
  27 gold pieces
(7, -5, D)
  27 gold pieces
(9, -7, D)
  a +0 chain mail
  the goblin skeleton of Ijyb
(9, -5, D)
  27 gold pieces
(9, -4, D)
  27 gold pieces
(9, 5, D)
  27 gold pieces
(9, 6, D)
  27 gold pieces
(9, 7, D)
  27 gold pieces
(10, -5, D)
  27 gold pieces
(10, -4, D)
  27 gold pieces
(10, 2, D)
  27 gold pieces
(10, 3, D)
  27 gold pieces
(10, 6, D)
  a potion of curing
(10, 7, D)
  2 potions of ambrosia
(10, 9, D)
  a book of Alchemy
(10, 10, D)
  2 scrolls of magic mapping
(11, -5, D)
  27 gold pieces
(11, 6, D)
  27 gold pieces
(11, 7, D)
  22 stones
(11, 9, D)
  459 gold pieces
(11, 10, D)
  19 stones
(12, 2, D)
  27 gold pieces
(12, 3, D)
  27 gold pieces
(12, 6, D)
  a potion of curing
(12, 7, D)
  16 gold pieces
(12, 9, D)
  a wand of iceblast (8)
(12, 10, D)
  a scroll of silence
(13, -5, D)
  a scroll of identify
(13, -4, D)
  11 gold pieces
(13, 0, D)
  13 gold pieces
(13, 5, D)
  27 gold pieces
(13, 6, D)
  27 gold pieces
(13, 7, D)
  27 gold pieces
(13, 9, D)
  449 gold pieces
(14, 2, D)
  27 gold pieces
(15, -7, D)
  a +0 robe
  the human skeleton of Sigmund
(15, 0, D)
  a +0 whip
(15, 2, D)
  27 gold pieces
(16, 0, D)
  a +0 flail
(17, 0, D)
  an uncursed staff of fire
(17, 2, D)
  27 gold pieces
(18, -8, D)
  27 gold pieces
(18, -7, D)
  27 gold pieces
(18, -5, D)
  a potion of heal wounds
(18, 0, D)
  3 scrolls of amnesia
(18, 2, D)
  27 gold pieces
(19, -8, D)
  27 gold pieces
(19, -7, D)
  27 gold pieces
(19, -5, D)
  15 gold pieces
(20, 1, D)
  16 gold pieces
(20, 2, D)
  14 gold pieces
(21, -4, D)
  27 gold pieces
(21, -2, D)
  27 gold pieces
(22, -4, D)
  27 gold pieces
(22, -2, D)
  27 gold pieces
(24, 0, D)
  27 gold pieces
(24, 1, D)
  27 gold pieces
(24, 3, D)
  27 gold pieces
(24, 5, D)
  27 gold pieces
(24, 10, D)
  25 stones
(24, 11, D)
  a +0 long sword
(24, 12, D)
  a wand of flame (14)
(24, 13, D)
  27 gold pieces
(25, -8, D)
  7 gold pieces
(25, 10, D)
  a potion of curing
(25, 11, D)
  a potion of haste
(25, 13, D)
  27 gold pieces
(26, -8, D)
  a ration
(26, 6, D)
  a wand of scattershot (7)
(26, 8, D)
  a scroll of enchant armour
(26, 9, D)
  a wand of flame (27)
(26, 10, D)
  a potion of curing
(26, 13, D)
  27 gold pieces
(26, 17, D)
  the Orb of Zot
(27, 4, D)
  12 gold pieces
(27, 6, D)
  a wand of acid (12)
(27, 8, D)
  a +0 great sword
(27, 13, D)
  27 gold pieces
(28, -7, D)
  27 gold pieces
(28, -6, D)
  27 gold pieces
(28, -5, D)
  27 gold pieces
(28, 8, D)
  a scroll of enchant weapon
(28, 13, D)
  27 gold pieces
(29, -8, D)
  27 gold pieces
(29, 3, D)
  27 gold pieces
(29, 4, D)
  27 gold pieces
(29, 5, D)
  27 gold pieces
(29, 6, D)
  27 gold pieces
(30, -8, D)
  27 gold pieces
(30, -6, D)
  22 gold pieces
(30, 3, D)
  27 gold pieces
(30, 4, D)
  27 gold pieces
(30, 5, D)
  27 gold pieces
(30, 6, D)
  27 gold pieces
(30, 7, D)
  27 gold pieces
(31, 4, D)
  27 gold pieces
(31, 5, D)
  27 gold pieces
(31, 6, D)
  27 gold pieces
(31, 7, D)
  27 gold pieces
(32, -5, D)
  27 gold pieces
(32, -4, D)
  27 gold pieces
(32, -3, D)
  27 gold pieces
(32, -2, D)
  27 gold pieces
(32, 2, D)
  27 gold pieces
(32, 3, D)
  13 gold pieces
(32, 4, D)
  27 gold pieces
(32, 5, D)
  27 gold pieces
(32, 6, D)
  27 gold pieces
(32, 7, D)
  27 gold pieces
(33, -2, D)
  27 gold pieces
(33, 2, D)
  27 gold pieces
(33, 3, D)
  27 gold pieces
(33, 4, D)
  27 gold pieces
(33, 5, D)
  27 gold pieces
(33, 6, D)
  27 gold pieces
(34, -2, D)
  27 gold pieces
(34, 4, D)
  27 gold pieces
(34, 5, D)
  27 gold pieces
(34, 6, D)
  27 gold pieces
(35, 3, D)
  27 gold pieces
(35, 4, D)
  27 gold pieces
(35, 5, D)
  27 gold pieces
(36, 4, D)
  27 gold pieces
(36, 5, D)
  27 gold pieces
(37, 4, D)
  27 gold pieces
(37, 5, D)
  27 gold pieces
(38, -5, D)
  a phantom mirror
(39, -5, D)
  a scroll of magic mapping
(39, -4, D)
  27 gold pieces
(40, -7, D)
  27 gold pieces
(40, -5, D)
  a scroll of immolation
(40, -4, D)
  27 gold pieces
(41, -8, D)
  27 gold pieces
(41, -4, D)
  27 gold pieces
(41, -3, D)
  27 gold pieces
(41, -2, D)
  27 gold pieces
(41, -1, D)
  27 gold pieces
(41, 0, D)
  27 gold pieces
(41, 11, D)
  27 gold pieces
(41, 12, D)
  27 gold pieces
(41, 13, D)
  27 gold pieces
(41, 14, D)
  27 gold pieces
(41, 16, D)
  an uncursed ring of see invisible
(41, 17, D)
  Zaelenom's Grimoire of the Escort
    Spells                           Type                      Level
     a - Summon Butterflies           Summoning                     1
     b - Call Imp                     Summoning                     2
     c - Summon Forest                Summoning/Translocation       5
(42, 11, D)
  27 gold pieces
(42, 12, D)
  27 gold pieces
(42, 13, D)
  27 gold pieces
(42, 14, D)
  27 gold pieces
(42, 16, D)
  the cursed +1 robe "Xonkihi" {Str+2}
    It affects your strength (+2).
    It has a curse placed upon it.
(42, 17, D)
  a crystal ball of energy
(43, 12, D)
  27 gold pieces
(43, 13, D)
  27 gold pieces
(43, 14, D)
  27 gold pieces
(44, 13, D)
  27 gold pieces
(44, 14, D)
  27 gold pieces
(44, 16, D)
  a book of Minor Magic
(44, 17, D)
  an uncursed staff of poison
(45, 16, D)
  an uncursed staff of earth
(45, 17, D)
  a cursed staff of earth
(46, -8, D)
  27 gold pieces
(46, -7, D)
  27 gold pieces
(46, -6, D)
  27 gold pieces
(46, -5, D)
  27 gold pieces
(47, -8, D)
  27 gold pieces
(47, -7, D)
  27 gold pieces
(47, -6, D)
  27 gold pieces
(47, -5, D)
  27 gold pieces
(47, -4, D)
  27 gold pieces
(47, -2, D)
  an uncursed staff of poison
(47, 6, D)
  27 gold pieces
(47, 16, D)
  27 gold pieces
(47, 17, D)
  27 gold pieces
(48, -8, D)
  27 gold pieces
(48, -7, D)
  27 gold pieces
(48, -6, D)
  a +0 robe
(48, -5, D)
  27 gold pieces
(48, -4, D)
  27 gold pieces
(48, 6, D)
  27 gold pieces
(48, 7, D)
  27 gold pieces
(48, 16, D)
  27 gold pieces
(48, 17, D)
  27 gold pieces
(49, -8, D)
  27 gold pieces
(49, -7, D)
  27 gold pieces
(49, -6, D)
  27 gold pieces
(49, -5, D)
  27 gold pieces
(49, -4, D)
  27 gold pieces
(49, -2, D)
  a +0 mace
(49, 6, D)
  27 gold pieces
(49, 7, D)
  27 gold pieces
(49, 8, D)
  a +0 hand axe
(49, 17, D)
  27 gold pieces
(50, -6, D)
  27 gold pieces
(50, -5, D)
  27 gold pieces
(50, -4, D)
  27 gold pieces
(50, 6, D)
  27 gold pieces
(50, 7, D)
  27 gold pieces
(50, 8, D)
  19 gold pieces
(50, 17, D)
  27 gold pieces
(51, -8, D)
  a book of Fire
(51, 4, D)
  a Necronomicon
(51, 6, D)
  27 gold pieces
(51, 7, D)
  27 gold pieces
(51, 8, D)
  a +0 short sword
(51, 17, D)
  27 gold pieces
(52, -8, D)
  a +4 blowgun
(52, -7, D)
  a box of beasts
(52, -5, D)
  27 gold pieces
(52, -4, D)
  16 poisoned needles
(52, -3, D)
  27 gold pieces
(52, 3, D)
  a book of the Earth
(52, 6, D)
  27 gold pieces
(52, 7, D)
  27 gold pieces
(52, 8, D)
  24 bolts
(52, 17, D)
  27 gold pieces
(53, -8, D)
  a +3 shortbow of flaming
(53, -7, D)
  a +3 falchion of electrocution
(53, -5, D)
  27 gold pieces
(53, -3, D)
  27 gold pieces
(53, 6, D)
  27 gold pieces
(53, 7, D)
  27 gold pieces
(53, 8, D)
  8 gold pieces
(53, 17, D)
  27 gold pieces
(54, -8, D)
  27 gold pieces
(54, -7, D)
  27 gold pieces
(54, -5, D)
  27 gold pieces
(54, -4, D)
  19 gold pieces
(54, -3, D)
  27 gold pieces
(54, 6, D)
  27 gold pieces
(54, 7, D)
  27 gold pieces
(54, 8, D)
  a scroll of immolation
(54, 17, D)
  27 gold pieces
(55, -8, D)
  27 gold pieces
(55, -7, D)
  27 gold pieces
(55, 6, D)
  27 gold pieces
(55, 7, D)
  27 gold pieces
(56, -8, D)
  27 gold pieces
(56, -7, D)
  27 gold pieces
(56, -6, D)
  27 gold pieces
(56, -5, D)
  27 gold pieces
(56, -4, D)
  27 gold pieces
(56, -3, D)
  27 gold pieces
(56, -2, D)
  27 gold pieces
(56, 6, D)
  27 gold pieces
(57, -8, D)
  27 gold pieces
(57, -7, D)
  27 gold pieces
(57, -6, D)
  27 gold pieces
(57, -5, D)
  27 gold pieces
(57, -4, D)
  27 gold pieces
(57, -3, D)
  27 gold pieces
(57, -2, D)
  27 gold pieces
(57, -1, D)
  27 gold pieces
(57, 8, D)
  27 gold pieces
(58, -8, D)
  27 gold pieces
(58, -7, D)
  27 gold pieces
(58, -6, D)
  27 gold pieces
(58, -5, D)
  27 gold pieces
(58, -4, D)
  27 gold pieces
(58, -3, D)
  27 gold pieces
(58, -2, D)
  27 gold pieces
(58, -1, D)
  27 gold pieces
(58, 0, D)
  27 gold pieces
(58, 1, D)
  27 gold pieces
(58, 6, D)
  27 gold pieces
(58, 7, D)
  27 gold pieces
(58, 8, D)
  27 gold pieces
(58, 9, D)
  27 gold pieces
(59, -8, D)
  27 gold pieces
(59, -7, D)
  27 gold pieces
(59, -6, D)
  27 gold pieces
(59, -5, D)
  27 gold pieces
(59, -4, D)
  27 gold pieces
(59, -3, D)
  27 gold pieces
(59, -2, D)
  27 gold pieces
(59, -1, D)
  27 gold pieces
(59, 0, D)
  27 gold pieces
(59, 1, D)
  27 gold pieces
(59, 2, D)
  27 gold pieces
(59, 3, D)
  16 gold pieces
(59, 4, D)
  27 gold pieces
(59, 5, D)
  27 gold pieces
(59, 6, D)
  27 gold pieces
(59, 7, D)
  27 gold pieces
(59, 8, D)
  27 gold pieces
(59, 9, D)
  27 gold pieces
(59, 10, D)
  27 gold pieces
(59, 11, D)
  27 gold pieces

