Narghiedd

Level 1 of the Dungeon
(0, 0, D:1)
  a +0 club
(2, -1, D:1)
  a +0 club
(17, -2, D:1)
  a +0 whip
(18, 2, D:1)
  a +0 club
(37, 1, D:1)
  a +0 club
(60, -12, D:1)
  a +0 whip
(63, -13, D:1)
  a +0 leather armour
(66, -7, D:1)
  a +0 mace

Level 2 of the Dungeon
(0, 0, D:2)
  a +0 scale mail
(9, -13, D:2)
  a +0 leather armour
  a +0 short sword
  an uncursed amulet of the gourmand
(17, -5, D:2)
  a +0 leather armour
(28, -22, D:2)
  a +0 robe
(32, 1, D:2)
  a +0 short sword
(40, -15, D:2)
  a +0 spear
(49, -17, D:2)
  a +0 robe
(49, -5, D:2)
  a cursed +0 mace
(49, -3, D:2)
  a +0 mace
(50, -5, D:2)
  a +0 mace
(50, -4, D:2)
  a +0 mace
(50, -3, D:2)
  a +0 mace
(51, -5, D:2)
  a +0 mace
(51, -4, D:2)
  a +0 mace
(51, -3, D:2)
  a +0 mace
(53, -4, D:2)
  a +0 mace
(54, -11, D:2)
  a +0 dagger
(54, -5, D:2)
  a +0 mace
(55, -5, D:2)
  a +0 mace
(56, -6, D:2)
  a +0 mace
(57, -5, D:2)
  a +0 mace
(58, -6, D:2)
  a +0 mace
(60, -5, D:2)
  a +0 mace

Level 3 of the Dungeon
(3, -30, D:3)
  a +0 robe
(9, -9, D:3)
  a +2 pair of gloves
(19, 6, D:3)
  a +0 club
(30, -23, D:3)
  a +0 club
  a +0 club
(38, 2, D:3)
  a +0 whip
(39, 2, D:3)
  a +0 dagger
(47, -24, D:3)
  a +0 short sword
  a +0 leather armour
  a +0 dagger
  a +0 robe
  an orc corpse
  an orc corpse
(48, -24, D:3)
  a +0 dagger
  a +0 leather armour

Level 4 of the Dungeon
[Shop] Nefett's Magic Scroll Shoppe
  (Shop contents are unknown)
(0, 0, D:4)
  a stone

