Zolafail

Level 1 of the Dungeon
(6, -28, D:1)
  a +0 dagger
(9, -8, D:1)
  a +0 club
(17, -11, D:1)
  a +0 dagger
(22, -6, D:1)
  a +0 leather armour
(27, -23, D:1)
  a +0 club
(44, -1, D:1)
  a +0 club
(45, -1, D:1)
  a +0 whip

Level 2 of the Dungeon
(0, 0, D:2)
  a +0 scale mail
(8, -29, D:2)
  a +0 robe
(13, -29, D:2)
  a +0 club
(13, 16, D:2)
  a +0 leather armour
(27, -18, D:2)
  a +0 helmet
(28, -1, D:2)
  a cursed +0 club
(34, -34, D:2)
  a +0 dagger
(38, -22, D:2)
  4 large rocks
(41, -5, D:2)
  a +0 whip
(44, 4, D:2)
  a +0 dagger

Level 3 of the Dungeon
(0, 0, D:3)
  a +0 robe
(7, 13, D:3)
  a +0 ring mail
(9, 18, D:3)
  a +0 falchion
(10, 17, D:3)
  a +0 giant club
(11, 35, D:3)
  a +0 leather armour
  (unseen)
(12, 37, D:3)
  a +0 ring mail
  a +0 leather armour
  a +0 club

Level 4 of the Dungeon
(6, 48, D:4)
  a +0 leather armour
(34, 21, D:4)
  a +0 helmet

Level 5 of the Dungeon
(0, 0, D:5)
  a tomahawk
(2, 2, D:5)
  a tomahawk
(3, 2, D:5)
  a tomahawk
(4, 2, D:5)
  a tomahawk (still there?)
  17 gold pieces (still there?)
(8, 3, D:5)
  a +2 ring of protection
(10, 6, D:5)
  a +0 robe

