Zopitejy

Level 1 of the Dungeon
(11, -12, D:1)
  a +0 whip
(28, 27, D:1)
  a +0 short sword
(36, 25, D:1)
  a +0 robe
(46, -3, D:1)
  a +0 club
(46, 39, D:1)
  a +0 club

Level 2 of the Dungeon
(0, 0, D:2)
  a +0 club
(13, 1, D:2)
  a +0 whip
(14, 3, D:2)
  a +0 hunting sling
(24, 15, D:2)
  a +0 hunting sling
(25, 15, D:2)
  a +0 club
(26, 5, D:2)
  a +0 dagger
(28, 12, D:2)
  a +0 club
  a +0 club
(33, -4, D:2)
  a +0 dagger
(42, 16, D:2)
  a +0 dagger

Level 3 of the Dungeon
(0, 0, D:3)
  a rat skeleton
(3, 2, D:3)
  a ball python skeleton
(4, 2, D:3)
  a goblin skeleton
(6, -10, D:3)
  9 gold pieces
(6, -7, D:3)
  11 gold pieces
(13, -4, D:3)
  an adder skeleton

