Gesu

Level 1 of the Dungeon
(0, 0, D:1)
  7 gold pieces
(4, -35, D:1)
  a +0 leather armour
(4, 3, D:1)
  a +0 spear
(6, -18, D:1)
  a potion of heal wounds
(9, -43, D:1)
  a +0 dagger
(11, 0, D:1)
  a +0 robe
(20, -18, D:1)
  19 gold pieces
(20, -17, D:1)
  a +0 spear
(22, -14, D:1)
  21 stones
(23, 1, D:1)
  a scroll of magic mapping
(25, -31, D:1)
  29 sling bullets
  (unseen)
(25, -27, D:1)
  a +0 hunting sling
(29, 2, D:1)
  a scroll of random uselessness
(36, 4, D:1)
  a +0 short sword
(38, -20, D:1)
  a +0 trident
  (unseen)
(41, -5, D:1)
  a scroll of identify
(41, 0, D:1)
  a +0 pair of boots
(44, -9, D:1)
  a +0 club
(44, -5, D:1)
  a ration
(45, -33, D:1)
  a +0 robe
(48, -23, D:1)
  a +0 leather armour

Level 2 of the Dungeon
(0, 0, D:2)
  a +0 plate armour
(4, 3, D:2)
  19 gold pieces

Level 3 of the Dungeon
(0, 0, D:3)
  10 gold pieces

Level 4 of the Dungeon
(0, 0, D:4)
  a +0 hunting sling

Level 5 of the Dungeon
(0, 0, D:5)
  10 gold pieces
(18, 11, D:5)
  a ration
(20, -9, D:5)
  12 gold pieces
(21, 5, D:5)
  a ration
(22, 33, D:5)
  12 gold pieces
(24, 6, D:5)
  24 stones
(25, -22, D:5)
  17 bolts
(25, 20, D:5)
  a +0 ring mail
(29, 5, D:5)
  a +0 pair of gloves
(30, -1, D:5)
  a +0 chain mail
(32, -4, D:5)
  8 gold pieces
(33, 9, D:5)
  12 gold pieces
(34, 5, D:5)
  a ration
(35, 9, D:5)
  16 gold pieces
(35, 11, D:5)
  a scroll of identify
(36, 8, D:5)
  a +0 ring mail
(36, 11, D:5)
  a book of Cantrips
(41, 8, D:5)
  20 arrows
(42, 16, D:5)
  18 stones
(44, 2, D:5)
  a ration
(51, 9, D:5)
  a potion of resistance
(52, 7, D:5)
  a scroll of enchant weapon

Level 7 of the Dungeon
(0, 0, D:7)
  7 gold pieces
(1, -16, D:7)
  a potion of mutation
(4, -13, D:7)
  a ration
(7, -1, D:7)
  a potion of resistance
(11, 15, D:7)
  22 gold pieces
(12, 13, D:7)
  a potion of magic
(13, -1, D:7)
  a scroll of fog
(18, 14, D:7)
  a ration
(21, -15, D:7)
  a potion of lignification
(22, 7, D:7)
  a +0 mace
(22, 20, D:7)
  a scroll of identify
(26, 18, D:7)
  a scroll of remove curse
(27, 13, D:7)
  10 gold pieces
(27, 25, D:7)
  a +0 hunting sling
(28, 24, D:7)
  a scroll of remove curse
(29, 31, D:7)
  a ration
(30, 31, D:7)
  2 rations
(30, 32, D:7)
  2 rations
(32, 6, D:7)
  6 gold pieces
(34, 15, D:7)
  a scroll of noise
(36, 9, D:7)
  a scroll of random uselessness
(45, 1, D:7)
  20 sling bullets
(55, -12, D:7)
  11 gold pieces
(55, 24, D:7)
  9 gold pieces

Level 9 of the Dungeon
(0, 0, D:9)
  a +0 trident of freezing
(4, 24, D:9)
  7 gold pieces
(5, -1, D:9)
  9 arrows
(6, 14, D:9)
  a +0 cloak
(8, 3, D:9)
  a ration
(11, 3, D:9)
  3 javelins
(12, 11, D:9)
  a +0 robe
(21, 5, D:9)
  13 gold pieces
(21, 8, D:9)
  16 gold pieces
(23, 24, D:9)
  10 gold pieces
(26, 2, D:9)
  a scroll of teleportation
(26, 23, D:9)
  an uncursed ring of protection from cold
(32, 17, D:9)
  a wand of flame (16)
(36, 32, D:9)
  a wand of digging (6)
(39, 37, D:9)
  a +0 mace
(43, 24, D:9)
  a potion of curing
(44, 3, D:9)
  3 large rocks
(47, 13, D:9)
  a wand of enslavement (9)

Level 10 of the Dungeon
(0, 0, D:10)
  23 stones
(3, 30, D:10)
  12 gold pieces
(5, 42, D:10)
  a +0 leather armour
(7, 37, D:10)
  a +0 scale mail
(8, 0, D:10)
  10 arrows
(8, 4, D:10)
  28 stones
(10, 21, D:10)
  a +1 pair of boots
(15, 31, D:10)
  9 gold pieces
(16, 31, D:10)
  a +0 whip
(22, 4, D:10)
  a +0 quarterstaff
(34, 13, D:10)
  8 gold pieces
(34, 26, D:10)
  4 gold pieces
(35, 25, D:10)
  a scroll of remove curse
(38, 30, D:10)
  15 gold pieces
(38, 33, D:10)
  a ration
(42, 31, D:10)
  a ration
(42, 42, D:10)
  a ration
(43, 40, D:10)
  a ration
(47, 26, D:10)
  19 gold pieces
(48, 34, D:10)
  a scroll of enchant weapon
(48, 35, D:10)
  a potion of heal wounds
(48, 37, D:10)
  the +6 short sword of Extermination {venom, rN+}
    It poisons the flesh of those it strikes.
    
    It protects you from negative energy.
(48, 38, D:10)
  a scroll of holy word
(53, 20, D:10)
  2 potions of might

Level 11 of the Dungeon
(0, 0, D:11)
  18 gold pieces
(0, 12, D:11)
  a cursed +0 robe
(3, -43, D:11)
  a potion of might
(6, -30, D:11)
  2 scrolls of identify
(9, -25, D:11)
  a scroll of identify
(10, -40, D:11)
  a +0 war axe
(13, -16, D:11)
  12 gold pieces
(16, -39, D:11)
  a scroll of teleportation
(16, -3, D:11)
  a +0 long sword
(22, -40, D:11)
  15 gold pieces
(22, -34, D:11)
  a potion of ambrosia
(35, -5, D:11)
  a scroll of magic mapping
(37, -23, D:11)
  a +0 morningstar
(37, -3, D:11)
  a wand of iceblast (10)
(43, -8, D:11)
  15 gold pieces
(43, -7, D:11)
  17 gold pieces
(43, -6, D:11)
  17 gold pieces
(43, 0, D:11)
  a potion of resistance
(44, -15, D:11)
  19 gold pieces
(44, -8, D:11)
  16 gold pieces
(44, -6, D:11)
  15 gold pieces
(45, -8, D:11)
  18 gold pieces
(45, -7, D:11)
  17 gold pieces
(45, -6, D:11)
  14 gold pieces
(50, 3, D:11)
  a +0 club
(56, -29, D:11)
  a +0 robe
(56, -1, D:11)
  12 sling bullets
(64, -1, D:11)
  a potion of lignification
(66, -10, D:11)
  11 gold pieces

Level 12 of the Dungeon
(0, 0, D:12)
  17 arrows
(1, -15, D:12)
  an uncursed ring of fire
(5, -13, D:12)
  a ration
(9, 6, D:12)
  a +0 whip
(11, -4, D:12)
  the cursed +13 scythe of Curses {drain, *Curse}
    A truly terrible weapon, it drains the life of those it strikes.
    
    It curses itself when equipped.
    It has a curse placed upon it.
(13, -19, D:12)
  a potion of mutation
(15, 6, D:12)
  a +0 club
(18, -15, D:12)
  13 poisoned needles
(22, -35, D:12)
  a +0 dagger
(22, -23, D:12)
  12 stones
(30, -38, D:12)
  the +5 trident of the Brain {pain, MR+ Dex+3}
    In the hands of one skilled in necromantic magic, it inflicts extra damage
    on living creatures.
    
    It affects your dexterity (+3).
    It affects your resistance to hostile enchantments.
  (unseen)
(33, 13, D:12)
  a potion of mutation
(36, -20, D:12)
  a potion of brilliance
(43, -28, D:12)
  a cursed +0 robe
(50, -26, D:12)
  a +0 buckler
(50, -3, D:12)
  a potion of mutation
(51, 12, D:12)
  a scroll of identify
(52, 17, D:12)
  11 gold pieces
(61, -22, D:12)
  a +0 rapier
(61, -2, D:12)
  15 gold pieces
(66, 2, D:12)
  8 gold pieces
(68, -30, D:12)
  a scroll of enchant weapon
(68, -28, D:12)
  17 gold pieces

Level 13 of the Dungeon
(0, 0, D:13)
  a +0 chain mail
(3, 6, D:13)
  a wand of paralysis (7)
(6, -25, D:13)
  27 gold pieces
(9, -12, D:13)
  14 gold pieces
(11, -34, D:13)
  5 gold pieces
(11, -10, D:13)
  a +0 great sword
(13, -37, D:13)
  12 gold pieces
(19, 10, D:13)
  a cursed +0 ring mail
(25, -24, D:13)
  a potion of curing
(26, -15, D:13)
  18 stones
(31, -21, D:13)
  a ration
(35, -17, D:13)
  a scroll of identify
(41, -29, D:13)
  a +0 leather armour
(45, -17, D:13)
  2 scrolls of identify
(45, 12, D:13)
  27 stones
(46, -2, D:13)
  5 gold pieces

Level 14 of the Dungeon
(0, 0, D:14)
  12 gold pieces
(2, -5, D:14)
  a scroll of identify
(3, 21, D:14)
  a scroll of enchant armour
(8, 25, D:14)
  a potion of curing
(18, -11, D:14)
  a ration
(19, -8, D:14)
  a scroll of identify
(20, -11, D:14)
  16 gold pieces
(27, -14, D:14)
  a +0 long sword
(28, 6, D:14)
  a potion of berserk rage
(31, -16, D:14)
  a +6 ring of strength
(31, 9, D:14)
  21 gold pieces
(31, 30, D:14)
  12 gold pieces
(32, 14, D:14)
  a ration
(34, 1, D:14)
  a ration
(34, 13, D:14)
  a scroll of immolation
(36, -6, D:14)
  a scroll of noise
(37, -6, D:14)
  a scroll of identify
(41, -10, D:14)
  the +8 trident of the Thirteen Hells {freeze, *Slow Str+7 Int+3}
    It has been specially enchanted to freeze those struck by it, causing extra
    injury to most foes and up to half again as much damage against particularly
    susceptible opponents. It can also slow down cold-blooded creatures.
    
    It affects your strength (+7).
    It affects your intelligence (+3).
    It may slow you when you take damage.
(41, 29, D:14)
  a scroll of remove curse
(42, -5, D:14)
  14 arrows
(44, -8, D:14)
  a +0 short sword
(46, -14, D:14)
  18 gold pieces
(50, -10, D:14)
  15 gold pieces
(50, -3, D:14)
  a scroll of teleportation
(53, -1, D:14)
  22 gold pieces
(56, -12, D:14)
  26 gold pieces
(57, 4, D:14)
  a scroll of summoning
(60, -18, D:14)
  a +0 chain mail

Level 15 of the Dungeon
(0, 0, D:15)
  23 stones
(1, 32, D:15)
  12 gold pieces
(5, 4, D:15)
  a scroll of enchant armour
(5, 20, D:15)
  a ration
(9, 32, D:15)
  a ration
(18, 15, D:15)
  a potion of invisibility
(18, 27, D:15)
  a ration
(22, 7, D:15)
  11 gold pieces
(24, -7, D:15)
  a wand of digging (7)
(26, 12, D:15)
  a ration
(29, 40, D:15)
  22 gold pieces
(29, 41, D:15)
  14 sling bullets
(31, 22, D:15)
  a scroll of fog
(36, 1, D:15)
  17 gold pieces
(38, 18, D:15)
  a ration
(39, -9, D:15)
  a potion of invisibility
(39, 0, D:15)
  a +0 ring mail
(41, 4, D:15)
  a potion of flight
(42, -12, D:15)
  a wand of iceblast (9)
(42, 0, D:15)
  21 gold pieces
(45, -2, D:15)
  a ration
(47, 36, D:15)
  a cursed -4 ring of slaying
(47, 45, D:15)
  the ring "Oblogu" {Wiz +Blink}
    [ring of wizardry]
    
    It improves your spell success rate.
    It lets you blink.
(48, 33, D:15)
  14 arrows
(56, 25, D:15)
  14 arrows

Level 1 of the Lair of Beasts
(0, 0, Lair:1)
  a scroll of amnesia
(4, 3, Lair:1)
  the +1 leather armour of Makhleb's Hope {rElec}
    It insulates you from electricity.
(7, 15, Lair:1)
  a scroll of immolation
(9, 13, Lair:1)
  a potion of might
(11, -18, Lair:1)
  a +0 pair of boots
(11, -14, Lair:1)
  a potion of curing
  (unseen)
(19, 7, Lair:1)
  an uncursed amulet of regeneration
(21, -21, Lair:1)
  a scroll of identify
(22, -32, Lair:1)
  21 bolts
(24, 1, Lair:1)
  22 gold pieces
(26, -7, Lair:1)
  a ration
(30, 9, Lair:1)
  a +1 cloak of poison resistance
(31, 9, Lair:1)
  26 stones
(34, -27, Lair:1)
  a potion of invisibility
(36, -27, Lair:1)
  27 bolts
(37, -23, Lair:1)
  17 arrows
(38, 9, Lair:1)
  18 gold pieces
(40, -15, Lair:1)
  18 arrows
(40, -14, Lair:1)
  a scroll of enchant weapon
(46, -30, Lair:1)
  a +0 club
(47, -22, Lair:1)
  10 gold pieces

Level 2 of the Lair of Beasts
(0, 15, Lair:2)
  12 gold pieces
(3, 44, Lair:2)
  a ration
(4, 32, Lair:2)
  19 bolts
(5, 50, Lair:2)
  the +11 hunting sling of a bailey {speed, rElec Dex+2}
    Attacks with this weapon are significantly faster.
    
    It affects your dexterity (+2).
    It insulates you from electricity.
(10, 30, Lair:2)
  an uncursed ring of ice
(14, 7, Lair:2)
  a ration
(15, 33, Lair:2)
  7 sling bullets
(18, 26, Lair:2)
  a +0 scale mail
(21, 24, Lair:2)
  16 gold pieces
(23, -7, Lair:2)
  a ration
(23, -4, Lair:2)
  24 arrows
(24, -4, Lair:2)
  a +0 club
(24, 6, Lair:2)
  15 gold pieces
(25, -4, Lair:2)
  a scroll of blinking
(26, -6, Lair:2)
  7 gold pieces
(26, -4, Lair:2)
  17 gold pieces
(27, 28, Lair:2)
  an uncursed staff of air
(31, 29, Lair:2)
  17 gold pieces
(31, 36, Lair:2)
  15 gold pieces
(32, 17, Lair:2)
  a scroll of enchant armour
(32, 32, Lair:2)
  a potion of curing
(40, 10, Lair:2)
  a +0 falchion
(42, 35, Lair:2)
  an uncursed staff of death
(44, 8, Lair:2)
  a +0 trident
(44, 12, Lair:2)
  a scroll of teleportation
(46, 18, Lair:2)
  16 gold pieces

Level 3 of the Lair of Beasts
(0, 0, Lair:3)
  a scroll of fog
(9, -12, Lair:3)
  a scroll of identify
(13, -52, Lair:3)
  22 gold pieces
(18, -18, Lair:3)
  2 needles of sleeping
(23, -6, Lair:3)
  a +0 scale mail
(27, -26, Lair:3)
  23 gold pieces
(34, -44, Lair:3)
  a scroll of identify
(43, -31, Lair:3)
  a cursed +0 ring mail
(60, -12, Lair:3)
  14 gold pieces

Level 4 of the Lair of Beasts
(0, 0, Lair:4)
  a wand of scattershot (5)
(2, 11, Lair:4)
  Akomnun's Incunabulum of Curses
    Spells                           Type                      Level
     a - Confusing Touch              Hexes                         1
     b - Slow                         Hexes                         2
     c - Discord                      Hexes                         8
(4, -26, Lair:4)
  a potion of lignification
(5, 2, Lair:4)
  a +0 long sword
(10, -6, Lair:4)
  a +0 war axe
(18, 20, Lair:4)
  a potion of curing
(21, -12, Lair:4)
  a scroll of identify
(21, 15, Lair:4)
  a scroll of acquirement
(22, 15, Lair:4)
  a ration
(22, 25, Lair:4)
  a wand of random effects (16)
(25, -9, Lair:4)
  a +0 buckler
(29, -26, Lair:4)
  a +0 shield
(32, 11, Lair:4)
  a book of Burglary
(35, 13, Lair:4)
  17 stones
(35, 14, Lair:4)
  21 gold pieces
(39, -3, Lair:4)
  24 stones
(42, 8, Lair:4)
  13 gold pieces
(43, -12, Lair:4)
  a +0 leather armour
(43, 8, Lair:4)
  a scroll of teleportation
(44, 12, Lair:4)
  a potion of brilliance
(45, 0, Lair:4)
  a potion of curing
(51, 2, Lair:4)
  18 gold pieces
(53, -15, Lair:4)
  17 gold pieces
(53, 0, Lair:4)
  28 gold pieces
(55, -11, Lair:4)
  a scroll of identify
(56, -14, Lair:4)
  a ration

Level 5 of the Lair of Beasts
(0, 0, Lair:5)
  a ration
(1, 19, Lair:5)
  16 gold pieces
(4, -11, Lair:5)
  a potion of brilliance
(8, 51, Lair:5)
  20 gold pieces
(14, 1, Lair:5)
  a +0 scale mail
(60, 43, Lair:5)
  a scroll of magic mapping
(63, 1, Lair:5)
  11 stones

Level 6 of the Lair of Beasts
(0, 0, Lair:6)
  a scroll of identify
(3, 1, Lair:6)
  a +0 chain mail
(4, 14, Lair:6)
  13 gold pieces
(6, 5, Lair:6)
  14 gold pieces
(7, -4, Lair:6)
  19 stones
(8, -4, Lair:6)
  23 gold pieces
(8, 7, Lair:6)
  a scroll of enchant armour
(9, -36, Lair:6)
  a potion of heal wounds
(16, -11, Lair:6)
  21 stones
(16, -4, Lair:6)
  a scroll of identify
(17, -29, Lair:6)
  a +0 ring mail
(20, -28, Lair:6)
  a +0 scale mail
(21, -26, Lair:6)
  the ring "Gaosib" {Ice Dex+4 Slay+3}
    [ring of ice]
    
    It enhances your ice magic.
    It affects your dexterity (+4).
    It affects your accuracy and damage with ranged weapons and melee attacks
    (+3).
    It makes you vulnerable to fire.
    It protects you from cold.
(21, -24, Lair:6)
  15 stones
(24, -23, Lair:6)
  24 gold pieces
(27, -38, Lair:6)
  43 gold pieces
(29, -41, Lair:6)
  a book of the Warp
(29, -24, Lair:6)
  a +0 ring mail
(29, -16, Lair:6)
  a scroll of summoning
(30, 10, Lair:6)
  a wand of paralysis (8)
(32, -22, Lair:6)
  a +0 dire flail
(32, -14, Lair:6)
  14 gold pieces
(38, -26, Lair:6)
  a cursed +0 chain mail
(42, -27, Lair:6)
  a ration
(46, 13, Lair:6)
  20 gold pieces
(54, 15, Lair:6)
  17 gold pieces
(55, 15, Lair:6)
  19 gold pieces
(55, 16, Lair:6)
  17 gold pieces
(56, 14, Lair:6)
  17 gold pieces
(56, 15, Lair:6)
  a +1 rapier of venom
(57, 15, Lair:6)
  the +1 pair of gloves of the Yeti {MR+}
    It affects your resistance to hostile enchantments.
(59, -2, Lair:6)
  an uncursed ring of positive energy
(61, -3, Lair:6)
  18 gold pieces

Level 1 of the Swamp
(0, 0, Swamp:1)
  a +0 scale mail
(0, 4, Swamp:1)
  23 gold pieces
(0, 13, Swamp:1)
  a ration
(0, 14, Swamp:1)
  11 arrows
(2, -14, Swamp:1)
  a book of the Warp
(5, -4, Swamp:1)
  a potion of curing
(6, 18, Swamp:1)
  14 gold pieces
(21, 5, Swamp:1)
  2 potions of brilliance
(22, -15, Swamp:1)
  a potion of magic
(24, -17, Swamp:1)
  a book of the Sky
(26, -25, Swamp:1)
  12 gold pieces
(38, -10, Swamp:1)
  24 gold pieces
(42, -20, Swamp:1)
  8 bolts
(43, 16, Swamp:1)
  a ration
(47, -3, Swamp:1)
  22 bolts
(48, -20, Swamp:1)
  18 gold pieces
(51, 12, Swamp:1)
  a scroll of amnesia

Level 2 of the Swamp
(0, 0, Swamp:2)
  a +0 robe
(3, -12, Swamp:2)
  33 gold pieces
(11, 13, Swamp:2)
  a scroll of remove curse
(15, -14, Swamp:2)
  4 poisoned needles
(21, 1, Swamp:2)
  a potion of heal wounds
(21, 11, Swamp:2)
  16 arrows
(24, 10, Swamp:2)
  21 gold pieces
(25, -16, Swamp:2)
  8 arrows
(26, -6, Swamp:2)
  a scroll of immolation
(26, -5, Swamp:2)
  14 stones
(26, -2, Swamp:2)
  a +2 dagger of venom
(29, 5, Swamp:2)
  19 sling bullets
(32, -9, Swamp:2)
  a ration
(32, 7, Swamp:2)
  a wand of iceblast (5)
(33, 20, Swamp:2)
  a +2 trident of venom
(34, -13, Swamp:2)
  15 gold pieces
(35, -14, Swamp:2)
  a ration
(37, -27, Swamp:2)
  18 gold pieces
(37, -1, Swamp:2)
  a +0 leather armour
(40, -18, Swamp:2)
  2 potions of invisibility
(48, -21, Swamp:2)
  15 gold pieces
(50, -13, Swamp:2)
  a scroll of teleportation
(54, -23, Swamp:2)
  11 gold pieces

Level 3 of the Swamp
(0, 0, Swamp:3)
  a scroll of enchant weapon
(2, -21, Swamp:3)
  a scroll of teleportation
(3, -12, Swamp:3)
  15 gold pieces
(4, -34, Swamp:3)
  a ration
(4, -26, Swamp:3)
  a wand of acid (8)
(5, -7, Swamp:3)
  12 gold pieces
(7, -17, Swamp:3)
  a +0 leather armour
(8, -28, Swamp:3)
  2 scrolls of remove curse
(10, 9, Swamp:3)
  a scroll of identify
(11, -25, Swamp:3)
  an uncursed ring of ice
(15, 10, Swamp:3)
  a potion of invisibility
(16, -28, Swamp:3)
  17 gold pieces
(18, -3, Swamp:3)
  14 stones
(23, -2, Swamp:3)
  a +0 plate armour
(24, -40, Swamp:3)
  a +0 falchion
(27, 9, Swamp:3)
  +0 shadow dragon scales
(29, -17, Swamp:3)
  a +0 dagger
(32, -33, Swamp:3)
  a wand of disintegration (17)
(34, -39, Swamp:3)
  10 arrows
(34, -10, Swamp:3)
  19 stones
(36, -22, Swamp:3)
  12 bolts
(37, -4, Swamp:3)
  a +0 mace
(37, -3, Swamp:3)
  22 gold pieces
(38, -5, Swamp:3)
  a scroll of identify
(40, -32, Swamp:3)
  a scroll of identify
(40, -6, Swamp:3)
  20 gold pieces
(42, -32, Swamp:3)
  19 stones
(53, 6, Swamp:3)
  16 poisoned needles

Level 4 of the Swamp
(0, 0, Swamp:4)
  a decaying rune of Zot
(5, 6, Swamp:4)
  the cursed +1 spear "Killer Klown's Doom" {venom, rC+ Str-2 SInv}
    It poisons the flesh of those it strikes.
    
    It affects your strength (-2).
    It protects you from cold.
    It lets you see invisible.
    It has a curse placed upon it.
(8, -17, Swamp:4)
  a scroll of amnesia
(9, 6, Swamp:4)
  a +1 vampiric dagger
(9, 14, Swamp:4)
  a scroll of noise
(11, 14, Swamp:4)
  a +0 chain mail
(22, -30, Swamp:4)
  an uncursed ring of magical power
(28, -16, Swamp:4)
  a +0 longbow
(30, -16, Swamp:4)
  a scroll of identify
(31, -22, Swamp:4)
  17 gold pieces
(34, -4, Swamp:4)
  a +0 robe
(36, 17, Swamp:4)
  a +0 pair of boots
(37, -18, Swamp:4)
  a +0 pair of gloves
(37, 15, Swamp:4)
  a +0 ring mail
(38, 14, Swamp:4)
  a ration
(48, -19, Swamp:4)
  a potion of curing
(48, -14, Swamp:4)
  14 gold pieces
(49, -2, Swamp:4)
  a scroll of identify
(55, -24, Swamp:4)
  20 stones
(56, -27, Swamp:4)
  a +0 scale mail
(56, 1, Swamp:4)
  a scroll of blinking
(62, -29, Swamp:4)
  19 stones
(62, -15, Swamp:4)
  14 gold pieces
(62, -12, Swamp:4)
  a potion of haste
(63, -30, Swamp:4)
  a ration
(66, -23, Swamp:4)
  an uncursed ring of flight
(68, -33, Swamp:4)
  a potion of magic
(69, -39, Swamp:4)
  a ration
(69, -19, Swamp:4)
  a +0 robe
(70, -40, Swamp:4)
  a +0 chain mail
(71, -31, Swamp:4)
  12 arrows

Level 5 of the Pits of Slime
(0, 0, Slime:5)
  a ration
(0, 1, Slime:5)
  a scroll of enchant weapon
(0, 8, Slime:5)
  7 needles of sleeping
(0, 9, Slime:5)
  29 bolts
(1, -1, Slime:5)
  a +0 chain mail
(1, 0, Slime:5)
  a +2 plate armour of fire resistance
(1, 1, Slime:5)
  a wand of random effects (16)
(1, 2, Slime:5)
  a +0 robe of positive energy
(1, 7, Slime:5)
  51 gold pieces
(1, 8, Slime:5)
  a ration
(1, 9, Slime:5)
  an uncursed staff of wizardry
(1, 10, Slime:5)
  9 arrows
(2, -2, Slime:5)
  15 stones
(2, -1, Slime:5)
  a box of beasts
(2, 0, Slime:5)
  a slimy rune of Zot
(2, 1, Slime:5)
  a book of Summonings
(2, 2, Slime:5)
  33 gold pieces
(2, 7, Slime:5)
  a potion of brilliance
(2, 8, Slime:5)
  the +4 shortbow of Ehoekhleumn {venom, Str-3 Int+3 Dex+2}
    It poisons the ammo it fires.
    
    It affects your strength (-3).
    It affects your intelligence (+3).
    It affects your dexterity (+2).
(2, 9, Slime:5)
  a +1 battleaxe of electrocution
(2, 10, Slime:5)
  a +1 spear of piercing
(2, 11, Slime:5)
  29 stones
(3, -3, Slime:5)
  a scroll of remove curse
(3, -2, Slime:5)
  a +0 short sword
(3, -1, Slime:5)
  20 sling bullets
(3, 0, Slime:5)
  an uncursed staff of energy
(3, 1, Slime:5)
  a +0 long sword
(3, 8, Slime:5)
  24 sling bullets
(3, 9, Slime:5)
  an uncursed staff of earth
(3, 10, Slime:5)
  43 gold pieces
(3, 11, Slime:5)
  15 gold pieces
(3, 12, Slime:5)
  10 stones
(4, -2, Slime:5)
  a wand of flame (15)
(4, 0, Slime:5)
  a +0 hand axe
(4, 2, Slime:5)
  a +2 leather armour of magic resistance
(4, 7, Slime:5)
  an uncursed ring of poison resistance
(4, 9, Slime:5)
  21 bolts
(4, 11, Slime:5)
  a +0 plate armour
(9, -2, Slime:5)
  a +0 plate armour
(9, 0, Slime:5)
  a ration
(9, 2, Slime:5)
  an uncursed ring of ice
(9, 7, Slime:5)
  a +2 great mace of protection
(9, 9, Slime:5)
  53 gold pieces
(9, 11, Slime:5)
  a cursed staff of wizardry
(10, -3, Slime:5)
  47 gold pieces
(10, -2, Slime:5)
  a book of Unlife
(10, -1, Slime:5)
  an uncursed staff of cold
(10, 0, Slime:5)
  the +2 war axe of the Swamp {flame, Dex+4}
    It has been specially enchanted to burn those struck by it, causing extra
    injury to most foes and up to half again as much damage against particularly
    susceptible opponents. Big, fiery blades are also staple armaments of
    hydra-hunters.
    
    It affects your dexterity (+4).
(10, 1, Slime:5)
  a ration
(10, 8, Slime:5)
  a +0 chain mail
(10, 9, Slime:5)
  an uncursed staff of poison
(10, 10, Slime:5)
  a +0 war axe
(10, 11, Slime:5)
  37 gold pieces
(10, 12, Slime:5)
  a scroll of enchant weapon
(11, -2, Slime:5)
  20 bolts
(11, -1, Slime:5)
  a +6 blowgun
(11, 0, Slime:5)
  the +5 short sword of Hostah {drain, Str+4 Int+2}
    A truly terrible weapon, it drains the life of those it strikes.
    
    It affects your strength (+4).
    It affects your intelligence (+2).
(11, 1, Slime:5)
  a phantom mirror
(11, 2, Slime:5)
  a scroll of identify
(11, 7, Slime:5)
  29 arrows
(11, 8, Slime:5)
  a phial of floods
(11, 9, Slime:5)
  51 gold pieces
(11, 10, Slime:5)
  the Grimoire of Clay and Companions
    Spells                           Type                      Level
     a - Summon Small Mammal          Summoning                     1
     b - Stone Arrow                  Conjuration/Earth             3
     c - Summon Ice Beast             Ice/Summoning                 4
     d - Iron Shot                    Conjuration/Earth             6
     e - Statue Form                  Transmutation/Earth           6
(11, 11, Slime:5)
  33 gold pieces
(12, -1, Slime:5)
  11 gold pieces
(12, 0, Slime:5)
  a cursed ring of wizardry
(12, 1, Slime:5)
  a potion of agility
(12, 2, Slime:5)
  20 stones
(12, 7, Slime:5)
  a +0 bardiche of venom
(12, 8, Slime:5)
  20 stones
(12, 9, Slime:5)
  a book of Alchemy
(12, 10, Slime:5)
  4 curare-tipped needles
(13, 0, Slime:5)
  a +0 plate armour
(13, 1, Slime:5)
  41 gold pieces
(13, 8, Slime:5)
  a potion of lignification
(13, 9, Slime:5)
  34 gold pieces

