Goimij

Level 1 of the Dungeon
(0, 0, D:1)
  a +0 leather armour
(8, 5, D:1)
  a +0 club
(10, -38, D:1)
  a +0 ring mail
(15, -27, D:1)
  a cursed +0 club
(18, -29, D:1)
  a +0 club
(24, -8, D:1)
  a +0 whip
(30, -17, D:1)
  a +0 robe
(31, -14, D:1)
  a +0 mace
(37, -21, D:1)
  a +0 club
(46, -38, D:1)
  a +0 ring mail

Level 2 of the Dungeon
(0, 0, D:2)
  a +0 club
(7, 4, D:2)
  a +0 ring mail
(10, -17, D:2)
  a +0 whip
(13, -13, D:2)
  a +0 leather armour
(24, 9, D:2)
  a +0 club
(29, 8, D:2)
  a +0 animal skin
(35, 4, D:2)
  a +0 short sword
(42, 4, D:2)
  a cursed -3 short sword
(49, -4, D:2)
  a +0 club

Level 3 of the Dungeon
(0, 0, D:3)
  a +0 ring mail
(20, 6, D:3)
  a +0 club
(22, 1, D:3)
  a +0 spear
(25, -19, D:3)
  a cursed +0 scale mail
(31, -30, D:3)
  a +0 short sword
(32, -30, D:3)
  a +0 short sword
  a +0 leather armour
  a +0 flail
(32, 4, D:3)
  a +0 whip
(35, 9, D:3)
  a +0 club
(36, -30, D:3)
  a +0 short sword
  a +0 dagger
  a +0 robe
(38, -1, D:3)
  a +0 ring mail
  a +0 hand axe
  a +0 leather armour
  a cursed -1 short sword
  a +0 dagger
  a +0 scale mail
  a +0 hand axe
(39, -24, D:3)
  a +0 whip
(40, 23, D:3)
  a cursed +0 dagger
(49, -4, D:3)
  a +0 scale mail
(51, -4, D:3)
  a +0 short sword
(52, -4, D:3)
  a +0 club
(53, -3, D:3)
  a +0 whip
(53, 1, D:3)
  a +0 short sword
(56, -30, D:3)
  a +0 ring mail

Level 4 of the Dungeon
(0, 0, D:4)
  a +0 mace
(27, -37, D:4)
  a +0 chain mail
(36, -39, D:4)
  a +0 robe

Level 5 of the Dungeon
(0, 0, D:5)
  a +0 giant spiked club
(0, 24, D:5)
  a +0 rapier
(1, 18, D:5)
  a +0 shortbow
(35, 3, D:5)
  a +0 giant club
(36, -3, D:5)
  a +0 flail
  a +0 ring mail
(47, 5, D:5)
  a +0 robe

Level 6 of the Dungeon
(0, 0, D:6)
  a +0 flail
(3, 32, D:6)
  a +0 war axe
(6, 30, D:6)
  a +0 scale mail
(7, 8, D:6)
  a +0 hand axe
  a +0 robe
  a +0 dagger
(7, 9, D:6)
  a +0 leather armour
  a +0 club
(7, 10, D:6)
  a cursed +0 mace
(16, 32, D:6)
  a +0 rapier
(17, 27, D:6)
  a +0 plate armour
  a +0 war axe
  a +0 spear
  a +0 hunting sling
(22, -6, D:6)
  a +0 club
(35, 11, D:6)
  a +0 leather armour
(42, -6, D:6)
  a +0 leather armour
(44, -4, D:6)
  a +0 ring mail

Level 7 of the Dungeon
(5, 1, D:7)
  a +0 spear
(9, 2, D:7)
  a +0 flail
(17, -3, D:7)
  a +0 hand axe
  a +0 animal skin
(19, -29, D:7)
  a +0 rapier
(42, -2, D:7)
  a +0 robe

Level 8 of the Dungeon
(0, 0, D:8)
  a +0 giant club
  a +0 giant club
(2, 24, D:8)
  a +0 scale mail
  a +0 war axe
(5, 27, D:8)
  a +0 dagger
(6, 27, D:8)
  a +0 dagger
  a +0 robe
(7, 27, D:8)
  a +0 flail
  a cursed -2 dagger
(10, -17, D:8)
  a +0 robe
(10, 29, D:8)
  a +0 chain mail
  a +0 scale mail
(11, 9, D:8)
  a +0 shortbow
(17, 31, D:8)
  a +0 giant club
(20, 22, D:8)
  a cursed -1 giant spiked club
(21, -3, D:8)
  a +0 ring mail
(25, -14, D:8)
  a +0 dagger
  a +0 robe
(26, -14, D:8)
  a +0 war axe
(26, -12, D:8)
  a +0 dagger
  a +0 robe
(26, 29, D:8)
  a +0 mace
(27, -13, D:8)
  a +0 war axe
(28, 3, D:8)
  a +0 leather armour
(30, 23, D:8)
  a +0 leather armour
  a +0 falchion
(32, 21, D:8)
  a +0 hand axe

Level 9 of the Dungeon
[Shop] Jinenise's Assorted Antiques
  a +0 shortbow (111 gold)
  a +7 blowgun (1461 gold)
  a +0 fustibalus (555 gold)
  a cursed +0 scale mail (37 gold)
  an uncursed ring of stealth (647 gold)
  a potion of haste (370 gold)
  a +0 trident (129 gold)
  a scroll of enchant armour (277 gold)
  a +0 war axe (129 gold)
  a +0 ring mail (148 gold)
  a box of beasts (740 gold)
[Shop] Yduckog's General Store
  a ration (60 gold)
  26 arrows (62 gold)
  a +0 chain mail (54 gold)
  a ration (60 gold)
  13 stones (15 gold)
  a +0 leather armour (24 gold)
  31 stones (37 gold)
[Shop] Qithriy's General Store
  a +0 falchion (48 gold)
  12 arrows (38 gold)
  a ration (80 gold)
  a +0 rapier (64 gold)
  2 potions of mutation (256 gold)
  a wand of scattershot (8) (576 gold)
  a ration (80 gold)
  a +0 pair of gloves of strength (184 gold)
  a +0 glaive (104 gold)
[Shop] Tias's Distillery
  2 potions of degeneration (34 gold)
  a potion of magic (136 gold)
  a potion of degeneration (17 gold)
  a potion of resistance (170 gold)
  a potion of degeneration (17 gold)
(0, 0, D:9)
  a potion of degeneration
(2, 9, D:9)
  a +0 cloak
(7, 7, D:9)
  a +0 robe
  a +0 dagger
(8, 7, D:9)
  a +0 hand axe
  a +0 robe
  a +0 dagger
(8, 8, D:9)
  a +0 short sword
(12, 26, D:9)
  a +0 shortbow
(14, -12, D:9)
  a +0 dagger
(14, 9, D:9)
  a +0 robe
(15, -12, D:9)
  a +0 hand axe
(18, 26, D:9)
  a +2 robe of cold resistance
(19, 7, D:9)
  a +0 plate armour
(26, 5, D:9)
  a +0 falchion
(28, 21, D:9)
  a +0 battleaxe
(29, 17, D:9)
  a +0 trident
(33, 14, D:9)
  a +0 leather armour
(36, -10, D:9)
  a +0 club
(36, 11, D:9)
  a +0 leather armour
  a +0 trident
(38, -11, D:9)
  a +0 chain mail
(38, -8, D:9)
  a +0 giant spiked club
(40, 9, D:9)
  a +0 falchion
(41, -5, D:9)
  a +0 chain mail
  a +0 short sword
(42, -3, D:9)
  a +0 ring mail
  a +0 trident
(45, 15, D:9)
  a cursed +0 chain mail

Level 10 of the Dungeon
(0, 0, D:10)
  a +0 dagger
(1, -13, D:10)
  a +0 hand axe
(6, -44, D:10)
  a +0 scimitar
(6, -39, D:10)
  a cursed +0 plate armour
  a +0 plate armour
  a cursed -3 war axe
  a +0 flail
(7, -44, D:10)
  a +0 longbow
(7, -37, D:10)
  a +0 robe
  a +0 dagger
(8, -39, D:10)
  a +0 chain mail
  a +0 hand axe
(9, -8, D:10)
  a +0 robe
(9, -6, D:10)
  a +0 dagger
(12, 1, D:10)
  a +0 quarterstaff
  a +0 chain mail
(15, -5, D:10)
  a +0 leather armour
(17, -46, D:10)
  the +10 Black Knight's horse barding {ponderous, rPois rN+}
    It protects you from poison.
    It protects you from negative energy.
(37, -15, D:10)
  a +0 spear

Level 11 of the Dungeon
(0, 0, D:11)
  a +0 club
(12, -2, D:11)
  a +0 quarterstaff
(15, 35, D:11)
  a +0 flail
(16, 4, D:11)
  a +0 giant club
(27, 12, D:11)
  a +0 long sword
(32, 30, D:11)
  a +0 robe
(33, -8, D:11)
  a +0 club
(33, 30, D:11)
  a +0 robe
  a +0 dagger
(34, 31, D:11)
  a +0 scale mail
  a +0 mace
(35, 27, D:11)
  a +0 leather armour
(35, 28, D:11)
  a +0 hand axe
(38, 32, D:11)
  a +1 robe of fire resistance
  a +0 dagger
(44, 2, D:11)
  a +0 scale mail
(49, 8, D:11)
  a +0 dagger

Level 12 of the Dungeon
(0, 0, D:12)
  a +0 giant club
  a +0 giant spiked club
(1, 7, D:12)
  a +0 quarterstaff
(7, 23, D:12)
  a +0 ring mail
(8, -5, D:12)
  a +0 robe
  a +0 hand axe
(8, 13, D:12)
  a +0 bardiche
(8, 19, D:12)
  a +0 leather armour
(9, -5, D:12)
  a +0 plate armour
(11, 42, D:12)
  a +0 giant spiked club
(21, 0, D:12)
  a +0 robe
  a +0 dagger
(37, -2, D:12)
  a cursed +0 mace
  a +0 robe of magic resistance
  a cursed +0 morningstar
  a +0 robe
(38, -2, D:12)
  a cursed +0 trident
  a +0 robe
(41, 25, D:12)
  a +0 flail
(42, 26, D:12)
  a +0 whip
(46, 42, D:12)
  a +0 ring mail
  a +0 dagger
  a +0 club
(48, 41, D:12)
  a +0 leather armour
  a +0 flail
(49, 20, D:12)
  a +0 plate armour
  a +0 glaive
(50, 19, D:12)
  a +0 robe
  a +0 dagger
(50, 22, D:12)
  a +0 scale mail of poison resistance
(50, 23, D:12)
  a +2 plate armour of fire resistance
  a +2 shield of fire resistance
  a +2 ring mail of fire resistance
  a +0 large shield
  +0 acid dragon scales
  a +0 troll leather armour
  a scarf of cloud immunity
  a +2 cloak
(50, 24, D:12)
  a +3 ring mail
  a +0 ring mail
  a +0 shield
(50, 39, D:12)
  a +0 robe
  a +0 dagger
(51, 23, D:12)
  a +0 vampiric demon trident
  8 poisoned tomahawks
  a +2 dagger of venom
  a +0 fustibalus
  a +3 hunting sling
  a +4 scimitar of flaming
  a +1 falchion of holy wrath
  a +3 broad axe of chopping
  a +0 double sword
  27 silver javelins
  a +0 trident of distortion
  a +2 short sword of draining
  4 tomahawks of returning
  241 bolts
  a +4 hand axe
  a +2 dagger of draining
  a +1 dagger of speed
  a +1 scimitar of flaming
  a +2 scimitar
  a +1 flail of protection
  a +2 demon blade of venom
  5 javelins
  3 throwing nets {!f}
  a +3 short sword
  a +2 mace of holy wrath
  3 needles of confusion
  a +0 trident
(51, 24, D:12)
  a +0 rapier of venom
  a +1 dagger of venom
(52, 22, D:12)
  a +2 quarterstaff of draining
  a +6 glaive of venom
(52, 23, D:12)
  a +1 shortbow of velocity
  a +0 lajatang
  a cursed +4 battleaxe
  a +6 shortbow
  a +3 dire flail
  the +7 halberd "Hoirisub" {venom, rF+ Str+5}
    It poisons the flesh of those it strikes.
    
    It affects your strength (+5).
    It protects you from fire.
(52, 41, D:12)
  a +0 broad axe
(53, 22, D:12)
  a cursed amulet of inaccuracy
(53, 23, D:12)
  an uncursed amulet of guardian spirit
  a +3 ring of protection
  3 scrolls of holy word
  an uncursed ring of wizardry
  an uncursed ring of protection from cold
  2 potions of magic
  a scroll of blinking
  an uncursed ring of ice
  7 scrolls of immolation
  3 scrolls of vulnerability
  an uncursed staff of conjuration
  a potion of ambrosia
  a scroll of brand weapon
  5 scrolls of amnesia
  3 scrolls of torment
  a scroll of silence
  3 potions of mutation
  6 scrolls of noise
  3 potions of brilliance
  a potion of heal wounds
  a wand of paralysis (22)
  a crystal ball of energy
  an uncursed staff of summoning
  3 potions of lignification
  the ring "Pefy" {*Tele +Blink Str+2}
    [ring of teleportation]
    
    It may teleport you next to monsters.
    It affects your strength (+2).
    It lets you blink.
  a wand of acid (12)
  a scroll of summoning
  a wand of scattershot (3)
  an uncursed amulet of harm
  a wand of digging (7)
  the amulet "Yfeqim" {*Slow +Blink +Rage rPois Int+5}
    [amulet of rage]
    
    It affects your intelligence (+5).
    It protects you from poison.
    It lets you blink.
    It lets you go berserk.
    It may slow you when you take damage.
(53, 24, D:12)
  a lightning rod (4/4)
  an uncursed ring of teleportation
  a scroll of random uselessness
(55, 45, D:12)
  +0 steam dragon scales

Level 13 of the Dungeon
[Shop] Oreq's Antique Weapon Boutique
  a +0 trident (59 gold)
  a +0 arbalest (76 gold)
  a +0 hand crossbow (59 gold)
  a +0 battleaxe (110 gold)
  a +0 morningstar (68 gold)
[Shop] Jainkeibay's Magic Scroll Emporium
  a scroll of remove curse (45 gold)
  a scroll of amnesia (52 gold)
  a scroll of identify (30 gold)
  a scroll of magic mapping (52 gold)
[Shop] Neniuhik's General Store
  9 stones (14 gold)
  a cursed -2 broad axe (1 gold)
  a +0 buckler (72 gold)
  the +1 scale mail of the Untouchables {-Tele Int+5} (334 gold)
    It affects your intelligence (+5).
    It prevents most forms of teleportation.
  21 sling bullets (168 gold)
  a +0 ring mail (64 gold)
  14 sling bullets (112 gold)
  15 stones (24 gold)
  a +0 shortbow (48 gold)
  13 stones (20 gold)
  a wand of iceblast (5) (144 gold)
[Shop] Naciskue's Antique Weapon Shoppe
  a +0 club (35 gold)
  a +0 mace (105 gold)
  a +0 great mace (227 gold)
  a cursed -1 short sword (3 gold)
  a +4 blowgun (857 gold)
  a +0 mace (105 gold)
  a +0 triple sword of slicing (595 gold)
  a +0 hand axe (105 gold)
  a cursed -1 trident (3 gold)
[Shop] Tugguf's Assorted Antiques
  the +8 demon blade "Bloodbane" {slice, *Rage +Rage Stlth-} (1598 gold)
    It inflicts extra damage upon your enemies.
    
    It lets you go berserk.
    It may make you go berserk in combat.
    It makes you less stealthy.
  a potion of lignification (69 gold)
  a potion of invisibility (184 gold)
  a scroll of magic mapping (80 gold)
  a wand of flame (12) (161 gold)
  the cursed +0 leather armour of Responsibility {rElec MR- Slay+3} (492 gold)
    It affects your accuracy and damage with ranged weapons and melee attacks
    (+3).
    It insulates you from electricity.
    It affects your resistance to hostile enchantments.
    It has a curse placed upon it.
  a +0 giant club (39 gold)
  a +2 vampiric lajatang (1311 gold)
  a wand of digging (5) (414 gold)
  a potion of magic (184 gold)
(0, 0, D:13)
  a +0 troll leather armour
(3, 4, D:13)
  a +0 dagger
(4, 5, D:13)
  a +0 shield
  a +0 leather armour
  a +0 broad axe
(11, -17, D:13)
  a +0 flail
(15, -26, D:13)
  a +0 leather armour
  a +0 club
  a +0 mace
(15, -16, D:13)
  a +0 ring mail
(15, -14, D:13)
  a +0 blowgun
  a +0 dagger of speed
  a +0 blowgun
  a +0 shield
  a +0 war axe
(16, -16, D:13)
  a +0 club
(16, -15, D:13)
  a +0 leather armour
(16, -14, D:13)
  a +0 robe
  a +0 dagger
(16, -13, D:13)
  a +0 robe
  a +0 dagger
(16, -12, D:13)
  a +0 robe
  a cursed +0 dagger
  a +0 plate armour
  a +0 flail
(16, -11, D:13)
  a +0 ring mail
  a +0 club
(17, -26, D:13)
  a +0 giant club
(17, -19, D:13)
  a +0 leather armour
(17, -15, D:13)
  a +0 short sword
(18, -16, D:13)
  a +0 leather armour
  a +0 dagger
(33, -3, D:13)
  a +0 mace
(33, -2, D:13)
  a +0 club
(34, -21, D:13)
  a +0 giant club
  a +0 giant club
(34, -16, D:13)
  a +0 leather armour
(34, -15, D:13)
  a +0 blowgun
(49, -4, D:13)
  a +0 ring mail
(49, 1, D:13)
  a +0 robe
(50, -20, D:13)
  a +0 robe
(54, -16, D:13)
  a +0 robe
(55, -12, D:13)
  a +0 robe
(56, -15, D:13)
  a +0 robe
  a +0 dagger
  a +0 mace
(57, -9, D:13)
  a +0 robe
  a +0 short sword
(58, -9, D:13)
  a +0 giant spiked club

Level 14 of the Dungeon
[Shop] Effy's Gadget Shop
  a fan of gales (480 gold)
  a lightning rod (4/4) (480 gold)
  a sack of spiders (240 gold)
  a box of beasts (240 gold)
  a fan of gales (480 gold)
(0, 0, D:14)
  3 large rocks
(1, -1, D:14)
  a large rock
(4, -14, D:14)
  a +0 short sword
(5, -17, D:14)
  a +0 arbalest
(9, -18, D:14)
  2 large rocks
(9, -7, D:14)
  a book of Necromancy
(10, -19, D:14)
  a large rock
(13, 9, D:14)
  a +0 arbalest
(14, 8, D:14)
  a +0 arbalest
(16, -24, D:14)
  2 large rocks
(37, -29, D:14)
  a potion of degeneration
(38, -15, D:14)
  a +0 chain mail
(39, -14, D:14)
  a +0 leather armour
(44, -37, D:14)
  a cursed +0 robe
(44, -36, D:14)
  a large rock
(44, 15, D:14)
  a +0 scale mail
(45, -33, D:14)
  2 large rocks
(57, 13, D:14)
  a +0 robe
(62, -10, D:14)
  a +0 robe

Level 15 of the Dungeon
(0, 0, D:15)
  a +0 trident
(12, -7, D:15)
  2 large rocks
(13, -29, D:15)
  a +0 scimitar of flaming
(15, 15, D:15)
  a cursed -1 shortbow
(15, 18, D:15)
  a +0 war axe
  a +0 shortbow
  a +0 longbow
(16, -7, D:15)
  a large rock
(17, -6, D:15)
  2 large rocks
(17, -5, D:15)
  a large rock
(18, -2, D:15)
  a +0 short sword
(22, -16, D:15)
  a +0 club
(22, -14, D:15)
  a large rock
(24, -31, D:15)
  a cursed +0 ring mail
  a +0 hand axe
  a cursed +0 chain mail
  a +0 trident
(24, -7, D:15)
  a large rock
(25, -31, D:15)
  a +0 ring mail
(27, -32, D:15)
  a +0 scale mail
(28, -18, D:15)
  a +0 giant spiked club
  a +0 dire flail
  a +0 dire flail
  a cursed -1 giant spiked club
(34, -12, D:15)
  a +0 whip
(37, -12, D:15)
  a +0 giant club
  a cursed -3 giant club
(38, -12, D:15)
  a +0 robe
  a +0 spear
(40, -12, D:15)
  a +0 robe
  a +0 dagger
(41, -21, D:15)
  a +0 dire flail
  a +0 giant spiked club
(41, -12, D:15)
  a +0 robe
  a +0 dagger
(41, -11, D:15)
  a +0 long sword
(42, -15, D:15)
  a +0 rapier
(42, 21, D:15)
  a +0 plate armour
(45, -4, D:15)
  a +0 robe
(45, 22, D:15)
  a +0 club

the Ecumenical Temple

Level 1 of the Orcish Mines
[Shop] Siofoki's Magic Scroll Shoppe
  a scroll of blinking (127 gold)
  a scroll of amnesia (59 gold)
  a scroll of remove curse (51 gold)
  3 scrolls of remove curse (153 gold)
  a scroll of remove curse (51 gold)
(0, 0, Orc:1)
  a +0 leather armour
  a +0 club
(1, -2, Orc:1)
  a +0 dagger
(2, 5, Orc:1)
  a +0 chain mail
  a +0 war axe
(4, -2, Orc:1)
  a +0 dagger
(6, 6, Orc:1)
  a +0 robe
  a +0 dagger
(22, 22, Orc:1)
  4 scrolls of random uselessness
(25, 25, Orc:1)
  a +0 robe
  a cursed -1 dagger
  a +0 plate armour
  a +0 hand axe
(25, 27, Orc:1)
  a +0 giant spiked club
(26, 25, Orc:1)
  a +0 dagger
(27, 25, Orc:1)
  a +0 whip
  a +0 ring mail
(27, 26, Orc:1)
  a +0 ring mail
  a +0 trident
(28, 26, Orc:1)
  a +0 chain mail
  a +0 glaive
  a +0 leather armour
  a +0 whip
(29, 25, Orc:1)
  a cursed +0 plate armour
  a +0 scimitar
(29, 26, Orc:1)
  a +0 dagger
(30, 24, Orc:1)
  a +0 leather armour
  a +0 club
(31, 25, Orc:1)
  a +0 leather armour
  a +0 short sword
(33, 24, Orc:1)
  a +0 chain mail
  a +0 halberd
(33, 25, Orc:1)
  a +0 leather armour
  a +0 whip
(34, 20, Orc:1)
  a +0 hand axe
(34, 24, Orc:1)
  a +0 plate armour
  a +0 glaive
(34, 26, Orc:1)
  a +0 giant club
(35, 21, Orc:1)
  a +0 hand axe
(35, 24, Orc:1)
  a +0 falchion
(36, 19, Orc:1)
  a +0 chain mail
  a +0 hand axe
  a +0 scale mail
  a +0 short sword
(37, 20, Orc:1)
  a +0 leather armour
  a +0 whip
(37, 21, Orc:1)
  a +0 leather armour
  a +0 short sword
(37, 23, Orc:1)
  a +0 hand axe
(39, 53, Orc:1)
  a +0 robe
  a +0 dagger
  a +0 hand axe
  a +0 plate armour
(39, 54, Orc:1)
  a +0 leather armour
  a +0 whip

Level 2 of the Orcish Mines
[Shop] Zurar's Antique Armour Boutique
  a +0 plate armour (759 gold)
  the +2 buckler "Seugoemp" {rPois rF+++ Int-2 Dex-3} (1656 gold)
    It affects your intelligence (-2).
    It affects your dexterity (-3).
    It renders you almost immune to fire.
    It protects you from poison.
  a +1 robe of positive energy (320 gold)
  a +0 scale mail (132 gold)
  a +0 robe (23 gold)
  a +0 scale mail (132 gold)
  a +2 leather armour of fire resistance (627 gold)
  a +2 hat (528 gold)
  a +0 ring mail (132 gold)
  the cursed +1 leather armour of the Illusory Gods {rN+ Str-4 Slay+3 SInv} (778 gold)
    It affects your strength (-4).
    It affects your accuracy and damage with ranged weapons and melee attacks
    (+3).
    It protects you from negative energy.
    It lets you see invisible.
    It has a curse placed upon it.
[Shop] Xuvug's Food Shoppe
  a ration (65 gold)
  a ration (65 gold)
  a ration (65 gold)
  a ration (65 gold)
  a ration (65 gold)
  a ration (65 gold)
  a ration (65 gold)
  a ration (65 gold)
  a ration (65 gold)
[Shop] Cuany's Assorted Antiques
  a +0 scale mail (104 gold)
  3 potions of might (312 gold)
  a +1 glaive of chopping (434 gold)
  a scroll of enchant weapon (195 gold)
  a +0 quarterstaff (104 gold)
  a +0 ring mail (104 gold)
  a book of Minor Magic (520 gold)
  a scroll of enchant weapon (195 gold)
  a +2 rapier of electrocution (572 gold)
  the +1 cloak "Guicleav" {MR+ Regen+ Stlth+} (647 gold)
    It affects your resistance to hostile enchantments.
    It increases your rate of regeneration.
    It makes you more stealthy.
  a lamp of fire (1040 gold)
  a potion of degeneration (26 gold)
[Shop] Woppof's Assorted Antiques
  a sack of spiders (500 gold)
  a +0 shortbow (75 gold)
  a +0 chain mail (112 gold)
  a scroll of enchant armour (187 gold)
  a scroll of acquirement (1300 gold)
  a scroll of identify (50 gold)
  a cursed +0 broad axe (25 gold)
  a scroll of acquirement (1300 gold)
  a book of Clouds (1125 gold)
  a scroll of amnesia (87 gold)
(0, 0, Orc:2)
  a +0 glaive
(1, -5, Orc:2)
  a +0 robe
  a +0 dagger
(2, -5, Orc:2)
  a +0 chain mail
  a +0 trident
(2, -4, Orc:2)
  a +0 whip
  a +0 chain mail
  a +0 hand axe
(2, -2, Orc:2)
  a +0 robe
  a +0 dagger
(3, -6, Orc:2)
  a +0 hand axe
(3, -3, Orc:2)
  a +0 leather armour
  a +0 dagger
(3, 0, Orc:2)
  a +0 robe
  a +0 dagger
(4, -8, Orc:2)
  a +0 naga barding
(8, -37, Orc:2)
  a +0 hand axe
  a +3 leather armour
(9, -47, Orc:2)
  a +0 hand axe
  a +0 plate armour
(10, -33, Orc:2)
  a +0 flail
(11, -46, Orc:2)
  a +0 mace
(11, -34, Orc:2)
  a +0 robe
  a +0 dagger
(12, -47, Orc:2)
  a +0 club
(12, -33, Orc:2)
  a +0 scale mail
  a +0 flail
(14, -33, Orc:2)
  a +0 dagger
  a +2 robe of positive energy
(15, -34, Orc:2)
  a +0 robe
  a +0 dagger
(15, -33, Orc:2)
  a +0 robe
  a +0 dagger
(15, -12, Orc:2)
  a +0 robe
  a +0 dagger
(16, -34, Orc:2)
  a +0 flail
(16, -15, Orc:2)
  a +0 club
(17, -34, Orc:2)
  a +0 robe
  a +0 dagger
(17, -33, Orc:2)
  a +0 robe
  a +0 dagger
(17, -12, Orc:2)
  a +0 robe
  a +0 dagger
(18, -30, Orc:2)
  a +2 flail of protection
(19, -30, Orc:2)
  a +0 robe
  a +0 dagger
(19, -28, Orc:2)
  a +0 chain mail
  a +0 mace
(19, -16, Orc:2)
  a +0 robe
  a +0 dagger
(19, -13, Orc:2)
  a +0 dagger
(20, -24, Orc:2)
  a +0 robe
  a cursed +0 dagger
(20, 0, Orc:2)
  a +0 robe
  a +0 dagger
(21, -13, Orc:2)
  a +0 leather armour
  a +0 robe of magic resistance
  a +0 short sword
  a +0 dagger
(22, -14, Orc:2)
  a +0 leather armour
  a +0 whip
(22, -12, Orc:2)
  a +0 robe
  a +0 dagger of venom
(22, -6, Orc:2)
  a +2 robe of magic resistance
  a +0 dagger
(24, -25, Orc:2)
  a +2 robe of fire resistance
  a +0 dagger
(24, -14, Orc:2)
  a +0 plate armour
  a +0 scimitar
(25, -25, Orc:2)
  a +0 club
(25, -24, Orc:2)
  a +0 robe
  a +0 dagger
(25, -15, Orc:2)
  a +2 robe of magic resistance
  a cursed -1 dagger
(25, -14, Orc:2)
  a +0 scale mail
(26, -24, Orc:2)
  a +0 dagger
(28, -41, Orc:2)
  a +0 robe
  a cursed -1 dagger
(28, -40, Orc:2)
  a +0 robe
  a +0 dagger
  a +0 glaive
  a +0 plate armour
(28, -24, Orc:2)
  a +0 dagger of venom
  a +2 robe of magic resistance
  a cursed -1 dagger
(29, -40, Orc:2)
  a +0 leather armour
  a +0 club
(29, -24, Orc:2)
  a cursed -1 falchion
(30, -24, Orc:2)
  a +0 robe
  a +0 dagger
  a +0 robe
  a +0 dagger of electrocution
(35, -22, Orc:2)
  a +0 chain mail
  a +0 dagger
(37, -20, Orc:2)
  a +0 leather armour
  a +0 whip
(40, -41, Orc:2)
  a +0 whip
(42, -19, Orc:2)
  a +0 robe
  a +0 dagger
(43, -36, Orc:2)
  a +0 dagger
(43, -25, Orc:2)
  a +0 robe
  a +0 dagger
(43, -23, Orc:2)
  a +0 trident
(43, -20, Orc:2)
  a +0 robe
  a +0 dagger
(44, -19, Orc:2)
  a +0 robe
  a +0 dagger
(46, -23, Orc:2)
  a +0 robe
  a +2 dagger of draining
(47, -40, Orc:2)
  a +0 robe
  a +0 dagger
(48, -38, Orc:2)
  a +0 robe
  a +0 dagger
(48, -25, Orc:2)
  a +0 robe
  a +0 dagger
(49, -40, Orc:2)
  a +0 robe
  a +0 dagger
(49, -35, Orc:2)
  a +0 chain mail
  a +0 dagger
(49, -34, Orc:2)
  a +0 club
(49, -27, Orc:2)
  a +0 robe
  a +0 dagger
(51, -39, Orc:2)
  a +0 leather armour
  a cursed -1 mace
(52, -43, Orc:2)
  a +2 robe of fire resistance
  a +0 dagger
(53, -36, Orc:2)
  a +0 leather armour
  a +0 short sword
(60, -36, Orc:2)
  a +0 giant club

Level 1 of the Lair of Beasts
(0, 0, Lair:1)
  a +0 chain mail
(22, -15, Lair:1)
  a book of Necromancy
(29, -5, Lair:1)
  a +0 leather armour
(43, -13, Lair:1)
  a potion of degeneration
(53, -23, Lair:1)
  a potion of degeneration
(53, -22, Lair:1)
  a +0 spear

Level 2 of the Lair of Beasts
(0, 0, Lair:2)
  a +0 spear
(2, 2, Lair:2)
  a +0 spear
(3, -11, Lair:2)
  a +0 trident
(3, -10, Lair:2)
  a +0 spear
(3, 25, Lair:2)
  a +0 club
(9, 14, Lair:2)
  a +0 scale mail
(12, -21, Lair:2)
  a potion of degeneration
(13, -10, Lair:2)
  a +0 short sword
(54, 3, Lair:2)
  a +0 scale mail
(56, 31, Lair:2)
  a +0 chain mail
(57, 18, Lair:2)
  a +0 leather armour
(60, 12, Lair:2)
  a +0 buckler

Level 3 of the Lair of Beasts
(0, 0, Lair:3)
  a +0 shortbow
(30, 8, Lair:3)
  a +0 shield

Level 4 of the Lair of Beasts
(0, 0, Lair:4)
  a +0 dagger of draining
  a +0 robe
(1, 12, Lair:4)
  a +0 blowgun
  a +1 short sword of venom
(15, -14, Lair:4)
  a +0 chain mail
(18, -41, Lair:4)
  a cursed +0 rapier
(27, -33, Lair:4)
  a +0 pair of gloves
(48, -27, Lair:4)
  a lightning rod (4/4)

Level 5 of the Lair of Beasts
(2, 16, Lair:5)
  a +0 short sword
(23, -23, Lair:5)
  a +0 leather armour
(43, 11, Lair:5)
  a crystal ball of energy

Level 6 of the Lair of Beasts
(0, 0, Lair:6)
  a +0 robe
(14, -2, Lair:6)
  a +0 arbalest
(21, -2, Lair:6)
  a +0 plate armour
(22, 1, Lair:6)
  a +0 helmet
(29, 1, Lair:6)
  a +0 pair of gloves
(38, 4, Lair:6)
  15 gold pieces
(38, 5, Lair:6)
  The Advanced Guide to Rites and Rhymes
    Spells                           Type                      Level
     a - Iskenderun's Battlesphere    Conjuration/Charms            5
     b - Bolt of Magma                Conjuration/Fire/Earth        5
     c - Venom Bolt                   Conjuration/Poison            5
     d - Metabolic Englaciation       Hexes/Ice                     5
     e - Borgnjor's Vile Clutch       Necromancy/Earth              5
     f - Alistair's Intoxication      Transmutation/Poison          5
(38, 6, Lair:6)
  2 potions of heal wounds
(38, 7, Lair:6)
  42 gold pieces
(39, 5, Lair:6)
  35 gold pieces
(39, 7, Lair:6)
  an uncursed staff of death
(60, -18, Lair:6)
  a cursed -1 club

Level 1 of the Shoals
(0, 0, Shoals:1)
  a +0 trident
(2, -1, Shoals:1)
  a +0 quarterstaff
  a +0 hunting sling
(3, 17, Shoals:1)
  a +0 scale mail
(3, 32, Shoals:1)
  2 large rocks
(5, -1, Shoals:1)
  a +0 quarterstaff
(5, 15, Shoals:1)
  a +0 spear
(8, -2, Shoals:1)
  a +0 double sword
(9, 2, Shoals:1)
  a +0 spear
  a cursed -3 hunting sling
(10, 3, Shoals:1)
  a +0 spear
(10, 4, Shoals:1)
  a +0 trident
(10, 29, Shoals:1)
  3 large rocks
(11, 6, Shoals:1)
  a +0 robe
  a +0 rapier
(24, 14, Shoals:1)
  a +0 leather armour
  a +1 spear of freezing
(25, 13, Shoals:1)
  a cursed +0 robe
(29, 12, Shoals:1)
  a +0 robe
(39, 43, Shoals:1)
  a +0 trident
(40, 7, Shoals:1)
  a +0 trident

Level 2 of the Shoals
(0, 0, Shoals:2)
  a +0 trident (still there?)
  a throwing net (still there?)
(3, 1, Shoals:2)
  a +0 rapier of speed
  a +0 robe
(5, 8, Shoals:2)
  a +0 trident
(6, 19, Shoals:2)
  a potion of heal wounds
(16, 16, Shoals:2)
  a large rock
(17, -15, Shoals:2)
  a +2 trident of piercing
  a +0 robe
(17, -10, Shoals:2)
  a +0 chain mail
(17, 17, Shoals:2)
  a large rock
(18, 18, Shoals:2)
  a large rock
(19, -16, Shoals:2)
  a +0 trident
(21, 22, Shoals:2)
  a large rock
(28, 23, Shoals:2)
  a +0 trident
(35, -18, Shoals:2)
  a +0 falchion
(36, 3, Shoals:2)
  a +0 trident
(37, 3, Shoals:2)
  a cursed -3 club
  a +0 hunting sling
(37, 4, Shoals:2)
  a +0 spear
  a +0 hunting sling
(42, 11, Shoals:2)
  a +0 robe
  a +0 trident
(42, 12, Shoals:2)
  a +4 hunting sling
(47, -14, Shoals:2)
  a +0 spear
  a +0 hunting sling
(48, -15, Shoals:2)
  a +0 spear
(48, -3, Shoals:2)
  a +0 trident
(49, -15, Shoals:2)
  a +0 quarterstaff
  a +0 hunting sling

Level 3 of the Shoals
[Shop] Cureugh's Gadget Shoppe
  a wand of digging (5) (216 gold)
  a fan of gales (480 gold)
  a lamp of fire (480 gold)
  a wand of flame (25) (162 gold)
  a wand of acid (10) (336 gold)
  a wand of random effects (29) (186 gold)
  a phial of floods (480 gold)
  a wand of digging (6) (240 gold)
(0, 0, Shoals:3)
  a throwing net
(1, 0, Shoals:3)
  a +0 trident
(3, 0, Shoals:3)
  a cursed -3 club
  a +0 hunting sling
  a +0 trident
(4, 0, Shoals:3)
  a +0 quarterstaff
  a +0 hunting sling
(6, -2, Shoals:3)
  a +0 club
  a +0 hunting sling
(6, 0, Shoals:3)
  a +0 club
  a +0 hunting sling
  a +0 club
  a +0 hunting sling
  a +0 spear
  a +0 hunting sling
(7, 26, Shoals:3)
  a scroll of summoning
  a +0 robe
  a cursed -1 rapier
(8, -2, Shoals:3)
  a +0 club
  a +0 hunting sling
(8, 28, Shoals:3)
  a +0 robe
  a +3 rapier of draining
(11, 31, Shoals:3)
  a +0 morningstar
(13, 5, Shoals:3)
  a +0 quarterstaff
  a +0 longbow
(16, 8, Shoals:3)
  a +0 shortbow
(17, 45, Shoals:3)
  a +0 robe
  a +0 rapier
(17, 46, Shoals:3)
  a +0 trident
(18, 45, Shoals:3)
  8 large rocks
  a throwing net
(20, 7, Shoals:3)
  a +0 trident
(20, 44, Shoals:3)
  a +0 robe
  a +3 rapier of electrocution
(20, 45, Shoals:3)
  a +0 trident
(27, 19, Shoals:3)
  a scroll of immolation
(30, -2, Shoals:3)
  a +0 spear
(32, 21, Shoals:3)
  a +1 hunting sling of freezing
  a +0 quarterstaff
(39, 28, Shoals:3)
  a +0 quarterstaff of crushing
  a +0 fustibalus
(40, 18, Shoals:3)
  a +0 club (still there?)
  2 stones (still there?)
(41, 10, Shoals:3)
  a +0 ring mail
(41, 20, Shoals:3)
  a +0 spear (still there?)
  a stone (still there?)

Level 4 of the Shoals
[Shop] Kuitwuq's Weapon Shoppe
  a +0 hunting sling (25 gold)
  a +0 quarterstaff (68 gold)
  a +0 blowgun (42 gold)
  a +0 halberd (68 gold)
  a +4 whip of holy wrath (450 gold)
  a +0 club (17 gold)
  a +0 flail (59 gold)
  a +0 halberd (68 gold)
  19 stones (32 gold)
(0, 0, Shoals:4)
  the ring of the Gloaming {*Corrode rPois rF+ rC+}
    [ring of protection from cold]
    
    It protects you from fire.
    It protects you from cold.
    It protects you from poison.
    It may corrode you when you take damage.
  a snapping turtle skeleton
(6, 3, Shoals:4)
  a +0 spear
(11, 25, Shoals:4)
  2 javelins of penetration
  a +0 trident
  a +0 leather armour
(12, 23, Shoals:4)
  a throwing net
  a +0 trident
(12, 24, Shoals:4)
  a +0 trident
(12, 25, Shoals:4)
  a +3 long sword of holy wrath
  a javelin of penetration
  a +0 leather armour
(12, 26, Shoals:4)
  a +0 trident
(13, 24, Shoals:4)
  a javelin of penetration
(13, 26, Shoals:4)
  a +0 trident
(14, 0, Shoals:4)
  a large rock
(14, 27, Shoals:4)
  a javelin of penetration
(15, -1, Shoals:4)
  a large rock
(16, -2, Shoals:4)
  a large rock
(16, 29, Shoals:4)
  2 javelins of penetration
(19, 10, Shoals:4)
  a +0 trident
(19, 25, Shoals:4)
  4 javelins of penetration
(20, -4, Shoals:4)
  23 bolts
(22, 21, Shoals:4)
  a +0 rapier
  a +0 robe
(24, 19, Shoals:4)
  a +0 trident
  (unseen)
(25, 3, Shoals:4)
  a +2 spear of venom
(26, 16, Shoals:4)
  a +0 hunting sling
  a +0 quarterstaff
(28, 17, Shoals:4)
  a +0 hunting sling
  a +0 spear
(29, 17, Shoals:4)
  a +0 hunting sling
  a +0 club
(30, 16, Shoals:4)
  a +0 hunting sling
  a +0 spear
(30, 22, Shoals:4)
  a +0 spear
(32, 17, Shoals:4)
  a javelin
(33, 18, Shoals:4)
  a cursed -2 trident
  a +0 chain mail
  a +2 spear of venom
  15 javelins
  a cursed +0 leather armour
(33, 19, Shoals:4)
  a +0 trident
  5 tomahawks of returning
(33, 36, Shoals:4)
  a book of Debilitation
(34, 33, Shoals:4)
  a +0 glaive
(35, 17, Shoals:4)
  a +0 trident
(39, 18, Shoals:4)
  a javelin
  a +0 longbow
  a +0 club
(40, 1, Shoals:4)
  7 large rocks
(41, -7, Shoals:4)
  a +0 trident
(41, 19, Shoals:4)
  a +0 spear
(42, 25, Shoals:4)
  a +0 spear
  a +0 longbow of flaming
  a cursed -3 spear
  a +0 trident
(42, 26, Shoals:4)
  2 large rocks
(42, 27, Shoals:4)
  a +0 trident
  a +0 robe
(43, -5, Shoals:4)
  a water nymph corpse
(43, 24, Shoals:4)
  a +0 glaive
(44, 25, Shoals:4)
  a +1 trident of venom
  a +0 leather armour
  a +3 ring of evasion
(44, 35, Shoals:4)
  an uncursed staff of wizardry
(45, 33, Shoals:4)
  a large rock
(47, 25, Shoals:4)
  a +0 trident
(49, 6, Shoals:4)
  a +0 leather armour
  a +1 trident of freezing
(50, 30, Shoals:4)
  10 poisoned javelins
(51, 28, Shoals:4)
  a +0 trident
(52, 21, Shoals:4)
  a +0 rapier of venom
  a +0 robe
(52, 28, Shoals:4)
  a +0 leather armour
  a +4 trident of piercing
(52, 30, Shoals:4)
  4 poisoned javelins
(53, 27, Shoals:4)
  2 large rocks
(54, 27, Shoals:4)
  a large rock
(55, 28, Shoals:4)
  4 poisoned javelins
(57, 23, Shoals:4)
  a large rock
(57, 30, Shoals:4)
  a +0 leather armour
  a +0 spear

Level 1 of the Spider Nest
(0, 0, Spider:1)
  an uncursed staff of summoning
(2, -11, Spider:1)
  a cursed +0 blowgun
(11, 8, Spider:1)
  a +0 scale mail
(13, -15, Spider:1)
  a +0 leather armour
(20, -19, Spider:1)
  a +0 falchion
(22, 15, Spider:1)
  a +0 ring mail

Level 2 of the Spider Nest
(0, 0, Spider:2)
  a +0 halberd
(1, -1, Spider:2)
  a +0 scale mail
(2, 9, Spider:2)
  a potion of degeneration
(13, -12, Spider:2)
  a +0 long sword
(38, -4, Spider:2)
  the ring "Cois Cij" {-Tele rElec rF+ Str+2 Int+4}
    [ring of intelligence]
    
    It affects your strength (+2).
    It affects your intelligence (+4).
    It protects you from fire.
    It insulates you from electricity.
    It prevents most forms of teleportation.
(38, -2, Spider:2)
  a +2 shortbow of velocity
(38, 0, Spider:2)
  a box of beasts
(38, 2, Spider:2)
  a lamp of fire
(39, -3, Spider:2)
  37 gold pieces
(39, -1, Spider:2)
  a +0 chain mail
(39, 1, Spider:2)
  a scroll of magic mapping
(40, -4, Spider:2)
  5 gold pieces
(40, -2, Spider:2)
  24 gold pieces
(40, 0, Spider:2)
  14 gold pieces
(40, 2, Spider:2)
  the amulet "Gial" {Faith Dex+3}
    [amulet of faith]
    
    It allows you to gain divine favour quickly.
    It affects your dexterity (+3).
(44, -4, Spider:2)
  a +0 hand axe

Level 3 of the Spider Nest
(0, 0, Spider:3)
  a +0 club
(2, 16, Spider:3)
  a cursed +0 leather armour
(6, 32, Spider:3)
  a lightning rod (4/4)
(17, 6, Spider:3)
  a +0 longbow

Level 4 of the Spider Nest
(0, 0, Spider:4)
  26 stones
(0, 3, Spider:4)
  a +0 whip
(0, 11, Spider:4)
  2 potions of lignification
(6, 4, Spider:4)
  a poisoned needle
(7, 3, Spider:4)
  a poisoned needle
(7, 32, Spider:4)
  17 sling bullets
(8, 0, Spider:4)
  a +0 ring mail

