Ruggeitotu

the Dungeon
(0, 0, D)
  10 gold pieces
(3, -7, D)
  2 potions of mutation
  (unseen)
(3, -6, D)
  a potion of mutation
  (unseen)
(3, 10, D)
  a +0 ring mail
  (unseen)
(3, 35, D)
  a +0 scale mail
  (unseen)
(4, -7, D)
  15 gold pieces
(4, -6, D)
  11 gold pieces
(4, -2, D)
  11 gold pieces
(4, 35, D)
  a scroll of enchant weapon
  (unseen)
(5, 25, D)
  11 gold pieces
(6, 24, D)
  a manual of Polearms
(6, 25, D)
  a slimy rune of Zot
(6, 26, D)
  the Guide on Dark Toxins
    Spells                           Type                      Level
     a - Sting                        Conjuration/Poison            1
     b - Poisonous Vapours            Poison/Air                    2
     c - Dispel Undead                Necromancy                    5
(6, 35, D)
  a scroll of identify
  (unseen)
(7, 25, D)
  the +1 leather armour of the Neverending Wishes {*Drain rCorr Str+2}
    It affects your strength (+2).
    It provides partial protection from all sources of acid and corrosion.
    It causes draining when unequipped.
(7, 35, D)
  a potion of might
  (unseen)
(9, 35, D)
  a ration
  (unseen)
(11, 35, D)
  6 scrolls of enchant weapon
  (unseen)
(12, 35, D)
  an obsidian rune of Zot
(12, 57, D)
  10 gold pieces
  (unseen)
(12, 58, D)
  a bone rune of Zot
(12, 59, D)
  8 potions of heal wounds
  (unseen)
(16, 52, D)
  a scroll of identify
  (unseen)
(16, 58, D)
  an icy rune of Zot
(18, -5, D)
  a potion of heal wounds
(18, 38, D)
  4 scrolls of enchant armour
  (unseen)
(18, 39, D)
  5 gold pieces
(19, 3, D)
  a book of Cantrips
(20, 3, D)
  a book of Minor Magic
(20, 53, D)
  5 potions of haste
  (unseen)
(20, 57, D)
  a +2 pair of boots
  (unseen)
(22, 1, D)
  a lamp of fire
(24, -6, D)
  a +0 robe
(24, -5, D)
  a +0 whip
(24, 40, D)
  a +2 short sword of draining
  (unseen)
(25, 40, D)
  an uncursed ring of stealth
  (unseen)
(25, 53, D)
  19 gold pieces
  (unseen)
(25, 58, D)
  14 gold pieces
  (unseen)
(26, -5, D)
  a wand of flame (21)
(26, 31, D)
  a serpentine rune of Zot
(26, 39, D)
  the +5 robe "Oplemment" {rElec MR+ Str+4 Dex+6}
    It affects your strength (+4).
    It affects your dexterity (+6).
    It insulates you from electricity.
    It affects your resistance to hostile enchantments.
  (unseen)
(26, 40, D)
  an iron rune of Zot
(27, 3, D)
  a ration
(29, -7, D)
  800 gold pieces
(29, -5, D)
  14 gold pieces
(29, -3, D)
  6 gold pieces
(29, -2, D)
  15 gold pieces
(29, 43, D)
  a wand of disintegration (17)
(30, -5, D)
  5 gold pieces
(30, -2, D)
  9 gold pieces
(30, -1, D)
  1450 gold pieces
(30, 43, D)
  a scroll of enchant weapon
(31, -7, D)
  16 gold pieces
(31, -1, D)
  11 gold pieces
(31, 57, D)
  a quad damage
(32, -7, D)
  11 gold pieces
(32, -2, D)
  14 gold pieces
(32, -1, D)
  10 gold pieces
(33, -6, D)
  15 gold pieces
(33, -1, D)
  13 gold pieces
(34, -6, D)
  19 gold pieces
(34, -2, D)
  510 gold pieces
(34, -1, D)
  6 gold pieces
(35, -7, D)
  7 gold pieces
(35, -6, D)
  460 gold pieces
(36, -6, D)
  12 gold pieces
(36, -2, D)
  3 gold pieces
(36, -1, D)
  16 gold pieces
(36, 60, D)
  a potion of curing
(37, -4, D)
  17 gold pieces
(37, -1, D)
  18 gold pieces
(38, -6, D)
  10 gold pieces
(38, -5, D)
  6 gold pieces
(38, -4, D)
  11 gold pieces
(38, -2, D)
  9 gold pieces
(38, 22, D)
  a decaying rune of Zot
(38, 44, D)
  2 potions of might
(39, 17, D)
  a ration
(39, 44, D)
  3 gold pieces
(40, 11, D)
  an uncursed staff of fire
  (unseen)
(40, 12, D)
  a book of Party Tricks
  (unseen)
(40, 14, D)
  8 stones
(41, 11, D)
  the +4 scimitar "Fuyman" {elec, Int-4 Dex+7}
    Occasionally, upon striking a foe, it will discharge some electrical energy
    and cause terrible harm.
    
    It affects your intelligence (-4).
    It affects your dexterity (+7).
  (unseen)
(41, 12, D)
  an uncursed ring of protection from fire
  (unseen)
(45, 21, D)
  a ration
  (unseen)
(49, 15, D)
  10 scrolls of identify
(49, 35, D)
  an uncursed staff of energy
  (unseen)
(51, 1, D)
  a ration
(51, 3, D)
  a ration
(51, 6, D)
  a ration
(52, 1, D)
  a ration
(52, 2, D)
  a ration
(52, 6, D)
  a ration
(53, 1, D)
  a ration
(53, 23, D)
  11 gold pieces
(53, 24, D)
  6 gold pieces
(53, 25, D)
  9 gold pieces
(53, 26, D)
  12 gold pieces
(53, 27, D)
  8 gold pieces
(54, 6, D)
  a ration
(54, 7, D)
  a ration
(54, 12, D)
  a scroll of torment
  (unseen)
(56, -6, D)
  a scroll of amnesia
  (unseen)
(56, 5, D)
  a ration
(56, 7, D)
  a ration
(57, -6, D)
  a scroll of amnesia
  (unseen)
(57, -5, D)
  a scroll of amnesia
  (unseen)
(57, -3, D)
  a scroll of silence
  (unseen)
(57, -2, D)
  a scroll of amnesia
  (unseen)
(57, 1, D)
  a demonic rune of Zot
(57, 6, D)
  a ration
(58, 23, D)
  11 gold pieces
(58, 24, D)
  6 gold pieces
(58, 25, D)
  10 gold pieces
(58, 26, D)
  6 gold pieces
(58, 27, D)
  9 gold pieces
(60, -6, D)
  a box of beasts
(60, -5, D)
  the cursed +0 morningstar "Qikaul" {freeze, Str-2 Int+4 Dex+3}
    It has been specially enchanted to freeze those struck by it, causing extra
    injury to most foes and up to half again as much damage against particularly
    susceptible opponents. It can also slow down cold-blooded creatures.
    
    It affects your strength (-2).
    It affects your intelligence (+4).
    It affects your dexterity (+3).
    It has a curse placed upon it.
(60, -4, D)
  9 gold pieces
(60, -3, D)
  an uncursed staff of death
(60, -2, D)
  17 gold pieces
(60, -1, D)
  a +6 ring of protection
(60, 0, D)
  13 gold pieces
(60, 1, D)
  an uncursed staff of poison
(60, 15, D)
  the +4 hand axe "Feigyd" {chop, Int+5}
    It inflicts extra damage upon your enemies.
    
    It affects your intelligence (+5).
(60, 31, D)
  an uncursed staff of death
(60, 32, D)
  a potion of haste
(60, 33, D)
  a +0 dagger of venom
(60, 34, D)
  a +3 chain mail of cold resistance
(61, -6, D)
  11 gold pieces
(61, -5, D)
  18 gold pieces
(61, -4, D)
  10 gold pieces
(61, -3, D)
  a crystal ball of energy
(61, -2, D)
  12 gold pieces
(61, -1, D)
  a +0 antimagic spear
(61, 0, D)
  a +0 naga barding of fire resistance
(61, 1, D)
  an uncursed ring of protection from fire
  (unseen)
(61, 31, D)
  a manual of Crossbows
(61, 32, D)
  a scroll of fear
(61, 33, D)
  22 stones
(61, 34, D)
  a manual of Crossbows
(62, -6, D)
  a silver rune of Zot
(62, -4, D)
  the +8 demon blade "Leech" {vamp, rN+ AC-3 EV-3}
    It inflicts no extra harm, but heals its wielder when it wounds a living
    foe.
    
    It affects your AC (-3).
    It affects your evasion (-3).
    It protects you from negative energy.
(62, -3, D)
  the ring "Jyrewk" {+Fly Slay+3}
    [ring of flight]
    
    It affects your accuracy and damage with ranged weapons and melee attacks
    (+3).
    It lets you fly.
(62, -2, D)
  a phantom mirror
(62, -1, D)
  a +4 flail of holy wrath
(62, 0, D)
  7 gold pieces
(62, 1, D)
  a +1 large shield of reflection
(64, 15, D)
  10 gold pieces
(68, 9, D)
  a +0 plate armour
(68, 20, D)
  a wand of clouds (3)
(68, 28, D)
  23 arrows
(69, 9, D)
  10 gold pieces
(70, 9, D)
  an uncursed ring of flight
(71, 9, D)
  15 gold pieces
(71, 41, D)
  the +9 halberd "Iroanil" {flame, rElec Int+2}
    It has been specially enchanted to burn those struck by it, causing extra
    injury to most foes and up to half again as much damage against particularly
    susceptible opponents. Big, fiery blades are also staple armaments of
    hydra-hunters.
    
    It affects your intelligence (+2).
    It insulates you from electricity.
(71, 42, D)
  the cursed +1 war axe "Zitwacyl" {freeze, MR+}
    It has been specially enchanted to freeze those struck by it, causing extra
    injury to most foes and up to half again as much damage against particularly
    susceptible opponents. It can also slow down cold-blooded creatures.
    
    It affects your resistance to hostile enchantments.
    It has a curse placed upon it.
(71, 43, D)
  a fan of gales
(71, 44, D)
  a golden rune of Zot
(71, 55, D)
  a wand of digging (3)
(72, 9, D)
  an uncursed amulet of harm
(72, 41, D)
  a +2 robe of magic resistance
(72, 42, D)
  a crystal ball of energy
(72, 43, D)
  a cursed ring of attention
(72, 44, D)
  the +5 glaive of the Jester {venom, *Rage Dex+4 SInv}
    It poisons the flesh of those it strikes.
    
    It affects your dexterity (+4).
    It lets you see invisible.
    It may make you go berserk in combat.
(73, 9, D)
  13 gold pieces
(73, 41, D)
  5 scrolls of acquirement
(73, 42, D)
  the +9 morningstar of the Pyrrhic Victory {crush, +Inv rC+}
    It inflicts extra damage upon your enemies.
    
    It protects you from cold.
    It lets you turn invisible.
(73, 43, D)
  a sack of spiders
(73, 44, D)
  a manual of Staves
(74, 9, D)
  a +0 glaive
(76, 59, D)
  the Orb of Zot

