Wofismaka

Level 1 of the Dungeon
(0, 0, D:1)
  a +0 dagger
(6, -2, D:1)
  a +0 dagger
(7, -37, D:1)
  an uncursed ring of see invisible
(8, 0, D:1)
  a +0 club
(11, -2, D:1)
  a +0 short sword
(29, -19, D:1)
  a +0 leather armour
(36, -25, D:1)
  a +0 club
(44, -5, D:1)
  a +0 club
(47, -28, D:1)
  a +0 club
(51, -27, D:1)
  a +0 short sword
(54, -38, D:1)
  a +0 dagger
(55, -2, D:1)
  a +0 dagger

Level 2 of the Dungeon
(2, 13, D:2)
  a +0 ring mail
(8, 0, D:2)
  a potion of degeneration
(23, 5, D:2)
  a +0 ring mail
(35, 15, D:2)
  a +0 club
(37, 10, D:2)
  a +0 club
(39, -9, D:2)
  a +0 ring mail
(41, -4, D:2)
  a +0 scale mail of magic resistance
(42, 6, D:2)
  a +0 leather armour

Level 3 of the Dungeon
(0, 0, D:3)
  a +0 dagger
  a +0 hunting sling
(11, 5, D:3)
  a +0 club
(23, -33, D:3)
  a +0 club
(32, -39, D:3)
  a +0 robe
(32, -22, D:3)
  3 gold pieces
(33, -21, D:3)
  13 gold pieces
(42, -24, D:3)
  a +0 hand axe
  a +0 leather armour
(45, -7, D:3)
  a +0 dagger

Level 4 of the Dungeon
(13, -24, D:4)
  a +0 large shield
(18, -28, D:4)
  a +0 plate armour
(41, -15, D:4)
  a potion of degeneration

Level 5 of the Dungeon
(0, 0, D:5)
  a cursed -2 giant club
(10, -15, D:5)
  a +0 ring mail
(17, -22, D:5)
  a cursed +0 robe
(21, -43, D:5)
  a +0 pair of gloves
(30, -26, D:5)
  a +0 whip
(32, -55, D:5)
  a jackal corpse
(36, -55, D:5)
  a jackal corpse
(40, -35, D:5)
  a +0 falchion

