Refothrer

Level 1 of the Dungeon
(0, 0, D:1)
  a ration
(4, -5, D:1)
  11 gold pieces
(6, 4, D:1)
  a +0 hand axe
(8, -12, D:1)
  a scroll of teleportation
(9, 3, D:1)
  22 stones
(10, 0, D:1)
  a scroll of fog
(11, -22, D:1)
  5 gold pieces
(11, -5, D:1)
  19 stones
(15, -4, D:1)
  14 gold pieces
(16, -19, D:1)
  10 gold pieces
(24, 9, D:1)
  a +0 ring mail
(29, -13, D:1)
  a potion of brilliance
(29, -6, D:1)
  a +0 robe
(29, 8, D:1)
  a potion of agility
(30, -22, D:1)
  a cursed +0 chain mail
(32, -15, D:1)
  an uncursed ring of protection from cold
(36, -10, D:1)
  a potion of haste

