Hekies

Level 1 of the Dungeon
(0, 0, D:1)
  a +0 leather armour

Level 5 of the Pits of Slime
(0, 0, Slime:5)
  a throwing net
(9, -8, Slime:5)
  a ration
(9, -7, Slime:5)
  a scroll of identify
(9, 0, Slime:5)
  47 gold pieces
(9, 1, Slime:5)
  a scroll of random uselessness
(10, -9, Slime:5)
  a ration
(10, -8, Slime:5)
  a +4 blowgun
(10, -7, Slime:5)
  a +0 scale mail
(10, -6, Slime:5)
  51 gold pieces
(10, -1, Slime:5)
  a scroll of remove curse
(10, 0, Slime:5)
  a wand of flame (16)
(10, 1, Slime:5)
  a +1 mace of protection
(10, 2, Slime:5)
  a scroll of amnesia
(11, -10, Slime:5)
  a potion of lignification
(11, -9, Slime:5)
  the ring "Kisk" {rElec MR++ EV+2 Int-5 Stlth+}
    [ring of evasion]
    
    It affects your evasion (+2).
    It affects your intelligence (-5).
    It insulates you from electricity.
    It affects your resistance to hostile enchantments.
    It makes you more stealthy.
(11, -8, Slime:5)
  a slimy rune of Zot
(11, -7, Slime:5)
  a +6 hunting sling of velocity
(11, -6, Slime:5)
  7 gold pieces
(11, -1, Slime:5)
  a +0 ring mail
(11, 0, Slime:5)
  an uncursed ring of stealth
(11, 1, Slime:5)
  the +5 demon whip "Spellbinder" {antimagic, MR+}
    It reduces the magical energy of the wielder, and disrupts the spells and
    magical abilities of those hit. Natural abilities and divine invocations are
    not affected.
    
    It affects your resistance to hostile enchantments.
    
    Zin disapproves of the use of such an item.
(11, 2, Slime:5)
  a book of Party Tricks
(11, 3, Slime:5)
  a wand of polymorph (7)
(12, -11, Slime:5)
  a scroll of teleportation
(12, -10, Slime:5)
  44 gold pieces
(12, -9, Slime:5)
  12 arrows
(12, -8, Slime:5)
  a +4 ring mail of cold resistance
(12, -7, Slime:5)
  a +0 shortbow
(12, 0, Slime:5)
  22 gold pieces
(12, 1, Slime:5)
  an uncursed staff of cold
(12, 2, Slime:5)
  17 stones
(12, 3, Slime:5)
  32 gold pieces
(12, 4, Slime:5)
  a wand of clouds (2)
(13, -10, Slime:5)
  a ration
(13, -8, Slime:5)
  2 potions of flight
(13, -6, Slime:5)
  a phial of floods
(13, -1, Slime:5)
  the +5 hand axe "Tics" {venom, -Tele rF+ rN+}
    It poisons the flesh of those it strikes.
    
    It protects you from fire.
    It protects you from negative energy.
    It prevents most forms of teleportation.
(13, 1, Slime:5)
  a +0 shortbow
(13, 3, Slime:5)
  37 gold pieces
(18, -10, Slime:5)
  a +0 great sword
(18, -8, Slime:5)
  a +0 plate armour
(18, -6, Slime:5)
  a book of Misfortune
(18, -1, Slime:5)
  a +5 flail of protection
(18, 1, Slime:5)
  11 stones
(18, 3, Slime:5)
  a +0 quarterstaff
(19, -11, Slime:5)
  a ration
(19, -10, Slime:5)
  21 stones
(19, -9, Slime:5)
  54 gold pieces
(19, -8, Slime:5)
  an uncursed staff of summoning
(19, -7, Slime:5)
  a +0 scythe
(19, 0, Slime:5)
  a ration
(19, 1, Slime:5)
  a phantom mirror
(19, 2, Slime:5)
  a scroll of fear
(19, 3, Slime:5)
  a wand of flame (7)
(19, 4, Slime:5)
  a scroll of silence
(20, -10, Slime:5)
  a scroll of brand weapon
(20, -9, Slime:5)
  a crystal ball of energy
(20, -8, Slime:5)
  52 gold pieces
(20, -7, Slime:5)
  an uncursed staff of poison
(20, -6, Slime:5)
  23 stones
(20, -1, Slime:5)
  3 scrolls of remove curse
(20, 0, Slime:5)
  a +3 scale mail of magic resistance
(20, 1, Slime:5)
  an uncursed ring of protection from magic
(20, 2, Slime:5)
  a cursed amulet of inaccuracy
(20, 3, Slime:5)
  28 arrows
(21, -9, Slime:5)
  a book of Cantrips
(21, -8, Slime:5)
  an uncursed ring of flight
(21, -7, Slime:5)
  a ration
(21, -6, Slime:5)
  19 gold pieces
(21, -1, Slime:5)
  34 gold pieces
(21, 0, Slime:5)
  a +0 leather armour
(21, 1, Slime:5)
  a crystal ball of energy
(21, 2, Slime:5)
  44 gold pieces
(22, -8, Slime:5)
  a ration
(22, -7, Slime:5)
  an uncursed staff of air
(22, 0, Slime:5)
  a +2 helmet
(22, 1, Slime:5)
  a potion of cancellation

