Oloenore

Level 1 of the Dungeon
(0, 0, D:1)
  a bolt
(1, 3, D:1)
  a bolt
(2, 3, D:1)
  16 arrows
(2, 4, D:1)
  2 bolts
(2, 10, D:1)
  a cursed +0 robe
(3, 7, D:1)
  8 tomahawks
(4, 0, D:1)
  3 bolts
(22, -5, D:1)
  a potion of curing
(26, -2, D:1)
  12 arrows
(27, -9, D:1)
  a scroll of teleportation
(27, -4, D:1)
  a scroll of random uselessness
(32, 1, D:1)
  a potion of berserk rage
(33, -4, D:1)
  a +0 dagger

Level 2 of the Dungeon
(0, 0, D:2)
  13 gold pieces
(4, -11, D:2)
  a ration
(4, -8, D:2)
  9 gold pieces
(6, -7, D:2)
  a cursed -2 hand axe
(9, -13, D:2)
  11 gold pieces
(9, -9, D:2)
  2 bolts
(9, -4, D:2)
  a potion of brilliance
(10, -10, D:2)
  a bolt
(15, -4, D:2)
  8 gold pieces
(19, -5, D:2)
  20 stones
(20, -4, D:2)
  a ration

Level 3 of the Dungeon
(0, 0, D:3)
  a scroll of noise

