Wirul

Level 1 of the Dungeon
(0, 0, D:1)
  a +0 club
(6, -3, D:1)
  a +0 scale mail
(7, 3, D:1)
  a +0 club
(13, -3, D:1)
  a +0 club
(41, -28, D:1)
  a cursed -3 club
(42, 9, D:1)
  a +0 club
(44, -6, D:1)
  a +0 club

Level 2 of the Dungeon
(0, 0, D:2)
  a +0 dagger
(10, 1, D:2)
  a +0 club
(11, 0, D:2)
  4 potions of degeneration
(11, 5, D:2)
  a +0 club
(24, -19, D:2)
  a +0 club

Level 3 of the Dungeon
(0, 0, D:3)
  a +0 leather armour
  a +0 short sword
(1, -5, D:3)
  a +0 buckler
(6, 12, D:3)
  a +0 mace
  a +0 hand axe
(16, 17, D:3)
  a +0 ring mail
(21, -29, D:3)
  a +0 ring mail
(25, -17, D:3)
  a +0 dagger
(28, 12, D:3)
  a +0 club
(33, -21, D:3)
  a +0 robe
  a cursed -2 club
(36, -33, D:3)
  a +0 club
(36, 10, D:3)
  a +0 club

Level 4 of the Dungeon
(0, 0, D:4)
  a +0 giant club
(0, 13, D:4)
  a cursed +0 leather armour
  a +0 club
(1, 13, D:4)
  a cursed +0 mace
  a +0 leather armour
(2, 7, D:4)
  a +0 giant club
(3, 13, D:4)
  a +0 club
(11, 19, D:4)
  a +0 club
(13, 23, D:4)
  a +0 club
  a +0 club
(15, 20, D:4)
  a +0 dagger
  a +0 animal skin
  a +0 dagger
(15, 38, D:4)
  a +0 leather armour
(16, 16, D:4)
  a cursed +0 robe
(38, 9, D:4)
  a +0 hand axe
(40, 3, D:4)
  a +0 whip
(43, 9, D:4)
  a +0 leather armour

Level 5 of the Dungeon
(0, 0, D:5)
  an uncursed ring of attention
(16, -18, D:5)
  a +0 leather armour
(17, 11, D:5)
  a +0 leather armour
(19, -21, D:5)
  a +0 leather armour
  a +0 club
(22, 11, D:5)
  a +0 scale mail
(23, -18, D:5)
  a +0 hand axe
(30, -8, D:5)
  a +0 giant club
(32, -18, D:5)
  a +0 shortbow

Level 6 of the Dungeon
(0, 0, D:6)
  a +0 dagger
(10, 24, D:6)
  a +0 glaive
  a +0 flail
  a +0 chain mail
(10, 26, D:6)
  a +0 scale mail
(12, 17, D:6)
  a +0 robe
  a cursed -1 scythe
(15, 13, D:6)
  a +0 whip
(17, 28, D:6)
  a +0 hunting sling
(24, -8, D:6)
  a cursed +0 plate armour
(24, 8, D:6)
  a +0 spear
(26, 8, D:6)
  a +0 hand axe
  a +0 leather armour
(27, -8, D:6)
  a +0 flail
(29, 4, D:6)
  a +0 hand axe
(30, -9, D:6)
  a +0 whip
(32, -11, D:6)
  a +0 leather armour
(32, 4, D:6)
  a +0 dagger
  a +0 robe
(33, -10, D:6)
  a +0 leather armour
(35, -12, D:6)
  a +0 trident

Level 7 of the Dungeon
(0, 0, D:7)
  a +0 giant club
(1, 3, D:7)
  a +0 war axe
(6, 15, D:7)
  a +0 ring mail
(11, 13, D:7)
  a +0 giant spiked club
(12, 34, D:7)
  a +0 dagger
(20, 22, D:7)
  a cursed +0 falchion
(33, 0, D:7)
  a +0 robe

Level 8 of the Dungeon
(0, 0, D:8)
  a +0 shortbow
(11, -10, D:8)
  a +0 robe
(24, -2, D:8)
  a +0 robe
(34, -8, D:8)
  a +0 war axe
(43, 25, D:8)
  a +0 shortbow
(46, -2, D:8)
  a +0 chain mail
  a cursed -3 scimitar
(47, -4, D:8)
  a +0 club
  a +0 scale mail
(50, -6, D:8)
  a +0 dagger
  a +0 robe
(53, 31, D:8)
  a +0 giant club
(54, -11, D:8)
  a +0 short sword
(62, -8, D:8)
  a +0 giant spiked club

Level 9 of the Dungeon
(0, 0, D:9)
  a +0 dagger
(3, -11, D:9)
  a +0 mace
(11, -15, D:9)
  a +0 cloak
(12, 11, D:9)
  a +0 dagger
(24, -20, D:9)
  a +0 shortbow
(30, -2, D:9)
  a +0 robe
(39, -25, D:9)
  a +0 whip
(43, -11, D:9)
  a +0 flail
(58, -42, D:9)
  a +0 leather armour
(61, -7, D:9)
  a +0 dagger
  a +0 robe
(64, -10, D:9)
  a +0 flail
  a +0 dagger
  a +0 robe

Level 10 of the Dungeon
[Shop] Roaqa's Book Boutique
  a book of Unlife (780 gold)
  a book of Geomancy (420 gold)
  a book of Dreams (900 gold)
  a book of Clouds (540 gold)
  a book of Ice (780 gold)
  a book of Frost (420 gold)
  a book of the Earth (780 gold)
  a book of Transfigurations (660 gold)
(0, 0, D:10)
  a +0 whip
(2, 0, D:10)
  a +0 club
(3, 0, D:10)
  a +0 flail
(16, -33, D:10)
  7 gold pieces
(17, -33, D:10)
  a potion of haste
(18, -33, D:10)
  27 stones
(22, -22, D:10)
  a +0 chain mail
  a +0 mace
(24, -18, D:10)
  a +0 falchion
(24, -16, D:10)
  a +0 trident
(25, -8, D:10)
  a +0 buckler
(27, -43, D:10)
  a +0 giant club
  a +0 giant spiked club
(27, 4, D:10)
  a +0 leather armour
(30, -40, D:10)
  a +0 shortbow
(34, -13, D:10)
  a +0 quarterstaff
(35, -30, D:10)
  a +0 leather armour
(43, -6, D:10)
  a +0 robe
  a +0 dagger
(49, -7, D:10)
  a cursed -1 dagger
  a +0 robe

Level 11 of the Dungeon
[Shop] Meklyodd's Armour Boutique
  a +0 cloak (54 gold)
  a +0 chain mail (54 gold)
  a +0 helmet (54 gold)
  a cursed +0 leather armour (1 gold)
  a +0 scale mail (48 gold)
  a +0 scale mail (48 gold)
  a +0 chain mail (54 gold)
  a +2 cloak (198 gold)
  a +0 cloak (54 gold)
  a +0 shield (54 gold)
[Shop] Lixt's Assorted Antiques
  a +0 mace of holy wrath (259 gold)
  2 potions of brilliance (280 gold)
  a +3 scale mail of cold resistance (910 gold)
  a cursed +0 robe (3 gold)
  an uncursed staff of cold (875 gold)
(0, 0, D:11)
  a +0 giant spiked club
  a +0 giant club
(2, 10, D:11)
  3 large rocks
(16, 35, D:11)
  a +0 scale mail
(19, -1, D:11)
  a +0 robe
  a +0 dagger
(30, 27, D:11)
  +0 steam dragon scales
  a +0 buckler
  a +2 scale mail
(30, 28, D:11)
  a +0 pair of gloves
(31, 26, D:11)
  a +1 flail of venom
  a cursed -3 trident
  a +0 spear
  a cursed -2 short sword
(31, 27, D:11)
  a +0 scimitar
  8 poisoned tomahawks
  58 poisoned needles
  2 curare-tipped needles
  14 javelins of returning
  a +1 rapier of flaming
  a +0 dagger of speed
  88 sling bullets
  3 javelins
(32, 27, D:11)
  a +2 shortbow of velocity
(33, 27, D:11)
  a potion of resistance
  a potion of heal wounds
  2 potions of magic
  a potion of might
  a scroll of summoning
  a scroll of noise
  2 scrolls of amnesia
  an uncursed ring of teleportation
  2 scrolls of fog
  a potion of invisibility
  a wand of paralysis (6)
  3 potions of mutation
  a potion of cancellation
  a wand of polymorph (3)
(50, 12, D:11)
  a +0 flail
(59, -9, D:11)
  a +0 chain mail

the Ecumenical Temple

Level 1 of the Lair of Beasts
(0, 0, Lair:1)
  a scroll of random uselessness
(0, 18, Lair:1)
  a +0 ring mail
(14, 38, Lair:1)
  a +0 ring mail
(28, 30, Lair:1)
  a +0 quarterstaff
(34, 8, Lair:1)
  a cursed -3 long sword
(51, 48, Lair:1)
  a +0 club

Level 2 of the Lair of Beasts
(0, 0, Lair:2)
  a +0 scale mail
(4, 38, Lair:2)
  a +0 shortbow
(11, 4, Lair:2)
  a +0 short sword
(20, 14, Lair:2)
  a +0 falchion
(20, 26, Lair:2)
  a +0 ring mail
(27, 30, Lair:2)
  a +0 robe
(55, 2, Lair:2)
  a +0 cloak

Level 3 of the Lair of Beasts
(4, 10, Lair:3)
  a +2 helmet
(25, -2, Lair:3)
  a +0 rapier
(28, 11, Lair:3)
  a +0 robe
(47, 19, Lair:3)
  a +0 morningstar

Level 4 of the Lair of Beasts
(1, 3, Lair:4)
  a +0 trident
(33, -16, Lair:4)
  a +0 chain mail
  a +8 great mace
(36, -6, Lair:4)
  6 gold pieces
(37, -5, Lair:4)
  a cursed staff of energy
(37, -4, Lair:4)
  a potion of cancellation
(37, -3, Lair:4)
  24 gold pieces
(43, -10, Lair:4)
  a +1 centaur barding
(47, -3, Lair:4)
  a +0 war axe
(52, -2, Lair:4)
  a +0 pair of gloves

Level 5 of the Lair of Beasts
(0, 0, Lair:5)
  a +0 robe
  a +0 hand axe
(13, -6, Lair:5)
  a +0 leather armour
  a +0 hand axe
(27, 0, Lair:5)
  a +0 falchion
(30, -2, Lair:5)
  a +0 leather armour
  a +0 war axe
(30, 20, Lair:5)
  a +0 short sword

Level 6 of the Lair of Beasts
(0, 0, Lair:6)
  a +0 robe
(1, 7, Lair:6)
  a +0 dire flail
(3, 12, Lair:6)
  a +0 scythe
(8, -3, Lair:6)
  a scroll of random uselessness
(11, -37, Lair:6)
  a +0 quarterstaff
(29, -16, Lair:6)
  a +0 leather armour
(31, -36, Lair:6)
  +0 steam dragon scales
(37, -37, Lair:6)
  a +0 chain mail
(40, -38, Lair:6)
  a +0 chain mail
(40, -37, Lair:6)
  a +0 dire flail
(41, -38, Lair:6)
  a +0 scale mail

