Hiovvas

Level 1 of the Dungeon
(0, 0, D:1)
  a +0 whip
(30, 37, D:1)
  a potion of degeneration
(39, 3, D:1)
  a +0 club
  a +0 club
(58, 10, D:1)
  a ration

Level 2 of the Dungeon
(0, 0, D:2)
  a worm corpse
(8, -3, D:2)
  a +0 ring mail
(21, -12, D:2)
  a +0 club
(25, -10, D:2)
  a +0 club
  a cursed +0 short sword
(28, -34, D:2)
  a +0 club
(35, -38, D:2)
  a worm corpse
(35, -26, D:2)
  a +0 whip
(36, -7, D:2)
  a cursed -2 short sword
(37, -7, D:2)
  a +0 dagger
(48, 2, D:2)
  a +1 dagger

Level 3 of the Dungeon
(0, 0, D:3)
  a kobold skeleton

