Fobekku

Level 1 of the Dungeon
(14, -29, D:1)
  a +0 club
(18, 4, D:1)
  a +0 dagger
(35, 9, D:1)
  a +0 club
(37, -18, D:1)
  a +0 club

Level 2 of the Dungeon
(0, 0, D:2)
  a +0 leather armour
(5, -18, D:2)
  a +0 club
(19, 2, D:2)
  a +0 leather armour
(20, 19, D:2)
  a +0 dagger
(24, 2, D:2)
  a +0 leather armour
(29, -12, D:2)
  a +0 club

Level 3 of the Dungeon
(0, 0, D:3)
  a +0 club
(2, 0, D:3)
  a +0 dagger
(5, 20, D:3)
  a +0 falchion
  a +0 club
(9, 0, D:3)
  a +0 robe
  a cursed -1 hand axe
  a +0 dagger
  a +0 dagger
(10, 0, D:3)
  a +0 leather armour
  a +0 dagger
(10, 24, D:3)
  a +0 dagger
(15, 0, D:3)
  a +0 club
(16, 31, D:3)
  a +0 dagger
(24, 25, D:3)
  a +0 leather armour
(24, 33, D:3)
  a +0 pair of gloves
(25, 24, D:3)
  a +0 dagger
  a +0 robe
(25, 26, D:3)
  a +0 ring mail
  a +0 falchion
(30, -12, D:3)
  a +0 dagger
(30, 27, D:3)
  a +0 scale mail
(31, 35, D:3)
  a +0 dagger
(33, -20, D:3)
  a +0 dagger

Level 4 of the Dungeon
(9, -4, D:4)
  a +0 leather armour
(20, 6, D:4)
  a +0 giant spiked club
(25, 3, D:4)
  a +0 dagger
(26, -11, D:4)
  a +0 ring mail
  a +0 dagger
(27, 1, D:4)
  a +0 robe
(27, 2, D:4)
  a +0 hand axe
(32, -6, D:4)
  a +0 leather armour
  a +0 hand axe
(47, 21, D:4)
  a +0 scale mail

Level 5 of the Dungeon
[Shop] Vebbas's Distillery
  2 potions of invisibility (208 gold)
  a potion of curing (39 gold)
  a potion of curing (39 gold)
  a potion of curing (39 gold)
  a potion of curing (39 gold)
  a potion of magic (104 gold)
(0, 0, D:5)
  a +0 flail
(3, -12, D:5)
  a +0 whip
(12, -20, D:5)
  a +0 large shield
(13, -14, D:5)
  a +0 glaive
  a +0 spear
  a +0 spear
  a +0 ring mail
  a +0 club
(13, -13, D:5)
  a +0 halberd
(13, -12, D:5)
  a +0 halberd
(16, -21, D:5)
  a cursed +0 robe
(18, -12, D:5)
  a +0 ring mail
(20, 9, D:5)
  a +0 dagger
(23, 8, D:5)
  a potion of berserk rage
(27, -27, D:5)
  a +0 morningstar
  a +0 scale mail
  a cursed -3 trident
(29, -27, D:5)
  a +0 flail
(34, 0, D:5)
  a +0 pair of gloves
(36, -24, D:5)
  a +0 scale mail
(36, -16, D:5)
  a +0 plate armour
(41, -13, D:5)
  a +0 spear
(42, 2, D:5)
  a +0 chain mail
(52, -5, D:5)
  a cursed amulet of inaccuracy

Level 6 of the Dungeon
(0, 0, D:6)
  12 gold pieces
(3, 16, D:6)
  a +0 spear
(11, 10, D:6)
  a +0 leather armour
(16, 15, D:6)
  a +0 club
(17, 13, D:6)
  a +0 halberd
(18, 11, D:6)
  a +0 whip
(19, -13, D:6)
  a +0 robe
(21, -17, D:6)
  a +0 whip
(24, -1, D:6)
  a +0 ring mail
  a +0 dagger
  a +0 chain mail
(25, -1, D:6)
  a +0 flail
(29, 20, D:6)
  7 gold pieces
(32, 21, D:6)
  a sling bullet
(34, 21, D:6)
  a sling bullet
(36, -10, D:6)
  a +0 war axe
(36, 2, D:6)
  a +0 spear
(40, -10, D:6)
  a +0 flail
  (unseen)
(44, 8, D:6)
  12 gold pieces
(47, -4, D:6)
  2 tomahawks
  a throwing net {!f}
  3 javelins
  235 stones
(51, -2, D:6)
  a stone
(51, -1, D:6)
  a stone
(51, 1, D:6)
  a stone
(51, 2, D:6)
  a +0 quarterstaff

Level 7 of the Dungeon
(0, 0, D:7)
  a stone
(2, -5, D:7)
  a stone
(2, 0, D:7)
  a stone
(3, -7, D:7)
  a sling bullet (still there?)
  2 stones (still there?)

the Ecumenical Temple

