Paemucza

Level 1 of the Dungeon
(0, 0, D:1)
  9 stones
(0, 4, D:1)
  23 sling bullets
(9, 14, D:1)
  a +0 robe
(17, -6, D:1)
  a scroll of remove curse
(20, 20, D:1)
  a +0 spear
(22, 29, D:1)
  a scroll of remove curse
(23, 30, D:1)
  a +1 whip of electrocution
(24, 31, D:1)
  a cursed +0 ring mail
(28, 3, D:1)
  30 stones
(29, 18, D:1)
  2 potions of brilliance
(30, 14, D:1)
  18 gold pieces
(30, 18, D:1)
  a potion of flight
(34, 8, D:1)
  8 tomahawks of dispersal
(36, 25, D:1)
  a scroll of fog

Level 2 of the Dungeon
(0, 0, D:2)
  a +0 mace
(11, 4, D:2)
  a +0 short sword
(20, -18, D:2)
  28 stones
(26, -22, D:2)
  a +0 dagger
  (unseen)
(29, -22, D:2)
  a scroll of identify

Level 5 of the Realm of Zot
(0, 0, Zot:5)
  a scroll of teleportation
(2, 19, Zot:5)
  a +0 long sword
  (unseen)
(3, 20, Zot:5)
  a +0 trident
(4, -2, Zot:5)
  a +0 quarterstaff
(5, 10, Zot:5)
  quicksilver dragon scales
  a quicksilver dragon corpse
(5, 13, Zot:5)
  35 gold pieces
(5, 18, Zot:5)
  a +0 long sword
(5, 25, Zot:5)
  a ration
(7, 19, Zot:5)
  a +0 long sword
  a +2 cloak
  a green draconian corpse
(7, 21, Zot:5)
  a +0 battleaxe
  (unseen)
(16, 4, Zot:5)
  30 gold pieces
(29, 34, Zot:5)
  24 gold pieces
(30, 29, Zot:5)
  13 gold pieces
(32, 23, Zot:5)
  a +0 ring mail
(33, 29, Zot:5)
  a +0 long sword
  (unseen)
(33, 33, Zot:5)
  a moth of wrath corpse
(34, 30, Zot:5)
  a +0 war axe
  (unseen)
(35, 29, Zot:5)
  a +0 long sword
(36, 28, Zot:5)
  a +0 hand axe
(36, 29, Zot:5)
  a +0 long sword
  (unseen)
(37, 19, Zot:5)
  a scroll of fear
(44, 2, Zot:5)
  20 bolts
(45, 11, Zot:5)
  a scroll of remove curse

