Koqunigho

the Dungeon
[Shop] Cuolotups's Weapon Emporium
  a +0 short sword (30 gold)
  a +0 dagger (20 gold)
  a +0 hand axe (30 gold)
  a +0 hand axe (30 gold)
  a +0 dagger (20 gold)
  a cursed -3 club (1 gold)
  a +0 club (10 gold)
[Shop] Kemp's Distillery
  a potion of curing (33 gold)
  a potion of haste (110 gold)
  a potion of curing (33 gold)
  a potion of curing (33 gold)
  a potion of curing (33 gold)
  a potion of mutation (88 gold)
  a potion of magic (88 gold)
  2 potions of flight (66 gold)
[Shop] Ypruxicerua's Armour Emporium
  a +0 leather armour (22 gold)
  a +0 chain mail (49 gold)
  a +0 leather armour (22 gold)
  a +0 chain mail (49 gold)
  a +0 ring mail (44 gold)
  a +0 robe (7 gold)
[Shop] Duacek's Distillery
  a potion of heal wounds (70 gold)
  a potion of resistance (140 gold)
  a potion of degeneration (14 gold)
  a potion of curing (42 gold)
  2 potions of heal wounds (140 gold)
  a potion of mutation (112 gold)
  a potion of agility (56 gold)
  a potion of mutation (112 gold)
  a potion of haste (140 gold)
  a potion of resistance (140 gold)
  a potion of curing (42 gold)
  2 potions of heal wounds (140 gold)
  a potion of invisibility (112 gold)
[Shop] Apuvue's Assorted Antiques
  a +0 robe (16 gold)
  a scroll of amnesia (80 gold)
  a scroll of enchant armour (172 gold)
  a +1 pair of gloves (264 gold)
  a potion of curing (69 gold)
  a scroll of identify (46 gold)
  a scroll of identify (46 gold)
  a scroll of enchant armour (172 gold)
  a +1 hunting sling of flaming (223 gold)
[Shop] Tyishoq's Food Boutique
  a ration (50 gold)
  a ration (50 gold)
  a ration (50 gold)
  a ration (50 gold)
  a ration (50 gold)
  a ration (50 gold)
  a ration (50 gold)
  a ration (50 gold)
  a ration (50 gold)
  a ration (50 gold)
  a ration (50 gold)
  a ration (50 gold)
[Shop] Jocsaqits's Distillery
  a potion of agility (52 gold)
  2 potions of degeneration (26 gold)
  a potion of lignification (39 gold)
  a potion of heal wounds (65 gold)
  a potion of agility (52 gold)
  a potion of curing (39 gold)
  a potion of ambrosia (104 gold)
  a potion of curing (39 gold)
  a potion of degeneration (13 gold)
  a potion of curing (39 gold)
  a potion of mutation (104 gold)
(0, 0, D)
  27 gold pieces
(1, 0, D)
  27 gold pieces
(3, -7, D)
  a cursed +0 leather armour
(10, -8, D)
  a +0 robe
(10, -1, D)
  a +0 giant spiked club
(10, 9, D)
  25 stones
(10, 10, D)
  a +3 plate armour of fire resistance
(11, 9, D)
  a +2 hat
(11, 10, D)
  199 gold pieces
(12, 7, D)
  a +0 dagger
(12, 9, D)
  a box of beasts
(12, 10, D)
  382 gold pieces
(13, 9, D)
  a scroll of remove curse
(15, -4, D)
  a +0 longbow
(18, -8, D)
  27 gold pieces
(18, -7, D)
  27 gold pieces
(19, -8, D)
  27 gold pieces
(19, -7, D)
  27 gold pieces
(19, -5, D)
  a +0 long sword
(24, 0, D)
  27 gold pieces
(24, 1, D)
  27 gold pieces
(24, 5, D)
  27 gold pieces
(24, 10, D)
  a +0 robe
(24, 11, D)
  a ration
(24, 12, D)
  a +0 ring mail
(24, 13, D)
  27 gold pieces
(25, -8, D)
  a +0 hand axe
(25, 10, D)
  22 stones
(25, 11, D)
  a +0 chain mail
(25, 13, D)
  27 gold pieces
(26, -8, D)
  a +0 quarterstaff
(26, 6, D)
  a +0 short sword
(26, 8, D)
  9 gold pieces
(26, 9, D)
  an uncursed amulet of guardian spirit
(26, 10, D)
  a scroll of magic mapping
(26, 13, D)
  27 gold pieces
(26, 17, D)
  the Orb of Zot
(27, 4, D)
  8 gold pieces
(27, 6, D)
  15 gold pieces
(27, 8, D)
  a ration
(27, 13, D)
  27 gold pieces
(28, -7, D)
  27 gold pieces
(28, -6, D)
  27 gold pieces
(28, -5, D)
  27 gold pieces
(28, 8, D)
  a scroll of amnesia
(28, 13, D)
  27 gold pieces
(29, -8, D)
  27 gold pieces
(29, 3, D)
  27 gold pieces
(29, 4, D)
  27 gold pieces
(29, 5, D)
  27 gold pieces
(29, 6, D)
  27 gold pieces
(30, -8, D)
  27 gold pieces
(30, -6, D)
  8 arrows
(30, 3, D)
  27 gold pieces
(30, 4, D)
  27 gold pieces
(30, 5, D)
  27 gold pieces
(30, 6, D)
  27 gold pieces
(30, 7, D)
  27 gold pieces
(31, 4, D)
  27 gold pieces
(31, 5, D)
  27 gold pieces
(31, 6, D)
  27 gold pieces
(31, 7, D)
  27 gold pieces
(32, -5, D)
  27 gold pieces
(32, -4, D)
  27 gold pieces
(32, -3, D)
  27 gold pieces
(32, -2, D)
  27 gold pieces
(32, 2, D)
  27 gold pieces
(32, 3, D)
  a scroll of amnesia
(32, 4, D)
  27 gold pieces
(32, 5, D)
  27 gold pieces
(32, 6, D)
  27 gold pieces
(32, 7, D)
  27 gold pieces
(33, -2, D)
  27 gold pieces
(33, 2, D)
  27 gold pieces
(33, 3, D)
  27 gold pieces
(33, 4, D)
  27 gold pieces
(33, 5, D)
  27 gold pieces
(33, 6, D)
  27 gold pieces
(34, -2, D)
  27 gold pieces
(34, 4, D)
  27 gold pieces
(34, 5, D)
  27 gold pieces
(34, 6, D)
  27 gold pieces
(35, 3, D)
  27 gold pieces
(35, 4, D)
  27 gold pieces
(35, 5, D)
  27 gold pieces
(36, 4, D)
  27 gold pieces
(36, 5, D)
  27 gold pieces
(37, 4, D)
  27 gold pieces
(37, 5, D)
  27 gold pieces
(38, -5, D)
  a lamp of fire
(39, -5, D)
  a potion of flight
(39, -4, D)
  27 gold pieces
(40, -7, D)
  27 gold pieces
(40, -5, D)
  9 gold pieces
(40, -4, D)
  27 gold pieces
(41, -8, D)
  27 gold pieces
(41, -4, D)
  27 gold pieces
(41, -3, D)
  27 gold pieces
(41, -2, D)
  27 gold pieces
(41, -1, D)
  27 gold pieces
(41, 0, D)
  27 gold pieces
(41, 11, D)
  27 gold pieces
(41, 12, D)
  27 gold pieces
(41, 13, D)
  27 gold pieces
(41, 14, D)
  27 gold pieces
(41, 16, D)
  a phantom mirror
(41, 17, D)
  the ring "Zapao" {rCorr rN+ Str-2 Dex+4}
    [ring of resist corrosion]
    
    It affects your strength (-2).
    It affects your dexterity (+4).
    It protects you from negative energy.
(42, 11, D)
  27 gold pieces
(42, 12, D)
  27 gold pieces
(42, 13, D)
  27 gold pieces
(42, 14, D)
  27 gold pieces
(42, 16, D)
  a +5 ring of intelligence
(42, 17, D)
  a +6 hunting sling
(43, 12, D)
  27 gold pieces
(43, 13, D)
  27 gold pieces
(43, 14, D)
  27 gold pieces
(44, 13, D)
  27 gold pieces
(44, 14, D)
  27 gold pieces
(44, 16, D)
  a Young Poisoner's Handbook
(44, 17, D)
  a +1 buckler of reflection
(45, 16, D)
  a +2 robe of fire resistance
(45, 17, D)
  a +3 ring of evasion
(46, -8, D)
  27 gold pieces
(46, -7, D)
  27 gold pieces
(46, -6, D)
  27 gold pieces
(46, -5, D)
  27 gold pieces
(47, -8, D)
  27 gold pieces
(47, -7, D)
  27 gold pieces
(47, -6, D)
  27 gold pieces
(47, -5, D)
  27 gold pieces
(47, -4, D)
  27 gold pieces
(47, -2, D)
  an uncursed staff of summoning
(47, 6, D)
  27 gold pieces
(47, 16, D)
  27 gold pieces
(47, 17, D)
  27 gold pieces
(48, -8, D)
  27 gold pieces
(48, -7, D)
  27 gold pieces
(48, -6, D)
  a gold piece
(48, -5, D)
  27 gold pieces
(48, -4, D)
  27 gold pieces
(48, 6, D)
  27 gold pieces
(48, 7, D)
  27 gold pieces
(48, 16, D)
  27 gold pieces
(48, 17, D)
  27 gold pieces
(49, -8, D)
  27 gold pieces
(49, -7, D)
  27 gold pieces
(49, -6, D)
  27 gold pieces
(49, -5, D)
  27 gold pieces
(49, -4, D)
  27 gold pieces
(49, -2, D)
  12 gold pieces
(49, 6, D)
  27 gold pieces
(49, 7, D)
  27 gold pieces
(49, 8, D)
  11 gold pieces
(49, 17, D)
  27 gold pieces
(50, -6, D)
  27 gold pieces
(50, -5, D)
  27 gold pieces
(50, -4, D)
  27 gold pieces
(50, 6, D)
  27 gold pieces
(50, 7, D)
  27 gold pieces
(50, 8, D)
  a scroll of amnesia
(50, 17, D)
  27 gold pieces
(51, -8, D)
  a crystal ball of energy
(51, 4, D)
  a book of Summonings
(51, 6, D)
  27 gold pieces
(51, 7, D)
  27 gold pieces
(51, 8, D)
  a +0 whip
(51, 17, D)
  27 gold pieces
(52, -8, D)
  an uncursed staff of conjuration
(52, -7, D)
  a phial of floods
(52, -5, D)
  27 gold pieces
(52, -4, D)
  15 gold pieces
(52, -3, D)
  27 gold pieces
(52, 3, D)
  a +10 plate armour of ponderousness
(52, 6, D)
  27 gold pieces
(52, 7, D)
  27 gold pieces
(52, 8, D)
  a wand of digging (4)
(52, 17, D)
  27 gold pieces
(53, -8, D)
  a +1 longbow of freezing
(53, -7, D)
  a lamp of fire
(53, -5, D)
  27 gold pieces
(53, -3, D)
  27 gold pieces
(53, 6, D)
  27 gold pieces
(53, 7, D)
  27 gold pieces
(53, 8, D)
  a +0 mace
(53, 17, D)
  27 gold pieces
(54, -8, D)
  27 gold pieces
(54, -7, D)
  27 gold pieces
(54, -5, D)
  27 gold pieces
(54, -4, D)
  25 stones
(54, -3, D)
  27 gold pieces
(54, 6, D)
  27 gold pieces
(54, 7, D)
  27 gold pieces
(54, 8, D)
  14 arrows
(54, 17, D)
  27 gold pieces
(55, -8, D)
  27 gold pieces
(55, -7, D)
  27 gold pieces
(55, 6, D)
  27 gold pieces
(55, 7, D)
  27 gold pieces
(56, -8, D)
  27 gold pieces
(56, -7, D)
  27 gold pieces
(56, -6, D)
  27 gold pieces
(56, -5, D)
  27 gold pieces
(56, -4, D)
  27 gold pieces
(56, -3, D)
  27 gold pieces
(56, -2, D)
  27 gold pieces
(56, 6, D)
  27 gold pieces
(57, -8, D)
  27 gold pieces
(57, -7, D)
  27 gold pieces
(57, -6, D)
  27 gold pieces
(57, -5, D)
  27 gold pieces
(57, -4, D)
  27 gold pieces
(57, -3, D)
  27 gold pieces
(57, -2, D)
  27 gold pieces
(57, -1, D)
  27 gold pieces
(57, 8, D)
  27 gold pieces
(58, -8, D)
  27 gold pieces
(58, -7, D)
  27 gold pieces
(58, -6, D)
  27 gold pieces
(58, -5, D)
  27 gold pieces
(58, -4, D)
  27 gold pieces
(58, -3, D)
  27 gold pieces
(58, -2, D)
  27 gold pieces
(58, -1, D)
  27 gold pieces
(58, 0, D)
  27 gold pieces
(58, 1, D)
  27 gold pieces
(58, 6, D)
  27 gold pieces
(58, 7, D)
  27 gold pieces
(58, 8, D)
  27 gold pieces
(58, 9, D)
  27 gold pieces
(59, -8, D)
  27 gold pieces
(59, -7, D)
  27 gold pieces
(59, -6, D)
  27 gold pieces
(59, -5, D)
  27 gold pieces
(59, -4, D)
  27 gold pieces
(59, -3, D)
  27 gold pieces
(59, -2, D)
  27 gold pieces
(59, -1, D)
  27 gold pieces
(59, 0, D)
  27 gold pieces
(59, 1, D)
  27 gold pieces
(59, 2, D)
  27 gold pieces
(59, 3, D)
  a scroll of immolation
(59, 4, D)
  27 gold pieces
(59, 5, D)
  27 gold pieces
(59, 6, D)
  27 gold pieces
(59, 7, D)
  27 gold pieces
(59, 8, D)
  27 gold pieces
(59, 9, D)
  27 gold pieces
(59, 10, D)
  27 gold pieces
(59, 11, D)
  27 gold pieces

