Leck

Level 1 of the Dungeon
(0, 0, D:1)
  15 bolts
(4, 6, D:1)
  a +0 short sword
(21, 20, D:1)
  a +0 club
(23, 27, D:1)
  18 bolts
(25, 14, D:1)
  a +0 mace
(27, 6, D:1)
  a +0 dagger
(29, 34, D:1)
  a +0 club
(33, 19, D:1)
  a +0 dagger
(44, -8, D:1)
  a +0 mace
(46, -10, D:1)
  a +0 whip

Level 2 of the Dungeon
(0, 0, D:2)
  a +0 club
(5, -31, D:2)
  a +0 scale mail
(9, -14, D:2)
  a +0 club
(11, -28, D:2)
  a +0 dagger
(12, -4, D:2)
  a +0 dagger
(13, -14, D:2)
  a +0 dagger
(16, -26, D:2)
  a +0 dagger
(16, -4, D:2)
  a +0 short sword
(18, -4, D:2)
  a +0 dagger
(29, 9, D:2)
  a +0 scale mail
(33, -8, D:2)
  a +0 hand axe
(34, -13, D:2)
  a +0 club
(35, -26, D:2)
  a +0 mace
(36, -34, D:2)
  a +0 leather armour
  a +0 hand axe
(36, -14, D:2)
  a +0 club
(40, -34, D:2)
  a +0 hunting sling

Level 3 of the Dungeon
(0, 0, D:3)
  an adder skeleton
(9, -29, D:3)
  a +0 war axe
(13, -25, D:3)
  a ball python skeleton
(13, -24, D:3)
  a +0 club
  a +0 leather armour
(14, 0, D:3)
  a +0 dagger
  a +0 leather armour
(14, 1, D:3)
  a +0 chain mail
(26, -22, D:3)
  a rat skeleton
(26, -3, D:3)
  a +0 mace
  a +0 chain mail
(26, -2, D:3)
  a +0 dagger
(27, -22, D:3)
  a +0 dagger
  a +0 leather armour
(27, -15, D:3)
  a cursed +0 mace
(29, -26, D:3)
  a +0 club
  a +0 dagger
(33, 12, D:3)
  a +0 club

