Diocepoe

Level 1 of the Dungeon
(0, 0, D:1)
  a scroll of identify
(2, -2, D:1)
  a potion of lignification
(2, 1, D:1)
  the +3 hat of Pondering {ponderous, MR+ MP+10 Int+5}
    It affects your intelligence (+5).
    It affects your resistance to hostile enchantments.
    It affects your magic capacity (+10).
  +0 pearl dragon scales
  a +2 cloak of invisibility
  a +0 shield
  a +0 cloak of invisibility
  a +2 crystal plate armour
  a +2 pair of boots of stealth
  the +2 hat "Qoshrik" {MR+}
    It affects your resistance to hostile enchantments.
  a +2 hat of magic resistance
  the +4 crystal plate armour of Amorality {Str-2 SInv Stlth+}
    It affects your strength (-2).
    It lets you see invisible.
    It makes you more stealthy.
  a +2 robe of resistance
  a scarf of spirit shield
  a +2 chain mail of fire resistance
  the +1 hat of the Dice {Int+2 Dex+4}
    It affects your intelligence (+2).
    It affects your dexterity (+4).
  the +0 pair of gloves of the Big Bang {+Inv MR- Str-2 Dex+8}
    It affects your strength (-2).
    It affects your dexterity (+8).
    It affects your resistance to hostile enchantments.
    It lets you turn invisible.
  the +3 warlock's mirror {reflect}
  the +1 pair of boots of Parisate {Str-4 Int+4}
    It affects your strength (-4).
    It affects your intelligence (+4).
  a +2 pair of gloves of archery
  the +1 pair of boots "Bomonoul" {rElec rPois Str+4 Int-2}
    It affects your strength (+4).
    It affects your intelligence (-2).
    It insulates you from electricity.
    It protects you from poison.
  a +0 shield of protection
  the +4 crystal plate armour of the Equinox {MR- Str+5}
    It affects your strength (+5).
    It affects your resistance to hostile enchantments.
  the +1 pair of gloves of Atheism {rElec rC+}
    It protects you from cold.
    It insulates you from electricity.
  the +3 hat "Yptalil" {+Inv rCorr Dex-2 Slay+2}
    It affects your dexterity (-2).
    It affects your accuracy and damage with ranged weapons and melee attacks
    (+2).
    It lets you turn invisible.
    It provides partial protection from all sources of acid and corrosion.
  a +0 hat of magic resistance
  the +3 pair of gloves of Cumep {Int+5}
    It affects your intelligence (+5).
  the +0 mask of the Dragon {MR+ Slay+3 SInv}
    It affects your accuracy and damage with ranged weapons and melee attacks
    (+3).
    It affects your resistance to hostile enchantments.
    It lets you see invisible.
  a +1 hat of magic resistance
  a +2 shield of poison resistance
  a +1 buckler of reflection
  a +2 pair of gloves of dexterity
  a +1 pair of boots of stealth
  the +1 buckler of Vehumet's Anger {*Corrode *Slow Regen+ Int+5}
    It affects your intelligence (+5).
    It increases your rate of regeneration.
    It may corrode you when you take damage.
    It may slow you when you take damage.
  the +0 hat "Wousmioc" {rF+ Str+6 Dex-3 Stlth+}
    It affects your strength (+6).
    It affects your dexterity (-3).
    It protects you from fire.
    It makes you more stealthy.
  a +0 pair of gloves of dexterity
  a +1 cloak of poison resistance
  a +4 plate armour of fire resistance
  the +0 cloak of Sesae {Int+2 Stlth+}
    It affects your intelligence (+2).
    It makes you more stealthy.
  the +7 scale mail of Rafa {rElec Regen+}
    It insulates you from electricity.
    It increases your rate of regeneration.
  a +0 pair of boots of stealth
  the +2 hat of Viewoty {Str+3 SInv}
    It affects your strength (+3).
    It lets you see invisible.
  the +2 cloak "Ugit" {rF- Str+4}
    It affects your strength (+4).
    It makes you vulnerable to fire.
  the +1 shield of Ytaor {Dex+4}
    It affects your dexterity (+4).
  a +0 hat of magic resistance
  a +1 pair of gloves of strength
  the +1 buckler "Ecleys" {rElec Int+3 Dex+7 Slay+3}
    It affects your intelligence (+3).
    It affects your dexterity (+7).
    It affects your accuracy and damage with ranged weapons and melee attacks
    (+3).
    It insulates you from electricity.
  the +2 pair of boots of Boredom {MR+ MP+9}
    It affects your resistance to hostile enchantments.
    It affects your magic capacity (+9).
  a +1 pair of gloves of dexterity
  a +1 hat
  the +8 shield "Nururimi" {Str+2}
    It affects your strength (+2).
  a +2 pair of boots of running
  a scarf of resistance
  a +0 crystal plate armour
  a +0 pair of gloves
  a +0 scale mail
  a +0 war axe
(2, 2, D:1)
  the ring "Giliphyrch" {rC+ EV+1 Dex+3}
    [ring of evasion]
    
    It affects your evasion (+1).
    It affects your dexterity (+3).
    It protects you from cold.
  an uncursed ring of protection from fire
  the ring "Lief" {rPois rF+ MR+ Str+3 Stlth+}
    [ring of protection from magic]
    
    It affects your strength (+3).
    It protects you from fire.
    It protects you from poison.
    It affects your resistance to hostile enchantments.
    It makes you more stealthy.
  the ring of Trepidation {rElec rPois Str+2 SInv}
    [ring of see invisible]
    
    It affects your strength (+2).
    It insulates you from electricity.
    It protects you from poison.
    It lets you see invisible.
  an uncursed ring of see invisible
  the ring of Senn {Ice rPois Dex-2 Stlth+}
    [ring of ice]
    
    It enhances your ice magic.
    It affects your dexterity (-2).
    It makes you vulnerable to fire.
    It protects you from cold.
    It protects you from poison.
    It makes you more stealthy.
  an uncursed ring of wizardry
  the ring of Jiepuanu {Str+6 Dex+2}
    [ring of dexterity]
    
    It affects your strength (+6).
    It affects your dexterity (+2).
  the ring of Shadows {Umbra +Inv Stlth+}
    [ring of stealth]
    
    It lets you turn invisible.
    It makes you more stealthy.
  an uncursed amulet of guardian spirit
  the ring "Jorib" {rPois MP+9 Int+2}
    [ring of intelligence]
    
    It affects your intelligence (+2).
    It protects you from poison.
    It affects your magic capacity (+9).
  the amulet "Cocroet" {RegenMP rElec rPois Int-3 Dex+4}
    [amulet of magic regeneration]
    
    It increases your magic regeneration.
    It affects your intelligence (-3).
    It affects your dexterity (+4).
    It insulates you from electricity.
    It protects you from poison.
  the amulet "Waicoxt" {RegenMP Str+4 Dex-2 Stlth+}
    [amulet of magic regeneration]
    
    It increases your magic regeneration.
    It affects your strength (+4).
    It affects your dexterity (-2).
    It makes you more stealthy.
  an uncursed ring of protection from magic
  a +3 ring of strength
  an uncursed ring of protection from fire
  a +5 ring of strength
  an uncursed ring of resist corrosion
  the ring "Heha" {Str+3 Int+4 Slay+2}
    [ring of strength]
    
    It affects your strength (+3).
    It affects your intelligence (+4).
    It affects your accuracy and damage with ranged weapons and melee attacks
    (+2).
  the amulet of Kusuot {+Rage rF+ rN+}
    [amulet of rage]
    
    It protects you from fire.
    It protects you from negative energy.
    It lets you go berserk.
  an uncursed ring of protection from magic
  the ring "Dytadd" {SInv Stlth+}
    [ring of see invisible]
    
    It lets you see invisible.
    It makes you more stealthy.
  the ring of Laaly {rElec rPois Str+4 Slay+3 Stlth+}
    [ring of stealth]
    
    It affects your strength (+4).
    It affects your accuracy and damage with ranged weapons and melee attacks
    (+3).
    It insulates you from electricity.
    It protects you from poison.
    It makes you more stealthy.
(2, 4, D:1)
  a scroll of identify

the Ecumenical Temple

the Vestibule of Hell

Level 1 of Gehenna
(2, -8, Geh:1)
  a +0 dire flail
  (unseen)
(2, -7, Geh:1)
  a +0 trident
(3, -8, Geh:1)
  a cursed +2 battleaxe
  (unseen)
(3, -7, Geh:1)
  a +3 demon trident of draining
(3, -6, Geh:1)
  a +0 trident (still there?)
  a +1 scythe of freezing (still there?)
  a +0 falchion (still there?)
(4, -8, Geh:1)
  a cursed +0 great sword
  a +0 robe
  a cursed +3 great sword
  a +0 robe
  a +0 demon trident
(4, -7, Geh:1)
  a cursed +1 hand axe
  a +0 robe
  a cursed +0 falchion
  a cursed -1 robe
(4, -6, Geh:1)
  a +3 mace of freezing
  a +0 robe
  a +0 war axe
  a +0 robe
  a +0 battleaxe
  a +0 robe
  a cursed +3 great sword of freezing
  a +1 robe of positive energy
  a cursed -1 hand axe
  a +0 robe
  a +0 demon trident
(4, -5, Geh:1)
  a +6 halberd
  a +0 robe
  a +0 battleaxe
  a cursed +0 robe
(4, -4, Geh:1)
  a +2 battleaxe
  a +0 robe
(5, -9, Geh:1)
  a +1 demon trident of venom
(5, -8, Geh:1)
  a +0 war axe
  (unseen)
(5, -7, Geh:1)
  a +0 morningstar
  (unseen)
(5, -5, Geh:1)
  a +2 spear (still there?)
  a +4 trident (still there?)
  a +0 robe (still there?)
  a +0 demon whip (still there?)
  a +3 spear (still there?)
  a +0 robe (still there?)
(5, -4, Geh:1)
  a +0 trident
  (unseen)
(5, -2, Geh:1)
  a +0 trident
(5, -1, Geh:1)
  a +2 vampiric demon whip
(5, 2, Geh:1)
  a +3 demon trident (still there?)
  a +0 trident (still there?)
(6, -9, Geh:1)
  a +0 scimitar
  a +0 robe
  a +1 short sword
  a +0 robe
(6, -5, Geh:1)
  a +0 trident
(6, -4, Geh:1)
  a +0 trident

Pandemonium
(0, 0, Pan)
  a +0 leather armour
(6, 7, Pan)
  a +0 club
(8, 2, Pan)
  36 gold pieces

