Ygiqaco

Level 1 of the Dungeon
(0, 0, D:1)
  a potion of lignification
(1, 18, D:1)
  20 arrows
(2, 14, D:1)
  a +0 hunting sling
(5, -1, D:1)
  a +0 spear
(5, 1, D:1)
  a ration
(7, 13, D:1)
  4 curare-tipped needles
(13, -13, D:1)
  a scroll of remove curse
(21, -22, D:1)
  25 arrows
(21, -7, D:1)
  6 gold pieces
(25, 19, D:1)
  a potion of degeneration
(31, 21, D:1)
  17 stones
(31, 26, D:1)
  13 arrows
(34, -4, D:1)
  20 stones
(45, -9, D:1)
  a +0 short sword
(45, 15, D:1)
  6 gold pieces
(59, 14, D:1)
  30 stones

