Fac Keno

Level 1 of the Dungeon
(0, 0, D:1)
  2 potions of flight
(3, 19, D:1)
  a scroll of identify
(8, 6, D:1)
  a +0 robe
(11, 29, D:1)
  a scroll of remove curse
(13, 20, D:1)
  a scroll of identify
(13, 31, D:1)
  a +0 club
(20, 13, D:1)
  14 gold pieces
(23, 47, D:1)
  a +0 club
(24, 47, D:1)
  a scroll of fog
(24, 48, D:1)
  a scroll of teleportation
(27, 23, D:1)
  7 gold pieces
(27, 41, D:1)
  7 gold pieces
(31, 2, D:1)
  17 arrows
(32, 46, D:1)
  a scroll of identify
(33, 7, D:1)
  11 gold pieces
(36, 19, D:1)
  a ration
(38, 13, D:1)
  a +0 pair of gloves
(40, 9, D:1)
  a +0 ring mail
(42, 20, D:1)
  a ration

