Hockias

Level 1 of the Dungeon
(0, 0, D:1)
  a +0 club
(1, -14, D:1)
  a +0 club
(5, -6, D:1)
  a +0 short sword
(6, -19, D:1)
  a +0 dagger
(14, -15, D:1)
  a +0 dagger
(15, 11, D:1)
  a +0 robe
(47, -2, D:1)
  a +0 whip
(52, -3, D:1)
  a +0 dagger

Level 2 of the Dungeon
(3, 1, D:2)
  a +0 dagger
(8, -12, D:2)
  a +0 dagger
(11, -23, D:2)
  a +0 robe
(13, -21, D:2)
  a +0 club
(13, -20, D:2)
  a +0 dagger
(14, -21, D:2)
  a +0 club
(14, -16, D:2)
  a +0 club
(16, -17, D:2)
  a +0 flail
(27, -10, D:2)
  a +0 club
(27, -7, D:2)
  a +0 dagger

Level 3 of the Dungeon
(0, 0, D:3)
  a +0 robe
(4, 5, D:3)
  a +0 war axe
(5, 10, D:3)
  a +0 hand axe
  a +0 whip
(6, 4, D:3)
  a cursed -1 leather armour
  a +0 hand axe
  a +0 flail
(7, 4, D:3)
  a +0 club
  a +0 leather armour
(14, 10, D:3)
  a +0 morningstar
  a +0 leather armour
(14, 14, D:3)
  a +0 club
(36, 26, D:3)
  a cursed +0 quarterstaff
(38, 10, D:3)
  a +0 mace
(44, 1, D:3)
  a +0 club
(44, 37, D:3)
  an uncursed ring of teleportation
(46, 37, D:3)
  a +0 leather armour
(57, 25, D:3)
  a +0 dagger
  a +0 club
  a +0 leather armour
  a +0 hand axe
  a +0 chain mail
  a +0 chain mail
(58, 25, D:3)
  a +2 mace of holy wrath
  a +0 leather armour
  a cursed -2 trident

Level 4 of the Dungeon
(0, 0, D:4)
  a +0 dagger
  a +0 leather armour
  a +0 spear
(4, -5, D:4)
  a +0 ring mail
(5, -6, D:4)
  a +0 club
(5, 15, D:4)
  a +0 hand axe
(11, 18, D:4)
  a +0 club
(13, 36, D:4)
  a +0 animal skin
(14, -5, D:4)
  a +0 spear
(15, -7, D:4)
  a +0 chain mail
(16, 36, D:4)
  a +0 robe
(19, 36, D:4)
  a +0 animal skin
(20, -3, D:4)
  a +0 spear
(31, 44, D:4)
  a +0 ring mail
  a +0 hand axe
(32, 43, D:4)
  a +0 leather armour
(33, 43, D:4)
  a +0 ring mail
  a +0 short sword
(35, 1, D:4)
  4 large rocks
(36, 41, D:4)
  a +0 robe
  a +0 dagger
(46, 1, D:4)
  a +0 whip
(52, 27, D:4)
  4 large rocks
(70, -6, D:4)
  a +0 dagger
(72, -4, D:4)
  a +0 leather armour
(75, -7, D:4)
  a +0 mace

Level 5 of the Dungeon
(0, 0, D:5)
  a +0 robe
(4, 27, D:5)
  a +0 scale mail
(7, 26, D:5)
  a +0 dagger
(39, 19, D:5)
  a +0 scythe

Level 6 of the Dungeon
(0, 0, D:6)
  a +0 scale mail
(2, -14, D:6)
  a +0 robe
(2, 32, D:6)
  a +0 leather armour
(5, -14, D:6)
  a +0 ring mail
(9, 11, D:6)
  a +0 dagger
(21, 19, D:6)
  a +0 dagger
(22, 19, D:6)
  a +0 whip
  a +0 whip
(23, 19, D:6)
  a +0 dagger
  a +0 leather armour
  a +0 falchion
(37, -9, D:6)
  a +0 chain mail
(37, 3, D:6)
  a +0 dagger
  a +0 robe
(40, -1, D:6)
  a cursed +0 robe
  a +0 flail
  a cursed +0 flail
  a +0 robe
(40, 0, D:6)
  a +0 robe
(40, 1, D:6)
  a +0 robe
(45, -9, D:6)
  an uncursed ring of positive energy
  a +0 giant club

Level 7 of the Dungeon
[Shop] Kuofys's Armour Emporium
  a +0 ring mail (64 gold)
  a +0 robe (11 gold)
  a +2 robe of fire resistance (283 gold)
  a +0 ring mail (64 gold)
  a +0 scale mail (64 gold)
  a +0 plate armour (368 gold)
  a +0 ring mail (64 gold)
  a +0 robe (11 gold)
  a +0 robe (11 gold)
  a +1 leather armour of fire resistance (224 gold)
  a +0 cloak of poison resistance (136 gold)
(0, 0, D:7)
  a +0 leather armour
  a +0 club
  a +0 leather armour
  a +0 hand axe
(0, 5, D:7)
  a +0 ring mail
  a +0 hand axe
(0, 7, D:7)
  a +0 leather armour
  a cursed -3 falchion
(1, 6, D:7)
  a +0 giant club
(13, 6, D:7)
  an uncursed amulet of guardian spirit
(16, 19, D:7)
  a +0 shortbow
(24, 28, D:7)
  a +0 dagger
  a cursed amulet of inaccuracy
  a +2 dagger of flaming
  a +0 chain mail
(25, 13, D:7)
  a +0 robe
(25, 18, D:7)
  a +0 chain mail
(27, -1, D:7)
  a +0 shortbow
(30, 9, D:7)
  a +0 club
(30, 18, D:7)
  a +0 dagger
(30, 29, D:7)
  a +1 ring mail of poison resistance
(30, 30, D:7)
  a +0 spear
(31, 15, D:7)
  a +0 ring mail
  a +0 club
  a +0 club
(31, 17, D:7)
  a +0 whip
(32, 30, D:7)
  a +0 mace
  a +0 club
(35, -3, D:7)
  a +0 scale mail
(35, 16, D:7)
  a +0 dagger
(35, 31, D:7)
  a +0 dagger
  a +0 dagger
  a cursed -2 dagger
  a cursed -2 dagger
(36, 28, D:7)
  a +0 club
(37, 23, D:7)
  a +0 rapier
(38, 19, D:7)
  a +0 club
  a +0 club
(44, 17, D:7)
  a +0 scale mail
(44, 21, D:7)
  a +0 whip

Level 8 of the Dungeon
(3, 13, D:8)
  a +0 robe
  a cursed +0 hand axe
(5, 9, D:8)
  a +0 robe
(6, 10, D:8)
  a +0 robe
  a cursed +0 dagger
(7, 8, D:8)
  a +0 robe
(11, 21, D:8)
  a +0 halberd
  a +0 robe
(14, 0, D:8)
  a +0 robe
(14, 6, D:8)
  a +0 hand axe
(14, 31, D:8)
  a +0 shortbow
(15, 21, D:8)
  a +0 robe
(18, 5, D:8)
  a +0 dagger
(23, 12, D:8)
  a +0 robe
(24, 21, D:8)
  a +0 robe
  a cursed +0 trident
(26, 22, D:8)
  a +0 robe
  a +0 battleaxe
(27, 23, D:8)
  a +0 robe
(31, 26, D:8)
  a +0 chain mail
  a +0 short sword
(42, 32, D:8)
  a +0 chain mail

Level 9 of the Dungeon
[Shop] Weufuoje's Armour Shop
  a +0 robe (10 gold)
  a +0 scale mail of poison resistance (120 gold)
  a cursed +0 pair of gloves (22 gold)
  a +0 chain mail (67 gold)
  a +0 pair of boots (67 gold)
  a +0 robe (10 gold)
  a +0 ring mail (60 gold)
  a +0 chain mail (67 gold)
  a +0 leather armour (30 gold)
  a +0 chain mail (67 gold)
  a +3 chain mail (322 gold)
(0, 0, D:9)
  a +0 ring mail
(3, 42, D:9)
  a +0 flail
(11, -1, D:9)
  a +0 dagger
  a +0 leather armour
(13, 41, D:9)
  a +0 club
(15, 59, D:9)
  a +0 club
(17, 58, D:9)
  a +0 giant club
(27, 12, D:9)
  a +0 hand axe
(29, 13, D:9)
  a +0 scale mail
  a +0 falchion
(30, 13, D:9)
  a +0 robe
  a cursed -2 dagger
(30, 14, D:9)
  a +0 leather armour
  a +0 club
(39, 32, D:9)
  a +0 robe
  a +0 dagger
(40, 53, D:9)
  a +0 chain mail
(42, 32, D:9)
  a +0 leather armour
  a +0 flail
(46, 16, D:9)
  a +0 chain mail
  a +0 flail
(46, 19, D:9)
  a +0 blowgun
(47, 17, D:9)
  a +0 dagger
(47, 18, D:9)
  a +0 short sword
(56, 33, D:9)
  a +0 war axe

Level 10 of the Dungeon
[Shop] Sostayqu's Weapon Boutique
  a +0 club (17 gold)
  a +0 dagger (34 gold)
  a +0 long sword (59 gold)
  a +3 short sword of electrocution (416 gold)
  a +0 club (17 gold)
  a +0 short sword (51 gold)
  a +0 short sword (51 gold)
  a +0 mace (51 gold)
(0, 0, D:10)
  a +1 robe of cold resistance
(5, -4, D:10)
  a +0 robe
  (unseen)
(7, -14, D:10)
  a +0 robe
  a +0 dagger
(11, -48, D:10)
  a +0 club
(13, -45, D:10)
  a +0 plate armour
  a +0 short sword
(14, -16, D:10)
  the +3 leather armour of Molewoo {Int+2}
    It affects your intelligence (+2).
(14, -15, D:10)
  a +2 helmet
(15, -46, D:10)
  a +0 leather armour
  a +0 short sword
(15, -17, D:10)
  a +0 broad axe
(15, -16, D:10)
  87 bolts
  a +1 dagger of speed
  a +3 rapier
  the +8 short sword of the Wary People {pierce, Int+4}
    It inflicts extra damage upon your enemies.
    
    It affects your intelligence (+4).
  a +0 hand crossbow
  a +1 war axe of holy wrath
  a +4 scimitar
  a +3 dagger
  a +3 scimitar of flaming
  a +2 dagger of protection
  11 needles of sleeping {!f}
  a +2 short sword of venom
  7 poisoned javelins
(15, -15, D:10)
  a +1 falchion of freezing
  a -2 war axe
(16, -16, D:10)
  a cursed +3 halberd
  a +0 double sword of holy wrath
  a +2 battleaxe
  a +3 battleaxe
  216 arrows
  a +0 shortbow
  a +5 halberd
(17, -17, D:10)
  a potion of magic
  a potion of invisibility
  a potion of lignification
  a potion of cancellation
  a potion of degeneration
  a potion of resistance
(17, -16, D:10)
  a scroll of brand weapon
  a wand of digging (9)
  an uncursed staff of earth
  2 scrolls of amnesia
  2 scrolls of noise
  a scroll of fog
  a scroll of torment
  a scroll of immolation
  an uncursed staff of cold
(20, -15, D:10)
  a +0 dagger
(20, -2, D:10)
  a +0 dagger
  a +0 robe
(22, -45, D:10)
  a +0 chain mail
  a +0 dire flail
(26, -47, D:10)
  a +0 mace of draining
(28, -22, D:10)
  a +0 chain mail
  a +0 club
(31, -35, D:10)
  a +0 robe
  a +0 giant spiked club
(31, -14, D:10)
  a +0 cloak
(38, -4, D:10)
  a +0 chain mail
  a +0 dire flail
(39, -4, D:10)
  a +0 scale mail
  a +0 trident
(43, -48, D:10)
  a +0 leather armour
(56, -28, D:10)
  a +0 battleaxe
(57, -51, D:10)
  a +0 leather armour
(58, -14, D:10)
  a +0 centaur barding
(59, -28, D:10)
  an uncursed staff of summoning
(59, -1, D:10)
  a +0 blowgun
  a +1 short sword of venom

Level 11 of the Dungeon
(0, 0, D:11)
  9 sling bullets
(3, 26, D:11)
  a box of beasts
(4, 9, D:11)
  a ration
(5, -3, D:11)
  a +0 robe
(8, -1, D:11)
  a +0 short sword
(11, -4, D:11)
  a +0 scale mail
(13, -1, D:11)
  16 gold pieces
(13, 0, D:11)
  an arrow
(14, 0, D:11)
  an arrow
(17, 8, D:11)
  a lamp of fire
(18, 40, D:11)
  a +0 short sword
(18, 41, D:11)
  an uncursed ring of wizardry
(19, 43, D:11)
  a sling bullet (still there?)
  4 rations (still there?)
(20, 7, D:11)
  a +0 short sword
(20, 41, D:11)
  a potion of degeneration
(25, 9, D:11)
  an arrow
(28, 7, D:11)
  a +0 dagger
  a +0 leather armour
(28, 39, D:11)
  a +0 club
(32, 6, D:11)
  a +0 leather armour
  a +0 short sword
  a cursed +0 ring mail
  a +0 flail
(32, 40, D:11)
  a stone
(33, 41, D:11)
  a stone
(34, 41, D:11)
  a stone
(35, 43, D:11)
  a +0 dagger
  a +0 dagger
(37, 3, D:11)
  a +0 falchion
(38, 12, D:11)
  a ration
(38, 40, D:11)
  a +0 flail
(39, 3, D:11)
  a +0 ring mail
  a +0 robe
  a +0 flail
(40, 47, D:11)
  a stone
(40, 48, D:11)
  3 large rocks
(40, 49, D:11)
  a stone
(41, 4, D:11)
  a +0 quarterstaff
  a +0 leather armour
(41, 50, D:11)
  a sling bullet
(42, 3, D:11)
  a +0 dagger
(53, 45, D:11)
  an arrow
  a +0 leather armour
  a +0 flail
(55, 45, D:11)
  an arrow
(56, 46, D:11)
  an arrow
(57, 45, D:11)
  an arrow
(60, 42, D:11)
  a +0 dagger

the Ecumenical Temple

Level 1 of the Lair of Beasts
(0, 0, Lair:1)
  a +0 whip
(2, 19, Lair:1)
  a potion of berserk rage
(3, 19, Lair:1)
  a potion of mutation
(27, 21, Lair:1)
  a +0 leather armour
(44, 1, Lair:1)
  a +0 quarterstaff
(47, 21, Lair:1)
  a +0 ring mail
(52, 26, Lair:1)
  a +1 robe
(53, 12, Lair:1)
  a +0 hunting sling

Level 2 of the Lair of Beasts
(0, 0, Lair:2)
  a stone
(0, 4, Lair:2)
  a stone
(1, 2, Lair:2)
  3 large rocks
(2, 4, Lair:2)
  17 gold pieces
(3, 1, Lair:2)
  a potion of flight
(4, 3, Lair:2)
  a stone
(5, 3, Lair:2)
  3 large rocks
(11, 30, Lair:2)
  a +0 dagger
(13, -4, Lair:2)
  a +0 scale mail
(23, 6, Lair:2)
  a +0 scale mail
(52, -10, Lair:2)
  5 large rocks

Level 3 of the Lair of Beasts
(9, -43, Lair:3)
  an uncursed amulet of guardian spirit
(19, -44, Lair:3)
  a +0 scale mail
(32, -13, Lair:3)
  a +0 war axe
(52, 9, Lair:3)
  a scroll of random uselessness
(57, 11, Lair:3)
  a +0 spear

Level 4 of the Lair of Beasts
(0, 0, Lair:4)
  a +0 hand axe
(15, -44, Lair:4)
  a +0 great mace
(32, -55, Lair:4)
  a +0 robe
(32, -51, Lair:4)
  a +0 war axe
(32, -42, Lair:4)
  a +0 flail
(33, -8, Lair:4)
  a +0 robe
(34, -8, Lair:4)
  8 stones
(50, -11, Lair:4)
  a +0 hand crossbow

Level 5 of the Lair of Beasts
(0, 0, Lair:5)
  a +0 pair of boots
(9, 5, Lair:5)
  a +0 falchion
(17, 28, Lair:5)
  a sling bullet
(19, 27, Lair:5)
  a stone
(20, 26, Lair:5)
  a stone
(22, 36, Lair:5)
  a stone
(23, 33, Lair:5)
  2 potions of haste
(24, 36, Lair:5)
  a stone
(25, 36, Lair:5)
  a stone

