Poukhle

Level 1 of the Dungeon
(0, 0, D:1)
  a +0 mace
(2, 14, D:1)
  a cursed +0 robe
(17, -8, D:1)
  a +0 club
(25, 8, D:1)
  a +0 club
(40, -18, D:1)
  a +0 club
(54, -12, D:1)
  a cursed -2 dagger

Level 2 of the Dungeon
(0, 0, D:2)
  a +0 robe
(0, 14, D:2)
  a +0 robe
(6, 14, D:2)
  a +0 club
(7, 20, D:2)
  a +0 whip
(11, 26, D:2)
  a +0 short sword
(13, 16, D:2)
  a +0 dagger
(17, 19, D:2)
  a +0 ring mail
(41, 22, D:2)
  a +0 club

Level 3 of the Dungeon
(0, 0, D:3)
  a +0 robe
(6, -4, D:3)
  a +0 club
(23, -19, D:3)
  a +0 robe
(24, -2, D:3)
  a +0 dagger
(24, -1, D:3)
  a +0 dagger
(24, 27, D:3)
  a +0 club
(26, 5, D:3)
  a +0 animal skin
  a +0 dagger
(33, 14, D:3)
  a +0 robe
(37, -3, D:3)
  a +0 dagger
(39, 27, D:3)
  a +0 hand axe

Level 4 of the Dungeon
(0, 0, D:4)
  a +0 hat
  a +0 robe
(1, 25, D:4)
  a +0 robe
(2, 36, D:4)
  a +0 short sword
(8, 23, D:4)
  a +0 giant club
(16, 33, D:4)
  a +0 ring mail
(22, 13, D:4)
  a +0 club
(37, 25, D:4)
  a +0 giant spiked club
(41, 13, D:4)
  a +0 club
(58, 20, D:4)
  a +0 flail
(58, 22, D:4)
  a +0 club
(60, 23, D:4)
  a +0 halberd
(61, -3, D:4)
  a +0 leather armour

Level 5 of the Dungeon
(0, 0, D:5)
  a +0 leather armour
(6, -20, D:5)
  a +0 spear
(8, -17, D:5)
  a +0 dagger
(8, -2, D:5)
  a +0 mace
  a +0 leather armour
(12, -10, D:5)
  a +0 short sword
  a +0 ring mail
  a +0 whip
(12, -1, D:5)
  a +0 dagger
(19, -17, D:5)
  a +0 chain mail
  a +2 dire flail of protection
(23, -30, D:5)
  a potion of degeneration
(23, -25, D:5)
  a +0 hunting sling
(23, -7, D:5)
  a +0 robe
  a +0 dagger
(30, 1, D:5)
  a +0 robe
(36, -6, D:5)
  a +0 leather armour
  a +0 club
(36, -5, D:5)
  a cursed +0 leather armour
  a cursed -1 hand axe
(36, -4, D:5)
  a +0 club
  a +0 ring mail

Level 6 of the Dungeon
(0, 0, D:6)
  a +0 shield
(7, -8, D:6)
  a +0 chain mail
(8, -9, D:6)
  a +0 cloak
(15, 24, D:6)
  a +0 ring mail
(28, -5, D:6)
  a +0 club
(36, 25, D:6)
  a +0 leather armour
  a +0 short sword
(39, 20, D:6)
  a +0 robe
  a +0 dagger
(41, 22, D:6)
  a +0 robe
  a +0 dagger
(44, 20, D:6)
  a +0 leather armour
(45, 1, D:6)
  a +0 flail
(49, -2, D:6)
  a +0 short sword

Level 7 of the Dungeon
(0, 0, D:7)
  a +0 club
(10, 18, D:7)
  a +0 giant spiked club
(19, 0, D:7)
  a +0 chain mail
  a +0 dire flail
(21, 2, D:7)
  a +0 leather armour
(23, -14, D:7)
  a +0 falchion
(23, -1, D:7)
  a +0 whip
(25, 17, D:7)
  a +0 leather armour
  a +0 ring mail

Level 8 of the Dungeon
[Shop] Pyheugax's General Store
  a cursed -3 dire flail (1 gold)
  a scroll of remove curse (30 gold)
  a +0 leather armour (20 gold)
  a manual of Invocations (1104 gold)
  15 stones (15 gold)
  a +0 mace of crushing (65 gold)
  a scroll of amnesia (35 gold)
(0, 0, D:8)
  a book of Debilitation
(7, 37, D:8)
  a +0 shortbow
(8, 15, D:8)
  a +0 flail of draining
  a +0 shield
  41 bolts
  a +0 short sword
(8, 40, D:8)
  a +0 ring mail
(10, 12, D:8)
  a cursed -1 club
(11, 38, D:8)
  a +0 shortbow
(14, 38, D:8)
  a +0 giant club
(31, 4, D:8)
  a +0 robe
(35, 36, D:8)
  a +0 shortbow
(38, 44, D:8)
  a cursed +0 ring mail
(39, 0, D:8)
  a +0 chain mail

the Ecumenical Temple

