Jabufob

Level 1 of the Dungeon
(3, 13, D:1)
  a +0 dagger
(4, 13, D:1)
  a +0 dagger
(15, -19, D:1)
  a +0 club
(18, -4, D:1)
  a +0 dagger
(22, 22, D:1)
  a cursed -3 club
(23, -6, D:1)
  a +0 dagger

Level 2 of the Dungeon
(0, 0, D:2)
  a +0 spear
(4, 0, D:2)
  a +0 spear
(10, 4, D:2)
  a +0 mace
(16, 15, D:2)
  a +0 leather armour
(18, 15, D:2)
  a +0 whip
  an orc skeleton
(37, 6, D:2)
  a +0 short sword
(41, 22, D:2)
  a +0 short sword
  a +0 club
(54, 25, D:2)
  a +0 club

Level 3 of the Dungeon
(0, 0, D:3)
  17 gold pieces
(16, 22, D:3)
  a jackal corpse
(17, 23, D:3)
  3 tomahawks

