Epsona Udau

Level 1 of the Dungeon
(0, 0, D:1)
  15 stones
(3, 0, D:1)
  18 stones
(5, -8, D:1)
  a scroll of teleportation
(8, -10, D:1)
  a +0 whip
(8, -6, D:1)
  14 gold pieces
(10, 35, D:1)
  a ration
(14, -13, D:1)
  a scroll of magic mapping
(22, 30, D:1)
  8 gold pieces
(26, -7, D:1)
  22 arrows
(28, -7, D:1)
  a potion of curing
(28, 13, D:1)
  a +0 ring mail
(29, -21, D:1)
  14 gold pieces
(30, -22, D:1)
  a scroll of remove curse
(31, 33, D:1)
  11 gold pieces
(33, -22, D:1)
  7 gold pieces
(33, 19, D:1)
  12 gold pieces
(37, -2, D:1)
  an uncursed ring of protection from cold
(38, -4, D:1)
  3 gold pieces
(38, 0, D:1)
  a +0 robe
(39, -14, D:1)
  a scroll of immolation
(41, -16, D:1)
  20 bolts
(43, -3, D:1)
  a potion of heal wounds
(44, -10, D:1)
  18 stones
(44, 6, D:1)
  a scroll of remove curse
(44, 20, D:1)
  13 arrows
(44, 25, D:1)
  25 stones
(46, 9, D:1)
  13 gold pieces
(46, 25, D:1)
  24 stones
(50, 1, D:1)
  a +0 robe
(52, 27, D:1)
  a potion of lignification
(56, 2, D:1)
  a potion of brilliance
(58, 9, D:1)
  a potion of haste

