Kozxiorph

Level 1 of the Dungeon
(0, 0, D:1)
  a +0 dagger
(1, 10, D:1)
  a +0 club
(21, -8, D:1)
  a +0 club
(35, -30, D:1)
  a +0 club
(38, 6, D:1)
  a +0 leather armour
(41, -3, D:1)
  a +0 dagger
  a +0 dagger
(49, -46, D:1)
  a +0 short sword
(49, -40, D:1)
  a +0 short sword
(53, -16, D:1)
  a +0 robe
(54, -4, D:1)
  a +0 whip

Level 2 of the Dungeon
(2, -14, D:2)
  a +0 rapier
(3, -6, D:2)
  a +0 ring mail
(8, -32, D:2)
  a +0 dagger
(10, -10, D:2)
  a +0 robe
(14, -23, D:2)
  a +0 club
(25, 4, D:2)
  a +0 dagger
(37, 0, D:2)
  a +0 short sword
(46, -24, D:2)
  a +0 hunting sling
  a +0 hunting sling
(47, -6, D:2)
  a +0 club

Level 3 of the Dungeon
(0, 0, D:3)
  a +0 scale mail
(6, -25, D:3)
  a +0 whip
(9, -4, D:3)
  a +0 hand axe
(14, -31, D:3)
  a +0 dagger
  a +0 robe
(15, -30, D:3)
  a +0 club
  a +0 flail
  a +0 ring mail
(25, 8, D:3)
  a +0 club
(31, -27, D:3)
  a +0 long sword
(35, 8, D:3)
  a +0 club
(36, 7, D:3)
  a +0 hand axe
(39, 6, D:3)
  a potion of berserk rage
(40, -6, D:3)
  a +0 flail

Level 4 of the Dungeon
(0, 0, D:4)
  a +0 falchion
  a +0 hand axe
  a +0 leather armour
  a +0 leather armour
(2, -5, D:4)
  a +0 robe
  a +0 dagger
(6, 20, D:4)
  a +0 spear
(7, 24, D:4)
  a +0 dagger
(18, 25, D:4)
  a +0 dagger
(24, -10, D:4)
  a cursed -1 flail
(29, -13, D:4)
  a +1 ring mail
(46, 38, D:4)
  a +0 whip
  a +0 leather armour

Level 5 of the Dungeon
[Shop] Sizixig's Antique Weapon Emporium
  a +0 great mace (162 gold)
  a +0 glaive (162 gold)
  a +0 trident (87 gold)
  a +0 club (25 gold)
  a +0 hand axe (75 gold)
  a +0 war axe (87 gold)
  a +2 flail of holy wrath (457 gold)
  a +0 long sword (87 gold)
  a +0 war axe (87 gold)
  a +0 spear (75 gold)
  a cursed +0 falchion (2 gold)
  a +0 quarterstaff (100 gold)
(0, 0, D:5)
  a +0 robe
  a +0 dagger
(6, 2, D:5)
  a +0 dagger
  a +0 shortbow
(7, 13, D:5)
  a +0 flail
(19, 7, D:5)
  a +0 leather armour
  a +0 club
(19, 10, D:5)
  a +0 dagger
(21, 2, D:5)
  a +0 robe
(23, -22, D:5)
  a +0 leather armour
  a +0 dagger

Level 6 of the Dungeon
[Shop] Yzycwy's Weapon Shoppe
  (Shop contents are unknown)
[Shop] Mual's Jewellery Emporium
  a cursed -3 ring of slaying (24 gold)
  an uncursed ring of protection from cold (300 gold)
  an uncursed ring of resist corrosion (240 gold)
  a cursed amulet of inaccuracy (24 gold)
  a +3 amulet of reflection (188 gold)
  an uncursed ring of poison resistance (240 gold)
  a cursed ring of attention (54 gold)
  an uncursed ring of protection from fire (300 gold)
  a +5 ring of strength (494 gold)
(0, 0, D:6)
  a scroll of enchant armour
(12, -8, D:6)
  a scroll of fear
(13, -16, D:6)
  a stone
(14, -17, D:6)
  a stone
(15, -18, D:6)
  a stone
(16, -20, D:6)
  a stone

the Ecumenical Temple

