Saokam

Level 1 of the Dungeon
(0, 0, D:1)
  16 gold pieces
(1, 16, D:1)
  a scroll of fog
(14, 25, D:1)
  a +0 dagger
  (unseen)
(14, 26, D:1)
  a +0 hand axe
  a +0 whip
  an orc corpse
(15, 24, D:1)
  a +0 dagger
  (unseen)
(15, 27, D:1)
  a cursed +0 whip
  (unseen)
(16, 24, D:1)
  a +0 dagger (still there?)
  a +0 flail (still there?)
  a +3 glaive (still there?)
(16, 26, D:1)
  a +0 club
  a +0 club
  a goblin corpse
  an orc corpse
(16, 27, D:1)
  a +0 dagger (still there?)
  a +0 club (still there?)
(17, 1, D:1)
  a potion of resistance
(17, 24, D:1)
  a goblin corpse
(17, 25, D:1)
  a +0 club
(17, 27, D:1)
  a +0 dagger
  (unseen)
(18, 25, D:1)
  a +0 hand axe
  (unseen)
(18, 27, D:1)
  a +0 dagger
  (unseen)
(19, 27, D:1)
  a +0 flail
(20, 26, D:1)
  a +0 great sword
  (unseen)
(21, 27, D:1)
  a +0 great sword
  (unseen)
(26, 25, D:1)
  a +0 short sword
(28, -3, D:1)
  4 large rocks
(29, -4, D:1)
  a +0 shortbow
  (unseen)
(37, -6, D:1)
  a ration
(39, 1, D:1)
  25 sling bullets

