Heptymm

Level 1 of the Lair of Beasts
(0, 0, Lair:1)
  a potion of lignification
(8, 35, Lair:1)
  6 bolts
(10, -2, Lair:1)
  a +0 leather armour
(14, 0, Lair:1)
  12 gold pieces
(15, -13, Lair:1)
  13 arrows
(16, 20, Lair:1)
  a +0 halberd
(19, -11, Lair:1)
  19 arrows
(22, 26, Lair:1)
  16 poisoned needles
(25, 23, Lair:1)
  a cursed +0 leather armour
(28, 31, Lair:1)
  a ration
(32, 10, Lair:1)
  a scroll of teleportation
(33, -1, Lair:1)
  a scroll of enchant armour
(33, 7, Lair:1)
  a +0 leather armour
(34, 4, Lair:1)
  a scroll of magic mapping
(35, 3, Lair:1)
  a ration
(38, -8, Lair:1)
  a +0 robe
(39, 2, Lair:1)
  a ration
(39, 39, Lair:1)
  15 bolts
(41, 8, Lair:1)
  a +0 helmet
(43, -7, Lair:1)
  a scroll of random uselessness
(46, 33, Lair:1)
  12 gold pieces
(48, 29, Lair:1)
  35 bolts
(53, 32, Lair:1)
  a ration
(57, -1, Lair:1)
  a +0 ring mail
(57, 19, Lair:1)
  16 arrows
(58, 3, Lair:1)
  a potion of mutation
(59, -8, Lair:1)
  a +0 leather armour
(59, -4, Lair:1)
  a scroll of identify

Level 6 of the Lair of Beasts
(0, 0, Lair:6)
  a crocodile corpse
(1, 0, Lair:6)
  an elephant corpse

