Leenab

Level 1 of the Dungeon
(0, 0, D:1)
  a +0 club
(6, 0, D:1)
  a +0 club
(9, -9, D:1)
  a +0 club
(14, 8, D:1)
  a +0 robe
(23, -11, D:1)
  a +0 club
(26, -10, D:1)
  a +0 dagger
(27, -13, D:1)
  a +0 club
(31, -14, D:1)
  a +0 club
(39, -12, D:1)
  a potion of degeneration
(53, -15, D:1)
  a +0 robe

Level 2 of the Dungeon
(0, 0, D:2)
  a +0 club
(4, -37, D:2)
  a +0 club
(6, -37, D:2)
  a +0 club
(10, -22, D:2)
  a +0 pair of gloves
(14, -15, D:2)
  a +0 robe
(31, -10, D:2)
  a +0 dagger
(36, 6, D:2)
  a +0 dagger
(43, -49, D:2)
  a +0 club
(44, 4, D:2)
  a +0 robe
  a +0 scythe
(45, -2, D:2)
  a +0 robe
(46, -16, D:2)
  a +0 dagger
(47, -19, D:2)
  a +0 mace
  a cursed +0 animal skin
  a +2 helmet
(47, -14, D:2)
  a +0 club

Level 3 of the Dungeon
(0, 0, D:3)
  a +0 club
(11, -31, D:3)
  a +0 whip
(14, 10, D:3)
  a +0 dagger
(17, 17, D:3)
  a +0 robe
(32, 11, D:3)
  a +0 flail
(33, -16, D:3)
  a +0 robe
(43, 9, D:3)
  a +0 whip
(46, -3, D:3)
  a +0 club
(47, 11, D:3)
  a +0 club

Level 4 of the Dungeon
(0, 0, D:4)
  a cursed +0 robe
(3, 7, D:4)
  a +0 leather armour
  a +0 club
(6, -4, D:4)
  a +0 robe
(7, -7, D:4)
  a +0 flail
  a +0 leather armour
(8, -7, D:4)
  a +0 ring mail
  a +0 whip
(9, 22, D:4)
  a +0 club
(9, 23, D:4)
  a +0 club
(11, -11, D:4)
  a +0 dagger
(15, -20, D:4)
  a +0 ring mail
(27, 16, D:4)
  a +0 mace
  a +0 ring mail
(28, 16, D:4)
  a +0 flail
(29, 16, D:4)
  a +0 hand axe
  a +0 scale mail
(51, -17, D:4)
  a +0 centaur barding
(55, -13, D:4)
  a +0 hand axe
(55, 6, D:4)
  a +0 dagger
(56, 6, D:4)
  a +0 robe

Level 5 of the Dungeon
(0, 0, D:5)
  a +0 scale mail
  a +0 ring mail
  a +0 robe
(2, 9, D:5)
  a +0 scale mail
(8, -12, D:5)
  a +0 scale mail
  a +0 club
(11, -12, D:5)
  a +0 flail
(14, -12, D:5)
  a +0 mace
  a +0 flail
(14, 13, D:5)
  a +0 robe
  a +0 dagger
(16, -12, D:5)
  a +0 dagger
(22, 22, D:5)
  a +0 halberd
(27, 8, D:5)
  a +0 club
(28, -23, D:5)
  a cursed +0 leather armour
  a +0 rapier
(31, -5, D:5)
  a +0 glaive
(34, 24, D:5)
  a +0 spear
(37, -14, D:5)
  a +0 leather armour
  a +0 club
(37, -10, D:5)
  a +0 ring mail
  a +0 hand axe
(37, 10, D:5)
  a +0 club
(37, 22, D:5)
  a +0 halberd
(38, -15, D:5)
  a +0 club
(39, -29, D:5)
  a ration
(39, -6, D:5)
  a +0 spear
(42, -27, D:5)
  13 gold pieces
(42, -23, D:5)
  10 gold pieces
(42, -5, D:5)
  a cursed -3 spear
(43, -30, D:5)
  a ration
(43, -23, D:5)
  a ration
(45, -23, D:5)
  14 gold pieces
(47, -30, D:5)
  a +0 leather armour
(49, -29, D:5)
  a scroll of identify

Level 6 of the Dungeon
[Shop] Eshaec's General Store
  a scroll of amnesia (42 gold)
  a +2 ring mail of cold resistance (252 gold)
  a +1 robe of the Archmagi (392 gold)
  a wand of flame (17) (114 gold)
  a scroll of remove curse (36 gold)
  a +0 hand crossbow (42 gold)
  a scroll of identify (24 gold)
  a +0 ring mail (48 gold)
[Shop] Ufuxufozxi's Antique Armour Shop
  a +0 leather armour (42 gold)
  a cursed +0 scale mail (21 gold)
  a +0 ring mail (84 gold)
  a +2 naga barding of flying (840 gold)
  a +0 ring mail (84 gold)
  a +0 pair of boots of running (661 gold)
  a +0 leather armour (42 gold)
  a +0 ring mail (84 gold)
  a +2 chain mail of poison resistance (388 gold)
  a +3 plate armour of poison resistance (882 gold)
  a +0 scale mail (84 gold)
[Shop] Ogikoze's Distillery
  a potion of cancellation (96 gold)
  a potion of magic (96 gold)
  a potion of heal wounds (60 gold)
  a potion of invisibility (96 gold)
  a potion of degeneration (12 gold)
  a potion of cancellation (96 gold)
  a potion of ambrosia (96 gold)
  a potion of berserk rage (60 gold)
[Shop] Ozesm's Magic Scroll Boutique
  a scroll of acquirement (728 gold)
  a scroll of magic mapping (49 gold)
  a scroll of vulnerability (105 gold)
  2 scrolls of immolation (98 gold)
  a scroll of acquirement (728 gold)
  a scroll of random uselessness (14 gold)
  a scroll of blinking (105 gold)
(0, 0, D:6)
  a +0 giant club
(0, 51, D:6)
  a +0 scale mail
(8, 39, D:6)
  a +0 quarterstaff
(10, 10, D:6)
  the +10 morningstar "Eos" {elec, Halo rElec}
    Occasionally, upon striking a foe, it will discharge some electrical energy
    and cause terrible harm.
    
    It insulates you from electricity.
(11, 9, D:6)
  8 stones
(16, 7, D:6)
  a +0 buckler
(23, 47, D:6)
  a +0 flail
(23, 48, D:6)
  a +0 hand axe
  a +0 robe
(26, 38, D:6)
  a +0 club
  a +0 spear
(32, 41, D:6)
  a +0 robe
  a +0 dagger
(35, -5, D:6)
  a +0 flail
(43, 39, D:6)
  a +0 trident

Level 7 of the Dungeon
(0, 0, D:7)
  a +0 falchion
(2, -15, D:7)
  a +0 robe
(13, -6, D:7)
  a +0 ring mail
(16, -21, D:7)
  a +0 leather armour
(16, -20, D:7)
  a +2 quarterstaff of chaos
(17, -10, D:7)
  a +0 mace
(22, 3, D:7)
  a +0 hand axe
  a +0 animal skin
(23, -44, D:7)
  a +1 shortbow of flaming
  a +0 halberd of chopping
  a +1 dire flail of holy wrath
(23, -14, D:7)
  a potion of degeneration
(23, 0, D:7)
  a +0 robe
(27, -7, D:7)
  a +0 ring mail
(29, -37, D:7)
  the cursed +0 helmet of Classification {+Blink Int+2}
    It affects your intelligence (+2).
    It lets you blink.
    It has a curse placed upon it.
(32, -6, D:7)
  a +0 ring mail
(47, 0, D:7)
  a +0 chain mail
(48, -6, D:7)
  a +0 falchion
(54, -4, D:7)
  a +0 spear
(55, -7, D:7)
  a +0 robe
  a +0 club

Level 8 of the Dungeon
(0, 0, D:8)
  a +0 ring mail
  a +0 flail
(10, -1, D:8)
  a +0 falchion
  a +0 scale mail
(12, -25, D:8)
  a +0 leather armour
(13, 2, D:8)
  a +0 animal skin
(14, 3, D:8)
  a +0 short sword
(15, -25, D:8)
  a +0 flail
(25, -33, D:8)
  a +0 chain mail
  a +0 falchion
(28, -24, D:8)
  a +0 dagger
  a potion of flight
  a +0 shortbow
(28, -9, D:8)
  a +0 giant club
(30, 3, D:8)
  a +0 glaive
(40, -13, D:8)
  a +0 chain mail
(44, 20, D:8)
  a +1 animal skin
  a +0 spear
(45, -2, D:8)
  a +0 club
(48, -19, D:8)
  a +0 animal skin
(48, -2, D:8)
  a +0 flail
(49, -1, D:8)
  a +0 flail
(49, 2, D:8)
  a +0 ring mail
(53, 5, D:8)
  a +0 buckler
  a +0 ring mail
  a +0 spear
(53, 7, D:8)
  a +0 dagger
(53, 8, D:8)
  a +0 halberd
(54, -20, D:8)
  a +0 quarterstaff
(56, 2, D:8)
  a cursed -3 hand axe
(57, 12, D:8)
  a +2 robe of cold resistance
  a +1 whip of freezing
(57, 16, D:8)
  a cursed -2 animal skin
(58, 23, D:8)
  a +0 leather armour
(59, -13, D:8)
  a +0 animal skin
(68, -20, D:8)
  an uncursed ring of flight

Level 9 of the Dungeon
(0, 0, D:9)
  15 arrows
(12, 3, D:9)
  a +0 dire flail
  a cursed +0 robe
(13, 13, D:9)
  a +0 falchion
(13, 33, D:9)
  a +0 leather armour
(16, 13, D:9)
  a +0 scimitar
  a +0 robe
(17, 3, D:9)
  46 arrows
(21, 18, D:9)
  a +0 hand axe
(24, 5, D:9)
  a +0 long sword
  a +0 robe
  a +0 falchion
  a +0 robe
(27, 6, D:9)
  a +0 dagger
(31, 14, D:9)
  20 bolts
  a +0 morningstar
  a +1 robe of cold resistance
(31, 33, D:9)
  a +0 hand crossbow
(32, 6, D:9)
  a +0 ring mail
(34, 15, D:9)
  a cursed -1 dagger
(36, 15, D:9)
  a +0 hand axe of holy wrath
(39, 19, D:9)
  a +0 club
(43, 28, D:9)
  a +0 giant club
(43, 30, D:9)
  a +0 club
(46, 31, D:9)
  a +0 club
(48, 0, D:9)
  an uncursed staff of summoning
(49, 0, D:9)
  a +0 robe of magic resistance
  a +0 dagger
(50, -1, D:9)
  a +0 plate armour
  a +0 hand axe

Level 10 of the Dungeon
(0, 0, D:10)
  13 gold pieces
(3, -37, D:10)
  16 gold pieces
(4, -28, D:10)
  18 gold pieces
(4, -19, D:10)
  a +0 ring mail
(18, -51, D:10)
  16 gold pieces
  (unseen)
(49, -9, D:10)
  18 gold pieces

the Ecumenical Temple

Level 1 of the Lair of Beasts
(0, 0, Lair:1)
  a stone
(1, 8, Lair:1)
  a +0 cloak
(2, 0, Lair:1)
  a stone
(3, -18, Lair:1)
  16 gold pieces
(29, 3, Lair:1)
  29 arrows

