Pasmampo

Level 1 of the Dungeon
(3, 1, D:1)
  a +0 short sword
(8, -6, D:1)
  a +0 dagger
(10, 1, D:1)
  a +0 robe
(21, -2, D:1)
  a +0 dagger
(26, -1, D:1)
  a +0 club
(27, -4, D:1)
  a +0 short sword
(29, -13, D:1)
  a +0 short sword
(45, 7, D:1)
  a cursed +0 club

Level 2 of the Dungeon
(30, -7, D:2)
  a cursed -2 falchion
(32, 9, D:2)
  a +0 hunting sling
(51, 9, D:2)
  a +0 leather armour

Level 3 of the Dungeon
(3, 12, D:3)
  a +0 dagger
  a +0 animal skin
(8, 3, D:3)
  a +0 whip
(11, -12, D:3)
  a +0 ring mail
(15, -4, D:3)
  a +0 trident
(19, -22, D:3)
  a +1 naga barding
(21, -19, D:3)
  a +0 club
(32, -24, D:3)
  a +0 chain mail
(36, -19, D:3)
  a +0 rapier
(42, -12, D:3)
  a +0 scale mail

Level 4 of the Dungeon
(0, 0, D:4)
  a +0 hunting sling
(9, 15, D:4)
  a cursed -2 mace
(13, 23, D:4)
  a +0 robe
(25, 3, D:4)
  a +0 hand axe
(31, 9, D:4)
  a +0 rapier

Level 5 of the Dungeon
(0, 0, D:5)
  a +0 club
(11, -21, D:5)
  a +0 leather armour
(29, -18, D:5)
  a +0 hand axe
(32, -22, D:5)
  a +1 scale mail of poison resistance
(35, -14, D:5)
  a +0 robe

Level 6 of the Dungeon
(0, 0, D:6)
  a +0 leather armour
(7, 15, D:6)
  a +0 dagger

Level 7 of the Dungeon
(0, 0, D:7)
  a +0 hand crossbow
(4, 14, D:7)
  a +0 chain mail
(18, 11, D:7)
  a +0 war axe
(33, 24, D:7)
  a +0 hunting sling
(43, 10, D:7)
  a +0 trident of freezing
(44, 33, D:7)
  a +0 chain mail
(58, -6, D:7)
  a +0 rapier
(58, 24, D:7)
  a +0 flail

Level 8 of the Dungeon
(0, 0, D:8)
  a cursed +0 robe
(2, 29, D:8)
  a +0 mace
(25, 19, D:8)
  a +0 hand axe
(33, -15, D:8)
  a +0 robe
(45, 17, D:8)
  a cursed +0 ring mail
(58, 46, D:8)
  a +0 whip
  a +0 robe

Level 9 of the Dungeon

Level 10 of the Dungeon
(0, 0, D:10)
  a +0 leather armour
(33, -1, D:10)
  a +0 pair of boots
(39, -7, D:10)
  a +0 trident

Level 11 of the Dungeon
(0, 0, D:11)
  a +0 club
(0, 1, D:11)
  a +0 centaur barding
(5, -12, D:11)
  a +0 spear
(14, 21, D:11)
  a +0 ring mail
(18, 13, D:11)
  a +0 rapier
(20, 24, D:11)
  a +2 hunting sling of freezing
(24, 0, D:11)
  a +0 short sword

Level 12 of the Dungeon
(0, 0, D:12)
  a +0 scale mail
(7, -24, D:12)
  a potion of heal wounds
(7, -23, D:12)
  a scroll of blinking
(13, -3, D:12)
  a scroll of amnesia
(22, 2, D:12)
  an uncursed staff of fire
(22, 24, D:12)
  a scroll of immolation
(23, -18, D:12)
  a +0 leather armour
(29, 3, D:12)
  a +0 flail
(32, 4, D:12)
  a +0 long sword
(43, -4, D:12)
  a wand of paralysis (7)
(47, -28, D:12)
  a scroll of identify
(58, -18, D:12)
  a +0 quarterstaff
(58, -12, D:12)
  a potion of invisibility
(58, -9, D:12)
  a cursed -2 morningstar

Level 13 of the Dungeon
(0, 0, D:13)
  a +0 buckler
(2, -4, D:13)
  a scroll of magic mapping
(3, 12, D:13)
  a ration
(10, -11, D:13)
  a scroll of enchant weapon
(14, 16, D:13)
  a cursed +0 ring mail
(21, -9, D:13)
  a scroll of magic mapping
(24, -15, D:13)
  30 stones
(31, -10, D:13)
  a scroll of identify
(34, 14, D:13)
  a +0 mace
(35, 9, D:13)
  a ration
(43, 0, D:13)
  a ration
(45, -9, D:13)
  a potion of curing
(45, 21, D:13)
  a scroll of torment
(49, 2, D:13)
  a wand of disintegration (15)
(60, 26, D:13)
  an uncursed ring of flight

Level 14 of the Dungeon
(0, 0, D:14)
  24 arrows
(3, 4, D:14)
  a wand of enslavement (12)
(4, 24, D:14)
  a ration
(4, 33, D:14)
  a wand of iceblast (6)
(5, 9, D:14)
  21 stones
(11, -2, D:14)
  13 arrows
(15, 33, D:14)
  a wand of enslavement (11)
(18, 10, D:14)
  a potion of heal wounds
(20, 15, D:14)
  a wand of disintegration (7)
(23, 6, D:14)
  an uncursed ring of stealth
(24, 29, D:14)
  a scroll of blinking
(26, 45, D:14)
  a potion of flight
(27, 10, D:14)
  a +0 helmet
(30, 16, D:14)
  18 stones
(30, 29, D:14)
  a scroll of blinking
(32, -5, D:14)
  a scroll of identify
(33, 28, D:14)
  19 stones
(35, -12, D:14)
  a ration
(35, 5, D:14)
  16 stones
(39, 37, D:14)
  a ration
(40, 25, D:14)
  12 arrows

Level 15 of the Dungeon
(0, 0, D:15)
  a +0 falchion
(5, -2, D:15)
  a scroll of identify
(19, 0, D:15)
  a scroll of identify
(19, 3, D:15)
  a scroll of teleportation
(19, 27, D:15)
  a +0 ring mail
(23, 12, D:15)
  a scroll of teleportation
(28, 30, D:15)
  a scroll of identify
(33, 13, D:15)
  9 poisoned needles
(39, 31, D:15)
  a potion of lignification
(41, -1, D:15)
  a potion of heal wounds
(41, 28, D:15)
  a +0 robe
(42, 1, D:15)
  23 stones
(43, -8, D:15)
  a ration
(45, 26, D:15)
  a +0 cloak

Level 1 of the Orcish Mines
(0, 0, Orc:1)
  a ration
(0, 1, Orc:1)
  a ration
(1, 0, Orc:1)
  a ration
(1, 1, Orc:1)
  a ration

Level 2 of the Orcish Mines
[Shop] Seprug's Food Shoppe
  a ration (60 gold)
  a ration (60 gold)
  a ration (60 gold)
  a ration (60 gold)
  a ration (60 gold)
  a ration (60 gold)
  a ration (60 gold)
  a ration (60 gold)
  a ration (60 gold)
  a ration (60 gold)
  a ration (60 gold)
  a ration (60 gold)
  a ration (60 gold)
  a ration (60 gold)
  a ration (60 gold)
  a ration (60 gold)
[Shop] Souxosk's Gadget Boutique
  a phantom mirror (390 gold)
  a phantom mirror (390 gold)
  a phial of floods (520 gold)
  a wand of polymorph (6) (104 gold)
  a wand of iceblast (9) (169 gold)
  a wand of random effects (4) (39 gold)
  a wand of acid (11) (390 gold)
  a wand of scattershot (6) (390 gold)
  a wand of digging (7) (286 gold)
  a lightning rod (4/4) (520 gold)
  a fan of gales (520 gold)
  a wand of random effects (13) (97 gold)
  a sack of spiders (260 gold)
  a wand of random effects (22) (156 gold)
[Shop] Tijoqaujusch's Antique Armour Boutique
  a cursed +0 chain mail (49 gold)
  a cursed +0 pair of boots (49 gold)
  a +4 scale mail of cold resistance (1023 gold)
  a +0 robe (23 gold)
  a +0 ring mail (132 gold)
  the +7 plate armour "Geked" {+Inv rN++ Str-2 Dex+2} (2722 gold)
    It affects your strength (-2).
    It affects your dexterity (+2).
    It greatly protects you from negative energy.
    It lets you turn invisible.
  the +2 chain mail of Beauty {*Slow MR+ Regen+ rCorr} (894 gold)
    It affects your resistance to hostile enchantments.
    It increases your rate of regeneration.
    It provides partial protection from all sources of acid and corrosion.
    It may slow you when you take damage.
  a +0 plate armour (759 gold)
  a +0 leather armour (66 gold)
  the +7 chain mail of Absence {+Blink} (1765 gold)
    It lets you blink.
  a +0 pair of gloves (148 gold)
  a +0 scale mail (132 gold)
[Shop] Vuadui's Weapon Shoppe
  a +1 scimitar of holy wrath (198 gold)
  a +0 mace of protection (78 gold)
  a +0 quarterstaff (56 gold)
  a +0 broad axe (56 gold)
  a +0 dagger (28 gold)
  a +0 long sword (49 gold)
  a +0 hunting sling of velocity (58 gold)
  a +0 lajatang (210 gold)
  a +0 lajatang (210 gold)

Level 1 of the Elven Halls
(0, 0, Elf:1)
  a wand of random effects (18)
(9, -1, Elf:1)
  a book of Changes
(10, -36, Elf:1)
  9 arrows
(17, -30, Elf:1)
  a cursed +0 short sword
(32, 0, Elf:1)
  a scroll of fog
(36, 0, Elf:1)
  a lightning rod (4/4)
(36, 1, Elf:1)
  the Papyrus of Confrontation
    Spells                           Type                      Level
     a - Throw Flame                  Conjuration/Fire              2
     b - Throw Frost                  Conjuration/Ice               2
     c - Stone Arrow                  Conjuration/Earth             3
     d - Bolt of Cold                 Conjuration/Ice               6
(36, 2, Elf:1)
  a +0 plate armour
(36, 8, Elf:1)
  a +4 falchion
(36, 11, Elf:1)
  a scroll of enchant armour
(37, -8, Elf:1)
  a ration
(47, -3, Elf:1)
  a ration
(51, 7, Elf:1)
  12 sling bullets

Level 2 of the Elven Halls
(0, 0, Elf:2)
  an uncursed ring of see invisible
(1, -19, Elf:2)
  24 stones
(1, -17, Elf:2)
  a wand of paralysis (10)
(2, -34, Elf:2)
  28 arrows
(7, -10, Elf:2)
  a potion of resistance
(9, -24, Elf:2)
  a ration
(9, -22, Elf:2)
  a wand of clouds (4)
(10, -16, Elf:2)
  a potion of brilliance
(10, -4, Elf:2)
  a ration
(12, -59, Elf:2)
  a +0 leather armour
(12, -32, Elf:2)
  a scroll of teleportation
(13, -39, Elf:2)
  a potion of haste
(13, -4, Elf:2)
  a scroll of identify
(17, -32, Elf:2)
  a +0 leather armour
(18, -31, Elf:2)
  a scroll of summoning

Level 3 of the Elven Halls
[Shop] Xis Null's Gadget Shoppe
  a crystal ball of energy (380 gold)
  a wand of scattershot (6) (570 gold)
  a wand of acid (8) (456 gold)
  a wand of polymorph (10) (228 gold)
  a lamp of fire (760 gold)
  a fan of gales (760 gold)
  a sack of spiders (380 gold)
  a phantom mirror (570 gold)
  a fan of gales (760 gold)
[Shop] Loohagg's Gadget Shop
  a box of beasts (300 gold)
  a wand of paralysis (9) (165 gold)
  a phantom mirror (450 gold)
  a phial of floods (600 gold)
  a lightning rod (4/4) (600 gold)
  a wand of polymorph (9) (165 gold)
  a wand of polymorph (10) (180 gold)
  a wand of enslavement (12) (210 gold)
  a wand of paralysis (9) (165 gold)
  a wand of iceblast (5) (135 gold)
  a sack of spiders (300 gold)
  a sack of spiders (300 gold)
  a lamp of fire (600 gold)
[Shop] Hadathac's Jewellery Emporium
  an uncursed ring of see invisible (225 gold)
  an uncursed amulet of magic regeneration (450 gold)
  an uncursed ring of protection from cold (375 gold)
  a +5 ring of intelligence (618 gold)
  an uncursed ring of protection from fire (375 gold)
  an uncursed amulet of regeneration (450 gold)
  an uncursed ring of stealth (262 gold)
  an uncursed amulet of magic regeneration (450 gold)
  an uncursed amulet of regeneration (450 gold)
  an uncursed ring of ice (375 gold)
  an uncursed ring of wizardry (450 gold)
  the ring of Hard Scrabble {*Slow rPois AC+3 Str+5 SInv} (619 gold)
    [ring of protection]
    
    It affects your AC (+3).
    It affects your strength (+5).
    It protects you from poison.
    It lets you see invisible.
    It may slow you when you take damage.
[Shop] Heapa's Gadget Shop
  a wand of disintegration (18) (330 gold)
  a wand of digging (7) (330 gold)
  a wand of iceblast (11) (225 gold)
  a fan of gales (600 gold)
  a sack of spiders (300 gold)
  a wand of polymorph (7) (135 gold)
  a wand of iceblast (6) (150 gold)
  a lightning rod (4/4) (600 gold)
(0, 0, Elf:3)
  a potion of curing
(0, 23, Elf:3)
  a +0 spear
(1, 15, Elf:3)
  a potion of curing
(6, 10, Elf:3)
  a +0 flail
(12, -20, Elf:3)
  a +3 scale mail of poison resistance
(12, -19, Elf:3)
  the +9 war axe "Zufaecosk" {holy, rElec Str+4 Int+3}
    It has been blessed by the Shining One to cause great damage to the undead
    and demons.
    
    It affects your strength (+4).
    It affects your intelligence (+3).
    It insulates you from electricity.
(12, -9, Elf:3)
  a wand of acid (5)
(12, -8, Elf:3)
  the +9 long sword "Grim" {speed, rPois Dex+2 Stlth+}
    Attacks with this weapon are significantly faster.
    
    It affects your dexterity (+2).
    It protects you from poison.
    It makes you more stealthy.
(13, -21, Elf:3)
  a +0 hunting sling of freezing
(13, -18, Elf:3)
  a +5 ring of strength
(13, -10, Elf:3)
  a +0 cloak
  a book of Maledictions
(13, -8, Elf:3)
  a cursed -2 ring of strength
(13, -7, Elf:3)
  a +2 leather armour of fire resistance
(14, -22, Elf:3)
  a book of Misfortune
(14, -21, Elf:3)
  a scroll of enchant armour
(14, -20, Elf:3)
  a cursed -2 giant club
(14, -8, Elf:3)
  a potion of curing
(14, -7, Elf:3)
  25 arrows
(14, -6, Elf:3)
  a +3 falchion of slicing
(15, -7, Elf:3)
  the +7 spear "Uxa Conu" {pierce, +Fly rF+ Str+2 Int-2}
    It inflicts extra damage upon your enemies.
    
    It affects your strength (+2).
    It affects your intelligence (-2).
    It protects you from fire.
    It lets you fly.
(15, -6, Elf:3)
  a +0 robe
  a book of Flames
(15, 8, Elf:3)
  8 javelins
(16, -21, Elf:3)
  a +0 whip of pain
(16, -7, Elf:3)
  the Compendium of Lucky Shape Shifting
    Spells                           Type                      Level
     a - Swiftness                    Charms/Air                    2
     b - Song of Slaying              Charms                        2
     c - Passwall                     Transmutation/Earth           2
     d - Regeneration                 Charms/Necromancy             3
     e - Excruciating Wounds          Charms/Necromancy             5
     f - Alistair's Intoxication      Transmutation/Poison          5
(17, 12, Elf:3)
  an uncursed amulet of magic regeneration
(18, 5, Elf:3)
  5 large rocks
(22, -27, Elf:3)
  a cursed -3 ring of protection
(22, 23, Elf:3)
  a ration
(23, -28, Elf:3)
  a scroll of enchant armour
  a +1 ring mail of cold resistance
(24, -29, Elf:3)
  a ration
  the +10 falchion of the Moon {pain, +Blink}
    In the hands of one skilled in necromantic magic, it inflicts extra damage
    on living creatures.
    
    It lets you blink.
(24, -28, Elf:3)
  an uncursed ring of see invisible
(24, -27, Elf:3)
  a +0 flail of protection
(24, -14, Elf:3)
  a +0 scale mail
(25, -28, Elf:3)
  a +3 whip of holy wrath
(25, -27, Elf:3)
  26 stones
(26, -29, Elf:3)
  25 stones
  a phantom mirror
(26, -28, Elf:3)
  a +1 centaur barding of cold resistance
(26, -27, Elf:3)
  the +10 dagger of Turmoil {chaos, rC+ Dex+4}
    Each time it hits an enemy it has a different, random effect.
    
    It affects your dexterity (+4).
    It protects you from cold.
(26, -4, Elf:3)
  21 arrows
(27, -28, Elf:3)
  a ration
(27, -27, Elf:3)
  a potion of degeneration
(28, -29, Elf:3)
  a +5 dagger of venom
(28, -28, Elf:3)
  a +2 scale mail of cold resistance
(28, -27, Elf:3)
  an uncursed ring of fire
(28, -20, Elf:3)
  a +0 plate armour
(29, -28, Elf:3)
  18 stones
(35, -21, Elf:3)
  a +0 leather armour
(36, -7, Elf:3)
  a +1 long sword of holy wrath
(37, -22, Elf:3)
  a +0 leather armour
(37, -21, Elf:3)
  a book of Alchemy
(37, -6, Elf:3)
  a book of Callings
(37, 12, Elf:3)
  an uncursed ring of flight
(38, -22, Elf:3)
  a cursed -3 ring of strength
(38, -21, Elf:3)
  2 scrolls of enchant armour
(38, -20, Elf:3)
  a +4 plate armour of cold resistance
(38, -15, Elf:3)
  a potion of invisibility
(38, -8, Elf:3)
  a +2 scale mail of magic resistance
(38, -7, Elf:3)
  17 stones
(38, -6, Elf:3)
  a phial of floods
(39, -21, Elf:3)
  an uncursed staff of power
(39, -20, Elf:3)
  a potion of cancellation
(39, -19, Elf:3)
  a scroll of fog
(39, -18, Elf:3)
  a +0 leather armour
(39, -8, Elf:3)
  a +0 scale mail
(39, -7, Elf:3)
  a +2 shortbow of velocity
(40, -20, Elf:3)
  a +0 hand axe
(40, -19, Elf:3)
  a +2 scale mail of poison resistance
(40, -10, Elf:3)
  a book of Debilitation
(40, -8, Elf:3)
  a phial of floods
(44, -6, Elf:3)
  a scroll of identify
(51, -10, Elf:3)
  a +0 scale mail
(52, -20, Elf:3)
  a scroll of magic mapping
(55, 6, Elf:3)
  a +0 leather armour

Level 1 of the Lair of Beasts
(0, 0, Lair:1)
  a +0 quarterstaff
(10, 22, Lair:1)
  the cursed +0 dagger of the Depths {pierce, rF+ Int+4}
    It inflicts extra damage upon your enemies.
    
    It affects your intelligence (+4).
    It protects you from fire.
    It has a curse placed upon it.
(17, 34, Lair:1)
  a +0 hunting sling
(38, 32, Lair:1)
  a +0 war axe
(39, 14, Lair:1)
  the +1 leather armour of Joodiugh {Dex+2}
    It affects your dexterity (+2).

Level 2 of the Lair of Beasts
(0, 0, Lair:2)
  a +0 chain mail
(22, -21, Lair:2)
  a +0 chain mail
(27, -13, Lair:2)
  a +0 helmet

Level 3 of the Lair of Beasts
(0, 34, Lair:3)
  a +0 scale mail
(2, 1, Lair:3)
  a +0 leather armour
(3, 20, Lair:3)
  a phantom mirror
(11, 43, Lair:3)
  a +0 lajatang
(19, 44, Lair:3)
  a +0 mace
(21, 8, Lair:3)
  a +0 mace
(25, 47, Lair:3)
  a potion of berserk rage
(44, 22, Lair:3)
  a +2 pair of gloves
(57, 32, Lair:3)
  a +0 mace
(58, 10, Lair:3)
  8 javelins
(59, 8, Lair:3)
  a +0 plate armour

Level 4 of the Lair of Beasts
(0, 0, Lair:4)
  a +0 chain mail
(1, 0, Lair:4)
  a +0 plate armour
(5, -52, Lair:4)
  a potion of brilliance
(10, -53, Lair:4)
  a book of Debilitation
(12, -14, Lair:4)
  a scroll of immolation
(16, -54, Lair:4)
  a potion of heal wounds
(21, -1, Lair:4)
  a scroll of random uselessness
(23, -61, Lair:4)
  a +0 long sword
(26, -59, Lair:4)
  a +0 quarterstaff
(28, -12, Lair:4)
  a wand of polymorph (11)
(30, -56, Lair:4)
  a potion of agility
(31, -6, Lair:4)
  a +0 scale mail
(38, -54, Lair:4)
  a wand of acid (7)
(38, -39, Lair:4)
  a ration
(39, -42, Lair:4)
  a +0 hand axe

Level 5 of the Lair of Beasts
(0, 0, Lair:5)
  a +0 scale mail
(3, -14, Lair:5)
  a scroll of vulnerability
(4, -11, Lair:5)
  a potion of cancellation
(5, -7, Lair:5)
  the ring of Niagadyw {rElec Dex+6}
    [ring of dexterity]
    
    It affects your dexterity (+6).
    It insulates you from electricity.
(18, -2, Lair:5)
  a potion of brilliance
(28, 19, Lair:5)
  a ration
(29, -15, Lair:5)
  21 bolts
(37, 19, Lair:5)
  a +0 glaive
(43, -15, Lair:5)
  a potion of might
(43, 19, Lair:5)
  a potion of agility
(52, -34, Lair:5)
  a +4 chain mail
(53, -38, Lair:5)
  a +0 robe
(55, -30, Lair:5)
  a potion of curing
(61, -22, Lair:5)
  the +7 hunting sling "Qyopearu" {freeze, rF+ MR+ Dex+2}
    It causes projectiles fired from it to freeze those they strike, causing
    extra injury to most foes and up to half again as much damage against
    particularly susceptible opponents. They can also slow down cold-blooded
    creatures.
    
    It affects your dexterity (+2).
    It protects you from fire.
    It affects your resistance to hostile enchantments.
(64, -24, Lair:5)
  a +0 trident of flaming

Level 6 of the Lair of Beasts
(0, 0, Lair:6)
  a potion of curing
(1, 28, Lair:6)
  a scroll of magic mapping
(11, -8, Lair:6)
  a scroll of fear
(11, 23, Lair:6)
  a +0 ring mail
(15, 24, Lair:6)
  a +0 scimitar
(24, 15, Lair:6)
  a +0 long sword
(25, 15, Lair:6)
  the +4 ring mail of Time Monsters {+Blink}
    It lets you blink.
(26, 15, Lair:6)
  a +1 leather armour of magic resistance
(31, -2, Lair:6)
  a +0 great sword
(42, -24, Lair:6)
  a scroll of amnesia
(50, 2, Lair:6)
  a scroll of identify
(55, -23, Lair:6)
  a cursed -1 short sword
(57, 4, Lair:6)
  2 potions of curing

Level 1 of the Swamp
(0, 0, Swamp:1)
  a scroll of teleportation
(2, -3, Swamp:1)
  a ration
(2, 1, Swamp:1)
  a potion of haste
(4, -32, Swamp:1)
  a ration
(6, 2, Swamp:1)
  an uncursed ring of resist corrosion
(11, -21, Swamp:1)
  a ration
(12, -22, Swamp:1)
  15 stones
(14, -31, Swamp:1)
  a scroll of acquirement
(25, -7, Swamp:1)
  a +0 ring mail
(26, -2, Swamp:1)
  a scroll of immolation
(36, -7, Swamp:1)
  a wand of random effects (12)
(38, 1, Swamp:1)
  a +0 helmet
(38, 2, Swamp:1)
  a scroll of amnesia
(48, -5, Swamp:1)
  a +0 leather armour
(50, -33, Swamp:1)
  a +0 scale mail
(52, -26, Swamp:1)
  a wand of iceblast (6)
(60, -26, Swamp:1)
  a +0 chain mail

Level 2 of the Swamp
(0, 0, Swamp:2)
  a throwing net
  4 large rocks
(2, -2, Swamp:2)
  a +0 arbalest
(11, -39, Swamp:2)
  a +0 flail
(22, -43, Swamp:2)
  33 stones
(23, -11, Swamp:2)
  a scroll of identify
(24, -45, Swamp:2)
  a ration
(26, -39, Swamp:2)
  a ration
(26, -6, Swamp:2)
  a +0 helmet
(29, 3, Swamp:2)
  a wand of digging (5)
(30, -30, Swamp:2)
  a box of beasts
(31, -33, Swamp:2)
  10 stones
(31, -32, Swamp:2)
  a scroll of magic mapping
(31, -31, Swamp:2)
  a potion of invisibility
(33, -13, Swamp:2)
  9 poisoned needles
(34, -30, Swamp:2)
  a ration
(34, -22, Swamp:2)
  a ration
(36, 0, Swamp:2)
  a +2 short sword of draining
(37, -32, Swamp:2)
  13 arrows
(37, -18, Swamp:2)
  27 stones
(37, -1, Swamp:2)
  a scroll of identify
(38, -34, Swamp:2)
  a book of Misfortune
(39, -35, Swamp:2)
  3 scrolls of enchant armour
(42, -36, Swamp:2)
  a ration
(42, -10, Swamp:2)
  a +1 pair of boots
(46, -15, Swamp:2)
  3 scrolls of remove curse
(48, -32, Swamp:2)
  a scroll of magic mapping

Level 3 of the Swamp
(0, 0, Swamp:3)
  2 potions of curing
(1, 41, Swamp:3)
  a wand of iceblast (2)
(4, 44, Swamp:3)
  26 stones
(12, 2, Swamp:3)
  a +0 leather armour
(14, 23, Swamp:3)
  a scroll of fog
(22, 26, Swamp:3)
  a scroll of identify
(26, 27, Swamp:3)
  a ration
(29, 17, Swamp:3)
  14 bolts
(33, 29, Swamp:3)
  a +0 cloak
(36, 7, Swamp:3)
  20 stones
(40, 32, Swamp:3)
  a scroll of enchant weapon
(45, 38, Swamp:3)
  a scroll of teleportation
(48, 17, Swamp:3)
  a ration
(50, 16, Swamp:3)
  a potion of flight

Level 4 of the Swamp
(0, 0, Swamp:4)
  18 arrows
(1, -22, Swamp:4)
  a +0 robe
(2, -18, Swamp:4)
  a +0 cloak
(9, -5, Swamp:4)
  a +0 fustibalus
(11, -28, Swamp:4)
  a scroll of remove curse
(11, -13, Swamp:4)
  a ration
(13, -9, Swamp:4)
  22 stones
(15, -26, Swamp:4)
  a ration
(15, -6, Swamp:4)
  a +0 leather armour
(15, 4, Swamp:4)
  a ration
(17, -11, Swamp:4)
  a +0 chain mail
(24, -16, Swamp:4)
  a +0 chain mail
(24, 0, Swamp:4)
  23 arrows
(27, -5, Swamp:4)
  a cursed ring of attention
(34, -35, Swamp:4)
  a ration
(34, -31, Swamp:4)
  13 bolts
(34, -29, Swamp:4)
  a scroll of enchant weapon
(40, -33, Swamp:4)
  an uncursed ring of see invisible
(45, 0, Swamp:4)
  a potion of might
(46, -26, Swamp:4)
  a scroll of remove curse
(48, -26, Swamp:4)
  a +0 shortbow
(48, -18, Swamp:4)
  a +0 hand crossbow
(54, -12, Swamp:4)
  a ration
(55, -26, Swamp:4)
  a +0 ring mail

Level 1 of the Spider Nest
(0, 0, Spider:1)
  25 bolts
(15, 4, Spider:1)
  a scroll of identify
(16, 10, Spider:1)
  12 poisoned needles
(18, -16, Spider:1)
  a potion of degeneration
(18, 2, Spider:1)
  a +0 leather armour
(21, -9, Spider:1)
  a scroll of remove curse
(21, 15, Spider:1)
  14 bolts
(24, -5, Spider:1)
  a +0 hand axe
(26, 12, Spider:1)
  2 potions of agility
(29, 10, Spider:1)
  a scroll of silence
(29, 20, Spider:1)
  14 stones
(33, -19, Spider:1)
  a +0 robe
(36, -16, Spider:1)
  a scroll of enchant weapon
(37, 24, Spider:1)
  a potion of berserk rage

Level 2 of the Spider Nest
(0, 0, Spider:2)
  the cursed +1 chain mail of the Game of Kings {*Slow Int-2 Dex+8 Stlth+}
    It affects your intelligence (-2).
    It affects your dexterity (+8).
    It may slow you when you take damage.
    It makes you more stealthy.
    It has a curse placed upon it.
(6, -17, Spider:2)
  a scroll of noise
(11, -15, Spider:2)
  2 potions of resistance
(12, -15, Spider:2)
  a scroll of teleportation
(13, -16, Spider:2)
  2 needles of sleeping
(15, 21, Spider:2)
  a potion of ambrosia
(19, -39, Spider:2)
  19 sling bullets
(27, -14, Spider:2)
  a wand of paralysis (7)
(27, 13, Spider:2)
  14 stones
(28, -25, Spider:2)
  a potion of berserk rage
(29, -3, Spider:2)
  15 arrows
(31, -15, Spider:2)
  a ration
(36, -15, Spider:2)
  a +0 spear
(37, 1, Spider:2)
  25 stones
(45, -38, Spider:2)
  a +0 spear
(47, 6, Spider:2)
  a +1 scythe of slicing
(49, 6, Spider:2)
  an uncursed ring of poison resistance
(53, -15, Spider:2)
  a ration
(63, -24, Spider:2)
  a scroll of identify
(65, -3, Spider:2)
  a potion of heal wounds

Level 3 of the Spider Nest
(0, 0, Spider:3)
  a scroll of vulnerability
(2, -1, Spider:3)
  10 poisoned needles
(7, 15, Spider:3)
  31 stones
(10, 11, Spider:3)
  a wand of scattershot (3)
(12, 2, Spider:3)
  a +0 ring mail
(23, 32, Spider:3)
  a ration
(24, -7, Spider:3)
  a scroll of amnesia
(24, 11, Spider:3)
  a +0 morningstar
(24, 26, Spider:3)
  a +0 hand axe
(28, 23, Spider:3)
  a +3 ring of protection
(30, 29, Spider:3)
  a scroll of immolation
(31, 24, Spider:3)
  a +0 arbalest
(32, 3, Spider:3)
  a scroll of amnesia
(42, 2, Spider:3)
  a scroll of identify
(43, -7, Spider:3)
  a potion of agility
(44, 27, Spider:3)
  a potion of brilliance
(47, 7, Spider:3)
  an uncursed ring of protection from cold
(48, 11, Spider:3)
  4 large rocks

Level 4 of the Spider Nest
(0, 0, Spider:4)
  a ration
(2, 8, Spider:4)
  a scroll of remove curse
(5, 28, Spider:4)
  an uncursed amulet of the acrobat
(12, 17, Spider:4)
  a +0 scale mail
(13, 27, Spider:4)
  9 poisoned needles
(17, 18, Spider:4)
  an uncursed ring of stealth
(21, 48, Spider:4)
  a ration
(22, 13, Spider:4)
  20 poisoned needles
(23, 54, Spider:4)
  a gossamer rune of Zot
(24, 9, Spider:4)
  a +0 war axe
(26, 44, Spider:4)
  a ration
(26, 65, Spider:4)
  a +0 scimitar
(29, 46, Spider:4)
  a potion of curing
(31, 13, Spider:4)
  an uncursed staff of fire
(32, 13, Spider:4)
  a crystal ball of energy
(33, 13, Spider:4)
  a scroll of teleportation
(35, 33, Spider:4)
  a book of Battle

Level 1 of the Vaults
(0, 0, Vaults:1)
  a +0 glaive
(2, -12, Vaults:1)
  a box of beasts
(7, -13, Vaults:1)
  17 arrows
(9, 4, Vaults:1)
  a scroll of fog
(9, 47, Vaults:1)
  a scroll of teleportation
(32, -6, Vaults:1)
  3 poisoned javelins
(35, 30, Vaults:1)
  a +0 dagger
(39, 10, Vaults:1)
  a scroll of identify
(39, 27, Vaults:1)
  a scroll of enchant weapon
(40, 2, Vaults:1)
  a scroll of fear
(44, -13, Vaults:1)
  a +0 halberd
(53, -8, Vaults:1)
  a cursed -1 club
(58, 9, Vaults:1)
  a scroll of remove curse
(66, -14, Vaults:1)
  a +1 ring mail of fire resistance
(66, 0, Vaults:1)
  a cursed ring of attention

Level 2 of the Vaults
[Shop] Evor's Antique Armour Boutique
  a +0 ring mail (172 gold)
  a +0 shield (193 gold)
  a +3 plate armour of magic resistance (1935 gold)
  a +0 scale mail (172 gold)
  a +0 ring mail (172 gold)
  a +0 scale mail (172 gold)
  a +0 shield (193 gold)
  a scarf of spirit shield (387 gold)
  a +3 chain mail of magic resistance (1139 gold)
  the +5 scale mail "Ubrid" {Int+4 Dex+2} (2089 gold)
    It affects your intelligence (+4).
    It affects your dexterity (+2).
  a +0 chain mail (193 gold)
(0, 0, Vaults:2)
  a wand of flame (15)
(4, -6, Vaults:2)
  a scroll of enchant armour
(9, -28, Vaults:2)
  a scroll of remove curse
(10, -2, Vaults:2)
  a ration
(11, -27, Vaults:2)
  22 stones
(17, -24, Vaults:2)
  a Necronomicon
(20, -54, Vaults:2)
  12 bolts
(28, -2, Vaults:2)
  a scroll of random uselessness
(28, 1, Vaults:2)
  a wand of flame (10)
(34, -3, Vaults:2)
  a potion of curing
(37, -48, Vaults:2)
  a scroll of holy word
(64, -6, Vaults:2)
  a cursed -3 falchion
(69, -12, Vaults:2)
  a ration
(70, -53, Vaults:2)
  24 sling bullets
(71, -7, Vaults:2)
  15 poisoned needles

Level 3 of the Vaults
(0, 0, Vaults:3)
  a book of Flames
(15, 20, Vaults:3)
  a scroll of amnesia
(17, 2, Vaults:3)
  a ration
(21, 26, Vaults:3)
  a +0 helmet
(22, -11, Vaults:3)
  a +0 trident
(27, 2, Vaults:3)
  a scroll of enchant armour
(31, 27, Vaults:3)
  a wand of random effects (22)
(34, 10, Vaults:3)
  the +7 hand crossbow of Cedyom {flame, rF- Str+3 Dex+3 Stlth+}
    It causes projectiles fired from it to burn those they strike, causing extra
    injury to most foes and up to half again as much damage against particularly
    susceptible opponents.
    
    It affects your strength (+3).
    It affects your dexterity (+3).
    It makes you vulnerable to fire.
    It makes you more stealthy.
(35, 24, Vaults:3)
  a potion of brilliance
(36, -21, Vaults:3)
  a scroll of teleportation
(37, -23, Vaults:3)
  a scroll of identify
(39, -25, Vaults:3)
  an uncursed ring of ice
(47, 26, Vaults:3)
  12 poisoned needles
(57, -2, Vaults:3)
  a +0 long sword
(67, 15, Vaults:3)
  a +0 robe
(67, 16, Vaults:3)
  a scroll of enchant weapon
(68, 15, Vaults:3)
  3 scrolls of magic mapping
(68, 16, Vaults:3)
  a +0 leather armour
(71, 22, Vaults:3)
  a ration

Level 4 of the Vaults
[Shop] Feklil's Assorted Antiques
  a scroll of remove curse (129 gold)
  a +0 robe (30 gold)
  a potion of magic (344 gold)
  a +6 halberd of protection (1582 gold)
  a potion of resistance (430 gold)
  an uncursed ring of fire (1075 gold)
  a scroll of noise (43 gold)
(0, 0, Vaults:4)
  22 arrows
(8, -15, Vaults:4)
  a +2 scythe of protection
(8, 20, Vaults:4)
  a scroll of fear
(13, 30, Vaults:4)
  a ration
(17, 25, Vaults:4)
  a potion of resistance
(22, 21, Vaults:4)
  a scroll of remove curse
(33, 26, Vaults:4)
  a potion of brilliance
(35, 2, Vaults:4)
  a +0 large shield
(35, 28, Vaults:4)
  a ration
(36, 8, Vaults:4)
  30 stones
(37, -21, Vaults:4)
  a potion of flight
(38, -7, Vaults:4)
  a ration
(39, -3, Vaults:4)
  a +3 short sword
(52, 15, Vaults:4)
  a +0 shortbow

Level 5 of the Vaults
(0, 0, Vaults:5)
  an uncursed staff of death
(3, -9, Vaults:5)
  a +2 hand crossbow of velocity
(3, -8, Vaults:5)
  a scroll of identify
(3, -6, Vaults:5)
  a ration
(3, -5, Vaults:5)
  the ring of Okawaru's Reproof {Ice +Inv rN+ SInv Stlth+}
    [ring of ice]
    
    It enhances your ice magic.
    It makes you vulnerable to fire.
    It protects you from cold.
    It protects you from negative energy.
    It lets you see invisible.
    It lets you turn invisible.
    It makes you more stealthy.
(3, 4, Vaults:5)
  +0 swamp dragon scales
(4, -9, Vaults:5)
  an uncursed staff of conjuration
(4, -8, Vaults:5)
  14 stones
(4, -5, Vaults:5)
  a sack of spiders
(10, -11, Vaults:5)
  a +0 long sword
(11, 3, Vaults:5)
  20 poisoned needles
(11, 4, Vaults:5)
  a lamp of fire
(12, -34, Vaults:5)
  a scroll of enchant armour
(12, 3, Vaults:5)
  the +8 long sword "Adah" {freeze, Int+4}
    It has been specially enchanted to freeze those struck by it, causing extra
    injury to most foes and up to half again as much damage against particularly
    susceptible opponents. It can also slow down cold-blooded creatures.
    
    It affects your intelligence (+4).
(12, 4, Vaults:5)
  the +5 great sword "Acui" {drain, rElec rN++ Str+4}
    A truly terrible weapon, it drains the life of those it strikes.
    
    It affects your strength (+4).
    It insulates you from electricity.
    It greatly protects you from negative energy.
(14, -32, Vaults:5)
  a +3 war axe of holy wrath
(14, 3, Vaults:5)
  14 stones
(15, -38, Vaults:5)
  18 arrows
(15, -34, Vaults:5)
  a cursed +0 plate armour
(15, -33, Vaults:5)
  a box of beasts
(15, -30, Vaults:5)
  a book of the Dragon
(16, -36, Vaults:5)
  a scroll of amnesia
(16, -33, Vaults:5)
  the +5 morningstar "Zannaow" {flame, rN+ Str+3}
    It has been specially enchanted to burn those struck by it, causing extra
    injury to most foes and up to half again as much damage against particularly
    susceptible opponents.
    
    It affects your strength (+3).
    It protects you from negative energy.
(16, 3, Vaults:5)
  an uncursed staff of earth
(17, -35, Vaults:5)
  a scroll of identify
(17, -34, Vaults:5)
  a cursed ring of attention
(17, -31, Vaults:5)
  a +0 pair of gloves
(17, 3, Vaults:5)
  2 scrolls of noise
(17, 4, Vaults:5)
  a scroll of noise
(18, -31, Vaults:5)
  a scroll of remove curse
(18, -5, Vaults:5)
  22 stones
(18, 3, Vaults:5)
  a +2 robe of positive energy
(18, 4, Vaults:5)
  a +2 war axe of chopping
(19, 3, Vaults:5)
  an uncursed ring of positive energy
(19, 4, Vaults:5)
  a +2 dagger of electrocution
(27, -4, Vaults:5)
  a scroll of identify
(32, 4, Vaults:5)
  a ration
(38, -6, Vaults:5)
  a phial of floods
(39, -6, Vaults:5)
  a sack of spiders
(42, -34, Vaults:5)
  a +3 vampiric rapier
(42, -32, Vaults:5)
  19 arrows
(43, -32, Vaults:5)
  a wand of disintegration (7)
(43, -31, Vaults:5)
  19 arrows
(44, -31, Vaults:5)
  a scarf of spirit shield
(44, -15, Vaults:5)
  a wand of polymorph (15)
(45, -31, Vaults:5)
  a scroll of teleportation
(45, -10, Vaults:5)
  a potion of heal wounds
(45, -2, Vaults:5)
  a cursed +0 ring mail
(46, -3, Vaults:5)
  15 stones
(46, -1, Vaults:5)
  a crystal ball of energy
(47, -35, Vaults:5)
  a +1 dagger of venom
(47, -2, Vaults:5)
  a +0 large shield
(48, -35, Vaults:5)
  26 stones
(50, -34, Vaults:5)
  a potion of flight
(50, -33, Vaults:5)
  a scroll of silence
(50, -32, Vaults:5)
  an uncursed amulet of faith
(51, -18, Vaults:5)
  a +0 pair of gloves
(52, -8, Vaults:5)
  30 stones
(52, -7, Vaults:5)
  16 stones
(53, -19, Vaults:5)
  a potion of brilliance
(53, -8, Vaults:5)
  a crystal ball of energy
(53, -7, Vaults:5)
  an uncursed ring of positive energy
(57, 6, Vaults:5)
  23 poisoned needles
(58, 3, Vaults:5)
  18 stones
(59, -25, Vaults:5)
  a ration

Level 3 of the Crypt
(0, 0, Crypt:3)
  9 gold pieces
(0, 1, Crypt:3)
  16 gold pieces
(1, -1, Crypt:3)
  23 gold pieces
(1, 0, Crypt:3)
  9 gold pieces
(1, 1, Crypt:3)
  18 gold pieces
(1, 2, Crypt:3)
  10 gold pieces
(2, -1, Crypt:3)
  24 gold pieces
(2, 0, Crypt:3)
  27 gold pieces
(2, 1, Crypt:3)
  18 gold pieces
(2, 2, Crypt:3)
  32 gold pieces
(5, -8, Crypt:3)
  a scroll of vulnerability
(5, -7, Crypt:3)
  15 stones
(5, 8, Crypt:3)
  a +0 helmet
(5, 9, Crypt:3)
  a +0 scale mail
(6, -9, Crypt:3)
  a +4 bardiche of draining
(6, -8, Crypt:3)
  the Disquisition on Beguiling and Confrontation
    Spells                           Type                      Level
     a - Flame Tongue                 Conjuration/Fire              1
     b - Confuse                      Hexes                         3
     c - Sticky Flame                 Conjuration/Fire              4
     d - Venom Bolt                   Conjuration/Poison            5
     e - Spellforged Servitor         Conjuration/Summoning         7
(6, -7, Crypt:3)
  a scroll of fear
(6, 8, Crypt:3)
  a ration
(6, 9, Crypt:3)
  a book of Dreams
(6, 10, Crypt:3)
  a +2 arbalest of freezing
(7, -9, Crypt:3)
  a book of Frost
(7, -8, Crypt:3)
  a lamp of fire
(7, -7, Crypt:3)
  4 javelins of penetration
(7, 8, Crypt:3)
  11 arrows
(7, 9, Crypt:3)
  a lamp of fire
(7, 10, Crypt:3)
  a +0 scale mail of positive energy
(8, -8, Crypt:3)
  a scroll of remove curse
(8, -7, Crypt:3)
  the Catalogue of Stolen Souls
    Spells                           Type                      Level
     a - Animate Skeleton             Necromancy                    1
     b - Corpse Rot                   Necromancy                    2
     c - Sublimation of Blood         Necromancy                    2
     d - Animate Dead                 Necromancy                    4
     e - Dispel Undead                Necromancy                    5
     f - Death's Door                 Charms/Necromancy             8
(8, 8, Crypt:3)
  a ration
(8, 9, Crypt:3)
  8 tomahawks of returning
(13, -7, Crypt:3)
  a +0 great sword
(14, -6, Crypt:3)
  a manual of Unarmed Combat
(14, 14, Crypt:3)
  3 steel javelins
(15, 0, Crypt:3)
  36 gold pieces
(15, 1, Crypt:3)
  29 sling bullets
(17, -8, Crypt:3)
  a +0 scale mail
(21, -17, Crypt:3)
  25 gold pieces
(21, -3, Crypt:3)
  16 gold pieces
(25, 14, Crypt:3)
  a cursed +0 robe
(28, -24, Crypt:3)
  a scroll of fear
(30, -4, Crypt:3)
  24 stones
(32, -5, Crypt:3)
  a +0 leather armour
(37, 2, Crypt:3)
  10 poisoned needles
(55, 26, Crypt:3)
  12 gold pieces
(58, -23, Crypt:3)
  a potion of degeneration
(58, 18, Crypt:3)
  17 gold pieces
(61, -15, Crypt:3)
  17 sling bullets
(64, -12, Crypt:3)
  24 stones

Level 1 of the Tomb of the Ancients
[Shop] Aqaenac's Antique Armour Shop
  +1 acid dragon scales (1269 gold)
  the +2 pair of boots of the Assassin {Detection Stab+ Stlth++} (1620 gold)
    It makes you much more stealthy.
  a +2 pair of boots of flying (580 gold)
  the +3 leather armour of Tasieske {MR+ rCorr Int+3} (1120 gold)
    It affects your intelligence (+3).
    It affects your resistance to hostile enchantments.
    It provides partial protection from all sources of acid and corrosion.
  a +3 plate armour of cold resistance (1215 gold)
  the cursed +0 shield of the Beginning {rPois MR+} (494 gold)
    It protects you from poison.
    It affects your resistance to hostile enchantments.
    It has a curse placed upon it.
  a +2 cloak of invisibility (580 gold)
  +2 steam dragon scales (1404 gold)
  a +2 chain mail of cold resistance (580 gold)
  a +3 ring mail of poison resistance (621 gold)
  the +10 plate armour of a ziggurat {+Fly rPois rC+++ Int-5} (2902 gold)
    It affects your intelligence (-5).
    It renders you almost immune to cold.
    It protects you from poison.
    It lets you fly.
[Shop] Gotoicaw's Gadget Shop
  a sack of spiders (280 gold)
  a wand of iceblast (6) (140 gold)
  a wand of iceblast (7) (154 gold)
  a wand of acid (14) (504 gold)
  a wand of iceblast (9) (182 gold)
  a fan of gales (560 gold)
  a wand of digging (6) (280 gold)
  a wand of polymorph (5) (98 gold)
  a lightning rod (4/4) (560 gold)
  a wand of enslavement (12) (196 gold)
  a lamp of fire (560 gold)
  a wand of random effects (24) (182 gold)
[Shop] Riad's Assorted Antiques
  a Young Poisoner's Handbook (1040 gold)
  a +0 long sword of slicing (187 gold)
  a +2 robe (330 gold)
  an uncursed staff of earth (650 gold)
  a +3 flail of protection (551 gold)
  a wand of paralysis (8) (260 gold)
  the +0 scale mail of a Hundred Songs {rC+ Str+3} (631 gold)
    It affects your strength (+3).
    It protects you from cold.
  a phantom mirror (780 gold)
  a sack of spiders (520 gold)
  a scroll of enchant weapon (195 gold)
  a +4 scale mail of cold resistance (806 gold)
  the Almanac of the Immovable Dances (1690 gold)
    Spells                           Type                      Level
     a - Pain                         Necromancy                    1
     b - Swiftness                    Charms/Air                    2
     c - Vampiric Draining            Necromancy                    3
     d - Borgnjor's Vile Clutch       Necromancy/Earth              5
  a scroll of magic mapping (91 gold)
  a scroll of identify (52 gold)
(0, 0, Tomb:1)
  28 gold pieces
(0, 8, Tomb:1)
  a +0 long sword
(1, -18, Tomb:1)
  2 potions of brilliance
(2, -12, Tomb:1)
  a +0 chain mail
(2, 14, Tomb:1)
  13 gold pieces
(4, -2, Tomb:1)
  a scroll of remove curse
(11, 4, Tomb:1)
  a +0 blowgun
(12, 33, Tomb:1)
  16 gold pieces
(14, -9, Tomb:1)
  the +1 hunting sling of Pyustrujey {freeze, rC+ MR+}
    It causes projectiles fired from it to freeze those they strike, causing
    extra injury to most foes and up to half again as much damage against
    particularly susceptible opponents. They can also slow down cold-blooded
    creatures.
    
    It protects you from cold.
    It affects your resistance to hostile enchantments.
(16, 35, Tomb:1)
  a potion of curing
(21, 30, Tomb:1)
  27 gold pieces
(23, 24, Tomb:1)
  4 tomahawks
(31, 35, Tomb:1)
  21 gold pieces
(41, 2, Tomb:1)
  14 gold pieces
(41, 35, Tomb:1)
  a ration
(46, 0, Tomb:1)
  a cursed -1 giant spiked club
(46, 9, Tomb:1)
  a ration
(48, 19, Tomb:1)
  a potion of flight
(52, 28, Tomb:1)
  a wand of acid (4)
(60, -13, Tomb:1)
  a potion of curing

Level 3 of the Tomb of the Ancients
(0, 0, Tomb:3)
  9 gold pieces
(0, 1, Tomb:3)
  7 gold pieces
(0, 2, Tomb:3)
  15 gold pieces
(0, 3, Tomb:3)
  24 gold pieces
(0, 4, Tomb:3)
  30 gold pieces
(0, 5, Tomb:3)
  23 gold pieces
(1, 0, Tomb:3)
  57 gold pieces
(1, 1, Tomb:3)
  12 gold pieces
(1, 2, Tomb:3)
  8 gold pieces
(1, 3, Tomb:3)
  14 gold pieces
(1, 4, Tomb:3)
  27 gold pieces
(1, 5, Tomb:3)
  25 gold pieces
(2, 1, Tomb:3)
  25 gold pieces
(2, 2, Tomb:3)
  a +0 shortbow
(2, 3, Tomb:3)
  31 gold pieces
(2, 4, Tomb:3)
  a ration
(2, 5, Tomb:3)
  26 gold pieces
(3, 1, Tomb:3)
  12 gold pieces
(3, 2, Tomb:3)
  14 gold pieces
(3, 3, Tomb:3)
  17 gold pieces
(3, 4, Tomb:3)
  29 gold pieces
(3, 5, Tomb:3)
  13 gold pieces
(4, 2, Tomb:3)
  31 gold pieces
(4, 3, Tomb:3)
  a scroll of remove curse
  (unseen)
(4, 4, Tomb:3)
  15 gold pieces
(4, 5, Tomb:3)
  26 gold pieces
(5, 4, Tomb:3)
  14 gold pieces
(5, 5, Tomb:3)
  a potion of berserk rage
(6, 2, Tomb:3)
  29 stones
(6, 4, Tomb:3)
  a phantom mirror
(6, 5, Tomb:3)
  32 gold pieces
(13, -8, Tomb:3)
  21 gold pieces
(14, -7, Tomb:3)
  18 gold pieces

Level 1 of the Depths
(0, 0, Depths:1)
  a potion of agility
(3, -3, Depths:1)
  a +1 dagger of venom
(4, 31, Depths:1)
  a ration
(8, 11, Depths:1)
  a potion of lignification
(9, 42, Depths:1)
  a scroll of remove curse
(10, 8, Depths:1)
  a potion of heal wounds
(12, 38, Depths:1)
  a +0 rapier of electrocution
(19, 18, Depths:1)
  a +2 mace of holy wrath
(19, 19, Depths:1)
  7 tomahawks of returning
(20, 18, Depths:1)
  22 sling bullets
(20, 31, Depths:1)
  21 bolts
(21, 19, Depths:1)
  a +0 scale mail
(21, 20, Depths:1)
  a potion of might
(31, 38, Depths:1)
  a scroll of remove curse
(32, 32, Depths:1)
  a +0 plate armour
(32, 43, Depths:1)
  a potion of mutation
(46, 31, Depths:1)
  a +0 leather armour
(47, -4, Depths:1)
  26 stones
(48, 44, Depths:1)
  a scroll of teleportation
(52, -5, Depths:1)
  8 stones
(56, -3, Depths:1)
  an uncursed amulet of magic regeneration
(56, -1, Depths:1)
  an uncursed staff of cold

