Ticked

Level 1 of the Dungeon
(0, 0, D:1)
  a scroll of identify
(3, -4, D:1)
  a +0 chain mail
(6, 30, D:1)
  a scroll of blinking
(8, 30, D:1)
  a ration
(8, 36, D:1)
  a potion of ambrosia
(14, 18, D:1)
  22 stones
(17, 1, D:1)
  a scroll of teleportation
(22, 17, D:1)
  a +0 chain mail
(24, 23, D:1)
  a scroll of enchant armour
(24, 25, D:1)
  a scroll of identify
(28, -4, D:1)
  10 gold pieces
(28, 3, D:1)
  a +4 ring of protection
(33, 25, D:1)
  a scroll of enchant weapon
(42, 21, D:1)
  a scroll of fog
(46, 26, D:1)
  a scroll of remove curse
(49, 4, D:1)
  a +0 leather armour

