Qazerae

Level 1 of the Dungeon
(0, 0, D:1)
  a +0 plate armour
(0, 9, D:1)
  a ration
(1, -11, D:1)
  13 gold pieces
(3, -2, D:1)
  12 stones
(7, -24, D:1)
  a scroll of fog
(10, -13, D:1)
  11 gold pieces
(12, 11, D:1)
  7 gold pieces
(22, -9, D:1)
  a scroll of remove curse
(22, -7, D:1)
  9 gold pieces
(26, -1, D:1)
  an uncursed ring of flight
(30, -21, D:1)
  a potion of heal wounds
(33, 7, D:1)
  an uncursed amulet of magic regeneration
(33, 13, D:1)
  a +0 club
(34, 22, D:1)
  13 gold pieces
(36, 14, D:1)
  23 bolts
(44, 9, D:1)
  a ration
(45, 35, D:1)
  11 gold pieces
(48, 10, D:1)
  18 gold pieces
(56, -25, D:1)
  a scroll of identify
(57, 20, D:1)
  9 gold pieces
(61, -22, D:1)
  20 stones
(62, 24, D:1)
  a potion of haste

