Efyheyta

Level 1 of the Dungeon
(0, 0, D:1)
  a ration
(8, -2, D:1)
  a +0 leather armour
(20, -18, D:1)
  4 large rocks
(29, -17, D:1)
  a +0 whip
(35, -37, D:1)
  a +0 dagger
(37, -34, D:1)
  a ration
(53, -32, D:1)
  a +0 club
(57, -34, D:1)
  a +0 club
(63, -35, D:1)
  a cursed +0 robe

Level 2 of the Dungeon
(0, 0, D:2)
  a ration
(3, 1, D:2)
  a ration
(11, -12, D:2)
  a +0 dagger
(26, -6, D:2)
  a cursed +0 leather armour
  a +0 hand axe
(27, -6, D:2)
  a +0 robe
  a +0 leather armour
(28, -7, D:2)
  a +0 hand axe
(32, 4, D:2)
  a +0 whip
(35, -2, D:2)
  a +0 robe

Level 3 of the Dungeon
(0, 0, D:3)
  a cursed +0 club
(3, 0, D:3)
  a ration
  a +0 club
(4, 6, D:3)
  a +0 hunting sling
(6, -9, D:3)
  a +0 dagger
(14, -7, D:3)
  a +0 dagger
(20, -1, D:3)
  a +0 club
(25, 11, D:3)
  a +0 leather armour
  a +0 dagger
  a +0 dagger
  a +0 robe
  a +0 short sword
(27, 2, D:3)
  5 gold pieces
(27, 11, D:3)
  a +0 whip
(29, -8, D:3)
  a potion of degeneration
(29, 22, D:3)
  a +0 dagger
(31, 2, D:3)
  12 gold pieces
(33, 0, D:3)
  a ration

Level 4 of the Dungeon
(0, 0, D:4)
  a +0 giant club
(0, 15, D:4)
  a potion of degeneration
(6, -32, D:4)
  a +0 robe
(10, -27, D:4)
  a +0 spear
(11, -35, D:4)
  a ration
(31, -27, D:4)
  a +0 giant club
(33, 14, D:4)
  a +0 flail
(34, 9, D:4)
  a cursed +0 giant spiked club
(42, 0, D:4)
  a +0 ring mail
(49, 11, D:4)
  a ration
(58, -25, D:4)
  a +0 dagger
(59, -21, D:4)
  a +0 hunting sling
(59, -20, D:4)
  a cursed +0 giant spiked club

Level 5 of the Dungeon
(0, 0, D:5)
  a +0 whip
(2, -33, D:5)
  a +0 leather armour
(4, -19, D:5)
  a +0 rapier
(10, -21, D:5)
  a +0 short sword
  a +0 ring mail
(10, -20, D:5)
  a +0 club
(10, -17, D:5)
  a +0 war axe
  a +0 leather armour
(14, -19, D:5)
  a cursed +0 plate armour
(14, -17, D:5)
  a ration
(15, -1, D:5)
  a ration
(17, -33, D:5)
  a ration
(19, -11, D:5)
  a +0 chain mail
(21, -21, D:5)
  a +0 rapier
(22, -23, D:5)
  a +0 dagger
  a +0 robe
(28, -15, D:5)
  a +0 scale mail
(28, 1, D:5)
  a +0 club
(34, -14, D:5)
  a +0 chain mail
(35, -9, D:5)
  a +0 robe
  a +0 dagger
(39, -7, D:5)
  a +0 ring mail
(40, -27, D:5)
  a +0 battleaxe
(40, -13, D:5)
  a +0 robe
  a +0 dagger
(47, -7, D:5)
  a cursed +0 leather armour

Level 6 of the Dungeon
(0, 0, D:6)
  a +0 shortbow
(5, -23, D:6)
  a +0 robe
(8, -23, D:6)
  a +0 robe
(9, -10, D:6)
  a +0 whip
(10, -26, D:6)
  a +0 giant club
(10, -24, D:6)
  a +0 spear
(11, -27, D:6)
  a +0 ring mail
  (unseen)
(11, -7, D:6)
  a +0 robe
  (unseen)
(14, -18, D:6)
  a +0 chain mail
  a +0 dire flail
(17, -19, D:6)
  a +0 giant club
(18, -11, D:6)
  a +0 falchion
(25, -27, D:6)
  a +0 animal skin

Level 7 of the Dungeon
(2, -4, D:7)
  a +0 robe
(13, 20, D:7)
  a +0 club
(23, 21, D:7)
  a +1 whip of freezing
(27, 28, D:7)
  a +0 whip
  a +0 falchion
(27, 30, D:7)
  a +0 club
(28, 31, D:7)
  a +0 whip
(36, 24, D:7)
  a +0 mace
(38, 1, D:7)
  a +0 spear
(45, 32, D:7)
  the gnoll skeleton of Crazy Yiuf
(46, 31, D:7)
  a +1 cloak
(58, 30, D:7)
  a +0 mace

the Ecumenical Temple

