Ruggeitotu

the Dungeon
[Shop] Uggy's Antique Armour Emporium
  (Shop contents are unknown)
(0, 0, D)
  a +0 leather armour
(4, 0, D)
  a +0 giant spiked club
(7, 6, D)
  2 curare-tipped needles
(7, 9, D)
  27 gold pieces
(7, 10, D)
  27 gold pieces
(8, 8, D)
  a +0 scythe
  the human corpse of Sigmund
(8, 11, D)
  a curare-tipped needle
(9, -1, D)
  27 gold pieces
(9, 9, D)
  27 gold pieces
(9, 10, D)
  27 gold pieces
(10, -1, D)
  27 gold pieces
(10, 2, D)
  15 gold pieces
(10, 3, D)
  11 gold pieces
(11, 9, D)
  27 gold pieces
(12, 9, D)
  27 gold pieces
(14, 9, D)
  27 gold pieces
(15, 9, D)
  27 gold pieces

