Aklicvic

Level 1 of the Dungeon
(0, 0, D:1)
  a ration
(3, -18, D:1)
  a goblin skeleton
(4, -8, D:1)
  15 gold pieces
(5, -19, D:1)
  a rat skeleton
(5, -1, D:1)
  a gold piece
(7, -12, D:1)
  a poisoned needle
(9, -37, D:1)
  a +0 pair of gloves
(10, -23, D:1)
  a +0 dagger
  a kobold corpse
(10, -21, D:1)
  a hobgoblin skeleton
(10, 5, D:1)
  11 gold pieces
(16, -32, D:1)
  a +0 short sword
(20, -35, D:1)
  14 poisoned needles
(20, -4, D:1)
  a scroll of blinking
(23, -35, D:1)
  10 gold pieces
(24, -27, D:1)
  a +0 leather armour
(25, -27, D:1)
  a scroll of fear
(25, -21, D:1)
  4 gold pieces
(25, -15, D:1)
  3 gold pieces
(26, -13, D:1)
  a frilled lizard corpse
(27, -25, D:1)
  17 poisoned needles
(27, -12, D:1)
  a giant cockroach corpse
(32, -3, D:1)
  a scroll of identify
(33, -23, D:1)
  a scroll of blinking
(33, -10, D:1)
  a scroll of identify
(34, -16, D:1)
  an uncursed ring of magical power
(36, -29, D:1)
  a +0 dagger
(36, -7, D:1)
  a +0 dagger
(36, 0, D:1)
  a ration
(37, 0, D:1)
  a +0 ring mail
(38, -23, D:1)
  8 needles of sleeping
(38, -11, D:1)
  a +0 hand axe
(38, -6, D:1)
  a +3 spear of venom
(44, 3, D:1)
  26 stones

