Luqopo

Level 1 of the Dungeon
(0, 0, D:1)
  a +0 hunting sling
(1, 2, D:1)
  a potion of flight
(4, 14, D:1)
  a scroll of enchant weapon
(6, -12, D:1)
  13 gold pieces
(15, -2, D:1)
  27 stones
(17, -9, D:1)
  7 gold pieces
(19, -11, D:1)
  12 gold pieces
(20, -11, D:1)
  a +0 club
(21, -20, D:1)
  a ration
(24, 16, D:1)
  a scroll of identify
(25, -28, D:1)
  a potion of magic
(25, 2, D:1)
  17 gold pieces
(25, 5, D:1)
  23 stones
(26, 11, D:1)
  a ration
(35, -24, D:1)
  a scroll of identify
(40, -23, D:1)
  a scroll of enchant weapon
(49, -33, D:1)
  a scroll of identify
(51, -21, D:1)
  17 gold pieces

Level 2 of the Dungeon
(0, 0, D:2)
  8 gold pieces
(1, -26, D:2)
  11 gold pieces
(3, -8, D:2)
  a scroll of teleportation
(7, -11, D:2)
  a +0 whip
(8, -11, D:2)
  a scroll of enchant armour
  (unseen)
(8, 9, D:2)
  6 gold pieces
(11, -19, D:2)
  19 stones
(14, -16, D:2)
  a scroll of immolation
  (unseen)
(19, -35, D:2)
  a +0 robe
(21, -1, D:2)
  a scroll of remove curse
(23, -2, D:2)
  12 gold pieces
(24, -23, D:2)
  a +0 trident
(29, -29, D:2)
  a scroll of identify
(30, -11, D:2)
  a +0 leather armour
(31, -21, D:2)
  17 sling bullets
(32, -18, D:2)
  11 stones
(33, -21, D:2)
  a scroll of teleportation
(33, -10, D:2)
  17 stones
(38, -15, D:2)
  a ration
(38, 4, D:2)
  a scroll of enchant weapon
(39, -8, D:2)
  7 gold pieces
(40, -25, D:2)
  14 gold pieces
(42, -27, D:2)
  a potion of curing
(42, -6, D:2)
  a cursed -3 spear
(42, 8, D:2)
  30 stones
(43, -7, D:2)
  a potion of heal wounds
(44, 3, D:2)
  a potion of berserk rage
(47, 1, D:2)
  a +0 dagger
(50, -26, D:2)
  a ration

Level 3 of the Dungeon
(0, 0, D:3)
  4 gold pieces
(3, -2, D:3)
  a potion of lignification
(3, 25, D:3)
  a ration
(3, 39, D:3)
  a +1 leather armour of poison resistance
(6, 6, D:3)
  4 gold pieces
(7, 11, D:3)
  13 gold pieces
(8, 37, D:3)
  a +2 ring mail of poison resistance
(9, 9, D:3)
  a potion of degeneration
(9, 26, D:3)
  an uncursed ring of positive energy
(13, -3, D:3)
  an uncursed staff of cold
(19, 30, D:3)
  a scroll of immolation
(30, 1, D:3)
  a scroll of teleportation
(31, 36, D:3)
  a +0 robe
(33, 40, D:3)
  a +0 leather armour
(35, 36, D:3)
  3 scrolls of identify
(36, 7, D:3)
  a potion of mutation
(39, 32, D:3)
  19 stones
(42, 17, D:3)
  11 gold pieces
(43, 16, D:3)
  5 gold pieces
(46, -3, D:3)
  a +0 robe
(47, 16, D:3)
  4 large rocks
(51, 10, D:3)
  a scroll of identify

Level 4 of the Dungeon
(0, 0, D:4)
  14 gold pieces

