Lannople

Level 1 of the Dungeon
(0, 0, D:1)
  a scroll of remove curse
(2, 3, D:1)
  10 stones
(3, 24, D:1)
  a +0 hand axe
(7, 27, D:1)
  11 gold pieces
(22, 2, D:1)
  a +0 short sword
(22, 6, D:1)
  a +5 hunting sling of velocity
  a +2 ring mail of poison resistance
  a +0 war axe of chopping
  the -5 pair of boots of Osimpibb {*Drain rF+ Str+2}
    It affects your strength (+2).
    It protects you from fire.
    It causes draining when unequipped.
  12 javelins of returning
(23, 4, D:1)
  a +5 antimagic battleaxe (still there?)
  a +5 antimagic battleaxe (still there?)
  a +5 antimagic battleaxe (still there?)
  a +2 longbow of flaming (still there?)
  a +5 antimagic executioner's axe (still there?)
  a +2 antimagic demon trident (still there?)
  a +3 antimagic broad axe (still there?)
  a +6 hunting sling of freezing (still there?)
  a +4 antimagic hand axe (still there?)
(23, 6, D:1)
  a scarf of cloud immunity
  the +2 pair of boots of the Catamount {Stlth+}
    It makes you more stealthy.
  a +1 war axe of draining
  a +4 battleaxe of electrocution
  a +2 scale mail of cold resistance
(24, 5, D:1)
  a +4 antimagic rapier
(24, 6, D:1)
  a +1 mace of protection
  2 javelins of penetration
  3 needles of confusion
  8 curare-tipped needles
  a +2 hunting sling of velocity
  the +3 great sword "Nepnugar" {antimagic, rElec rF+ MR+++ Int-5}
    It reduces the magical energy of the wielder, and disrupts the spells and
    magical abilities of those hit. Natural abilities and divine invocations are
    not affected.
    
    It affects your intelligence (-5).
    It protects you from fire.
    It insulates you from electricity.
    It affects your resistance to hostile enchantments.
  a +0 pair of gloves of archery
  a +0 helmet of see invisible
  a +1 hand axe of chopping
  a +2 falchion of protection
(25, 6, D:1)
  a +4 antimagic dagger (still there?)
  a +4 antimagic dagger (still there?)
  a +3 halberd of protection (still there?)
  a +2 antimagic lajatang (still there?)
  a +5 rapier of draining (still there?)
  a +1 antimagic rapier (still there?)
  a +2 war axe of electrocution (still there?)
  a +1 arbalest of flaming (still there?)
  a +3 battleaxe of draining (still there?)
  a +5 quarterstaff of crushing (still there?)
  a +2 battleaxe of venom (still there?)
  a +6 antimagic morningstar (still there?)
  a +0 quarterstaff of protection (still there?)
  a +4 antimagic battleaxe (still there?)
  a +2 antimagic eveningstar (still there?)
  a +3 falchion of holy wrath (still there?)
  a +2 antimagic dire flail (still there?)
  a +4 arbalest of velocity (still there?)
  the +12 hunting sling "Furuptog" {venom, rPois rF- rC+} (still there?)
    It poisons the ammo it fires.
    
    It makes you vulnerable to fire.
    It protects you from cold.
    It protects you from poison.
  a +3 antimagic war axe (still there?)
  a +4 hand crossbow of freezing (still there?)
  a +2 antimagic scimitar (still there?)
  a +4 antimagic quarterstaff (still there?)
  a +1 broad axe of freezing (still there?)
  a +4 broad axe of electrocution (still there?)
  the +7 hand axe of Hill Orc's Foe {chop, rElec} (still there?)
    It inflicts extra damage upon your enemies.
    
    It insulates you from electricity.
  a +3 broad axe of electrocution (still there?)
  a +0 antimagic quarterstaff (still there?)
  a +2 antimagic halberd (still there?)
  a +2 fustibalus of freezing (still there?)
  a +2 antimagic lajatang (still there?)
  a +3 war axe of chopping (still there?)
  a +3 hand crossbow of flaming (still there?)
  a +2 war axe of flaming (still there?)
  a +1 antimagic mace (still there?)
  a +2 hunting sling of freezing (still there?)
  a +1 flail of draining (still there?)
  a +2 antimagic spear (still there?)
  a +2 hand crossbow of freezing (still there?)
  a +2 eveningstar of protection (still there?)
  a +4 spear of venom (still there?)
  a +3 hand crossbow of velocity (still there?)
  a +6 hunting sling of freezing (still there?)
  a +1 fustibalus of flaming (still there?)
  a +3 antimagic rapier (still there?)
  a +3 quick blade (still there?)
  a +2 arbalest of flaming (still there?)
  a +3 antimagic quarterstaff (still there?)
  a +2 shortbow of flaming (still there?)
  a +1 glaive of venom (still there?)
  a +5 war axe of draining (still there?)
  a +3 antimagic trident (still there?)
  a +2 dagger of freezing (still there?)
  the +12 spear of Slow Death {protect, Dex+4} (still there?)
    It protects the one who uses it against injury (+AC on strike).
    
    It affects your dexterity (+4).
  a +1 broad axe of venom (still there?)
  a +3 antimagic broad axe (still there?)
  a +3 antimagic halberd (still there?)
  a +3 broad axe of venom (still there?)
  a +3 antimagic hand axe (still there?)
  a +1 antimagic rapier (still there?)
  a +4 shortbow of velocity (still there?)
  the +1 broad axe "Qanaucof" {venom, +Rage Dex+4} (still there?)
    It poisons the flesh of those it strikes.
    
    It affects your dexterity (+4).
    It lets you go berserk.
  a +3 battleaxe of electrocution (still there?)
  a +6 arbalest of velocity (still there?)
  a +1 longbow of velocity (still there?)
  a +1 antimagic falchion (still there?)
  a +1 antimagic executioner's axe (still there?)
  a +5 hunting sling of freezing (still there?)
  a +2 shortbow of freezing (still there?)
  a +4 antimagic broad axe (still there?)
  a +4 falchion of slicing (still there?)
  the +9 hand crossbow "Emnetaru" {velocity, +Blink Int+5 Stlth-} (still there?)
    Any bolt fired from it inflicts extra damage.
    
    It affects your intelligence (+5).
    It lets you blink.
    It makes you less stealthy.
  a +2 war axe of flaming (still there?)
  a +1 antimagic battleaxe (still there?)
  a +3 broad axe of flaming (still there?)
  a +3 broad axe of freezing (still there?)
  a +1 dagger of venom (still there?)
  a +7 mace of draining (still there?)
  a +6 antimagic trident (still there?)
  18 needles of frenzy (still there?)
  a +3 antimagic flail (still there?)
  the +3 dire flail of Guile {freeze, rN+ MR++ Dex-2} (still there?)
    It has been specially enchanted to freeze those struck by it, causing extra
    injury to most foes and up to half again as much damage against particularly
    susceptible opponents. It can also slow down cold-blooded creatures.
    
    It affects your dexterity (-2).
    It protects you from negative energy.
    It affects your resistance to hostile enchantments.
  a +5 hunting sling (still there?)
  the +9 broad axe of Gequ {speed, rF+ Str+4 Dex+5} (still there?)
    Attacks with this weapon are significantly faster.
    
    It affects your strength (+4).
    It affects your dexterity (+5).
    It protects you from fire.
  a +3 battleaxe of venom (still there?)
  32 needles of paralysis (still there?)
  a +4 hunting sling of freezing (still there?)
  a +6 hand axe of draining (still there?)
  a +4 longbow of velocity (still there?)
  a +2 antimagic dire flail (still there?)
  a +2 antimagic quarterstaff (still there?)
  a +2 quarterstaff of crushing (still there?)
  a +2 antimagic quarterstaff (still there?)
  a +1 antimagic short sword (still there?)
  the +6 dagger of Killer Klown's Curse {pierce, Dex+2} (still there?)
    It inflicts extra damage upon your enemies.
    
    It affects your dexterity (+2).
  a +3 antimagic broad axe (still there?)
  a +4 hand crossbow of freezing (still there?)
  a +4 lajatang of speed (still there?)
  a +3 antimagic hand axe (still there?)
  a +2 scimitar of holy wrath (still there?)
  a +6 antimagic rapier (still there?)
  19 steel javelins (still there?)
  a +4 antimagic triple sword (still there?)
  a +0 hunting sling of flaming (still there?)
  a +5 broad axe of freezing (still there?)
  a +1 great mace of protection (still there?)
  a +4 antimagic scimitar (still there?)
  a +0 arbalest of flaming (still there?)
  a +2 antimagic hand axe (still there?)
  a +4 antimagic scimitar (still there?)
  a +5 antimagic hand axe (still there?)
  a +3 hunting sling of flaming (still there?)
  a +5 shortbow of freezing (still there?)
  a +2 war axe of flaming (still there?)
  a +3 eveningstar of protection (still there?)
  a +3 short sword of freezing (still there?)
  a +3 war axe of electrocution (still there?)
  a +3 rapier of venom (still there?)
  a +5 broad axe of chopping (still there?)
  a +4 antimagic hand axe (still there?)
  a +2 short sword of venom (still there?)
  a +2 long sword of holy wrath (still there?)
  a +2 antimagic hand axe (still there?)
  a +3 hand crossbow of flaming (still there?)
  a +5 vampiric dagger (still there?)
  a +2 longbow of freezing (still there?)
  a +6 hand crossbow (still there?)
  a +3 antimagic glaive (still there?)
  a +1 war axe of chopping (still there?)
  a +1 antimagic war axe (still there?)
  a +2 antimagic spear (still there?)
  a +4 antimagic hand axe (still there?)
  a +2 shortbow of flaming (still there?)
  a +6 antimagic hand axe (still there?)
  63 poisoned tomahawks (still there?)
  a +8 antimagic battleaxe (still there?)
  a +1 hand axe of electrocution (still there?)
  a +3 antimagic broad axe (still there?)
  a +4 battleaxe of electrocution (still there?)
  a +3 hunting sling of freezing (still there?)
  a +3 shortbow of freezing (still there?)
  a +2 fustibalus of freezing (still there?)
  a +1 antimagic double sword (still there?)
  a +2 short sword of speed (still there?)
  a +5 antimagic hand axe (still there?)
  a +2 halberd of freezing (still there?)
  a +3 antimagic short sword (still there?)
  a +1 longbow of freezing (still there?)
  a +3 antimagic hand axe (still there?)
  a +8 antimagic dire flail (still there?)
  a +3 antimagic battleaxe (still there?)
  58 silver javelins (still there?)
  a +1 battleaxe of electrocution (still there?)
  a +3 antimagic rapier (still there?)
  a +4 antimagic rapier (still there?)
  a +4 battleaxe of freezing (still there?)
  a +0 battleaxe of chopping (still there?)
  a +3 antimagic hand axe (still there?)
  a +3 antimagic quarterstaff (still there?)
  a +4 antimagic lajatang (still there?)
  the +1 dagger of the Little People {pierce, rElec Str-5 Int+2} (still there?)
    It inflicts extra damage upon your enemies.
    
    It affects your strength (-5).
    It affects your intelligence (+2).
    It insulates you from electricity.
  a +3 hunting sling of velocity (still there?)
  25 steel tomahawks (still there?)
  a +3 antimagic great mace (still there?)
  32 tomahawks of dispersal (still there?)
  a +1 arbalest of freezing (still there?)
  a +2 antimagic war axe (still there?)
  a +4 war axe of flaming (still there?)
  a +3 antimagic broad axe (still there?)
  a +6 antimagic quick blade (still there?)
  a +5 antimagic broad axe (still there?)
  a +2 scimitar of slicing (still there?)
  a +2 battleaxe of electrocution (still there?)
  a +0 antimagic war axe (still there?)
  a +4 shortbow of freezing (still there?)
  the +7 demon whip of Xann {freeze, rF++} (still there?)
    It has been specially enchanted to freeze those struck by it, causing extra
    injury to most foes and up to half again as much damage against particularly
    susceptible opponents. It can also slow down cold-blooded creatures.
    
    It greatly protects you from fire.
  a +3 antimagic dagger (still there?)
  a +3 hand crossbow of freezing (still there?)
  a +8 antimagic morningstar (still there?)
  103 javelins of penetration (still there?)
  95 poisoned javelins (still there?)
  the +2 shortbow of Charity {venom, rElec rC+ Str+4} (still there?)
    It poisons the ammo it fires.
    
    It affects your strength (+4).
    It protects you from cold.
    It insulates you from electricity.
  a +2 antimagic great sword (still there?)
  a +1 broad axe of chopping (still there?)
  a +1 hand axe of electrocution (still there?)
  the +7 hand crossbow of Malaise {flame, -Tele rN+ Int+2 Dex+4} (still there?)
    It causes projectiles fired from it to burn those they strike, causing extra
    injury to most foes and up to half again as much damage against particularly
    susceptible opponents.
    
    It affects your intelligence (+2).
    It affects your dexterity (+4).
    It protects you from negative energy.
    It prevents most forms of teleportation.
  a +2 hand axe of electrocution (still there?)
  a +1 hand crossbow of flaming (still there?)
  a +6 hunting sling of freezing (still there?)
  a +5 triple crossbow of velocity (still there?)
  a +4 hand axe of electrocution (still there?)
  a +2 triple crossbow of freezing (still there?)
  a +2 broad axe of flaming (still there?)
  81 needles of sleeping (still there?)
  53 tomahawks of returning (still there?)
  31 silver tomahawks (still there?)
  a +2 antimagic hand axe (still there?)
  120 needles of confusion (still there?)
  35 curare-tipped needles (still there?)
  a +1 antimagic broad axe (still there?)
  38 exploding tomahawks (still there?)
  a +3 hand crossbow of flaming (still there?)
  a +4 arbalest of freezing (still there?)
  a +2 antimagic great mace (still there?)
  91 javelins of returning (still there?)
  a +2 quarterstaff of protection (still there?)
  a +2 falchion of holy wrath (still there?)
(27, 27, D:1)
  13 stones
(30, 31, D:1)
  a +0 ring mail
(30, 41, D:1)
  a +0 leather armour
(37, 5, D:1)
  13 stones
(38, -13, D:1)
  a +0 helmet
(45, -7, D:1)
  a potion of flight

