Ruggeitotu

the Dungeon
(0, 0, D)
  a chunk of flesh
(0, 2, D)
  a +9 battleaxe
  (unseen)
(0, 4, D)
  a +9 war axe
  (unseen)
(1, -3, D)
  a chunk of flesh
(1, -1, D)
  a +9 war axe
  (unseen)
(1, 0, D)
  a +9 great sword of slicing
(1, 2, D)
  a chunk of flesh
  (unseen)
(1, 3, D)
  a +9 war axe
  (unseen)
(1, 4, D)
  a +9 war axe
  (unseen)
(2, -3, D)
  a chunk of flesh
(2, -1, D)
  a +9 war axe
  a +30 ring of slaying
  a +9 great sword of slicing
(2, 0, D)
  a +9 war axe
  (unseen)
(3, -1, D)
  a +9 war axe
  a +9 war axe
  a +30 ring of slaying
  a +9 battleaxe
  a +30 ring of slaying
  a +9 war axe
  a meat berserker corpse
  a bag of meat corpse
(4, -1, D)
  a +9 war axe
  (unseen)
(4, 0, D)
  a +9 war axe
  (unseen)
(4, 5, D)
  a chunk of flesh
(7, 6, D)
  a +9 great sword (still there?)
  a chunk of flesh (still there?)
(8, 4, D)
  a +9 great sword of slicing
  (unseen)
(9, 3, D)
  a +9 great sword of slicing
  (unseen)
(9, 4, D)
  a +9 great sword of slicing
  a +200 ring of slaying
  a +9 war axe
  a +30 ring of slaying
  a +9 war axe
  a +30 ring of slaying
  a +9 war axe
  a +30 ring of slaying
  a +9 battleaxe
  a +30 ring of slaying
  a +9 war axe
  a +30 ring of slaying
  a bag of meat corpse

