Alezarini

Level 1 of the Dungeon
(0, 0, D:1)
  12 gold pieces
(2, 5, D:1)
  a ration
(7, -13, D:1)
  a potion of might
(10, 21, D:1)
  6 gold pieces
(11, -13, D:1)
  a ration
(11, 6, D:1)
  8 gold pieces
(16, -11, D:1)
  a ration
(17, -10, D:1)
  2 gold pieces
(20, 18, D:1)
  a potion of brilliance
(21, -3, D:1)
  a potion of degeneration
(23, 7, D:1)
  a scroll of magic mapping
(30, 1, D:1)
  a +0 robe
(35, 11, D:1)
  31 gold pieces
(36, 20, D:1)
  a +0 hunting sling
(47, 14, D:1)
  a scroll of identify
(48, 17, D:1)
  a wand of clouds (5)
(49, 32, D:1)
  26 gold pieces

Level 2 of the Abyss
(0, 0, Abyss:2)
  a +0 scale mail
(1, -3, Abyss:2)
  a +0 club
(3, 0, Abyss:2)
  a ration
(6, -2, Abyss:2)
  a book of Necromancy

