Daraz

Level 1 of the Dungeon
(0, 0, D:1)
  a human skeleton
(0, 5, D:1)
  a human skeleton
(0, 6, D:1)
  a human skeleton
(3, -2, D:1)
  5 gold pieces
(5, 7, D:1)
  14 gold pieces
(7, 10, D:1)
  20 stones
(8, 10, D:1)
  a scroll of fear
(14, 0, D:1)
  a human skeleton
(14, 5, D:1)
  a human skeleton

the Desolation of Salt
(0, 0, Desolation)
  a +2 trident of freezing
(0, 1, Desolation)
  the +8 whip "Ryheusis" {protect, *Contam Str+6}
    It protects the one who uses it against injury (+AC on strike).
    
    It affects your strength (+6).
    It causes magical contamination when unequipped.
(0, 3, Desolation)
  a crystal ball of energy
(1, -3, Desolation)
  the +4 hunting sling "Beesoibu" {velocity, rElec rC+}
    Any stone fired from it inflicts extra damage.
    
    It protects you from cold.
    It insulates you from electricity.
(1, 4, Desolation)
  a +3 scimitar of electrocution
(3, 4, Desolation)
  the amulet of Xiviramp {Inacc +Fly MR+ Int-4}
    [amulet of inaccuracy]
    
    It reduces the accuracy of all your attacks.
    It affects your intelligence (-4).
    It affects your resistance to hostile enchantments.
    It lets you fly.
(7, 3, Desolation)
  the Collected Works on Self-Improvement and Confrontation
    Spells                           Type                      Level
     a - Sting                        Conjuration/Poison            1
     b - Shroud of Golubria           Charms/Translocation          2
     c - Dazzling Spray               Conjuration/Hexes             3
     d - Bolt of Magma                Conjuration/Fire/Earth        5
     e - Iron Shot                    Conjuration/Earth             6
     f - Orb of Destruction           Conjuration                   7
(36, -43, Desolation)
  the cursed +0 naga barding "Zevizxaroh" {Int-3 Dex+5}
    It affects your intelligence (-3).
    It affects your dexterity (+5).
    It has a curse placed upon it.
(36, -41, Desolation)
  the ring "Ivotes" {rF+ Dex+8}
    [ring of protection from fire]
    
    It affects your dexterity (+8).
    It protects you from fire.
(37, -47, Desolation)
  a +4 war axe of chopping
(37, -45, Desolation)
  the Tome of the Immovable Wishes
    Spells                           Type                      Level
     a - Sticks to Snakes             Transmutation                 2
     b - Iskenderun's Mystic Blast    Conjuration                   4
     c - Sticky Flame                 Conjuration/Fire              4
     d - Bolt of Draining             Conjuration/Necromancy        5
     e - Statue Form                  Transmutation/Earth           6
(38, -46, Desolation)
  Sif Muna's Handbook of Shifting Conjuration
    Spells                           Type                      Level
     a - Beastly Appendage            Transmutation                 1
     b - Throw Flame                  Conjuration/Fire              2
     c - Stone Arrow                  Conjuration/Earth             3
     d - Dazzling Spray               Conjuration/Hexes             3
     e - Spellforged Servitor         Conjuration/Summoning         7
     f - Orb of Destruction           Conjuration                   7
(38, -42, Desolation)
  an uncursed staff of energy
(41, -38, Desolation)
  a manual of Shields
(41, -18, Desolation)
  a +3 war axe of freezing
(41, -17, Desolation)
  an uncursed staff of fire
(41, -16, Desolation)
  the ring "Wipirgh" {MR- MP+9 Int+3 Dex+4 Stlth+}
    [ring of intelligence]
    
    It affects your intelligence (+3).
    It affects your dexterity (+4).
    It affects your resistance to hostile enchantments.
    It affects your magic capacity (+9).
    It makes you more stealthy.
(42, -18, Desolation)
  a +1 scale mail of fire resistance
(47, -16, Desolation)
  a +4 hand crossbow of flaming
(48, -18, Desolation)
  the +9 crystal plate armour of Okawaru's Regard {rElec rN+ SInv}
    It insulates you from electricity.
    It protects you from negative energy.
    It lets you see invisible.
(48, -16, Desolation)
  a +6 scimitar of draining

