Fesoy

Level 1 of the Dungeon
(0, 0, D:1)
  a scroll of identify
(2, 43, D:1)
  a +0 scale mail
(4, 34, D:1)
  13 stones
(13, 26, D:1)
  a scroll of identify
(14, 5, D:1)
  a +0 chain mail
(14, 34, D:1)
  a +0 short sword
(17, 0, D:1)
  a +0 mace
(17, 34, D:1)
  a scroll of remove curse
(18, -7, D:1)
  a scroll of magic mapping
(18, -3, D:1)
  5 gold pieces
(22, -8, D:1)
  a +0 dagger
(25, -11, D:1)
  a +0 club
(27, -1, D:1)
  a +0 whip
(28, 0, D:1)
  a scroll of identify
(28, 1, D:1)
  a scroll of identify
(31, 26, D:1)
  a throwing net
(33, -5, D:1)
  a scroll of remove curse
(38, 37, D:1)
  19 gold pieces
(42, -2, D:1)
  a scroll of enchant armour
(45, 10, D:1)
  a scroll of identify

