Oloj

Level 1 of the Dungeon
(0, 0, D:1)
  a +0 hand axe
(1, 14, D:1)
  a +0 club
  (unseen)
(2, 22, D:1)
  13 gold pieces
(5, 0, D:1)
  3 gold pieces
(6, 6, D:1)
  a scroll of teleportation
(9, -2, D:1)
  a +0 hunting sling
(10, 4, D:1)
  a goblin corpse (skeletalised by now)
(10, 11, D:1)
  16 poisoned needles
(12, 6, D:1)
  15 arrows
(22, 22, D:1)
  11 gold pieces
(34, -6, D:1)
  a ration
(35, 9, D:1)
  a +0 hand axe
(39, 4, D:1)
  a scroll of identify
(40, 22, D:1)
  a scroll of identify
(48, 6, D:1)
  a potion of curing
(49, 1, D:1)
  a +0 chain mail
(49, 23, D:1)
  a goblin corpse (skeletalised by now)
(50, 5, D:1)
  a +0 helmet
(51, -3, D:1)
  7 gold pieces
(53, 27, D:1)
  a leopard gecko corpse (skeletalised by now)
(55, 26, D:1)
  a goblin corpse (skeletalised by now)

Level 2 of the Dungeon
(0, 0, D:2)
  a kobold corpse
(4, 1, D:2)
  a scroll of random uselessness
(6, 7, D:2)
  a goblin corpse

