Letz

Level 1 of the Dungeon
(0, 0, D:1)
  13 gold pieces
(1, -15, D:1)
  4 tomahawks of dispersal
(2, -3, D:1)
  a +0 dagger
(4, -9, D:1)
  a +0 short sword
(6, -39, D:1)
  a ration
(10, 10, D:1)
  30 sling bullets
(12, -33, D:1)
  a cursed +0 robe
(18, -24, D:1)
  a scroll of amnesia
(22, -7, D:1)
  a ration
(25, -16, D:1)
  15 gold pieces
(26, -13, D:1)
  a potion of degeneration
(26, 0, D:1)
  22 throwing nets
(26, 10, D:1)
  12 gold pieces
(32, -13, D:1)
  a +0 dagger
(33, 1, D:1)
  6 gold pieces
(34, 7, D:1)
  16 stones
(35, -23, D:1)
  9 gold pieces

