Jyifeu

Level 1 of the Dungeon
(0, 0, D:1)
  a +0 club
(2, -5, D:1)
  a +0 club
(4, -8, D:1)
  a +0 dagger of speed
(8, 11, D:1)
  24 arrows
(11, 9, D:1)
  a +0 dagger
(14, 1, D:1)
  22 bolts
(18, 0, D:1)
  21 stones
(21, -12, D:1)
  a +0 robe
(22, 11, D:1)
  a +0 robe
(25, 15, D:1)
  27 stones
(26, -10, D:1)
  18 sling bullets
(31, -20, D:1)
  a +0 whip
(35, 2, D:1)
  a +0 leather armour
(39, -6, D:1)
  a +0 dagger
(39, 1, D:1)
  a +0 club
(45, -1, D:1)
  a +0 ring mail
(52, -12, D:1)
  24 sling bullets

Level 2 of the Dungeon
(0, 0, D:2)
  a +0 short sword
(0, 3, D:2)
  a +1 pair of boots
(0, 5, D:2)
  a +0 ring mail
(1, -6, D:2)
  a rat corpse (skeletalised by now)
(2, -10, D:2)
  8 gold pieces
(4, -8, D:2)
  15 gold pieces
(6, -9, D:2)
  5 gold pieces
(10, -5, D:2)
  a +0 quarterstaff
(13, 2, D:2)
  a potion of lignification
(13, 12, D:2)
  14 gold pieces
(24, -4, D:2)
  a ration
(36, -6, D:2)
  a ration
(42, 2, D:2)
  a +0 club

