Foiliwkue

Level 1 of the Dungeon
(0, 0, D:1)
  a +0 robe
(10, 37, D:1)
  a +0 club
(11, 17, D:1)
  a +0 club
(13, -13, D:1)
  a +0 robe
(17, 32, D:1)
  a +0 club
(26, 8, D:1)
  a +0 whip
(32, 29, D:1)
  a +0 robe
(36, 17, D:1)
  a +0 dagger

Level 2 of the Dungeon
(0, 0, D:2)
  a +0 scale mail
(10, 6, D:2)
  a +0 whip
(12, 37, D:2)
  a +0 club
(18, 30, D:2)
  a +0 dagger
  a +0 club
(27, 39, D:2)
  a +0 club
(37, 23, D:2)
  a +0 club
(40, 34, D:2)
  a +0 leather armour
(42, 22, D:2)
  a +0 club

Level 3 of the Dungeon
(0, 0, D:3)
  a +0 club
(3, 53, D:3)
  a +0 club
(8, 37, D:3)
  a +0 short sword
(10, 9, D:3)
  a +0 robe
(10, 14, D:3)
  a +0 dagger
(29, 25, D:3)
  a +0 hand axe
(30, 29, D:3)
  a +0 rapier
(34, 17, D:3)
  a +0 whip
(36, 15, D:3)
  a +0 club
(38, -2, D:3)
  a +0 club
(39, 2, D:3)
  a +0 leather armour
(50, 19, D:3)
  a +0 plate armour

Level 4 of the Dungeon
(7, 15, D:4)
  a +0 scale mail
(32, 11, D:4)
  a +0 giant club
(40, 5, D:4)
  a +0 whip
(42, -6, D:4)
  a +0 mace
(45, -9, D:4)
  a +0 dagger
(50, -8, D:4)
  a +0 giant club
(57, 5, D:4)
  a ration
(57, 6, D:4)
  22 stones
(57, 7, D:4)
  2 potions of agility
(58, 5, D:4)
  a cursed +0 leather armour
(58, 6, D:4)
  18 stones
(58, 7, D:4)
  a scroll of random uselessness
(59, 5, D:4)
  a +0 dagger
(59, 6, D:4)
  a wand of digging (3)
(59, 7, D:4)
  14 gold pieces

Level 5 of the Dungeon
(0, 0, D:5)
  a +0 mace
(5, -1, D:5)
  a +0 ring mail
  a +0 club
(5, 0, D:5)
  a +0 club
(6, -8, D:5)
  a +0 scale mail
(18, 27, D:5)
  a +0 falchion
(24, -3, D:5)
  5 large rocks
(33, -6, D:5)
  a cursed +0 centaur barding
(36, 37, D:5)
  a +0 giant club
(41, 10, D:5)
  a +0 robe
  a +0 dagger
(42, 5, D:5)
  a +0 dagger
(42, 15, D:5)
  a +0 dagger
(49, 6, D:5)
  a +0 robe
  a +0 dagger

Level 6 of the Dungeon
(0, 0, D:6)
  a book of Changes
(11, -14, D:6)
  a +0 club
(22, -27, D:6)
  a +0 chain mail
(22, -25, D:6)
  a +0 chain mail
  a +0 scimitar
(22, 4, D:6)
  a +0 flail
(23, -14, D:6)
  a +0 club
(25, 3, D:6)
  a +0 plate armour
  a +0 short sword
(25, 5, D:6)
  a +0 shortbow
(25, 8, D:6)
  a +0 scimitar

Level 7 of the Dungeon
(0, 0, D:7)
  a +0 giant club
  a +0 giant club
(22, 5, D:7)
  a +0 shortbow
(31, -19, D:7)
  a +0 mace
(34, -20, D:7)
  a +0 shortbow
(39, -12, D:7)
  a +0 dire flail
  a +0 ring mail
(39, -7, D:7)
  a +0 dagger
(41, -4, D:7)
  a +0 club
(43, -25, D:7)
  a +0 ring mail
(45, -28, D:7)
  a +0 plate armour
  a cursed -2 scimitar

Level 8 of the Dungeon
(0, 0, D:8)
  a +0 whip
(2, 45, D:8)
  a +0 robe
(3, 31, D:8)
  a +0 leather armour
(3, 36, D:8)
  a +0 short sword
(10, 10, D:8)
  a +1 robe
(12, 51, D:8)
  a +0 giant club
  a cursed -2 giant club
(16, 9, D:8)
  a +0 short sword
(17, 7, D:8)
  a +0 dagger
(18, 41, D:8)
  a +0 flail
(19, 5, D:8)
  a +0 club
(19, 9, D:8)
  a +0 spear
(20, 31, D:8)
  a +0 dagger
  a +0 robe
(20, 41, D:8)
  a +0 dagger
(21, 24, D:8)
  a +0 dagger
(21, 25, D:8)
  a +0 robe
  a +0 dagger
(21, 27, D:8)
  a +0 short sword
  a +0 short sword
(21, 30, D:8)
  a +0 leather armour
(21, 39, D:8)
  a +0 leather armour
  a +0 mace
(21, 41, D:8)
  a +0 chain mail
  a +0 short sword
(22, 41, D:8)
  a +0 chain mail
  a +0 flail
(23, 43, D:8)
  a cursed -3 giant club (still there?)
  a +0 giant club (still there?)
(23, 44, D:8)
  a cursed -3 spear
(24, 44, D:8)
  a +0 spear
  a +0 dagger
  a +0 robe
  a +0 club
(29, 44, D:8)
  a +0 dagger
(38, 11, D:8)
  a +2 shield
  (unseen)
(47, 39, D:8)
  a cursed -1 giant club

Level 9 of the Dungeon
(0, 0, D:9)
  a cursed +0 ring mail
(5, 9, D:9)
  a +0 spear
  a +0 robe
(8, 12, D:9)
  a +0 mace
  a +0 robe
(8, 14, D:9)
  a +0 falchion
  a +0 robe
(17, -10, D:9)
  a +0 giant club
  a +0 dire flail
(27, 15, D:9)
  a cursed -2 leather armour
  a +0 club
(41, -2, D:9)
  a +0 mace
(42, -9, D:9)
  a +0 vampiric short sword
  a +1 dagger of holy wrath
  a +0 dagger of distortion
  64 sling bullets
(44, -9, D:9)
  a potion of berserk rage
  a potion of mutation
  an uncursed ring of teleportation
(44, -8, D:9)
  a potion of degeneration
(47, -21, D:9)
  a +0 trident
  a +0 leather armour
  a +0 spear
  a +0 falchion
(48, -4, D:9)
  a +0 pair of gloves

Level 10 of the Dungeon
(2, -10, D:10)
  a +0 club
  a +0 scale mail
(13, 4, D:10)
  a +0 robe
(16, -30, D:10)
  a +0 club
(25, -29, D:10)
  a +0 short sword
(30, 6, D:10)
  a +0 rapier
(38, 6, D:10)
  a +0 plate armour
  a +0 glaive
(42, 7, D:10)
  a +0 short sword
(43, -4, D:10)
  a +0 war axe
(43, 4, D:10)
  a +0 short sword
  a +0 blowgun
  a +0 short sword
(43, 6, D:10)
  a +0 short sword
(44, 3, D:10)
  a +0 dagger
  3 large rocks
  a +0 blowgun
(45, 2, D:10)
  a cursed -1 hand axe
(46, -6, D:10)
  a +0 dagger
(46, -5, D:10)
  a +0 shortbow
(47, -7, D:10)
  a +0 flail
(50, -5, D:10)
  a +0 robe
  a +0 dagger
(51, -20, D:10)
  a +0 plate armour
(53, -8, D:10)
  a +0 robe
  a +0 dagger
(54, -9, D:10)
  a +0 trident
(54, -8, D:10)
  a large rock
(56, -7, D:10)
  a +0 scale mail
  a +0 trident
  a +0 leather armour
(60, -10, D:10)
  a +0 whip
(60, 1, D:10)
  a +0 blowgun
(60, 2, D:10)
  a +0 club
(62, 0, D:10)
  a +0 mace
  a +0 scale mail
(62, 2, D:10)
  a +0 mace
  a +0 short sword
  a +0 leather armour
(63, -14, D:10)
  a +0 falchion
(64, 2, D:10)
  a +0 short sword
(67, -8, D:10)
  a +0 cloak
(67, 11, D:10)
  3 large rocks

the Ecumenical Temple

Level 1 of the Lair of Beasts
(0, 0, Lair:1)
  a +0 plate armour
(20, 36, Lair:1)
  a +0 great sword
(27, 2, Lair:1)
  a +0 scale mail
(28, -11, Lair:1)
  a +0 leather armour
(36, 16, Lair:1)
  a +0 plate armour

