Umojick

Level 1 of the Dungeon
(0, 0, D:1)
  a +0 ring mail
(9, 5, D:1)
  a +0 club
(9, 7, D:1)
  a +0 short sword
(16, -3, D:1)
  a cursed -3 club
(20, 17, D:1)
  a +0 dagger
(30, 14, D:1)
  a +0 ring mail
(30, 20, D:1)
  a +0 ring mail
(34, 24, D:1)
  a +0 hunting sling
(40, 24, D:1)
  a +0 short sword
(41, 31, D:1)
  a +0 scale mail
  a +0 club
(48, -5, D:1)
  a +0 dagger
(56, 6, D:1)
  a +0 leather armour
(60, 17, D:1)
  a +0 short sword
(62, 9, D:1)
  a +0 short sword

Level 2 of the Dungeon
(0, 0, D:2)
  a +0 leather armour
(1, 26, D:2)
  a +0 war axe
(2, 21, D:2)
  a +0 club
(2, 25, D:2)
  a +0 dagger
(3, 22, D:2)
  a +0 short sword
(28, 13, D:2)
  a +0 ring mail
(28, 15, D:2)
  a cursed +0 dagger
(30, 46, D:2)
  a +0 dagger
(36, 6, D:2)
  a +0 dagger
(36, 11, D:2)
  a +0 club
(44, 42, D:2)
  a +0 club
(46, 33, D:2)
  a +0 short sword
(47, 48, D:2)
  a +0 dagger

Level 3 of the Dungeon
(0, 0, D:3)
  a +0 leather armour
(6, 14, D:3)
  a +0 hunting sling
(13, 1, D:3)
  a +0 falchion
(19, 13, D:3)
  a +0 whip
(21, 5, D:3)
  a +0 club
  a +0 falchion
  a cursed -3 club
(24, 14, D:3)
  a +0 ring mail
(24, 32, D:3)
  a +0 dagger
(27, 32, D:3)
  a +0 club
(34, 46, D:3)
  a +0 war axe
(39, 25, D:3)
  a +0 rapier
(48, 4, D:3)
  a cursed +0 club
(51, 8, D:3)
  a +0 ring mail
(54, -3, D:3)
  a +0 short sword
  a +0 leather armour
  a +0 club

