Xuhacionn

Level 1 of the Dungeon
(0, 0, D:1)
  4 gold pieces
(11, 13, D:1)
  a +0 mace
(13, 8, D:1)
  an uncursed ring of poison resistance

Level 1 of the Abyss
(0, 0, Abyss:1)
  26 gold pieces
(5, 13, Abyss:1)
  10 gold pieces
(10, 8, Abyss:1)
  32 gold pieces
(19, 11, Abyss:1)
  an uncursed ring of poison resistance
(20, -29, Abyss:1)
  a +0 arbalest
(27, 2, Abyss:1)
  a scroll of vulnerability
(29, -18, Abyss:1)
  a scroll of teleportation
(31, -1, Abyss:1)
  the -5 hat of the Unbroken {rPois rF+}
    It protects you from fire.
    It protects you from poison.
(32, -40, Abyss:1)
  a scroll of teleportation
(38, -27, Abyss:1)
  a +0 spear
(41, 0, Abyss:1)
  a scroll of identify
(52, 4, Abyss:1)
  a wand of acid (6)
(66, -15, Abyss:1)
  a scroll of random uselessness
(67, -8, Abyss:1)
  29 gold pieces
(67, -2, Abyss:1)
  a wand of acid (2)
(67, 15, Abyss:1)
  a scroll of amnesia
(75, -31, Abyss:1)
  28 sling bullets

