Wyapasae

Level 1 of the Dungeon
(0, 0, D:1)
  a +0 club
(19, -1, D:1)
  a +0 robe

Level 2 of the Dungeon
(0, 0, D:2)
  a +0 robe
(5, -19, D:2)
  a +0 short sword
(5, -3, D:2)
  a +0 spear
(19, 19, D:2)
  a +0 robe
(23, 14, D:2)
  a +0 club
(34, 33, D:2)
  a +0 short sword
(45, -11, D:2)
  a +0 robe

Level 3 of the Dungeon
(0, 0, D:3)
  a +0 dagger
(6, 27, D:3)
  a +0 club
(21, 27, D:3)
  a +0 robe
(28, 12, D:3)
  a +0 leather armour
(30, -2, D:3)
  a +0 whip
(34, -18, D:3)
  a +0 club
  a +0 club
(38, 12, D:3)
  a +0 mace
(45, 3, D:3)
  a +0 short sword
(59, 10, D:3)
  a +0 robe

Level 4 of the Dungeon
[Shop] Igyad's Gadget Boutique
  a wand of digging (5) (216 gold)
  a wand of acid (7) (264 gold)
  a wand of digging (5) (216 gold)
  a wand of random effects (18) (120 gold)
  a crystal ball of energy (240 gold)
  a phial of floods (480 gold)
  a lamp of fire (480 gold)
(0, 0, D:4)
  a +0 hand axe
(5, 22, D:4)
  a +0 short sword
(21, -23, D:4)
  a +0 dagger
(26, -12, D:4)
  a +0 dagger
(33, 1, D:4)
  a +0 mace

Level 5 of the Dungeon
[Shop] Gewiqaid's Book Shoppe
  a book of Maledictions (250 gold)
  a book of the Tempests (700 gold)
  a book of Misfortune (200 gold)
  a book of Debilitation (400 gold)
  a book of Alchemy (750 gold)
  a book of Changes (250 gold)
  a book of Air (350 gold)
  a book of Frost (350 gold)
  a book of Misfortune (200 gold)
  a book of Party Tricks (500 gold)
  a book of Flames (350 gold)
(0, 0, D:5)
  a +0 dagger
  an orc skeleton
(2, 0, D:5)
  a +0 dagger
  a +0 leather armour
(3, -9, D:5)
  a +0 falchion
(3, 0, D:5)
  a +0 mace
  a +0 dagger
(21, 1, D:5)
  a +0 leather armour
(37, -4, D:5)
  a +0 ring mail
(46, 26, D:5)
  3 large rocks
(54, -8, D:5)
  a +0 rapier

the Ecumenical Temple

