Oquigat

Level 1 of the Dungeon
(0, 0, D:1)
  a +0 leather armour
(9, -41, D:1)
  a +0 club
(19, -5, D:1)
  a +0 club
(33, 1, D:1)
  a +0 robe
(52, -4, D:1)
  a +0 leather armour

Level 2 of the Dungeon
(0, 0, D:2)
  a scroll of enchant armour
(2, -3, D:2)
  17 gold pieces
(10, -9, D:2)
  a +0 spear
(24, 17, D:2)
  a +0 club
(43, 13, D:2)
  a +0 dagger
  a +0 hunting sling

Level 3 of the Dungeon
(0, 0, D:3)
  19 sling bullets
(1, 0, D:3)
  19 arrows
(8, -2, D:3)
  a sling bullet
(8, 0, D:3)
  a stone
(9, -3, D:3)
  2 sling bullets
(9, 1, D:3)
  a stone
(10, -4, D:3)
  2 sling bullets
(12, -3, D:3)
  7 gold pieces

