Lautez

Level 1 of the Dungeon
(0, 0, D:1)
  3 gold pieces
(2, 1, D:1)
  17 arrows
(4, 10, D:1)
  a potion of curing
(5, -2, D:1)
  a +0 pair of gloves
(5, 26, D:1)
  a +0 club
(7, 32, D:1)
  a ration
(8, 21, D:1)
  11 gold pieces
(10, 20, D:1)
  2 tomahawks
(19, -1, D:1)
  11 gold pieces
(19, 12, D:1)
  a +0 pair of gloves
(19, 19, D:1)
  a scroll of remove curse
(23, -7, D:1)
  a ration
(30, 10, D:1)
  a potion of resistance
(34, -4, D:1)
  16 poisoned needles
(35, 0, D:1)
  a potion of heal wounds
(39, -6, D:1)
  14 gold pieces
(43, 5, D:1)
  a +0 rapier of electrocution
  a +0 cloak
  a +0 pair of gloves
  the human corpse of Nikola
(49, 0, D:1)
  12 stones
(51, -6, D:1)
  a potion of degeneration

