Ecexoem

Level 1 of the Dungeon
(4, -20, D:1)
  a +0 ring mail
(16, -29, D:1)
  a +0 pair of gloves
(26, -26, D:1)
  a +0 club
(33, -17, D:1)
  a cursed -2 dagger
  a +0 robe
(37, -27, D:1)
  a +0 robe
(47, -32, D:1)
  a +0 short sword
(47, -26, D:1)
  a +0 short sword
(50, -20, D:1)
  a +0 dagger
(51, 2, D:1)
  a +0 short sword
(55, -3, D:1)
  a +0 club

Level 2 of the Dungeon
(0, 0, D:2)
  a stone
(8, 12, D:2)
  a +0 scale mail
(11, -16, D:2)
  a stone
(11, -13, D:2)
  a bat skeleton
  a bat skeleton
(11, -6, D:2)
  a cursed -3 dagger
  a goblin skeleton
(12, 1, D:2)
  a +0 club
(20, 14, D:2)
  a +0 leather armour
(22, 11, D:2)
  a +0 dagger
(24, -12, D:2)
  2 stones
(26, -14, D:2)
  a stone
(26, -13, D:2)
  a stone
(28, -15, D:2)
  a ration

