Faghoata

Level 1 of the Dungeon
(8, 15, D:1)
  a +0 pair of gloves
(15, 9, D:1)
  a +0 robe
(20, 3, D:1)
  a cursed -1 halberd
(27, -5, D:1)
  a +0 club
(29, -22, D:1)
  a +0 club
(38, 6, D:1)
  a +0 club
(38, 15, D:1)
  a cursed -1 club
(53, 23, D:1)
  a +0 robe

Level 2 of the Dungeon
(12, -5, D:2)
  a +0 club
(18, 12, D:2)
  a +0 club
(22, 19, D:2)
  a +0 hunting sling
(27, -18, D:2)
  a +0 robe
(27, 3, D:2)
  a +0 plate armour
(32, 26, D:2)
  a +0 ring mail
(34, -14, D:2)
  a +0 flail
(34, 14, D:2)
  a +0 chain mail
  a +0 dagger

Level 3 of the Dungeon
(5, -2, D:3)
  a +0 pair of gloves
(8, -6, D:3)
  a +0 flail
  a +0 club
(9, 14, D:3)
  a +0 club
(11, 22, D:3)
  a +0 mace
(18, -11, D:3)
  a +0 leather armour
  a +0 mace
(20, -11, D:3)
  a +0 leather armour
  a +0 flail
(21, -10, D:3)
  a +0 flail
(21, -1, D:3)
  a +0 robe
  a +0 club
(21, 18, D:3)
  a cursed +0 robe
(23, 29, D:3)
  a +0 pair of gloves
(24, 26, D:3)
  a +0 club
(31, 22, D:3)
  a +0 short sword
(35, -7, D:3)
  a +0 leather armour
  a +0 club
(35, -6, D:3)
  a potion of degeneration

Level 4 of the Dungeon
[Shop] Kuhagrat's Assorted Antiques
  a scroll of silence (187 gold)
  a potion of agility (100 gold)
  a +0 hunting sling of velocity (105 gold)
  a cursed amulet of inaccuracy (50 gold)
  a +0 war axe (87 gold)
  a +0 spear of venom (140 gold)
  a scroll of blinking (187 gold)
(0, 0, D:4)
  a +0 ring mail
(9, 2, D:4)
  a +0 robe
  a cursed -3 dagger
(9, 4, D:4)
  a +0 giant club
(11, 7, D:4)
  a +0 leather armour
(14, 6, D:4)
  a +0 leather armour
(15, 2, D:4)
  a +0 short sword
(19, -2, D:4)
  a +0 spear
(20, -1, D:4)
  a +0 falchion
(23, 5, D:4)
  a +0 club
(29, -1, D:4)
  a +0 robe
  a +0 dagger
(29, 0, D:4)
  a +0 robe
  a +0 dagger
(29, 9, D:4)
  a +0 robe
  a +0 dagger
(29, 18, D:4)
  a +0 spear
(32, 2, D:4)
  a +0 flail
(32, 16, D:4)
  a +0 robe
  a +0 dagger
(33, 8, D:4)
  a +0 trident
(35, 15, D:4)
  a +0 hand axe
(40, 11, D:4)
  a +0 dagger
(40, 26, D:4)
  a +0 dagger

Level 5 of the Dungeon
(0, 0, D:5)
  a +0 long sword
(17, 4, D:5)
  a +0 leather armour
(22, -9, D:5)
  a +0 hand axe
(22, -8, D:5)
  a +0 short sword
(22, 7, D:5)
  a +0 giant spiked club
(23, -9, D:5)
  a +0 mace
(25, -9, D:5)
  a +0 chain mail
  a +0 war axe
(25, 22, D:5)
  a +0 ring mail
(31, 29, D:5)
  a +0 leather armour

Level 6 of the Dungeon
(0, 0, D:6)
  a +0 trident
(6, 3, D:6)
  a +0 giant spiked club
(9, -33, D:6)
  a +0 robe
  a +0 spear
(12, -33, D:6)
  a +0 robe
  a +5 dire flail
(13, -33, D:6)
  a +0 robe
(16, -14, D:6)
  a +0 ring mail
(21, -35, D:6)
  a potion of degeneration
(26, -33, D:6)
  a cursed +0 robe
(29, -33, D:6)
  a +0 animal skin
(39, -31, D:6)
  a +0 ring mail
(53, 2, D:6)
  a +0 plate armour
  a +0 war axe
(66, -27, D:6)
  a potion of degeneration

Level 7 of the Dungeon
[Shop] Ferr's Distillery
  a potion of flight (48 gold)
  a potion of heal wounds (80 gold)
  2 potions of berserk rage (160 gold)
  a potion of cancellation (128 gold)
  a potion of magic (128 gold)
  2 potions of flight (96 gold)
  2 potions of heal wounds (160 gold)
  a potion of degeneration (16 gold)
  2 potions of haste (320 gold)
  2 potions of heal wounds (160 gold)
(0, 0, D:7)
  a +0 falchion
(11, -12, D:7)
  a +0 robe
  a +0 dagger
(15, -15, D:7)
  a +0 leather armour
  a +0 short sword
(16, -17, D:7)
  a +0 leather armour
  a +0 falchion
(33, 5, D:7)
  a +0 hunting sling
(37, -25, D:7)
  a +0 giant club

Level 8 of the Dungeon
(5, -20, D:8)
  a +0 giant club
  a +0 giant club
(6, -19, D:8)
  a +0 ring mail
(6, -5, D:8)
  a +0 quarterstaff
  a +0 hunting sling
(11, -1, D:8)
  a sling bullet
(16, 3, D:8)
  a sling bullet
(31, -24, D:8)
  a +0 plate armour
(34, 0, D:8)
  a +0 chain mail

the Ecumenical Temple

