Wapnulos

Level 1 of the Dungeon
(0, 0, D:1)
  a +0 scale mail
(2, 14, D:1)
  a +0 club
(11, 31, D:1)
  a +0 club
  a +0 club
(15, 30, D:1)
  a +0 club
(20, -3, D:1)
  a +1 leather armour of magic resistance
(21, 29, D:1)
  a +0 club
(38, 10, D:1)
  a +2 ring mail of cold resistance

Level 2 of the Dungeon
(0, 0, D:2)
  a +0 robe
(6, 12, D:2)
  a +2 robe
(7, 0, D:2)
  a +0 pair of gloves
(8, -1, D:2)
  a cursed -2 rapier
(10, 0, D:2)
  a +0 ring mail
(10, 18, D:2)
  a +0 mace
(14, 10, D:2)
  a +0 club
(24, 25, D:2)
  a +0 club
(30, -8, D:2)
  a +0 club
(31, -13, D:2)
  a cursed +0 leather armour
(32, -6, D:2)
  a +0 club
(38, -14, D:2)
  a +0 whip

Level 3 of the Dungeon
(3, -24, D:3)
  a cursed -2 scythe
(3, -22, D:3)
  a +0 dagger
(4, 4, D:3)
  a +0 robe
(6, -12, D:3)
  a +0 club
(11, 2, D:3)
  a stone
(12, 2, D:3)
  a stone
(13, 2, D:3)
  a stone
(13, 6, D:3)
  a +0 robe
(14, -17, D:3)
  a +0 ring mail
(14, 2, D:3)
  a stone
(15, 2, D:3)
  a stone
(18, -21, D:3)
  a +0 short sword
(43, -12, D:3)
  a stone
(45, -15, D:3)
  a +0 club
(46, -13, D:3)
  a +0 short sword
  a +0 blowgun
(46, -7, D:3)
  a +0 club
  a +0 club
  a +0 flail
  a +0 leather armour
(48, -18, D:3)
  a +0 spear
(48, -9, D:3)
  a +0 dagger
  a +0 robe
(49, -18, D:3)
  a +0 club
  a hobgoblin skeleton
(52, -38, D:3)
  a +0 pair of gloves
(62, -12, D:3)
  a +0 mace

