Wasmitwapp

Level 1 of the Dungeon
(0, 0, D:1)
  a scroll of teleportation
(1, 16, D:1)
  a ration
(5, -16, D:1)
  a potion of lignification
(6, 11, D:1)
  a scroll of teleportation
(8, 1, D:1)
  an uncursed ring of protection from cold
(13, 7, D:1)
  a scroll of remove curse
(17, -18, D:1)
  12 gold pieces
(25, -2, D:1)
  20 stones
(28, -5, D:1)
  a potion of mutation
(30, 3, D:1)
  16 gold pieces
(31, -10, D:1)
  a catoblepas corpse
(33, -16, D:1)
  22 bolts
(33, 1, D:1)
  13 stones
(34, -15, D:1)
  a +0 trident
  (unseen)
(34, -13, D:1)
  an adder corpse
(35, -12, D:1)
  a +0 hand axe
(35, -11, D:1)
  an adder corpse
(36, -13, D:1)
  a +0 hand axe
  (unseen)
(36, -9, D:1)
  the +4 staff of Dispater
  (unseen)
(36, 8, D:1)
  a scroll of identify
(37, -10, D:1)
  a rat corpse
(37, -8, D:1)
  a +1 helmet
(38, -10, D:1)
  a +0 spear
  (unseen)
(39, -18, D:1)
  9 gold pieces
(41, 6, D:1)
  14 arrows
(41, 16, D:1)
  a +0 pair of boots
(43, -15, D:1)
  11 stones
(43, -2, D:1)
  a scroll of random uselessness
(44, -14, D:1)
  20 stones

Level 2 of the Dungeon
(0, 0, D:2)
  2 scrolls of teleportation
(10, 6, D:2)
  a +0 ring mail
(14, 2, D:2)
  23 sling bullets

