Ruggeitotu

the Dungeon
(0, 0, D)
  27 gold pieces
(1, 0, D)
  27 gold pieces
(6, -5, D)
  27 gold pieces
(7, -5, D)
  27 gold pieces
(9, -5, D)
  27 gold pieces
(9, -4, D)
  27 gold pieces
(9, 5, D)
  27 gold pieces
(9, 6, D)
  27 gold pieces
(9, 7, D)
  27 gold pieces
(10, -5, D)
  27 gold pieces
(10, -4, D)
  27 gold pieces
(10, 2, D)
  27 gold pieces
(10, 3, D)
  27 gold pieces
(10, 6, D)
  a potion of curing
(10, 7, D)
  17 gold pieces
(10, 9, D)
  a +1 rapier of speed
(10, 10, D)
  Noleoc's Guide on Supportive Bewitchment
    Spells                           Type                      Level
     a - Spectral Weapon              Hexes/Charms                  3
     b - Silence                      Hexes/Air                     5
     c - Summon Demon                 Summoning                     5
     d - Shadow Creatures             Summoning                     6
(11, -5, D)
  27 gold pieces
(11, 6, D)
  27 gold pieces
(11, 7, D)
  34 stones
(11, 9, D)
  19 sling bullets
(11, 10, D)
  a potion of flight
(12, -8, D)
  27 gold pieces
(12, -7, D)
  27 gold pieces
(12, 2, D)
  27 gold pieces
(12, 3, D)
  27 gold pieces
(12, 6, D)
  2 potions of curing
(12, 7, D)
  a ration
(12, 9, D)
  a wand of acid (8)
(12, 10, D)
  a +2 arbalest of flaming
(13, -8, D)
  27 gold pieces
(13, -7, D)
  27 gold pieces
(13, -5, D)
  12 stones
(13, -4, D)
  21 gold pieces
(13, 0, D)
  a ration
(13, 5, D)
  27 gold pieces
(13, 6, D)
  27 gold pieces
(13, 7, D)
  27 gold pieces
(13, 9, D)
  a +1 robe of the Archmagi
(14, 2, D)
  27 gold pieces
(15, 0, D)
  a ration
(15, 2, D)
  27 gold pieces
(16, 0, D)
  12 gold pieces
(17, 0, D)
  8 gold pieces
(17, 2, D)
  27 gold pieces
(18, -8, D)
  27 gold pieces
(18, -7, D)
  27 gold pieces
(18, -5, D)
  23 stones
(18, 0, D)
  17 stones
(18, 2, D)
  27 gold pieces
(19, -8, D)
  27 gold pieces
(19, -7, D)
  27 gold pieces
(19, -5, D)
  2 javelins
(20, 1, D)
  a scroll of random uselessness
(20, 2, D)
  a scroll of identify
(21, -4, D)
  27 gold pieces
(21, -2, D)
  27 gold pieces
(22, -4, D)
  27 gold pieces
(22, -2, D)
  27 gold pieces
(24, 0, D)
  27 gold pieces
(24, 1, D)
  27 gold pieces
(24, 3, D)
  27 gold pieces
(24, 5, D)
  27 gold pieces
(24, 10, D)
  a ration
(24, 11, D)
  10 gold pieces
(24, 12, D)
  a +0 flail
(24, 13, D)
  27 gold pieces
(25, -8, D)
  11 gold pieces
(25, 10, D)
  a +0 cloak
(25, 11, D)
  12 gold pieces
(25, 13, D)
  27 gold pieces
(26, -8, D)
  a scroll of identify
(26, 6, D)
  10 gold pieces
(26, 8, D)
  an uncursed amulet of guardian spirit
(26, 9, D)
  a wand of iceblast (8)
(26, 10, D)
  16 gold pieces
(26, 13, D)
  27 gold pieces
(26, 17, D)
  the Orb of Zot
(27, 4, D)
  a ration
(27, 6, D)
  a +0 ring mail
(27, 8, D)
  a scroll of immolation
(27, 13, D)
  27 gold pieces
(28, -7, D)
  27 gold pieces
(28, -6, D)
  27 gold pieces
(28, -5, D)
  27 gold pieces
(28, 8, D)
  12 gold pieces
(28, 13, D)
  27 gold pieces
(29, -8, D)
  27 gold pieces
(29, 3, D)
  27 gold pieces
(29, 4, D)
  27 gold pieces
(29, 5, D)
  27 gold pieces
(29, 6, D)
  27 gold pieces
(30, -8, D)
  27 gold pieces
(30, -6, D)
  a wand of polymorph (6)
(30, 3, D)
  27 gold pieces
(30, 4, D)
  27 gold pieces
(30, 5, D)
  27 gold pieces
(30, 6, D)
  27 gold pieces
(30, 7, D)
  27 gold pieces
(31, 4, D)
  27 gold pieces
(31, 5, D)
  27 gold pieces
(31, 6, D)
  27 gold pieces
(31, 7, D)
  27 gold pieces
(32, -5, D)
  27 gold pieces
(32, -4, D)
  27 gold pieces
(32, -3, D)
  27 gold pieces
(32, -2, D)
  27 gold pieces
(32, 2, D)
  27 gold pieces
(32, 3, D)
  a +0 cloak
(32, 4, D)
  27 gold pieces
(32, 5, D)
  27 gold pieces
(32, 6, D)
  27 gold pieces
(32, 7, D)
  27 gold pieces
(33, -2, D)
  27 gold pieces
(33, 2, D)
  27 gold pieces
(33, 3, D)
  27 gold pieces
(33, 4, D)
  27 gold pieces
(33, 5, D)
  27 gold pieces
(33, 6, D)
  27 gold pieces
(34, -2, D)
  27 gold pieces
(34, 4, D)
  27 gold pieces
(34, 5, D)
  27 gold pieces
(34, 6, D)
  27 gold pieces
(35, 3, D)
  27 gold pieces
(35, 4, D)
  27 gold pieces
(35, 5, D)
  27 gold pieces
(36, 4, D)
  27 gold pieces
(36, 5, D)
  27 gold pieces
(37, 4, D)
  27 gold pieces
(37, 5, D)
  27 gold pieces
(38, -5, D)
  an uncursed staff of air
(39, -5, D)
  a wand of polymorph (4)
(39, -4, D)
  27 gold pieces
(40, -7, D)
  27 gold pieces
(40, -5, D)
  11 gold pieces
(40, -4, D)
  27 gold pieces
(41, -8, D)
  27 gold pieces
(41, -4, D)
  27 gold pieces
(41, -3, D)
  27 gold pieces
(41, -2, D)
  27 gold pieces
(41, -1, D)
  27 gold pieces
(41, 0, D)
  27 gold pieces
(41, 11, D)
  27 gold pieces
(41, 12, D)
  27 gold pieces
(41, 13, D)
  27 gold pieces
(41, 14, D)
  27 gold pieces
(41, 16, D)
  an uncursed staff of conjuration
(41, 17, D)
  a lightning rod (4/4)
(42, 11, D)
  27 gold pieces
(42, 12, D)
  27 gold pieces
(42, 13, D)
  27 gold pieces
(42, 14, D)
  27 gold pieces
(42, 16, D)
  the +8 demon trident "Rift" {distort, reach+}
    It warps and distorts space around it. Unwielding it can cause banishment or
    high damage.
(42, 17, D)
  an uncursed staff of wizardry
(43, 12, D)
  27 gold pieces
(43, 13, D)
  27 gold pieces
(43, 14, D)
  27 gold pieces
(44, 13, D)
  27 gold pieces
(44, 14, D)
  27 gold pieces
(44, 16, D)
  a book of Debilitation
(44, 17, D)
  a +0 antimagic great sword
(45, 16, D)
  a +2 longbow of freezing
(45, 17, D)
  an uncursed ring of positive energy
(46, -8, D)
  27 gold pieces
(46, -7, D)
  27 gold pieces
(46, -6, D)
  27 gold pieces
(46, -5, D)
  27 gold pieces
(47, -8, D)
  27 gold pieces
(47, -7, D)
  27 gold pieces
(47, -6, D)
  27 gold pieces
(47, -5, D)
  27 gold pieces
(47, -4, D)
  27 gold pieces
(47, -2, D)
  a +4 hand crossbow
(47, 6, D)
  27 gold pieces
(47, 16, D)
  27 gold pieces
(47, 17, D)
  27 gold pieces
(48, -8, D)
  27 gold pieces
(48, -7, D)
  27 gold pieces
(48, -6, D)
  10 stones
(48, -5, D)
  27 gold pieces
(48, -4, D)
  27 gold pieces
(48, 6, D)
  27 gold pieces
(48, 7, D)
  27 gold pieces
(48, 16, D)
  27 gold pieces
(48, 17, D)
  27 gold pieces
(49, -8, D)
  27 gold pieces
(49, -7, D)
  27 gold pieces
(49, -6, D)
  27 gold pieces
(49, -5, D)
  27 gold pieces
(49, -4, D)
  27 gold pieces
(49, -2, D)
  a scroll of enchant armour
(49, 6, D)
  27 gold pieces
(49, 7, D)
  27 gold pieces
(49, 8, D)
  a cursed +0 leather armour
(49, 17, D)
  27 gold pieces
(50, -6, D)
  27 gold pieces
(50, -5, D)
  27 gold pieces
(50, -4, D)
  27 gold pieces
(50, 6, D)
  27 gold pieces
(50, 7, D)
  27 gold pieces
(50, 8, D)
  a scroll of immolation
(50, 17, D)
  27 gold pieces
(51, -8, D)
  a +1 broad axe of freezing
(51, 4, D)
  a cursed staff of fire
(51, 6, D)
  27 gold pieces
(51, 7, D)
  27 gold pieces
(51, 8, D)
  a scroll of immolation
(51, 17, D)
  27 gold pieces
(52, -8, D)
  a fan of gales
(52, -7, D)
  a book of Battle
(52, -5, D)
  27 gold pieces
(52, -4, D)
  8 gold pieces
(52, -3, D)
  27 gold pieces
(52, 3, D)
  a cursed staff of summoning
(52, 6, D)
  27 gold pieces
(52, 7, D)
  27 gold pieces
(52, 8, D)
  a +0 scale mail
(52, 17, D)
  27 gold pieces
(53, -8, D)
  a +3 ring mail of fire resistance
(53, -7, D)
  a +2 leather armour of fire resistance
(53, -5, D)
  27 gold pieces
(53, -3, D)
  27 gold pieces
(53, 6, D)
  27 gold pieces
(53, 7, D)
  27 gold pieces
(53, 8, D)
  9 gold pieces
(53, 17, D)
  27 gold pieces
(54, -8, D)
  27 gold pieces
(54, -7, D)
  27 gold pieces
(54, -5, D)
  27 gold pieces
(54, -4, D)
  8 needles of frenzy
(54, -3, D)
  27 gold pieces
(54, 6, D)
  27 gold pieces
(54, 7, D)
  27 gold pieces
(54, 8, D)
  a scroll of remove curse
(54, 17, D)
  27 gold pieces
(55, -8, D)
  27 gold pieces
(55, -7, D)
  27 gold pieces
(55, 6, D)
  27 gold pieces
(55, 7, D)
  27 gold pieces
(56, -8, D)
  27 gold pieces
(56, -7, D)
  27 gold pieces
(56, -6, D)
  27 gold pieces
(56, -5, D)
  27 gold pieces
(56, -4, D)
  27 gold pieces
(56, -3, D)
  27 gold pieces
(56, -2, D)
  27 gold pieces
(56, 6, D)
  27 gold pieces
(57, -8, D)
  27 gold pieces
(57, -7, D)
  27 gold pieces
(57, -6, D)
  27 gold pieces
(57, -5, D)
  27 gold pieces
(57, -4, D)
  27 gold pieces
(57, -3, D)
  27 gold pieces
(57, -2, D)
  27 gold pieces
(57, -1, D)
  27 gold pieces
(57, 8, D)
  27 gold pieces
(58, -8, D)
  27 gold pieces
(58, -7, D)
  27 gold pieces
(58, -6, D)
  27 gold pieces
(58, -5, D)
  27 gold pieces
(58, -4, D)
  27 gold pieces
(58, -3, D)
  27 gold pieces
(58, -2, D)
  27 gold pieces
(58, -1, D)
  27 gold pieces
(58, 0, D)
  27 gold pieces
(58, 1, D)
  27 gold pieces
(58, 6, D)
  27 gold pieces
(58, 7, D)
  27 gold pieces
(58, 8, D)
  27 gold pieces
(58, 9, D)
  27 gold pieces
(59, -8, D)
  27 gold pieces
(59, -7, D)
  27 gold pieces
(59, -6, D)
  27 gold pieces
(59, -5, D)
  27 gold pieces
(59, -4, D)
  27 gold pieces
(59, -3, D)
  27 gold pieces
(59, -2, D)
  27 gold pieces
(59, -1, D)
  27 gold pieces
(59, 0, D)
  27 gold pieces
(59, 1, D)
  27 gold pieces
(59, 2, D)
  27 gold pieces
(59, 3, D)
  5 gold pieces
(59, 4, D)
  27 gold pieces
(59, 5, D)
  27 gold pieces
(59, 6, D)
  27 gold pieces
(59, 7, D)
  27 gold pieces
(59, 8, D)
  27 gold pieces
(59, 9, D)
  27 gold pieces
(59, 10, D)
  27 gold pieces
(59, 11, D)
  27 gold pieces

