Bemac

Level 1 of the Dungeon
(0, 0, D:1)
  a ration
(0, 25, D:1)
  a potion of ambrosia
(0, 33, D:1)
  a potion of curing
(3, 22, D:1)
  a scroll of immolation
(9, -4, D:1)
  a scroll of identify
(9, 20, D:1)
  5 gold pieces
(11, 12, D:1)
  21 stones
(15, 2, D:1)
  a +2 short sword of protection
(19, -4, D:1)
  a scroll of teleportation
(19, 16, D:1)
  10 gold pieces
(23, 7, D:1)
  a +0 robe
(24, -9, D:1)
  8 bolts
(25, 19, D:1)
  a +0 leather armour
(35, 22, D:1)
  a +0 mace
(36, 17, D:1)
  12 gold pieces
(43, -9, D:1)
  a ration
(44, 38, D:1)
  13 gold pieces
(44, 40, D:1)
  a ration
(45, 12, D:1)
  a scroll of magic mapping
(49, 31, D:1)
  a scroll of identify
(52, -2, D:1)
  8 gold pieces

Level 2 of the Dungeon
(0, 0, D:2)
  a potion of curing
(3, 2, D:2)
  a potion of might
(3, 3, D:2)
  a +0 falchion
(3, 4, D:2)
  a scroll of teleportation
(4, 2, D:2)
  a +0 plate armour
(4, 3, D:2)
  a +0 hand axe
(4, 4, D:2)
  9 gold pieces
(5, 2, D:2)
  10 gold pieces
(5, 3, D:2)
  a scroll of identify
(5, 4, D:2)
  a +0 whip
(10, 6, D:2)
  a potion of curing
(16, 5, D:2)
  a +0 scale mail
(21, 14, D:2)
  a +0 dagger
(22, 21, D:2)
  a scroll of teleportation
(23, 30, D:2)
  a potion of heal wounds
(23, 38, D:2)
  7 gold pieces
(25, 18, D:2)
  a potion of haste
(26, 20, D:2)
  3 scrolls of magic mapping
(29, 12, D:2)
  8 gold pieces
(31, 5, D:2)
  12 gold pieces
(31, 15, D:2)
  13 gold pieces
(35, 14, D:2)
  a +0 dagger
(37, 5, D:2)
  a scroll of enchant weapon
(38, 32, D:2)
  a scroll of amnesia
(39, 18, D:2)
  a +0 short sword
(42, 31, D:2)
  9 gold pieces
(42, 32, D:2)
  12 gold pieces
(44, 41, D:2)
  a scroll of identify
(45, 49, D:2)
  a scroll of identify
(45, 55, D:2)
  11 gold pieces
(48, 42, D:2)
  a +0 robe
(49, 27, D:2)
  a cursed ring of attention
(51, 56, D:2)
  a +0 club
(60, 16, D:2)
  a scroll of immolation
(60, 21, D:2)
  a ration
(61, 14, D:2)
  a potion of curing
(64, 36, D:2)
  an uncursed ring of positive energy

Level 3 of the Dungeon
(0, 0, D:3)
  3 scrolls of remove curse
(4, -10, D:3)
  18 gold pieces
(8, -10, D:3)
  an uncursed ring of flight
(11, -29, D:3)
  a +0 dagger
(20, -16, D:3)
  21 arrows
(23, -44, D:3)
  a ration
(23, -13, D:3)
  a potion of invisibility
(24, -22, D:3)
  13 gold pieces
(32, -31, D:3)
  a potion of degeneration
(34, -13, D:3)
  2 potions of berserk rage
(35, -7, D:3)
  a scroll of enchant armour
(42, -8, D:3)
  an uncursed amulet of the gourmand
(52, -36, D:3)
  14 gold pieces
(54, -38, D:3)
  a +0 war axe
(58, -46, D:3)
  a +0 robe

Level 4 of the Dungeon
(0, 0, D:4)
  9 sling bullets
(1, -26, D:4)
  a wand of random effects (18)
(5, 5, D:4)
  a wand of polymorph (6)
(13, -9, D:4)
  a ration
(18, -30, D:4)
  17 arrows
(18, 13, D:4)
  17 gold pieces
(38, -7, D:4)
  a potion of degeneration
(44, -39, D:4)
  a potion of curing
(44, -29, D:4)
  a +0 leather armour
(52, -12, D:4)
  a ration
(52, -1, D:4)
  7 gold pieces
(54, -23, D:4)
  a potion of heal wounds
(61, -32, D:4)
  9 gold pieces

Level 5 of the Dungeon
(0, 0, D:5)
  an uncursed amulet of guardian spirit

Level 6 of the Dungeon
(0, 0, D:6)
  11 gold pieces
(4, -41, D:6)
  a +0 scale mail
(15, 4, D:6)
  a +0 whip
(28, -1, D:6)
  14 gold pieces

Level 7 of the Dungeon
(0, 0, D:7)
  19 arrows
(5, -18, D:7)
  a +0 hunting sling
(6, -44, D:7)
  a scroll of identify
(6, 8, D:7)
  a gold piece
(7, -8, D:7)
  9 gold pieces
(8, 8, D:7)
  a gold piece
(10, 8, D:7)
  a gold piece
(11, -3, D:7)
  a +0 robe
(12, 8, D:7)
  a gold piece
(14, 8, D:7)
  a gold piece
(15, 7, D:7)
  a gold piece
(15, 9, D:7)
  a gold piece
(20, -23, D:7)
  a ration
(27, -16, D:7)
  a sack of spiders
(27, -13, D:7)
  a +3 scale mail of poison resistance
(28, -16, D:7)
  the cursed +1 leather armour "Sigruoto" {rN++}
    It greatly protects you from negative energy.
    It has a curse placed upon it.
(28, -14, D:7)
  a +4 ring of evasion
(29, -16, D:7)
  an uncursed ring of see invisible
(29, -15, D:7)
  a +3 chain mail of magic resistance
(29, -14, D:7)
  an uncursed staff of earth
(37, -44, D:7)
  a potion of mutation
(46, -22, D:7)
  8 gold pieces
(59, 8, D:7)
  a +0 club

Level 8 of the Dungeon
(0, 0, D:8)
  a scroll of identify
(3, 12, D:8)
  19 stones
(5, 7, D:8)
  a +0 club
(8, 3, D:8)
  17 gold pieces
(12, -3, D:8)
  a +0 leather armour
(20, -4, D:8)
  a scroll of remove curse
(22, 8, D:8)
  a book of Flames
(23, -3, D:8)
  a scroll of identify
(24, 5, D:8)
  24 gold pieces
(26, -4, D:8)
  an uncursed staff of fire
(40, 18, D:8)
  a +0 ring mail
(47, 30, D:8)
  26 stones

Level 9 of the Dungeon
(0, 0, D:9)
  12 gold pieces
(8, -10, D:9)
  a ration
(9, -22, D:9)
  a scroll of remove curse
(12, -15, D:9)
  10 bolts
(18, -19, D:9)
  7 tomahawks of returning
(20, -16, D:9)
  a book of Party Tricks
(22, -15, D:9)
  a ration
(23, -32, D:9)
  20 gold pieces
(28, -19, D:9)
  a wand of digging (7)
(29, -28, D:9)
  17 gold pieces
(34, -12, D:9)
  7 gold pieces
(41, -24, D:9)
  18 gold pieces
(41, -23, D:9)
  17 gold pieces
(41, -22, D:9)
  16 gold pieces
(41, -21, D:9)
  21 gold pieces
(42, -24, D:9)
  9 gold pieces
(42, -23, D:9)
  16 gold pieces
(42, -22, D:9)
  10 gold pieces
(42, -21, D:9)
  9 gold pieces
(43, -24, D:9)
  12 gold pieces
(43, -23, D:9)
  10 gold pieces
(43, -22, D:9)
  11 gold pieces
(43, -21, D:9)
  3 gold pieces
(43, -16, D:9)
  a scroll of remove curse
(49, -17, D:9)
  a Young Poisoner's Handbook
(50, -32, D:9)
  a +0 quarterstaff
(56, -10, D:9)
  24 sling bullets

Level 10 of the Dungeon
(0, 0, D:10)
  12 gold pieces
(5, 1, D:10)
  a ration
(7, 15, D:10)
  a potion of curing
(14, 9, D:10)
  18 arrows
(21, -15, D:10)
  a potion of brilliance
(26, -32, D:10)
  a scroll of enchant armour
(26, -21, D:10)
  a +0 scale mail
(28, 19, D:10)
  12 gold pieces
(29, -22, D:10)
  a scroll of identify
(30, -12, D:10)
  8 poisoned tomahawks
(31, -11, D:10)
  17 gold pieces
(32, -21, D:10)
  an uncursed amulet of harm
(32, -10, D:10)
  a +0 robe
(34, -19, D:10)
  17 bolts
(34, 11, D:10)
  18 gold pieces
(38, 8, D:10)
  10 gold pieces
(39, 17, D:10)
  a potion of curing
(43, -2, D:10)
  16 gold pieces
(44, 3, D:10)
  a +0 dire flail
(49, -19, D:10)
  a +0 chain mail
(51, 2, D:10)
  a +0 dagger
(51, 6, D:10)
  a potion of magic
(55, 18, D:10)
  6 tomahawks
(60, 7, D:10)
  22 stones
(63, -25, D:10)
  a scroll of identify
(63, -22, D:10)
  2 rations
(63, -21, D:10)
  a ration
(64, -22, D:10)
  a ration
(64, -21, D:10)
  a ration

Level 11 of the Dungeon
(0, 0, D:11)
  a scroll of identify
(5, 1, D:11)
  a +0 trident
(26, -4, D:11)
  13 gold pieces
(27, 22, D:11)
  a +0 leather armour
(33, 26, D:11)
  a +2 trident of piercing
(38, -12, D:11)
  a +2 morningstar of freezing
(41, -10, D:11)
  a potion of agility
(41, 26, D:11)
  13 gold pieces
(43, 28, D:11)
  19 gold pieces
(45, 34, D:11)
  a ration
(48, 36, D:11)
  a potion of resistance
(49, -8, D:11)
  a +0 scale mail
(49, 14, D:11)
  a potion of resistance
(51, -16, D:11)
  11 gold pieces
(55, -16, D:11)
  a potion of flight

Level 12 of the Dungeon
(0, 0, D:12)
  a scroll of remove curse
(6, -17, D:12)
  a potion of lignification
(11, 17, D:12)
  14 gold pieces
(14, -9, D:12)
  a scroll of identify
(17, -9, D:12)
  a +0 chain mail
(23, 15, D:12)
  an uncursed amulet of faith
(30, 3, D:12)
  a +0 dagger
(43, 19, D:12)
  10 gold pieces
(46, 25, D:12)
  3 scrolls of torment

Level 13 of the Dungeon
(0, 0, D:13)
  a scroll of silence
(0, 4, D:13)
  15 stones
(0, 7, D:13)
  23 gold pieces
(6, 6, D:13)
  a ration
(6, 7, D:13)
  23 gold pieces
(13, 21, D:13)
  a +0 robe
(15, 34, D:13)
  15 stones
(16, 35, D:13)
  a +2 large shield
(18, 35, D:13)
  a scroll of noise
(19, -10, D:13)
  23 gold pieces
(20, -2, D:13)
  a ration
(20, 24, D:13)
  a potion of curing
(20, 29, D:13)
  a potion of haste
(23, 32, D:13)
  a scroll of remove curse
(25, 29, D:13)
  a ration
(27, 10, D:13)
  25 bolts
(30, 16, D:13)
  11 gold pieces
(34, 33, D:13)
  a +0 scale mail
(35, 10, D:13)
  a ration
(38, -3, D:13)
  a scroll of immolation
(38, 20, D:13)
  a +0 great sword
(42, 28, D:13)
  the cursed -5 pair of gloves "Goxer" {rC+}
    It protects you from cold.
    It has a curse placed upon it.
(44, 0, D:13)
  a ration
(44, 21, D:13)
  a +0 falchion
(45, 0, D:13)
  a cursed +0 leather armour
(45, 29, D:13)
  a scroll of enchant armour
(50, 12, D:13)
  4 curare-tipped needles

Level 14 of the Dungeon
(0, 0, D:14)
  10 gold pieces
(11, -1, D:14)
  a +0 short sword
(11, 7, D:14)
  a +0 dagger
(15, -6, D:14)
  a scroll of remove curse
(17, -4, D:14)
  4 poisoned needles
(18, 1, D:14)
  a +0 trident
(21, 9, D:14)
  a +0 ring mail
(23, -5, D:14)
  a ration
(30, 3, D:14)
  a +2 helmet
(35, -23, D:14)
  a potion of agility
(36, 15, D:14)
  a +0 flail
(38, -15, D:14)
  a scroll of identify
(39, 17, D:14)
  a wand of enslavement (14)
(39, 18, D:14)
  a wand of polymorph (5)
(40, -20, D:14)
  a +3 ring of strength
(42, -3, D:14)
  16 gold pieces
(47, -24, D:14)
  13 stones
(47, -6, D:14)
  25 gold pieces
(48, 9, D:14)
  a +0 robe
(48, 10, D:14)
  28 gold pieces
(50, -18, D:14)
  23 gold pieces
(51, -24, D:14)
  23 gold pieces
(51, -8, D:14)
  22 arrows
(52, 3, D:14)
  the cursed +2 flail of Integrity {flame, +Inv Int+2}
    It has been specially enchanted to burn those struck by it, causing extra
    injury to most foes and up to half again as much damage against particularly
    susceptible opponents.
    
    It affects your intelligence (+2).
    It lets you turn invisible.
    It has a curse placed upon it.
(54, -25, D:14)
  14 gold pieces

