Rokinapp

Level 1 of the Dungeon
(34, 9, D:1)
  a +0 dagger
(40, 31, D:1)
  a potion of degeneration

Level 2 of the Dungeon
(12, -11, D:2)
  a +0 club
(16, 0, D:2)
  a +0 club
(24, 34, D:2)
  a +0 club
  a +0 short sword
(29, 16, D:2)
  a +0 spear
(35, 19, D:2)
  a +0 club
(41, 27, D:2)
  a +0 leather armour

Level 3 of the Dungeon
(0, 0, D:3)
  11 gold pieces
(0, 1, D:3)
  18 gold pieces
(0, 2, D:3)
  16 gold pieces
(1, 0, D:3)
  16 gold pieces
(1, 1, D:3)
  8 gold pieces
(1, 2, D:3)
  8 gold pieces
(2, 1, D:3)
  5 gold pieces
(9, -11, D:3)
  a +0 dagger
(11, -19, D:3)
  a +0 whip
(23, 13, D:3)
  a +0 spear
  a +0 mace
  a +0 club
  a +0 club
(31, -13, D:3)
  13 gold pieces
(32, -13, D:3)
  10 gold pieces
(32, -12, D:3)
  23 stones
(40, 7, D:3)
  a +0 dagger
(42, -11, D:3)
  a +0 club
(49, 21, D:3)
  a +0 ring mail
(50, 5, D:3)
  a +0 club
(55, 11, D:3)
  a cursed -1 dagger

Level 4 of the Dungeon
(0, 0, D:4)
  a +0 short sword
(23, -35, D:4)
  a +0 leather armour
(27, -2, D:4)
  a +0 robe
(31, -5, D:4)
  a stone
(32, -33, D:4)
  a +0 trident
(32, -3, D:4)
  a stone
(32, -2, D:4)
  a stone
(33, -6, D:4)
  a stone
(34, -25, D:4)
  a +0 flail
(34, -4, D:4)
  a stone
(35, -7, D:4)
  5 large rocks
(35, -2, D:4)
  5 large rocks
(41, -25, D:4)
  a +0 scale mail
(41, -5, D:4)
  a +0 whip

Level 5 of the Dungeon
(19, 3, D:5)
  a +1 war axe of flaming
(19, 9, D:5)
  a +0 scimitar
(21, 32, D:5)
  a +0 ring mail
(22, 27, D:5)
  a +0 ring mail
(23, 3, D:5)
  the +9 morningstar of Fear {venom, rElec rPois rF- MR++}
    It poisons the flesh of those it strikes.
    
    It makes you vulnerable to fire.
    It insulates you from electricity.
    It protects you from poison.
    It affects your resistance to hostile enchantments.
(23, 9, D:5)
  a +0 halberd
(23, 16, D:5)
  a +0 leather armour
  a +0 hand axe
(27, 1, D:5)
  a +0 falchion
(28, -22, D:5)
  a +0 trident
(32, 13, D:5)
  a +0 chain mail

Level 6 of the Dungeon
[Shop] Sokagucs's Jewellery Shoppe
  an uncursed ring of see invisible (180 gold)
  a cursed ring of attention (54 gold)
  an uncursed ring of flight (210 gold)
  a cursed -3 ring of intelligence (24 gold)
  the amulet of Wod Mesuyh {MR+ Regen+} (511 gold)
    [amulet of regeneration]
    
    It affects your resistance to hostile enchantments.
    It increases your rate of regeneration.
(4, 1, D:6)
  a +0 dagger
  a cursed +0 animal skin
(6, 0, D:6)
  a -6 ring of protection
(35, 24, D:6)
  a +0 plate armour
  a +0 mace

Level 7 of the Dungeon
(0, 0, D:7)
  a cursed -1 ring mail
(9, -1, D:7)
  a +0 chain mail
(11, -3, D:7)
  a +0 robe
(17, 15, D:7)
  a cursed -3 club
(19, -5, D:7)
  a +0 chain mail
(19, 20, D:7)
  a +0 ring mail
(24, -2, D:7)
  an uncursed ring of attention
  a -2 ring of dexterity
(24, 9, D:7)
  a +0 flail
(26, -11, D:7)
  a +0 chain mail
  a +0 mace
(26, -10, D:7)
  a +0 giant club
(31, 1, D:7)
  a +0 robe
(31, 13, D:7)
  a +0 giant spiked club
(39, -3, D:7)
  a cursed -2 hunting sling

Level 8 of the Dungeon
(0, 0, D:8)
  a +0 robe
(0, 2, D:8)
  a +0 falchion
(7, -11, D:8)
  a +0 mace
(10, -44, D:8)
  a +0 robe
  a +0 dagger
  a +0 robe
  a +0 dagger
(13, -21, D:8)
  a +0 giant club
  a +0 giant spiked club
(13, -3, D:8)
  a +0 club
(18, -45, D:8)
  a +0 chain mail
  a +0 mace
(21, -7, D:8)
  a +0 hunting sling
(24, -9, D:8)
  a +0 rapier
(25, -30, D:8)
  a +0 giant spiked club
(26, -40, D:8)
  a +0 giant spiked club
(31, -31, D:8)
  a +0 giant club
(36, -27, D:8)
  a +0 robe
(41, -39, D:8)
  a +0 rapier

Level 9 of the Dungeon
(0, 0, D:9)
  a +0 club
(1, -5, D:9)
  a +0 club
(2, -7, D:9)
  a +0 mace
  a +0 mace
  a +0 scale mail
  a +0 war axe
  a +0 chain mail
  a +0 flail
  a +0 mace
  a +0 leather armour
  a +0 dagger
  a +0 robe
  a +0 mace
(3, -8, D:9)
  a +0 trident
  a +0 trident
(3, 1, D:9)
  a +0 trident
(5, 3, D:9)
  a cursed -1 dagger
(5, 4, D:9)
  a +0 dagger
  a +0 robe
(8, -12, D:9)
  a +0 leather armour
  a +0 hand axe
(9, -14, D:9)
  a +0 mace
(10, -13, D:9)
  a +0 scale mail
  a +0 hand axe
(10, 5, D:9)
  a +0 short sword
  a +0 leather armour
(11, -12, D:9)
  a +0 dagger
  a +0 club
(11, -10, D:9)
  a +0 trident
  a +0 scale mail
(11, 6, D:9)
  a cursed +0 dagger
  a +0 leather armour
(13, 8, D:9)
  a +0 robe
  a +0 dagger
(13, 11, D:9)
  a +0 ring mail
(14, 28, D:9)
  a +1 dagger of venom
(15, 27, D:9)
  a scroll of immolation
(15, 28, D:9)
  17 gold pieces
(16, 6, D:9)
  a +0 ring mail
  a +0 flail
  a +0 short sword
(18, 21, D:9)
  a +0 chain mail
(20, -4, D:9)
  a +0 robe
  a +0 giant club
(21, 18, D:9)
  a +0 chain mail
  a +0 short sword
  a +1 dagger of speed
(24, 14, D:9)
  a +0 animal skin
  a +0 spear
(25, -6, D:9)
  a +0 whip
(26, -7, D:9)
  a +0 ring mail
  a +0 dagger
(27, 14, D:9)
  a +0 chain mail
(32, 13, D:9)
  a +3 leather armour
(32, 14, D:9)
  a +3 chain mail
(33, 12, D:9)
  a +0 mace of holy wrath
(33, 13, D:9)
  59 bolts
  a +0 long sword of holy wrath
  a +1 hand axe of chopping
  a +2 flail of holy wrath
  3 needles of paralysis
  a +0 broad axe
  23 sling bullets
(33, 14, D:9)
  a +0 hand axe
(34, 12, D:9)
  a +0 quarterstaff of protection
(35, 12, D:9)
  a potion of ambrosia
  a potion of invisibility
  a potion of magic
  an uncursed amulet of harm
  an uncursed amulet of guardian spirit
(35, 13, D:9)
  2 scrolls of amnesia
  an uncursed amulet of the gourmand
  a potion of mutation
  an uncursed staff of earth
(47, -9, D:9)
  a +0 falchion

Level 10 of the Dungeon
(0, 0, D:10)
  a +1 dagger of speed
  a +0 robe
(0, 3, D:10)
  a +0 club
(0, 4, D:10)
  a +0 dagger
  a +0 robe
(0, 9, D:10)
  a +0 war axe
(1, -2, D:10)
  a +0 dagger
  a +0 robe
(1, 7, D:10)
  a +0 flail
(1, 16, D:10)
  a +0 ring mail
(2, -2, D:10)
  a +0 flail
(2, 34, D:10)
  a +0 ring mail
(3, -2, D:10)
  a cursed -1 flail
(18, 30, D:10)
  a +0 robe
(45, 25, D:10)
  a +0 ring mail
(48, 27, D:10)
  a +0 shortbow
(51, 24, D:10)
  a +0 shortbow

Level 11 of the Dungeon
(0, 0, D:11)
  an arrow
(1, 0, D:11)
  an arrow
(6, -8, D:11)
  an arrow
(6, -7, D:11)
  2 arrows
(7, -5, D:11)
  an arrow
(7, -4, D:11)
  an arrow
(16, -9, D:11)
  22 stones

the Ecumenical Temple

Level 1 of the Lair of Beasts
(0, 0, Lair:1)
  a +0 club
(1, 15, Lair:1)
  a +0 ring mail
(4, -1, Lair:1)
  a +0 war axe
(13, 12, Lair:1)
  a +0 scimitar
(35, 27, Lair:1)
  a +0 robe
(41, 19, Lair:1)
  a +0 rapier

Level 2 of the Lair of Beasts
(0, 0, Lair:2)
  a +0 scale mail
(33, -25, Lair:2)
  a +0 giant club
(40, -3, Lair:2)
  a cursed -3 great mace
(53, -24, Lair:2)
  a +0 battleaxe
(55, -14, Lair:2)
  a +0 hand axe

Level 3 of the Lair of Beasts
(0, 0, Lair:3)
  an arrow
(4, -4, Lair:3)
  2 arrows
(5, -5, Lair:3)
  an arrow
(7, 10, Lair:3)
  an arrow
(8, -6, Lair:3)
  an arrow
(12, -4, Lair:3)
  an arrow
(12, 9, Lair:3)
  an arrow
(15, 6, Lair:3)
  an arrow
(18, 0, Lair:3)
  24 arrows
(32, -9, Lair:3)
  11 stones

