Yxeareramu

Level 1 of the Dungeon
(0, 0, D:1)
  a +0 club
(6, 8, D:1)
  a +0 whip
(10, 3, D:1)
  a +0 spear
  a cursed +0 ring mail
(16, 45, D:1)
  a +0 club
(25, 33, D:1)
  a +0 hand axe
(26, 33, D:1)
  a +0 club
(28, 26, D:1)
  a cursed -2 club
(37, 28, D:1)
  a +0 dagger
(46, 17, D:1)
  4 large rocks
(50, 20, D:1)
  a +0 robe

Level 2 of the Dungeon
(0, 0, D:2)
  a +0 animal skin
  a +0 club
  a +0 club
  a +0 club
(5, 27, D:2)
  a +0 robe
(7, -5, D:2)
  a +0 leather armour
(7, 18, D:2)
  a +0 club
(9, 18, D:2)
  a +0 whip
(13, 7, D:2)
  a +0 ring mail
(26, 9, D:2)
  a +0 club
(29, 21, D:2)
  a +0 club

Level 3 of the Dungeon
(0, 0, D:3)
  a +0 club
  a +0 club
  a +0 club
  a +0 club
  a +0 club
  a +0 helmet
  a +0 animal skin
  a +0 whip
(0, 1, D:3)
  a +0 club
(17, 7, D:3)
  a +0 scale mail
(22, -5, D:3)
  a +0 trident
(27, -19, D:3)
  a +0 leather armour
  a cursed +0 mace
(27, -18, D:3)
  a +0 flail
(27, -5, D:3)
  a +0 dagger
(28, -22, D:3)
  a +0 whip
(28, -6, D:3)
  a +0 robe
  a +0 dagger
  a +0 club
(29, -6, D:3)
  a +0 dagger
(33, -16, D:3)
  a +0 dagger
(34, -16, D:3)
  a cursed +0 ring mail
(35, -15, D:3)
  a +0 short sword
(37, -1, D:3)
  a +0 dagger
(39, -31, D:3)
  a +0 dagger
  a +0 robe
  a +0 hand axe

Level 4 of the Dungeon
(0, 0, D:4)
  a +0 ring mail
(2, -1, D:4)
  a cursed +0 chain mail
  a +0 robe
(3, -3, D:4)
  a +0 robe
  a +0 dagger
(3, -2, D:4)
  a +0 ring mail
  a cursed -1 dagger
(3, -1, D:4)
  a +0 leather armour
(16, -12, D:4)
  a +0 robe
(33, 0, D:4)
  a +0 trident
(35, -2, D:4)
  a +0 ring mail
  a cursed -1 mace
  a +0 flail
  a +0 ring mail
(36, -29, D:4)
  a +0 robe

Level 5 of the Dungeon
(0, 0, D:5)
  6 large rocks
(1, -9, D:5)
  a +0 robe
  a +0 dagger
(2, -9, D:5)
  a +0 leather armour
  (unseen)
(3, -9, D:5)
  a +0 mace
(3, -7, D:5)
  a +0 ring mail
(5, -7, D:5)
  a +0 robe
  a +0 dagger
(8, -4, D:5)
  a +0 leather armour
(12, 2, D:5)
  a +0 hand axe
(14, 2, D:5)
  a cursed -2 club
(16, -11, D:5)
  a +0 giant club
(17, 3, D:5)
  a +0 ring mail
  a +0 hand axe
(18, 5, D:5)
  a +0 ring mail
  a +0 dagger
(22, 9, D:5)
  a +0 whip
  a +0 leather armour
  a +0 robe
(25, 13, D:5)
  a +0 robe
  a +0 dagger
(26, 16, D:5)
  a +0 trident
(26, 17, D:5)
  a +0 shortbow
(32, 6, D:5)
  a +0 short sword
(33, 29, D:5)
  a +0 club
  a +0 leather armour
(33, 30, D:5)
  a +0 flail
(34, 25, D:5)
  a +0 quarterstaff
(34, 26, D:5)
  a cursed -1 dagger
  a +0 robe
(35, 15, D:5)
  a +0 whip
(39, 12, D:5)
  a cursed +0 leather armour
(41, -3, D:5)
  a +0 ring mail

Level 6 of the Dungeon
(0, 0, D:6)
  a +0 ring mail
(13, -13, D:6)
  a +0 shortbow
(14, -11, D:6)
  a cursed -1 leather armour
  a +0 flail
(14, -10, D:6)
  a +0 hand axe
  a +0 leather armour
  a +0 chain mail
  a +0 scale mail
(24, -6, D:6)
  a +0 giant spiked club
(44, -7, D:6)
  a +0 scale mail
  a +0 short sword
(45, -8, D:6)
  a +0 quarterstaff
(49, -32, D:6)
  a +0 chain mail
(53, -6, D:6)
  a +0 dagger
(60, -7, D:6)
  a +0 whip

Level 7 of the Dungeon
(0, 0, D:7)
  a +0 leather armour
(5, -27, D:7)
  a +0 leather armour
(27, -26, D:7)
  a +0 helmet
(34, -13, D:7)
  an uncursed ring of teleportation

Level 8 of the Dungeon
(0, 0, D:8)
  a +0 giant club
(2, 0, D:8)
  a +0 falchion
(9, 7, D:8)
  a +0 giant club
  a +0 giant club

Level 9 of the Dungeon
(0, 0, D:9)
  a potion of mutation
(3, -1, D:9)
  a potion of mutation
(5, -15, D:9)
  a +0 trident
(18, -11, D:9)
  a +0 robe
(18, -4, D:9)
  a +0 scale mail
  a +0 short sword
  a +0 dagger
  a +0 robe
(18, -1, D:9)
  a +0 hand axe
(18, 1, D:9)
  a +0 chain mail
  a +0 hand axe
(28, -46, D:9)
  a +0 giant club
(28, -40, D:9)
  the +3 robe of New Discoveries {Str+4 Dex-5}
    It affects your strength (+4).
    It affects your dexterity (-5).
(28, -39, D:9)
  a +0 buckler
  a +0 cloak
(28, -38, D:9)
  a +0 leather armour
  a +0 plate armour
(29, -40, D:9)
  a +0 scimitar
(29, -39, D:9)
  a +2 mace of protection
  a +1 mace of protection
  a +2 falchion of holy wrath
  a +1 falchion of holy wrath
  a +3 mace
  29 poisoned needles
  7 needles of sleeping
  59 bolts
  a +2 dagger of freezing
  a +5 dagger
  a +4 long sword
  35 sling bullets
(30, -39, D:9)
  a +4 quarterstaff
(31, -39, D:9)
  a scroll of brand weapon
  an uncursed ring of wizardry
  an uncursed ring of magical power
  2 potions of berserk rage
  2 potions of brilliance
  3 scrolls of amnesia
  an uncursed ring of wizardry
  an uncursed amulet of harm
  a potion of ambrosia
  3 potions of mutation
  a scroll of enchant armour
(31, -38, D:9)
  a -2 ring of strength
  a potion of degeneration
(35, -46, D:9)
  a +0 chain mail
(37, -26, D:9)
  a +0 robe
  a +0 dagger
(38, -30, D:9)
  a +0 whip
  a +0 leather armour
  a +0 club
  a +0 falchion
(38, -28, D:9)
  a +0 chain mail
  a +0 halberd
  a +0 chain mail
  a +0 trident
  a +0 plate armour
  a +0 long sword
(38, -27, D:9)
  a +0 robe
  a +0 dagger
  a +0 dagger
  a +0 robe
  a +0 dagger
(40, -14, D:9)
  a +0 club
  a +0 chain mail
  a +0 short sword
(41, -13, D:9)
  a +0 chain mail
  a +0 halberd
(44, -9, D:9)
  a +0 leather armour
(47, -15, D:9)
  16 gold pieces
(48, -14, D:9)
  a potion of heal wounds
(49, -15, D:9)
  a scroll of immolation
(52, -21, D:9)
  a +0 quarterstaff
(54, -10, D:9)
  a +0 shortbow
(62, 3, D:9)
  a cursed +0 hand axe
(63, 2, D:9)
  an uncursed ring of flight
(63, 3, D:9)
  a +0 mace

Level 10 of the Dungeon
[Shop] Pynoacli's Assorted Antiques
  a +0 hand crossbow (133 gold)
  a +1 quarterstaff of protection (448 gold)
  a potion of flight (114 gold)
  a potion of flight (114 gold)
(0, 0, D:10)
  a +0 mace
(6, -65, D:10)
  a +0 halberd
(6, -52, D:10)
  a +0 trident
(13, -15, D:10)
  a +0 shortbow
(19, -29, D:10)
  a +0 chain mail
  a +0 mace
(21, -27, D:10)
  a +0 scale mail
(21, -26, D:10)
  a +0 robe
  a +0 dagger
(37, -60, D:10)
  a +0 club
  a +0 mace
  a +0 dagger
  a +0 robe
(38, -61, D:10)
  a +0 mace
(43, -61, D:10)
  a +0 whip
(43, -23, D:10)
  a +0 robe

Level 11 of the Dungeon
[Shop] Mynemnua's Food Shop
  a ration (55 gold)
  a ration (55 gold)
  a ration (55 gold)
  a ration (55 gold)
  a ration (55 gold)
  a ration (55 gold)
  a ration (55 gold)
  a ration (55 gold)
  a ration (55 gold)
  a ration (55 gold)
  a ration (55 gold)
  a ration (55 gold)
(0, 0, D:11)
  a +0 hand axe
(2, 8, D:11)
  a +0 robe
  a +0 battleaxe
  a +0 chain mail
(3, 10, D:11)
  a +0 chain mail
  a +0 falchion
(6, 48, D:11)
  a +0 dagger
(7, 50, D:11)
  a +0 short sword
  a +0 dagger
  a +0 robe
  a +0 scimitar
  a +0 chain mail
(10, 39, D:11)
  a +0 ring mail
(23, 12, D:11)
  a +0 robe
  a +0 dagger
(26, 38, D:11)
  a +0 rapier
(27, 10, D:11)
  a +0 robe
(31, 22, D:11)
  a +0 buckler
  a +0 leather armour
  a +0 war axe
(32, 41, D:11)
  a +0 robe
(35, 14, D:11)
  a +0 ring mail
  a +0 dagger
(35, 25, D:11)
  a +0 robe
(36, 16, D:11)
  a +0 ring mail
  a +0 club
(37, 17, D:11)
  a +0 dagger
(38, 18, D:11)
  a +0 scale mail
  a +0 trident
(43, 8, D:11)
  a +0 war axe
(52, 10, D:11)
  a +0 robe
  a cursed +0 battleaxe
  a +0 robe
  a cursed +4 falchion
  a +0 scale mail
(57, 10, D:11)
  a +0 pair of gloves

the Ecumenical Temple

Level 1 of the Lair of Beasts
(0, 0, Lair:1)
  an uncursed ring of see invisible
(16, 16, Lair:1)
  a +0 leather armour

Level 2 of the Lair of Beasts
(0, 0, Lair:2)
  a cursed +0 chain mail
(32, 37, Lair:2)
  a +0 shortbow
(52, 1, Lair:2)
  a +0 great mace
(63, 16, Lair:2)
  a +0 scale mail

