Pigguh

Level 1 of the Dungeon
(0, 0, D:1)
  a +0 dagger
(9, -32, D:1)
  a +0 whip
(48, -40, D:1)
  a +0 dagger
(49, 0, D:1)
  a +0 chain mail
(59, -28, D:1)
  a +0 club

Level 2 of the Dungeon
(0, 0, D:2)
  a +0 club
  a cursed -2 club
(25, -3, D:2)
  a +0 club
(29, 17, D:2)
  a +0 mace
(35, 21, D:2)
  a +0 club
(42, 4, D:2)
  a +0 whip
(52, 0, D:2)
  a +0 spear

Level 3 of the Dungeon
(0, 0, D:3)
  a potion of degeneration
(13, 11, D:3)
  a +0 mace
(15, -13, D:3)
  a +0 club
(21, 21, D:3)
  a +0 hand axe
(30, -24, D:3)
  a +0 robe
  a +0 dagger
(31, -25, D:3)
  a +0 robe
  a +0 dagger
(36, -20, D:3)
  a +0 ring mail
  a +0 short sword
(36, -19, D:3)
  a +0 ring mail
  a +0 dagger
(36, -18, D:3)
  a cursed +0 dagger
(40, -31, D:3)
  a -2 ring of intelligence
(40, -19, D:3)
  a +0 dagger
(42, 0, D:3)
  a +0 robe
(43, -18, D:3)
  a +0 robe
  a +0 dagger
(50, 5, D:3)
  a stone
(55, -10, D:3)
  a +0 robe
(60, 2, D:3)
  a +0 dagger
  a +0 robe

Level 4 of the Dungeon
(0, 0, D:4)
  a +0 robe
(27, -23, D:4)
  a +0 giant club
(31, -15, D:4)
  a +0 flail
  a +0 ring mail
(33, 6, D:4)
  a +0 dagger
(45, -37, D:4)
  a +0 hand axe
  a +0 club
  a +0 hand axe
  a cursed -3 short sword
  a +0 chain mail
(45, -12, D:4)
  a +0 spear

Level 5 of the Dungeon
(0, 0, D:5)
  a scroll of identify
(1, -4, D:5)
  a cursed -3 short sword
(3, -4, D:5)
  19 gold pieces
(3, 2, D:5)
  a +0 spear
(26, -21, D:5)
  a +0 leather armour
  the goblin skeleton of Ijyb

