Oxeol Xuku

Level 1 of the Dungeon
(0, 0, D:1)
  a +0 dagger
(5, 0, D:1)
  a +0 dagger
(7, 57, D:1)
  a +0 club
(13, 30, D:1)
  a +0 robe
(14, 48, D:1)
  a +0 club
(20, 60, D:1)
  a +0 dagger
(28, 5, D:1)
  a +0 club
(48, 53, D:1)
  a +0 club

Level 2 of the Dungeon
(3, 5, D:2)
  a +0 club
(15, 35, D:2)
  a +0 club
(21, 22, D:2)
  a +0 club
(22, 15, D:2)
  a +0 club
(27, 24, D:2)
  a +0 spear
(29, 4, D:2)
  a +0 club
(35, 22, D:2)
  a +0 club
(36, 21, D:2)
  a +0 spear
(38, 25, D:2)
  a +0 club
(38, 32, D:2)
  a +0 club
(40, 20, D:2)
  a +0 club
(41, 22, D:2)
  a +0 dagger
  a +0 spear

Level 3 of the Dungeon
(5, -7, D:3)
  a +0 leather armour
(13, -14, D:3)
  a -1 robe
  a +0 hand axe
(23, -25, D:3)
  a +0 hand axe
(27, -27, D:3)
  a +0 whip
(33, 2, D:3)
  a +0 spear
(34, -1, D:3)
  a +0 flail
(34, 4, D:3)
  a +0 short sword
  a +0 spear
  a +0 whip
(37, 15, D:3)
  a +0 dagger
(46, -13, D:3)
  a +0 flail
(46, -7, D:3)
  a +0 flail
(47, -23, D:3)
  a +0 short sword
(48, -35, D:3)
  a +0 flail
(49, -35, D:3)
  a +0 whip
  a cursed +0 scale mail
  a cursed +0 scale mail
(59, -24, D:3)
  a +0 hand axe
  a +0 leather armour
(60, -25, D:3)
  a +0 club

Level 4 of the Dungeon
(5, -6, D:4)
  a +0 robe
  a +0 dagger
(7, 36, D:4)
  a +0 war axe
(22, 12, D:4)
  a +0 dagger
(25, -5, D:4)
  a +0 ring mail
  a +0 spear
(30, 17, D:4)
  a +0 chain mail
(35, 15, D:4)
  a cursed +0 robe
(35, 26, D:4)
  a +0 dagger
  a +0 leather armour
(36, 22, D:4)
  a +0 animal skin
(37, 22, D:4)
  a +0 animal skin
(39, 12, D:4)
  a +0 war axe
(40, 12, D:4)
  a +0 leather armour
  a +0 hand axe
(42, 4, D:4)
  a +0 ring mail

Level 5 of the Dungeon
(0, 0, D:5)
  a +0 mace
(10, -9, D:5)
  a +0 dagger
(11, 15, D:5)
  a +0 leather armour
(12, -1, D:5)
  a +0 scale mail
(21, -4, D:5)
  a +0 scythe
(28, 15, D:5)
  a +0 hand axe
  a +0 leather armour
(30, 13, D:5)
  a +0 hand axe
(31, 18, D:5)
  a +0 war axe
(32, 13, D:5)
  a +0 dagger

Level 6 of the Dungeon
[Shop] Keytam's General Store
  a cursed -3 hand axe (1 gold)
  17 bolts (40 gold)
  a +1 helmet of see invisible (198 gold)
  13 bolts (31 gold)
  27 stones (32 gold)
  a +0 quarterstaff (48 gold)
(0, 0, D:6)
  a stone
(1, -1, D:6)
  a stone
(2, -2, D:6)
  2 stones
(2, -1, D:6)
  a stone
(2, 0, D:6)
  2 stones
(4, -4, D:6)
  2 stones
  (unseen)
(4, -3, D:6)
  a stone (still there?)
  7 gold pieces (still there?)
(4, -2, D:6)
  8 gold pieces (still there?)
  8 gold pieces (still there?)
(4, 2, D:6)
  4 gold pieces (still there?)
  4 gold pieces (still there?)
(4, 3, D:6)
  a stone
(4, 4, D:6)
  a stone
(4, 5, D:6)
  a stone
(5, -5, D:6)
  4 gold pieces
(5, 3, D:6)
  3 stones
(6, -6, D:6)
  4 gold pieces
(6, 4, D:6)
  a stone
(15, -26, D:6)
  a +0 dagger
(27, -12, D:6)
  a +0 leather armour
(48, -37, D:6)
  a cursed -1 club
(50, -38, D:6)
  a +0 club
(51, -40, D:6)
  a +0 scale mail
(58, -52, D:6)
  a +0 vampiric short sword
  a +1 whip of freezing
  2 tomahawks
  a cursed +3 hand axe
  a +0 scimitar
(58, -51, D:6)
  a +0 flail
(59, -52, D:6)
  41 arrows
  a +0 dire flail of holy wrath
  a +0 shortbow of velocity
(59, -50, D:6)
  a cursed -2 dagger
(60, -53, D:6)
  an uncursed amulet of regeneration
(60, -52, D:6)
  a scroll of remove curse
  3 potions of flight
  a potion of mutation
  a scroll of amnesia
(67, -58, D:6)
  a +0 leather armour
  115 arrows
(70, -57, D:6)
  a +0 plate armour
  a +0 short sword
(71, -56, D:6)
  a +0 chain mail
  a +0 flail

Level 7 of the Dungeon
(0, 0, D:7)
  a +0 ring mail
  a +0 hand axe
(3, 2, D:7)
  a cursed -2 club
(6, 4, D:7)
  a +0 war axe
  a +0 chain mail
(20, -20, D:7)
  a +0 flail
(29, -22, D:7)
  a +0 robe
  a +0 war axe
(30, -22, D:7)
  a +0 battleaxe
  a cursed +0 robe
  a +0 robe
(31, -22, D:7)
  a +0 long sword
(35, -1, D:7)
  a +0 giant spiked club
(40, -24, D:7)
  a cursed +0 flail
  a +0 robe
  a +0 robe

Level 8 of the Dungeon
[Shop] Usixoen's Armour Shoppe
  a +0 scale mail (52 gold)
  a +0 robe (9 gold)
  a +2 leather armour of cold resistance (247 gold)
  a cursed +0 leather armour (13 gold)
  a +0 ring mail (52 gold)
  the +3 robe of Clouds {+Thunder rCloud rElec} (386 gold)
    It insulates you from electricity.
  a +2 plate armour of poison resistance (481 gold)
  a +2 helmet of see invisible (279 gold)
  a +0 pair of gloves (58 gold)
(0, 0, D:8)
  15 gold pieces
(6, -9, D:8)
  a stone
(6, -3, D:8)
  7 gold pieces
  (unseen)
(7, -9, D:8)
  a stone
(9, -9, D:8)
  a stone
(10, -9, D:8)
  6 gold pieces
(12, 22, D:8)
  a +0 dagger
  a +0 robe
(17, -2, D:8)
  5 gold pieces
  (unseen)
(17, -1, D:8)
  a stone
(17, 0, D:8)
  a stone
(18, -6, D:8)
  a +0 robe
(18, 27, D:8)
  a +0 hunting sling
  a +0 quarterstaff
  a +0 leather armour
(21, -6, D:8)
  a +0 short sword
  a +0 leather armour
(22, -9, D:8)
  a +0 giant spiked club
(22, -8, D:8)
  a +0 mace of crushing
  a +0 leather armour
  a cursed +0 club
(24, -19, D:8)
  a +0 flail
(29, 32, D:8)
  a +0 ring mail
(36, -4, D:8)
  a +0 whip
(37, 1, D:8)
  a cursed -3 short sword
(47, 4, D:8)
  a +0 falchion
(58, 18, D:8)
  a +0 dagger

Level 9 of the Dungeon
(0, 0, D:9)
  a scroll of noise
(4, -7, D:9)
  7 curare-tipped needles
(7, -23, D:9)
  12 gold pieces
(8, -5, D:9)
  a +0 buckler
(13, -7, D:9)
  7 gold pieces
(28, -8, D:9)
  11 gold pieces

the Ecumenical Temple

