Ycantyav

Level 1 of the Snake Pit
(0, 0, Snake:1)
  a +0 short sword
(2, 34, Snake:1)
  a +0 scale mail
(9, 34, Snake:1)
  a +0 hunting sling
(13, -2, Snake:1)
  21 stones
(17, 28, Snake:1)
  13 stones
(28, 22, Snake:1)
  11 stones
(34, 13, Snake:1)
  11 stones

Level 2 of the Snake Pit
(0, 0, Snake:2)
  24 stones
(12, -14, Snake:2)
  a +0 short sword of holy wrath
(32, -8, Snake:2)
  a +0 scale mail
(33, -1, Snake:2)
  a +0 club
(35, -23, Snake:2)
  a +0 pair of gloves
(35, 6, Snake:2)
  15 arrows
(48, 5, Snake:2)
  20 stones

Level 1 of the Vaults
(0, 0, Vaults:1)
  a scroll of remove curse
(3, 5, Vaults:1)
  5 exploding tomahawks
(5, -30, Vaults:1)
  27 gold pieces
(9, 10, Vaults:1)
  22 gold pieces
(11, -18, Vaults:1)
  a scroll of magic mapping
(11, -12, Vaults:1)
  a +0 buckler
(21, -42, Vaults:1)
  a ration
(26, -41, Vaults:1)
  15 gold pieces
(29, -10, Vaults:1)
  15 gold pieces
(29, 7, Vaults:1)
  a scroll of teleportation
(33, -6, Vaults:1)
  21 sling bullets
(35, -40, Vaults:1)
  a bolt
(36, 1, Vaults:1)
  a +0 leather armour
(37, -43, Vaults:1)
  14 gold pieces
(40, 14, Vaults:1)
  a potion of ambrosia
(42, 10, Vaults:1)
  16 gold pieces
(44, 16, Vaults:1)
  20 gold pieces
(44, 18, Vaults:1)
  a +3 shortbow
(46, 12, Vaults:1)
  a +0 club
(48, -10, Vaults:1)
  a scroll of remove curse

Level 2 of the Vaults
(0, 0, Vaults:2)
  a scroll of magic mapping
(11, 13, Vaults:2)
  10 stones
(14, -12, Vaults:2)
  a potion of agility
  (unseen)
(33, -11, Vaults:2)
  a scroll of holy word
(35, 7, Vaults:2)
  a +0 chain mail
(36, 3, Vaults:2)
  20 stones
(40, 3, Vaults:2)
  a wand of digging (3)
(45, -3, Vaults:2)
  19 gold pieces
(45, 7, Vaults:2)
  26 gold pieces
(48, 3, Vaults:2)
  a wand of clouds (5)
(50, -27, Vaults:2)
  a scroll of immolation
(52, 0, Vaults:2)
  31 gold pieces

