Esomusa

Level 1 of the Dungeon
(0, 0, D:1)
  a +0 short sword
(0, 1, D:1)
  a +0 centaur barding
(5, 32, D:1)
  a +0 short sword
(8, 9, D:1)
  a +0 club
(12, 31, D:1)
  a +0 robe
(14, 4, D:1)
  a +0 dagger
(19, 27, D:1)
  a +0 robe
(21, 9, D:1)
  a +0 dagger
(22, 34, D:1)
  a +0 dagger
(32, 19, D:1)
  a +0 robe
(41, -4, D:1)
  a +0 hand axe
(41, 0, D:1)
  a +0 club
(42, 14, D:1)
  a +0 dagger
(45, 35, D:1)
  a +0 ring mail

Level 2 of the Dungeon
(1, -14, D:2)
  a +0 chain mail
  a +0 club
(3, -10, D:2)
  a +0 leather armour
  a +0 robe
(20, -8, D:2)
  a +0 dagger
(23, -5, D:2)
  a +0 club
(36, -8, D:2)
  a +0 dagger
(37, -8, D:2)
  a +0 short sword
(40, -6, D:2)
  a +0 robe
(41, -8, D:2)
  a +0 short sword
(41, -7, D:2)
  a +0 dagger

Level 3 of the Dungeon
(0, 0, D:3)
  a +0 club
(1, -8, D:3)
  a cursed -1 club
(1, -3, D:3)
  a +0 ring mail
(12, -1, D:3)
  a +0 club
(14, -1, D:3)
  a +0 chain mail
  a +0 club
(20, 0, D:3)
  a +0 club
(20, 9, D:3)
  a +0 mace
(21, 0, D:3)
  a +0 chain mail
(35, -9, D:3)
  a cursed -2 club
(37, -9, D:3)
  a +0 club
  a +0 dagger
(37, -1, D:3)
  a +0 club
(40, -1, D:3)
  a +0 ring mail
(41, -2, D:3)
  a +0 short sword
(41, 4, D:3)
  a +0 club

Level 4 of the Dungeon
[Shop] Busiu's Assorted Antiques
  the +7 dire flail of the Heavens {speed, rF+ rN+ MR+} (2053 gold)
    Attacks with this weapon are significantly faster.
    
    It protects you from fire.
    It protects you from negative energy.
    It affects your resistance to hostile enchantments.
  a +0 leather armour (58 gold)
  a wand of random effects (21) (333 gold)
  an uncursed staff of cold (725 gold)
  the amulet "Feesh" {Spirit Dex+3} (1255 gold)
    [amulet of guardian spirit]
    
    It causes incoming damage to be split between your health and magic.
    It affects your dexterity (+3).
  a cursed ring of magical power (493 gold)
  a +0 buckler of protection (333 gold)
  a wand of iceblast (9) (377 gold)
[Shop] Ducid's Jewellery Emporium
  an uncursed ring of resist corrosion (220 gold)
  a +3 amulet of reflection (172 gold)
  an uncursed ring of protection from magic (275 gold)
  an uncursed amulet of harm (330 gold)
  an uncursed amulet of magic regeneration (330 gold)
  an uncursed amulet of regeneration (330 gold)
  an uncursed amulet of the gourmand (330 gold)
  an uncursed amulet of guardian spirit (330 gold)
  an uncursed ring of positive energy (220 gold)
[Shop] Xevea's Magic Scroll Emporium
  2 scrolls of remove curse (72 gold)
  a scroll of enchant armour (90 gold)
(0, 0, D:4)
  a +0 plate armour
(6, -18, D:4)
  a +0 ring mail
(9, -13, D:4)
  a +0 flail
(9, -12, D:4)
  a +0 hand axe
(9, -10, D:4)
  a +0 robe
  a +0 dagger
(16, -5, D:4)
  a +0 club
(17, -5, D:4)
  a +0 spear
(19, -6, D:4)
  a +0 robe
  a +0 dagger
(20, -4, D:4)
  a +0 robe
(23, -14, D:4)
  a +0 ring mail
(24, -13, D:4)
  a +0 scale mail
  a +0 war axe
(32, 0, D:4)
  a +0 spear
(33, -15, D:4)
  a +0 falchion
(47, -26, D:4)
  a +0 robe
  a +0 dagger
(55, -11, D:4)
  a +0 hunting sling

Level 5 of the Dungeon
(0, 0, D:5)
  a +1 animal skin
(0, 1, D:5)
  a +0 flail
(10, -10, D:5)
  a +0 flail
(13, -27, D:5)
  a +0 robe
  a +0 dagger
  a +0 chain mail
  a +0 flail
  a +0 club
(16, -13, D:5)
  a +0 leather armour
(17, -7, D:5)
  a cursed -2 dagger
(18, 4, D:5)
  a +0 ring mail
(19, -7, D:5)
  a +0 club
(20, -29, D:5)
  a +0 scale mail
(20, 4, D:5)
  a +0 dagger
(22, 4, D:5)
  a +0 leather armour
(23, 1, D:5)
  a +0 leather armour
(26, 20, D:5)
  a +0 falchion
(33, 0, D:5)
  a +0 leather armour
(38, 6, D:5)
  a +0 short sword
(45, -1, D:5)
  a +0 ring mail
(47, 1, D:5)
  a +0 falchion
(47, 3, D:5)
  a +0 falchion
(51, -3, D:5)
  a +0 giant club

Level 6 of the Dungeon
(0, 0, D:6)
  a +0 club
(6, -4, D:6)
  a cursed -3 dagger
  a +0 ring mail
  a +0 club
(7, -4, D:6)
  a +0 war axe
(14, -18, D:6)
  a +0 robe
(20, -21, D:6)
  a +0 animal skin
  a +0 animal skin
(21, -23, D:6)
  a +0 animal skin
(22, -24, D:6)
  a +0 spear
  a +0 spear
(23, -25, D:6)
  a +0 leather armour
  a +0 club
(24, -25, D:6)
  a +0 club
(24, -12, D:6)
  a +0 dagger
(27, -24, D:6)
  a +0 ring mail

Level 7 of the Dungeon
(1, -16, D:7)
  a +0 morningstar
(8, -10, D:7)
  a cursed +0 buckler
  a +0 chain mail
  a +0 whip
(8, -1, D:7)
  a +0 club
(10, -3, D:7)
  a +0 plate armour
  a +0 halberd
(23, -29, D:7)
  a +0 quarterstaff
(24, -30, D:7)
  a +0 leather armour
(34, 7, D:7)
  a +0 whip
(39, -12, D:7)
  a +0 ring mail
  a +0 hunting sling
  a cursed -3 quarterstaff
(43, 7, D:7)
  a +0 ring mail

Level 8 of the Dungeon
(3, -1, D:8)
  a +0 rapier
(5, 0, D:8)
  28 gold pieces
(7, 6, D:8)
  a +0 trident
(10, 17, D:8)
  a +0 shield
(18, 20, D:8)
  a +0 chain mail
(24, 8, D:8)
  a +0 ring mail
(28, -14, D:8)
  a +0 scale mail
  a +0 long sword

Level 9 of the Dungeon
(0, 0, D:9)
  a +0 giant club
(9, -13, D:9)
  a +0 chain mail
(35, -42, D:9)
  a +0 short sword
(36, -44, D:9)
  a +0 chain mail

Level 10 of the Dungeon
(0, 0, D:10)
  a +0 robe
(6, -8, D:10)
  a +0 spear
  a +0 robe
(6, -5, D:10)
  a +0 robe
  a cursed +0 morningstar
(9, 26, D:10)
  a +0 long sword
(18, -7, D:10)
  a +0 trident
  a +0 robe
(24, -6, D:10)
  a +0 flail
  a +0 robe
(28, 14, D:10)
  a +0 shield
(29, 14, D:10)
  5 curare-tipped needles
  12 poisoned needles
  80 bolts
  a +1 scimitar
(30, 13, D:10)
  a +1 vampiric halberd
(30, 14, D:10)
  196 arrows
  a +4 quarterstaff of chaos
  a +4 scythe of protection
  a cursed +4 halberd
(31, 13, D:10)
  a potion of magic
  a cursed amulet of inaccuracy
(31, 14, D:10)
  a potion of mutation
  an uncursed ring of teleportation
  a scroll of brand weapon
  3 scrolls of noise
  2 scrolls of amnesia
(33, 8, D:10)
  a cursed -1 rapier

Level 11 of the Dungeon
(0, 0, D:11)
  a potion of ambrosia
(1, 20, D:11)
  a +0 dagger
  a +0 robe
(1, 23, D:11)
  a +4 dagger
  a +5 hand axe
(1, 24, D:11)
  a +2 hand axe of pain
  a +0 plate armour
(1, 25, D:11)
  a scroll of holy word
  a cursed +0 robe
(1, 32, D:11)
  a +0 giant club
(2, 18, D:11)
  a +0 club
  a +0 leather armour
(4, 7, D:11)
  a +0 dagger
  a +0 robe
(6, 35, D:11)
  a +0 robe
(10, 7, D:11)
  an uncursed staff of earth
(10, 35, D:11)
  a +5 flail
  a +0 robe
(11, -6, D:11)
  a +2 whip of freezing
(11, -3, D:11)
  a +0 hand axe
(19, 23, D:11)
  a +0 rapier
(19, 24, D:11)
  a +0 dagger
(21, -6, D:11)
  a cursed -3 dagger
  a +0 robe
(53, 4, D:11)
  a ration
(67, 4, D:11)
  a +0 short sword

Level 12 of the Dungeon
(0, 0, D:12)
  a +0 quarterstaff of crushing
  (unseen)
(2, 4, D:12)
  5 sling bullets (still there?)
  4 sling bullets (still there?)
(4, 3, D:12)
  an ugly thing corpse
(24, -2, D:12)
  a +0 ring mail
  a +0 dagger
  a +0 mace
  a cursed +0 leather armour
  a +0 shortbow
(24, 0, D:12)
  a +0 plate armour
  a +0 battleaxe
(25, -2, D:12)
  a +0 leather armour
  a +1 falchion of holy wrath
  a +0 club

Level 13 of the Dungeon
(0, 0, D:13)
  a +0 quarterstaff
(0, 2, D:13)
  a sling bullet
(0, 3, D:13)
  a sling bullet
(0, 4, D:13)
  2 sling bullets
(2, 0, D:13)
  15 arrows
  (unseen)
(2, 5, D:13)
  a sling bullet
(3, -8, D:13)
  6 arrows
(3, -7, D:13)
  4 arrows
(3, -6, D:13)
  4 arrows
(3, -5, D:13)
  3 arrows
(3, -1, D:13)
  8 sling bullets
  (unseen)
(3, 0, D:13)
  3 sling bullets
  13 arrows
  a +0 shortbow
  a centaur corpse
(3, 4, D:13)
  a sling bullet
(4, 0, D:13)
  a sling bullet
(4, 1, D:13)
  4 sling bullets
(4, 2, D:13)
  2 sling bullets
(10, 1, D:13)
  a sling bullet
  (unseen)
(10, 4, D:13)
  a +0 quarterstaff
(11, 2, D:13)
  2 sling bullets
(12, 3, D:13)
  2 sling bullets
(18, 6, D:13)
  a ration
(22, -37, D:13)
  a scroll of remove curse
(22, -36, D:13)
  18 gold pieces
  (unseen)
(23, -37, D:13)
  34 gold pieces
(23, -36, D:13)
  a +0 chain mail
(26, -36, D:13)
  a sling bullet
(26, -22, D:13)
  a +0 short sword
(27, -35, D:13)
  a sling bullet
(27, -34, D:13)
  a sling bullet
(27, -30, D:13)
  a tomahawk
(28, -29, D:13)
  a tomahawk
(29, -12, D:13)
  a stone
(29, -7, D:13)
  7 stones
(30, -27, D:13)
  a +0 dagger
  (unseen)
(32, -8, D:13)
  a potion of curing
(34, -10, D:13)
  a necrophage corpse (skeletalised by now)

Level 14 of the Dungeon
(0, 0, D:14)
  a +0 morningstar

the Ecumenical Temple

