Detuarph

Level 1 of the Dungeon
(0, 0, D:1)
  18 arrows
(8, -7, D:1)
  a +0 robe

Level 5 of the Pits of Slime
(0, 0, Slime:5)
  a potion of curing
(0, 1, Slime:5)
  a scroll of fog
(0, 8, Slime:5)
  an uncursed ring of resist corrosion
(0, 9, Slime:5)
  a +0 ring mail
(1, -1, Slime:5)
  a scroll of immolation
(1, 0, Slime:5)
  a +3 flail of venom
(1, 1, Slime:5)
  a +0 plate armour
(1, 2, Slime:5)
  51 gold pieces
(1, 7, Slime:5)
  2 potions of brilliance
(1, 8, Slime:5)
  a scroll of identify
(1, 9, Slime:5)
  the ring "Tisaennyeph" {rCorr rF- rC+ MR+ Dex+6}
    [ring of resist corrosion]
    
    It affects your dexterity (+6).
    It makes you vulnerable to fire.
    It protects you from cold.
    It affects your resistance to hostile enchantments.
(1, 10, Slime:5)
  a +0 chain mail
(2, -2, Slime:5)
  34 gold pieces
(2, -1, Slime:5)
  a +1 falchion of holy wrath
(2, 0, Slime:5)
  a +2 leather armour of poison resistance
(2, 1, Slime:5)
  an uncursed staff of energy
(2, 2, Slime:5)
  a scroll of blinking
(2, 7, Slime:5)
  25 gold pieces
(2, 8, Slime:5)
  an uncursed staff of poison
(2, 9, Slime:5)
  a slimy rune of Zot
(2, 10, Slime:5)
  an uncursed ring of see invisible
(2, 11, Slime:5)
  the cursed +1 robe "Heuq" {rF+ Str+5}
    It affects your strength (+5).
    It protects you from fire.
    It has a curse placed upon it.
(3, -3, Slime:5)
  a scroll of teleportation
(3, -2, Slime:5)
  a +0 leather armour
(3, -1, Slime:5)
  a potion of mutation
(3, 0, Slime:5)
  the +7 great mace "Undeadhunter" {disrupt, rN+}
    It protects you from negative energy.
(3, 1, Slime:5)
  a scroll of teleportation
(3, 8, Slime:5)
  a potion of curing
(3, 9, Slime:5)
  the +0 sword of Power
(3, 10, Slime:5)
  26 stones
(3, 11, Slime:5)
  a scroll of immolation
(3, 12, Slime:5)
  11 sling bullets
(4, -2, Slime:5)
  a +0 leather armour
(4, 0, Slime:5)
  23 stones
(4, 2, Slime:5)
  the ring of the Firefly {rF+ rC++}
    [ring of protection from fire]
    
    It protects you from fire.
    It greatly protects you from cold.
(4, 7, Slime:5)
  a +1 ring mail of fire resistance
(4, 9, Slime:5)
  a potion of ambrosia
(4, 11, Slime:5)
  a scroll of blinking
(9, -2, Slime:5)
  a +0 hand crossbow
(9, 0, Slime:5)
  14 bolts
(9, 2, Slime:5)
  a +2 morningstar of crushing
(9, 7, Slime:5)
  a +1 hand crossbow of freezing
(9, 9, Slime:5)
  a +1 scale mail of cold resistance
(9, 11, Slime:5)
  a wand of scattershot (6)
(10, -3, Slime:5)
  29 stones
(10, -2, Slime:5)
  a scroll of identify
(10, -1, Slime:5)
  2 needles of confusion
(10, 0, Slime:5)
  the +6 halberd of Ivadd {freeze, rF+ Int+4 Stlth+}
    It has been specially enchanted to freeze those struck by it, causing extra
    injury to most foes and up to half again as much damage against particularly
    susceptible opponents. It can also slow down cold-blooded creatures.
    
    It affects your intelligence (+4).
    It protects you from fire.
    It makes you more stealthy.
(10, 1, Slime:5)
  24 arrows
(10, 8, Slime:5)
  a +0 scale mail
(10, 9, Slime:5)
  a +1 chain mail of poison resistance
(10, 10, Slime:5)
  a ration
(10, 11, Slime:5)
  48 gold pieces
(10, 12, Slime:5)
  48 gold pieces
(11, -2, Slime:5)
  a +0 scale mail
(11, -1, Slime:5)
  the ring "Katocot" {*Contam rPois Dex+2 Slay+4}
    [ring of poison resistance]
    
    It affects your dexterity (+2).
    It affects your accuracy and damage with ranged weapons and melee attacks
    (+4).
    It protects you from poison.
    It causes magical contamination when unequipped.
(11, 0, Slime:5)
  the +5 spear "Pyni" {pierce, Str+4}
    It inflicts extra damage upon your enemies.
    
    It affects your strength (+4).
(11, 1, Slime:5)
  a +2 flail of draining
(11, 2, Slime:5)
  50 gold pieces
(11, 7, Slime:5)
  a cursed +0 robe
(11, 8, Slime:5)
  the +8 fustibalus of Gisodan {speed, Fragile rElec Int+9 SInv}
    Attacks with this weapon are significantly faster.
    
    It affects your intelligence (+9).
    It insulates you from electricity.
    It lets you see invisible.
    It will be destroyed if unequipped.
(11, 9, Slime:5)
  a potion of degeneration
(11, 10, Slime:5)
  an uncursed ring of positive energy
(11, 11, Slime:5)
  a scroll of identify
(12, -1, Slime:5)
  the +5 trident of Iqaovec {protect, rPois MR+ Int-4 Dex+5}
    It protects the one who uses it against injury (+AC on strike).
    
    It affects your intelligence (-4).
    It affects your dexterity (+5).
    It protects you from poison.
    It affects your resistance to hostile enchantments.
(12, 0, Slime:5)
  a +4 falchion of holy wrath
(12, 1, Slime:5)
  a crystal ball of energy
(12, 2, Slime:5)
  a scroll of teleportation
(12, 7, Slime:5)
  a scroll of blinking
(12, 8, Slime:5)
  34 gold pieces
(12, 9, Slime:5)
  an uncursed staff of death
(12, 10, Slime:5)
  a +0 falchion
(13, 0, Slime:5)
  a potion of agility
(13, 1, Slime:5)
  a +0 hunting sling
(13, 8, Slime:5)
  a scroll of remove curse
(13, 9, Slime:5)
  a potion of might

the Vestibule of Hell
(1, 0, Hell)
  a +5 scythe of venom

Level 1 of the Iron City of Dis
(0, 0, Dis:1)
  a +3 scythe of flaming
(0, 1, Dis:1)
  a +0 robe (still there?)
  a cursed +0 war axe (still there?)
  a +2 scimitar of distortion (still there?)
  a cursed +0 mace (still there?)
  a +0 robe (still there?)
(0, 2, Dis:1)
  a +2 vampiric scythe
(0, 4, Dis:1)
  a +1 scythe of protection
(1, 1, Dis:1)
  a +0 robe
  a +1 robe of resistance
  a cursed +4 falchion
  a cursed +3 short sword
  a +0 dagger
  a +0 robe
(1, 3, Dis:1)
  a +0 robe
  a cursed +2 dire flail
  a +4 dire flail of freezing
  a +0 robe
(1, 4, Dis:1)
  a +2 scythe of freezing
(2, 1, Dis:1)
  a +0 robe
  a +2 mace of freezing
  a +3 battleaxe
  a +0 robe
(2, 2, Dis:1)
  a +0 robe
  a +0 mace
  a cursed +4 great sword of freezing
  a +0 robe
  a cursed +0 falchion
  a +0 robe
  a +0 trident
  a +0 dagger
  a +0 robe
(2, 3, Dis:1)
  a +0 robe (still there?)
  a +2 short sword (still there?)
  a cursed +0 short sword (still there?)
(2, 4, Dis:1)
  a +0 robe
  (unseen)
(3, 0, Dis:1)
  a +5 scythe of slicing
(3, 2, Dis:1)
  a +0 robe (still there?)
  a cursed +0 long sword (still there?)
(3, 3, Dis:1)
  a +0 robe
  (unseen)

Level 2 of the Iron City of Dis

