Puotz

Level 1 of the Dungeon
(0, 0, D:1)
  a +0 club
(21, 1, D:1)
  a +0 dagger
(42, 25, D:1)
  a +0 leather armour

Level 2 of the Dungeon
(0, 0, D:2)
  a +0 mace
(7, 51, D:2)
  a +0 mace
(18, 35, D:2)
  a +0 short sword
(23, 14, D:2)
  a +0 robe
(24, 16, D:2)
  a +0 club
(31, 21, D:2)
  a +0 dagger
  a +0 club
  a +0 club
  a +0 club
(31, 22, D:2)
  a +0 dagger
(33, 33, D:2)
  a +0 mace
(35, 28, D:2)
  a +0 morningstar
(35, 57, D:2)
  a cursed -2 hunting sling
  a +0 dagger
(47, 27, D:2)
  a +0 spear

Level 3 of the Dungeon
(0, 0, D:3)
  a +0 club
(4, -6, D:3)
  a +0 leather armour
  a +0 whip
(10, 3, D:3)
  a potion of mutation
(40, -5, D:3)
  a +0 club
(48, 18, D:3)
  a +0 club
(50, -1, D:3)
  a +0 leather armour
(54, 33, D:3)
  a cursed -1 club

Level 4 of the Dungeon
[Shop] Roloeh's Jewellery Shoppe
  an uncursed amulet of harm (420 gold)
  an uncursed amulet of guardian spirit (420 gold)
  the ring "Plog" {rCorr *Corrode Str+5 Int+2 Slay+2} (623 gold)
    [ring of resist corrosion]
    
    It affects your strength (+5).
    It affects your intelligence (+2).
    It affects your accuracy and damage with ranged weapons and melee attacks
    (+2).
    It may corrode you when you take damage.
  an uncursed ring of positive energy (280 gold)
  a +2 ring of strength (105 gold)
  a cursed ring of attention (63 gold)
  an uncursed ring of see invisible (210 gold)
  an uncursed amulet of the acrobat (420 gold)
  a +3 ring of intelligence (219 gold)
  an uncursed amulet of the gourmand (420 gold)
  an uncursed ring of stealth (245 gold)
(0, 0, D:4)
  a +0 leather armour
(2, -3, D:4)
  a +0 falchion
(7, 6, D:4)
  a +0 club
(12, 3, D:4)
  a +1 flail of holy wrath
  a +0 club
  a +0 club
(13, 3, D:4)
  a +0 dagger
(16, -26, D:4)
  a +0 mace
(20, 3, D:4)
  a +0 mace
(22, 8, D:4)
  10 sling bullets
(23, 8, D:4)
  a potion of degeneration
(30, -16, D:4)
  a +0 dagger
(34, -16, D:4)
  a +0 short sword
(36, -20, D:4)
  a +0 whip
(36, -13, D:4)
  a +0 leather armour
  a +0 club
  a +0 hand axe
(37, -11, D:4)
  a +0 robe
  a +0 dagger

Level 5 of the Dungeon
(0, 0, D:5)
  a +0 scale mail
(9, 2, D:5)
  a +0 spear
(11, -6, D:5)
  a +0 hand axe
(23, -12, D:5)
  a +0 leather armour
  a +0 club
(23, -11, D:5)
  a +0 scale mail
(33, 26, D:5)
  a +0 falchion of holy wrath
  a +0 halberd
  a scroll of random uselessness
(35, -30, D:5)
  a cursed -1 shortbow
(35, -26, D:5)
  a +0 leather armour
  a +0 whip
(36, -30, D:5)
  a +0 robe
  a +0 leather armour
  a +0 dagger
  a +0 mace of holy wrath
(37, 17, D:5)
  a +0 robe
(39, -20, D:5)
  a +0 mace
(50, 10, D:5)
  a +0 falchion

Level 6 of the Dungeon
(0, 0, D:6)
  a +0 centaur barding
(3, -43, D:6)
  77 stones
  2 tomahawks
(6, -26, D:6)
  a +0 robe
(6, -10, D:6)
  a +0 leather armour
  a cursed -2 short sword
  a +0 flail
  a +0 chain mail
  a +0 club
  a cursed +0 dagger

the Ecumenical Temple

