Othuthry

Level 1 of the Dungeon
(0, 0, D:1)
  7 gold pieces
(2, 10, D:1)
  12 gold pieces
(10, -2, D:1)
  a cursed +0 dagger
(15, 18, D:1)
  a ration
(27, 39, D:1)
  11 stones
(28, 5, D:1)
  a scroll of identify
(30, 17, D:1)
  18 stones
(31, 13, D:1)
  a +5 ring of dexterity
(32, 19, D:1)
  a ration
  (unseen)
(32, 28, D:1)
  a scroll of remove curse
(33, 27, D:1)
  5 sling bullets
(34, -1, D:1)
  21 stones
(35, 32, D:1)
  11 gold pieces
(37, 32, D:1)
  a potion of ambrosia
(48, 0, D:1)
  a potion of lignification
(53, 19, D:1)
  a +0 robe
(57, -12, D:1)
  a +0 robe
(66, 3, D:1)
  a scroll of identify

Level 5 of the Realm of Zot
(0, 0, Zot:5)
  a +0 arbalest
(2, -27, Zot:5)
  a potion of invisibility
(2, -9, Zot:5)
  a +0 quarterstaff
(3, -21, Zot:5)
  a scroll of enchant weapon
(7, 4, Zot:5)
  a +0 leather armour
(8, -4, Zot:5)
  a ration
(9, -28, Zot:5)
  a +1 hand axe of chopping
(9, 9, Zot:5)
  a scroll of identify
(11, -28, Zot:5)
  23 gold pieces
(12, -2, Zot:5)
  a wand of digging (4)
(14, 15, Zot:5)
  a scroll of remove curse
(17, -3, Zot:5)
  28 gold pieces
(31, -1, Zot:5)
  32 bolts
(37, -19, Zot:5)
  27 gold pieces
(38, -21, Zot:5)
  a scroll of holy word
(39, -27, Zot:5)
  20 stones
(41, -24, Zot:5)
  a +0 quarterstaff
(42, -21, Zot:5)
  a potion of curing
(43, -1, Zot:5)
  a scroll of fog
(43, 11, Zot:5)
  17 stones
(45, -5, Zot:5)
  a +0 plate armour
(45, 12, Zot:5)
  a +0 leather armour
(47, 19, Zot:5)
  a scroll of remove curse
(48, 13, Zot:5)
  an uncursed staff of earth
(50, -21, Zot:5)
  a +0 robe
(54, -24, Zot:5)
  a +0 scale mail
(55, 18, Zot:5)
  13 sling bullets

