Amnaqunimn

Level 1 of the Dungeon
(0, 0, D:1)
  a +0 leather armour
(3, -19, D:1)
  a +0 dagger
(8, 13, D:1)
  a +0 club
(13, 10, D:1)
  a +0 dagger
(13, 11, D:1)
  a +0 club
(19, 26, D:1)
  a +0 club
(28, 15, D:1)
  a +0 club

Level 2 of the Dungeon
(13, 6, D:2)
  a +0 leather armour
(18, 3, D:2)
  a +0 whip
  a cursed +0 club
(36, -2, D:2)
  a +0 whip
(38, 23, D:2)
  a +0 mace
(59, 10, D:2)
  a stone
(60, 9, D:2)
  a stone

Level 3 of the Dungeon
(1, 0, D:3)
  a cursed -1 club
(6, 16, D:3)
  a +0 club
(9, 5, D:3)
  a +0 dagger
(11, 0, D:3)
  a +0 short sword
(13, -3, D:3)
  a potion of degeneration
(15, 16, D:3)
  a +0 short sword
(17, 24, D:3)
  a +0 dagger
(32, 29, D:3)
  a +0 club
(42, 15, D:3)
  a +0 ring mail
(47, -5, D:3)
  a +0 scale mail
  a +0 leather armour
(49, 25, D:3)
  a +0 dagger
(52, 27, D:3)
  a +0 short sword
(61, 5, D:3)
  a +0 club
(61, 14, D:3)
  a +0 hand axe
(66, -1, D:3)
  a +0 dagger

Level 4 of the Dungeon
[Shop] Dingu's Distillery
  a potion of brilliance (48 gold)
  a potion of berserk rage (60 gold)
  a potion of degeneration (12 gold)
  a potion of ambrosia (96 gold)
  a potion of heal wounds (60 gold)
  a potion of magic (96 gold)
(0, 0, D:4)
  a +0 giant club
(6, -4, D:4)
  a +0 shortbow
(31, 13, D:4)
  a cursed -3 flail
(36, 18, D:4)
  a +0 scale mail
(40, 21, D:4)
  a cursed -3 quarterstaff

Level 5 of the Dungeon
(0, 0, D:5)
  a +0 hand axe
(5, 33, D:5)
  14 arrows
(5, 34, D:5)
  8 gold pieces
(5, 35, D:5)
  a scroll of identify
(6, 33, D:5)
  11 gold pieces
(6, 34, D:5)
  a scroll of enchant armour
(6, 35, D:5)
  a +0 pair of gloves
(7, 33, D:5)
  14 gold pieces
(7, 34, D:5)
  10 gold pieces
(7, 35, D:5)
  a wand of enslavement (8)
(12, 13, D:5)
  a +0 scale mail
(21, -6, D:5)
  a +0 shortbow
(24, 27, D:5)
  a cursed -2 whip
(29, 10, D:5)
  a +0 club
(36, 7, D:5)
  a +0 long sword
(37, 3, D:5)
  a +0 giant spiked club
(37, 7, D:5)
  a +0 robe
  a +0 dagger
(37, 23, D:5)
  a +0 trident
(38, 8, D:5)
  a +0 robe
  a +0 dagger

Level 6 of the Dungeon
[Shop] Meafikh's General Store
  22 sling bullets (143 gold)
  a ration (65 gold)
  a +1 great mace of protection (192 gold)
  a +0 quarterstaff of protection (88 gold)
  a potion of resistance (130 gold)
  a scroll of vulnerability (97 gold)
  a +0 ring mail (52 gold)
(0, 0, D:6)
  a +0 robe
(0, 1, D:6)
  a +0 robe
  a +0 leather armour
  a +0 whip
(1, -2, D:6)
  a +0 robe
  a +0 short sword
(9, -23, D:6)
  a +0 short sword
(10, -23, D:6)
  a +0 robe
  a +0 dagger
(11, 1, D:6)
  a +0 plate armour
(18, -23, D:6)
  a +0 mace
(23, -27, D:6)
  a +0 scale mail
(29, -1, D:6)
  a +0 ring mail
(30, -9, D:6)
  a +0 giant club
(37, -23, D:6)
  a +0 club

Level 7 of the Dungeon
(0, 0, D:7)
  a +0 whip
(0, 1, D:7)
  a +0 spear
(0, 7, D:7)
  a +0 flail
(1, 0, D:7)
  a +0 club
(2, 8, D:7)
  a +0 ring mail
  a +0 robe
  a +0 whip
(3, -10, D:7)
  a +0 halberd
(4, -3, D:7)
  a +0 spear
(7, 1, D:7)
  a +0 club
(15, -3, D:7)
  a +2 dagger of draining
(15, -2, D:7)
  5 poisoned needles
  43 bolts
(16, -2, D:7)
  80 arrows
(17, -2, D:7)
  a wand of random effects (8)
  a potion of mutation
  2 scrolls of noise
  an uncursed amulet of magic regeneration
(17, -1, D:7)
  an uncursed amulet of guardian spirit
(20, 21, D:7)
  a +0 war axe
(23, 14, D:7)
  a +0 chain mail
  a +0 flail
(23, 15, D:7)
  a +0 short sword
(29, -6, D:7)
  a +0 robe
  a +0 dagger
(29, -3, D:7)
  a +0 dagger
(31, -2, D:7)
  a +0 leather armour
(31, -1, D:7)
  a +0 trident
  a +0 flail
  a +0 hand axe
(37, -1, D:7)
  a +0 whip

Level 8 of the Dungeon
(0, 0, D:8)
  a +0 war axe
  a +0 robe
(0, 22, D:8)
  a +0 chain mail
  a +0 robe
(1, -15, D:8)
  a +0 hand axe
  a +0 robe
  a +0 robe
(1, -1, D:8)
  a +0 dagger
(2, -5, D:8)
  a cursed +0 robe
(2, -3, D:8)
  a +0 robe
(5, -8, D:8)
  a +0 shortbow
(25, 43, D:8)
  a +0 chain mail
(31, 26, D:8)
  a +0 ring mail
(44, 28, D:8)
  a +0 dagger
  (unseen)
(45, 45, D:8)
  a +0 rapier
(46, 16, D:8)
  a +0 trident

the Ecumenical Temple

