Quojogef

Level 1 of the Dungeon
(0, 0, D:1)
  a +0 whip
(4, -5, D:1)
  a +0 spear
(26, -37, D:1)
  a +0 helmet
(27, -23, D:1)
  a +0 dagger
(30, -38, D:1)
  a +0 whip

Level 2 of the Dungeon
(9, 16, D:2)
  a +0 dagger
(12, 11, D:2)
  a +0 mace
(13, -3, D:2)
  a +0 club
(18, 24, D:2)
  a +0 chain mail
  a +0 short sword
(20, -3, D:2)
  a +0 robe
(25, -5, D:2)
  a +0 robe
(33, 27, D:2)
  a +0 short sword
(49, 13, D:2)
  a +0 short sword
(49, 14, D:2)
  a +0 spear
  a +0 spear

Level 3 of the Dungeon
(0, 0, D:3)
  a +0 flail
(2, -40, D:3)
  a +0 leather armour
  a +0 mace
(3, -38, D:3)
  a +0 robe
  a +0 dagger
(4, -35, D:3)
  a cursed -2 giant club
(4, -4, D:3)
  a +0 club
(5, -4, D:3)
  a potion of degeneration
(5, -3, D:3)
  a +0 hand axe
(10, 10, D:3)
  a +0 whip
(16, -10, D:3)
  a +0 dagger
(27, -3, D:3)
  a +0 leather armour

Level 4 of the Dungeon
(0, 0, D:4)
  a +0 ring mail
(11, -9, D:4)
  a +0 pair of gloves
(14, -26, D:4)
  a +0 robe
  a +0 dagger
(24, -32, D:4)
  a +0 cloak
(34, 0, D:4)
  a +0 leather armour

Level 5 of the Dungeon
[Shop] Niyficwi's Assorted Antiques
  a potion of curing (78 gold)
  a scroll of blinking (195 gold)
  a +0 battleaxe of chopping (304 gold)
  2 potions of agility (208 gold)
  a +0 plate armour (598 gold)
  a sack of spiders (520 gold)
  a lamp of fire (1040 gold)
[Shop] Zacsuf's Assorted Antiques
  a +2 robe of fire resistance (460 gold)
  a scroll of remove curse (78 gold)
  a scroll of remove curse (78 gold)
  a +0 buckler of poison resistance (221 gold)
  a scroll of identify (52 gold)
  a scroll of identify (52 gold)
  a scroll of fog (52 gold)
[Shop] Puycoc's Distillery
  a potion of magic (112 gold)
  2 potions of curing (84 gold)
  2 potions of resistance (280 gold)
  a potion of lignification (42 gold)
  a potion of curing (42 gold)
  a potion of ambrosia (112 gold)
  a potion of degeneration (14 gold)
  a potion of might (56 gold)
[Shop] Huniuci's Magic Scroll Shoppe
  a scroll of fog (22 gold)
  2 scrolls of enchant armour (165 gold)
  a scroll of holy word (82 gold)
  a scroll of fear (38 gold)
  3 scrolls of fog (66 gold)
  a scroll of immolation (38 gold)
  a scroll of vulnerability (82 gold)
  a scroll of identify (22 gold)
  a scroll of vulnerability (82 gold)
  a scroll of identify (22 gold)
(0, 0, D:5)
  a +0 robe
(14, 6, D:5)
  a +0 ring mail
  a +0 club
(15, 6, D:5)
  a +0 dagger
(16, 6, D:5)
  a +0 hand axe
(17, 5, D:5)
  a +0 robe
  a +0 dagger
(30, 28, D:5)
  a +0 dagger
(31, 17, D:5)
  a cursed +0 scale mail
(47, 12, D:5)
  a -1 hunting sling
(48, 14, D:5)
  a +0 mace
(62, 27, D:5)
  a +0 scale mail

Level 6 of the Dungeon
(0, 0, D:6)
  a +0 flail
  a +0 chain mail
(1, 0, D:6)
  a +0 hand axe
(1, 32, D:6)
  a stone
(2, 0, D:6)
  a +0 mace
  an orc skeleton
(3, 32, D:6)
  a stone
(5, 0, D:6)
  a +0 hand axe
  a +0 dagger
  a +0 robe
(6, 0, D:6)
  a +0 dagger
  an orc skeleton
(7, 22, D:6)
  11 gold pieces
(7, 31, D:6)
  a jackal skeleton
(35, 20, D:6)
  a scroll of magic mapping

