Zojomm

Level 1 of the Dungeon
(0, 0, D:1)
  a +0 cloak
(0, 9, D:1)
  a +0 robe
(15, 27, D:1)
  a +0 club
(25, 35, D:1)
  a +0 club
(34, 11, D:1)
  a +0 club
(34, 28, D:1)
  a +0 dagger
(55, 3, D:1)
  a +0 dagger
(58, 6, D:1)
  a +0 club

Level 2 of the Dungeon
(0, 0, D:2)
  a +0 leather armour
(8, -5, D:2)
  15 gold pieces
(14, -5, D:2)
  12 gold pieces
(14, -4, D:2)
  a cursed +0 leather armour
(14, -3, D:2)
  13 gold pieces
(14, -2, D:2)
  21 gold pieces
(14, -1, D:2)
  a +0 ring mail
(15, -5, D:2)
  12 gold pieces
(15, -4, D:2)
  17 stones
(15, -2, D:2)
  20 stones
(15, -1, D:2)
  8 gold pieces
(22, -1, D:2)
  a +0 club
(27, 8, D:2)
  a +0 leather armour
(32, -4, D:2)
  a +0 robe

Level 3 of the Dungeon
(0, 0, D:3)
  a +0 hunting sling
  a cursed -1 dagger
(6, 2, D:3)
  a +0 robe
(9, -8, D:3)
  a +0 dagger
  a +0 robe
(12, -18, D:3)
  a +0 long sword
(38, -17, D:3)
  a +0 spear

Level 4 of the Dungeon
(0, 0, D:4)
  a +0 giant spiked club
(3, 28, D:4)
  a +0 ring mail
(4, 26, D:4)
  a +0 mace
(15, -10, D:4)
  a +0 robe
  a +0 dagger
(22, -16, D:4)
  a +0 leather armour
  a +0 leather armour
(25, 34, D:4)
  a +0 dagger
(29, 10, D:4)
  a +0 robe
  a +0 dagger
(32, -2, D:4)
  a -2 ring mail
  a +0 robe
  a +2 pair of gloves

Level 5 of the Dungeon
(0, 0, D:5)
  a +0 leather armour
(10, -5, D:5)
  a +0 dagger
(32, 12, D:5)
  a potion of lignification
  a +0 ring mail
(41, 12, D:5)
  a +0 cloak
  a +0 leather armour
(43, 3, D:5)
  a +0 leather armour
(46, 14, D:5)
  a +0 rapier

Level 6 of the Dungeon
[Shop] Hymmie Iqow's Book Shoppe
  a book of Air (420 gold)
  a book of Changes (300 gold)
  a book of Conjurations (360 gold)
  a book of Necromancy (360 gold)
  the Compendium of Frigorific Creation (810 gold)
    Spells                           Type                      Level
     a - Call Canine Familiar         Summoning                     3
     b - Freezing Cloud               Conjuration/Ice/Air           6
  a book of Minor Magic (240 gold)
  a book of Misfortune (240 gold)
  a book of Necromancy (360 gold)
  the Catalogue of Supportive Sinister Rites (708 gold)
    Spells                           Type                      Level
     a - Summon Butterflies           Summoning                     1
     b - Summon Small Mammal          Summoning                     1
     c - Vampiric Draining            Necromancy                    3
     d - Recall                       Summoning/Translocation       3
     e - Summon Ice Beast             Ice/Summoning                 4
  a book of Maledictions (300 gold)
(0, 0, D:6)
  a +0 scale mail
(10, -33, D:6)
  a +0 club
(21, -12, D:6)
  a +0 dagger
(23, -12, D:6)
  a +0 spear

Level 7 of the Dungeon
[Shop] Ipseum's Weapon Shoppe
  a +0 whip (30 gold)
  19 stones (22 gold)
  a +0 mace (36 gold)
  19 stones (22 gold)
  the +9 long sword of Archaq {slice, *Corrode Str+6 Int+2 Dex+2} (871 gold)
    It inflicts extra damage upon your enemies.
    
    It affects your strength (+6).
    It affects your intelligence (+2).
    It affects your dexterity (+2).
    It may corrode you when you take damage.
  a +0 dagger (24 gold)
  a +1 flail of protection (134 gold)
  a +0 trident (42 gold)
  a cursed +0 trident (30 gold)
  the +5 falchion of Responsibility {drain, *Noise rElec Str+3 Int+4} (667 gold)
    A truly terrible weapon, it drains the life of those it strikes.
    
    It affects your strength (+3).
    It affects your intelligence (+4).
    It insulates you from electricity.
    It may make noises in combat.
(0, 0, D:7)
  a +0 leather armour
(1, 3, D:7)
  a +0 giant club
(1, 4, D:7)
  a +0 leather armour
  a +0 flail
  a cursed +0 scimitar
(11, -31, D:7)
  a +0 ring mail
  a +0 flail
  a +0 whip
(14, -49, D:7)
  a +0 club
(33, -6, D:7)
  a +0 long sword
(56, -47, D:7)
  a +0 giant club

the Ecumenical Temple

