Huwonim

Level 1 of the Dungeon
(0, 0, D:1)
  a +0 mace
(2, -2, D:1)
  a +0 hand axe
(2, -1, D:1)
  a +0 scale mail
(2, 0, D:1)
  a +0 falchion
(14, 19, D:1)
  a +0 club
(15, 19, D:1)
  a +0 club
(19, 14, D:1)
  a +0 club
(27, 13, D:1)
  a +0 club

Level 2 of the Dungeon
(0, 0, D:2)
  a +0 whip
  a +0 whip
(0, 4, D:2)
  a +0 ring mail
(12, 3, D:2)
  a +0 mace
(24, 11, D:2)
  a cursed +0 robe
(28, 26, D:2)
  a +0 spear
(34, 20, D:2)
  a +0 dagger
(35, 19, D:2)
  a cursed +0 club
(38, 29, D:2)
  a +0 club
(46, 5, D:2)
  a cursed +0 club
(49, 6, D:2)
  a +0 long sword
(51, 13, D:2)
  a +0 scale mail
(55, -9, D:2)
  a +0 club
  a +0 dagger
(55, 11, D:2)
  a +0 short sword
(55, 30, D:2)
  a +0 scale mail
(56, -10, D:2)
  a +0 dagger of venom
(56, -8, D:2)
  a +0 ring mail
  a +0 club

Level 3 of the Dungeon
(0, 0, D:3)
  a +0 robe
  a +0 dagger
(3, -15, D:3)
  a +0 club
(4, -1, D:3)
  a +0 hand axe
(4, 2, D:3)
  a +0 scale mail
(14, -17, D:3)
  a +0 robe
  a +0 dagger
(14, 1, D:3)
  a +0 hand axe
(14, 12, D:3)
  a +0 halberd
(17, 5, D:3)
  a +0 spear
(24, 5, D:3)
  a +0 ring mail
  a +0 mace

Level 4 of the Dungeon
(3, 6, D:4)
  a +0 robe
(8, 8, D:4)
  a +0 leather armour
  a +1 flail of protection
(9, 1, D:4)
  a +0 club
(10, 0, D:4)
  a +0 flail
(12, 2, D:4)
  a +0 ring mail
  a +0 short sword
(13, -11, D:4)
  a cursed +0 robe
(19, -27, D:4)
  a +0 giant spiked club
(21, -8, D:4)
  a +0 giant club
(25, -12, D:4)
  a +0 club
(27, -11, D:4)
  a +0 whip
(38, 4, D:4)
  a +0 leather armour
  a +0 dagger
(38, 9, D:4)
  a +0 whip
(38, 18, D:4)
  a +0 scale mail
  a +0 whip
(39, -14, D:4)
  a +0 halberd
(40, -15, D:4)
  a +0 flail
(44, 15, D:4)
  a +0 quarterstaff
  a +0 leather armour
(44, 16, D:4)
  a +0 dagger
  a +0 club
(48, 11, D:4)
  a +0 whip
  a +0 dagger
(51, 9, D:4)
  a +0 short sword
  a +0 short sword
  a +0 hand crossbow
(52, 8, D:4)
  a +0 short sword
  a +0 short sword
(53, 7, D:4)
  a +0 dagger
  a +0 short sword
(54, 6, D:4)
  a +0 club
(54, 7, D:4)
  a +0 dagger
(55, 5, D:4)
  a +0 whip
(56, 5, D:4)
  a +0 short sword

Level 5 of the Dungeon
(0, 0, D:5)
  a cursed -2 hand axe
(0, 1, D:5)
  a +0 leather armour
  a +0 hand axe
(1, 0, D:5)
  a +0 ring mail
  a +0 war axe
  a +0 dagger
  a +0 leather armour
  a +0 whip
(2, 0, D:5)
  a +0 short sword
(22, -24, D:5)
  a +0 giant club
(29, -9, D:5)
  a +0 leather armour
  a +0 club
  a +0 ring mail
  a +0 hand axe
  a +0 leather armour
  a +0 dagger
(33, -10, D:5)
  a +0 club
(35, -10, D:5)
  a +0 robe
(44, -22, D:5)
  a +0 chain mail
(54, -10, D:5)
  a +0 club

Level 6 of the Dungeon
(0, 0, D:6)
  a +0 dagger
  a +0 robe
  a +0 dagger
  a +0 robe
(4, 9, D:6)
  a book of the Earth
(5, 4, D:6)
  an uncursed ring of fire
(7, 21, D:6)
  a +0 dagger
  a +0 animal skin
(9, -2, D:6)
  a +0 spear
(9, 4, D:6)
  a +0 dagger
  an orc corpse
(10, -4, D:6)
  a +0 shortbow (still there?)
  an arrow (still there?)
(11, 4, D:6)
  a +0 dagger
  (unseen)
(11, 5, D:6)
  a +0 flail (still there?)
  a tomahawk (still there?)
(11, 6, D:6)
  2 tomahawks
(11, 11, D:6)
  a +0 leather armour
(12, 17, D:6)
  a +0 scale mail
(27, 17, D:6)
  a +0 leather armour
(34, 26, D:6)
  a +0 dagger
(44, 1, D:6)
  a potion of degeneration
(44, 38, D:6)
  the cursed +1 leather armour of Beogh's Generosity {rElec rN+ Stlth+}
    It insulates you from electricity.
    It protects you from negative energy.
    It makes you more stealthy.
    It has a curse placed upon it.
(45, 36, D:6)
  a +2 trident of distortion
(51, 32, D:6)
  a wand of random effects (21)

