Qaedul

Level 1 of the Dungeon
(0, 0, D:1)
  a scroll of teleportation
(2, -33, D:1)
  2 stones
(2, -16, D:1)
  a scroll of remove curse
(2, -1, D:1)
  10 gold pieces
(6, -33, D:1)
  a +0 whip
(7, -17, D:1)
  12 poisoned needles
(8, -38, D:1)
  a ration
(8, -35, D:1)
  a +0 club
(8, -33, D:1)
  a +0 dagger
  (unseen)
(10, -33, D:1)
  a +0 club
(10, -4, D:1)
  a ration
(11, 0, D:1)
  11 stones
(18, -22, D:1)
  a scroll of identify
(19, 3, D:1)
  a scroll of identify
(20, -7, D:1)
  a +0 leather armour
(20, 11, D:1)
  a +3 spear of venom
(21, -5, D:1)
  28 stones
(21, 2, D:1)
  a +0 hunting sling
(30, 9, D:1)
  12 gold pieces
(45, -5, D:1)
  a scroll of identify

Level 1 of the Crypt
(0, 0, Crypt:1)
  a +0 club
  4 stones
(1, 0, Crypt:1)
  a +2 quarterstaff of draining
  the +0 hand crossbow of Action {velocity, +Inv Str+4}
    Any bolt fired from it inflicts extra damage.
    
    It affects your strength (+4).
    It lets you turn invisible.
(14, 4, Crypt:1)
  3 stones
(18, 1, Crypt:1)
  a +0 long sword
  a potion of degeneration
(18, 5, Crypt:1)
  a +0 great sword
  a +0 robe
  a +0 battleaxe
  a +0 chain mail
(19, 4, Crypt:1)
  2 stones
  a +0 hand axe
  a +0 robe
  a cursed +0 hand axe
  a +0 robe
  a cursed +0 broad axe
  a +0 robe
  a +0 scimitar
  a +0 robe
(20, 4, Crypt:1)
  a +0 broad axe
  a +0 club
  a +5 dire flail
  a cursed +0 robe
(21, 0, Crypt:1)
  a scroll of amnesia
(21, 4, Crypt:1)
  a +0 war axe
  a +0 chain mail
  28 gold pieces
  9 stones
(21, 5, Crypt:1)
  a +4 battleaxe
  (unseen)
(23, 4, Crypt:1)
  a +1 battleaxe
  a +0 plate armour
(24, 6, Crypt:1)
  14 gold pieces
(26, 4, Crypt:1)
  a stone
(37, -2, Crypt:1)
  a +1 hat
(38, 3, Crypt:1)
  a +0 great sword
(47, 10, Crypt:1)
  6 javelins
(58, -15, Crypt:1)
  a +0 trident
(58, -14, Crypt:1)
  a +0 great sword of draining
  (unseen)
(59, -15, Crypt:1)
  a +0 glaive of protection
(59, -14, Crypt:1)
  a +0 mace
  a +1 dire flail of draining
(59, -13, Crypt:1)
  a +3 great sword
  a +0 plate armour
(60, -14, Crypt:1)
  2 potions of lignification
(60, -13, Crypt:1)
  a +0 halberd
(62, 13, Crypt:1)
  19 poisoned needles
(63, 16, Crypt:1)
  a +0 ring mail
(67, 9, Crypt:1)
  a ration
(67, 12, Crypt:1)
  a +0 scimitar
(68, 11, Crypt:1)
  a +0 scimitar
(69, 10, Crypt:1)
  a +0 glaive
(69, 11, Crypt:1)
  a +1 halberd of distortion

