Pidutzup

Level 1 of the Dungeon
(0, 0, D:1)
  a ration
(7, 6, D:1)
  a scroll of identify
(9, 1, D:1)
  11 gold pieces

Level 6 of the Lair of Beasts
(1, 2, Lair:6)
  20 bolts

the Vestibule of Hell

Level 1 of Tartarus

Level 5 of the Realm of Zot
(0, 0, Zot:5)
  20 arrows
(2, -2, Zot:5)
  +0 gold dragon scales
(8, 3, Zot:5)
  a +0 long sword
  a +0 cloak
(8, 4, Zot:5)
  a +0 war axe
(8, 6, Zot:5)
  a +0 halberd
(11, 2, Zot:5)
  a +0 mace
(11, 4, Zot:5)
  a +0 dire flail
  a +0 scimitar
(12, 0, Zot:5)
  a +0 hand axe
(16, 21, Zot:5)
  26 gold pieces
(20, 21, Zot:5)
  a ration
(21, -10, Zot:5)
  a +12 club of pain
(23, 7, Zot:5)
  22 gold pieces
(27, 10, Zot:5)
  a potion of heal wounds
(28, -10, Zot:5)
  the Orb of Zot
(29, -8, Zot:5)
  a +1 glaive of venom
(29, 3, Zot:5)
  22 gold pieces
(30, -8, Zot:5)
  a +0 dagger
  a +0 cloak
(31, 31, Zot:5)
  a +0 ring mail
(34, -10, Zot:5)
  a +0 short sword
  a +0 cloak
(35, -11, Zot:5)
  a +0 dire flail
(35, 29, Zot:5)
  16 gold pieces
(38, 32, Zot:5)
  29 gold pieces
(40, -7, Zot:5)
  +0 shadow dragon scales
(41, -14, Zot:5)
  a +10 club of flaming
(44, 21, Zot:5)
  a scroll of enchant armour
(45, 18, Zot:5)
  a scroll of fog
(48, 7, Zot:5)
  a +0 short sword
(50, 8, Zot:5)
  a +4 mace
(51, 8, Zot:5)
  a +0 halberd
(52, 6, Zot:5)
  a +0 flail
(52, 38, Zot:5)
  a +3 dagger
(53, 6, Zot:5)
  a +0 dire flail of pain
(54, 36, Zot:5)
  a ration
(56, 9, Zot:5)
  15 poisoned needles
(58, 7, Zot:5)
  18 sling bullets

