Plog

Level 1 of the Dungeon
(0, 0, D:1)
  15 stones
(0, 8, D:1)
  6 gold pieces
(2, -17, D:1)
  a +0 leather armour
(4, -13, D:1)
  a cursed +0 dagger
(4, 6, D:1)
  21 arrows
(9, -14, D:1)
  15 sling bullets
(11, -27, D:1)
  a scroll of remove curse
(13, -29, D:1)
  8 gold pieces
(14, -36, D:1)
  12 gold pieces
(16, -38, D:1)
  a potion of degeneration
(16, -34, D:1)
  22 stones
(18, -26, D:1)
  an uncursed ring of positive energy
(22, -26, D:1)
  a potion of curing
(22, -20, D:1)
  a scroll of remove curse
(22, -5, D:1)
  a +0 ring mail
(24, -4, D:1)
  a scroll of immolation
(24, -2, D:1)
  4 tomahawks
(29, -16, D:1)
  a +0 ring mail
(31, -13, D:1)
  22 bolts
(40, -24, D:1)
  14 gold pieces
(46, -23, D:1)
  a +0 hand axe
(46, -20, D:1)
  2 gold pieces
(50, -45, D:1)
  28 arrows
(50, -1, D:1)
  4 sling bullets

