Tidip

Level 1 of the Dungeon
(10, 30, D:1)
  a +0 short sword
(15, 14, D:1)
  a +0 club
(20, -1, D:1)
  a +0 spear
(26, 7, D:1)
  a +0 dagger
(28, 21, D:1)
  a +0 dagger
(29, 28, D:1)
  a +0 robe
(30, 3, D:1)
  a +0 club
(36, 8, D:1)
  a +0 spear
(57, 22, D:1)
  a +0 club

Level 2 of the Dungeon
(20, 36, D:2)
  a +0 club
(26, 15, D:2)
  a +0 hunting sling
(40, 1, D:2)
  a +0 scale mail
(43, 25, D:2)
  a +0 whip

Level 3 of the Dungeon
(6, 0, D:3)
  a +0 dagger
(7, -1, D:3)
  a stone
(9, -1, D:3)
  a stone
(10, -1, D:3)
  a stone
(11, -1, D:3)
  a stone
(11, 1, D:3)
  a stone
(17, 23, D:3)
  a sling bullet
(19, 17, D:3)
  a bat skeleton
(19, 21, D:3)
  a sling bullet
(20, 16, D:3)
  a +0 dagger
  a +0 robe
(20, 20, D:3)
  a sling bullet
(21, 8, D:3)
  a +0 hunting sling
  a +0 dagger
(23, 11, D:3)
  a +0 ring mail
(23, 12, D:3)
  49 stones
(23, 16, D:3)
  2 stones (still there?)
  a stone (still there?)
  a +0 mace (still there?)
(23, 17, D:3)
  a sling bullet
(23, 18, D:3)
  a rat skeleton
(23, 20, D:3)
  a stone
(23, 22, D:3)
  a stone
  (unseen)
(23, 23, D:3)
  a +0 flail of protection (still there?)
  a stone (still there?)
(23, 24, D:3)
  a stone
(24, 24, D:3)
  a stone
  (unseen)
(24, 25, D:3)
  a book of Misfortune
(25, 1, D:3)
  a potion of invisibility
(28, 17, D:3)
  a +0 club
(37, 2, D:3)
  a +0 war axe
  a +0 chain mail
  a +0 club
  a +0 mace
  a +0 short sword
  a cursed +0 ring mail
  a +0 whip
  a +0 scale mail
(40, -4, D:3)
  a cursed -1 club
(42, 14, D:3)
  a +0 animal skin
  a human skeleton
(46, 22, D:3)
  a stone

Level 4 of the Dungeon
(0, 0, D:4)
  a +0 giant club
(7, 12, D:4)
  14 gold pieces
(13, -2, D:4)
  a cursed +0 robe
  a +0 hand axe
(14, -15, D:4)
  a +0 spear
(15, 15, D:4)
  a scroll of remove curse
(15, 17, D:4)
  a stone
(18, 20, D:4)
  a stone
(18, 21, D:4)
  a stone
(18, 22, D:4)
  2 stones
(37, 17, D:4)
  a +0 robe

