Niquwkymm

Level 1 of the Dungeon
(0, 0, D:1)
  a +0 robe
(28, 44, D:1)
  a +0 club
(44, 30, D:1)
  a +0 chain mail

Level 2 of the Dungeon
(0, 0, D:2)
  a +0 chain mail
(6, -6, D:2)
  a +0 spear
(24, 5, D:2)
  a +0 short sword
(26, 34, D:2)
  a +0 scale mail
(34, -12, D:2)
  a +0 whip
  a +0 hunting sling
  a +0 club
(34, 3, D:2)
  a +0 club
(43, 14, D:2)
  a +0 ring mail
(58, 7, D:2)
  a +0 club

Level 3 of the Dungeon
(0, 0, D:3)
  a cursed +0 robe
(15, 7, D:3)
  a +0 ring mail
(22, -17, D:3)
  a +0 scale mail
(27, 20, D:3)
  a +0 robe
(32, 11, D:3)
  a +0 short sword
(37, -2, D:3)
  a +0 club
(42, 7, D:3)
  a +0 giant club
(48, -18, D:3)
  a +0 leather armour

Level 4 of the Dungeon
[Shop] Xerraus's Assorted Antiques
  a +0 ring mail (112 gold)
  a potion of haste (280 gold)
  +2 pearl dragon scales (3035 gold)
  a +0 chain mail (126 gold)
  a +3 plate armour of fire resistance (1260 gold)
  a fan of gales (1120 gold)
(0, 0, D:4)
  a +0 leather armour
(2, -19, D:4)
  a cursed -3 dagger
(4, -21, D:4)
  a +0 mace
(5, -21, D:4)
  a +0 leather armour
  a +0 dagger
(7, -22, D:4)
  a +0 short sword
(7, -17, D:4)
  a +0 dagger

Level 5 of the Dungeon
(0, 0, D:5)
  a +0 rapier
(7, -16, D:5)
  2 sling bullets
  a +0 robe
  a +0 scythe
(11, -4, D:5)
  a +0 spear
(22, -5, D:5)
  a cursed -3 shortbow
(25, -15, D:5)
  a +0 long sword
(31, -7, D:5)
  a +0 hunting sling
(34, -2, D:5)
  a +0 ring mail
(35, -26, D:5)
  a +0 leather armour
(51, -8, D:5)
  a +0 hand axe

Level 6 of the Dungeon
[Shop] Taf Goo's Assorted Antiques
  an uncursed amulet of the gourmand (930 gold)
  a +0 leather armour (62 gold)
  a +0 ring mail (124 gold)
  a +0 battleaxe (201 gold)
  a book of Callings (930 gold)
  a phantom mirror (930 gold)
(0, 0, D:6)
  a +0 great sword
(22, 29, D:6)
  a +0 robe
  a +0 dagger
(23, 21, D:6)
  a +0 robe
  a +0 hunting sling
  a cursed +0 battleaxe
(23, 22, D:6)
  a +0 robe
(23, 28, D:6)
  a +0 mace
(24, 25, D:6)
  a +0 robe
  a +0 dagger
(24, 26, D:6)
  a +0 robe
  a +0 dagger
(24, 44, D:6)
  a +0 giant club
(25, 2, D:6)
  a +0 flail
(41, -2, D:6)
  a +0 dagger
  a +0 robe
(42, -2, D:6)
  a +0 robe
(43, -2, D:6)
  a +0 short sword
  a +0 robe
(49, 8, D:6)
  a scarf of spirit shield
(50, 37, D:6)
  a +0 leather armour

Level 7 of the Dungeon
(0, 0, D:7)
  a +0 leather armour
  a +0 whip
(3, -17, D:7)
  a +0 chain mail
  a +0 hand axe
  a +0 robe
(3, -3, D:7)
  a +0 shortbow
(4, 0, D:7)
  a +0 robe
  a +0 hand axe
(5, -16, D:7)
  a +0 robe
(5, -15, D:7)
  a +0 trident
  a +0 robe
  a cursed +0 trident
  a +0 robe
(6, -14, D:7)
  a +0 long sword
  a +0 robe
(10, 15, D:7)
  a +0 club
(21, 10, D:7)
  a +0 leather armour
  a +0 ring mail
(27, 11, D:7)
  a +0 robe
  a +0 short sword
(29, 6, D:7)
  a +0 robe
(33, 4, D:7)
  a +0 giant club
(33, 21, D:7)
  a +0 leather armour
  a +0 short sword
(35, 24, D:7)
  a +0 robe
  a +0 dagger

Level 8 of the Dungeon
(0, 0, D:8)
  a +0 leather armour
(15, 5, D:8)
  a potion of degeneration
(17, 4, D:8)
  a +0 pair of boots
(18, -6, D:8)
  a +0 falchion
(23, 18, D:8)
  a +0 robe
  a +4 mace
(23, 19, D:8)
  a +0 flail
(23, 21, D:8)
  a cursed +0 leather armour
  a +0 mace
(24, 15, D:8)
  a +0 pair of boots
(24, 18, D:8)
  a cursed -3 club
(24, 19, D:8)
  a +0 robe
  a +0 dagger
(29, 14, D:8)
  a +0 ring mail
  a +0 short sword
(30, 13, D:8)
  a +0 short sword

Level 9 of the Dungeon
(0, 0, D:9)
  a +0 whip
(1, 10, D:9)
  a +0 dagger
(4, 1, D:9)
  a +0 robe
(4, 7, D:9)
  a +0 dagger
(6, 21, D:9)
  a +0 pair of boots
(11, -6, D:9)
  a +0 robe
(13, 16, D:9)
  a +0 ring mail
(15, 12, D:9)
  a +0 rapier
(15, 22, D:9)
  a +0 robe
(34, -9, D:9)
  a +0 scale mail
(34, 15, D:9)
  a +0 hand axe

Level 10 of the Dungeon
(0, 0, D:10)
  a +1 robe
(1, -1, D:10)
  a +0 hand crossbow
  a cursed -1 falchion
  a +2 falchion of slicing
(1, 0, D:10)
  2 needles of sleeping
  a +5 flail
  a +1 short sword of speed
  a +2 dagger
  155 bolts
(1, 1, D:10)
  a +0 dagger of holy wrath
(2, -1, D:10)
  a +0 arbalest
(2, 0, D:10)
  a +0 lajatang
  a +0 shortbow
  a cursed +2 great sword of freezing
  a cursed +3 great sword
  a +1 shortbow of freezing
  342 arrows
(3, 0, D:10)
  2 potions of haste
  a potion of flight
  a potion of berserk rage
  a scroll of amnesia
  an uncursed ring of teleportation
(7, -18, D:10)
  a +0 robe
  a +0 dagger
  a +0 short sword
(7, -17, D:10)
  a +0 robe
  a +0 dagger
(7, -16, D:10)
  a +0 leather armour
  a +0 dagger
(7, -14, D:10)
  a +0 plate armour
  a +0 dire flail
(7, -6, D:10)
  a +0 falchion
(7, -4, D:10)
  a +0 shortbow
(8, -20, D:10)
  a +0 dagger
(9, -21, D:10)
  a +0 morningstar
(21, 6, D:10)
  a +0 leather armour
  a +0 club
(21, 8, D:10)
  a +0 falchion
(22, -12, D:10)
  a +0 giant club
  a cursed -3 giant club
(28, -6, D:10)
  a cursed +0 leather armour
(37, -25, D:10)
  a +0 robe
(37, -18, D:10)
  a +0 shortbow
(39, 13, D:10)
  a +0 dagger
(49, -34, D:10)
  a +0 shortbow
(55, -7, D:10)
  a +0 ring mail

Level 11 of the Dungeon
(15, -21, D:11)
  a cursed -1 giant club
(21, -25, D:11)
  a +0 shortbow
(22, -24, D:11)
  a +0 long sword
  a +0 shortbow
(23, 18, D:11)
  a +0 giant spiked club
(25, -27, D:11)
  a +0 mace
(26, -13, D:11)
  a +0 robe
  a cursed -2 dagger
(27, -25, D:11)
  a +0 club
(27, -24, D:11)
  a +0 leather armour
  a +0 mace
  a potion of degeneration
  a +0 flail
  a +0 leather armour
  a +0 trident
(27, -9, D:11)
  a +0 giant club
(28, -24, D:11)
  a +0 dagger
(28, -9, D:11)
  a +0 giant club
(30, -26, D:11)
  a +0 chain mail
  a +0 trident
(30, -25, D:11)
  a +0 club
  a +0 shortbow
(31, -6, D:11)
  a +0 war axe
(32, -4, D:11)
  a +0 flail
  a +0 shortbow
(41, -40, D:11)
  an uncursed amulet of regeneration
(43, -35, D:11)
  3 scrolls of random uselessness
(55, -12, D:11)
  a +0 shortbow
(62, 0, D:11)
  a +0 hand axe
(64, 9, D:11)
  a +0 ring mail

the Ecumenical Temple

Level 1 of the Orcish Mines
(0, 0, Orc:1)
  a +0 plate armour
  a +0 trident
(1, -1, Orc:1)
  a +0 leather armour
  a cursed -3 club
(2, 0, Orc:1)
  a +0 plate armour
  a +0 dire flail
(3, 1, Orc:1)
  a +0 giant spiked club
(3, 2, Orc:1)
  a cursed +0 ring mail
  a +0 club
  a +0 mace
  a +0 leather armour
(4, 2, Orc:1)
  a +0 leather armour
  a +0 club
  a +0 leather armour
  a +0 hand axe
(5, -2, Orc:1)
  a +0 dagger
(5, 2, Orc:1)
  a +0 chain mail
  a cursed -1 long sword
(6, -2, Orc:1)
  a +0 leather armour
  a +0 flail
  a +0 mace
(7, 7, Orc:1)
  a +0 chain mail
  a +0 trident
(8, 7, Orc:1)
  a +0 short sword
(8, 9, Orc:1)
  a +0 hand axe
(9, 6, Orc:1)
  a +0 giant club
(11, 3, Orc:1)
  a +0 shortbow of flaming
(11, 8, Orc:1)
  a +0 giant club
(12, 3, Orc:1)
  a +0 plate armour
  a +0 dire flail
(12, 45, Orc:1)
  a +1 ring of protection
(14, 2, Orc:1)
  a +0 ring mail
  a +0 club
(15, 2, Orc:1)
  a cursed -2 flail
(18, 1, Orc:1)
  a +0 leather armour
  a +0 dagger

Level 2 of the Orcish Mines
[Shop] Rasececs's General Store
  (Shop contents are unknown)
(2, 11, Orc:2)
  a +0 short sword
(3, 29, Orc:2)
  a +0 war axe
(4, 17, Orc:2)
  a +2 mace of crushing
  a +0 chain mail
(4, 19, Orc:2)
  a +0 dagger of venom
(4, 30, Orc:2)
  a +0 scale mail
(5, 20, Orc:2)
  a +0 club
(5, 31, Orc:2)
  a +0 flail
  a +0 club
(6, 32, Orc:2)
  a cursed -2 glaive
  a +0 plate armour
(8, -15, Orc:2)
  a +0 flail
(8, 11, Orc:2)
  a +0 chain mail
  a +0 trident
(8, 12, Orc:2)
  a stone
(8, 30, Orc:2)
  a +0 dagger (still there?)
  23 gold pieces (still there?)
(9, -16, Orc:2)
  a +0 chain mail
(9, -15, Orc:2)
  a +0 short sword
  a +0 ring mail
(9, 12, Orc:2)
  a +0 glaive (still there?)
  a stone (still there?)
(9, 13, Orc:2)
  a +0 dire flail (still there?)
  3 stones (still there?)
(9, 34, Orc:2)
  a +0 halberd
(9, 35, Orc:2)
  a +0 chain mail
  a +0 scimitar
(10, 13, Orc:2)
  a sling bullet (still there?)
  a +0 long sword (still there?)
(10, 14, Orc:2)
  a stone
(10, 36, Orc:2)
  a +0 trident
  a cursed -2 chain mail
(11, -14, Orc:2)
  a +0 falchion
(11, 14, Orc:2)
  a sling bullet
  (unseen)
(11, 34, Orc:2)
  a +0 ring mail
(12, 15, Orc:2)
  a sling bullet
(13, 16, Orc:2)
  a sling bullet
(14, -13, Orc:2)
  a +0 broad axe
(14, -10, Orc:2)
  a cursed +0 mace
(20, 19, Orc:2)
  a sling bullet
(21, 18, Orc:2)
  a sling bullet (still there?)
  a stone (still there?)
(22, 16, Orc:2)
  2 stones (still there?)
  a stone (still there?)
(22, 17, Orc:2)
  a sling bullet
(23, 16, Orc:2)
  a stone (still there?)
  a sling bullet (still there?)
(24, 15, Orc:2)
  a +2 battleaxe of chopping
  (unseen)
(24, 16, Orc:2)
  2 sling bullets (still there?)
  a sling bullet (still there?)
(25, 14, Orc:2)
  a +0 mace
  a +0 plate armour
  a +0 battleaxe
  a cursed +0 plate armour
  a +0 scale mail
(25, 15, Orc:2)
  a +0 war axe (still there?)
  a cursed -1 short sword (still there?)
(26, 13, Orc:2)
  a +1 mace of protection
(26, 14, Orc:2)
  a +0 mace
  a +0 leather armour
  a +0 short sword
  a +0 flail
(27, 12, Orc:2)
  a +0 dire flail
  a +0 chain mail
  a +0 hand axe
(27, 13, Orc:2)
  a +0 dire flail
  a +0 plate armour
  a +0 club
(28, 11, Orc:2)
  a +0 trident
  a +0 plate armour
  a +0 war axe
(28, 12, Orc:2)
  a +0 long sword
  a +0 chain mail
  a +0 whip
(30, 9, Orc:2)
  a +0 plate armour
(31, 10, Orc:2)
  a cursed -2 club
(33, 8, Orc:2)
  a +0 scale mail
(33, 9, Orc:2)
  a +0 war axe of chopping
(34, 8, Orc:2)
  a +0 chain mail
(34, 10, Orc:2)
  a +0 flail
  a +0 chain mail
(36, 5, Orc:2)
  a +0 dagger (still there?)
  a sling bullet (still there?)
(40, 1, Orc:2)
  a +0 chain mail
  a +0 giant club
(46, 26, Orc:2)
  a +0 dagger
(49, 27, Orc:2)
  a +0 morningstar
  a +0 chain mail
(53, 10, Orc:2)
  a +0 robe
  a +0 dagger
(58, 21, Orc:2)
  a +0 flail
  a +0 leather armour
(59, 14, Orc:2)
  a +0 robe
(59, 20, Orc:2)
  a +0 falchion
(59, 22, Orc:2)
  a +0 mace

Level 1 of the Lair of Beasts
(0, 0, Lair:1)
  a +0 trident
  a +1 whip of electrocution
  a +2 plate armour of cold resistance
  2 scrolls of magic mapping
  9 scrolls of teleportation
(1, 6, Lair:1)
  13 stones
(2, 21, Lair:1)
  a +0 leather armour
(3, 6, Lair:1)
  17 arrows
(4, 11, Lair:1)
  a sling bullet

