Ufecagel

Level 1 of the Dungeon
(0, 0, D:1)
  a +0 dagger
(13, 9, D:1)
  a +0 short sword
(30, 27, D:1)
  a +0 short sword
(44, 11, D:1)
  a +0 whip

Level 2 of the Dungeon
(0, 0, D:2)
  a +0 mace
(2, -2, D:2)
  a +0 robe
(2, 32, D:2)
  a +0 club
(5, -8, D:2)
  a +0 club
(8, -8, D:2)
  a +0 club
(9, 2, D:2)
  a +0 mace
  a +0 animal skin
  a +0 helmet
(11, 33, D:2)
  a +0 leather armour
  a +0 plate armour {wiz generated}
(15, -3, D:2)
  a +0 club
(16, 26, D:2)
  a +0 club
(22, 31, D:2)
  a +0 club
(23, 2, D:2)
  a +0 club
(24, -2, D:2)
  a +0 dagger
  a cursed -1 dagger
(24, 1, D:2)
  a +0 club
(35, 5, D:2)
  a +0 club
(41, 39, D:2)
  a +0 club
(48, 10, D:2)
  a +0 club
  a +0 hunting sling
(49, 4, D:2)
  a +0 rapier

Level 3 of the Dungeon
(0, 0, D:3)
  a +0 club
(9, 37, D:3)
  a +0 robe
  a +0 scythe
(13, -10, D:3)
  a +0 whip
(15, -9, D:3)
  a +0 robe
(15, 0, D:3)
  a +0 robe

Level 4 of the Dungeon
(0, 0, D:4)
  a +0 ring mail
(2, 11, D:4)
  a +0 ring mail
  a +0 whip
  a +0 club
(3, 7, D:4)
  a +0 mace
(3, 8, D:4)
  a +0 trident
  a +0 plate armour
  a +0 robe
  a +0 dagger
(5, -14, D:4)
  a +0 club
(6, -31, D:4)
  a +0 leather armour
(8, -30, D:4)
  a +0 robe
  a +0 dagger
(8, 15, D:4)
  a +0 falchion
(13, -5, D:4)
  a +0 long sword
(30, 0, D:4)
  a +0 quarterstaff
(42, -16, D:4)
  a +0 flail
(47, -21, D:4)
  a +0 leather armour
(55, -7, D:4)
  a +0 ring mail
  a +0 scale mail

Level 5 of the Dungeon
(0, 0, D:5)
  a +0 hand axe
(2, -12, D:5)
  a +0 long sword
(31, -16, D:5)
  a +0 long sword
(39, 7, D:5)
  a +0 ring mail
  a +0 dagger
(41, 4, D:5)
  a cursed -4 ring of intelligence
  a +0 shortbow
(41, 21, D:5)
  a +0 whip
(42, 7, D:5)
  a +0 spear
(43, 14, D:5)
  a +0 giant spiked club

Level 6 of the Dungeon
(0, 0, D:6)
  a +0 rapier
(15, 2, D:6)
  a +1 shortbow
  a +0 club
(16, 3, D:6)
  a +0 chain mail
(17, -4, D:6)
  a +0 mace
(17, -3, D:6)
  a +0 mace
(17, 5, D:6)
  a +0 chain mail
(18, -10, D:6)
  a +0 mace
(18, -8, D:6)
  a +0 mace
(18, -4, D:6)
  a +0 mace
(18, -2, D:6)
  a +0 mace
(19, -9, D:6)
  a +0 mace
(20, -8, D:6)
  a +0 mace
(21, -12, D:6)
  a +0 mace
(21, -10, D:6)
  a +0 mace
(21, -9, D:6)
  a +0 mace
(21, -5, D:6)
  a +0 mace
(22, -12, D:6)
  a +0 mace
(22, -11, D:6)
  a +0 mace
(22, -10, D:6)
  a +0 mace
(22, -9, D:6)
  a +0 mace
(22, -4, D:6)
  a +0 mace
(23, -9, D:6)
  a +0 mace
(23, -8, D:6)
  a +0 mace
(24, -14, D:6)
  a +0 mace
(24, -12, D:6)
  a +0 mace
(24, -10, D:6)
  a +0 mace
(24, -7, D:6)
  a +0 mace
(24, -2, D:6)
  a +0 mace
(25, -8, D:6)
  a +0 mace
(25, -4, D:6)
  a +0 mace
(42, -32, D:6)
  a +0 dagger

Level 7 of the Dungeon
(0, 0, D:7)
  a +0 hand axe
(12, 38, D:7)
  a +0 leather armour
(21, 7, D:7)
  a +0 chain mail
  a +0 mace
(22, 21, D:7)
  a +0 ring mail
(23, 8, D:7)
  a +0 whip
(23, 9, D:7)
  a +0 leather armour
  a +0 ring mail
  a +0 mace
(23, 10, D:7)
  a +0 short sword
(24, 1, D:7)
  a +0 short sword
(24, 3, D:7)
  a +0 dagger
(24, 24, D:7)
  a +0 animal skin
(24, 31, D:7)
  a +0 giant spiked club
(25, 14, D:7)
  a +0 short sword
(33, 22, D:7)
  a +0 scale mail
(34, 21, D:7)
  a +0 animal skin
  a +0 animal skin
  a +0 robe
(35, 19, D:7)
  a +0 long sword
(35, 23, D:7)
  a +0 ring mail
  a +0 hunting sling
(36, -5, D:7)
  a +0 whip
  a +0 flail
(38, 19, D:7)
  a +0 leather armour
  a +0 hand axe
(40, 2, D:7)
  a +0 helmet
(44, 17, D:7)
  a +0 ring mail

Level 8 of the Dungeon
(3, -7, D:8)
  a +1 robe of magic resistance
(7, -17, D:8)
  a +0 mace
  a +0 leather armour
(7, -14, D:8)
  a +0 dagger
  a +0 leather armour
  a +0 short sword
  a +0 flail
  a +0 dagger
  a +0 robe
(8, -16, D:8)
  a +0 ring mail
  a +0 trident
(20, 10, D:8)
  a +3 scale mail
(21, 9, D:8)
  a +0 mace of protection
  a +1 mace of draining
  a +2 mace of protection
  a cursed -1 flail
  a +1 long sword of holy wrath
  a cursed -1 dagger
  a +2 falchion
(21, 10, D:8)
  31 bolts
  a +2 whip of freezing
  a +4 scimitar
  a cursed +4 long sword
(21, 11, D:8)
  a +0 falchion
(21, 12, D:8)
  a +0 helmet
(22, 10, D:8)
  a +2 quarterstaff
  a +2 quarterstaff of chaos
(23, -13, D:8)
  a +0 spear
(23, -6, D:8)
  a +0 leather armour
(23, 9, D:8)
  a scroll of acquirement
  a potion of ambrosia
  a scroll of enchant armour
  a potion of cancellation
  a scroll of fog
  a scroll of magic mapping
  a scroll of identify
  a scroll of summoning
  a scroll of blinking
(23, 10, D:8)
  a potion of mutation
  a wand of polymorph (1)
  an uncursed amulet of guardian spirit
  a +3 amulet of reflection
(33, -8, D:8)
  a +0 blowgun
(41, -18, D:8)
  a cursed +0 scale mail

Level 9 of the Dungeon
(16, -13, D:9)
  a +0 robe
  (unseen)
(16, -7, D:9)
  a +0 hand axe
(18, -15, D:9)
  a cursed -2 hand axe
(18, -14, D:9)
  a +0 ring mail
  (unseen)
(18, -13, D:9)
  a +0 ring mail
  a +0 flail
  a +0 plate armour
  a +0 mace
  a +0 leather armour
  a +0 whip
  a cursed -1 whip
  a +0 flail
(19, -12, D:9)
  a +0 short sword
(20, -11, D:9)
  a +0 trident
  a +0 leather armour
  a +0 dagger
(21, -11, D:9)
  a +0 trident
(21, -8, D:9)
  a +0 short sword
(21, -7, D:9)
  a +0 robe
  a +0 dagger
(22, -7, D:9)
  a +0 flail
(23, -10, D:9)
  a +0 leather armour
  a cursed -1 club
(24, -9, D:9)
  a +0 scale mail
  a +0 hand axe of venom
(25, -9, D:9)
  a +0 ring mail
  a cursed +0 leather armour
  a +0 war axe
(26, -29, D:9)
  a +0 leather armour
  a +0 flail
(26, -9, D:9)
  a +0 hand axe
(27, -26, D:9)
  a +0 chain mail
  a +0 dagger
(27, -13, D:9)
  a +0 leather armour
  a +0 hand axe
(27, -11, D:9)
  a +0 quarterstaff
  a +0 robe
  a +0 flail
  a +0 ring mail
  a +0 mace
(27, -10, D:9)
  a +0 whip
  a +0 morningstar
(27, -9, D:9)
  a +0 robe
(28, -23, D:9)
  a cursed -3 giant spiked club
(28, -13, D:9)
  a +0 leather armour
  a +0 club
(28, -12, D:9)
  a +0 leather armour
  a +0 club
  a +0 trident
(28, -11, D:9)
  a +0 hand axe
(29, -28, D:9)
  a +0 mace
(30, -19, D:9)
  2 poisoned needles
(30, -13, D:9)
  a +0 shortbow
(30, -11, D:9)
  a poisoned needle
(31, -19, D:9)
  a poisoned needle
(31, -2, D:9)
  a +0 morningstar
(33, -11, D:9)
  a +0 chain mail
  a +0 battleaxe
  a cursed -2 arbalest
(34, -20, D:9)
  a poisoned needle
(35, -20, D:9)
  a poisoned needle
(35, -6, D:9)
  a +0 robe
(36, -12, D:9)
  a poisoned needle
(39, -7, D:9)
  a +0 robe
(47, -1, D:9)
  a +0 dagger

Level 11 of the Dungeon
(0, 0, D:11)
  a +2 falchion of protection

Level 12 of the Dungeon
(0, 0, D:12)
  16 gold pieces

Level 13 of the Dungeon
(0, 0, D:13)
  a +0 dagger

the Ecumenical Temple

Level 1 of the Orcish Mines
(0, 0, Orc:1)
  24 gold pieces
(1, 6, Orc:1)
  12 gold pieces
(3, 14, Orc:1)
  5 gold pieces
(5, -4, Orc:1)
  26 gold pieces
(5, 4, Orc:1)
  2 large rocks
(7, 12, Orc:1)
  26 gold pieces
(8, -8, Orc:1)
  16 gold pieces
(8, 2, Orc:1)
  23 gold pieces
(9, 3, Orc:1)
  33 gold pieces
(12, -3, Orc:1)
  30 gold pieces
(12, 3, Orc:1)
  32 gold pieces
(13, 5, Orc:1)
  14 gold pieces
(15, -6, Orc:1)
  30 gold pieces
(15, 4, Orc:1)
  12 gold pieces
(20, 12, Orc:1)
  20 gold pieces
(22, 5, Orc:1)
  8 gold pieces
(23, -2, Orc:1)
  12 gold pieces
(23, 0, Orc:1)
  31 gold pieces
(25, 2, Orc:1)
  20 gold pieces
(29, -6, Orc:1)
  30 gold pieces
(30, -9, Orc:1)
  8 gold pieces
(39, 25, Orc:1)
  21 gold pieces
(39, 28, Orc:1)
  24 gold pieces
(40, 29, Orc:1)
  11 gold pieces
(43, 36, Orc:1)
  18 gold pieces
(45, 26, Orc:1)
  26 gold pieces
(49, 25, Orc:1)
  19 gold pieces
(50, 27, Orc:1)
  33 gold pieces
(51, 33, Orc:1)
  16 gold pieces
(53, 30, Orc:1)
  13 gold pieces
(53, 34, Orc:1)
  15 gold pieces
(58, 29, Orc:1)
  18 gold pieces

Level 2 of the Orcish Mines
(0, 0, Orc:2)
  19 gold pieces
(4, -5, Orc:2)
  a +2 robe of the Archmagi
  (unseen)
(5, -6, Orc:2)
  a +0 leather armour
  (unseen)
(5, -2, Orc:2)
  26 gold pieces
(15, 2, Orc:2)
  10 gold pieces
(29, -16, Orc:2)
  23 gold pieces
(30, -10, Orc:2)
  10 gold pieces
(30, -9, Orc:2)
  an arrow
(32, -12, Orc:2)
  a bolt
  8 arrows
(37, -15, Orc:2)
  13 gold pieces
(37, -5, Orc:2)
  12 gold pieces

