Zot Ocwu

Level 1 of the Dungeon
(0, 0, D:1)
  a +0 club
(3, 5, D:1)
  a +0 club
(7, 13, D:1)
  a +0 robe
(17, 34, D:1)
  a +0 dagger
(24, 22, D:1)
  a +0 club
(39, 1, D:1)
  a +0 club

Level 2 of the Dungeon
(0, 0, D:2)
  a +0 ring mail
(4, -10, D:2)
  a +0 short sword
(19, 2, D:2)
  a +0 club
(20, 2, D:2)
  a cursed +0 robe
(27, 16, D:2)
  a +0 mace
(29, 2, D:2)
  15 gold pieces
(34, 4, D:2)
  a +0 short sword
  a +0 club
  a hobgoblin skeleton

Level 3 of the Dungeon
(0, 0, D:3)
  a +0 ring mail
(2, -13, D:3)
  a bat skeleton
(4, -13, D:3)
  a +0 flail
(6, -11, D:3)
  a kobold skeleton
(6, -10, D:3)
  a bat skeleton
(17, -16, D:3)
  a +0 robe
(26, -25, D:3)
  10 gold pieces
(29, -27, D:3)
  a potion of agility
(30, -28, D:3)
  a scroll of blinking

