Tacrache

Level 1 of the Dungeon
(0, 0, D:1)
  a +0 short sword
(7, -1, D:1)
  a +0 dagger
(13, -1, D:1)
  a +0 whip
(17, 18, D:1)
  a +0 dagger
(28, -1, D:1)
  a +0 dagger
(31, 25, D:1)
  a +0 club
(34, 28, D:1)
  a +0 whip
  a +0 dagger
(39, 36, D:1)
  a +0 club

Level 2 of the Dungeon
(0, 0, D:2)
  a +0 hunting sling
  a +0 club
(11, 7, D:2)
  a +0 leather armour
(27, 5, D:2)
  a +0 flail
(30, 5, D:2)
  a +0 robe
  a +0 dagger
(31, 7, D:2)
  a +0 leather armour
(38, 28, D:2)
  a +0 mace

Level 3 of the Dungeon
(0, 0, D:3)
  a +0 leather armour
  a +0 hand axe
(5, -8, D:3)
  a +0 dagger
(6, -19, D:3)
  a +0 short sword
(18, 14, D:3)
  a +0 chain mail
(24, 9, D:3)
  a +0 club

Level 4 of the Dungeon
(0, 0, D:4)
  a +0 dagger
(1, 22, D:4)
  a +0 robe
(17, 9, D:4)
  a +0 whip
(19, -27, D:4)
  a +0 hand axe
  a +0 flail
  a +0 flail
  a +0 leather armour
  a +0 leather armour
  a +0 hand axe
(19, -23, D:4)
  a +0 flail
(23, 0, D:4)
  a +0 chain mail
  a +0 hand axe
(27, 0, D:4)
  a +0 club
(33, -13, D:4)
  a +0 robe
  a +0 dagger
  a +0 leather armour
  a +0 whip
  a +0 hand axe

Level 5 of the Dungeon
(0, 0, D:5)
  a +0 leather armour
(8, -5, D:5)
  a +0 club
(12, 12, D:5)
  a +0 whip
(13, 1, D:5)
  a +0 club
(14, 0, D:5)
  a +0 club
(16, 8, D:5)
  a +0 dagger
(17, -5, D:5)
  a +0 whip
(17, 0, D:5)
  a +0 dagger
(19, -5, D:5)
  a +0 short sword
(20, -6, D:5)
  a +0 dagger
  a +0 rapier
  a +0 ring mail
(26, 33, D:5)
  a +0 rapier
  a +0 leather armour
(28, 34, D:5)
  a +0 leather armour
(29, 2, D:5)
  a +0 hand axe of chopping
(30, -8, D:5)
  a +0 short sword
(30, -2, D:5)
  a +0 war axe
(30, 2, D:5)
  a +0 chain mail
(31, -5, D:5)
  a +0 leather armour
(37, -11, D:5)
  a +0 pair of boots
(37, -6, D:5)
  a +0 flail
(38, -6, D:5)
  a +0 spear
(42, -4, D:5)
  a +0 club
(44, 4, D:5)
  a potion of degeneration
(44, 6, D:5)
  a +0 robe
  a +0 dagger
(44, 9, D:5)
  a +0 robe
  a +0 dagger
(46, 1, D:5)
  a +0 robe
  a +0 club
(46, 19, D:5)
  a +0 short sword
  a +0 ring mail
  a +0 flail
(47, 1, D:5)
  a +0 whip
(47, 20, D:5)
  a +0 leather armour

Level 6 of the Dungeon
[Shop] Buawk's Antique Armour Shoppe
  a +0 ring mail (92 gold)
  a +1 plate armour of fire resistance (805 gold)
  a +0 cloak (103 gold)
  a +0 ring mail (92 gold)
  a +0 plate armour of fire resistance (690 gold)
  a +0 robe (16 gold)
  a +0 chain mail (103 gold)
  a +0 scale mail (92 gold)
  a +0 leather armour (46 gold)
  a +0 scale mail (92 gold)
  a +0 chain mail (103 gold)
(0, 0, D:6)
  a +0 dagger
(7, -12, D:6)
  a +0 helmet
(8, -21, D:6)
  a +0 club
  a cursed +0 flail
  a +0 dagger
  a +0 scale mail
(9, -21, D:6)
  a +0 flail
(24, -28, D:6)
  a +0 chain mail
(33, -16, D:6)
  a +0 chain mail
(33, -3, D:6)
  a +0 chain mail
(36, 0, D:6)
  a +0 helmet
(37, -17, D:6)
  a +0 shortbow
(37, -5, D:6)
  a +0 spear
(40, -32, D:6)
  a +0 ring mail
(48, -10, D:6)
  6 gold pieces
(48, -9, D:6)
  4 gold pieces
(49, -10, D:6)
  18 gold pieces
(49, -9, D:6)
  5 gold pieces
(49, -8, D:6)
  a gold piece
(50, -10, D:6)
  10 gold pieces
(50, -9, D:6)
  11 gold pieces

Level 7 of the Dungeon
(0, 0, D:7)
  a +0 ring mail
  a +0 leather armour
  a +0 falchion
  a +0 leather armour
  a +0 flail
  a +0 chain mail
  a +0 battleaxe
(2, 8, D:7)
  a +0 plate armour
  a +0 short sword
(4, -24, D:7)
  a +0 halberd
(4, -15, D:7)
  a +0 leather armour
(10, -8, D:7)
  a +0 club
(17, -29, D:7)
  a +0 robe
  a +0 long sword
  a +0 robe
  a +0 dagger
  a +0 robe
(18, -29, D:7)
  a +0 robe
  a cursed +0 robe
  a cursed +0 great sword
  a +0 war axe
(23, 5, D:7)
  a +0 club
(24, 5, D:7)
  a +0 trident
(27, 5, D:7)
  a +0 leather armour
  a +0 flail
(28, 5, D:7)
  a +0 ring mail
  a +0 plate armour
  a cursed -3 battleaxe
(29, -29, D:7)
  a +0 leather armour
  a +0 whip
  a +0 hand axe
  a +0 mace
  a +0 leather armour
  a +0 falchion
(30, 4, D:7)
  a +0 hand axe
(33, 3, D:7)
  a +0 scale mail
  a +0 leather armour
  a +0 quarterstaff

Level 8 of the Dungeon
(0, 0, D:8)
  a +0 shortbow
(4, 8, D:8)
  a +0 ring mail
(5, 4, D:8)
  a +0 ring mail
(8, 14, D:8)
  a +0 short sword
(10, 18, D:8)
  a +0 whip
(11, 12, D:8)
  a +0 robe
  a +0 dagger
(13, 19, D:8)
  a +0 robe
(37, 3, D:8)
  a +0 hand axe
(45, 8, D:8)
  a +0 ring mail

Level 9 of the Dungeon
(0, 0, D:9)
  a +0 leather armour
  a +0 flail
(2, 2, D:9)
  a +0 ring mail
  a +0 dagger
  a +0 robe
  a +0 dagger
(6, -1, D:9)
  a cursed -1 rapier
(6, 2, D:9)
  a +0 mace
  a +0 flail
(7, 2, D:9)
  a +0 falchion
(8, 2, D:9)
  a +0 plate armour
  a +0 halberd
(8, 4, D:9)
  a cursed -1 leather armour
(10, 5, D:9)
  a +0 club
  a +0 club
  a +0 club
(14, -6, D:9)
  a +0 long sword
(15, -23, D:9)
  a +0 giant club
(27, 4, D:9)
  a +0 shortbow
(31, -4, D:9)
  a +0 plate armour
(39, -7, D:9)
  a +0 chain mail
(43, -5, D:9)
  a +0 glaive
(55, -37, D:9)
  a +0 chain mail

Level 10 of the Dungeon
[Shop] Otepsuj's Armour Boutique
  the +5 scale mail "Bohumoeth" {rPois} (482 gold)
    It protects you from poison.
  a +0 plate armour (276 gold)
  a +1 plate armour of positive energy (384 gold)
  a +0 robe (8 gold)
  a +1 plate armour of cold resistance (420 gold)
  a +4 chain mail of cold resistance (378 gold)
  a +2 leather armour of poison resistance (192 gold)
  a +0 leather armour (24 gold)
  a +0 ring mail (48 gold)
  a +0 scale mail (48 gold)
(0, 0, D:10)
  a +0 buckler
  a +2 helmet
  a +3 scale mail
(0, 1, D:10)
  a +1 pair of gloves
(1, -1, D:10)
  a +1 scimitar of slicing
  a cursed -2 trident
  the +5 war axe of Xom's Outrage {speed, rElec Str+2 Dex+3}
    Attacks with this weapon are significantly faster.
    
    It affects your strength (+2).
    It affects your dexterity (+3).
    It insulates you from electricity.
  a +1 flail of protection
(1, 0, D:10)
  a +0 dagger of draining
  a +2 short sword of holy wrath
  a +0 falchion of distortion
  a +0 flail of holy wrath
  a +2 short sword
  78 bolts
  a +3 long sword
  a +4 trident
  a +2 dagger of flaming
  a +2 hand axe of chopping
  5 steel tomahawks
(2, -1, D:10)
  a cursed +0 halberd
  the cursed +1 quarterstaff "Jeharr" {freeze, *Drain Str+2 Int+10 Dex+3}
    It has been specially enchanted to freeze those struck by it, causing extra
    injury to most foes and up to half again as much damage against particularly
    susceptible opponents. It can also slow down cold-blooded creatures.
    
    It affects your strength (+2).
    It affects your intelligence (+10).
    It affects your dexterity (+3).
    It causes draining when unequipped.
    It has a curse placed upon it.
(2, 0, D:10)
  a +0 executioner's axe
  a +3 dire flail of venom
  208 arrows
(2, 1, D:10)
  a +0 shortbow
(3, -1, D:10)
  a potion of magic
  a scroll of immolation
  a scroll of noise
(3, 0, D:10)
  2 potions of lignification
  an uncursed ring of wizardry
  a wand of random effects (21)
  a wand of polymorph (13)
  a wand of clouds (3)
(10, -17, D:10)
  a +0 flail
(26, -36, D:10)
  a +0 robe
  a cursed -2 dagger
(26, -35, D:10)
  a +0 robe
  a cursed -3 dagger
(26, -33, D:10)
  a +0 plate armour
  a +0 glaive
(37, -55, D:10)
  a +0 giant club
  a cursed -3 giant spiked club
(40, -1, D:10)
  a +0 giant club
  a +0 giant spiked club
(42, -45, D:10)
  a +0 scale mail
  a +0 war axe
  a +0 leather armour
  a +0 flail
  a +0 robe
  a +0 dagger
(43, -24, D:10)
  a +0 short sword
(47, -11, D:10)
  a +0 trident

Level 11 of the Dungeon
[Shop] Tenuyf's Armour Boutique
  a cursed +0 scale mail (14 gold)
  a +0 chain mail (63 gold)
  a +0 robe (9 gold)
  a +0 robe (9 gold)
  a +4 chain mail (371 gold)
  a +0 pair of gloves (63 gold)
  a +0 leather armour (28 gold)
  a +0 chain mail (63 gold)
  a cursed +0 ring mail (14 gold)
  a +0 leather armour (28 gold)
  a +0 scale mail (56 gold)
[Shop] Tuzej's Food Emporium
  a ration (50 gold)
  a ration (50 gold)
  a ration (50 gold)
  a ration (50 gold)
  a ration (50 gold)
  a ration (50 gold)
  a ration (50 gold)
  a ration (50 gold)
  a ration (50 gold)
  a ration (50 gold)
  a ration (50 gold)
  a ration (50 gold)
(0, 0, D:11)
  a +0 whip
(4, -5, D:11)
  a +0 pair of boots
(10, -7, D:11)
  a +0 war axe
  a +0 scimitar
  a +0 plate armour
(12, -6, D:11)
  a +0 ring mail
  a +0 whip
(13, -5, D:11)
  a +0 giant club
(14, -4, D:11)
  a +0 scale mail
  a +0 mace
(14, 2, D:11)
  a +0 falchion
  a +0 mace
(15, -2, D:11)
  a +2 robe of magic resistance
  a +0 chain mail
  a +0 whip
  a +0 long sword
  a +0 plate armour
  a +0 club
  a +0 whip
  a +0 short sword
  a +0 plate armour
  a +0 club
(15, -1, D:11)
  a +0 mace
(15, 0, D:11)
  a +0 chain mail
  a +0 battleaxe
(15, 1, D:11)
  a potion of degeneration
(15, 3, D:11)
  a +0 trident
(19, -3, D:11)
  a +0 dagger
  a +0 short sword
  a +0 dagger
  a +0 dagger
(19, -2, D:11)
  a +0 dagger
(19, 3, D:11)
  a +0 leather armour of fire resistance
(19, 6, D:11)
  a +0 trident
(21, 2, D:11)
  a +0 mace

Level 12 of the Dungeon
(0, 0, D:12)
  an uncursed staff of power
(2, 22, D:12)
  a +0 flail
(3, 13, D:12)
  a +0 dagger
(3, 29, D:12)
  a +0 robe
(4, 14, D:12)
  a +0 robe
  a +0 dagger
(4, 29, D:12)
  a +0 robe
  a +0 dagger
(4, 31, D:12)
  a +0 chain mail
  a +0 rapier
(5, 16, D:12)
  a +0 robe
(5, 24, D:12)
  a +0 robe
  a +2 spear of flaming
  an uncursed amulet of harm
(5, 26, D:12)
  a +0 robe
  a +1 dagger of electrocution
(5, 27, D:12)
  a +0 robe
  an uncursed staff of air
(5, 29, D:12)
  a +0 dagger
  a +0 long sword
(6, 31, D:12)
  a +0 short sword
  a throwing net {!f}
  a throwing net {!f}
  an elf corpse (skeletalised by now)
(7, 8, D:12)
  a +0 dagger
  (unseen)
(8, -4, D:12)
  an uncursed staff of energy
(12, 7, D:12)
  an uncursed staff of conjuration
  a +0 robe
  an uncursed amulet of guardian spirit
(16, 17, D:12)
  a +0 dagger
(17, 17, D:12)
  a +0 dagger
(18, 17, D:12)
  a +0 dagger
(20, 33, D:12)
  a +0 troll leather armour
(21, 35, D:12)
  a cursed -1 whip
  a +0 robe
(29, 11, D:12)
  a +0 robe
  a +4 dagger of chaos
(31, 31, D:12)
  a +0 hunting sling
(33, 13, D:12)
  a +0 long sword
(37, 21, D:12)
  a +0 short sword
(42, 28, D:12)
  a +0 robe of cold resistance
  a +0 halberd
(44, 13, D:12)
  a +0 falchion
(44, 25, D:12)
  a +0 short sword
(46, 13, D:12)
  a +0 mace
(46, 27, D:12)
  12 gold pieces
(46, 28, D:12)
  a cursed staff of poison
(46, 29, D:12)
  the +4 glaive of Fee Simple {drain, rPois rC+ rN+ Str+2}
    A truly terrible weapon, it drains the life of those it strikes.
    
    It affects your strength (+2).
    It protects you from cold.
    It protects you from poison.
    It protects you from negative energy.
    
    Zin disapproves of the use of such an item.
(48, 33, D:12)
  a +0 dagger
(49, 13, D:12)
  a +0 ring mail
(49, 17, D:12)
  a +0 leather armour
  a +0 flail
(50, 12, D:12)
  a +1 mace of draining
  a +0 plate armour
  a +0 war axe
(51, 12, D:12)
  a +1 short sword of speed
  a +0 flail
  a +0 dagger
  a +0 plate armour
  a +0 hand axe
(52, 11, D:12)
  a +0 dagger (still there?)
  a +0 war axe of chopping (still there?)
  a +0 robe (still there?)
  a +0 dagger (still there?)
(52, 24, D:12)
  a +0 pair of gloves
(52, 36, D:12)
  a +1 robe of magic resistance
  a cursed +3 trident
(53, 34, D:12)
  an uncursed ring of flight
(53, 35, D:12)
  a +0 robe
  a +0 falchion
  a +0 ring mail
  a +0 hand axe
  a +0 robe
  a +0 dagger
  a +0 ring mail
  a +0 whip
(53, 37, D:12)
  a +0 robe
  a cursed +0 halberd
(54, 22, D:12)
  2 potions of blood
(54, 34, D:12)
  a +0 chain mail
  a +0 war axe
(54, 37, D:12)
  a +0 robe
  a cursed +2 trident of freezing
(55, 34, D:12)
  a +0 falchion
(55, 35, D:12)
  a +0 short sword
(56, 31, D:12)
  a +0 helmet
(58, 25, D:12)
  a large rock
(58, 27, D:12)
  a large rock
(59, 26, D:12)
  a large rock
(61, 24, D:12)
  a large rock
(62, 28, D:12)
  a +0 dagger
(69, 24, D:12)
  a wand of polymorph (8)

the Ecumenical Temple

Level 1 of the Orcish Mines
[Shop] Qaankaqig's Weapon Emporium
  a +0 rapier (44 gold)
  a +0 great sword (71 gold)
  a +0 war axe (38 gold)
  a +0 war axe (38 gold)
  17 stones (18 gold)
  14 stones (15 gold)
  a +0 mace (33 gold)
  a cursed -1 long sword (1 gold)
  a +0 spear (33 gold)
  a +0 club (11 gold)
(0, 0, Orc:1)
  a +0 robe
(0, 4, Orc:1)
  a +0 trident
(0, 6, Orc:1)
  a +0 arbalest
  a +0 plate armour
(1, -2, Orc:1)
  a +0 leather armour
(4, 1, Orc:1)
  a +0 chain mail
  a +0 war axe
(5, 1, Orc:1)
  a cursed +0 whip
(5, 4, Orc:1)
  a +0 dagger
(5, 6, Orc:1)
  a +0 plate armour
  a +0 hand axe
(22, 26, Orc:1)
  a +0 robe
  a +0 dagger
  a cursed +0 leather armour
  a +0 club
(24, 26, Orc:1)
  a +0 leather armour
(25, 29, Orc:1)
  a cursed +0 plate armour
  a +0 mace
(26, 27, Orc:1)
  a +0 mace
(26, 28, Orc:1)
  a +0 dagger
  a cursed +0 chain mail
  a +0 scimitar
(28, 27, Orc:1)
  a +0 club
(28, 28, Orc:1)
  a +0 short sword
(30, 29, Orc:1)
  a +0 robe
  a +0 dagger
(55, 34, Orc:1)
  a +0 giant club
(55, 35, Orc:1)
  a +0 scale mail
  a +0 chain mail
  a +0 club
  a +0 club
  a +0 robe
(56, 35, Orc:1)
  a +0 club
  a +0 plate armour
  a +0 trident
  a +0 plate armour
  a +0 mace
(56, 36, Orc:1)
  a +0 leather armour
  a +0 hand axe
  a +0 robe
  a +0 dagger
(57, 27, Orc:1)
  a +0 flail
(57, 34, Orc:1)
  a +0 giant club
(57, 35, Orc:1)
  a +0 chain mail
  a +0 trident
(57, 36, Orc:1)
  a +0 leather armour
  a +0 dagger
  a +0 robe
  a +0 dagger
(57, 38, Orc:1)
  a +0 dagger
  a +1 robe of fire resistance
  a +0 dagger
(58, 33, Orc:1)
  a +0 whip
  a +0 falchion
(58, 34, Orc:1)
  a cursed -1 robe
  a +0 dagger

Level 2 of the Orcish Mines
(0, 0, Orc:2)
  a +0 mace
(2, 2, Orc:2)
  a +0 plate armour
  a +0 war axe
(13, 3, Orc:2)
  a +0 scale mail
  a +0 hand axe
(14, 5, Orc:2)
  a +0 leather armour
  a +0 mace
  a +0 robe
  a +0 dagger
(15, 1, Orc:2)
  a +0 scale mail
  a +0 club
(15, 2, Orc:2)
  a +0 chain mail
  a +0 halberd
(15, 11, Orc:2)
  a +0 war axe
(16, 0, Orc:2)
  a +0 plate armour
  a +0 dire flail
(16, 1, Orc:2)
  a +0 robe
  a +0 dagger
  a +0 scale mail
  a +0 flail
(18, 0, Orc:2)
  a +0 flail
(18, 1, Orc:2)
  a +0 chain mail
  a +0 mace
(23, 8, Orc:2)
  a +0 hand axe
(24, 11, Orc:2)
  a +0 short sword
(25, 11, Orc:2)
  a +0 leather armour
  a +0 short sword
(27, 6, Orc:2)
  a cursed -1 hand axe
(27, 13, Orc:2)
  a +0 robe
  a +0 dagger
(29, 0, Orc:2)
  a +0 giant club
  a +0 giant spiked club
(29, 13, Orc:2)
  a +0 falchion
(30, 15, Orc:2)
  a +0 chain mail
  a +0 war axe
  a +0 plate armour
  a +0 hand axe
  a +0 chain mail
  a +0 trident
  a +0 hand axe
(30, 16, Orc:2)
  a +0 troll leather armour
  a +0 hand axe
  a +0 robe
  a +0 dagger
  a +0 club
  a +0 robe
  a +0 dagger
  a +0 chain mail
  a +0 war axe
(31, 15, Orc:2)
  a +0 leather armour
  a +0 robe
  a cursed -2 dagger
(38, -2, Orc:2)
  a sling bullet
(42, -11, Orc:2)
  a bolt
(42, -10, Orc:2)
  a +0 war axe
  a cursed +0 leather armour
(43, -12, Orc:2)
  a stone
(45, -18, Orc:2)
  3 sling bullets (still there?)
  2 sling bullets (still there?)
(45, -14, Orc:2)
  a stone

