Qotriarch

Level 1 of the Dungeon
(0, 0, D:1)
  a +0 hand axe
(8, -28, D:1)
  a +0 shield
(9, -39, D:1)
  a scroll of immolation
(10, -33, D:1)
  a jackal corpse
(12, -28, D:1)
  a +0 ring mail
(19, -30, D:1)
  a +0 spear
(24, -21, D:1)
  a ration
(33, -20, D:1)
  a ration
(39, -22, D:1)
  a potion of lignification
(45, -18, D:1)
  a +0 hunting sling
(49, -40, D:1)
  3 gold pieces

Level 2 of the Dungeon
(0, 0, D:2)
  24 stones
(3, -4, D:2)
  3 scrolls of teleportation
(4, -21, D:2)
  a scroll of identify
(4, -17, D:2)
  12 gold pieces
(6, 4, D:2)
  12 gold pieces
(13, 2, D:2)
  a +0 leather armour of magic resistance
(17, -22, D:2)
  a +0 pair of boots
(18, -27, D:2)
  22 stones
(20, -8, D:2)
  a scroll of identify
(35, 3, D:2)
  15 bolts
(36, 6, D:2)
  a +0 short sword
(39, -32, D:2)
  9 gold pieces
(42, -15, D:2)
  17 gold pieces
(44, -33, D:2)
  a scroll of identify
(50, 15, D:2)
  a +0 mace

