Plog

Level 1 of the Dungeon
(0, 0, D:1)
  an uncursed ring of see invisible
(9, -6, D:1)
  a +0 scale mail
(20, 28, D:1)
  a potion of might
(21, 4, D:1)
  7 gold pieces
(22, 16, D:1)
  a +0 club
(23, -1, D:1)
  16 sling bullets
(25, 23, D:1)
  a +0 helmet
(26, -9, D:1)
  11 stones
(27, 5, D:1)
  9 gold pieces
(29, 21, D:1)
  12 gold pieces
(30, 33, D:1)
  4 gold pieces
(32, 39, D:1)
  15 stones
(33, 36, D:1)
  4 gold pieces
(36, -11, D:1)
  a +3 leather armour
(36, -8, D:1)
  12 arrows
(37, -10, D:1)
  14 gold pieces
(37, 21, D:1)
  a potion of flight
(37, 23, D:1)
  14 gold pieces
(39, -8, D:1)
  3 gold pieces
(39, 20, D:1)
  14 gold pieces
(44, -12, D:1)
  6 javelins
(47, -12, D:1)
  a gold piece
(52, 23, D:1)
  a scroll of magic mapping
(54, 3, D:1)
  6 gold pieces

