Ibroc

Level 1 of the Dungeon
(0, 0, D:1)
  a potion of invisibility
(0, 19, D:1)
  a +0 hunting sling
(0, 23, D:1)
  a +0 robe
(1, 2, D:1)
  a +0 centaur barding
(1, 20, D:1)
  13 gold pieces
(2, -7, D:1)
  a potion of lignification
(2, 11, D:1)
  7 gold pieces
(8, 17, D:1)
  9 gold pieces
(10, 9, D:1)
  a potion of magic
(11, 4, D:1)
  a scroll of amnesia
(11, 17, D:1)
  a +2 hand axe of flaming
(14, -13, D:1)
  10 gold pieces
(14, 21, D:1)
  18 poisoned needles
(17, 28, D:1)
  14 gold pieces
(30, -13, D:1)
  a +0 dagger
(30, 12, D:1)
  10 gold pieces
(32, 32, D:1)
  a scroll of identify
(33, 24, D:1)
  a ration
(37, -10, D:1)
  13 stones
(37, 15, D:1)
  12 poisoned needles
(38, -8, D:1)
  a +0 giant spiked club
(38, -7, D:1)
  a +0 dagger
  (unseen)
(38, 9, D:1)
  a ration
(40, 3, D:1)
  8 stones
(41, -3, D:1)
  a potion of lignification
(44, 31, D:1)
  a scroll of teleportation
(50, 0, D:1)
  16 stones
(53, 2, D:1)
  a +0 robe
(55, -14, D:1)
  13 gold pieces
(57, 8, D:1)
  a +0 whip
(57, 10, D:1)
  a potion of curing

