Zatot

Level 1 of the Dungeon
(0, 0, D:1)
  a potion of curing
(1, -5, D:1)
  a potion of might

Level 5 of the Pits of Slime
(0, 0, Slime:5)
  a scroll of teleportation
(0, 1, Slime:5)
  18 gold pieces
(0, 8, Slime:5)
  a scroll of remove curse
(0, 9, Slime:5)
  10 arrows
(1, -1, Slime:5)
  a scroll of remove curse
(1, 0, Slime:5)
  a +1 robe of fire resistance
(1, 1, Slime:5)
  24 stones
(1, 2, Slime:5)
  8 tomahawks of returning
(1, 7, Slime:5)
  the +1 robe of Cielun {+Fly}
    It lets you fly.
(1, 8, Slime:5)
  a +0 rapier
(1, 9, Slime:5)
  a +0 eveningstar of protection
(1, 10, Slime:5)
  a +0 buckler
(2, -2, Slime:5)
  a +0 blowgun
(2, -1, Slime:5)
  an uncursed ring of positive energy
(2, 0, Slime:5)
  Sif Muna's Volume of Black Rituals
    Spells                           Type                      Level
     a - Pain                         Necromancy                    1
     b - Sublimation of Blood         Necromancy                    2
     c - Dispel Undead                Necromancy                    5
     d - Simulacrum                   Ice/Necromancy                6
     e - Death Channel                Necromancy                    6
    
    
    Trog disapproves of the use of such an item.
(2, 1, Slime:5)
  a +3 quarterstaff of speed
(2, 2, Slime:5)
  47 gold pieces
(2, 7, Slime:5)
  a scroll of fog
(2, 8, Slime:5)
  the amulet "Yfazugyi" {Faith *Drain rElec SInv Stlth-}
    [amulet of faith]
    
    It allows you to gain divine favour quickly.
    It insulates you from electricity.
    It lets you see invisible.
    It causes draining when unequipped.
    It makes you less stealthy.
(2, 9, Slime:5)
  an uncursed staff of conjuration
(2, 10, Slime:5)
  the amulet of Ythrun {+Rage Dex+2}
    [amulet of rage]
    
    It affects your dexterity (+2).
    It lets you go berserk.
(2, 11, Slime:5)
  a +0 spear
(3, -3, Slime:5)
  6 needles of frenzy
(3, -2, Slime:5)
  19 stones
(3, -1, Slime:5)
  a potion of mutation
(3, 0, Slime:5)
  a +2 long sword of holy wrath
(3, 1, Slime:5)
  a scroll of identify
(3, 8, Slime:5)
  9 stones
(3, 9, Slime:5)
  the cursed +1 broad axe "Juopryno" {chop, Str+4}
    It inflicts extra damage upon your enemies.
    
    It affects your strength (+4).
    It has a curse placed upon it.
(3, 10, Slime:5)
  a +0 scale mail
(3, 11, Slime:5)
  a +2 pair of boots
(3, 12, Slime:5)
  a ration
(4, -2, Slime:5)
  18 bolts
(4, 0, Slime:5)
  20 gold pieces
(4, 2, Slime:5)
  a +3 war axe of freezing
(4, 7, Slime:5)
  a +1 plate armour of poison resistance
(4, 9, Slime:5)
  a +2 helmet
(4, 11, Slime:5)
  a scroll of acquirement
(9, -2, Slime:5)
  a +1 ring of evasion
(9, 0, Slime:5)
  4 curare-tipped needles
(9, 2, Slime:5)
  a lamp of fire
(9, 7, Slime:5)
  a phantom mirror
(9, 9, Slime:5)
  23 arrows
(9, 11, Slime:5)
  18 arrows
(10, -3, Slime:5)
  a scroll of vulnerability
(10, -2, Slime:5)
  a potion of degeneration
(10, -1, Slime:5)
  a ration
(10, 0, Slime:5)
  a +6 great sword of holy wrath
(10, 1, Slime:5)
  a wand of iceblast (6)
(10, 8, Slime:5)
  a scroll of summoning
(10, 9, Slime:5)
  a +2 long sword of flaming
(10, 10, Slime:5)
  11 gold pieces
(10, 11, Slime:5)
  5 tomahawks of dispersal
(10, 12, Slime:5)
  a scroll of teleportation
(11, -2, Slime:5)
  a scroll of identify
(11, -1, Slime:5)
  a box of beasts
(11, 0, Slime:5)
  5 needles of frenzy
(11, 1, Slime:5)
  a book of Fire
(11, 2, Slime:5)
  a potion of lignification
(11, 7, Slime:5)
  3 curare-tipped needles
(11, 8, Slime:5)
  the +3 robe "Radiuheb" {+Fly rC- Int+7 Dex-4}
    It affects your intelligence (+7).
    It affects your dexterity (-4).
    It makes you vulnerable to cold.
    It lets you fly.
(11, 9, Slime:5)
  a slimy rune of Zot
(11, 10, Slime:5)
  a phantom mirror
(11, 11, Slime:5)
  47 gold pieces
(12, -1, Slime:5)
  11 stones
(12, 0, Slime:5)
  a book of Battle
(12, 1, Slime:5)
  a +0 chain mail of cold resistance
(12, 2, Slime:5)
  an uncursed ring of wizardry
(12, 7, Slime:5)
  a ration
(12, 8, Slime:5)
  53 gold pieces
(12, 9, Slime:5)
  an uncursed staff of air
(12, 10, Slime:5)
  39 gold pieces
(13, 0, Slime:5)
  26 gold pieces
(13, 1, Slime:5)
  23 gold pieces
(13, 8, Slime:5)
  50 gold pieces
(13, 9, Slime:5)
  the cursed +2 battleaxe of the Harvest {venom, rC+}
    It poisons the flesh of those it strikes.
    
    It protects you from cold.
    It has a curse placed upon it.

