Tuwenn

Level 1 of the Dungeon
(0, 0, D:1)
  a +0 club
(5, -26, D:1)
  a +0 club
(20, -5, D:1)
  a +0 dagger
(36, -34, D:1)
  a +0 dagger
(40, -40, D:1)
  a +0 mace

Level 2 of the Dungeon
(0, 0, D:2)
  a +2 chain mail of poison resistance
  a +0 morningstar
(4, -4, D:2)
  a +0 hand axe
(5, -56, D:2)
  a +0 short sword
(13, -8, D:2)
  a +0 club
(20, -48, D:2)
  a +0 pair of gloves
(45, -21, D:2)
  a +0 club
(46, -24, D:2)
  a +0 dagger
(46, -23, D:2)
  a +0 dagger

Level 3 of the Dungeon
(0, 0, D:3)
  a +0 mace
(15, 9, D:3)
  a scroll of random uselessness
(20, -8, D:3)
  a cursed +0 ring mail
(22, -10, D:3)
  a +0 club
  a +1 leather armour of poison resistance
(30, -3, D:3)
  a +0 spear
(32, 11, D:3)
  a +0 leather armour
(45, 15, D:3)
  a cursed -2 club

Level 4 of the Dungeon
(0, 0, D:4)
  a +0 pair of boots
(4, -17, D:4)
  a +0 leather armour
  a +0 flail
(8, -15, D:4)
  a +0 leather armour
(13, -16, D:4)
  a +0 robe
  a +0 dagger
(19, -4, D:4)
  a +0 robe
(19, 14, D:4)
  a potion of mutation
(38, -7, D:4)
  a +0 chain mail
(42, -19, D:4)
  a +0 ring mail
(43, -11, D:4)
  a +0 leather armour
  a +0 short sword
  a +0 leather armour
  a +0 flail
  a +0 robe
  a +0 dagger
  a +0 leather armour
  a +0 short sword

Level 5 of the Dungeon
(0, 0, D:5)
  a +0 animal skin
  a +0 plate armour
  a +0 club
  a human skeleton
  an orc skeleton
(1, -17, D:5)
  a cursed -1 animal skin
(2, -16, D:5)
  a +0 leather armour
(2, -15, D:5)
  4 tomahawks
  80 stones
(2, 0, D:5)
  a +0 robe
  a +0 dagger
  a +0 flail
  an orc skeleton
(4, -15, D:5)
  a cursed +0 animal skin
(14, 1, D:5)
  5 large rocks
(15, -26, D:5)
  a +0 long sword
(16, 2, D:5)
  a +0 robe
(17, 1, D:5)
  a +0 ring mail
(20, 4, D:5)
  a +0 giant spiked club
(21, -16, D:5)
  a +0 ring mail
  a +0 hand axe
(23, -14, D:5)
  a +0 ring mail
  a +0 flail
(23, -12, D:5)
  a +0 leather armour
(27, -13, D:5)
  a +0 spear
(33, -5, D:5)
  a cursed +0 chain mail

Level 6 of the Dungeon
(0, 0, D:6)
  a +0 trident
(2, 0, D:6)
  a +0 robe
(4, -1, D:6)
  9 gold pieces
(6, 5, D:6)
  a +0 giant club
  an ogre skeleton
(11, 1, D:6)
  a scroll of summoning
(11, 13, D:6)
  a +0 leather armour
(14, 4, D:6)
  a scroll of identify
(16, 13, D:6)
  7 gold pieces
(20, 13, D:6)
  a +0 club

the Ecumenical Temple

