Esetroqe

Level 1 of the Dungeon
(0, 0, D:1)
  a cursed +0 club
(2, 5, D:1)
  a +0 plate armour
(2, 27, D:1)
  20 stones
(2, 28, D:1)
  16 stones
(20, 4, D:1)
  a +0 dagger
(20, 15, D:1)
  a +0 club
(21, 15, D:1)
  a +0 dagger
(23, -2, D:1)
  a +0 scale mail
(25, 25, D:1)
  a +0 club
(29, 25, D:1)
  a +0 club
(33, 19, D:1)
  a +0 whip
(37, 32, D:1)
  a +0 whip

Level 2 of the Dungeon
(0, 0, D:2)
  a +0 club
(12, -20, D:2)
  6 large rocks
(13, -3, D:2)
  a +0 club
(17, -11, D:2)
  a +0 ring mail
(19, -20, D:2)
  a cursed -1 club
(37, 11, D:2)
  a +0 club
(39, -5, D:2)
  a +0 chain mail
(40, 1, D:2)
  a +0 club
(57, 3, D:2)
  a +0 leather armour

Level 3 of the Dungeon
(0, 0, D:3)
  a +0 short sword
(2, 5, D:3)
  a +0 club
(7, 10, D:3)
  a +0 hand axe
  a +0 leather armour
(8, 15, D:3)
  a +0 leather armour
  a +0 hand axe
(10, 12, D:3)
  a +0 leather armour
  a +0 whip
(14, 34, D:3)
  a +0 hunting sling
(22, 6, D:3)
  a +0 leather armour
  a +0 short sword
(28, 9, D:3)
  a +0 halberd
(30, 9, D:3)
  a +0 robe
  a +0 dagger
(31, 7, D:3)
  a +0 club
(32, 2, D:3)
  a +0 hunting sling
(33, 14, D:3)
  a +0 dagger
  a +0 ring mail
  a +0 mace
  a +0 robe
  a +0 scale mail
(37, 1, D:3)
  a +0 scale mail
  a +0 dagger
(51, 8, D:3)
  a +0 war axe
  a +0 leather armour
  a +0 short sword
  a +0 short sword
  a +0 short sword
(51, 19, D:3)
  a +0 mace
(53, 12, D:3)
  a +0 leather armour
  a +0 short sword
(67, 6, D:3)
  a +0 club

Level 4 of the Dungeon
(0, 0, D:4)
  a +0 long sword
(15, -7, D:4)
  a +0 robe
(21, -13, D:4)
  a +0 pair of gloves
(27, 3, D:4)
  a +0 chain mail
  a +0 whip
(37, -9, D:4)
  a +0 club
(58, 22, D:4)
  a +0 mace

Level 5 of the Dungeon
(0, 0, D:5)
  a +0 club
(16, 44, D:5)
  a +0 leather armour
(31, 48, D:5)
  a -3 ring of protection
  a +0 robe
(32, 47, D:5)
  a +0 hunting sling
(38, 5, D:5)
  a +0 ring mail
(38, 32, D:5)
  a +0 rapier
(43, 42, D:5)
  a +0 spear
(44, 15, D:5)
  a +0 leather armour
(46, 19, D:5)
  a +0 short sword
  a +0 robe
  a +0 dagger
(64, 31, D:5)
  a +0 giant club

Level 6 of the Dungeon
[Shop] Neuxoegh's Lightly-Used Armoury
  a -2 triple crossbow (1 gold)
  a -1 centaur barding (216 gold)
  -2 gold dragon scales (840 gold)
  a -3 lajatang (1 gold)
  a -3 demon trident (1 gold)
  a -1 fustibalus (120 gold)
  a -2 triple crossbow (1 gold)
  a -2 bardiche (1 gold)
  a -2 quick blade (60 gold)
  -2 pearl dragon scales (1080 gold)
  a -1 quick blade (120 gold)
(0, 0, D:6)
  a +0 dagger
  a +0 club
  a +0 giant spiked club
(9, -2, D:6)
  a +0 short sword
(11, -3, D:6)
  a +0 club
(13, 11, D:6)
  a +0 flail
(24, 6, D:6)
  a +0 spear
(27, 6, D:6)
  a +0 spear
(28, 17, D:6)
  a +0 club
(29, 16, D:6)
  a +0 dagger
(33, 16, D:6)
  a +0 chain mail

Level 7 of the Dungeon
(5, -14, D:7)
  a +0 leather armour
  a +0 club
(10, -22, D:7)
  2 javelins of penetration
(11, -5, D:7)
  a +0 robe
  a +0 dagger
(11, -4, D:7)
  a +1 leather armour
(11, 6, D:7)
  a +0 ring mail
(11, 22, D:7)
  a +0 quarterstaff
(13, -4, D:7)
  a potion of degeneration
(19, -1, D:7)
  a +0 robe
(22, 11, D:7)
  a +0 chain mail
  a +0 chain mail
  a +0 halberd
(23, 13, D:7)
  a +0 shortbow
(26, -5, D:7)
  a +0 ring mail
(47, 23, D:7)
  a +0 club
(48, 12, D:7)
  a +0 giant spiked club

Level 8 of the Dungeon
[Shop] Ohopoin's General Store
  a +0 chain mail (58 gold)
  a cursed -3 club (1 gold)
  a scroll of immolation (45 gold)
  a +1 great sword of holy wrath (243 gold)
  21 sling bullets (136 gold)
  8 tomahawks of returning (104 gold)
  a +0 chain mail (58 gold)
(0, 0, D:8)
  a +0 dagger
  a +0 leather armour
(4, -15, D:8)
  a +0 robe
  a cursed +0 trident
  a +0 robe
  a cursed +0 trident
(11, -16, D:8)
  a +4 great sword
(24, 13, D:8)
  a +0 robe
  a +0 dagger
(27, 21, D:8)
  10 gold pieces
(30, 15, D:8)
  a +0 flail
(30, 17, D:8)
  a porcupine skeleton
(32, 16, D:8)
  a sling bullet
(33, 16, D:8)
  a sling bullet
(35, 14, D:8)
  a sling bullet
(36, -5, D:8)
  16 gold pieces

the Ecumenical Temple

