Gemahiss

Level 1 of the Dungeon
(0, 0, D:1)
  a +0 club
(3, 3, D:1)
  a +0 robe
(8, -3, D:1)
  a +0 club
(17, 4, D:1)
  a +0 club
(36, 13, D:1)
  a +0 club
(42, -7, D:1)
  a +0 short sword
(49, -16, D:1)
  a +0 short sword
(53, -16, D:1)
  a +0 club

Level 2 of the Dungeon
(0, 0, D:2)
  a +0 club
(11, -2, D:2)
  a +0 dagger
(11, -1, D:2)
  a +0 club
(34, 44, D:2)
  a +0 robe
(37, -5, D:2)
  a +0 spear
(39, 47, D:2)
  a +0 whip
(44, 5, D:2)
  a +0 spear
  a +0 animal skin
(50, 49, D:2)
  a +0 robe
  a +0 scythe
(51, 49, D:2)
  a +0 club
  a +0 flail
(53, 43, D:2)
  a +0 club

Level 3 of the Dungeon
(8, -7, D:3)
  a +0 leather armour
  a +0 club
(9, -7, D:3)
  a +0 robe
(18, -18, D:3)
  a +0 dagger
  a cursed +0 robe
(19, -18, D:3)
  a +0 robe
  a +0 dagger
(30, 4, D:3)
  a +0 dagger
(34, 4, D:3)
  a +0 club
  a +0 hunting sling
(34, 5, D:3)
  a +0 leather armour
  a +0 dagger
(35, -12, D:3)
  a +0 helmet
  a +0 animal skin
  a cursed -3 whip
(38, 18, D:3)
  a +0 dagger
(38, 20, D:3)
  a +0 dagger
(39, 20, D:3)
  a cursed +0 dagger
(43, -5, D:3)
  a +0 spear
(44, -5, D:3)
  a cursed -3 spear
(53, 11, D:3)
  a +0 club

Level 4 of the Dungeon
(0, 0, D:4)
  a +0 hand axe
(7, 5, D:4)
  a +0 dagger
  a +0 robe
(9, 4, D:4)
  a +0 club
(10, 45, D:4)
  a +0 leather armour
  a +0 club
(32, 19, D:4)
  a +0 mace
(32, 20, D:4)
  a +0 hand axe
(33, 19, D:4)
  a +0 dagger
(34, 24, D:4)
  a cursed +0 hand axe
(45, 12, D:4)
  a cursed -2 club
(52, -7, D:4)
  a +0 robe

Level 5 of the Dungeon
(0, 0, D:5)
  a cursed +0 ring mail
(5, 11, D:5)
  a +0 whip
(8, -6, D:5)
  a +0 hunting sling
(9, -4, D:5)
  a +0 spear
(15, 9, D:5)
  a +0 giant club
(20, -8, D:5)
  a +0 ring mail

Level 6 of the Dungeon
(0, 0, D:6)
  13 gold pieces
(10, 4, D:6)
  a potion of lignification

Level 7 of the Dungeon
(0, 0, D:7)
  a scroll of teleportation
(1, -7, D:7)
  a ration
(3, -7, D:7)
  2 potions of curing

Level 8 of the Dungeon
(0, 0, D:8)
  20 bolts

