Ziufiune

Level 1 of the Dungeon
(0, 0, D:1)
  a potion of haste
(12, -28, D:1)
  a scroll of teleportation
(17, 6, D:1)
  a scroll of identify
(30, -10, D:1)
  6 gold pieces
(35, -7, D:1)
  a +0 dagger
(36, -19, D:1)
  22 sling bullets
(39, -19, D:1)
  32 arrows
(42, 2, D:1)
  a ration
(42, 5, D:1)
  8 gold pieces
(46, 0, D:1)
  3 scrolls of teleportation
(52, -32, D:1)
  a potion of agility
(52, 6, D:1)
  an uncursed amulet of rage
(53, -24, D:1)
  a scroll of remove curse
(55, -13, D:1)
  a +0 leather armour
(55, -5, D:1)
  18 gold pieces
(57, -12, D:1)
  a scroll of identify
(58, -20, D:1)
  15 gold pieces
(58, -1, D:1)
  a +0 ring mail
(65, -16, D:1)
  a scroll of identify
(70, -10, D:1)
  10 gold pieces

Level 2 of the Dungeon
(0, 0, D:2)
  8 gold pieces
(7, 19, D:2)
  an uncursed ring of protection from cold
(7, 21, D:2)
  a +0 whip
(8, 15, D:2)
  a +0 ring mail
(9, 4, D:2)
  a potion of magic
(10, 1, D:2)
  21 sling bullets
(15, -7, D:2)
  a scroll of magic mapping
(17, -27, D:2)
  a +0 mace
(21, -25, D:2)
  29 bolts
(24, -24, D:2)
  a ration
(29, -19, D:2)
  14 gold pieces
(33, -19, D:2)
  2 potions of resistance
(35, 0, D:2)
  4 gold pieces
(37, 0, D:2)
  a potion of agility
(38, -5, D:2)
  26 arrows
(39, 0, D:2)
  a book of Changes
(39, 19, D:2)
  13 gold pieces
(40, -15, D:2)
  a +0 spear
(40, -14, D:2)
  a potion of haste
(41, 0, D:2)
  a +0 spear
(41, 1, D:2)
  a scroll of identify
(41, 13, D:2)
  a potion of magic
(41, 15, D:2)
  a ration
(43, 9, D:2)
  an uncursed ring of resist corrosion
(45, 7, D:2)
  a scroll of identify
(49, -6, D:2)
  a potion of flight
(53, -28, D:2)
  a cursed ring of teleportation
  (unseen)

Level 3 of the Dungeon
(0, 0, D:3)
  28 stones
(7, 1, D:3)
  12 gold pieces
(8, 4, D:3)
  a ration
(13, -13, D:3)
  10 bolts
(19, -15, D:3)
  a potion of agility
(21, -23, D:3)
  a scroll of remove curse
(24, 4, D:3)
  a +0 robe
(28, 23, D:3)
  12 gold pieces
(29, -4, D:3)
  17 stones
(29, 14, D:3)
  13 gold pieces
(31, -26, D:3)
  8 gold pieces
(39, 4, D:3)
  6 gold pieces
(40, -33, D:3)
  a +0 club
(40, 16, D:3)
  a +0 robe
(43, -13, D:3)
  13 gold pieces
(44, -22, D:3)
  a scroll of identify
(56, 6, D:3)
  a ration
(61, -1, D:3)
  a +0 short sword

Level 4 of the Dungeon
(0, 0, D:4)
  a scroll of identify
(6, -17, D:4)
  a +0 rapier
(7, 0, D:4)
  a scroll of enchant weapon
(18, 14, D:4)
  11 stones
(19, -6, D:4)
  a scroll of amnesia
(20, -1, D:4)
  a potion of curing
(23, -17, D:4)
  11 gold pieces
(24, -20, D:4)
  15 gold pieces
(30, -25, D:4)
  a +0 leather armour
(35, 5, D:4)
  a +0 ring mail
(35, 6, D:4)
  a potion of heal wounds
(35, 7, D:4)
  a book of Minor Magic
(35, 15, D:4)
  a potion of berserk rage
(36, 23, D:4)
  a +0 plate armour
(39, -6, D:4)
  16 gold pieces
(41, 19, D:4)
  5 gold pieces
(42, 6, D:4)
  12 stones
(45, -3, D:4)
  10 gold pieces
(46, 12, D:4)
  17 stones
(47, -10, D:4)
  a +0 ring mail
(49, 16, D:4)
  a scroll of identify
(56, 12, D:4)
  19 bolts

Level 5 of the Dungeon
(0, 0, D:5)
  21 sling bullets
(1, -10, D:5)
  a +0 club
(6, 32, D:5)
  a potion of haste
(7, -14, D:5)
  8 gold pieces
(7, 16, D:5)
  a +0 spear
(8, -18, D:5)
  a scroll of identify
(14, 14, D:5)
  2 tomahawks
(15, -23, D:5)
  a +2 ring of protection
(17, 24, D:5)
  a +0 leather armour
(21, -19, D:5)
  18 gold pieces
(23, 24, D:5)
  a scroll of identify
(24, 25, D:5)
  a +0 plate armour
(25, -11, D:5)
  a +0 leather armour
(25, -6, D:5)
  22 sling bullets
(26, 21, D:5)
  4 gold pieces
(26, 26, D:5)
  a ration
(30, -6, D:5)
  a scroll of identify
(32, -10, D:5)
  17 stones
(37, -8, D:5)
  12 bolts
(42, 8, D:5)
  a +0 hunting sling
(42, 21, D:5)
  a potion of haste
(42, 22, D:5)
  a scroll of magic mapping
(44, -13, D:5)
  a potion of berserk rage
(46, 24, D:5)
  a +0 dagger
(51, 2, D:5)
  a potion of curing
(52, 12, D:5)
  a potion of flight
(54, 30, D:5)
  a scroll of immolation
(59, 23, D:5)
  11 gold pieces
(59, 28, D:5)
  a scroll of magic mapping
(61, 22, D:5)
  a +0 rapier

Level 6 of the Dungeon
(0, 0, D:6)
  11 gold pieces
(3, 13, D:6)
  a +7 plate armour of ponderousness
(4, -1, D:6)
  a ration
(8, 17, D:6)
  22 stones
(9, 24, D:6)
  a potion of magic
(11, 7, D:6)
  a scroll of teleportation
(15, 12, D:6)
  a potion of curing
(16, 20, D:6)
  a scroll of blinking
(17, 26, D:6)
  17 arrows
(18, 42, D:6)
  16 gold pieces
(20, 26, D:6)
  a scroll of teleportation
(23, 45, D:6)
  a scroll of enchant armour
(24, 34, D:6)
  a +0 hand axe
(25, 10, D:6)
  20 stones
(25, 18, D:6)
  a +3 scale mail of poison resistance
(26, 30, D:6)
  an uncursed ring of magical power
(29, 45, D:6)
  a potion of curing
(33, 12, D:6)
  a wand of flame (23)
(46, 14, D:6)
  a scroll of amnesia
(48, 10, D:6)
  a +0 scale mail
(49, 16, D:6)
  3 gold pieces
(50, 19, D:6)
  a +0 robe
(59, -2, D:6)
  12 stones
(60, 2, D:6)
  2 potions of might

Level 1 of the Lair of Beasts
(0, 0, Lair:1)
  18 stones

