Viamanum

Level 1 of the Dungeon
(0, 0, D:1)
  a +0 club
(0, 16, D:1)
  a +0 club
(10, 31, D:1)
  a +0 club
(11, 35, D:1)
  a +0 robe
(25, -20, D:1)
  a +0 robe
(29, 30, D:1)
  a +0 dagger
(51, 18, D:1)
  a +0 club
(52, 19, D:1)
  a cursed -3 club
(54, 31, D:1)
  a +0 club
(55, -11, D:1)
  a +0 dagger
(56, 27, D:1)
  a +0 leather armour
(59, 8, D:1)
  a +0 dagger

Level 2 of the Dungeon
(0, 0, D:2)
  a +0 leather armour

Level 3 of the Dungeon
(0, 0, D:3)
  a cursed -1 club
(6, 27, D:3)
  a cursed +0 ring mail
(12, 1, D:3)
  a +0 leather armour
(12, 22, D:3)
  a +0 club
(21, -4, D:3)
  a +0 hand axe
(21, -1, D:3)
  a +0 dagger
(23, 12, D:3)
  a +0 hand axe
(24, -4, D:3)
  a +0 club
(25, -3, D:3)
  an uncursed ring of flight
(26, -4, D:3)
  a cursed -3 ring of protection
  a cursed +0 ring mail
  a +0 dagger
(27, 13, D:3)
  a +0 dagger
(34, 30, D:3)
  a +0 dagger
(38, -9, D:3)
  a +0 club

Level 4 of the Dungeon
[Shop] Ysaigyg's Gadget Shop
  a fan of gales (400 gold)
  a box of beasts (200 gold)
  a lightning rod (4/4) (400 gold)
  a lamp of fire (400 gold)
  a sack of spiders (200 gold)
  a lightning rod (4/4) (400 gold)
[Shop] Ytal's Antique Weapon Shop
  a +1 flail of crushing (292 gold)
  the +9 flail of Sequestration {drain, +Blink rF+} (1735 gold)
    A truly terrible weapon, it drains the life of those it strikes.
    
    It protects you from fire.
    It lets you blink.
  a +0 spear (72 gold)
  a +0 mace (72 gold)
  a cursed -1 dagger (2 gold)
  a +1 mace of holy wrath (297 gold)
  a +0 dagger (48 gold)
  a +0 rapier (96 gold)
  the +7 war axe of Doom {freeze, Int+4 Dex+3 Stlth-} (1478 gold)
    It has been specially enchanted to freeze those struck by it, causing extra
    injury to most foes and up to half again as much damage against particularly
    susceptible opponents. It can also slow down cold-blooded creatures.
    
    It affects your intelligence (+4).
    It affects your dexterity (+3).
    It makes you less stealthy.
  a +0 rapier (96 gold)
  a cursed -1 falchion (2 gold)
[Shop] Zophusel's Antique Weapon Shop
  the +5 flail "Ysisoaf" {crush, rElec rC+ MR+ Dex-5} (1527 gold)
    It inflicts extra damage upon your enemies.
    
    It affects your dexterity (-5).
    It protects you from cold.
    It insulates you from electricity.
    It affects your resistance to hostile enchantments.
  the +7 battleaxe "Arbiter" {holy, Dex+6} (2187 gold)
    It has been blessed by the Shining One to cause great damage to the undead
    and demons.
    
    It affects your dexterity (+6).
  a +2 vampiric trident (742 gold)
  a +1 dagger of venom (310 gold)
  a +0 spear (99 gold)
  a +0 war axe (115 gold)
  a +0 hand axe (99 gold)
  a +4 blowgun (808 gold)
  a +2 hand axe of flaming (574 gold)
  a +0 flail (115 gold)
[Shop] Bocoanti's Assorted Antiques
  a scroll of enchant armour (165 gold)
  the +3 dagger of Uncomfortable Rashes {pierce, rN++} (781 gold)
    It inflicts extra damage upon your enemies.
    
    It greatly protects you from negative energy.
  a +0 blowgun (55 gold)
  a fan of gales (880 gold)
  a +0 quarterstaff (88 gold)
  the cursed +1 ring mail of the Orb Guardian {rPois} (378 gold)
    It protects you from poison.
    It has a curse placed upon it.
  an uncursed amulet of the acrobat (660 gold)
  a fan of gales (880 gold)
(0, 0, D:4)
  a +0 leather armour
(11, -14, D:4)
  a +0 leather armour
  a +0 dagger
(12, -13, D:4)
  a +0 chain mail
(12, 10, D:4)
  a +0 robe
  a +0 dagger
(13, 9, D:4)
  a +0 robe
  a +0 dagger
(27, -1, D:4)
  a +0 leather armour
(33, -10, D:4)
  a +0 rapier
(33, 4, D:4)
  a +0 hunting sling
(49, 26, D:4)
  a +0 dagger
  a +0 short sword

Level 5 of the Dungeon
(0, 0, D:5)
  a cursed -1 dagger
(19, 9, D:5)
  a +0 plate armour
  a +0 short sword
(23, -1, D:5)
  a +0 dagger
(35, 1, D:5)
  a cursed -3 flail
(35, 23, D:5)
  a +0 leather armour
(35, 31, D:5)
  a +0 leather armour
  a +0 flail
(36, 30, D:5)
  a +0 ring mail
(36, 35, D:5)
  a +0 robe
  a +0 dagger
  a cursed -1 flail
  a +0 chain mail
  a +0 mace
(37, 9, D:5)
  a +0 giant spiked club
(37, 33, D:5)
  a +0 falchion
(37, 34, D:5)
  a +0 war axe
  a +0 leather armour
(47, 27, D:5)
  a +0 flail
(55, 16, D:5)
  a +0 ring mail
(64, 36, D:5)
  a +0 leather armour
  a +0 morningstar
(65, 30, D:5)
  a +0 scale mail
(66, 29, D:5)
  a +0 club
(67, 29, D:5)
  a +0 chain mail

Level 6 of the Dungeon
[Shop] Hyilem's Assorted Antiques
  a +0 morningstar (88 gold)
  a scroll of amnesia (77 gold)
  a +0 spear (66 gold)
  the +8 mace "Ytewkik" {drain, rF+ Str+4} (1491 gold)
    A truly terrible weapon, it drains the life of those it strikes.
    
    It affects your strength (+4).
    It protects you from fire.
  a potion of haste (220 gold)
  a phantom mirror (660 gold)
  a +0 hand axe (66 gold)
  a scroll of remove curse (66 gold)
  a scroll of remove curse (66 gold)
  the +8 hunting sling of Aseegreiss {venom, *Contam rF+ MP+9 Str+9} (1936 gold)
    It poisons the ammo it fires.
    
    It affects your strength (+9).
    It protects you from fire.
    It affects your magic capacity (+9).
    It causes magical contamination when unequipped.
  a scarf of spirit shield (198 gold)
  an uncursed amulet of faith (880 gold)
(0, 0, D:6)
  a +0 mace
(2, 6, D:6)
  a +0 spear
(3, 21, D:6)
  a cursed +0 ring mail
  a +0 hand axe
(4, 8, D:6)
  a +0 whip
(8, -5, D:6)
  a +0 flail
(19, -22, D:6)
  a cursed +0 robe
  a +0 dagger
(20, 12, D:6)
  a +0 hand axe
(23, -2, D:6)
  a +0 dagger
(23, 13, D:6)
  a +0 dagger
  a +0 chain mail
(24, 12, D:6)
  a +0 mace
  a cursed +0 chain mail
(24, 13, D:6)
  a +0 ring mail
(36, 23, D:6)
  a +1 leather armour
(37, 21, D:6)
  a +2 dagger of speed
  a cursed +0 whip
  a cursed +0 long sword
  a +1 hand axe of freezing
(37, 22, D:6)
  51 bolts
(38, 22, D:6)
  136 arrows
  a +3 dire flail
  a +0 shortbow
  a +0 halberd
(39, 22, D:6)
  a potion of mutation
(50, -14, D:6)
  a +0 dagger
(51, -13, D:6)
  a cursed +0 ring mail
(52, -13, D:6)
  a +0 flail

Level 7 of the Dungeon
(0, 0, D:7)
  a +0 leather armour
(4, -42, D:7)
  a +0 giant spiked club
(6, -52, D:7)
  a +0 ring mail
(8, -9, D:7)
  a +0 short sword
  a +0 plate armour
  a +0 long sword
(10, -6, D:7)
  a cursed -3 whip
(11, -25, D:7)
  13 gold pieces
(11, -24, D:7)
  a wand of disintegration (7)
(12, -35, D:7)
  a +0 dagger
(16, -52, D:7)
  a cursed +0 ring mail
(16, -16, D:7)
  a +0 club
(18, -42, D:7)
  a +0 giant club
(18, -12, D:7)
  a +0 dagger
  a +0 robe
(19, 1, D:7)
  a +0 short sword
(22, -23, D:7)
  a +0 chain mail
  a +0 hand axe
(24, -30, D:7)
  a +0 short sword
  a +0 plate armour
(35, -28, D:7)
  a +0 giant spiked club
(35, -2, D:7)
  a +0 long sword
(41, -8, D:7)
  a +0 short sword of venom
(45, -26, D:7)
  a +0 robe
  a +2 short sword
  a +0 robe
  a cursed +0 mace
(45, -25, D:7)
  a +0 robe
(46, -27, D:7)
  a +0 robe
  a +0 robe
  a +0 falchion
(58, -23, D:7)
  a +0 dagger

Level 8 of the Dungeon
(2, -18, D:8)
  a +0 quarterstaff
(4, -32, D:8)
  a +0 dagger
(5, -33, D:8)
  a +0 long sword
  a +0 robe
(13, -34, D:8)
  a +0 leather armour
  a +0 flail
(20, -31, D:8)
  a +0 whip
  a +0 club
  a +0 club
(20, -30, D:8)
  a +0 short sword
  a +0 club
(20, -29, D:8)
  a +0 short sword
(21, -31, D:8)
  a +0 mace
(21, -30, D:8)
  a +0 leather armour
  a +0 club
(26, -32, D:8)
  a +0 rapier
(31, -42, D:8)
  a +0 centaur barding
(31, -34, D:8)
  a +0 leather armour
  a +0 flail
(31, -30, D:8)
  a +0 dagger
(35, -28, D:8)
  a +0 dagger
(40, -34, D:8)
  a +0 buckler
(56, -54, D:8)
  a potion of degeneration
(59, -16, D:8)
  a +0 club
(63, -17, D:8)
  a +0 robe
  a +0 dagger
(64, -18, D:8)
  a +0 robe
  a +0 dagger
(66, -19, D:8)
  a +0 robe
  a +0 dagger

the Ecumenical Temple

Level 1 of the Lair of Beasts
(0, 0, Lair:1)
  a potion of curing
(15, 0, Lair:1)
  a polar bear skeleton
(16, -11, Lair:1)
  a +0 ring mail

