Sireggas

Level 1 of the Dungeon
(0, 0, D:1)
  a +0 short sword
(3, 5, D:1)
  17 stones
(4, 4, D:1)
  a scroll of identify
(9, -2, D:1)
  23 arrows
(10, -29, D:1)
  7 gold pieces
(14, -14, D:1)
  a scroll of teleportation
(17, -14, D:1)
  a +0 scale mail
(19, -7, D:1)
  16 stones
(19, -3, D:1)
  10 gold pieces
(22, -21, D:1)
  a scroll of enchant armour
(23, -23, D:1)
  a +0 robe
(23, -12, D:1)
  a ration
(33, 7, D:1)
  a +0 dagger
(38, 12, D:1)
  a potion of brilliance
(39, 9, D:1)
  a +0 whip
(41, -25, D:1)
  8 gold pieces
(42, 9, D:1)
  a potion of curing
(43, 8, D:1)
  a +0 robe
(47, 10, D:1)
  7 javelins
(52, 0, D:1)
  a potion of might
(53, -28, D:1)
  a +0 dagger
(55, -7, D:1)
  a +2 ring of strength
(57, 15, D:1)
  a scroll of identify
  (unseen)

