Heomp

Level 1 of the Dungeon
(0, 0, D:1)
  8 gold pieces
(1, -3, D:1)
  an uncursed amulet of the acrobat

Pandemonium
(0, 0, Pan)
  27 gold pieces
(0, 12, Pan)
  31 stones
(9, -1, Pan)
  a +0 rapier
(13, 3, Pan)
  a potion of ambrosia
(15, 11, Pan)
  an uncursed ring of protection from magic
(15, 28, Pan)
  an uncursed amulet of guardian spirit
(18, 14, Pan)
  a ration
(19, -1, Pan)
  a +0 chain mail
(22, 9, Pan)
  14 gold pieces
(24, 37, Pan)
  a scroll of remove curse
(31, 3, Pan)
  a +2 scythe of freezing
(32, 24, Pan)
  16 gold pieces
(35, -11, Pan)
  27 gold pieces
(35, 2, Pan)
  19 stones
(38, 27, Pan)
  a +0 chain mail
(42, 3, Pan)
  a +0 plate armour
(43, 13, Pan)
  a +0 leather armour
(53, 3, Pan)
  a +0 hunting sling
(54, -10, Pan)
  a +0 ring mail
(59, 11, Pan)
  a +0 long sword
(59, 28, Pan)
  21 stones

