Siracig

Level 1 of the Dungeon
(0, 0, D:1)
  a ration
(6, -6, D:1)
  a +0 hat
(12, -15, D:1)
  a +0 dagger
(13, -4, D:1)
  a scroll of remove curse
(22, 7, D:1)
  a ration
(22, 14, D:1)
  a scroll of teleportation
(31, -37, D:1)
  9 gold pieces
(31, -25, D:1)
  a +0 short sword
(34, -37, D:1)
  a scroll of remove curse
(42, -29, D:1)
  24 stones
(43, -19, D:1)
  a scroll of magic mapping
(43, -15, D:1)
  a potion of agility
(43, 12, D:1)
  a scroll of identify
(46, -26, D:1)
  16 gold pieces

Level 2 of the Dungeon
(0, 0, D:2)
  10 gold pieces

Level 3 of the Dungeon
(0, 0, D:3)
  a potion of might

Level 5 of the Dungeon
(0, 0, D:5)
  a +0 whip (still there?)
  a +0 giant club (still there?)
(1, 1, D:5)
  a jackal corpse
(4, -2, D:5)
  8 gold pieces
(7, -5, D:5)
  a book of Annihilations
(7, 11, D:5)
  17 sling bullets
(17, 14, D:5)
  a +0 leather armour

