Qufri

Level 1 of the Dungeon
(0, 0, D:1)
  a +0 pair of gloves
(1, -21, D:1)
  a +0 hunting sling
(4, -27, D:1)
  a +0 club
(4, -15, D:1)
  a +0 club
(13, -7, D:1)
  a +0 club
(15, -46, D:1)
  a +0 chain mail
(21, -21, D:1)
  a cursed +0 ring mail
  a +0 shield
(22, -51, D:1)
  a +0 leather armour
(30, -27, D:1)
  a +0 club
(41, -10, D:1)
  a +0 club

Level 2 of the Dungeon
(0, 0, D:2)
  a +0 club
(8, -1, D:2)
  a +0 club
(19, -35, D:2)
  a +0 dagger
(35, -20, D:2)
  a +0 club
(35, 16, D:2)
  a +0 club
(44, 10, D:2)
  a +0 leather armour
(46, 7, D:2)
  a +0 club
(46, 18, D:2)
  a +0 club

Level 3 of the Dungeon
(0, 0, D:3)
  a +0 dagger
(8, -44, D:3)
  a +0 mace
  a +0 hand axe
(8, -5, D:3)
  a +0 dagger
(14, 0, D:3)
  a +0 hand axe
(14, 5, D:3)
  a cursed -1 short sword
(15, -34, D:3)
  a +0 dagger
(17, -27, D:3)
  a +0 dagger
(18, -21, D:3)
  a +0 club
(25, -14, D:3)
  a +0 leather armour
(25, -5, D:3)
  a +0 whip
(26, -33, D:3)
  a +0 ring mail
(26, -18, D:3)
  a +0 hand axe
(29, 6, D:3)
  a +0 leather armour
  a +0 club
(34, 6, D:3)
  a +0 ring mail
(47, 5, D:3)
  a +0 club
(51, -39, D:3)
  a +0 hunting sling
(53, 9, D:3)
  a +0 hand axe

Level 4 of the Dungeon
(0, 0, D:4)
  a +0 dagger
(3, 25, D:4)
  a +0 leather armour
(6, -3, D:4)
  a +0 halberd
(7, 15, D:4)
  a +0 whip
(12, -2, D:4)
  a +0 leather armour
(18, 40, D:4)
  a +0 short sword
(35, 1, D:4)
  a cursed -1 spear
  a +0 leather armour
(39, 16, D:4)
  a +0 short sword
(43, 34, D:4)
  a cursed -1 whip
  a +0 robe

Level 5 of the Dungeon
[Shop] Coveir's Gadget Boutique
  a fan of gales (520 gold)
  a box of beasts (260 gold)
  a lightning rod (4/4) (520 gold)
  a wand of disintegration (18) (286 gold)
  a box of beasts (260 gold)
  a box of beasts (260 gold)
  a sack of spiders (260 gold)
  a phantom mirror (390 gold)
[Shop] Peerist Dipp's Armour Emporium
  a +3 scale mail of fire resistance (364 gold)
  the +8 chain mail of Temperance {*Contam rF+ rC+} (838 gold)
    It protects you from fire.
    It protects you from cold.
    It causes magical contamination when unequipped.
  a +0 helmet (63 gold)
  a +0 pair of gloves (63 gold)
  a +0 pair of gloves (63 gold)
  a +0 ring mail (56 gold)
  a +0 plate armour (322 gold)
  a +0 chain mail (63 gold)
  a +0 buckler (63 gold)
[Shop] Vapiotu's Gadget Shoppe
  a lamp of fire (520 gold)
  a wand of scattershot (7) (429 gold)
  a lightning rod (4/4) (520 gold)
  a lightning rod (4/4) (520 gold)
(0, 0, D:5)
  a +0 flail
(0, 27, D:5)
  a +0 hunting sling
(3, 0, D:5)
  a +0 robe {!f}
(4, 10, D:5)
  a +0 ring mail
(9, 3, D:5)
  a +0 leather armour
(13, 13, D:5)
  a +0 ring mail
(14, 9, D:5)
  an uncursed ring of ice
(14, 10, D:5)
  a cursed -2 long sword
(14, 11, D:5)
  a potion of agility
(15, 9, D:5)
  13 gold pieces
(15, 10, D:5)
  a +0 scale mail
(15, 11, D:5)
  a potion of berserk rage
(16, 9, D:5)
  a scroll of identify
(16, 10, D:5)
  a +0 chain mail
(16, 11, D:5)
  11 gold pieces
(17, 18, D:5)
  12 gold pieces
(26, 19, D:5)
  a +0 robe
(37, 20, D:5)
  a +0 shortbow
(48, 23, D:5)
  a +0 dagger

Level 6 of the Dungeon
[Shop] Ceal's Antique Armour Boutique
  the +3 leather armour "Katuenne" {rElec Int+2 Stlth-} (1014 gold)
    It affects your intelligence (+2).
    It insulates you from electricity.
    It makes you less stealthy.
  a +0 chain mail (135 gold)
  the cursed +1 leather armour "Polyghoh" {rElec rCorr} (708 gold)
    It insulates you from electricity.
    It provides partial protection from all sources of acid and corrosion.
    It has a curse placed upon it.
  a +0 ring mail (120 gold)
  a +0 buckler (135 gold)
  a +0 leather armour (60 gold)
  a +0 centaur barding (690 gold)
  a +0 chain mail (135 gold)
  a +0 shield (135 gold)
(0, 0, D:6)
  a cursed -3 club
(4, -12, D:6)
  a +0 war axe
(7, -34, D:6)
  a +0 robe
(8, -18, D:6)
  a +0 leather armour
(13, 5, D:6)
  a +0 leather armour
(21, -7, D:6)
  a +0 robe
(25, -9, D:6)
  a +0 animal skin
(36, -41, D:6)
  a +0 pair of gloves
(36, -32, D:6)
  a +0 club
(37, -30, D:6)
  a cursed -2 leather armour
(41, -40, D:6)
  a +0 cloak

Level 7 of the Dungeon
(0, 0, D:7)
  a +0 leather armour
(3, -2, D:7)
  a +0 short sword
(4, -2, D:7)
  a +0 whip
(5, 18, D:7)
  a +0 leather armour
(11, -16, D:7)
  a +0 shortbow
(14, 38, D:7)
  a +0 dagger
(15, 13, D:7)
  a +0 robe
  a +0 battleaxe
(16, 11, D:7)
  a +0 robe
  a cursed -3 dagger
(18, 1, D:7)
  a +0 robe
  a cursed +0 halberd
(20, 18, D:7)
  a +0 robe
  a +0 falchion
(24, -1, D:7)
  a +0 robe
(25, 26, D:7)
  a +0 plate armour
(27, 16, D:7)
  a +0 pair of boots
(30, 23, D:7)
  a +0 chain mail

Level 8 of the Dungeon
(0, 0, D:8)
  a +0 club
(1, 1, D:8)
  a +0 club
  a +0 club
  a cursed +0 robe
(6, -20, D:8)
  a +0 club
(7, -1, D:8)
  a +0 robe
  a +0 dagger
(10, -25, D:8)
  a +0 giant spiked club
(10, -1, D:8)
  a +0 whip
(15, -1, D:8)
  a +0 leather armour
  a +0 hand axe
(16, -35, D:8)
  a +0 falchion
(19, -28, D:8)
  a +0 trident
(23, -37, D:8)
  a +0 spear
(23, -36, D:8)
  a +0 dagger
(25, -2, D:8)
  a +0 robe
(29, -25, D:8)
  a +0 scale mail
(30, -20, D:8)
  a +0 ring mail
(35, -33, D:8)
  a +0 halberd
(36, -35, D:8)
  a +0 club
(37, 15, D:8)
  a +0 quarterstaff

Level 9 of the Dungeon
(1, 18, D:9)
  a cursed +0 mace
(6, 2, D:9)
  a +0 hand axe
(7, 0, D:9)
  a +0 dagger
(8, 0, D:9)
  a +0 whip
  a +0 club
  a +0 plate armour
  a +0 glaive
(9, 0, D:9)
  a +0 hand axe
(10, 0, D:9)
  a +0 mace
(13, -1, D:9)
  a +0 leather armour
  a +0 dagger
(16, 0, D:9)
  a +0 leather armour
  8 gold pieces
(17, -2, D:9)
  a +0 club
(18, -3, D:9)
  a +0 hand axe
  a cursed +0 short sword
  a +0 leather armour
(18, -2, D:9)
  a +0 hand axe
(19, -3, D:9)
  a +0 flail
(19, -2, D:9)
  a +0 leather armour
  a +0 club
(19, 6, D:9)
  a potion of degeneration
(24, 0, D:9)
  a +0 flail
(34, -3, D:9)
  a +0 club
(35, 35, D:9)
  a +0 robe
(37, -4, D:9)
  a +0 war axe
(37, -3, D:9)
  a +0 plate armour
  a +0 war axe
(39, -2, D:9)
  a +0 robe
  a +0 dagger
(39, 0, D:9)
  a +0 scale mail
(40, 7, D:9)
  a +0 ring mail
  a +0 flail
(40, 14, D:9)
  a +0 leather armour
(41, 2, D:9)
  a cursed -3 dagger
(41, 23, D:9)
  a +0 dagger
  a +0 ring mail
(45, 34, D:9)
  a +0 shortbow

Level 10 of the Dungeon
(0, 0, D:10)
  a cursed +0 leather armour
(1, 3, D:10)
  a +0 plate armour
(2, -1, D:10)
  a +0 robe
(3, 1, D:10)
  a +0 falchion
(9, 25, D:10)
  a +0 robe
(10, 10, D:10)
  a cursed +0 robe
  (unseen)
(10, 23, D:10)
  a cursed -3 hand crossbow
(10, 24, D:10)
  43 bolts
  a +1 whip of freezing
  a +0 mace of holy wrath
  a +1 long sword
  a +3 dagger
  a +4 short sword
(11, 26, D:10)
  a +0 rapier
(12, -2, D:10)
  a +0 leather armour
(12, 23, D:10)
  a scroll of fog
  a scroll of vulnerability
(12, 24, D:10)
  2 scrolls of noise
  3 scrolls of amnesia
(13, -19, D:10)
  2 large rocks
(14, -20, D:10)
  a large rock
(14, 12, D:10)
  a +0 whip
(15, -18, D:10)
  2 large rocks
(15, 20, D:10)
  a +0 short sword
(15, 21, D:10)
  a +0 dagger
(27, -9, D:10)
  a +0 shortbow
(48, -12, D:10)
  a +0 leather armour
(53, -21, D:10)
  a +0 shortbow

Level 11 of the Dungeon
(0, 0, D:11)
  a +0 giant club
(1, 13, D:11)
  a +0 trident
  a +0 scale mail
(1, 14, D:11)
  a +0 hand axe
(2, 12, D:11)
  a +0 short sword
  a +0 scale mail
(6, -10, D:11)
  a +0 dagger
(7, -10, D:11)
  a cursed +0 leather armour
  a +0 dagger
(8, -11, D:11)
  a +0 club
(15, 6, D:11)
  a +0 trident
(20, -20, D:11)
  a +0 robe
(25, -16, D:11)
  a +0 dagger
(26, -14, D:11)
  a +0 short sword
(26, 14, D:11)
  3 large rocks
(27, -10, D:11)
  a +0 flail
(30, -1, D:11)
  a +0 shield
(32, -22, D:11)
  a +1 dire flail of protection
  a cursed +0 chain mail
(33, -22, D:11)
  a cursed +4 great sword
  a +0 robe
(34, 0, D:11)
  a +0 club
(35, -21, D:11)
  a +0 trident
  a +0 robe
(36, -20, D:11)
  a +0 falchion
  a +0 robe
(37, -21, D:11)
  a +0 robe
(38, 0, D:11)
  a +0 robe
  a cursed +0 falchion
(38, 3, D:11)
  a +0 robe
  a +7 battleaxe
(39, -13, D:11)
  a +0 dagger
(40, -13, D:11)
  a +0 short sword
(51, 9, D:11)
  a cursed -1 short sword
  a +0 blowgun
(53, -8, D:11)
  a +0 short sword

the Ecumenical Temple

