Nuhidgh Liopp

Level 1 of the Dungeon
(0, 0, D:1)
  a +0 dagger
(1, -2, D:1)
  a +0 club
(7, -3, D:1)
  a +0 dagger
(10, -29, D:1)
  a +0 club
  a +0 dagger
(12, 7, D:1)
  a +0 club
(15, -23, D:1)
  a +0 spear
(21, -29, D:1)
  a +0 whip
(25, -13, D:1)
  a +0 club

Level 2 of the Dungeon
(0, 0, D:2)
  a cursed -2 club
(6, 33, D:2)
  a +0 dagger
(7, -2, D:2)
  a +0 trident
(12, 27, D:2)
  11 stones
(12, 33, D:2)
  12 stones
(14, 29, D:2)
  14 stones
(29, 7, D:2)
  a +0 club
(30, -10, D:2)
  a +0 whip
(32, 3, D:2)
  a cursed -1 dagger
(37, 18, D:2)
  a +0 ring mail
(40, -5, D:2)
  a +0 mace

Level 3 of the Dungeon
(0, 0, D:3)
  a cursed amulet of inaccuracy
(9, -28, D:3)
  a +0 dagger
(10, 6, D:3)
  a +0 ring mail
(18, -20, D:3)
  a +0 dagger
(20, -18, D:3)
  a +0 club
(24, -7, D:3)
  a +0 club
(26, -16, D:3)
  a +0 robe
  a +0 short sword
  a +0 club
  a +0 club
(29, -28, D:3)
  a +0 club
(29, -24, D:3)
  a +0 mace
(29, -1, D:3)
  a +0 war axe
(34, -34, D:3)
  a +0 spear

Level 4 of the Dungeon
(0, 0, D:4)
  a +0 spear
(8, -10, D:4)
  12 gold pieces
(15, -29, D:4)
  a +0 robe
  a +0 dagger
(18, -9, D:4)
  21 stones
(24, -24, D:4)
  a +0 flail
(25, -24, D:4)
  a +0 leather armour
  a +0 whip
(32, -7, D:4)
  a +0 ring mail
(37, -10, D:4)
  a +0 robe
  a +0 dagger
  a +0 flail

the Ecumenical Temple

