Nixeyqom

Level 1 of the Dungeon
(0, 0, D:1)
  a potion of lignification
(11, 13, D:1)
  19 gold pieces
(12, 3, D:1)
  a potion of invisibility
(14, 14, D:1)
  19 gold pieces
(25, 11, D:1)
  a ration
(27, 25, D:1)
  a +0 short sword
(27, 35, D:1)
  a +0 hunting sling
(28, 5, D:1)
  10 gold pieces
(28, 38, D:1)
  a +0 ring mail
(31, 18, D:1)
  a ration
(31, 37, D:1)
  a bolt
(35, 39, D:1)
  3 bolts
(37, 31, D:1)
  a ration
(38, 10, D:1)
  8 gold pieces
(38, 13, D:1)
  a +0 club
(46, 15, D:1)
  13 gold pieces
(46, 18, D:1)
  6 gold pieces
(46, 25, D:1)
  an uncursed ring of ice
(47, 2, D:1)
  12 gold pieces
(47, 10, D:1)
  a scroll of amnesia
(49, 21, D:1)
  13 stones
(49, 37, D:1)
  a potion of degeneration
(50, 21, D:1)
  5 gold pieces
(53, 4, D:1)
  a +0 hand axe
(56, 11, D:1)
  10 gold pieces
(61, 35, D:1)
  11 gold pieces
(68, 14, D:1)
  a scroll of remove curse

Level 2 of the Dungeon
(0, 0, D:2)
  8 gold pieces

