Fiuxewup

Level 1 of the Dungeon
(0, 0, D:1)
  a +0 club
(1, -2, D:1)
  a +0 dagger
(1, -1, D:1)
  a +0 club
(1, 0, D:1)
  a +0 dagger
(23, -2, D:1)
  a cursed -2 club
(42, -10, D:1)
  a +0 club

Level 2 of the Dungeon
(0, 0, D:2)
  a +0 club
(13, -3, D:2)
  a +0 club
  a +0 hunting sling
(25, 1, D:2)
  a cursed +0 club
(37, -8, D:2)
  a +0 club

Level 3 of the Dungeon
(0, 0, D:3)
  a +0 club
(7, -23, D:3)
  a cursed -3 short sword
(16, 7, D:3)
  a +0 robe
(20, -4, D:3)
  a +0 animal skin
(29, 7, D:3)
  a +0 club
(35, 10, D:3)
  a +0 club
(36, -34, D:3)
  a stone
(36, 7, D:3)
  a +0 short sword
(37, 7, D:3)
  a +0 robe
  a cursed -3 dagger
(39, -22, D:3)
  a +0 mace
(39, -4, D:3)
  a +0 hunting sling
(47, -17, D:3)
  a +0 dagger

Level 4 of the Dungeon
(0, 0, D:4)
  a +0 quarterstaff
  a +0 flail
  a +0 ring mail
(7, -8, D:4)
  a cursed -2 mace
(8, 2, D:4)
  a -5 ring of intelligence

Level 5 of the Dungeon
(0, 0, D:5)
  a +0 falchion
  a +0 spear
(0, 1, D:5)
  a +0 club
(4, 7, D:5)
  a +0 club
(16, -24, D:5)
  a +0 falchion
(20, -30, D:5)
  a +0 robe
(41, 10, D:5)
  a +0 club
(43, -32, D:5)
  a +0 scythe
  a +0 robe

Level 6 of the Dungeon
(0, 0, D:6)
  a +0 scale mail
  a +0 leather armour
(2, -3, D:6)
  a +0 robe
  a +0 dagger
(7, -44, D:6)
  a +0 dagger
(7, -25, D:6)
  a +0 club
(10, 5, D:6)
  a cursed +0 robe
(12, -45, D:6)
  a +0 dagger
(12, -22, D:6)
  a +0 war axe
  a +0 plate armour
(17, -14, D:6)
  a cursed +0 flail
(18, -13, D:6)
  a +0 club
(19, -45, D:6)
  a +0 dagger
(25, -43, D:6)
  a +0 shortbow
(25, -32, D:6)
  a +0 short sword
(30, -38, D:6)
  a +0 pair of gloves
(39, -16, D:6)
  a +0 shortbow

Level 7 of the Dungeon
(0, 0, D:7)
  a +0 robe
  a +0 dagger
(1, -13, D:7)
  a +0 short sword
  a +0 dagger
(1, -12, D:7)
  a +0 dagger
  a +0 short sword
(1, -1, D:7)
  a +0 chain mail
  a +0 falchion
(1, 1, D:7)
  a cursed -2 falchion
(23, 22, D:7)
  a +0 ring mail
(25, -27, D:7)
  a +0 chain mail
(29, -24, D:7)
  a +0 giant club
(33, -24, D:7)
  a +0 leather armour
  a +0 helmet
(33, -23, D:7)
  a +0 ring mail
  a +0 cloak
(34, -24, D:7)
  79 bolts
  24 poisoned needles
  a +0 hand crossbow
(35, -25, D:7)
  a scroll of random uselessness
  a scroll of enchant weapon
  a scroll of magic mapping
  a scroll of immolation
  a scroll of noise
(35, -24, D:7)
  2 scrolls of amnesia
  179 arrows
  a -1 halberd
(42, -11, D:7)
  a +0 hand axe
(43, 13, D:7)
  a +0 dagger
(57, 22, D:7)
  a +0 leather armour
(59, -16, D:7)
  a +0 whip

Level 8 of the Dungeon
(0, 0, D:8)
  an uncursed amulet of faith
  a +0 robe
  a +0 dagger
(0, 2, D:8)
  a +0 dire flail
  a +0 scale mail
(1, -30, D:8)
  a cursed +0 trident
(2, -31, D:8)
  a +0 short sword
  a +0 chain mail
  a +0 falchion
(3, -30, D:8)
  a +0 flail
(16, -38, D:8)
  a +0 chain mail
  a +0 trident
(17, -41, D:8)
  a +0 robe
  a +0 dagger
(18, -22, D:8)
  a +0 robe
(19, -19, D:8)
  a +0 club
  a +0 club
(19, -18, D:8)
  a +0 shortbow
(19, -17, D:8)
  a +0 dagger
  a +0 club
  a +0 dagger
(19, -16, D:8)
  a +0 whip
(21, -27, D:8)
  a +0 robe
  a +0 dagger
(24, -38, D:8)
  a +0 robe
(29, -8, D:8)
  a +0 robe
  a +0 dagger
(29, -6, D:8)
  a cursed -3 blowgun
(34, 7, D:8)
  a +0 dagger
(34, 8, D:8)
  a +0 scimitar
(41, 11, D:8)
  a big kobold corpse
(47, 2, D:8)
  a +0 trident

the Ecumenical Temple

