Inaz

Level 1 of the Dungeon
(0, 0, D:1)
  a +0 club
(16, -29, D:1)
  a cursed +0 ring mail
(23, -27, D:1)
  a +0 ring mail
(24, 1, D:1)
  a +0 ring mail

Level 2 of the Dungeon
(0, 0, D:2)
  a cursed +0 plate armour
(1, 4, D:2)
  a +0 hunting sling
(7, 5, D:2)
  a +0 short sword
(21, -25, D:2)
  a +0 robe
(30, 3, D:2)
  a +0 whip
(36, -21, D:2)
  a +0 whip
(46, -1, D:2)
  a +0 club

Level 3 of the Dungeon
(0, 0, D:3)
  a +0 chain mail
(0, 11, D:3)
  a +0 robe
(1, -10, D:3)
  a cursed -3 short sword
(4, 30, D:3)
  a +0 club
(6, 13, D:3)
  a +0 club
(8, 22, D:3)
  a +0 club
(10, 22, D:3)
  a +0 short sword
(15, 0, D:3)
  a +0 leather armour
  a +0 club
(26, 0, D:3)
  a +0 mace
(34, 0, D:3)
  a cursed +0 chain mail
  a +0 short sword
(37, 0, D:3)
  a +0 ring mail
  a +0 spear
(42, 2, D:3)
  a +0 mace
(42, 5, D:3)
  a +0 ring mail
  a +0 whip
(42, 6, D:3)
  a +0 leather armour
  a +0 mace
(42, 7, D:3)
  a +0 short sword
(42, 21, D:3)
  a +0 robe
  a +0 dagger
(44, 22, D:3)
  a +0 robe
  a +0 dagger
(48, 17, D:3)
  a +0 flail
  a +0 spear

Level 4 of the Dungeon
(0, 0, D:4)
  a +2 ring mail of cold resistance
(6, -3, D:4)
  a stone
(12, -1, D:4)
  a stone
(14, -4, D:4)
  a stone
(16, -3, D:4)
  a stone
(16, -2, D:4)
  a stone
(17, -1, D:4)
  a stone
(25, 12, D:4)
  a +0 plate armour
(25, 24, D:4)
  a +0 robe

Level 5 of the Dungeon
(16, -37, D:5)
  14 stones
(19, -35, D:5)
  a large rock
(21, -39, D:5)
  a large rock
(21, 2, D:5)
  a +0 leather armour
(23, -37, D:5)
  15 stones
(27, -23, D:5)
  6 silver javelins
(29, -27, D:5)
  a +0 robe
(42, -17, D:5)
  a +0 club

Level 6 of the Dungeon
(0, 0, D:6)
  a +0 leather armour
(27, -1, D:6)
  a +0 flail
(31, 24, D:6)
  a +0 robe
(32, 4, D:6)
  a +0 morningstar
(43, 18, D:6)
  a +0 robe
  a +0 short sword
(46, 24, D:6)
  4 gold pieces
  a +0 dagger
  a +0 robe
  a +0 hand axe

Level 7 of the Dungeon
[Shop] Pojum's Armour Emporium
  a +0 plate armour (368 gold)
  a +0 ring mail (64 gold)
  a +0 ring mail (64 gold)
  a +0 leather armour (32 gold)
  a +0 scale mail (64 gold)
  a cursed +0 robe (1 gold)
  a +0 robe (11 gold)
  a +0 chain mail (72 gold)
  a +0 chain mail (72 gold)
  a +0 robe (11 gold)
  a +0 scale mail (64 gold)
  a +0 pair of boots (72 gold)
  a +0 leather armour of magic resistance (144 gold)
(0, 0, D:7)
  34 gold pieces
(8, -2, D:7)
  a +0 robe
  a +0 dagger
  an arrow
  6 gold pieces
(11, -7, D:7)
  20 gold pieces
(11, 0, D:7)
  6 gold pieces
  a cursed -3 club
(11, 1, D:7)
  7 gold pieces
  a +0 glaive
  a +0 chain mail
(12, 0, D:7)
  5 gold pieces
  a +0 short sword
(13, 3, D:7)
  18 gold pieces
  a +0 shortbow
(13, 16, D:7)
  7 gold pieces
(15, 5, D:7)
  9 gold pieces
(15, 8, D:7)
  5 gold pieces
(36, -2, D:7)
  13 gold pieces
(37, 2, D:7)
  7 gold pieces
(38, -3, D:7)
  10 gold pieces
(39, 8, D:7)
  a +0 trident
(39, 13, D:7)
  5 gold pieces
  a +0 leather armour
  a +0 whip
(41, -9, D:7)
  9 gold pieces
(42, 5, D:7)
  8 gold pieces
  a +0 chain mail
(45, 7, D:7)
  5 gold pieces
(45, 13, D:7)
  13 gold pieces
  a +0 ring mail
  a +0 trident
(49, -5, D:7)
  4 gold pieces
(49, 26, D:7)
  13 gold pieces
(50, 17, D:7)
  a +0 club

Level 8 of the Dungeon
(0, 0, D:8)
  13 gold pieces
(2, -14, D:8)
  8 gold pieces
(4, -25, D:8)
  19 gold pieces
(4, -2, D:8)
  6 gold pieces
(7, -13, D:8)
  19 gold pieces
(8, 8, D:8)
  a +0 short sword
(11, -20, D:8)
  5 gold pieces
  a +0 dagger
  a cursed +0 robe
(12, -20, D:8)
  12 gold pieces
  a +0 dagger
  a +0 dagger
(14, -21, D:8)
  16 gold pieces
(14, 8, D:8)
  15 gold pieces
(15, -29, D:8)
  16 gold pieces (still there?)
  16 gold pieces (still there?)
(16, -28, D:8)
  an arrow
(16, 2, D:8)
  an elf skeleton
(17, 0, D:8)
  19 gold pieces
  a +0 giant club
(17, 2, D:8)
  a human skeleton
(18, -28, D:8)
  an arrow
(18, -27, D:8)
  an arrow
(20, -24, D:8)
  5 gold pieces
  a +0 dagger
  a +0 robe
(20, -16, D:8)
  5 gold pieces
  a +0 club
  a +0 leather armour
(22, -17, D:8)
  a +0 hand axe
(23, -20, D:8)
  13 gold pieces
  a cursed +0 ring mail
(23, -19, D:8)
  6 gold pieces
(23, -12, D:8)
  an arrow
(23, 0, D:8)
  a human skeleton
(24, -17, D:8)
  a +0 plate armour
(28, -17, D:8)
  13 gold pieces
(28, -2, D:8)
  an uncursed ring of flight
(29, 17, D:8)
  a +0 robe
(35, -16, D:8)
  16 gold pieces
(37, -15, D:8)
  16 gold pieces
(37, -13, D:8)
  an uncursed ring of fire
(38, -15, D:8)
  a ration
(42, -7, D:8)
  14 gold pieces
(43, -20, D:8)
  5 gold pieces
(43, -19, D:8)
  5 gold pieces
(45, 4, D:8)
  15 gold pieces
(46, -15, D:8)
  9 gold pieces
(49, -2, D:8)
  18 gold pieces
(50, -17, D:8)
  8 gold pieces
  a +0 chain mail

