Ehina

Level 1 of the Dungeon
[Shop] Xaugaom's Book Shop
  (Shop contents are unknown)
[Shop] Qaineoturch's Magic Scroll Emporium
  (Shop contents are unknown)
[Shop] Cyl Himm's General Store
  a potion of haste (110 gold)
  30 arrows (66 gold)
  22 stones (24 gold)
  a lightning rod (4/4) (440 gold)
  a potion of curing (33 gold)
  a scroll of remove curse (33 gold)
  a +1 dagger of venom (103 gold)
  the +5 scale mail "Dujeil" {rC+ rN+ Str+3 Int-3 Slay+3} (657 gold)
    It affects your strength (+3).
    It affects your intelligence (-3).
    It affects your accuracy and damage with ranged weapons and melee attacks
    (+3).
    It protects you from cold.
    It protects you from negative energy.
  a +2 hand crossbow of flaming (201 gold)
[Shop] Popaoch's Weapon Shop
  (Shop contents are unknown)
[Shop] Cookat's Book Shoppe
  (Shop contents are unknown)
[Shop] Hutousmoni's General Store
  the +8 frozen axe "Frostbite" {freezing cloud, *Noise +Fly rC+} (988 gold)
    It has been specially enchanted to freeze those struck by it, causing extra
    injury to most foes and up to half again as much damage against particularly
    susceptible opponents. It can also slow down cold-blooded creatures.
    
    It protects you from cold.
    It lets you fly.
    It may make noises in combat.
  Qimeacaz's Tome of Poisonous Flight (1120 gold)
    Spells                           Type                      Level
     a - Sting                        Conjuration/Poison            1
     b - Ignite Poison                Fire/Transmutation/Poison     3
     c - Silence                      Hexes/Air                     5
     d - Tornado                      Air                           9
  a potion of brilliance (56 gold)
  18 stones (25 gold)
  16 stones (22 gold)
  a +1 pair of gloves of strength (231 gold)
  a crystal ball of energy (280 gold)
  a scroll of blinking (105 gold)
  a potion of agility (56 gold)
  a scroll of teleportation (42 gold)
  a scroll of brand weapon (280 gold)
  the +1 cloak of Starlight {rElec rC+ EV+4 Stlth--} (623 gold)
    It affects your evasion (+4).
    It protects you from cold.
    It insulates you from electricity.
    It makes you much less stealthy.
  a +2 hand crossbow of freezing (256 gold)
  a potion of haste (140 gold)
  a scroll of remove curse (42 gold)
[Shop] Zuunem's Assorted Antiques
  an uncursed ring of protection from fire (425 gold)
  the +6 morningstar of Xaarom {protect, rN+} (782 gold)
    It protects the one who uses it against injury (+AC on strike).
    
    It protects you from negative energy.
  a fan of gales (680 gold)
  a scroll of random uselessness (17 gold)
  a scroll of identify (34 gold)
  a scroll of remove curse (51 gold)
  a wand of clouds (7) (561 gold)
  a scroll of teleportation (51 gold)
  a sack of spiders (340 gold)
  a potion of lignification (51 gold)
[Shop] Rischoxi's Book Emporium
  (Shop contents are unknown)
[Shop] Karaps's Gadget Boutique
  (Shop contents are unknown)
[Shop] Jemitt's General Store
  a fan of gales (480 gold)
  a phantom mirror (360 gold)
  a scroll of remove curse (36 gold)
  a +1 cloak of poison resistance (162 gold)
  a wand of digging (7) (264 gold)
  a scroll of fog (24 gold)
  a scroll of torment (90 gold)
  a scroll of teleportation (36 gold)
  a +1 scale mail of magic resistance (192 gold)
  a wand of iceblast (9) (156 gold)
  a scroll of amnesia (42 gold)
  a +2 hunting sling of flaming (176 gold)
(0, 0, D:1)
  12 gold pieces
(12, -30, D:1)
  10 gold pieces
(16, -32, D:1)
  5 gold pieces
(28, -25, D:1)
  12 gold pieces
(53, -13, D:1)
  a +0 club

