Afrugar

Level 1 of the Dungeon
(0, 0, D:1)
  a +0 dagger
(14, 9, D:1)
  a +0 short sword
(15, 2, D:1)
  a +0 club
(15, 12, D:1)
  a +0 club
(21, -12, D:1)
  a +0 short sword
(23, 5, D:1)
  a +0 dagger
(42, -17, D:1)
  a +0 robe

Level 2 of the Dungeon
(0, 0, D:2)
  a stone
(1, 0, D:2)
  a stone
(5, 4, D:2)
  a +0 club
(5, 33, D:2)
  7 gold pieces
(8, 5, D:2)
  a potion of curing
(12, 32, D:2)
  a stone
(16, 32, D:2)
  a kobold corpse (skeletalised by now)
(17, 32, D:2)
  a +0 chain mail (still there?)
  a stone (still there?)
(18, 9, D:2)
  a stone
(19, 10, D:2)
  a stone
(20, 10, D:2)
  a stone
(21, 11, D:2)
  a stone
(22, 11, D:2)
  a stone
(23, 11, D:2)
  a stone

