Heipny

Level 1 of the Dungeon
(0, 0, D:1)
  a +0 club
(7, 9, D:1)
  a +0 robe
(12, 5, D:1)
  a +0 ring mail
(13, -3, D:1)
  a +0 dagger
(13, 28, D:1)
  a +0 leather armour
(25, 14, D:1)
  a +0 club
(32, 26, D:1)
  a +0 club
(42, -2, D:1)
  a cursed +0 mace

Level 2 of the Dungeon
(3, -21, D:2)
  a +0 chain mail
(8, -14, D:2)
  a +0 ring mail
  a cursed +0 whip
(10, -11, D:2)
  a +0 whip
(21, -11, D:2)
  a +0 robe
(40, 19, D:2)
  a +0 short sword
(42, -23, D:2)
  a +0 dagger
(49, 9, D:2)
  a +0 club
(50, -15, D:2)
  a +0 scale mail
  a +0 flail
(51, -10, D:2)
  a +0 scale mail
  a +0 short sword
(51, 12, D:2)
  a +0 leather armour
  a +1 whip of freezing
  a +0 scale mail
  a +0 mace

Level 3 of the Dungeon
(3, 0, D:3)
  a +0 club
(5, -2, D:3)
  a +0 flail
(6, -1, D:3)
  a +0 club
(22, -14, D:3)
  a cursed +0 leather armour
  a +0 club
(23, -13, D:3)
  a +0 short sword
(23, -7, D:3)
  a +0 robe
  a +0 scythe
(24, -23, D:3)
  a +0 robe
(24, -1, D:3)
  a +2 vampiric hand axe
  a +0 short sword
  a +0 dagger
(28, -22, D:3)
  a +0 dagger
(31, -15, D:3)
  a +0 trident
(34, -3, D:3)
  a +0 club
(37, -1, D:3)
  a +0 hand axe
(37, 5, D:3)
  a +0 club
(38, -13, D:3)
  a +0 chain mail
(38, -10, D:3)
  a cursed +0 robe
(50, -14, D:3)
  a +0 robe

Level 4 of the Dungeon
(0, 0, D:4)
  a +0 dagger
(4, -10, D:4)
  a +0 club
(5, -10, D:4)
  a +0 robe
  a cursed -3 dagger
  a +0 club
  an orc skeleton
(5, 4, D:4)
  a +0 club
(5, 6, D:4)
  a +0 dagger
(6, -10, D:4)
  a +0 club
(6, 1, D:4)
  a +0 dagger
(6, 3, D:4)
  a +0 animal skin
  a +0 trident
(10, -23, D:4)
  2 sling bullets
(11, -10, D:4)
  a +0 spear
(12, -23, D:4)
  a +0 leather armour
  a +0 dagger

