Naoxad

Level 1 of the Dungeon
(0, 0, D:1)
  a +0 club
(1, -4, D:1)
  a +0 club
(1, 2, D:1)
  a +0 leather armour
(3, -2, D:1)
  a +0 leather armour
(13, 11, D:1)
  a potion of curing
(19, 1, D:1)
  a +0 club
(21, -5, D:1)
  a +0 leather armour
(24, 10, D:1)
  a +0 ring mail
(25, 23, D:1)
  a +0 club
(26, 18, D:1)
  a +0 leather armour
  a +0 dagger
(26, 20, D:1)
  a +0 leather armour
(26, 22, D:1)
  a +0 leather armour
  a +0 short sword
  a +0 robe
  a +0 dagger
(45, 1, D:1)
  a +0 club
(49, 4, D:1)
  a +0 dagger
(49, 7, D:1)
  a +0 whip

Level 2 of the Dungeon
(0, 0, D:2)
  a +0 club
(12, -6, D:2)
  a +0 ring mail
  a +0 mace
(16, -2, D:2)
  a +0 club
(42, 21, D:2)
  a +0 dagger

Level 3 of the Dungeon
(0, 0, D:3)
  a +0 club
(5, -17, D:3)
  a +0 club
(11, -30, D:3)
  a +0 trident
(11, -23, D:3)
  a +0 robe
(13, -22, D:3)
  a sling bullet
(14, -21, D:3)
  a sling bullet
(17, -19, D:3)
  a sling bullet
(17, -13, D:3)
  a +0 club
(18, -18, D:3)
  a sling bullet
(22, -12, D:3)
  a +0 club
(22, -6, D:3)
  a +0 club
(38, -17, D:3)
  a +0 ring mail

