Xeecunli

Level 1 of the Dungeon
(0, 0, D:1)
  a +0 club
(6, 1, D:1)
  a +0 club
(6, 5, D:1)
  a +0 club
(29, 4, D:1)
  a +0 robe

Level 2 of the Dungeon
(0, 0, D:2)
  a +0 robe
(1, 50, D:2)
  a +0 pair of gloves
(2, -4, D:2)
  a +0 chain mail
(10, 32, D:2)
  a +0 club
(12, 8, D:2)
  a +0 club
(13, 18, D:2)
  a +0 short sword
(15, 6, D:2)
  a +0 ring mail
(35, -5, D:2)
  a potion of berserk rage
(36, 44, D:2)
  a +0 club
(38, 34, D:2)
  a +0 ring mail
  a +0 robe
(39, 19, D:2)
  a +0 club
(42, 47, D:2)
  a +0 flail
(48, 31, D:2)
  a cursed -1 ring mail

Level 3 of the Dungeon
(0, 0, D:3)
  a +0 club
(10, 39, D:3)
  a potion of lignification
(11, 39, D:3)
  a +0 flail
  a cursed +0 whip
(13, 4, D:3)
  a +0 spear
  a +0 robe
(14, 14, D:3)
  a +0 short sword
(16, 8, D:3)
  a +0 short sword
(25, 2, D:3)
  a +0 halberd
(32, 7, D:3)
  a +0 spear
(37, 37, D:3)
  a +0 whip
(38, 10, D:3)
  a +0 chain mail
(40, 26, D:3)
  a +0 short sword
  a +0 leather armour
(40, 43, D:3)
  a +0 robe
(42, 14, D:3)
  a +0 club
(44, 6, D:3)
  a +0 club
(44, 13, D:3)
  a +0 dagger
(45, 12, D:3)
  a +0 dagger
  a +0 robe
(46, -1, D:3)
  a +0 leather armour
(46, 1, D:3)
  a +0 war axe

Level 4 of the Dungeon
[Shop] Rocevitt's Food Emporium
  a ration (65 gold)
  a ration (65 gold)
  a ration (65 gold)
  a ration (65 gold)
  a ration (65 gold)
  a ration (65 gold)
  a ration (65 gold)
[Shop] Nulan's General Store
  a wand of acid (9) (338 gold)
  a potion of haste (130 gold)
  2 potions of ambrosia (208 gold)
  19 stones (24 gold)
  a +0 hand axe (39 gold)
  a +0 ring mail (52 gold)
  a +0 leather armour (26 gold)
  a +0 ring mail (52 gold)
  a +0 falchion (39 gold)
  a potion of curing (39 gold)
[Shop] Wiutehae's Assorted Antiques
  a scroll of identify (60 gold)
  a scroll of identify (60 gold)
  a scroll of identify (60 gold)
  a scroll of enchant armour (225 gold)
  a cursed -3 whip (3 gold)
  a +0 scale mail (120 gold)
  a +2 halberd of holy wrath (576 gold)
  a +0 scimitar (120 gold)
  an uncursed staff of energy (750 gold)
(0, 0, D:4)
  a +0 scale mail
(26, -28, D:4)
  a +0 mace
(27, -23, D:4)
  a +0 ring mail
(34, -17, D:4)
  a cursed +0 ring mail
(35, 14, D:4)
  a cursed +0 leather armour
(37, 14, D:4)
  a +0 club
(38, -23, D:4)
  a +0 flail
(43, -16, D:4)
  a +0 short sword
(47, 9, D:4)
  a +0 club
(49, -15, D:4)
  a +0 scale mail
  a +0 club

Level 5 of the Dungeon
(4, 3, D:5)
  a +0 scale mail
(7, -8, D:5)
  a potion of lignification
(15, 9, D:5)
  a +0 leather armour
  a +0 short sword
(21, 5, D:5)
  a +0 hunting sling
(27, 13, D:5)
  a +0 ring mail
(33, 13, D:5)
  a +0 robe
(39, 12, D:5)
  a +0 giant club
(47, -24, D:5)
  a potion of mutation

Level 6 of the Dungeon
(0, 0, D:6)
  7 stones
(1, 14, D:6)
  a potion of lignification
(12, 6, D:6)
  a +0 shortbow
(16, 21, D:6)
  a +0 scythe
  a +0 robe
(22, 2, D:6)
  a +0 giant spiked club
(24, 15, D:6)
  a +0 club

Level 7 of the Dungeon
(0, 0, D:7)
  a +0 chain mail
(8, 53, D:7)
  a +0 leather armour
  a +0 war axe
  a +0 dagger
  a +0 robe
  a +0 mace
  a +0 chain mail
(10, 3, D:7)
  a +0 falchion
(10, 19, D:7)
  a +0 flail
(10, 32, D:7)
  a +0 club
(13, 4, D:7)
  a +0 leather armour
(13, 8, D:7)
  a +0 scale mail
(13, 17, D:7)
  a +0 dagger
  a +0 robe
(15, 26, D:7)
  a +0 falchion
(18, 10, D:7)
  a +0 robe
(19, 17, D:7)
  a +0 ring mail
(20, 18, D:7)
  a +0 short sword
(20, 19, D:7)
  a +0 dagger
  a +0 robe
(26, 25, D:7)
  a +0 robe
(31, 18, D:7)
  23 gold pieces
(31, 19, D:7)
  5 gold pieces
(32, 9, D:7)
  a +0 trident
(49, 4, D:7)
  a potion of degeneration

Level 8 of the Dungeon
(0, 0, D:8)
  a +0 trident
(8, -37, D:8)
  a +0 dagger
  a +0 short sword
  a +0 whip of pain
  a +0 leather armour
  a +0 dagger
  a cursed +0 chain mail
  a +0 club
(13, -27, D:8)
  a +0 leather armour
(18, -16, D:8)
  a +0 war axe
(39, -50, D:8)
  a scroll of random uselessness
(40, -4, D:8)
  a +0 hunting sling
(61, -47, D:8)
  a +0 hand axe

the Ecumenical Temple

