Egipnorokh

Level 4 of the Lair of Beasts
(0, 0, Lair:4)
  a wand of acid (6)
(1, -36, Lair:4)
  17 gold pieces
(1, -6, Lair:4)
  a +0 war axe
(3, -40, Lair:4)
  a wand of random effects (8)
(10, -36, Lair:4)
  a +0 helmet
(12, -19, Lair:4)
  12 gold pieces
(13, -50, Lair:4)
  a fan of gales
(14, -56, Lair:4)
  a +0 robe
(16, -46, Lair:4)
  11 gold pieces
(16, -22, Lair:4)
  23 gold pieces
(19, -31, Lair:4)
  16 gold pieces
(21, -52, Lair:4)
  a scroll of enchant armour
(21, -25, Lair:4)
  9 gold pieces
(24, -39, Lair:4)
  a scroll of amnesia
(24, -15, Lair:4)
  6 gold pieces
(25, -57, Lair:4)
  24 gold pieces
(28, -17, Lair:4)
  a +0 trident
(31, -10, Lair:4)
  a +0 chain mail
(31, 3, Lair:4)
  26 stones
(35, -8, Lair:4)
  a scroll of magic mapping
(39, -54, Lair:4)
  9 stones
(43, -15, Lair:4)
  a ration
(44, -43, Lair:4)
  a +0 scale mail
(44, -42, Lair:4)
  17 gold pieces
(56, -23, Lair:4)
  a wand of digging (3)
(57, -15, Lair:4)
  22 stones

Level 5 of the Lair of Beasts
(0, 49, Lair:5)
  20 gold pieces
(2, 5, Lair:5)
  a wand of iceblast (6)
(2, 15, Lair:5)
  15 gold pieces
(9, 8, Lair:5)
  a scroll of identify
(9, 9, Lair:5)
  a +0 pair of gloves
(14, 35, Lair:5)
  a +0 robe
(15, 23, Lair:5)
  a scroll of summoning
(15, 54, Lair:5)
  24 sling bullets
(16, 18, Lair:5)
  15 gold pieces
(19, 21, Lair:5)
  a ration
(22, 24, Lair:5)
  a ration
(23, 52, Lair:5)
  a potion of brilliance
(27, 52, Lair:5)
  16 gold pieces
(35, 1, Lair:5)
  a +0 scale mail
(43, 2, Lair:5)
  a scroll of remove curse
(45, 0, Lair:5)
  a ration
(46, 2, Lair:5)
  a scroll of remove curse
(55, 24, Lair:5)
  21 stones
(56, 18, Lair:5)
  an uncursed ring of see invisible
(58, 24, Lair:5)
  a scroll of remove curse
(65, 49, Lair:5)
  2 potions of degeneration

Level 5 of the Pits of Slime
(0, 0, Slime:5)
  a wand of digging (5)
(0, 1, Slime:5)
  23 arrows
(0, 8, Slime:5)
  24 stones
(0, 9, Slime:5)
  a scroll of noise
(1, -1, Slime:5)
  a +0 club
(1, 0, Slime:5)
  a book of Burglary
(1, 1, Slime:5)
  a scroll of remove curse
(1, 2, Slime:5)
  a scroll of teleportation
(1, 7, Slime:5)
  2 potions of curing
(1, 8, Slime:5)
  a potion of curing
(1, 9, Slime:5)
  a sack of spiders
(1, 10, Slime:5)
  a scroll of fog
(2, -2, Slime:5)
  a scroll of teleportation
(2, -1, Slime:5)
  a +4 halberd of chopping
(2, 0, Slime:5)
  a +0 scimitar
(2, 1, Slime:5)
  the Reference Book on Earthen Calling
    Spells                           Type                      Level
     a - Sandblast                    Earth                         1
     b - Summon Guardian Golem        Hexes/Summoning               3
     c - Recall                       Summoning/Translocation       3
     d - Summon Ice Beast             Ice/Summoning                 4
     e - Petrify                      Transmutation/Earth           4
     f - Aura of Abjuration           Summoning                     5
(2, 2, Slime:5)
  27 gold pieces
(2, 7, Slime:5)
  a scroll of identify
(2, 8, Slime:5)
  a +3 shortbow of flaming
(2, 9, Slime:5)
  a +1 shortbow of freezing
(2, 10, Slime:5)
  a +3 flail of holy wrath
(2, 11, Slime:5)
  a scroll of vulnerability
(3, -3, Slime:5)
  a +0 dagger
(3, -2, Slime:5)
  20 bolts
(3, -1, Slime:5)
  19 gold pieces
(3, 0, Slime:5)
  a book of Enchantments
(3, 1, Slime:5)
  26 stones
(3, 8, Slime:5)
  17 gold pieces
(3, 9, Slime:5)
  a manual of Translocations
(3, 10, Slime:5)
  25 bolts
(3, 11, Slime:5)
  an uncursed ring of stealth
(3, 12, Slime:5)
  a +2 helmet
(4, -2, Slime:5)
  2 potions of lignification
(4, 0, Slime:5)
  a +5 ring of intelligence
(4, 2, Slime:5)
  a sack of spiders
(4, 7, Slime:5)
  the amulet of Notuwa Seul {Acrobat rElec MR+ Str+4 Int-2}
    [amulet of the acrobat]
    
    It helps you evade while moving and waiting.
    It affects your strength (+4).
    It affects your intelligence (-2).
    It insulates you from electricity.
    It affects your resistance to hostile enchantments.
(4, 9, Slime:5)
  a ration
(4, 11, Slime:5)
  a +3 hand crossbow
(9, -2, Slime:5)
  a scroll of identify
(9, 0, Slime:5)
  a +2 chain mail of magic resistance
(9, 2, Slime:5)
  a box of beasts
(9, 7, Slime:5)
  a fan of gales
(9, 9, Slime:5)
  a potion of haste
(9, 11, Slime:5)
  42 gold pieces
(10, -3, Slime:5)
  a ration
(10, -2, Slime:5)
  a book of Party Tricks
(10, -1, Slime:5)
  a ration
(10, 0, Slime:5)
  a phial of floods
(10, 1, Slime:5)
  18 stones
(10, 8, Slime:5)
  a +0 chain mail
(10, 9, Slime:5)
  an uncursed staff of summoning
(10, 10, Slime:5)
  a ration
(10, 11, Slime:5)
  a ration
(10, 12, Slime:5)
  a lamp of fire
(11, -2, Slime:5)
  a scroll of remove curse
(11, -1, Slime:5)
  a lightning rod (4/4)
(11, 0, Slime:5)
  a +0 robe
(11, 1, Slime:5)
  an uncursed staff of death
(11, 2, Slime:5)
  a lamp of fire
(11, 7, Slime:5)
  26 stones
(11, 8, Slime:5)
  a +2 trident of venom
(11, 9, Slime:5)
  a slimy rune of Zot
(11, 10, Slime:5)
  an uncursed ring of wizardry
(11, 11, Slime:5)
  18 gold pieces
(12, -1, Slime:5)
  a potion of heal wounds
(12, 0, Slime:5)
  the cursed +0 helmet of Pride {Int+4 Stlth-}
    It affects your intelligence (+4).
    It makes you less stealthy.
    It has a curse placed upon it.
(12, 1, Slime:5)
  a +0 falchion
(12, 2, Slime:5)
  a scroll of vulnerability
(12, 7, Slime:5)
  17 gold pieces
(12, 8, Slime:5)
  17 stones
(12, 9, Slime:5)
  an uncursed staff of summoning
(12, 10, Slime:5)
  a ration
(13, 0, Slime:5)
  52 gold pieces
(13, 1, Slime:5)
  19 gold pieces
(13, 8, Slime:5)
  a sack of spiders
(13, 9, Slime:5)
  6 stones

