Zalixany

Level 1 of the Dungeon
(0, 0, D:1)
  19 gold pieces
(4, 2, D:1)
  a ration
(14, -24, D:1)
  3 scrolls of identify
(16, 13, D:1)
  a +0 robe
(18, -34, D:1)
  15 gold pieces
(18, -26, D:1)
  a potion of curing
(19, -29, D:1)
  a +0 mace
(24, -45, D:1)
  5 gold pieces
(30, -28, D:1)
  a potion of flight
(34, -33, D:1)
  25 stones
(38, -22, D:1)
  a potion of might
(47, -45, D:1)
  a +0 mace
(50, -27, D:1)
  11 stones
(52, 10, D:1)
  a potion of berserk rage
(53, -36, D:1)
  7 gold pieces
(62, 10, D:1)
  a scroll of teleportation

Level 2 of the Dungeon
(0, 0, D:2)
  18 stones
(2, -25, D:2)
  a +0 dagger
(6, -1, D:2)
  13 gold pieces
(6, 2, D:2)
  a +0 short sword
(6, 3, D:2)
  13 gold pieces
(7, -1, D:2)
  a scroll of remove curse
(7, 0, D:2)
  a scroll of identify
(7, 1, D:2)
  8 gold pieces
(7, 2, D:2)
  21 gold pieces
(7, 3, D:2)
  7 gold pieces
(10, 4, D:2)
  a scroll of magic mapping
(13, -18, D:2)
  13 gold pieces
(13, 0, D:2)
  a scroll of identify
(13, 5, D:2)
  a cursed -1 spear
(14, -33, D:2)
  a +0 cloak
(16, -30, D:2)
  a +0 robe
(16, -10, D:2)
  23 arrows
(18, 8, D:2)
  a scroll of remove curse
(21, -12, D:2)
  a ration
(24, -13, D:2)
  a +1 dagger of draining
(25, 5, D:2)
  a scroll of remove curse
(26, 5, D:2)
  4 needles of sleeping
(34, -15, D:2)
  12 gold pieces
(39, -17, D:2)
  a +0 ring mail
(40, 14, D:2)
  a +0 robe
(43, -17, D:2)
  10 gold pieces
(48, -16, D:2)
  a cursed -1 dagger
(53, 15, D:2)
  4 gold pieces
(54, -2, D:2)
  6 gold pieces
(54, -1, D:2)
  5 gold pieces
(57, 9, D:2)
  a ration
(61, 5, D:2)
  a potion of ambrosia

