Ruggeitotu

the Dungeon
[Shop] Woahiag's Antique Armour Emporium
  a +0 ring mail (108 gold)
  a +0 leather armour (54 gold)
  the +3 chain mail of the Apprentice {rElec MR+ Dex+4} (1282 gold)
    It affects your dexterity (+4).
    It insulates you from electricity.
    It affects your resistance to hostile enchantments.
  a cursed +0 chain mail (40 gold)
  a +0 leather armour (54 gold)
  a +0 chain mail (121 gold)
  a +3 ring mail of fire resistance (702 gold)
  a +0 scale mail (108 gold)
  a +0 plate armour (621 gold)
  a +0 leather armour (54 gold)
  a +0 leather armour (54 gold)
  a +0 ring mail (108 gold)
(0, 0, D)
  a +0 giant spiked club
(8, 3, D)
  a yak skeleton
(9, -2, D)
  a +0 scythe
  a +0 robe
  the human skeleton of Sigmund
(10, 7, D)
  27 gold pieces
(10, 8, D)
  27 gold pieces
(12, 7, D)
  27 gold pieces
(12, 8, D)
  27 gold pieces

