Niuguis

Level 1 of the Dungeon
(0, 0, D:1)
  a potion of might
(4, 9, D:1)
  a potion of agility
(7, 18, D:1)
  a potion of flight
(9, -15, D:1)
  a +0 short sword
(10, 8, D:1)
  a +0 robe
(11, -7, D:1)
  a +0 leather armour
(11, 7, D:1)
  9 gold pieces
(13, -7, D:1)
  22 arrows
(13, 2, D:1)
  a +0 leather armour
(14, -2, D:1)
  12 gold pieces
(15, 8, D:1)
  a scroll of remove curse
(25, 2, D:1)
  a scroll of identify
(27, -18, D:1)
  9 stones
(27, 0, D:1)
  11 gold pieces
(30, -16, D:1)
  a scroll of identify
(36, -5, D:1)
  7 gold pieces
(39, 24, D:1)
  18 arrows
(39, 27, D:1)
  a +0 leather armour
(40, -5, D:1)
  a scroll of amnesia
  (unseen)
(40, 28, D:1)
  5 gold pieces
(44, -2, D:1)
  a potion of curing
(46, -20, D:1)
  a potion of haste
(47, -17, D:1)
  a +0 leather armour
(47, -13, D:1)
  a potion of invisibility
(47, -10, D:1)
  a scroll of enchant weapon

Level 1 of the Lair of Beasts
(0, 0, Lair:1)
  a scroll of teleportation
(1, 5, Lair:1)
  a +0 chain mail
(2, 20, Lair:1)
  a scroll of fear
(7, -19, Lair:1)
  4 gold pieces
(12, -14, Lair:1)
  a wand of disintegration (11)
(14, -27, Lair:1)
  a +0 trident
(14, 12, Lair:1)
  2 javelins
  (unseen)
(19, -6, Lair:1)
  a book of Misfortune
(19, -3, Lair:1)
  a +0 ring mail
(19, 12, Lair:1)
  10 gold pieces
(20, -12, Lair:1)
  a scroll of identify
(21, -19, Lair:1)
  17 stones
(23, 14, Lair:1)
  a +0 whip
(35, -3, Lair:1)
  a +0 short sword
(37, 1, Lair:1)
  a scroll of teleportation
(44, -26, Lair:1)
  10 gold pieces
(51, 1, Lair:1)
  15 stones
(51, 14, Lair:1)
  22 gold pieces
(52, -16, Lair:1)
  a potion of resistance
(53, 18, Lair:1)
  a scroll of magic mapping
(56, -8, Lair:1)
  a ration
(56, -7, Lair:1)
  a scroll of amnesia
(60, 4, Lair:1)
  a throwing net

