Tokkar

Level 2 of the Dungeon
(0, 0, D:2)
  a potion of lignification
(6, -34, D:2)
  a +0 ring mail
(6, -21, D:2)
  8 tomahawks
(8, -43, D:2)
  a potion of brilliance
(8, 8, D:2)
  7 needles of confusion
(9, -25, D:2)
  a ration
(9, 4, D:2)
  a +0 hand axe
(11, -11, D:2)
  15 gold pieces
(12, -49, D:2)
  a +0 whip
(12, -8, D:2)
  a scroll of amnesia
(13, 1, D:2)
  7 gold pieces
(15, -45, D:2)
  2 potions of might
(15, -10, D:2)
  2 potions of might
(15, -3, D:2)
  a scroll of enchant weapon
(19, -34, D:2)
  a scroll of identify
(23, -36, D:2)
  a ration
(23, -1, D:2)
  9 gold pieces
(27, -34, D:2)
  22 bolts
(31, 4, D:2)
  a +0 hand axe
(34, -36, D:2)
  22 stones
(41, -32, D:2)
  19 bolts
(43, -25, D:2)
  a +0 quarterstaff
(43, -8, D:2)
  8 gold pieces
(44, 15, D:2)
  a +0 ring mail
(45, 10, D:2)
  a ration
(46, -49, D:2)
  a +0 hunting sling
(47, -14, D:2)
  a scroll of enchant armour
(49, -45, D:2)
  a +1 hat
(54, -45, D:2)
  a potion of ambrosia

