Iptozesexa

Level 1 of the Dungeon
(0, 0, D:1)
  an uncursed ring of positive energy
(7, 2, D:1)
  a ration
(13, -27, D:1)
  18 sling bullets
(18, -13, D:1)
  12 gold pieces
(22, -34, D:1)
  a ration
(23, -35, D:1)
  a scroll of identify
(27, -31, D:1)
  a +0 club
(27, -15, D:1)
  a scroll of remove curse
(32, -17, D:1)
  a +0 whip
(39, -37, D:1)
  a scroll of enchant weapon
(41, -31, D:1)
  12 gold pieces
(44, -35, D:1)
  a scroll of magic mapping
(45, -44, D:1)
  a scroll of identify
(45, -6, D:1)
  a +0 spear
(48, -44, D:1)
  a +0 leather armour
(48, -39, D:1)
  a +0 whip
(51, -33, D:1)
  21 stones
(53, -26, D:1)
  a +0 dagger
(55, -11, D:1)
  14 gold pieces
(59, -31, D:1)
  8 gold pieces
(63, -25, D:1)
  a scroll of blinking
(64, -18, D:1)
  14 gold pieces
(64, -16, D:1)
  a potion of curing

