Meydus

Level 1 of the Dungeon
(0, 0, D:1)
  a +0 mace
(1, 4, D:1)
  an uncursed ring of see invisible
(2, -4, D:1)
  26 sling bullets
(7, 4, D:1)
  a +0 club
(9, 22, D:1)
  20 stones
(10, 20, D:1)
  a scroll of identify
(10, 27, D:1)
  5 gold pieces
(11, 27, D:1)
  a +0 mace
(12, 23, D:1)
  a +0 hand axe
(12, 27, D:1)
  a +0 club
(13, 27, D:1)
  18 arrows
(16, 4, D:1)
  7 gold pieces
(16, 23, D:1)
  2 scrolls of teleportation
(17, 23, D:1)
  an uncursed amulet of rage
(18, -5, D:1)
  a scroll of fear
(20, -12, D:1)
  a scroll of magic mapping
(22, 15, D:1)
  a scroll of enchant armour
(24, 12, D:1)
  a scroll of remove curse
(25, 11, D:1)
  a +0 whip
(28, 26, D:1)
  11 bolts
(35, 17, D:1)
  a +0 dagger
(37, 14, D:1)
  a scroll of teleportation
(37, 22, D:1)
  9 gold pieces
(39, 20, D:1)
  a +0 spear
(44, 23, D:1)
  9 gold pieces
(45, 17, D:1)
  24 arrows
(47, 20, D:1)
  a ration
(47, 24, D:1)
  7 gold pieces

the Vestibule of Hell
(14, 7, Hell)
  a +0 dagger
  (unseen)
(15, 5, Hell)
  a +5 battleaxe
  (unseen)
(16, -2, Hell)
  a cursed +0 trident
(16, 6, Hell)
  a +0 dagger
  a +0 robe
(17, 18, Hell)
  an iron dragon corpse (skeletalised by now)
(18, 1, Hell)
  a +2 scimitar of slicing
  (unseen)
(18, 7, Hell)
  a +0 demon trident
(19, -6, Hell)
  a +0 scimitar
(19, -4, Hell)
  a +2 scythe
(19, -2, Hell)
  a +0 dagger
  (unseen)
(20, -5, Hell)
  a +5 scimitar
  (unseen)
(20, -2, Hell)
  a +2 demon trident of electrocution
(20, -1, Hell)
  a +0 short sword
(20, 4, Hell)
  a +0 glaive
(21, -5, Hell)
  a +0 scimitar
  a +1 battleaxe
  a +0 chain mail
  a +2 demon whip
  a +0 plate armour
  a +0 dagger
  a +0 robe
(21, -4, Hell)
  a +2 vampiric scythe
  a +0 demon whip of draining
  a +0 halberd
(21, -3, Hell)
  a +2 great sword (still there?)
  a +0 halberd (still there?)
(21, -2, Hell)
  a +0 short sword (still there?)
  a +2 demon trident of electrocution (still there?)
  a +0 scimitar (still there?)
(22, -5, Hell)
  a +1 demon whip of freezing
  a +0 dagger
  a +0 robe
  a +0 trident
(22, -4, Hell)
  a +2 mace of crushing
  a +3 battleaxe
  a +0 plate armour
  a +1 vampiric scythe
  a +1 broad axe
  a +0 chain mail
  a +0 war axe
(22, -3, Hell)
  a +0 trident of venom
  a +2 scythe of venom
  a +2 demon trident of draining
  a +0 chain mail
(22, -2, Hell)
  a +1 battleaxe of freezing
  (unseen)
(22, 5, Hell)
  a +0 trident
(23, -6, Hell)
  the horn of Geryon (still there?)
  a +1 demon whip of venom (still there?)
(23, -4, Hell)
  a +0 long sword
  a +3 scythe of distortion
(23, -3, Hell)
  a +0 halberd
(23, -2, Hell)
  a +3 scythe of flaming
(23, 3, Hell)
  a +0 dagger
  a +0 robe
(24, -6, Hell)
  a +0 short sword
(24, -4, Hell)
  a +6 scythe of slicing
(24, -3, Hell)
  a +0 long sword
  a +1 demon trident of venom
(24, 0, Hell)
  a +0 long sword
(25, -4, Hell)
  a +0 war axe
  a +0 flail
  a +0 mace
(25, -3, Hell)
  a +4 scythe of freezing (still there?)
  a +0 battleaxe (still there?)

