Vouxui

Level 1 of the Dungeon
(0, 0, D:1)
  a +0 dagger
(5, -47, D:1)
  a +0 helmet

Level 2 of the Dungeon
(0, 0, D:2)
  a +0 club
(1, 0, D:2)
  a +0 dagger
(3, -3, D:2)
  a +0 club
(8, -31, D:2)
  a +0 helmet
(24, -23, D:2)
  a +0 dagger
(26, -34, D:2)
  a +0 dagger
(40, -31, D:2)
  a +0 long sword
(42, -30, D:2)
  a +0 short sword
(44, -7, D:2)
  a +0 hand axe

Level 3 of the Dungeon
(0, 0, D:3)
  a +0 club
(20, -5, D:3)
  a +0 club
(23, 21, D:3)
  a +0 animal skin

Level 4 of the Dungeon
(0, 0, D:4)
  a +0 dagger
(13, 28, D:4)
  a +0 club
(16, 55, D:4)
  a +0 whip
(17, 56, D:4)
  a +0 leather armour
  a +0 club
(18, 56, D:4)
  a +0 whip
(40, -2, D:4)
  a +0 club
(43, 58, D:4)
  a +0 robe
(44, 35, D:4)
  a +0 centaur barding

Level 5 of the Dungeon
[Shop] Irawnick's Distillery
  a potion of berserk rage (65 gold)
  a potion of magic (104 gold)
  a potion of magic (104 gold)
  a potion of heal wounds (65 gold)
  a potion of degeneration (13 gold)
  a potion of mutation (104 gold)
(0, 0, D:5)
  a +0 hand axe
(9, 0, D:5)
  a potion of degeneration
(13, 11, D:5)
  a +0 robe
(25, -5, D:5)
  a +0 short sword
(25, -4, D:5)
  a +0 flail
  a +0 leather armour
(28, -15, D:5)
  a +0 leather armour
(42, -13, D:5)
  a +0 ring mail
(43, -3, D:5)
  a +0 dagger
  a +0 robe
(47, 16, D:5)
  a +0 club
(47, 18, D:5)
  a +0 leather armour
  a +0 club

Level 6 of the Dungeon
(0, 0, D:6)
  a +0 giant club
(0, 9, D:6)
  a +0 hand axe
(6, -12, D:6)
  2 potions of degeneration
(14, -12, D:6)
  a +0 falchion
(16, 8, D:6)
  a +0 short sword
(16, 22, D:6)
  a +0 club
(16, 27, D:6)
  a +0 leather armour
(17, 27, D:6)
  a cursed -3 flail
  a +0 leather armour
  a +0 mace
  a +0 leather armour
  a +0 whip
(18, 27, D:6)
  a +0 hand axe
(26, -7, D:6)
  a +0 dagger
  a +0 robe
(28, -22, D:6)
  a +0 whip
(29, 21, D:6)
  a +0 shortbow
  a +0 mace
  a +0 hand axe
  a +0 short sword
  a +0 dagger
(32, 12, D:6)
  a +0 helmet
(34, 1, D:6)
  a +0 falchion
  a +0 ring mail
(37, -27, D:6)
  a +0 dagger

Level 7 of the Dungeon
(0, 0, D:7)
  a +0 whip
(2, -17, D:7)
  a +0 dagger
(2, 9, D:7)
  a +0 robe
  a cursed +0 falchion
  a +0 giant club
(3, 9, D:7)
  a +0 robe
(6, 6, D:7)
  a +0 robe
(14, -33, D:7)
  a +0 long sword
(21, -37, D:7)
  a +0 whip
  a +0 robe
(21, -36, D:7)
  a +0 robe
(29, -27, D:7)
  a +0 morningstar
(30, -27, D:7)
  a +0 robe
  a +0 dagger
  a +0 morningstar
  a cursed +0 plate armour
(38, -23, D:7)
  a +0 flail
(40, -24, D:7)
  3 scrolls of amnesia
(41, -15, D:7)
  a +0 long sword

Level 8 of the Dungeon
(0, 0, D:8)
  a +0 leather armour
(1, 38, D:8)
  a +0 war axe
(1, 46, D:8)
  a +0 ring mail
(2, -3, D:8)
  a +0 club
(2, 32, D:8)
  a +0 dagger
(5, -9, D:8)
  a large rock
(9, 21, D:8)
  a +0 war axe
(10, 10, D:8)
  a large rock
(10, 13, D:8)
  a large rock
(10, 14, D:8)
  a large rock
(10, 16, D:8)
  a large rock
(11, 23, D:8)
  a +0 robe
  a +0 dagger
(11, 26, D:8)
  a cursed +0 chain mail
(12, 24, D:8)
  a +0 dagger
(20, 7, D:8)
  a +0 falchion
(27, 8, D:8)
  a +0 robe
(34, 33, D:8)
  a +0 robe
  a +0 dagger
(34, 35, D:8)
  a +0 ring mail
  a +0 hand axe
  a +0 robe
  a +0 dagger
  a +0 plate armour
  a +0 mace
(34, 36, D:8)
  a +0 chain mail
  a +0 mace
(35, -1, D:8)
  a potion of degeneration
(35, 0, D:8)
  a potion of degeneration
(39, -2, D:8)
  a +0 short sword
(43, -1, D:8)
  a potion of degeneration
(44, 0, D:8)
  a potion of degeneration
(55, 25, D:8)
  a +0 chain mail

Level 9 of the Dungeon
(0, 0, D:9)
  a +0 shortbow
(0, 11, D:9)
  5 large rocks
(20, 5, D:9)
  a +0 chain mail
  a +0 mace
  a +0 plate armour
  a +0 dire flail
(20, 7, D:9)
  a +0 robe
  a +0 dagger
(21, 6, D:9)
  a +0 robe
  a +0 dagger
(21, 7, D:9)
  a +0 robe
  a +0 dagger
(25, 4, D:9)
  a +0 giant spiked club
  a +0 giant club
(28, 2, D:9)
  a +0 war axe
(28, 27, D:9)
  a +0 robe
(29, 28, D:9)
  a +0 morningstar
(31, 1, D:9)
  a +0 great sword
(35, 9, D:9)
  a +0 flail
(36, 7, D:9)
  a +0 robe
  a cursed -2 dagger
(37, -1, D:9)
  a +0 short sword
(40, -2, D:9)
  a +0 giant club
  a +0 giant club
(43, -4, D:9)
  a +0 giant spiked club
(43, -3, D:9)
  a +0 short sword
(44, -6, D:9)
  a +0 dagger
(44, -5, D:9)
  a +0 dagger

Level 10 of the Dungeon
(0, 0, D:10)
  a +0 giant spiked club
  a +0 giant club
(0, 1, D:10)
  a +0 robe
  a +0 dagger
(1, 1, D:10)
  a +0 chain mail
  a +0 dire flail
(3, 3, D:10)
  a +0 plate armour
  a +0 arbalest
(7, 9, D:10)
  a +0 mace
(9, 9, D:10)
  a +0 morningstar
(11, -2, D:10)
  a +0 robe
  a +0 dagger
(12, 22, D:10)
  a cursed +0 giant spiked club
(20, 8, D:10)
  a cursed -1 short sword
  a +0 robe
  a +0 dagger
(22, 8, D:10)
  a +0 chain mail
  a +0 hand axe
(22, 47, D:10)
  a +0 chain mail
  a +0 battleaxe
(33, 50, D:10)
  a +0 robe
  a +0 dagger
(35, -2, D:10)
  a +0 falchion
(39, -2, D:10)
  a +0 glaive
(44, 17, D:10)
  a +0 robe
  a +0 dagger
  a +0 robe
  a +0 dagger
(46, 17, D:10)
  a +0 ring mail
(47, 20, D:10)
  a +0 ring mail
  a +0 club
(50, 34, D:10)
  a +1 plate armour
(58, 37, D:10)
  a +0 leather armour
  a +0 club
(58, 40, D:10)
  a +0 plate armour
  a +0 trident
(60, 38, D:10)
  a +0 robe
  a +0 dagger
(60, 39, D:10)
  a +0 ring mail
  a +0 trident
(63, 20, D:10)
  a +0 ring mail

Level 11 of the Dungeon
[Shop] Loec Qape's Antique Weapon Boutique
  a +0 hand axe (96 gold)
  a +0 falchion (96 gold)
  a cursed +0 flail (80 gold)
  a +0 dagger (64 gold)
  a +0 rapier (128 gold)
  a +0 falchion (96 gold)
  a cursed -3 mace (3 gold)
  the +7 captain's cutlass {speed, disarm} (1728 gold)
    Attacks with this weapon are significantly faster.
  a +0 dagger (64 gold)
  a +0 hand crossbow of freezing (265 gold)
  a +0 quarterstaff (128 gold)
(0, 0, D:11)
  a +2 robe of cold resistance
(2, -2, D:11)
  a +0 robe
  a +0 dagger
(3, -2, D:11)
  a +1 plate armour of fire resistance
  a +0 long sword
(4, -26, D:11)
  a +0 plate armour
(5, -2, D:11)
  a +0 chain mail
  a +0 flail
(6, -3, D:11)
  a +0 leather armour
  a +0 club
(13, 6, D:11)
  a large rock
(13, 7, D:11)
  a large rock
(18, -12, D:11)
  a +2 ring mail of fire resistance
  +0 acid dragon scales
(19, -13, D:11)
  the +5 hand axe of the Known World {drain, Str+3 Int+4}
    A truly terrible weapon, it drains the life of those it strikes.
    
    It affects your strength (+3).
    It affects your intelligence (+4).
  a +0 mace of draining
(19, -12, D:11)
  a +0 broad axe
  5 javelins of penetration
  5 steel javelins
  519 stones
  a +0 morningstar
  a +3 dagger
  7 poisoned needles
  4 curare-tipped needles
  5 tomahawks
  a +2 hand axe of freezing
  2 throwing nets
  105 sling bullets
  a +2 hand axe of freezing
  a +2 flail of protection
  a +0 hunting sling
(19, -11, D:11)
  a +0 dagger
  a +0 trident
  a +0 whip of venom
(20, -12, D:11)
  the cursed +2 arbalest of Fate {speed, Fragile MR+ Dex+7}
    Attacks with this weapon are significantly faster.
    
    It affects your dexterity (+7).
    It affects your resistance to hostile enchantments.
    It will be destroyed if unequipped.
    It has a curse placed upon it.
  a +3 halberd
  a +0 quarterstaff of freezing
(20, -11, D:11)
  a +0 quarterstaff
  a +0 dire flail
  a +0 shortbow
(21, -20, D:11)
  a +0 helmet
(21, -13, D:11)
  an uncursed amulet of harm
  an uncursed amulet of rage
  a scroll of fear
  a scroll of acquirement
(21, -12, D:11)
  an uncursed staff of summoning
  an uncursed staff of conjuration
  7 scrolls of teleportation
  a potion of lignification
  a +3 ring of intelligence
  2 scrolls of immolation
  2 potions of flight
  2 scrolls of noise
  2 scrolls of fog
  an uncursed ring of ice
  a scroll of holy word
  2 potions of mutation
  2 potions of might
  an uncursed ring of wizardry
  a wand of digging (2)
  a scroll of blinking
  a potion of brilliance
  a potion of berserk rage
(21, -11, D:11)
  an uncursed ring of teleportation
(28, 22, D:11)
  a +0 club
  a +0 club
  a +0 short sword
  a +0 dagger
(29, 22, D:11)
  a +0 dagger
(35, 2, D:11)
  a +0 chain mail

Level 12 of the Dungeon
(0, 0, D:12)
  a +0 trident
(1, -46, D:12)
  a +0 quarterstaff
(3, -39, D:12)
  a +0 shortbow
(10, -12, D:12)
  a +0 dire flail
  a +0 giant spiked club
(11, -30, D:12)
  a +0 helmet
(14, -35, D:12)
  a +0 flail
(29, -37, D:12)
  a +0 robe
  a +0 dagger
  a +0 scale mail
  a +0 dire flail
  a +0 plate armour
(31, -7, D:12)
  a +2 helmet
(34, -15, D:12)
  a +0 plate armour
(36, -40, D:12)
  a +1 dagger of protection
  a +0 robe
  a +0 leather armour
  a +0 morningstar
  a +0 plate armour
(48, -8, D:12)
  a +0 robe
(49, -25, D:12)
  a +0 giant club
(51, -13, D:12)
  a +0 halberd

Level 13 of the Dungeon
[Shop] Tadgh's Distillery
  a potion of berserk rage (85 gold)
  a potion of curing (51 gold)
  a potion of curing (51 gold)
  2 potions of invisibility (272 gold)
  2 potions of might (136 gold)
  2 potions of haste (340 gold)
  a potion of resistance (170 gold)
  a potion of might (68 gold)
  a potion of lignification (51 gold)
(0, 0, D:13)
  a +0 quarterstaff
(0, 9, D:13)
  a +0 club
(11, -7, D:13)
  an uncursed staff of air
(11, 5, D:13)
  a +0 shortbow
(22, -9, D:13)
  a +0 flail
(22, -7, D:13)
  a +0 ring mail
  a +0 club
(36, -25, D:13)
  a +0 club

Level 14 of the Dungeon
[Shop] Zitay's Gadget Shoppe
  a wand of enslavement (6) (104 gold)
  a fan of gales (520 gold)
  a wand of disintegration (13) (221 gold)
  a wand of digging (8) (312 gold)
  a phial of floods (inert) (520 gold)
  a wand of acid (4) (208 gold)
  a crystal ball of energy (260 gold)
  a wand of iceblast (10) (182 gold)
  a wand of digging (3) (182 gold)
  a wand of clouds (4) (312 gold)
  a fan of gales (520 gold)
(0, 0, D:14)
  a +0 great mace
  a +0 dire flail
(1, -26, D:14)
  a +1 mace of crushing
(2, -25, D:14)
  a +0 dagger
  a +0 shortbow
  a +0 leather armour
(4, -10, D:14)
  a +0 hand axe
(5, -14, D:14)
  a +0 leather armour
  a +0 shortbow
  an uncursed staff of conjuration
(6, -37, D:14)
  a +0 war axe
(9, -9, D:14)
  a +0 mace
(10, 7, D:14)
  a +0 shortbow
(20, 10, D:14)
  a +0 plate armour
(20, 12, D:14)
  2 large rocks
(21, 9, D:14)
  a potion of degeneration
(22, 12, D:14)
  a large rock
(23, 12, D:14)
  a large rock
(25, -24, D:14)
  a +0 giant club
(28, 11, D:14)
  a large rock
(29, -25, D:14)
  a +0 leather armour
  a +0 trident
(30, -24, D:14)
  a cursed -3 shortbow
  a +0 longbow
  a +0 flail
(31, -25, D:14)
  a +0 chain mail
  a +0 longbow
(32, -25, D:14)
  a +0 shortbow
  a +0 shortbow
  a +0 dagger
(33, -25, D:14)
  a +0 giant spiked club
  a +0 giant club
  a +0 robe
  a +0 flail
(35, -25, D:14)
  a +0 giant spiked club
  a +0 giant spiked club
(35, -12, D:14)
  a +0 chain mail
(36, -25, D:14)
  a +0 whip
(38, -24, D:14)
  a cursed +0 giant spiked club
  a +0 plate armour
(40, -24, D:14)
  a +0 chain mail
  a +0 long sword
(40, -18, D:14)
  a +0 falchion
  a +0 robe
  a +0 hand axe
(44, 6, D:14)
  a +0 rapier
(47, -36, D:14)
  a +2 scimitar of flaming
(50, -35, D:14)
  a +1 centaur barding of flying
  a +0 longbow
(55, 8, D:14)
  18 arrows
  a +0 club
(56, -12, D:14)
  a +0 robe
(58, 3, D:14)
  a +0 dagger
  a cursed +0 robe
(60, -6, D:14)
  a cursed +0 dagger
  a +0 robe
(62, -13, D:14)
  a +0 troll leather armour

Level 15 of the Dungeon
(0, 0, D:15)
  a +0 short sword
(0, 4, D:15)
  a +0 leather armour
  a +2 war axe of distortion
(2, 4, D:15)
  7 silver tomahawks
(3, 18, D:15)
  a +0 longbow
(5, 19, D:15)
  a +0 arbalest
(5, 20, D:15)
  a scroll of remove curse
  a +0 arbalest
(8, 20, D:15)
  a scroll of random uselessness
(20, 6, D:15)
  a +0 dire flail
  a +0 giant club
(21, 0, D:15)
  17 sling bullets
(21, 1, D:15)
  +0 acid dragon scales
(23, 3, D:15)
  a +0 robe
  a +0 war axe
(25, 10, D:15)
  a +0 club
(26, 7, D:15)
  a cursed +0 robe
  a +2 hand axe of flaming
(26, 8, D:15)
  a +0 hunting sling
(27, 20, D:15)
  23 stones
(28, 1, D:15)
  a cursed +0 large shield
  a +0 chain mail
  a +1 eveningstar of protection
  the human skeleton of Louise
(30, 6, D:15)
  a +0 scale mail
  a +0 club
  a +0 dagger
  a +0 robe
  a +0 falchion
(31, 1, D:15)
  an uncursed amulet of harm
(31, 6, D:15)
  a cursed +0 chain mail
  a +0 trident
(32, -2, D:15)
  a +0 giant spiked club
  a cursed -1 giant club
(34, 15, D:15)
  a +0 ring mail (still there?)
  a +0 broad axe (still there?)
(34, 29, D:15)
  a +0 dagger
(35, 29, D:15)
  a +0 robe
(39, -3, D:15)
  a +0 short sword
  a +0 robe
(41, 4, D:15)
  a +0 scale mail
  a +2 long sword of freezing
(42, -2, D:15)
  a +0 robe
  a cursed +0 dagger
  a +0 robe
  a +3 flail
  a +0 robe
  a +5 dire flail

the Ecumenical Temple

Level 1 of the Lair of Beasts
(0, 0, Lair:1)
  a +0 robe
(24, 3, Lair:1)
  a +0 hunting sling
(25, 4, Lair:1)
  a cursed +0 scythe
(27, 26, Lair:1)
  a +0 robe
(30, 26, Lair:1)
  a +1 falchion of freezing
(32, 35, Lair:1)
  a +0 scale mail
(55, 29, Lair:1)
  a +0 hand axe
(59, 37, Lair:1)
  a potion of degeneration

Level 2 of the Lair of Beasts
(0, 0, Lair:2)
  a cursed -3 flail
(11, 19, Lair:2)
  a +0 shortbow
(13, 18, Lair:2)
  a +0 shortbow
(16, 47, Lair:2)
  a +0 shortbow
(24, 4, Lair:2)
  a +0 robe
(24, 33, Lair:2)
  a +0 shortbow

Level 3 of the Lair of Beasts
(0, 0, Lair:3)
  a +0 spear
(3, 28, Lair:3)
  a +0 club
(5, 11, Lair:3)
  a cursed -3 club
(32, 1, Lair:3)
  a +0 great mace
(32, 15, Lair:3)
  a cursed +0 robe
(44, 48, Lair:3)
  a +0 hunting sling
(49, 37, Lair:3)
  a +0 ring mail

Level 4 of the Lair of Beasts
(0, 0, Lair:4)
  a +0 leather armour
(1, 2, Lair:4)
  a +0 club
(39, 4, Lair:4)
  a +0 scale mail
(43, -1, Lair:4)
  a +0 robe of resistance

Level 5 of the Lair of Beasts
(0, 0, Lair:5)
  a +0 war axe
(7, -7, Lair:5)
  a +0 whip
(20, 42, Lair:5)
  a +1 flail of holy wrath
(35, 37, Lair:5)
  a scroll of random uselessness
(39, 36, Lair:5)
  a +0 robe
(42, 33, Lair:5)
  a +0 hunting sling
(56, 16, Lair:5)
  a +0 great mace

Level 6 of the Lair of Beasts
(0, 0, Lair:6)
  a cursed +0 leather armour
(1, -33, Lair:6)
  a +0 flail
(8, -9, Lair:6)
  a +0 war axe
(39, 15, Lair:6)
  a +0 rapier
(40, 14, Lair:6)
  a +0 morningstar
(41, 14, Lair:6)
  a +0 chain mail
(42, 2, Lair:6)
  a +0 hand axe
(42, 13, Lair:6)
  a +0 falchion

