Luittost

Level 1 of the Dungeon
(0, 0, D:1)
  a +0 ring mail
(7, -15, D:1)
  9 gold pieces
(7, -13, D:1)
  26 arrows
(12, -6, D:1)
  a scroll of identify
(12, 9, D:1)
  14 gold pieces
(17, -33, D:1)
  5 javelins
(19, -23, D:1)
  a hydra corpse
(24, -34, D:1)
  17 bolts
(28, 11, D:1)
  13 gold pieces
(31, -21, D:1)
  a scroll of identify
(32, -24, D:1)
  a +0 robe
(32, 4, D:1)
  28 arrows
(34, -29, D:1)
  an uncursed ring of wizardry
(36, 5, D:1)
  7 gold pieces
(40, -22, D:1)
  8 gold pieces
(40, 8, D:1)
  11 gold pieces
(46, -1, D:1)
  a +0 whip
(49, -22, D:1)
  a ration
(51, 9, D:1)
  a scroll of enchant armour
(52, -22, D:1)
  a +0 chain mail
(55, 3, D:1)
  a +0 leather armour
(61, -4, D:1)
  a scroll of identify
(66, -24, D:1)
  a +0 ring mail
(69, -4, D:1)
  13 gold pieces

