Riun

Level 1 of the Dungeon
(0, 0, D:1)
  a +0 club
(12, 0, D:1)
  a +0 hand axe
(18, -10, D:1)
  a +0 club
(24, 5, D:1)
  a +0 club
(28, -14, D:1)
  a +0 club
(58, 7, D:1)
  a +2 centaur barding
(59, -13, D:1)
  a +0 mace

Level 2 of the Dungeon
(0, 0, D:2)
  a +0 dagger
  a +0 dagger
  a cursed -3 club
  a +0 club
(1, 1, D:2)
  a +0 club
  a +0 dagger
  a +0 dagger
(1, 13, D:2)
  a +0 short sword
(17, 14, D:2)
  a +0 robe
(17, 22, D:2)
  a cursed -1 ring mail
  a +0 flail
(22, 20, D:2)
  a +0 ring mail
  a +0 leather armour
  a +0 scale mail
  a +0 robe
(28, -18, D:2)
  a +0 dagger
(30, -16, D:2)
  a potion of heal wounds
(33, -25, D:2)
  a +0 plate armour
(33, -10, D:2)
  a +0 club
  a +0 dagger
  a +0 club
  a +0 club
  a +0 dagger
  a +0 club
(36, 0, D:2)
  a +0 dagger
(39, 8, D:2)
  a +0 leather armour
(43, -6, D:2)
  a cursed -1 dagger
(43, 3, D:2)
  a +0 club
(52, -8, D:2)
  a +0 club

Level 3 of the Dungeon
(1, 1, D:3)
  a +0 dagger
(1, 2, D:3)
  a +0 robe
(1, 4, D:3)
  a +0 club
(3, -2, D:3)
  a +0 hand axe
(7, -19, D:3)
  a +0 club
(20, 6, D:3)
  a cursed -1 club
(21, -2, D:3)
  a +0 ring mail
  a potion of heal wounds
(22, 6, D:3)
  a +0 robe
(24, 19, D:3)
  a +0 club
(25, 4, D:3)
  a +0 dagger
(27, 17, D:3)
  a +0 quarterstaff
(33, -24, D:3)
  a +0 dagger
(36, -19, D:3)
  a +0 chain mail
(48, 22, D:3)
  a +0 hand axe

Level 4 of the Dungeon
(0, 0, D:4)
  a +0 giant spiked club
(13, 38, D:4)
  a +0 club
(26, 5, D:4)
  a +0 chain mail
(36, 7, D:4)
  a +0 giant spiked club
(40, 38, D:4)
  a stone
(40, 40, D:4)
  a stone
(41, 35, D:4)
  5 large rocks
(41, 36, D:4)
  a stone
(42, 39, D:4)
  5 large rocks
(43, 37, D:4)
  3 large rocks
(43, 39, D:4)
  a scroll of amnesia
(44, 40, D:4)
  2 large rocks
(46, 32, D:4)
  a +0 robe
(49, 24, D:4)
  a +0 mace
(51, 25, D:4)
  a +0 ring mail
  a +0 whip
(56, 7, D:4)
  a +0 ring mail
  a cursed -3 hand axe
(56, 8, D:4)
  a cursed +0 robe
  a +0 dagger
  a +0 leather armour
  a +0 club
  a +0 robe
(58, 20, D:4)
  a potion of degeneration
(60, 34, D:4)
  a +0 giant club

Level 5 of the Dungeon
(7, 10, D:5)
  a +0 dagger
  a +0 robe
  a +0 club
  an orc skeleton
(8, 10, D:5)
  a cursed -2 shortbow
(9, -37, D:5)
  a ration
(9, 9, D:5)
  a +0 scale mail
  an orc skeleton
(11, -32, D:5)
  a potion of agility
(11, -31, D:5)
  a +0 cloak
(15, -32, D:5)
  a scroll of teleportation

