Kumafuhi

Level 1 of the Dungeon
(0, 0, D:1)
  18 arrows
(3, 24, D:1)
  9 gold pieces
(4, -10, D:1)
  a +0 club
(7, 21, D:1)
  11 stones
(7, 23, D:1)
  a scroll of identify
(9, -2, D:1)
  a ration
(9, 1, D:1)
  a scroll of amnesia
(11, -12, D:1)
  a +0 mace
(12, 7, D:1)
  a potion of brilliance
(15, 14, D:1)
  a scroll of blinking
(16, -2, D:1)
  a +0 whip
(16, 10, D:1)
  18 arrows
(17, -15, D:1)
  a scroll of identify
(21, -20, D:1)
  10 gold pieces
(35, 8, D:1)
  a +0 club
(37, -14, D:1)
  25 bolts
(39, -4, D:1)
  6 stones
(49, -20, D:1)
  7 gold pieces
(57, 0, D:1)
  a ration
(59, 17, D:1)
  a potion of curing
(69, -18, D:1)
  a ration

