Hine

Level 1 of the Dungeon
(0, 0, D:1)
  a +0 club
(4, -4, D:1)
  a +0 club
(14, -2, D:1)
  a +0 club

Level 2 of the Dungeon
(0, 0, D:2)
  a +0 dagger
(4, 4, D:2)
  a +0 robe
(9, 13, D:2)
  a +0 robe
(17, -21, D:2)
  a scroll of immolation
(19, -15, D:2)
  a potion of curing

Level 3 of the Dungeon
(0, 0, D:3)
  a +0 club
(18, -34, D:3)
  a +0 dagger
(19, -10, D:3)
  a -2 ring of dexterity
  a +0 robe
(38, -8, D:3)
  a +0 whip
(44, -27, D:3)
  a +0 leather armour
(47, -7, D:3)
  a +0 dagger

Level 4 of the Dungeon
(6, -5, D:4)
  a +0 leather armour
(12, -2, D:4)
  a +0 dagger
(13, -3, D:4)
  a +0 whip
  a +0 mace
(20, -11, D:4)
  a +0 robe
  a +0 dagger
(25, 5, D:4)
  a +0 dagger
(28, -27, D:4)
  a +0 leather armour
(31, -14, D:4)
  a +0 war axe
(36, -17, D:4)
  a +0 whip
(36, -16, D:4)
  a +0 dagger
(40, -8, D:4)
  a +0 mace
  a +0 hand axe
(43, -11, D:4)
  a +0 hand axe

Level 5 of the Dungeon
(0, 0, D:5)
  a +0 robe
  a cursed -2 dagger
(22, -26, D:5)
  a +0 leather armour
  a +0 dagger
(22, -25, D:5)
  a +0 leather armour
  a +0 club
(37, 16, D:5)
  a +0 chain mail
(37, 18, D:5)
  a cursed +0 club
  a +0 leather armour
(47, 24, D:5)
  a +0 flail
(48, 23, D:5)
  a +0 club

Level 6 of the Dungeon
(0, 0, D:6)
  a +0 scale mail
(0, 7, D:6)
  a stone
(0, 8, D:6)
  2 stones
(0, 10, D:6)
  a stone
(1, 1, D:6)
  a +0 dagger
(12, 13, D:6)
  a +0 chain mail
(16, 10, D:6)
  a stone
(17, 9, D:6)
  a stone
(18, 12, D:6)
  a scroll of amnesia
(18, 17, D:6)
  4 gold pieces
(24, 11, D:6)
  a +0 ring mail

Level 7 of the Dungeon
(0, 0, D:7)
  2 scrolls of blinking
(38, 17, D:7)
  a +0 rapier

Level 8 of the Dungeon
(0, 0, D:8)
  a +0 scale mail
  a +0 dagger
  a +0 robe
(0, 1, D:8)
  a +0 chain mail
(2, 1, D:8)
  a +0 giant club
(4, -6, D:8)
  a +0 ring mail
(8, -1, D:8)
  a stone
(9, -1, D:8)
  a stone
(12, 0, D:8)
  a stone

