Icikumai

Level 1 of the Dungeon
(0, 0, D:1)
  7 gold pieces
(2, 2, D:1)
  7 gold pieces

Level 2 of the Dungeon
(0, 0, D:2)
  a ration
(7, -6, D:2)
  a scroll of identify

Level 4 of the Dungeon
(0, 0, D:4)
  a wand of random effects (16)
(5, 2, D:4)
  3 javelins
(10, 13, D:4)
  23 stones
(10, 22, D:4)
  16 stones
(12, 17, D:4)
  a scroll of identify
(16, 0, D:4)
  a ration
(17, 18, D:4)
  a potion of curing
(18, 4, D:4)
  a scroll of magic mapping
(19, -5, D:4)
  a scroll of magic mapping
(19, 20, D:4)
  a scroll of identify
(21, 38, D:4)
  6 gold pieces
(22, 33, D:4)
  a book of Frost
(27, 43, D:4)
  a +5 ring of evasion
(29, 26, D:4)
  8 gold pieces
(35, 5, D:4)
  23 bolts
(35, 25, D:4)
  a +0 naga barding
(40, 22, D:4)
  a scroll of immolation
(44, -1, D:4)
  a scroll of identify
(46, 8, D:4)
  a +4 scale mail
(46, 15, D:4)
  a scroll of enchant armour
(47, 1, D:4)
  a +0 leather armour
(50, -8, D:4)
  a scroll of blinking
(52, -5, D:4)
  a +0 leather armour
(54, 9, D:4)
  8 gold pieces
(55, 11, D:4)
  a scroll of teleportation
(58, 46, D:4)
  23 sling bullets

