Doggevy

Level 1 of the Dungeon
[Shop] Edajilong's Antique Armour Boutique
  quicksilver dragon scales (1080 gold)
[Shop] Rugiwapu's Weapon Shop
  a +2 rapier of protection (168 gold)
  15 stones (15 gold)
  a +3 shortbow of freezing (224 gold)
  19 stones (19 gold)
  a +2 hunting sling of freezing (147 gold)
  a +7 blowgun (395 gold)
  16 stones (16 gold)
  a +4 dire flail of protection (268 gold)
  29 sling bullets (145 gold)
  27 sling bullets (135 gold)
  a +2 halberd of venom (168 gold)
[Shop] Epazyl's Assorted Antiques
  a scroll of torment (210 gold)
  a box of beasts (560 gold)
  a box of beasts (560 gold)
  a potion of might (112 gold)
  a potion of curing (84 gold)
  a wand of flame (13) (210 gold)
  a potion of curing (84 gold)
  a scroll of identify (56 gold)
  a scroll of remove curse (84 gold)
  the +8 dagger "Xug Vyn" {speed, rElec Int+5} (1974 gold)
    Attacks with this weapon are significantly faster.
    
    It affects your intelligence (+5).
    It insulates you from electricity.
  a sack of spiders (560 gold)
  a scroll of remove curse (84 gold)
  a scroll of identify (56 gold)
[Shop] Bonydae's General Store
  a +2 helmet of intelligence (236 gold)
  a scroll of identify (22 gold)
  a manual of Earth Magic (1214 gold)
  14 sling bullets (77 gold)
  a +7 hand axe of electrocution (489 gold)
  a scroll of vulnerability (82 gold)
  26 arrows (57 gold)
  a scroll of remove curse (33 gold)
  a crystal ball of energy (220 gold)
  a scroll of identify (22 gold)
  a scroll of magic mapping (38 gold)
[Shop] Ilakhly's Weapon Emporium
  a +2 trident of pain (289 gold)
  a +2 short sword of protection (218 gold)
  the cursed +3 quarterstaff of the Firefly {crush, Str+8 Stlth-} (565 gold)
    It inflicts extra damage upon your enemies.
    
    It affects your strength (+8).
    It makes you less stealthy.
    It has a curse placed upon it.
  a +5 war axe of venom (436 gold)
  the +12 Vampire's Tooth {vamp} (840 gold)
    It inflicts no extra harm, but heals its wielder when it wounds a living
    foe.
  the +4 shortbow "Felob" {venom, rC+ Stlth+} (565 gold)
    It poisons the ammo it fires.
    
    It protects you from cold.
    It makes you more stealthy.
  a +0 war axe of flaming (116 gold)
  a +2 flail of protection (226 gold)
  a +0 rapier of flaming (128 gold)
  29 stones (40 gold)
[Shop] Kumam's Weapon Shop
  15 bolts (39 gold)
  a +1 longbow of freezing (196 gold)
  a +2 triple sword of draining (390 gold)
  a +4 war axe of flaming (367 gold)
  the +1 great sword "Dupouzek" {elec, rC++} (594 gold)
    Occasionally, upon striking a foe, it will discharge some electrical energy
    and cause terrible harm.
    
    It greatly protects you from cold.
  a +2 hunting sling of freezing (191 gold)
  a +3 flail of draining (302 gold)
  a +1 antimagic hand axe (208 gold)
  a +0 rapier of electrocution (156 gold)
  the +3 lajatang of Jinel {holy, rPois rN+} (746 gold)
    It has been blessed by the Shining One to cause great damage to the undead
    and demons.
    
    It protects you from poison.
    It protects you from negative energy.
  17 bolts (44 gold)
  20 stones (26 gold)
  26 arrows (67 gold)
  a +0 hunting sling of freezing (61 gold)
[Shop] Zoceum's General Store
  a +2 leather armour of fire resistance (266 gold)
  a +3 quarterstaff of protection (305 gold)
  a wand of disintegration (11) (210 gold)
  6 arrows (16 gold)
  a scroll of noise (14 gold)
  a scroll of noise (14 gold)
  +2 pearl dragon scales (1517 gold)
  a +1 vampiric battleaxe (371 gold)
  an uncursed ring of protection from magic (350 gold)
  a +1 quarterstaff of draining (198 gold)
  a +4 vampiric trident (455 gold)
  a ration (70 gold)
  the +5 scimitar "Nodysog" {slice, rPois MR+} (669 gold)
    It inflicts extra damage upon your enemies.
    
    It protects you from poison.
    It affects your resistance to hostile enchantments.
  19 stones (26 gold)
[Shop] Sesol's Antique Weapon Boutique
  the +4 dagger "Morg" {pain, MR+ Int+5} (817 gold)
    In the hands of one skilled in necromantic magic, it inflicts extra damage
    on living creatures.
    
    It affects your intelligence (+5).
    It affects your resistance to hostile enchantments.
[Shop] Larghi's Book Shoppe
  the Handbook of Summoning (975 gold)
    Spells                           Type                      Level
     a - Summon Small Mammal          Summoning                     1
     b - Call Imp                     Summoning                     2
     c - Recall                       Summoning/Translocation       3
     d - Summon Ice Beast             Ice/Summoning                 4
     e - Dragon's Call                Summoning                     9
  a book of the Dragon (1170 gold)
  a manual of Short Blades (1435 gold)
  a book of Beasts (715 gold)
  a book of Debilitation (520 gold)
  a book of Minor Magic (260 gold)
  a book of Unlife (845 gold)
  a book of Alchemy (975 gold)
  a book of Enchantments (650 gold)
  a book of Burglary (975 gold)
[Shop] Qosentat's Assorted Antiques
  a +3 leather armour of fire resistance (600 gold)
  a scroll of remove curse (75 gold)
  a wand of disintegration (9) (325 gold)
  a scroll of teleportation (75 gold)
  a wand of random effects (16) (225 gold)
  a potion of might (100 gold)
  a scroll of remove curse (75 gold)
  a scroll of identify (50 gold)
  an uncursed staff of cold (625 gold)
  a scroll of enchant armour (187 gold)
[Shop] Ukas's Weapon Boutique
  a +4 long sword of flaming (283 gold)
  5 needles of paralysis (30 gold)
  the cursed +1 hunting sling of the Warrior {freeze, Stlth+} (145 gold)
    It causes projectiles fired from it to freeze those they strike, causing
    extra injury to most foes and up to half again as much damage against
    particularly susceptible opponents. They can also slow down cold-blooded
    creatures.
    
    It makes you more stealthy.
    It has a curse placed upon it.
  a +0 eveningstar of protection (200 gold)
  a +3 hunting sling of flaming (197 gold)
  a +1 dagger of venom (94 gold)
  a +1 rapier of draining (142 gold)
  the +3 flail "Vabacu" {venom, +Inv Stlth+} (360 gold)
    It poisons the flesh of those it strikes.
    
    It lets you turn invisible.
    It makes you more stealthy.
  26 sling bullets (130 gold)
  3 poisoned tomahawks (30 gold)
  a +1 vampiric trident (175 gold)
[Shop] Neba's Antique Weapon Boutique
  a +5 giant spiked club (751 gold)
  the +8 demon trident "Rift" {distort, reach+} (2197 gold)
    It warps and distorts space around it. Unwielding it can cause banishment or
    high damage.
[Shop] Moetiji's Antique Weapon Emporium
  a +7 giant club (812 gold)
[Shop] Vaigu's Weapon Boutique
  19 stones (26 gold)
  the +7 eveningstar "Letraez" {flame, rC+ rN++ Str+3 Dex-5} (1152 gold)
    It has been specially enchanted to burn those struck by it, causing extra
    injury to most foes and up to half again as much damage against particularly
    susceptible opponents.
    
    It affects your strength (+3).
    It affects your dexterity (-5).
    It protects you from cold.
    It greatly protects you from negative energy.
  the cursed +3 quarterstaff "Kohyh" {crush, +Inv} (448 gold)
    It inflicts extra damage upon your enemies.
    
    It lets you turn invisible.
    It has a curse placed upon it.
  18 sling bullets (126 gold)
  15 stones (21 gold)
  a +2 whip of pain (254 gold)
  a +2 antimagic battleaxe (441 gold)
  a +2 dagger of venom (201 gold)
  the +6 rapier of Hitzes {pierce, MR+} (680 gold)
    It inflicts extra damage upon your enemies.
    
    It affects your resistance to hostile enchantments.
  a +1 mace of protection (148 gold)
  21 arrows (58 gold)
  24 sling bullets (168 gold)
[Shop] Yxufuf's Armour Shoppe
  a +2 leather armour of cold resistance (209 gold)
  the +1 scale mail "Vytem" {rElec Slay+2} (345 gold)
    It affects your accuracy and damage with ranged weapons and melee attacks
    (+2).
    It insulates you from electricity.
  a +2 scale mail of cold resistance (231 gold)
  a +1 plate armour of fire resistance (385 gold)
  the +6 scale mail "Resupn" {Dex+4} (543 gold)
    It affects your dexterity (+4).
  the cursed +1 ring mail of Negligence {rElec rC+ Dex+4 Slay+2} (481 gold)
    It affects your dexterity (+4).
    It affects your accuracy and damage with ranged weapons and melee attacks
    (+2).
    It protects you from cold.
    It insulates you from electricity.
    It has a curse placed upon it.
  a +2 chain mail of cold resistance (236 gold)
  the cursed +0 chain mail "Aroh Tetta" {Dex+4} (185 gold)
    It affects your dexterity (+4).
    It has a curse placed upon it.
  a +0 hat of magic resistance (121 gold)
  a +3 leather armour of cold resistance (264 gold)
  a +3 ring mail of poison resistance (253 gold)
  a +3 ring mail of magic resistance (286 gold)
  a +3 scale mail of cold resistance (286 gold)
  the cursed +1 ring mail "Oruzogib" {rN+} (189 gold)
    It protects you from negative energy.
    It has a curse placed upon it.
(0, 0, D:1)
  4 large rocks
(5, 7, D:1)
  2 potions of experience
(11, -21, D:1)
  17 arrows
(16, -22, D:1)
  a scroll of fear
(16, -16, D:1)
  4 gold pieces
(16, -6, D:1)
  7 gold pieces
(19, -28, D:1)
  a scroll of identify
(21, -23, D:1)
  a ration
(21, -21, D:1)
  24 stones
(23, -26, D:1)
  a ration
(30, 3, D:1)
  a scroll of magic mapping
(31, -25, D:1)
  7 gold pieces
(31, -9, D:1)
  a scroll of enchant armour
(31, 4, D:1)
  a +0 whip
(39, 6, D:1)
  a +1 spear of venom
  the +0 morningstar "Plog" {antimagic, MR+ MP+9}
    It reduces the magical energy of the wielder, and disrupts the spells and
    magical abilities of those hit. Natural abilities and divine invocations are
    not affected.
    
    It affects your resistance to hostile enchantments.
    It affects your magic capacity (+9).
  the +5 hunting sling "Dragon's Tongue" {velocity, rElec rPois MP-9 SInv}
    Any stone fired from it inflicts extra damage.
    
    It insulates you from electricity.
    It protects you from poison.
    It affects your magic capacity (-9).
    It lets you see invisible.
  a +4 blowgun
  a +6 quarterstaff
  a +3 longbow of freezing
  a +0 trident of venom
  a +2 triple sword of holy wrath
  a +2 mace of draining
  a +5 triple crossbow of flaming
  a +2 quarterstaff of crushing
(40, -28, D:1)
  a +0 spear
(40, -25, D:1)
  a scroll of random uselessness
(40, -19, D:1)
  5 gold pieces
(40, 6, D:1)
  a +1 chain mail of magic resistance
  a +0 shield
  a +0 war axe
  the +2 hand crossbow "Doggevy's Peril" {penet, +Fly rElec}
    Ammo fired by it will pass through the targets it hits, potentially hitting
    all targets in its path until it reaches maximum range.
    
    It insulates you from electricity.
    It lets you fly.
  a +2 war axe of flaming
  a +5 arbalest of velocity
  a +0 dagger of protection
  the +4 hunting sling of Doggevy's Bloody Death {venom, Int+4 Stlth+}
    It poisons the ammo it fires.
    
    It affects your intelligence (+4).
    It makes you more stealthy.
  a +0 falchion of slicing
  the cursed +2 shortbow "Kecraros" {velocity, rF+ rC+}
    Any arrow fired from it inflicts extra damage.
    
    It protects you from fire.
    It protects you from cold.
    It has a curse placed upon it.
  a +0 arbalest of freezing
  a +1 war axe of electrocution
  a scroll of identify
  a +1 plate armour of poison resistance
  a +2 ring mail of cold resistance
  the +0 troll leather armour "Emmoh" {rC+ rN+ Regen+ MP+9 Stlth-}
    It protects you from cold.
    It protects you from negative energy.
    It affects your magic capacity (+9).
    It increases your rate of regeneration.
    It makes you less stealthy.
  a +2 ring mail of fire resistance
  a +3 ring mail of fire resistance
  a +3 ring mail of poison resistance
  a potion of might
  a +0 scale mail
(42, 2, D:1)
  the +9 sword of Power
(42, 3, D:1)
  a +4 war axe of chopping
  a +3 quarterstaff of protection
  a +1 flail of holy wrath
  a +2 rapier of venom
  a +1 spear of piercing
  the +5 flail "Earthworm" {vamp, rElec rN+}
    It inflicts no extra harm, but heals its wielder when it wounds a living
    foe.
    
    It insulates you from electricity.
    It protects you from negative energy.
  a +3 whip of flaming
  a +0 rapier of protection
  a +0 quarterstaff of holy wrath
  a +2 vampiric rapier
(44, -18, D:1)
  13 gold pieces
(44, 6, D:1)
  the +10 lajatang "Hiubak" {vamp, MR+}
    It inflicts no extra harm, but heals its wielder when it wounds a living
    foe.
    
    It affects your resistance to hostile enchantments.
  a +2 broad axe of flaming
  a +3 lajatang of speed
  a +2 long sword of holy wrath
  the +6 scimitar of Cutz {freeze, rElec rPois Str+3}
    It has been specially enchanted to freeze those struck by it, causing extra
    injury to most foes and up to half again as much damage against particularly
    susceptible opponents. It can also slow down cold-blooded creatures.
    
    It affects your strength (+3).
    It insulates you from electricity.
    It protects you from poison.
  a +3 blowgun
  a +7 arbalest of flaming
(47, -24, D:1)
  a +0 dagger
(49, -12, D:1)
  a +0 ring mail
(49, 1, D:1)
  a ration
(49, 13, D:1)
  27 arrows
(51, -2, D:1)
  a +0 chain mail
(55, -34, D:1)
  a potion of agility
(56, -1, D:1)
  an uncursed amulet of magic regeneration
(57, -11, D:1)
  2 gold pieces
(58, -19, D:1)
  a scroll of random uselessness
(65, -11, D:1)
  2 scrolls of identify

