Vyburaam

Level 5 of the Abyss
(0, 0, Abyss:5)
  a potion of curing
(1, -19, Abyss:5)
  a scroll of identify
(6, -27, Abyss:5)
  a phial of floods
(11, -49, Abyss:5)
  a scroll of magic mapping
(13, -20, Abyss:5)
  a +0 morningstar of draining
(13, -18, Abyss:5)
  a potion of agility
(14, -43, Abyss:5)
  37 gold pieces
(14, -20, Abyss:5)
  a +0 leather armour
(15, -22, Abyss:5)
  21 stones
(17, -22, Abyss:5)
  a scroll of remove curse
(27, -47, Abyss:5)
  56 gold pieces
(31, -38, Abyss:5)
  a +0 ring mail
(32, -11, Abyss:5)
  3 gold pieces
(54, -12, Abyss:5)
  an uncursed ring of see invisible
(59, -32, Abyss:5)
  an abyssal rune of Zot
(60, -45, Abyss:5)
  14 arrows
(65, -39, Abyss:5)
  a potion of flight
(69, -23, Abyss:5)
  37 gold pieces

