Akoazonn

Level 10 of the Dungeon
(0, 0, D:10)
  a scroll of fog
(2, 1, D:10)
  14 stones
(3, 2, D:10)
  a kobold corpse
(4, 0, D:10)
  an orc corpse
(4, 1, D:10)
  a bullfrog corpse
  a rat corpse
  a hound corpse
  a giant cockroach corpse
  a giant cockroach corpse

Level 1 of the Orcish Mines
(0, 0, Orc:1)
  23 gold pieces
(5, 7, Orc:1)
  16 gold pieces
(6, 5, Orc:1)
  21 gold pieces
(7, -5, Orc:1)
  18 gold pieces
(12, -14, Orc:1)
  26 gold pieces
(12, -12, Orc:1)
  5 gold pieces
(13, -2, Orc:1)
  17 gold pieces
(14, -8, Orc:1)
  23 gold pieces
(16, -3, Orc:1)
  27 gold pieces
(17, -5, Orc:1)
  23 gold pieces
(19, -14, Orc:1)
  32 gold pieces
(20, -5, Orc:1)
  9 gold pieces
(20, 5, Orc:1)
  29 gold pieces
(21, 35, Orc:1)
  13 gold pieces
(25, 32, Orc:1)
  27 gold pieces
(26, 29, Orc:1)
  20 gold pieces
(27, 15, Orc:1)
  13 gold pieces
(28, 5, Orc:1)
  21 gold pieces
(30, -11, Orc:1)
  27 gold pieces
(30, 16, Orc:1)
  20 gold pieces
(32, 31, Orc:1)
  26 gold pieces

Level 5 of the Lair of Beasts
(0, 0, Lair:5)
  a wand of digging (8)
(6, -1, Lair:5)
  a scroll of holy word
(13, -2, Lair:5)
  a +3 amulet of reflection
(14, -24, Lair:5)
  a ration
(14, -23, Lair:5)
  a ration
(14, -22, Lair:5)
  a ration
(14, -21, Lair:5)
  a ration
(16, -24, Lair:5)
  a ration
(16, -23, Lair:5)
  a ration
(17, -24, Lair:5)
  a ration
(18, -18, Lair:5)
  a +0 leather armour
(19, -24, Lair:5)
  a ration
(19, -22, Lair:5)
  a ration
(23, 25, Lair:5)
  26 gold pieces
(27, -22, Lair:5)
  18 gold pieces
(27, -18, Lair:5)
  a porcupine corpse
  a wolf corpse
  a basilisk corpse
(27, 12, Lair:5)
  2 potions of agility
(30, 4, Lair:5)
  12 gold pieces
(41, -23, Lair:5)
  22 gold pieces
(41, -11, Lair:5)
  21 stones
(43, -27, Lair:5)
  17 gold pieces
(44, -17, Lair:5)
  a +6 ring of slaying
(54, 4, Lair:5)
  a +0 long sword
(56, 1, Lair:5)
  an uncursed ring of see invisible
(59, 0, Lair:5)
  a potion of agility
(59, 30, Lair:5)
  16 arrows
(60, 17, Lair:5)
  a black mamba corpse (skeletalised by now)
  (unseen)
(60, 18, Lair:5)
  a black mamba corpse (still there?)
  a spiny frog corpse (skeletalised by now) (still there?)
(61, -10, Lair:5)
  a scroll of amnesia
(61, 16, Lair:5)
  a water moccasin corpse (skeletalised by now) (still there?)
  an anaconda corpse (still there?)
(61, 17, Lair:5)
  a torpor snail corpse
  a wolf spider corpse
(61, 18, Lair:5)
  an alligator corpse (skeletalised by now)
(62, 2, Lair:5)
  13 gold pieces
(62, 16, Lair:5)
  a dire elephant corpse (skeletalised by now)
(62, 17, Lair:5)
  a water moccasin corpse
(62, 18, Lair:5)
  a dire elephant corpse (skeletalised by now)
(64, 29, Lair:5)
  a wand of clouds (7)
(66, 5, Lair:5)
  a scroll of fog
(72, 4, Lair:5)
  a potion of lignification

