Onkishrio

Level 1 of the Dungeon
(0, 0, D:1)
  a +0 dagger
(6, -12, D:1)
  a +0 club
(9, 9, D:1)
  a +0 short sword
(11, 10, D:1)
  a +0 club
(17, 9, D:1)
  a +0 dagger
(18, 2, D:1)
  a +0 spear
(37, 15, D:1)
  a +0 club

Level 2 of the Dungeon
(0, 0, D:2)
  a +0 club
(1, 25, D:2)
  a +0 short sword
(3, 1, D:2)
  a +0 mace
(9, 38, D:2)
  a +0 short sword
(14, 14, D:2)
  a +0 short sword
(19, 32, D:2)
  a +0 club
(31, 7, D:2)
  a +0 dagger

Level 3 of the Dungeon
(0, 0, D:3)
  a +0 spear
(23, 1, D:3)
  a +0 short sword
(26, -5, D:3)
  a +0 club
(27, -7, D:3)
  a +0 short sword
(31, 1, D:3)
  a +0 dagger
(43, -25, D:3)
  a +0 short sword
(45, -19, D:3)
  a +0 robe
  a +0 dagger
(45, -18, D:3)
  a +0 leather armour
  a +0 mace
(56, -7, D:3)
  a +0 dagger

Level 4 of the Dungeon
(0, 0, D:4)
  a +0 rapier
(4, -8, D:4)
  a +0 leather armour
  a +0 club
(5, -7, D:4)
  a +0 leather armour
(13, 15, D:4)
  a +0 mace
(19, -20, D:4)
  a +0 robe
(24, -28, D:4)
  a +0 ring mail
(24, 6, D:4)
  a +0 giant club
(35, -3, D:4)
  a +0 war axe
(37, -9, D:4)
  a +0 robe

Level 5 of the Dungeon
(0, 0, D:5)
  a +0 shortbow
(6, -4, D:5)
  a +0 dagger
(11, 8, D:5)
  the +4 leather armour "Mouw" {*Corrode rElec Str-2 Slay+4}
    It affects your strength (-2).
    It affects your accuracy and damage with ranged weapons and melee attacks
    (+4).
    It insulates you from electricity.
    It may corrode you when you take damage.
(11, 9, D:5)
  a ration
(11, 10, D:5)
  10 stones
(11, 11, D:5)
  a +0 leather armour
(11, 12, D:5)
  10 gold pieces
(26, -8, D:5)
  a +0 trident
(37, 7, D:5)
  a +0 ring mail
(44, 6, D:5)
  a cursed +0 halberd

