Vuheig

Level 1 of the Dungeon
(10, -3, D:1)
  a +0 ring mail
(10, -1, D:1)
  a potion of curing

Level 4 of the Realm of Zot
(0, 0, Zot:4)
  8 gold pieces
(18, 21, Zot:4)
  a +0 dire flail
(25, 29, Zot:4)
  a potion of haste

Level 5 of the Realm of Zot
(0, 0, Zot:5)
  a ration
(12, 13, Zot:5)
  a wand of disintegration (5)
(18, 16, Zot:5)
  a ration
(25, -18, Zot:5)
  a potion of brilliance
(26, 12, Zot:5)
  the Orb of Zot
(35, -11, Zot:5)
  a wand of acid (11)
(38, -19, Zot:5)
  3 scrolls of identify
(51, -15, Zot:5)
  2 potions of might
(52, -20, Zot:5)
  13 gold pieces
(54, -7, Zot:5)
  27 gold pieces

an ossuary
(0, 0, Ossuary)
  a scroll of identify
(0, 1, Ossuary)
  a potion of might
(1, -1, Ossuary)
  a scroll of enchant armour
(1, 1, Ossuary)
  a scroll of amnesia
(2, -1, Ossuary)
  2 scrolls of enchant weapon
(2, 0, Ossuary)
  a scroll of teleportation
(2, 1, Ossuary)
  a scroll of remove curse
(12, -9, Ossuary)
  a potion of mutation
(12, -8, Ossuary)
  a scroll of enchant armour
(12, -7, Ossuary)
  a scroll of acquirement
(12, 12, Ossuary)
  3 scrolls of blinking
(12, 13, Ossuary)
  a scroll of amnesia
(13, -7, Ossuary)
  a scroll of enchant armour
(13, 11, Ossuary)
  a cursed +2 ring of protection
(13, 13, Ossuary)
  a potion of brilliance
(14, -9, Ossuary)
  a potion of agility
(14, -8, Ossuary)
  a scroll of remove curse
(14, 11, Ossuary)
  a potion of haste
(14, 13, Ossuary)
  a scroll of identify

