Wierenio

Pandemonium
(0, 0, Pan)
  a +1 halberd of flaming
(5, -45, Pan)
  a +0 demon trident
(7, -11, Pan)
  24 gold pieces
(8, -28, Pan)
  25 gold pieces
(9, 5, Pan)
  a wand of polymorph (10)
(10, 4, Pan)
  a scroll of teleportation
(12, -16, Pan)
  a wand of random effects (9)
(13, -4, Pan)
  a scroll of identify
(14, -10, Pan)
  a potion of curing
(15, -19, Pan)
  a +3 scale mail
(17, -37, Pan)
  16 gold pieces
(19, -24, Pan)
  the ring of Uzxesaq {*Tele +Blink MR- Dex+4}
    [ring of teleportation]
    
    It may teleport you next to monsters.
    It affects your dexterity (+4).
    It affects your resistance to hostile enchantments.
    It lets you blink.
(19, -22, Pan)
  25 gold pieces
(19, -20, Pan)
  a +2 flail of protection
(19, -18, Pan)
  13 gold pieces
(19, -16, Pan)
  the +10 short sword of Muzyo {flame, rElec rC++}
    It has been specially enchanted to burn those struck by it, causing extra
    injury to most foes and up to half again as much damage against particularly
    susceptible opponents.
    
    It greatly protects you from cold.
    It insulates you from electricity.
(19, 5, Pan)
  6 stones
(21, -24, Pan)
  a scroll of teleportation
(21, -22, Pan)
  a gold piece
(21, -18, Pan)
  12 gold pieces
(21, -16, Pan)
  a scroll of enchant armour
(23, -24, Pan)
  an uncursed ring of ice
(23, -22, Pan)
  a +0 leather armour
(23, -20, Pan)
  a phantom mirror
(23, -18, Pan)
  27 arrows
(23, -16, Pan)
  the ring of Murab {rElec MR+ MP+9 Int-5 Dex+4}
    [ring of magical power]
    
    It affects your intelligence (-5).
    It affects your dexterity (+4).
    It insulates you from electricity.
    It affects your resistance to hostile enchantments.
    It affects your magic capacity (+9).
(35, -34, Pan)
  a potion of haste
(37, -2, Pan)
  a +0 scale mail
(40, -20, Pan)
  a wand of digging (4)
(40, -7, Pan)
  an uncursed staff of energy
(41, -31, Pan)
  29 sling bullets
(41, -10, Pan)
  a scroll of holy word
(44, -43, Pan)
  a +0 chain mail
(45, -21, Pan)
  a potion of curing
(47, -7, Pan)
  a +0 falchion
(48, -19, Pan)
  22 gold pieces
(49, -42, Pan)
  a scroll of teleportation
(51, 5, Pan)
  27 stones
(52, -22, Pan)
  a +0 rapier
(55, 0, Pan)
  a +0 glaive
(56, -26, Pan)
  13 stones
(57, -1, Pan)
  a potion of invisibility

