Cychaod

Level 1 of the Dungeon
(0, 0, D:1)
  a +0 club
(14, 7, D:1)
  a cursed -2 club
(23, 26, D:1)
  a +0 short sword
(35, 4, D:1)
  a +0 club
(38, -17, D:1)
  a +0 club
(39, 13, D:1)
  a +0 dagger
(40, 14, D:1)
  a +0 leather armour
(55, -24, D:1)
  a +0 club
(55, -7, D:1)
  a +0 club
(55, 20, D:1)
  a +0 club

Level 2 of the Dungeon
(10, 15, D:2)
  a +0 dagger
(29, 30, D:2)
  a +0 dagger
(39, 1, D:2)
  a +0 club

Level 3 of the Dungeon
(0, 0, D:3)
  a +0 club
(10, -19, D:3)
  a +0 club
  a +0 club
  a +0 club
  a +0 club
(14, -2, D:3)
  a +0 animal skin
  a +0 club
(24, 11, D:3)
  a +0 spear
(29, 6, D:3)
  a cursed -3 club
(29, 18, D:3)
  a +0 robe
  a +0 dagger
  a +0 short sword
(29, 20, D:3)
  a +0 leather armour
(31, -7, D:3)
  a +0 leather armour
(36, -6, D:3)
  a +0 club
(36, -4, D:3)
  a +0 short sword
(40, -26, D:3)
  a +0 whip
(41, -10, D:3)
  a cursed -2 club
(47, -8, D:3)
  a +0 whip
(47, -1, D:3)
  a +0 robe
(48, -10, D:3)
  a +0 whip

Level 4 of the Dungeon
(0, 0, D:4)
  a +0 ring mail

Level 5 of the Dungeon
(0, 0, D:5)
  a +0 quarterstaff
  a +0 great sword
(15, 38, D:5)
  a +0 whip
  a +0 dagger
  a +0 chain mail
  a +0 leather armour
(21, 13, D:5)
  a +0 robe
  a +0 dagger
(26, 20, D:5)
  a +0 hand axe
(26, 23, D:5)
  a +0 ring mail
(27, 24, D:5)
  a +0 dagger
  a +0 ring mail
(31, 13, D:5)
  a +0 hunting sling
(31, 14, D:5)
  a +0 dagger
(31, 15, D:5)
  a +0 quarterstaff
(40, 3, D:5)
  a +0 ring mail

Level 6 of the Dungeon
(0, 0, D:6)
  a +0 naga barding
(13, -16, D:6)
  a +0 club
(16, 3, D:6)
  a +0 giant club
(23, 16, D:6)
  a +0 flail
  an orc skeleton
(27, -6, D:6)
  a +0 leather armour
(27, 16, D:6)
  a +0 chain mail
  a +0 hand axe
(28, -9, D:6)
  18 stones
(28, 6, D:6)
  a hound skeleton
(28, 16, D:6)
  a jackal skeleton
(29, -7, D:6)
  a stone
(30, -25, D:6)
  a +0 short sword
(31, -8, D:6)
  a stone
(33, -9, D:6)
  a stone
(33, 0, D:6)
  a stone
(34, -1, D:6)
  a stone
(39, 1, D:6)
  13 gold pieces
(41, -18, D:6)
  a scroll of identify

the Ecumenical Temple

