Gaus

Level 1 of the Dungeon
(0, 0, D:1)
  3 gold pieces
(10, 8, D:1)
  a scroll of remove curse
(14, -29, D:1)
  a cursed -1 dagger
(14, -14, D:1)
  a cursed +0 leather armour
(16, -35, D:1)
  a +0 spear
(16, -32, D:1)
  a scroll of identify
(17, -1, D:1)
  19 stones
(17, 23, D:1)
  a +0 ring mail
(19, -30, D:1)
  16 bolts
(24, -24, D:1)
  a potion of berserk rage
(25, -9, D:1)
  7 gold pieces
(25, -8, D:1)
  a +0 ring mail
(27, 21, D:1)
  a +1 ring of evasion
(33, -2, D:1)
  a +0 whip
(34, 14, D:1)
  14 gold pieces
(39, -26, D:1)
  18 arrows
(40, 2, D:1)
  a potion of curing
(42, -10, D:1)
  a ration
(45, -12, D:1)
  a hydra corpse
  a hydra corpse
(46, -14, D:1)
  a throwing net
(47, -12, D:1)
  a hydra corpse
(47, -4, D:1)
  a ration
(49, 4, D:1)
  a ration

