Olimedgh

Level 1 of the Dungeon
(0, 0, D:1)
  a +0 dagger
(3, 1, D:1)
  a cursed +0 club
(3, 37, D:1)
  a +0 club
(15, 10, D:1)
  a +0 whip
(18, 29, D:1)
  a +0 dagger
(31, 45, D:1)
  a +0 dagger
(33, 23, D:1)
  a +0 dagger
(39, 26, D:1)
  a +0 club
(52, 9, D:1)
  a +0 club

Level 2 of the Dungeon
(0, 0, D:2)
  a +0 club
(1, 9, D:2)
  a +0 club
(1, 10, D:2)
  a +0 short sword
(2, -14, D:2)
  a +0 dagger
(3, 8, D:2)
  a +0 dagger
(14, -13, D:2)
  a +0 club
(21, -15, D:2)
  a +0 dagger
(27, 18, D:2)
  a +0 dagger
(34, 1, D:2)
  a +0 club
(43, 16, D:2)
  a cursed -3 ring of protection
  a +0 flail

Level 3 of the Dungeon
(0, 0, D:3)
  a +0 war axe
(6, 10, D:3)
  a +0 dagger
(11, -7, D:3)
  a +0 dagger
(12, -9, D:3)
  a +0 flail
(12, -5, D:3)
  a +0 dagger
(19, 8, D:3)
  a +0 dagger
(35, -18, D:3)
  6 bolts
  a +1 whip of freezing
(36, -12, D:3)
  a +0 club

Level 4 of the Dungeon
(0, 0, D:4)
  17 arrows
(4, -35, D:4)
  a +0 giant spiked club
(11, -11, D:4)
  a +0 robe
  a +0 ring mail
  a +0 dagger
  a +0 leather armour
  a +0 whip
(12, -13, D:4)
  a +0 dagger
(12, -12, D:4)
  a +0 flail
  a +0 robe
  a +0 dagger
(12, -11, D:4)
  a +0 robe
(13, -11, D:4)
  a +0 club
  a +0 hand axe
  a +0 leather armour
  a +0 flail
(16, -34, D:4)
  a +0 dagger
(22, -18, D:4)
  a +0 giant club
(27, 4, D:4)
  a +0 robe
(35, -20, D:4)
  a +0 mace
(41, -1, D:4)
  14 bolts

Level 5 of the Dungeon
(0, 0, D:5)
  14 arrows
(8, -23, D:5)
  a +0 pair of gloves
(12, 4, D:5)
  7 bolts
(29, 0, D:5)
  29 arrows
(32, 2, D:5)
  a +0 dagger
(43, -6, D:5)
  23 arrows

Level 6 of the Dungeon
(0, 0, D:6)
  a +0 hunting sling
(12, -24, D:6)
  23 arrows
(13, -6, D:6)
  a +0 dagger
(14, -5, D:6)
  a +0 chain mail
  a +0 club
(18, -39, D:6)
  12 arrows
(23, -39, D:6)
  a +0 leather armour
(23, -2, D:6)
  a +0 chain mail
(27, -36, D:6)
  a +0 robe
(27, -33, D:6)
  22 bolts
(31, -3, D:6)
  a +2 mace of crushing
  a +0 robe
  a +0 dagger
(33, -1, D:6)
  a +0 leather armour
(33, 1, D:6)
  a +0 falchion
(39, -13, D:6)
  10 poisoned needles
(47, -16, D:6)
  a manual of Short Blades
(49, -22, D:6)
  a cursed -2 club
  a +0 flail
(53, -25, D:6)
  a +0 short sword
  a +0 robe
(53, -12, D:6)
  a book of Geomancy
(54, -26, D:6)
  a +0 robe
  a +0 battleaxe
(54, -25, D:6)
  a +0 robe
  a +0 dagger
(55, -25, D:6)
  a +0 robe
  a +0 falchion
(57, -22, D:6)
  a +0 hand axe
(61, -28, D:6)
  a +0 scale mail

Level 7 of the Dungeon
(1, -2, D:7)
  a +0 battleaxe
(8, 6, D:7)
  a +0 spear
(11, -5, D:7)
  a +0 chain mail
(17, -34, D:7)
  a cursed +0 dagger
  a +0 robe
(19, -37, D:7)
  a +0 robe
(25, -12, D:7)
  11 arrows
  a +0 shortbow
(26, -14, D:7)
  an arrow
(27, -11, D:7)
  an arrow
(29, -11, D:7)
  an arrow
(31, -20, D:7)
  a +0 club
(34, 11, D:7)
  a +0 spear
(44, -7, D:7)
  a +0 pair of gloves
(44, -3, D:7)
  a -1 hunting sling
(46, 11, D:7)
  a +0 club
(49, -33, D:7)
  a +0 robe (still there?)
  a +0 dagger (still there?)
  a +0 plate armour (still there?)
  a +0 short sword (still there?)
(51, -10, D:7)
  14 bolts
(51, -3, D:7)
  a +0 hand axe

Level 8 of the Dungeon
(0, 0, D:8)
  a +0 shortbow
  20 arrows
(2, 28, D:8)
  a +0 dagger
(3, 24, D:8)
  a +0 dagger
  a cursed -1 animal skin
  a -1 glaive of chopping
(4, 19, D:8)
  a +0 whip
  a +0 dagger
  a +0 dagger
(5, 19, D:8)
  a +0 short sword
(6, 2, D:8)
  a +0 ring mail
(9, 5, D:8)
  a +0 quarterstaff
(9, 27, D:8)
  a +0 falchion
(11, 33, D:8)
  a throwing net
(11, 37, D:8)
  2 poisoned needles
(13, 30, D:8)
  a throwing net
(18, 28, D:8)
  a +0 giant club
(23, -7, D:8)
  a +0 trident
(25, 17, D:8)
  a +0 chain mail
  a +0 mace
(27, -4, D:8)
  a +0 glaive
(28, -7, D:8)
  a +0 dagger
  a +0 dagger
  a +0 club
(28, -6, D:8)
  a +0 club
(28, -4, D:8)
  a +0 dagger

Level 9 of the Dungeon
[Shop] Edissomo's Food Shoppe
  a ration (55 gold)
  a ration (55 gold)
  a ration (55 gold)
  a ration (55 gold)
  a ration (55 gold)
  a ration (55 gold)
  a ration (55 gold)
  a ration (55 gold)
  a ration (55 gold)
  a ration (55 gold)
  a ration (55 gold)
[Shop] Gaufiosm's Weapon Emporium
  a +0 broad axe (44 gold)
  a +0 hunting sling (16 gold)
  24 stones (26 gold)
  7 stones (7 gold)
  a +0 hunting sling (16 gold)
  a +0 war axe (38 gold)
  a +0 trident of distortion (117 gold)
  a +2 scythe of slicing (181 gold)
(0, 0, D:9)
  13 arrows
(2, 25, D:9)
  a +2 mace of protection
(2, 26, D:9)
  16 gold pieces
(3, -14, D:9)
  30 arrows
(17, -17, D:9)
  a +0 scale mail
  a +0 hand axe
(17, 15, D:9)
  a +0 hand axe
(22, 9, D:9)
  a +0 ring mail
  a +0 short sword
(23, 14, D:9)
  a +0 leather armour
(27, 4, D:9)
  a +0 chain mail
  a +0 glaive
(29, 2, D:9)
  21 arrows
  a +0 shortbow
(31, 2, D:9)
  an arrow
(32, 2, D:9)
  a +0 giant spiked club
(33, -12, D:9)
  a +0 robe
  a +0 dagger
(47, -1, D:9)
  a cursed +0 hand axe
(48, 1, D:9)
  a +0 chain mail
  a +0 halberd
(48, 11, D:9)
  a +0 long sword
  a +0 robe
(58, -8, D:9)
  26 arrows

Level 10 of the Dungeon
(0, 0, D:10)
  a +0 blowgun
(2, -3, D:10)
  a +0 chain mail
(11, 0, D:10)
  a +0 shield
  a +1 scale mail of fire resistance
(11, 4, D:10)
  a +0 giant spiked club
(12, -10, D:10)
  2 arrows
(12, -1, D:10)
  a +0 flail of holy wrath
(12, 0, D:10)
  a +0 vampiric scimitar
  a +3 broad axe
  a +4 dagger
(13, -11, D:10)
  an arrow
(13, -7, D:10)
  a +0 ring mail
  a +0 short sword
  18 bolts
  a +0 hand crossbow
  a +0 whip
  a +0 club
  a +0 blowgun
  a +0 giant spiked club
(13, 0, D:10)
  the cursed +1 dire flail "Xack" {drain, rElec Dex+3}
    A truly terrible weapon, it drains the life of those it strikes.
    
    It affects your dexterity (+3).
    It insulates you from electricity.
    It has a curse placed upon it.
    
    Elyvilon disapproves of the use of such an item.
(14, -10, D:10)
  an arrow
(14, -8, D:10)
  17 arrows
  a +0 shortbow
  a +0 whip
(14, 0, D:10)
  an uncursed ring of teleportation
  an uncursed staff of earth
  2 scrolls of amnesia
  a scroll of immolation
  a scroll of holy word
  a potion of mutation
  a scroll of vulnerability
  a scroll of magic mapping
  a scroll of enchant armour
(14, 1, D:10)
  a +1 ring of protection
(17, -11, D:10)
  a +0 club
(18, -27, D:10)
  a cursed +0 giant club
  a +0 giant club
(35, -1, D:10)
  a +0 leather armour

Level 11 of the Dungeon
(0, 0, D:11)
  a +0 leather armour
(15, -25, D:11)
  21 gold pieces
(18, -32, D:11)
  14 gold pieces
(19, -26, D:11)
  the ring "Vyhepn" {rC+ Stlth+}
    [ring of stealth]
    
    It protects you from cold.
    It makes you more stealthy.
(32, -19, D:11)
  a poisoned needle
(33, -18, D:11)
  2 poisoned needles
(34, -6, D:11)
  a +0 robe
(36, -15, D:11)
  a +0 robe
(42, -19, D:11)
  a +0 flail
(42, -2, D:11)
  a cursed +0 scale mail
(43, -1, D:11)
  a +0 war axe
(44, -1, D:11)
  a cursed +0 trident
  a cursed +0 leather armour
  a +0 flail
  a +0 chain mail
  a +0 short sword
  an uncursed amulet of faith
(45, -23, D:11)
  a +1 vampiric dagger
  a potion of haste
  a cursed +3 trident
  a +3 short sword
(45, -19, D:11)
  a +0 chain mail
  a +0 long sword
(45, -1, D:11)
  a +0 robe
(46, -24, D:11)
  a +1 robe of magic resistance
  a cursed +0 scimitar
(46, -19, D:11)
  a +0 chain mail
  a +0 club
(49, -14, D:11)
  a +0 mace

the Ecumenical Temple

Level 1 of the Lair of Beasts
(0, 0, Lair:1)
  a sling bullet
(1, 3, Lair:1)
  a sling bullet
(2, -10, Lair:1)
  a wand of clouds (5)
(7, -5, Lair:1)
  13 gold pieces

