Bewaef

Level 5 of the Abyss
(0, 0, Abyss:5)
  a potion of resistance
(0, 25, Abyss:5)
  2 scrolls of identify
(4, 11, Abyss:5)
  a lamp of fire
(14, 15, Abyss:5)
  the +5 long sword "Orb Guardian's Foe" {pain, rC++ rN+ MR-}
    In the hands of one skilled in necromantic magic, it inflicts extra damage
    on living creatures.
    
    It greatly protects you from cold.
    It protects you from negative energy.
    It affects your resistance to hostile enchantments.
(17, 5, Abyss:5)
  a +0 ring mail
(18, 2, Abyss:5)
  10 stones
(20, 18, Abyss:5)
  20 gold pieces
(23, -11, Abyss:5)
  19 gold pieces
(25, 15, Abyss:5)
  16 arrows
(25, 44, Abyss:5)
  an uncursed ring of magical power
(27, 29, Abyss:5)
  a potion of flight
(28, 8, Abyss:5)
  the +11 spear of Symmetry {flame, *Contam +Inv rElec}
    It has been specially enchanted to burn those struck by it, causing extra
    injury to most foes and up to half again as much damage against particularly
    susceptible opponents.
    
    It insulates you from electricity.
    It lets you turn invisible.
    It causes magical contamination when unequipped.
(29, -7, Abyss:5)
  40 gold pieces
(29, -4, Abyss:5)
  13 gold pieces
(30, 34, Abyss:5)
  28 gold pieces
(31, -5, Abyss:5)
  a +3 demon blade of venom
(31, 42, Abyss:5)
  13 arrows
(32, -4, Abyss:5)
  the +9 shadow dragon scales of Dawn {rElec rC+ Dex+4 Stlth++++}
    It affects your dexterity (+4).
    It protects you from cold.
    It insulates you from electricity.
    It makes you much more stealthy.
(32, 22, Abyss:5)
  a potion of ambrosia
(34, -4, Abyss:5)
  a scroll of silence
(37, 37, Abyss:5)
  a ration
(42, 8, Abyss:5)
  a lamp of fire
(44, 11, Abyss:5)
  a potion of ambrosia
(45, 11, Abyss:5)
  a scroll of brand weapon
(47, -3, Abyss:5)
  a cursed -3 ring of strength
(48, 15, Abyss:5)
  65 gold pieces
(48, 47, Abyss:5)
  a potion of berserk rage
(49, 46, Abyss:5)
  a +0 broad axe
(50, 31, Abyss:5)
  a scroll of summoning
(51, 3, Abyss:5)
  a phial of floods
(52, -13, Abyss:5)
  a +0 robe
(55, -16, Abyss:5)
  13 bolts
(55, -3, Abyss:5)
  29 gold pieces
(62, 24, Abyss:5)
  a fan of gales
(63, 3, Abyss:5)
  the +10 hand crossbow of Focus {venom, +Blink Str+4 Dex-3}
    It poisons the ammo it fires.
    
    It affects your strength (+4).
    It affects your dexterity (-3).
    It lets you blink.
(63, 33, Abyss:5)
  a potion of curing
(66, -10, Abyss:5)
  a ration
(67, 16, Abyss:5)
  a scroll of remove curse
(69, -15, Abyss:5)
  21 arrows
(70, -5, Abyss:5)
  a +0 flail
(71, -5, Abyss:5)
  a +0 scale mail
(71, 23, Abyss:5)
  a scroll of identify
(73, -8, Abyss:5)
  31 gold pieces
(74, -13, Abyss:5)
  57 gold pieces
(74, -7, Abyss:5)
  33 gold pieces

