Ligygraj

Level 1 of the Dungeon
(0, 0, D:1)
  a scroll of identify
(5, 0, D:1)
  a scroll of teleportation
(9, -7, D:1)
  a ration
(12, 14, D:1)
  a potion of experience
(13, -7, D:1)
  a +0 mace
(16, -4, D:1)
  10 gold pieces
(16, 10, D:1)
  a +0 club
  (unseen)
(16, 11, D:1)
  a +0 halberd (still there?)
  a gnoll corpse (still there?)
(16, 12, D:1)
  a +0 spear (still there?)
  a gnoll corpse (still there?)
(16, 13, D:1)
  a +0 flail (still there?)
  a +2 halberd of protection (still there?)
(16, 14, D:1)
  a +0 halberd
  (unseen)
(17, 10, D:1)
  a +0 spear
  (unseen)
(17, 11, D:1)
  a +0 spear
(17, 12, D:1)
  a cursed +0 club
  a +0 spear
  a +0 flail
  a gnoll skeleton
  a gnoll corpse
  a gnoll corpse
(17, 13, D:1)
  a +0 club (still there?)
  a +0 whip (still there?)
(17, 14, D:1)
  a +0 whip (still there?)
  a +0 spear (still there?)
(18, 10, D:1)
  a +0 halberd (still there?)
  a +0 flail (still there?)
(18, 11, D:1)
  a +0 whip
  (unseen)
(18, 13, D:1)
  a +0 whip (still there?)
  a +0 club (still there?)
(18, 14, D:1)
  a +0 flail
  (unseen)
(19, 10, D:1)
  a +0 spear (still there?)
  a +0 whip (still there?)
(19, 11, D:1)
  a +0 spear (still there?)
  a gnoll corpse (still there?)
(19, 12, D:1)
  a +0 halberd (still there?)
  a cursed +0 halberd (still there?)
(19, 13, D:1)
  a +0 club (still there?)
  a cursed +0 halberd (still there?)
(19, 14, D:1)
  a +0 flail
  (unseen)
(20, 10, D:1)
  a +0 club
  (unseen)
(20, 11, D:1)
  a +0 club (still there?)
  a +0 whip (still there?)
(20, 12, D:1)
  a +2 spear of pain
  (unseen)
(20, 13, D:1)
  a +0 spear (still there?)
  a +0 club (still there?)
(20, 14, D:1)
  a +0 spear (still there?)
  a +1 spear of venom (still there?)
(26, 1, D:1)
  15 arrows
(28, 0, D:1)
  a potion of invisibility
(28, 1, D:1)
  a ration
(34, -7, D:1)
  24 stones
(35, -11, D:1)
  a scroll of amnesia
(35, -6, D:1)
  a potion of heal wounds
(46, -8, D:1)
  a +0 dagger
(46, -2, D:1)
  a scroll of amnesia
(46, 22, D:1)
  a +0 spear
(47, 30, D:1)
  a +0 leather armour
(49, 30, D:1)
  an uncursed ring of protection from cold
(54, 5, D:1)
  27 stones
(58, -4, D:1)
  a +0 scale mail
(60, 10, D:1)
  a +0 leather armour
(60, 24, D:1)
  16 bolts

