Yqionept

Level 1 of the Dungeon
(1, -18, D:1)
  a +0 leather armour
(2, -13, D:1)
  a +0 whip
(4, 0, D:1)
  a +0 club
(5, 5, D:1)
  a +0 dagger
(5, 6, D:1)
  a +0 club
  a +0 leather armour
(11, 11, D:1)
  a cursed -1 club
(15, 12, D:1)
  a +0 club
(22, -18, D:1)
  a +0 short sword
(25, -18, D:1)
  a +0 spear
(27, 5, D:1)
  a +0 club
(27, 6, D:1)
  a +0 club
(39, -24, D:1)
  a +0 ring mail
(41, -22, D:1)
  a +0 chain mail
(42, -23, D:1)
  a cursed -2 dagger
(44, -15, D:1)
  a +0 mace
  a +0 helmet
  a +0 animal skin
  a +0 dagger

Level 2 of the Dungeon
(0, 0, D:2)
  a +0 leather armour
(0, 10, D:2)
  a +0 dagger
(1, 40, D:2)
  a +0 dagger
(16, 30, D:2)
  a +0 club
(25, -12, D:2)
  a +0 ring mail
(33, 2, D:2)
  a +0 ring mail
(33, 28, D:2)
  a cursed +0 club
(33, 31, D:2)
  a +0 club
  a +0 club
(36, 26, D:2)
  a +0 dagger
(36, 35, D:2)
  a +0 dagger
(39, 24, D:2)
  a +0 club
(54, 32, D:2)
  a +0 club
(57, 25, D:2)
  a +0 leather armour
  a +0 whip
(57, 44, D:2)
  a +0 hand axe

Level 3 of the Dungeon
(0, 0, D:3)
  a +0 dagger
(4, 4, D:3)
  a +0 giant spiked club
(12, 29, D:3)
  a +0 ring mail
(13, 29, D:3)
  a +0 leather armour
  a +0 short sword
(14, 28, D:3)
  a +0 chain mail
  a +0 chain mail
  a +0 short sword
(15, -8, D:3)
  a cursed +0 leather armour
  a +0 dagger
(15, 33, D:3)
  a +0 leather armour
(15, 35, D:3)
  a +0 robe
  a +0 dagger
(17, 14, D:3)
  a +0 scale mail
  a +0 short sword
(18, 19, D:3)
  a +0 scale mail
  a +0 club
(18, 27, D:3)
  a +0 club
(22, 25, D:3)
  a +0 dagger
(25, 4, D:3)
  a +0 dagger
  a +0 leather armour
(28, 9, D:3)
  a +0 leather armour
(29, 38, D:3)
  a +0 club
(34, 1, D:3)
  a +0 whip
(37, -9, D:3)
  a +0 dagger
(40, -4, D:3)
  a +0 robe
(43, 4, D:3)
  a +0 mace

Level 4 of the Dungeon
(0, 0, D:4)
  a +0 mace
(1, -6, D:4)
  a +0 dagger
  a +0 robe
(6, 33, D:4)
  a +0 leather armour
(7, 50, D:4)
  a +0 club
  a +0 club
  a +0 hunting sling
(9, 51, D:4)
  a cursed +0 hunting sling
(13, 24, D:4)
  a +0 club
(14, 50, D:4)
  a +0 club
(15, 50, D:4)
  a +0 club
(16, 6, D:4)
  a cursed +0 leather armour
(17, 37, D:4)
  a +0 club
(19, 6, D:4)
  a +0 club
(19, 28, D:4)
  a +0 hunting sling
(19, 49, D:4)
  a +0 club
(20, 49, D:4)
  a +0 hunting sling
  a +0 club
  a cursed +0 club
(21, 29, D:4)
  a +0 giant club
(22, 6, D:4)
  a +0 whip
(23, 31, D:4)
  a +0 club
(23, 32, D:4)
  a +0 club
(23, 33, D:4)
  a +0 club
(23, 34, D:4)
  a +0 halberd
  a gnoll corpse
(23, 35, D:4)
  a +0 club
(23, 36, D:4)
  a +0 club
(26, 48, D:4)
  a +0 mace
(27, 39, D:4)
  a stone (still there?)
  a +0 club (still there?)
(27, 47, D:4)
  a +0 club
(28, 39, D:4)
  a stone
(28, 40, D:4)
  a stone
(28, 41, D:4)
  a stone (still there?)
  a +0 spear (still there?)
(28, 42, D:4)
  a +0 club
(29, 42, D:4)
  a stone (still there?)
  a +0 club (still there?)
  a +0 club (still there?)
(29, 44, D:4)
  a +0 club
  a +0 hunting sling
(30, 43, D:4)
  a +0 spear
(30, 44, D:4)
  a +0 hunting sling
  a cursed -3 hunting sling
  a +0 hunting sling
(31, 46, D:4)
  a +0 club
(32, 40, D:4)
  a +0 spear
(32, 47, D:4)
  a hobgoblin skeleton
(32, 48, D:4)
  a +0 hunting sling
  a goblin corpse (skeletalised by now)
(34, 49, D:4)
  a +0 club
(35, 48, D:4)
  a stone
(37, 48, D:4)
  a +0 club
(38, 48, D:4)
  a +0 hunting sling (still there?)
  a stone (still there?)
(39, 48, D:4)
  a stone (still there?)
  a +0 club (still there?)
(40, 49, D:4)
  a stone
(41, -4, D:4)
  a +0 short sword
  a big kobold corpse (skeletalised by now)
(41, 37, D:4)
  a +0 club
(41, 49, D:4)
  a stone
(42, 48, D:4)
  3 stones
(42, 49, D:4)
  a stone
(44, 48, D:4)
  a stone
(46, 47, D:4)
  a stone
(46, 48, D:4)
  a stone
(47, 25, D:4)
  a +0 giant club
(47, 48, D:4)
  a stone
(48, 17, D:4)
  a +0 short sword
  a +0 robe
  a +0 dagger
(48, 48, D:4)
  a stone
(49, 47, D:4)
  a stone
(49, 48, D:4)
  a +0 hunting sling
  (unseen)
(52, -8, D:4)
  a +2 helmet
(56, 36, D:4)
  a +0 club

