Nuhidgh Liopp

Level 1 of the Dungeon
(0, 0, D:1)
  a +0 whip
(4, -8, D:1)
  an orc skeleton
(9, -5, D:1)
  a +0 dagger
(16, 6, D:1)
  a cursed -3 whip
(32, -7, D:1)
  a +0 club
  a +0 club
(41, 14, D:1)
  a +0 dagger
(43, 9, D:1)
  a +0 club
(44, 15, D:1)
  a +0 dagger
(53, -10, D:1)
  a +0 club

Level 2 of the Dungeon
(0, 0, D:2)
  a +0 club
(8, -13, D:2)
  2 stones
(13, -11, D:2)
  a stone
(17, -15, D:2)
  a stone
(23, -18, D:2)
  a +0 dagger
(28, -21, D:2)
  a stone
(29, -22, D:2)
  a stone
(37, -24, D:2)
  a stone
(39, -24, D:2)
  a stone
(40, -24, D:2)
  a stone
(40, -9, D:2)
  a +0 club
  a kobold corpse (skeletalised by now)
(41, -24, D:2)
  a stone
(42, 11, D:2)
  a scroll of identify
(43, 23, D:2)
  a +0 club
(44, -23, D:2)
  a +0 flail
  a +0 ring mail

