Xytautz

Level 1 of the Dungeon
(0, 0, D:1)
  a potion of heal wounds
(2, -4, D:1)
  a scroll of immolation
(4, 4, D:1)
  a +0 hand axe
  (unseen)
(5, -9, D:1)
  a scroll of remove curse
(6, 3, D:1)
  10 gold pieces
(8, -3, D:1)
  a +0 trident
  (unseen)
(8, 2, D:1)
  a +0 hand axe
(9, -7, D:1)
  a +0 hand axe
  (unseen)
(9, -6, D:1)
  a +0 whip
(9, -5, D:1)
  a +0 dagger
  (unseen)
(9, -4, D:1)
  a cursed +0 club
  a +0 scale mail
(9, -3, D:1)
  a potion of haste
(10, -2, D:1)
  an orc corpse
(10, -1, D:1)
  a +0 hunting sling
(13, -3, D:1)
  a +0 short sword
  (unseen)

