Teuhaihem

Level 1 of the Dungeon
(0, 0, D:1)
  a yaktaur skeleton
(0, 1, D:1)
  an ice dragon skeleton
(1, 0, D:1)
  a crocodile skeleton
(1, 1, D:1)
  a shadow dragon skeleton
(1, 2, D:1)
  a frost giant skeleton
(3, -2, D:1)
  Kikubaaqudgha's Handbook of Necromancy
    Spells                           Type                      Level
     a - Excruciating Wounds          Charms/Necromancy             5
     b - Bolt of Draining             Conjuration/Necromancy        5
     c - Borgnjor's Vile Clutch       Necromancy/Earth              5
     d - Dispel Undead                Necromancy                    5
     e - Simulacrum                   Ice/Necromancy                6
  Kikubaaqudgha's Collected Works on Darkness
    Spells                           Type                      Level
     a - Animate Skeleton             Necromancy                    1
     b - Pain                         Necromancy                    1
     c - Corpse Rot                   Necromancy                    2
     d - Vampiric Draining            Necromancy                    3
(4, 0, D:1)
  15 arrows

