Aneulugg

Level 1 of the Dungeon
(0, 0, D:1)
  a potion of degeneration
(18, 0, D:1)
  a +0 club
(19, 19, D:1)
  a +0 plate armour
(20, 37, D:1)
  a +0 plate armour
(22, 0, D:1)
  a +0 ring mail
(46, 17, D:1)
  a +0 club
(50, 4, D:1)
  a +0 robe
(52, 9, D:1)
  a +0 robe
(59, 1, D:1)
  a cursed -3 club

Level 2 of the Dungeon
(0, 0, D:2)
  a +0 dagger
  a cursed -2 robe
(13, 25, D:2)
  a +0 mace
(22, 21, D:2)
  a +0 helmet
(52, -5, D:2)
  a +0 club
(52, -4, D:2)
  a +0 club
(57, 35, D:2)
  a +0 chain mail

Level 3 of the Dungeon
(1, -4, D:3)
  a +0 whip
  a +0 hunting sling
  a cursed +0 robe
(13, 10, D:3)
  a +0 dagger
(15, 6, D:3)
  a +0 ring mail
(34, 23, D:3)
  a +0 club
(38, 6, D:3)
  a +0 club
(46, 12, D:3)
  a cursed -3 dagger
(49, 4, D:3)
  a +0 club
(53, 15, D:3)
  a +0 club

Level 4 of the Dungeon
(6, -21, D:4)
  a +0 flail
(41, -19, D:4)
  a +0 hand axe
(41, -9, D:4)
  a +0 mace

Level 5 of the Dungeon
(0, 0, D:5)
  a +0 leather armour
(8, 3, D:5)
  a +0 flail
(8, 9, D:5)
  a potion of degeneration
(23, 1, D:5)
  4 large rocks
(30, -12, D:5)
  a +0 dagger
  a +0 robe
  a +0 leather armour
  a +0 short sword
(30, -10, D:5)
  a +0 falchion
(35, 24, D:5)
  a +0 war axe
  a +0 chain mail
(37, 27, D:5)
  a +0 flail
(41, 2, D:5)
  a +0 short sword
(41, 7, D:5)
  a +0 chain mail
  a +0 dagger
(41, 25, D:5)
  a -2 long sword
(42, 24, D:5)
  a +1 robe
  a +0 spear
  a +0 ring mail
(43, -4, D:5)
  a +0 giant spiked club
(43, 0, D:5)
  a +0 flail
(44, -1, D:5)
  a +0 flail
(45, 6, D:5)
  a +0 dagger
(45, 14, D:5)
  a +0 dagger

Level 6 of the Dungeon
[Shop] Tiecris's Magic Scroll Emporium
  a scroll of identify (28 gold)
  a scroll of noise (14 gold)
(0, 0, D:6)
  a +0 leather armour
  a +0 whip
(10, -9, D:6)
  a +0 halberd
(11, -17, D:6)
  a +0 ring mail
(15, -18, D:6)
  a +0 spear
(15, -10, D:6)
  a +0 leather armour
  a +0 whip
(23, -6, D:6)
  a +0 buckler
  a +0 scale mail
(24, 10, D:6)
  a +0 spear
(28, 7, D:6)
  a +0 whip
(31, 3, D:6)
  a +0 chain mail
  a +0 battleaxe
(32, -1, D:6)
  a +0 spear
(33, 2, D:6)
  a +0 leather armour
  a +0 trident
(34, 11, D:6)
  a +0 halberd
(38, -9, D:6)
  a +0 robe
  a +0 dagger
(39, 18, D:6)
  a +0 robe
  a +0 dagger
(43, 21, D:6)
  a +0 ring mail
  a +0 falchion
(44, 11, D:6)
  a +0 flail
(48, -8, D:6)
  a +0 broad axe
  a +0 shortbow
(56, 3, D:6)
  a +0 leather armour
  a +0 club
(56, 20, D:6)
  a +0 ring mail
(57, 13, D:6)
  a +0 quarterstaff
(58, 9, D:6)
  a +0 halberd
(59, 11, D:6)
  a +0 flail
(64, 13, D:6)
  a +0 leather armour

Level 7 of the Dungeon
(0, 0, D:7)
  a +0 war axe
(7, 7, D:7)
  a +0 rapier
  a +0 robe
(10, 4, D:7)
  a +0 spear
(10, 5, D:7)
  a +0 club
  a +0 robe
(10, 6, D:7)
  a +0 spear
(17, 10, D:7)
  a +0 giant spiked club
(18, -3, D:7)
  a +0 leather armour
(18, 26, D:7)
  a +0 dagger
(21, -1, D:7)
  a +0 scale mail
  a +0 hand axe
(22, -2, D:7)
  a cursed +0 whip
(25, 19, D:7)
  a +0 robe
(31, 10, D:7)
  a +0 robe
  a cursed +1 mace of freezing
(33, 19, D:7)
  a +0 robe
  a +0 dagger
(37, 10, D:7)
  a +0 robe
(39, 15, D:7)
  a +0 dagger
(45, 16, D:7)
  a +0 leather armour
  a +0 hand axe

Level 8 of the Dungeon
(0, 0, D:8)
  a +0 leather armour
(16, 36, D:8)
  a +0 flail
(23, 10, D:8)
  a +0 scale mail
(25, -8, D:8)
  a +0 hand axe
(25, -6, D:8)
  a +0 dagger
(25, -4, D:8)
  a +0 hand axe
(26, -26, D:8)
  a +0 spear
(26, -5, D:8)
  a +0 chain mail
  a +0 battleaxe
(26, 5, D:8)
  a cursed +0 robe
(32, 5, D:8)
  a +0 chain mail
(35, 12, D:8)
  a +0 shortbow
(35, 27, D:8)
  a +0 dagger

Level 9 of the Dungeon
(0, 0, D:9)
  a +0 shortbow
(8, 0, D:9)
  a +0 giant spiked club
  a +0 giant club
(10, -19, D:9)
  a +0 hunting sling
(14, 18, D:9)
  a +0 giant club
  a +0 giant club
(16, -31, D:9)
  a +0 chain mail
(17, -8, D:9)
  a +0 leather armour
  a +3 scale mail
  a +0 large shield
(18, -8, D:9)
  6 tomahawks of dispersal
  a +3 whip of holy wrath
  103 bolts
  a +3 hand crossbow
  a +1 spear of freezing
  a +2 long sword
  a +1 short sword of holy wrath
  a +1 scimitar
  a +3 dagger
(19, -9, D:9)
  a +1 quarterstaff of crushing
(19, -8, D:9)
  a +4 great sword
(20, -8, D:9)
  a scroll of torment
  an uncursed amulet of harm
  a potion of mutation
  2 scrolls of noise
  3 scrolls of amnesia
  a scroll of immolation
  a scroll of fog
  2 scrolls of vulnerability
  a +3 ring of evasion
  an uncursed ring of teleportation
(21, 17, D:9)
  a scroll of random uselessness
(26, 19, D:9)
  a +0 giant spiked club
  a +0 giant club
(27, 16, D:9)
  a cursed -2 quarterstaff
  a +0 shortbow
(28, 4, D:9)
  a +0 giant spiked club
(31, 2, D:9)
  a +0 shortbow
(40, 11, D:9)
  a +0 ring mail

Level 10 of the Dungeon
(0, 0, D:10)
  a +0 hand axe
(3, 39, D:10)
  a +0 giant spiked club
(4, 28, D:10)
  a +0 ring mail
(9, 18, D:10)
  a +0 scale mail
(13, 14, D:10)
  a +0 chain mail
(14, 18, D:10)
  a +0 club
(20, 14, D:10)
  a +0 ring mail
(21, -1, D:10)
  a +0 robe
  a +2 mace
(21, 38, D:10)
  a +0 mace
(22, -7, D:10)
  a +0 robe
  a cursed -1 war axe
  a +0 robe
(22, -2, D:10)
  a +0 robe
  a cursed +5 spear
(22, 1, D:10)
  a +0 short sword
(22, 4, D:10)
  a +0 robe
(29, -8, D:10)
  a +0 giant spiked club
(32, -5, D:10)
  a +0 short sword
(32, -3, D:10)
  a +0 club
(33, 23, D:10)
  a +0 ring mail
  a +0 dagger
(33, 39, D:10)
  a +0 ring mail
(34, -8, D:10)
  a +0 falchion
  a +0 robe
(34, 21, D:10)
  a +0 leather armour
  a +0 club
(35, 21, D:10)
  a +0 ring mail
  a +0 hand axe
(40, 36, D:10)
  a +0 giant spiked club

Level 11 of the Dungeon
[Shop] Esead's Antique Weapon Boutique
  a +0 trident (94 gold)
  a +0 falchion (81 gold)
  a +0 club (27 gold)
  a +0 falchion (81 gold)
  a +0 arbalest (121 gold)
  a +0 hunting sling (40 gold)
  a +0 club (27 gold)
  a +0 flail (94 gold)
  a +0 club (27 gold)
  a +0 dagger (54 gold)
  a +0 hand axe (81 gold)
  a cursed -1 hand axe (2 gold)
  a +0 shortbow (81 gold)
[Shop] Omytonk's Weapon Emporium
  a +0 glaive (84 gold)
  a +2 broad axe of electrocution (286 gold)
  a +2 dagger of venom (187 gold)
  18 stones (23 gold)
  a +3 broad axe of chopping (299 gold)
  a +0 dagger (26 gold)
  the +8 quarterstaff "Buuloi Fiet" {flame, rElec rC- Int+4 SInv} (868 gold)
    It has been specially enchanted to burn those struck by it, causing extra
    injury to most foes and up to half again as much damage against particularly
    susceptible opponents.
    
    It affects your intelligence (+4).
    It makes you vulnerable to cold.
    It insulates you from electricity.
    It lets you see invisible.
  a +0 rapier (52 gold)
  7 poisoned needles (36 gold)
  15 sling bullets (97 gold)
  13 bolts (33 gold)
(0, 0, D:11)
  a +0 long sword
(10, -34, D:11)
  a +0 scale mail
(20, -45, D:11)
  a +0 plate armour
(27, -20, D:11)
  a +0 giant club
(33, -22, D:11)
  a cursed -3 long sword
(47, -28, D:11)
  a large rock
(51, -29, D:11)
  a large rock
(52, -28, D:11)
  a large rock

the Ecumenical Temple

Level 1 of the Lair of Beasts
(0, 0, Lair:1)
  a +0 robe
(3, 28, Lair:1)
  a +0 robe
(16, 18, Lair:1)
  a +0 flail

Level 2 of the Lair of Beasts
(0, 0, Lair:2)
  a +2 ring of protection
(5, 6, Lair:2)
  a ration
(8, -2, Lair:2)
  4 inedible chunks of flesh
(9, -4, Lair:2)
  a sling bullet
(11, 5, Lair:2)
  an uncursed ring of protection from fire
(11, 18, Lair:2)
  a scroll of fog
(12, 10, Lair:2)
  a sling bullet
(12, 21, Lair:2)
  4 needles of sleeping
(13, -1, Lair:2)
  21 gold pieces
(13, 27, Lair:2)
  20 gold pieces
(14, -1, Lair:2)
  2 inedible chunks of flesh
(16, 26, Lair:2)
  a sling bullet (still there?)
  a +0 ring mail (still there?)
(16, 27, Lair:2)
  a sling bullet
(18, 15, Lair:2)
  11 poisoned needles
(20, -1, Lair:2)
  a potion of resistance
(26, 4, Lair:2)
  a scroll of enchant armour
(52, 9, Lair:2)
  18 gold pieces

