Zafuar

Level 1 of the Dungeon
(0, 0, D:1)
  15 gold pieces
(2, -4, D:1)
  a +0 whip
(9, -31, D:1)
  a ration
(10, -33, D:1)
  a +0 spear
(11, -31, D:1)
  a +0 robe
(11, -22, D:1)
  a +0 mace
(11, -10, D:1)
  a scroll of identify
(12, -8, D:1)
  a potion of curing
(13, -11, D:1)
  9 gold pieces
(14, -4, D:1)
  a ration
(16, -15, D:1)
  26 stones
(23, -7, D:1)
  a potion of curing
(25, 4, D:1)
  an uncursed amulet of rage
(27, -31, D:1)
  a +0 hunting sling
(30, -24, D:1)
  10 gold pieces
(30, 0, D:1)
  a scroll of noise
(32, 0, D:1)
  a potion of ambrosia
(34, -4, D:1)
  13 stones
(42, -26, D:1)
  a potion of resistance
(42, 5, D:1)
  a potion of haste

Level 2 of the Dungeon
(0, 0, D:2)
  a +0 dagger
(0, 1, D:2)
  2 poisoned needles
(13, 17, D:2)
  4 gold pieces
(27, 24, D:2)
  a scroll of enchant armour
(28, 20, D:2)
  a cursed +0 leather armour
(30, 22, D:2)
  8 gold pieces
(36, 17, D:2)
  a +0 whip

Level 3 of the Dungeon
(0, 0, D:3)
  a +0 robe
(2, 6, D:3)
  a scarf of cloud immunity
(6, 11, D:3)
  20 arrows
(6, 22, D:3)
  22 stones
(10, 26, D:3)
  a ration
(11, 11, D:3)
  a +0 pair of gloves
(11, 28, D:3)
  13 gold pieces
(12, 25, D:3)
  a scroll of identify
(12, 26, D:3)
  a ration
(12, 44, D:3)
  a scroll of remove curse
(14, 35, D:3)
  a ration
(18, 22, D:3)
  8 gold pieces
(21, 8, D:3)
  a +0 scale mail
(22, 31, D:3)
  17 stones
(23, 1, D:3)
  14 gold pieces
(23, 11, D:3)
  2 potions of curing
(24, -3, D:3)
  a scroll of teleportation
(24, 45, D:3)
  16 stones
(25, 37, D:3)
  a potion of mutation
(26, 29, D:3)
  a +0 leather armour
(27, 28, D:3)
  a scroll of amnesia
(30, 5, D:3)
  a +0 pair of gloves
(31, 7, D:3)
  a ration
(32, 43, D:3)
  a scroll of remove curse
(39, 21, D:3)
  a scroll of noise
(41, 29, D:3)
  an uncursed ring of protection from fire
(43, 28, D:3)
  a scroll of identify
(50, 7, D:3)
  5 tomahawks
(52, 2, D:3)
  a potion of curing
(54, 13, D:3)
  12 poisoned needles
(57, 4, D:3)
  a ration

Level 4 of the Dungeon
(0, 0, D:4)
  22 stones
(3, -5, D:4)
  12 gold pieces
(23, 57, D:4)
  17 stones
(26, 43, D:4)
  28 sling bullets
(27, 18, D:4)
  a ration
(37, 6, D:4)
  5 gold pieces

Level 5 of the Dungeon
(0, 0, D:5)
  a scroll of teleportation
(1, 9, D:5)
  6 stones
(2, -12, D:5)
  a +0 leather armour
(2, 7, D:5)
  a +0 pair of boots
(5, 19, D:5)
  a scroll of enchant weapon
(6, 7, D:5)
  a +0 short sword
(11, -5, D:5)
  13 gold pieces
(18, 18, D:5)
  a wand of iceblast (6)
(23, 15, D:5)
  a +0 ring mail
(28, 4, D:5)
  a potion of mutation
(28, 35, D:5)
  a +0 long sword
(29, 32, D:5)
  27 arrows
(32, -12, D:5)
  a scroll of remove curse
(39, -11, D:5)
  a scroll of identify
(40, 38, D:5)
  a scroll of amnesia
(43, 18, D:5)
  13 stones
(43, 27, D:5)
  13 stones
(44, 18, D:5)
  15 gold pieces
(46, 6, D:5)
  a +0 falchion
(47, -2, D:5)
  20 gold pieces
(48, -2, D:5)
  a +0 trident
(48, 3, D:5)
  a ration
(48, 9, D:5)
  8 poisoned needles
(49, 3, D:5)
  15 stones
(49, 9, D:5)
  12 arrows
(50, 3, D:5)
  a +2 ring of protection
(50, 9, D:5)
  a scroll of fear
(51, -11, D:5)
  8 gold pieces

Level 6 of the Dungeon
(0, 0, D:6)
  8 gold pieces
(4, -21, D:6)
  15 stones
(8, -17, D:6)
  a +0 robe
(14, -32, D:6)
  a +0 cloak
(14, -24, D:6)
  a scroll of teleportation
(24, -44, D:6)
  a +0 scale mail
(25, -34, D:6)
  8 arrows
(28, 6, D:6)
  a scroll of blinking
(32, 0, D:6)
  a book of Minor Magic
(33, -44, D:6)
  10 gold pieces
(38, -22, D:6)
  a +0 mace
(42, -45, D:6)
  17 poisoned needles
(43, -46, D:6)
  15 gold pieces
(43, -1, D:6)
  12 gold pieces
(44, 10, D:6)
  a +0 ring mail
(46, -28, D:6)
  a +0 quarterstaff
(49, -5, D:6)
  a cursed +0 robe
(56, -4, D:6)
  a scroll of remove curse
(57, -35, D:6)
  24 sling bullets
(57, -1, D:6)
  a +0 battleaxe
(59, -1, D:6)
  a wand of polymorph (2)
(61, 0, D:6)
  a potion of lignification

Level 7 of the Dungeon
(0, 0, D:7)
  24 stones
(2, 6, D:7)
  22 stones
(11, 4, D:7)
  a potion of lignification
(15, -21, D:7)
  18 gold pieces
(16, -13, D:7)
  a +0 dagger
(16, 8, D:7)
  a +0 trident
(17, -19, D:7)
  a +0 scale mail
(19, -24, D:7)
  a +0 hunting sling
(20, -8, D:7)
  a wand of polymorph (5)
(20, -1, D:7)
  13 gold pieces
(21, 13, D:7)
  a wand of clouds (9)
(22, -30, D:7)
  a +0 plate armour
(22, -2, D:7)
  24 sling bullets
(23, -18, D:7)
  a scroll of identify
(25, -21, D:7)
  a +0 war axe
(32, -20, D:7)
  13 gold pieces
(32, -6, D:7)
  a scroll of identify
(32, 9, D:7)
  a +0 scale mail
(35, -29, D:7)
  a scroll of identify
(36, -11, D:7)
  a +0 ring mail
(37, -22, D:7)
  a wand of polymorph (10)
(41, 3, D:7)
  2 scrolls of identify
(43, 7, D:7)
  a +0 trident
(46, -29, D:7)
  a potion of lignification
(47, -27, D:7)
  a scroll of noise

Level 8 of the Dungeon
(0, 0, D:8)
  11 gold pieces
(18, -11, D:8)
  2 scrolls of teleportation
(18, 10, D:8)
  21 stones
(22, -3, D:8)
  15 gold pieces
(22, -2, D:8)
  a wand of acid (10)
(31, 10, D:8)
  a +0 scale mail
(38, 21, D:8)
  19 arrows

Level 1 of the Abyss
(0, 0, Abyss:1)
  a potion of cancellation
(2, -2, Abyss:1)
  a scroll of teleportation

