Bum Vur

Level 1 of the Dungeon
(0, 0, D:1)
  14 gold pieces
(8, -3, D:1)
  a +0 robe

Level 2 of the Dungeon
(0, 0, D:2)
  a scroll of amnesia
(1, -35, D:2)
  a +0 spear
(11, -31, D:2)
  a +0 ring mail
(15, -27, D:2)
  11 gold pieces
(19, -23, D:2)
  a +0 mace
(20, -37, D:2)
  a scroll of identify
(20, -22, D:2)
  11 gold pieces
(25, -31, D:2)
  17 gold pieces
(25, -13, D:2)
  a +3 amulet of reflection
(33, -20, D:2)
  a +0 leather armour
(33, -15, D:2)
  a potion of invisibility
(40, -4, D:2)
  a +0 robe
(54, -45, D:2)
  a scroll of teleportation
(56, -21, D:2)
  a potion of haste
(59, -36, D:2)
  a scroll of enchant armour
(59, -11, D:2)
  2 javelins
(61, -39, D:2)
  a +0 hand axe
(61, -32, D:2)
  10 gold pieces

Level 1 of the Orcish Mines
(0, 0, Orc:1)
  28 gold pieces
(23, 26, Orc:1)
  10 gold pieces
(25, 25, Orc:1)
  22 gold pieces
(31, 44, Orc:1)
  a +0 giant spiked club
(35, 23, Orc:1)
  15 gold pieces
(38, 36, Orc:1)
  22 gold pieces
(39, 21, Orc:1)
  11 gold pieces
(40, 13, Orc:1)
  22 gold pieces
(41, 13, Orc:1)
  25 gold pieces
(41, 27, Orc:1)
  19 gold pieces
(43, 30, Orc:1)
  26 gold pieces
(44, 52, Orc:1)
  26 gold pieces
(45, 42, Orc:1)
  19 gold pieces
(46, 31, Orc:1)
  26 gold pieces
(46, 41, Orc:1)
  18 gold pieces

