Puskenno

Level 1 of the Dungeon
(0, 0, D:1)
  13 stones

Level 2 of the Dungeon
(0, 0, D:2)
  a potion of ambrosia
(2, 10, D:2)
  a potion of curing
(3, 6, D:2)
  a +0 short sword
  (unseen)
(4, -3, D:2)
  a needle of confusion (still there?)
  a needle of sleeping (still there?)
(4, 5, D:2)
  a +0 mace
(6, -29, D:2)
  a scroll of amnesia
(9, -16, D:2)
  a scroll of immolation
(20, 6, D:2)
  a scroll of fear
(28, 9, D:2)
  13 gold pieces
(30, 2, D:2)
  a potion of degeneration
(30, 10, D:2)
  8 gold pieces
(30, 18, D:2)
  a scroll of identify
(33, 1, D:2)
  a scroll of enchant armour
(36, 5, D:2)
  a ration
(36, 26, D:2)
  a scroll of identify
(37, 20, D:2)
  22 arrows
(38, -8, D:2)
  a scroll of teleportation
(44, 2, D:2)
  5 gold pieces
(44, 10, D:2)
  a scroll of remove curse
(44, 18, D:2)
  a potion of brilliance
(48, 16, D:2)
  a +0 mace
(48, 17, D:2)
  a scroll of remove curse

