Inkanloh

Level 1 of the Dungeon
(0, 0, D:1)
  21 stones
(3, -9, D:1)
  a +0 ring mail
(7, -1, D:1)
  a potion of degeneration
(7, 11, D:1)
  16 gold pieces
(8, -25, D:1)
  19 stones
(8, -11, D:1)
  7 gold pieces
(11, -15, D:1)
  a ration
(16, -13, D:1)
  a potion of ambrosia
(17, 0, D:1)
  22 stones
(24, -28, D:1)
  a +0 whip
(26, -1, D:1)
  6 silver javelins
(31, 0, D:1)
  26 sling bullets
(32, 13, D:1)
  a +0 leather armour
(33, 15, D:1)
  24 arrows
(38, -20, D:1)
  20 stones
(42, 22, D:1)
  a +0 dagger
(51, 21, D:1)
  18 stones
(59, 22, D:1)
  a +0 cloak

