Ituniff

Level 1 of the Dungeon
(0, 0, D:1)
  a scroll of amnesia
(1, 24, D:1)
  4 gold pieces
(3, -17, D:1)
  a +0 mace
(3, 25, D:1)
  12 gold pieces
(4, -22, D:1)
  a scroll of identify
(6, 6, D:1)
  16 gold pieces
(8, -18, D:1)
  a +0 ring mail
(13, 0, D:1)
  28 stones
(15, -21, D:1)
  a +0 club
(20, -18, D:1)
  a +0 pair of gloves
(21, -20, D:1)
  a scroll of remove curse
(25, -25, D:1)
  33 arrows
(25, -13, D:1)
  a scroll of identify
(25, -11, D:1)
  8 gold pieces
(26, -21, D:1)
  20 stones
(26, -6, D:1)
  a potion of agility
(27, -17, D:1)
  a scroll of immolation
(31, -14, D:1)
  a cursed -1 dagger
  (unseen)
(31, 19, D:1)
  5 gold pieces
(34, -25, D:1)
  a +0 chain mail
(36, -12, D:1)
  a ration
(40, -3, D:1)
  a +0 helmet
(44, -29, D:1)
  a ration
(45, 6, D:1)
  3 gold pieces
(46, 17, D:1)
  a potion of lignification
(47, -14, D:1)
  a +0 club
(49, -23, D:1)
  19 gold pieces
(50, 26, D:1)
  a potion of haste
(53, 5, D:1)
  23 sling bullets
(55, 0, D:1)
  a scroll of random uselessness
(57, 2, D:1)
  a scroll of immolation
(59, 25, D:1)
  a scroll of amnesia
(61, -13, D:1)
  5 gold pieces
(64, 11, D:1)
  13 stones
(67, 8, D:1)
  a +0 leather armour

the Vestibule of Hell

Level 1 of Tartarus

