Gymest

Level 1 of the Dungeon
(0, 0, D:1)
  a sling bullet
(2, 1, D:1)
  a gold piece
(9, -14, D:1)
  a potion of brilliance
(13, -46, D:1)
  a scroll of identify
(13, -8, D:1)
  a bat corpse
(22, -16, D:1)
  a potion of brilliance
(24, -19, D:1)
  a sling bullet
  (unseen)
(27, -35, D:1)
  a sling bullet
(27, -19, D:1)
  18 stones
(28, -36, D:1)
  a sling bullet
(31, -33, D:1)
  11 gold pieces
(39, -43, D:1)
  a sling bullet
  a rat corpse
(42, -44, D:1)
  a sling bullet
(42, -39, D:1)
  a sling bullet
  (unseen)
(43, -44, D:1)
  2 sling bullets (still there?)
  a sling bullet (still there?)
(43, -43, D:1)
  a chunk of flesh
(43, -42, D:1)
  a tengu corpse
(44, -44, D:1)
  a bullfrog corpse
(44, -43, D:1)
  a big kobold corpse
(44, -42, D:1)
  a tengu corpse
(45, -43, D:1)
  a howler monkey corpse

