Cularghaot

Level 1 of the Dungeon
(14, -1, D:1)
  a +0 club
(27, 16, D:1)
  a +0 dagger
(34, -15, D:1)
  a cursed -3 short sword

Level 2 of the Dungeon
(0, 0, D:2)
  a +0 mace
(12, -18, D:2)
  a +0 short sword
(15, 7, D:2)
  a +0 club
(22, -17, D:2)
  a +0 club
(25, 4, D:2)
  a +0 leather armour
(34, 5, D:2)
  a +0 club
(39, -30, D:2)
  a +0 robe
(39, -7, D:2)
  a +0 club

Level 3 of the Dungeon
(6, -12, D:3)
  a +0 robe
(8, -22, D:3)
  a +0 robe
  a +0 dagger
(9, -23, D:3)
  a +0 dagger
  a +0 robe
(10, -23, D:3)
  a +0 hand axe
  a +0 club
(14, -21, D:3)
  a +0 robe
(16, 4, D:3)
  a +0 club
(17, 9, D:3)
  a +0 club
(18, 10, D:3)
  a +0 club
(35, -13, D:3)
  a +0 leather armour
  a +0 dagger
(35, -12, D:3)
  a +0 leather armour
(37, -19, D:3)
  a +0 giant club
(38, -4, D:3)
  a potion of curing
(40, -18, D:3)
  a potion of berserk rage
  a +0 giant club
(40, -4, D:3)
  a ration
(51, -26, D:3)
  a +0 club

Level 4 of the Dungeon
[Shop] Ruheig's Gadget Emporium
  a wand of disintegration (17) (273 gold)
  a wand of disintegration (15) (247 gold)
  a wand of random effects (21) (149 gold)
  a fan of gales (520 gold)
  a wand of iceblast (9) (169 gold)
  a lamp of fire (520 gold)
(11, -10, D:4)
  a +0 giant spiked club
(12, -13, D:4)
  a +0 ring mail
(18, -29, D:4)
  a +0 leather armour
(18, -23, D:4)
  a +0 club
(23, 0, D:4)
  a +0 hand axe
(24, -22, D:4)
  a +0 leather armour
  a +0 dagger
(25, -20, D:4)
  a +0 leather armour
  a +0 hand axe
(25, -10, D:4)
  a cursed +0 robe
  a +0 dagger
(27, -33, D:4)
  a +0 leather armour
(36, -23, D:4)
  a cursed -3 dagger
  a +0 ring mail
(39, -33, D:4)
  a +0 dagger
(43, -21, D:4)
  a +0 falchion
  a +0 robe
(44, 14, D:4)
  a +0 spear
  a +0 spear
  a +0 leather armour
(51, 13, D:4)
  a +0 ring mail
(53, 11, D:4)
  a +0 halberd
(54, -23, D:4)
  a +0 ring mail
(54, 11, D:4)
  a +0 flail
  a +0 spear

Level 5 of the Dungeon
(0, 0, D:5)
  a +0 scale mail
(1, -1, D:5)
  a +0 whip
(6, 0, D:5)
  a +0 club
(8, -35, D:5)
  a potion of degeneration
(12, -31, D:5)
  a +0 scale mail
  a cursed +0 whip
  a +0 short sword
  a +0 dagger
  a cursed +0 hand axe
  a +0 leather armour
  a +0 dagger
(18, -32, D:5)
  a stone
(21, -43, D:5)
  16 stones
(21, -33, D:5)
  a stone
(31, -9, D:5)
  a +0 dire flail
(46, -20, D:5)
  a +0 leather armour
(60, -3, D:5)
  a +0 great sword

Level 6 of the Dungeon
(0, 0, D:6)
  a +0 cloak
(2, -2, D:6)
  a stone
(3, -3, D:6)
  a stone
(5, -5, D:6)
  a stone
(6, -6, D:6)
  a stone
  a ration
(6, -5, D:6)
  a stone
(7, -6, D:6)
  a +0 robe
(8, -7, D:6)
  a +0 robe
  a +0 robe
  a cursed +0 long sword
(16, -6, D:6)
  a cursed +0 robe
  a +0 dagger
  a +0 hand axe
  a +0 plate armour
(17, 5, D:6)
  a scroll of teleportation
(18, 2, D:6)
  10 gold pieces
(20, -5, D:6)
  a +0 robe
  a cursed +0 halberd
(24, 2, D:6)
  a scroll of remove curse
(24, 8, D:6)
  a Young Poisoner's Handbook
(25, -12, D:6)
  a +0 dagger
  a +0 robe
(26, -12, D:6)
  a +0 robe
  a +0 dagger
(26, 1, D:6)
  a +0 long sword
(27, -13, D:6)
  a cursed +0 robe
  (unseen)
(28, 23, D:6)
  a potion of flight
(33, 22, D:6)
  a +0 rapier
  a cursed +0 scale mail
(34, 23, D:6)
  an iguana skeleton
(34, 24, D:6)
  a +0 club
  an orc skeleton
(44, 23, D:6)
  a +0 war axe
  a +0 robe
  the orc skeleton of Blork

Level 7 of the Dungeon
(0, 0, D:7)
  a scroll of identify
(6, 5, D:7)
  an arrow

