Muxebb

Level 5 of the Realm of Zot
(0, 0, Zot:5)
  a scroll of enchant weapon
(5, 9, Zot:5)
  a +0 scale mail
(6, -26, Zot:5)
  a ration
(6, -1, Zot:5)
  a +1 demon whip of electrocution
(7, 1, Zot:5)
  23 stones
(8, -1, Zot:5)
  32 gold pieces
(8, 1, Zot:5)
  an uncursed ring of protection from fire
(9, -17, Zot:5)
  an uncursed staff of cold
(12, -40, Zot:5)
  a scroll of random uselessness
(13, 10, Zot:5)
  a potion of mutation
(16, -15, Zot:5)
  a scroll of enchant armour
(20, 13, Zot:5)
  22 stones
(23, -35, Zot:5)
  the Orb of Zot
(24, -9, Zot:5)
  a scroll of noise
(26, -38, Zot:5)
  a +0 scale mail
(29, -9, Zot:5)
  32 gold pieces
(30, -25, Zot:5)
  13 stones
(32, -5, Zot:5)
  12 arrows
(33, 1, Zot:5)
  a ration
(41, 0, Zot:5)
  9 gold pieces
(43, 10, Zot:5)
  a +0 chain mail
(45, -8, Zot:5)
  18 gold pieces
(46, -17, Zot:5)
  14 gold pieces
(49, -34, Zot:5)
  a potion of magic
(49, -33, Zot:5)
  a lamp of fire
(51, 8, Zot:5)
  a +0 glaive
(52, -31, Zot:5)
  a +0 mace
(54, -3, Zot:5)
  24 gold pieces

