Aneblase

Level 1 of the Dungeon
(0, 0, D:1)
  a +0 whip
(18, -10, D:1)
  a +0 plate armour
(23, -19, D:1)
  a +0 dagger
(24, -19, D:1)
  a +0 leather armour
(27, 10, D:1)
  a +0 spear
(39, 5, D:1)
  a +0 dagger
(46, -6, D:1)
  a +0 club
(48, -10, D:1)
  a cursed -2 dagger
(55, -8, D:1)
  a +0 club

Level 2 of the Dungeon
(0, 0, D:2)
  a +0 club
(24, 6, D:2)
  a +0 hand axe

Level 3 of the Dungeon
(0, 0, D:3)
  a +0 whip
(6, -19, D:3)
  a +0 scale mail
(10, -9, D:3)
  a +0 dagger
(18, -20, D:3)
  a +0 club
  a cursed -2 ring mail
(25, -17, D:3)
  a +0 club
(34, 14, D:3)
  a +0 spear
(37, -17, D:3)
  a +0 club
(39, 19, D:3)
  a +0 hand axe
(40, 19, D:3)
  a +0 club
  a +0 whip
(47, 17, D:3)
  a +0 ring mail
(53, 8, D:3)
  a cursed +0 short sword
(53, 13, D:3)
  a +0 dagger
(53, 14, D:3)
  a +0 leather armour
  a +0 short sword
(55, 12, D:3)
  a +0 dagger
(57, 12, D:3)
  a +0 club
(58, -31, D:3)
  a +0 mace

Level 4 of the Dungeon
(0, 0, D:4)
  a +0 robe
(16, -8, D:4)
  a +0 short sword
(22, -19, D:4)
  a +0 club
(22, -13, D:4)
  a +0 club
(22, -11, D:4)
  a +0 leather armour
(22, -9, D:4)
  a +0 whip
  a +0 dagger
(33, -27, D:4)
  a cursed +0 falchion

Level 5 of the Dungeon
(0, 0, D:5)
  a +0 arbalest
(7, -2, D:5)
  a +0 whip
(10, -1, D:5)
  a +0 chain mail
(13, 6, D:5)
  a cursed -2 giant club
(14, -24, D:5)
  a +0 leather armour
  a +0 hand axe of freezing
(14, -10, D:5)
  a +0 giant club
(27, -7, D:5)
  a +0 quarterstaff
(30, 20, D:5)
  a +0 dagger
(40, -3, D:5)
  a +0 scale mail

Level 6 of the Dungeon
(0, 0, D:6)
  a +0 scale mail
(4, 5, D:6)
  a cursed +0 robe
(12, 5, D:6)
  a cursed +0 short sword
(15, -12, D:6)
  a +0 robe
  a +0 dagger
(16, -10, D:6)
  a +0 robe
  a +0 dagger
(17, -10, D:6)
  a +0 robe
  a +0 dagger
(17, 21, D:6)
  a +0 shortbow

the Ecumenical Temple

