Kellufu

Level 1 of the Dungeon
(0, 0, D:1)
  a +0 leather armour
(2, -4, D:1)
  a potion of agility
(2, 7, D:1)
  a scroll of teleportation
(4, 5, D:1)
  a scroll of enchant weapon
(4, 12, D:1)
  15 stones
(5, -14, D:1)
  13 gold pieces
(8, 22, D:1)
  11 gold pieces
(14, -13, D:1)
  8 stones
(18, 10, D:1)
  6 gold pieces
(24, 7, D:1)
  8 gold pieces
(24, 19, D:1)
  7 gold pieces
(27, 13, D:1)
  6 gold pieces
(28, -16, D:1)
  24 stones
(31, 3, D:1)
  22 stones
(35, 6, D:1)
  13 gold pieces
(35, 9, D:1)
  13 gold pieces
(37, 15, D:1)
  18 gold pieces
(44, -16, D:1)
  a potion of agility

