Soli

Level 1 of the Dungeon
(0, 0, D:1)
  a cursed +0 pair of gloves
(2, 31, D:1)
  a +0 leather armour
(5, 32, D:1)
  a +0 club
(8, -3, D:1)
  a +0 club
  a +0 club
(13, 24, D:1)
  a +0 dagger
(28, 4, D:1)
  a +0 ring mail
(32, 11, D:1)
  a +0 club
(33, 29, D:1)
  a +0 club
(36, 6, D:1)
  a +0 club
(47, 12, D:1)
  a cursed +0 club

Level 2 of the Dungeon
(5, -1, D:2)
  a +0 whip
(28, -10, D:2)
  a +0 whip
(35, 5, D:2)
  a +0 leather armour
(44, 7, D:2)
  a +0 mace
(46, 19, D:2)
  a +0 scale mail
(47, -15, D:2)
  a +0 dagger
(51, 13, D:2)
  a +0 chain mail

Level 3 of the Dungeon
(0, 0, D:3)
  a +0 club
(7, -16, D:3)
  a +0 spear
  a +0 club
(8, -16, D:3)
  a +0 halberd
  a cursed amulet of inaccuracy
(10, -23, D:3)
  a +0 plate armour
(22, -16, D:3)
  a +0 chain mail
(29, -16, D:3)
  a +0 robe
(30, -21, D:3)
  a +0 club
  a +0 club
(36, -15, D:3)
  a +0 robe
(40, -6, D:3)
  a +0 dagger
  a +0 club
  a +0 short sword
(41, -18, D:3)
  a +0 pair of gloves
(57, -18, D:3)
  a cursed -3 short sword

Level 4 of the Dungeon
(0, 0, D:4)
  a +0 spear
(24, -35, D:4)
  a +0 giant spiked club
(27, -30, D:4)
  a +0 hand axe
(33, -24, D:4)
  a +0 leather armour
  a +0 mace
(34, -26, D:4)
  a +0 dagger
(43, -40, D:4)
  a cursed +0 spear

Level 5 of the Dungeon
(0, 0, D:5)
  a +0 mace
(0, 2, D:5)
  a +0 whip
(1, -4, D:5)
  a +0 chain mail
  a +0 hand axe
(2, 1, D:5)
  a +0 hand axe
(2, 12, D:5)
  a +0 mace
(2, 14, D:5)
  a +0 mace
(3, 2, D:5)
  a +0 pair of boots
(3, 12, D:5)
  a +0 mace
(3, 13, D:5)
  a +0 mace
(3, 14, D:5)
  a +0 mace
(4, 13, D:5)
  a +0 mace
(4, 14, D:5)
  a +0 mace
(6, 13, D:5)
  a +0 mace
(7, 4, D:5)
  a +0 whip
(7, 7, D:5)
  a potion of degeneration
  a +0 flail
(7, 14, D:5)
  a +0 mace
(8, 14, D:5)
  a +0 mace
(9, 15, D:5)
  a +0 mace
(10, 14, D:5)
  a +0 mace
(11, -4, D:5)
  a +0 robe
  a +0 club
(11, 15, D:5)
  a +0 mace
(13, -4, D:5)
  a +1 cloak
(16, -6, D:5)
  a +0 rapier
(16, 1, D:5)
  a +0 leather armour
  a +0 rapier
(17, -8, D:5)
  a cursed -1 dagger
(24, -5, D:5)
  a +0 robe
  a +0 hand axe
(26, 25, D:5)
  a +0 plate armour
(31, -15, D:5)
  a +0 war axe
(32, 19, D:5)
  a +0 chain mail
(33, 6, D:5)
  a +0 dire flail
(44, 22, D:5)
  a +0 robe

Level 6 of the Dungeon
(0, 0, D:6)
  a +0 pair of boots
(1, -8, D:6)
  a +0 pair of gloves
(9, 16, D:6)
  a book of Battle
(14, -40, D:6)
  a +0 dagger
(18, 6, D:6)
  a +0 falchion
  a +0 shortbow
(19, -31, D:6)
  a +0 whip
(19, -9, D:6)
  a +0 whip
(21, -29, D:6)
  a +0 whip
(21, -26, D:6)
  a +0 halberd
(21, -8, D:6)
  a +0 leather armour
(21, -6, D:6)
  a +0 flail
(23, -8, D:6)
  a +0 chain mail
  a +0 hand axe
(24, -6, D:6)
  a +0 leather armour
(25, -6, D:6)
  a +0 robe
  a +0 dagger
  a +0 spear

Level 7 of the Dungeon
(0, 0, D:7)
  a +0 dagger
  a +0 robe
(5, 2, D:7)
  a +0 ring mail
(11, -10, D:7)
  a +2 helmet
(17, -5, D:7)
  a +0 chain mail
(18, 15, D:7)
  a +0 dagger
(19, -6, D:7)
  a cursed +0 giant club
(20, 5, D:7)
  a +0 hand axe
(24, -18, D:7)
  a +0 giant club
(28, 8, D:7)
  a +0 hunting sling
(33, 8, D:7)
  a +0 leather armour
(34, -6, D:7)
  a +0 falchion
(38, 15, D:7)
  a scroll of random uselessness

Level 8 of the Dungeon
(0, 0, D:8)
  an iguana corpse (skeletalised by now)
(0, 1, D:8)
  a +0 robe
(20, -11, D:8)
  a +0 war axe
(20, -6, D:8)
  a +0 club
(34, -29, D:8)
  a +0 club
(36, -14, D:8)
  a +0 leather armour

Level 9 of the Dungeon
(0, 0, D:9)
  a +0 robe
(8, 5, D:9)
  a sling bullet
  (unseen)

the Ecumenical Temple

