Doggevy

Level 1 of the Dungeon
(0, 0, D:1)
  a scroll of enchant weapon
(3, -26, D:1)
  a +0 pair of gloves
(5, -36, D:1)
  a potion of heal wounds
(6, -9, D:1)
  a +2 pair of boots
(8, -9, D:1)
  a +0 short sword
(9, -28, D:1)
  13 gold pieces
(9, -27, D:1)
  a +0 helmet of intelligence
(15, -30, D:1)
  10 gold pieces
(16, 0, D:1)
  a scroll of enchant weapon
(16, 7, D:1)
  a potion of cancellation
(20, 4, D:1)
  a scroll of amnesia
(24, -30, D:1)
  a scroll of enchant armour
(27, -39, D:1)
  a potion of heal wounds
(29, -39, D:1)
  a scroll of magic mapping
(31, -39, D:1)
  19 gold pieces
(40, -38, D:1)
  a +0 leather armour
(42, -39, D:1)
  11 gold pieces
(42, -10, D:1)
  a potion of flight
(46, 2, D:1)
  a +0 whip
(47, -35, D:1)
  a scroll of enchant weapon
(49, -30, D:1)
  a potion of curing
(53, 2, D:1)
  a +0 hand axe
(55, -20, D:1)
  13 gold pieces
(55, -5, D:1)
  a +4 ring of dexterity

