Sijuenud

Level 1 of the Dungeon
(0, 0, D:1)
  8 gold pieces
(3, 18, D:1)
  2 potions of curing
(7, -3, D:1)
  a rat skeleton
(7, 0, D:1)
  a rat skeleton
(7, 21, D:1)
  a potion of curing
(8, 23, D:1)
  a scroll of identify
(9, -12, D:1)
  16 gold pieces
(9, 28, D:1)
  a +0 short sword
(18, 8, D:1)
  a rat skeleton
(18, 9, D:1)
  a rat skeleton
(19, 11, D:1)
  a rat skeleton
(19, 31, D:1)
  a +0 buckler
(20, 13, D:1)
  a potion of might
(20, 23, D:1)
  a scroll of identify
(21, 9, D:1)
  a rat skeleton
(22, -10, D:1)
  6 sling bullets
  (unseen)
(23, 1, D:1)
  13 gold pieces
(23, 25, D:1)
  a scroll of immolation
(26, -11, D:1)
  an uncursed ring of flight
(39, -3, D:1)
  11 gold pieces
(39, 5, D:1)
  a ration
(45, 4, D:1)
  a potion of degeneration

