Ruggeitotu

the Dungeon
[Shop] Taismewi's Distillery
  a potion of lignification (39 gold)
  2 potions of flight (78 gold)
  a potion of might (52 gold)
  2 potions of might (104 gold)
  a potion of lignification (39 gold)
  a potion of curing (39 gold)
  a potion of degeneration (13 gold)
  2 potions of brilliance (104 gold)
  a potion of heal wounds (65 gold)
  a potion of heal wounds (65 gold)
[Shop] Anler's Armour Emporium
  a +0 leather armour (22 gold)
  a +1 buckler of poison resistance (148 gold)
  a +0 robe (7 gold)
  a +0 leather armour (22 gold)
  a +0 robe (7 gold)
  a +0 leather armour (22 gold)
  a +0 pair of gloves (49 gold)
  a +0 leather armour (22 gold)
[Shop] Tesenwob's Weapon Shoppe
  a +2 vampiric broad axe (264 gold)
  a +0 hunting sling (16 gold)
  a +0 short sword (33 gold)
  a +4 blowgun (269 gold)
  a +0 club (11 gold)
  a +0 hunting sling (16 gold)
  a +0 mace (33 gold)
  13 stones (14 gold)
  a cursed +0 quarterstaff (11 gold)
  20 stones (22 gold)
[Shop] Levonoju's Distillery
  (Shop contents are unknown)
[Shop] Suiheos's Distillery
  2 potions of flight (60 gold)
  a potion of magic (80 gold)
  a potion of mutation (80 gold)
  a potion of flight (30 gold)
  a potion of curing (30 gold)
  a potion of berserk rage (50 gold)
  a potion of flight (30 gold)
[Shop] Votie's Distillery
  a potion of curing (39 gold)
  a potion of cancellation (104 gold)
  a potion of heal wounds (65 gold)
  a potion of berserk rage (65 gold)
  a potion of brilliance (52 gold)
  a potion of curing (39 gold)
  a potion of heal wounds (65 gold)
  a potion of flight (39 gold)
  a potion of degeneration (13 gold)
  a potion of curing (39 gold)
  a potion of resistance (130 gold)
[Shop] Moem's Food Shop
  a ration (70 gold)
  a ration (70 gold)
  a ration (70 gold)
  a ration (70 gold)
  a ration (70 gold)
  a ration (70 gold)
  a ration (70 gold)
  a ration (70 gold)
  a ration (70 gold)
  a ration (70 gold)
[Shop] Girphoucw's Magic Scroll Shoppe
  (Shop contents are unknown)
[Shop] Moubb's Antique Armour Boutique
  (Shop contents are unknown)
[Shop] Naefoz's Antique Weapon Emporium
  (Shop contents are unknown)
[Shop] Siveuq's Gadget Shop
  (Shop contents are unknown)
[Shop] Plog's Food Shoppe
  (Shop contents are unknown)
[Shop] Ludephuc's Antique Armour Boutique
  (Shop contents are unknown)
[Shop] Cacu's Antique Armour Emporium
  (Shop contents are unknown)
[Shop] Teankuh's Assorted Antiques
  (Shop contents are unknown)
[Shop] Ficvyvezorgh's Magic Scroll Emporium
  (Shop contents are unknown)
[Shop] Ecwoebuw's Jewellery Boutique
  (Shop contents are unknown)
[Shop] Fistovon's Food Shoppe
  (Shop contents are unknown)
[Shop] Jeomofuy's Assorted Antiques
  (Shop contents are unknown)
[Shop] Mos Roim's Book Emporium
  (Shop contents are unknown)
[Shop] Tisoq's Distillery
  (Shop contents are unknown)
[Shop] Juseadwu's Gadget Shoppe
  a wand of paralysis (8) (130 gold)
  a wand of paralysis (11) (169 gold)
  a phial of floods (520 gold)
  a crystal ball of energy (260 gold)
  a wand of flame (14) (104 gold)
  a lamp of fire (520 gold)
  a crystal ball of energy (260 gold)
  a wand of enslavement (9) (143 gold)
  a wand of random effects (15) (110 gold)
  a crystal ball of energy (260 gold)
  a wand of paralysis (8) (130 gold)
(0, 0, D)
  27 gold pieces
(1, -8, D)
  a +4 club
  a +0 scale mail
(1, 0, D)
  27 gold pieces
(5, -8, D)
  a +0 giant spiked club
(9, -7, D)
  a +0 scythe
  a +0 robe
(10, -2, D)
  2 curare-tipped needles
(10, -1, D)
  2 curare-tipped needles
(10, 9, D)
  the +2 scale mail "Fibatol" {rElec rN+ Str-4}
    It affects your strength (-4).
    It insulates you from electricity.
    It protects you from negative energy.
(11, 1, D)
  a +2 short sword of venom
  a -2 blowgun
(11, 9, D)
  24 sling bullets
(11, 10, D)
  a +2 robe of cold resistance
(13, -4, D)
  a +0 leather armour
(15, -2, D)
  a +0 shortbow
(15, 0, D)
  a +0 whip
(20, -8, D)
  a +0 dagger
  a +0 robe
  a +0 dagger
  a +0 robe
(24, 10, D)
  an uncursed ring of fire
(24, 11, D)
  a +0 dagger
(24, 12, D)
  13 gold pieces
(24, 13, D)
  27 gold pieces
(25, -8, D)
  a +0 shield
(25, -4, D)
  a +2 mace of protection
(25, 10, D)
  a cursed +0 ring mail
(25, 11, D)
  2 potions of curing
(25, 13, D)
  27 gold pieces
(26, 6, D)
  a scroll of identify
(26, 8, D)
  a ration
(26, 9, D)
  a +0 long sword
(26, 10, D)
  a scroll of brand weapon
(26, 13, D)
  27 gold pieces
(27, 4, D)
  a +0 trident
(27, 6, D)
  a +0 ring mail
(27, 8, D)
  21 stones
(27, 13, D)
  27 gold pieces
(28, 8, D)
  a ration
(28, 13, D)
  27 gold pieces
(29, 3, D)
  27 gold pieces
(29, 4, D)
  27 gold pieces
(29, 5, D)
  27 gold pieces
(29, 6, D)
  27 gold pieces
(30, -6, D)
  19 stones
(30, 3, D)
  27 gold pieces
(30, 4, D)
  27 gold pieces
(30, 5, D)
  27 gold pieces
(30, 6, D)
  27 gold pieces
(30, 7, D)
  27 gold pieces
(31, 4, D)
  27 gold pieces
(31, 5, D)
  27 gold pieces
(31, 6, D)
  27 gold pieces
(31, 7, D)
  27 gold pieces
(32, -8, D)
  a hog corpse (skeletalised by now)
(32, -5, D)
  27 gold pieces
(32, -4, D)
  27 gold pieces
(32, -3, D)
  27 gold pieces
(32, -2, D)
  27 gold pieces
(32, 2, D)
  27 gold pieces
(32, 3, D)
  a ration
(32, 4, D)
  27 gold pieces
(32, 5, D)
  27 gold pieces
(32, 6, D)
  27 gold pieces
(32, 7, D)
  27 gold pieces
(33, -8, D)
  a hog corpse (skeletalised by now)
(33, -7, D)
  a hog corpse (skeletalised by now)
  a hog corpse (skeletalised by now)
  a hog corpse (skeletalised by now)
  a hog corpse (skeletalised by now)
(33, -2, D)
  27 gold pieces
(33, 2, D)
  27 gold pieces
(33, 3, D)
  27 gold pieces
(33, 4, D)
  27 gold pieces
(33, 5, D)
  27 gold pieces
(33, 6, D)
  27 gold pieces
(34, -2, D)
  27 gold pieces
(34, 4, D)
  27 gold pieces
(34, 5, D)
  27 gold pieces
(34, 6, D)
  27 gold pieces
(35, 3, D)
  27 gold pieces
(35, 4, D)
  27 gold pieces
(35, 5, D)
  27 gold pieces
(36, 4, D)
  27 gold pieces
(36, 5, D)
  27 gold pieces
(37, 4, D)
  27 gold pieces
(37, 5, D)
  27 gold pieces
(38, -5, D)
  a +1 scimitar of holy wrath
(41, 11, D)
  27 gold pieces
(41, 12, D)
  27 gold pieces
(41, 13, D)
  27 gold pieces
(41, 14, D)
  27 gold pieces
(41, 16, D)
  the cursed +3 lajatang of Xom {slice, Int+5}
    It inflicts extra damage upon your enemies.
    
    It affects your intelligence (+5).
    It has a curse placed upon it.
(41, 17, D)
  an uncursed staff of earth
(42, 11, D)
  27 gold pieces
(42, 12, D)
  27 gold pieces
(42, 13, D)
  27 gold pieces
(42, 14, D)
  27 gold pieces
(42, 16, D)
  an uncursed staff of air
(42, 17, D)
  the Volume of the Dislocated Entourage
    Spells                           Type                      Level
     a - Apportation                  Translocation                 1
     b - Summon Guardian Golem        Hexes/Summoning               3
     c - Aura of Abjuration           Summoning                     5
     d - Disjunction                  Translocation                 8
(43, 12, D)
  27 gold pieces
(43, 13, D)
  27 gold pieces
(43, 14, D)
  27 gold pieces
(44, 13, D)
  27 gold pieces
(44, 14, D)
  27 gold pieces
(44, 16, D)
  a sack of spiders
(44, 17, D)
  a +1 leather armour of poison resistance
(45, 16, D)
  a +1 double sword of draining
(45, 17, D)
  a lamp of fire
(46, -8, D)
  27 gold pieces
(46, -7, D)
  27 gold pieces
(46, -6, D)
  27 gold pieces
(46, -5, D)
  27 gold pieces
(47, -8, D)
  27 gold pieces
(47, -7, D)
  27 gold pieces
(47, -6, D)
  27 gold pieces
(47, -5, D)
  27 gold pieces
(47, -2, D)
  a box of beasts
(47, 16, D)
  27 gold pieces
(47, 17, D)
  27 gold pieces
(48, -8, D)
  27 gold pieces
(48, -7, D)
  27 gold pieces
(48, -6, D)
  a scroll of random uselessness
(48, -5, D)
  27 gold pieces
(48, 16, D)
  27 gold pieces
(48, 17, D)
  27 gold pieces
(49, -8, D)
  27 gold pieces
(49, -7, D)
  27 gold pieces
(49, -5, D)
  27 gold pieces
(49, 17, D)
  27 gold pieces
(50, -6, D)
  27 gold pieces
(50, -5, D)
  27 gold pieces
(50, -4, D)
  27 gold pieces
(50, 17, D)
  27 gold pieces
(51, -8, D)
  a phantom mirror
(51, 4, D)
  the +8 scale mail of Loss {rPois Str-3 Int+4 Dex+3}
    It affects your strength (-3).
    It affects your intelligence (+4).
    It affects your dexterity (+3).
    It protects you from poison.
(51, 17, D)
  27 gold pieces
(52, -8, D)
  a book of Minor Magic
(52, -7, D)
  a book of Beasts
(52, 17, D)
  27 gold pieces
(53, -8, D)
  a book of Flames
(53, -7, D)
  the amulet "Eczuzeklali" {Reflect rPois SH+3}
    [amulet of reflection]
    
    It shields you and reflects attacks.
    It protects you from poison.
    It affects your SH (+3).
(53, 8, D)
  34 sling bullets
(53, 17, D)
  27 gold pieces
(54, -8, D)
  27 gold pieces
(54, -7, D)
  27 gold pieces
(54, 17, D)
  27 gold pieces
(55, -8, D)
  27 gold pieces
(55, -7, D)
  27 gold pieces
(56, -8, D)
  27 gold pieces
(56, -7, D)
  27 gold pieces
(56, -6, D)
  27 gold pieces
(56, -5, D)
  27 gold pieces
(56, -4, D)
  27 gold pieces
(56, -3, D)
  27 gold pieces
(56, -2, D)
  27 gold pieces
(57, -8, D)
  27 gold pieces
(57, -7, D)
  27 gold pieces
(57, -6, D)
  27 gold pieces
(57, -5, D)
  27 gold pieces
(57, -4, D)
  27 gold pieces
(57, -3, D)
  27 gold pieces
(57, -2, D)
  27 gold pieces
(57, -1, D)
  27 gold pieces
(57, 8, D)
  27 gold pieces
(58, -8, D)
  27 gold pieces
(58, -7, D)
  27 gold pieces
(58, -6, D)
  27 gold pieces
(58, -5, D)
  27 gold pieces
(58, -4, D)
  27 gold pieces
(58, -3, D)
  27 gold pieces
(58, -2, D)
  27 gold pieces
(58, -1, D)
  27 gold pieces
(58, 0, D)
  27 gold pieces
(58, 1, D)
  27 gold pieces
(58, 6, D)
  27 gold pieces
(58, 7, D)
  27 gold pieces
(58, 8, D)
  27 gold pieces
(58, 9, D)
  27 gold pieces
(59, -8, D)
  27 gold pieces
(59, -7, D)
  27 gold pieces
(59, -6, D)
  27 gold pieces
(59, -5, D)
  27 gold pieces
(59, -4, D)
  27 gold pieces
(59, -3, D)
  27 gold pieces
(59, -2, D)
  27 gold pieces
(59, -1, D)
  27 gold pieces
(59, 0, D)
  27 gold pieces
(59, 1, D)
  27 gold pieces
(59, 2, D)
  27 gold pieces
(59, 3, D)
  17 arrows
(59, 4, D)
  27 gold pieces
(59, 5, D)
  27 gold pieces
(59, 6, D)
  27 gold pieces
(59, 7, D)
  27 gold pieces
(59, 8, D)
  27 gold pieces
(59, 9, D)
  27 gold pieces
(59, 10, D)
  27 gold pieces
(59, 11, D)
  27 gold pieces

