Duaryo

Level 1 of the Dungeon
(0, 0, D:1)
  a +0 club
  a +0 mace
(1, 19, D:1)
  a +0 club
(2, 18, D:1)
  a +0 short sword
(2, 19, D:1)
  a +0 club
(10, 15, D:1)
  a +0 dagger
(11, 13, D:1)
  a +0 whip
(11, 18, D:1)
  a +0 club
(12, 0, D:1)
  a +0 club
(18, 8, D:1)
  a +0 club
(24, -1, D:1)
  a +0 whip
(28, 26, D:1)
  a +0 club
(41, 0, D:1)
  a +0 ring mail
(44, 7, D:1)
  a +0 scale mail
(44, 20, D:1)
  a +0 whip
  a +0 short sword
(53, 16, D:1)
  a +0 club
(54, 7, D:1)
  a +0 dagger

Level 2 of the Dungeon
(0, 0, D:2)
  a +0 robe
(0, 33, D:2)
  a +0 pair of gloves
(1, 1, D:2)
  a +0 whip
(2, -2, D:2)
  a +0 dagger
(3, 4, D:2)
  a +0 whip
(3, 9, D:2)
  a +0 club
(4, 8, D:2)
  a +0 flail
(10, 8, D:2)
  a +0 pair of boots
(26, 36, D:2)
  a +0 dagger
(28, 30, D:2)
  a +0 dagger
(30, 42, D:2)
  a potion of degeneration

Level 3 of the Dungeon
(0, 0, D:3)
  a +0 club
(4, -8, D:3)
  a +0 dagger
(6, -13, D:3)
  a +0 chain mail
  a +0 club
(43, -7, D:3)
  a +0 club
(48, -11, D:3)
  a +0 ring mail
(48, 23, D:3)
  a +0 club
(52, 30, D:3)
  a +0 dagger

Level 4 of the Dungeon
[Shop] Qyusod's Book Boutique
  the Collected Works on Cloudy Contamination (704 gold)
    Spells                           Type                      Level
     a - Swiftness                    Charms/Air                    2
     b - Olgreb's Toxic Radiance      Poison                        4
     c - Venom Bolt                   Conjuration/Poison            5
     d - Alistair's Intoxication      Transmutation/Poison          5
  a book of Party Tricks (600 gold)
  a book of Geomancy (420 gold)
  a book of Geomancy (420 gold)
  a book of Clouds (540 gold)
  a book of Maledictions (300 gold)
(0, 0, D:4)
  a +0 leather armour
(10, 18, D:4)
  a +0 spear
(29, 16, D:4)
  a cursed -1 leather armour
  a +0 short sword
(32, -11, D:4)
  a +0 ring mail
(32, -10, D:4)
  a +0 robe
  a +0 dagger
(34, -13, D:4)
  a +0 robe
(37, -6, D:4)
  a +0 dagger
(51, 11, D:4)
  a +0 scale mail

Level 5 of the Dungeon
(1, -48, D:5)
  a cursed +0 leather armour
(1, -13, D:5)
  a +0 leather armour
(54, -42, D:5)
  a +0 hand axe
(67, -30, D:5)
  a +0 war axe

Level 6 of the Dungeon
(0, 0, D:6)
  a +0 long sword
(4, 37, D:6)
  a +0 mace
(5, 37, D:6)
  a +0 scale mail
  a +0 short sword
(7, 38, D:6)
  a +0 hand axe
(9, -8, D:6)
  a +0 spear
(10, -7, D:6)
  a +0 club
(11, 11, D:6)
  a +0 chain mail
(13, 25, D:6)
  a +0 shield
  a +0 trident
  a +0 scale mail
(15, 12, D:6)
  a +0 leather armour
(15, 24, D:6)
  a cursed -2 whip
(16, 22, D:6)
  a +0 club
(29, -1, D:6)
  a -2 ring of strength
(34, 31, D:6)
  a +0 falchion
  a +0 hand axe
(35, 33, D:6)
  a +0 flail
(45, 7, D:6)
  a +0 war axe
(57, 32, D:6)
  5 large rocks

Level 7 of the Dungeon
(0, 0, D:7)
  a +0 mace
(1, -1, D:7)
  a +0 dagger
(3, 2, D:7)
  a +0 leather armour
  a +0 hand axe
(22, -11, D:7)
  a +0 hand axe
(39, -3, D:7)
  a +0 spear
(44, -11, D:7)
  a +0 ring mail

Level 8 of the Dungeon
[Shop] Ticlor's Antique Armour Boutique
  a +0 chain mail (76 gold)
  a +0 robe (11 gold)
  a +0 plate armour (391 gold)
  a +0 centaur barding (391 gold)
  a cursed +0 leather armour (17 gold)
  a +0 chain mail (76 gold)
  the cursed +1 ring mail "Ysismos" {rCorr Str+8 Slay-6} (173 gold)
    It affects your strength (+8).
    It affects your accuracy and damage with ranged weapons and melee attacks
    (-6).
    It provides partial protection from all sources of acid and corrosion.
    It has a curse placed upon it.
  a +0 leather armour (34 gold)
  a +0 robe (11 gold)
(0, 0, D:8)
  a +0 leather armour
(26, -6, D:8)
  a cursed +0 shortbow
(44, -22, D:8)
  a +0 spear
(44, 28, D:8)
  a +0 flail
(51, -31, D:8)
  a +0 war axe
(59, -15, D:8)
  a +0 whip
(66, -10, D:8)
  a +0 leather armour

the Ecumenical Temple

Level 1 of the Lair of Beasts
(0, 0, Lair:1)
  20 gold pieces
(5, 16, Lair:1)
  12 gold pieces
(6, 20, Lair:1)
  a +0 plate armour
(14, -2, Lair:1)
  a phantom mirror
(19, 13, Lair:1)
  a +0 rapier
(26, -9, Lair:1)
  the +3 leather armour of Ashenzari's Envy {Dex+4}
    It affects your dexterity (+4).
(29, 5, Lair:1)
  a sling bullet
(29, 10, Lair:1)
  a +0 dagger
(37, -17, Lair:1)
  10 arrows

a volcano
(0, 0, Volcano)
  a large rock
(0, 5, Volcano)
  2 large rocks
(0, 7, Volcano)
  a +0 dire flail

