Buicaech

Level 1 of the Dungeon
(0, 0, D:1)
  a potion of mutation
(1, 32, D:1)
  a potion of flight
(6, 5, D:1)
  a +0 shield
(9, -13, D:1)
  a +0 leather armour
(14, 29, D:1)
  a potion of degeneration
(14, 40, D:1)
  16 gold pieces
(18, 21, D:1)
  12 gold pieces
(18, 29, D:1)
  a +0 robe
(21, -9, D:1)
  a potion of degeneration
(21, -7, D:1)
  29 bolts
(24, 33, D:1)
  a potion of curing
(25, 2, D:1)
  an uncursed ring of protection from magic
(32, 10, D:1)
  a ration
(33, 12, D:1)
  a +0 plate armour
(40, 10, D:1)
  16 arrows
(41, -4, D:1)
  a potion of resistance
(43, 11, D:1)
  22 arrows
(50, 11, D:1)
  a scroll of identify
(50, 14, D:1)
  26 sling bullets

Level 1 of the Lair of Beasts
(0, 0, Lair:1)
  an uncursed ring of positive energy
(2, -28, Lair:1)
  a +0 quarterstaff
(3, -4, Lair:1)
  4 needles of confusion
(3, 5, Lair:1)
  a cursed -3 mace
(5, -29, Lair:1)
  a +0 ring mail
(5, -12, Lair:1)
  13 gold pieces
(7, -13, Lair:1)
  a potion of cancellation
(10, -41, Lair:1)
  a ration
(14, -28, Lair:1)
  25 gold pieces
(16, -15, Lair:1)
  14 gold pieces
(17, -14, Lair:1)
  a scroll of magic mapping
(18, 9, Lair:1)
  22 stones
(19, -38, Lair:1)
  a wand of flame (23)
(20, -38, Lair:1)
  a book of Geomancy
(27, -38, Lair:1)
  24 gold pieces
(27, -30, Lair:1)
  25 arrows
(29, -35, Lair:1)
  a +0 chain mail
(30, -4, Lair:1)
  a +2 pair of gloves
(39, -41, Lair:1)
  9 stones
(39, 5, Lair:1)
  a ration
(42, 9, Lair:1)
  18 sling bullets
(48, -23, Lair:1)
  a +0 short sword
(49, -40, Lair:1)
  a scroll of teleportation
(50, -20, Lair:1)
  10 gold pieces
(52, -40, Lair:1)
  13 gold pieces
(52, -29, Lair:1)
  19 gold pieces
(52, -7, Lair:1)
  10 poisoned needles
(52, -5, Lair:1)
  17 stones
(52, -3, Lair:1)
  12 gold pieces
(56, -8, Lair:1)
  a cursed +0 ring mail
(58, -7, Lair:1)
  22 arrows
(63, -2, Lair:1)
  a potion of resistance
(64, -4, Lair:1)
  24 bolts

