Cetups

Level 1 of the Dungeon
(0, 0, D:1)
  a +0 club
(14, 24, D:1)
  a cursed -2 club
(24, -2, D:1)
  a cursed +0 buckler
(27, 1, D:1)
  a +0 dagger
(35, 30, D:1)
  a cursed -1 dagger
(36, -3, D:1)
  a +0 robe
(42, 18, D:1)
  a +0 spear
(44, 41, D:1)
  a +0 ring mail

Level 2 of the Dungeon
(0, 0, D:2)
  a potion of degeneration
(4, -4, D:2)
  a +0 ring mail
(13, 9, D:2)
  a +0 leather armour
(40, 18, D:2)
  a +0 club
(41, 18, D:2)
  a +0 robe
(41, 19, D:2)
  a +0 short sword
(42, 16, D:2)
  a +0 chain mail
  a cursed -3 short sword
(42, 19, D:2)
  a +0 mace
(44, -16, D:2)
  a +0 ring mail
(57, 5, D:2)
  a +0 ring mail

Level 3 of the Dungeon
(0, 0, D:3)
  a +0 robe
(3, -10, D:3)
  a +0 robe
(16, 11, D:3)
  a cursed -1 robe
(20, 12, D:3)
  a +0 mace
(29, -26, D:3)
  a +0 club
(30, 19, D:3)
  a +0 club
(31, 10, D:3)
  a +0 pair of gloves
(32, 11, D:3)
  a +0 mace
(35, -9, D:3)
  a +0 mace
  a +0 whip
(45, 14, D:3)
  a +0 club
(45, 33, D:3)
  a +0 short sword
(52, -1, D:3)
  a +0 halberd

Level 4 of the Dungeon
[Shop] Abrog's Food Shoppe
  a ration (65 gold)
  a ration (65 gold)
  a ration (65 gold)
  a ration (65 gold)
  a ration (65 gold)
  a ration (65 gold)
  a ration (65 gold)
  a ration (65 gold)
  a ration (65 gold)
  a ration (65 gold)
  a ration (65 gold)
  a ration (65 gold)
(0, 0, D:4)
  a +0 ring mail
(3, -1, D:4)
  a +0 short sword
(11, -13, D:4)
  a +0 dagger
(14, -38, D:4)
  a +0 club
(14, 1, D:4)
  a +0 giant club
(19, -23, D:4)
  a +0 robe
(19, -19, D:4)
  a +0 short sword
(22, -23, D:4)
  a +0 leather armour
(24, -29, D:4)
  a +0 dagger
(27, -19, D:4)
  a cursed +0 animal skin
(44, -26, D:4)
  a +0 animal skin
(47, -5, D:4)
  an uncursed ring of teleportation
(49, 2, D:4)
  a +0 scale mail
(51, -44, D:4)
  a +0 whip
(59, 10, D:4)
  a +0 animal skin

Level 5 of the Dungeon
(0, 0, D:5)
  a +0 scale mail
(8, -11, D:5)
  a +0 pair of gloves
(18, 13, D:5)
  a +0 chain mail
(19, 1, D:5)
  a +0 leather armour
(19, 17, D:5)
  a +0 robe
  a cursed -2 dagger
(27, 16, D:5)
  a +0 pair of boots
(36, -6, D:5)
  a potion of degeneration
(49, -9, D:5)
  a +0 leather armour
  a +0 short sword

Level 6 of the Dungeon
(0, 0, D:6)
  a potion of degeneration
(21, 16, D:6)
  a +0 club
(21, 17, D:6)
  a +0 spear
(22, 1, D:6)
  the +1 pair of gloves "Qeyk Acucs" {MR+}
    It affects your resistance to hostile enchantments.
(27, -11, D:6)
  a cursed +0 scale mail
  a +0 trident
(30, 2, D:6)
  a +0 robe
  a +0 dagger
(38, -13, D:6)
  a +0 dagger
(39, -14, D:6)
  a +0 ring mail
  a +0 short sword
(39, -12, D:6)
  a +0 whip
(42, 7, D:6)
  a +0 short sword
(42, 8, D:6)
  a +0 hunting sling
(43, 9, D:6)
  a +0 mace

the Ecumenical Temple

