Seironig

Level 1 of the Dungeon
(0, 0, D:1)
  a potion of curing
(5, -21, D:1)
  15 stones
(5, -13, D:1)
  a potion of agility
(7, 6, D:1)
  4 tomahawks
(17, -16, D:1)
  a scroll of enchant armour
(17, 13, D:1)
  a cursed +0 hunting sling
  (unseen)
(18, -22, D:1)
  a potion of haste
(18, 11, D:1)
  a scroll of magic mapping
(20, 10, D:1)
  16 arrows
(22, 9, D:1)
  22 bolts
(22, 15, D:1)
  a potion of heal wounds
(23, -26, D:1)
  7 gold pieces
(24, -16, D:1)
  a +0 spear
(26, 5, D:1)
  12 gold pieces
(26, 6, D:1)
  a scroll of blinking
(27, 13, D:1)
  a potion of agility
(29, -24, D:1)
  9 gold pieces
(30, 20, D:1)
  the Orb of Zot
(31, -25, D:1)
  9 gold pieces
(43, -15, D:1)
  a scroll of teleportation
(43, -13, D:1)
  a +0 ring mail
(43, -3, D:1)
  7 gold pieces
(45, 7, D:1)
  18 gold pieces
(46, 1, D:1)
  17 sling bullets
(50, 11, D:1)
  a +0 hunting sling
(54, -7, D:1)
  a potion of flight
(54, 9, D:1)
  a scroll of blinking
(59, 16, D:1)
  a +0 ring mail
(63, 4, D:1)
  a scroll of amnesia

