Neblinot

Level 1 of the Dungeon
(0, 0, D:1)
  a +0 club
(17, 32, D:1)
  a +0 dagger
(21, 26, D:1)
  a +0 club
(28, 7, D:1)
  a +0 dagger
(36, -8, D:1)
  a +0 club
(40, 22, D:1)
  a +0 dagger
(48, -10, D:1)
  a +0 dagger

Level 2 of the Dungeon
(0, 0, D:2)
  a cursed +0 robe
(17, -8, D:2)
  a +0 short sword
(34, 5, D:2)
  a +0 club
(34, 7, D:2)
  a +0 club
(35, 5, D:2)
  a +0 club
(40, -3, D:2)
  a +0 dagger
(41, 16, D:2)
  a +0 club
(44, -2, D:2)
  a +0 pair of gloves
(48, -8, D:2)
  a +0 scale mail

Level 3 of the Dungeon
(0, 0, D:3)
  a +0 robe
(3, 4, D:3)
  2 scrolls of random uselessness
(12, 27, D:3)
  a +0 hand axe
(32, 26, D:3)
  a +0 robe
(42, 40, D:3)
  a +0 whip

Level 4 of the Dungeon
(0, 0, D:4)
  a +0 scale mail
  a +0 short sword
  a +0 giant club
(2, -4, D:4)
  a +0 giant club
  a +0 hunting sling
  a +0 scale mail
(4, 0, D:4)
  a +0 long sword
(8, 4, D:4)
  a +0 ring mail
  a +0 club
(20, 10, D:4)
  a +0 whip

