Dureava

Level 1 of the Dungeon
(0, 0, D:1)
  a +0 dagger
(4, -2, D:1)
  a +0 dagger
(33, 27, D:1)
  a +0 dagger
(38, 26, D:1)
  a +0 short sword
(41, 34, D:1)
  2 large rocks
(47, 10, D:1)
  a +0 dagger
(49, 29, D:1)
  a +0 spear
(51, 7, D:1)
  a +0 leather armour
(59, -5, D:1)
  a +0 whip

Level 2 of the Dungeon
(0, 0, D:2)
  a +0 short sword
(14, -21, D:2)
  a stone
(15, -23, D:2)
  a potion of heal wounds
(16, -11, D:2)
  15 gold pieces
(23, -11, D:2)
  a +0 club
(26, -20, D:2)
  a stone
(27, -21, D:2)
  a stone
(28, -22, D:2)
  a stone
(30, -8, D:2)
  a +0 spear
(37, -25, D:2)
  a stone
  (unseen)
(45, -3, D:2)
  a +0 club
(47, -23, D:2)
  4 javelins of returning
(49, -9, D:2)
  a +0 dagger
(49, -5, D:2)
  a +0 spear
  a +0 animal skin
  the hobgoblin skeleton of Robin
(53, -30, D:2)
  a rat skeleton
(55, -29, D:2)
  a frilled lizard skeleton
(55, -4, D:2)
  a +0 ring mail
(59, -7, D:2)
  a +0 ring mail
(60, -13, D:2)
  a +0 dagger
(60, -9, D:2)
  a +0 club
  a +0 dagger
  a hobgoblin skeleton
  a goblin skeleton
  a hobgoblin skeleton
  a goblin skeleton
  a goblin skeleton
(62, -15, D:2)
  a +0 club
  a goblin skeleton
  a goblin skeleton

Level 4 of the Dungeon
(0, 0, D:4)
  a +0 whip
(6, -10, D:4)
  18 stones
(9, -5, D:4)
  11 gold pieces

