Ecopub

Level 1 of the Dungeon
(0, 0, D:1)
  a potion of lignification

Level 1 of the Swamp
(0, 0, Swamp:1)
  a ration
(1, 7, Swamp:1)
  18 gold pieces

Level 3 of the Swamp
(0, 0, Swamp:3)
  22 stones
(1, -35, Swamp:3)
  3 scrolls of identify
(7, -40, Swamp:3)
  a scroll of identify
(9, -29, Swamp:3)
  a +0 rapier
(10, -11, Swamp:3)
  the +0 scale mail of the Bouncing Runes {*Contam +Inv rC+ SInv}
    It protects you from cold.
    It lets you see invisible.
    It lets you turn invisible.
    It causes magical contamination when unequipped.
(11, -7, Swamp:3)
  a +0 ring mail
(12, -25, Swamp:3)
  a scroll of blinking
(16, 1, Swamp:3)
  a +0 dagger
(18, -12, Swamp:3)
  a +0 buckler
(18, -2, Swamp:3)
  17 gold pieces
(20, -30, Swamp:3)
  a potion of might
(20, -15, Swamp:3)
  a ration
(21, -12, Swamp:3)
  a +0 scale mail
(22, -23, Swamp:3)
  2 tomahawks
(22, 3, Swamp:3)
  31 gold pieces
(23, -21, Swamp:3)
  16 stones
(24, -26, Swamp:3)
  14 sling bullets
(26, -33, Swamp:3)
  a potion of magic
(32, -22, Swamp:3)
  22 stones
(32, -21, Swamp:3)
  a scroll of teleportation
(33, -12, Swamp:3)
  21 gold pieces
(34, -26, Swamp:3)
  a +0 spear
(35, -23, Swamp:3)
  a ration
(37, -24, Swamp:3)
  a book of the Earth
(38, 0, Swamp:3)
  a +0 short sword
(40, -22, Swamp:3)
  16 gold pieces
(40, -21, Swamp:3)
  a +0 great mace
(41, -30, Swamp:3)
  17 gold pieces
(42, -36, Swamp:3)
  22 gold pieces
(42, -12, Swamp:3)
  a +0 chain mail
(43, -46, Swamp:3)
  14 gold pieces
(43, -34, Swamp:3)
  a +0 dire flail
(43, -19, Swamp:3)
  a +0 scale mail
(43, -10, Swamp:3)
  a scroll of identify
(43, -7, Swamp:3)
  a +0 scale mail
(44, -15, Swamp:3)
  19 gold pieces
(44, -9, Swamp:3)
  a ration
(47, -37, Swamp:3)
  18 gold pieces
(48, -6, Swamp:3)
  a +0 great mace
(49, -31, Swamp:3)
  a lightning rod (4/4)
(49, -7, Swamp:3)
  a scroll of identify
(51, -29, Swamp:3)
  2 potions of might
(51, -4, Swamp:3)
  a scroll of identify
(51, 4, Swamp:3)
  16 gold pieces
(51, 8, Swamp:3)
  a scroll of identify
(52, -46, Swamp:3)
  23 stones
(52, -27, Swamp:3)
  21 stones
(52, -24, Swamp:3)
  a +0 helmet
(53, -39, Swamp:3)
  a +0 shortbow
(53, 0, Swamp:3)
  18 gold pieces
(54, -48, Swamp:3)
  18 gold pieces
(54, -27, Swamp:3)
  a scroll of teleportation
(54, -3, Swamp:3)
  a +0 scale mail
(55, -38, Swamp:3)
  a scroll of identify
(56, 1, Swamp:3)
  22 sling bullets
(57, -13, Swamp:3)
  a potion of cancellation
(58, -22, Swamp:3)
  a scroll of immolation
(58, -20, Swamp:3)
  21 gold pieces
(59, -27, Swamp:3)
  a +0 falchion
(60, -2, Swamp:3)
  3 javelins
(61, -33, Swamp:3)
  8 tomahawks
(61, -21, Swamp:3)
  14 gold pieces
(61, -8, Swamp:3)
  a ration

Level 2 of the Shoals
(0, 0, Shoals:2)
  a potion of might
(13, 4, Shoals:2)
  an uncursed staff of poison

Level 3 of the Shoals
(0, 0, Shoals:3)
  28 arrows
(4, -2, Shoals:3)
  20 sling bullets

Level 1 of the Snake Pit
(0, 0, Snake:1)
  12 gold pieces

Level 2 of the Snake Pit
(0, 0, Snake:2)
  a +0 robe

Level 2 of the Spider Nest
(0, 0, Spider:2)
  19 gold pieces
(1, -1, Spider:2)
  a +0 leather armour

Level 3 of the Spider Nest
(0, 0, Spider:3)
  a potion of curing

