Reuwonte

Level 1 of the Dungeon
(0, 0, D:1)
  26 sling bullets
(2, -5, D:1)
  9 gold pieces
(2, 7, D:1)
  a +0 short sword
(11, -1, D:1)
  a +0 hand axe
(15, 7, D:1)
  a +1 vampiric whip
(15, 12, D:1)
  2 scrolls of identify
(16, 21, D:1)
  19 stones
(16, 29, D:1)
  a +0 ring mail
(17, 1, D:1)
  a scroll of identify
(18, 3, D:1)
  9 gold pieces
(20, 26, D:1)
  a +0 whip
(23, 26, D:1)
  cursed +0 pearl dragon scales
(24, -4, D:1)
  a +0 leather armour
(24, 22, D:1)
  a +0 spear
(28, 26, D:1)
  3 large rocks
(39, -5, D:1)
  16 arrows
(39, 1, D:1)
  5 gold pieces
(41, -2, D:1)
  25 stones
(43, 34, D:1)
  a scroll of fear
(46, 20, D:1)
  11 gold pieces
(47, 0, D:1)
  a scroll of enchant armour
  (unseen)
(47, 12, D:1)
  a cursed -3 dagger
(47, 26, D:1)
  a +0 leather armour
(47, 30, D:1)
  a ration
(49, 7, D:1)
  a ration
(59, 5, D:1)
  8 gold pieces

Level 9 of the Dungeon

Level 1 of the Lair of Beasts
(0, 0, Lair:1)
  a +0 flail
(3, -7, Lair:1)
  19 arrows
(5, -17, Lair:1)
  a potion of degeneration
(5, 11, Lair:1)
  a ration
(10, -5, Lair:1)
  14 gold pieces
(15, 23, Lair:1)
  a potion of might
(17, 16, Lair:1)
  a scroll of enchant weapon
(30, 17, Lair:1)
  19 stones
(31, -24, Lair:1)
  a ration
(41, 1, Lair:1)
  a scroll of teleportation
(44, 6, Lair:1)
  a book of Callings

