Ugyer

Level 1 of the Dungeon
(0, 0, D:1)
  a +4 plate armour of poison resistance

Level 5 of the Realm of Zot
(0, 0, Zot:5)
  a potion of lignification
(3, -16, Zot:5)
  a +0 falchion
(9, -15, Zot:5)
  21 gold pieces
(10, -3, Zot:5)
  a +0 ring mail
(12, 1, Zot:5)
  11 arrows
(12, 29, Zot:5)
  23 bolts
(13, 23, Zot:5)
  a throwing net
(14, 22, Zot:5)
  a +2 dire flail of protection
(16, 18, Zot:5)
  a scroll of identify
(17, -9, Zot:5)
  14 gold pieces
(20, -9, Zot:5)
  the Orb of Zot
(38, 10, Zot:5)
  23 gold pieces
(44, 9, Zot:5)
  a scroll of identify
(49, -5, Zot:5)
  a ration

