Zaegh

Level 1 of the Dungeon
(0, 0, D:1)
  a +1 hunting sling of freezing
(0, 11, D:1)
  a scroll of remove curse
(0, 23, D:1)
  an uncursed amulet of harm
(2, -2, D:1)
  4 gold pieces
(4, -2, D:1)
  a ration
(5, 7, D:1)
  a scroll of magic mapping
(7, 26, D:1)
  a +0 war axe
  (unseen)
(7, 28, D:1)
  a +0 flail
  (unseen)
(11, 1, D:1)
  a scroll of teleportation
(13, 0, D:1)
  15 gold pieces
(17, 5, D:1)
  a scroll of teleportation
(18, 15, D:1)
  9 gold pieces
(23, 13, D:1)
  a cursed +0 leather armour
(24, 22, D:1)
  15 gold pieces
(25, 19, D:1)
  a +0 dagger
(26, 19, D:1)
  a scroll of blinking
(29, 21, D:1)
  a +0 hand axe
(33, 12, D:1)
  a potion of ambrosia
(36, 33, D:1)
  24 stones
(37, 14, D:1)
  a ration
(37, 26, D:1)
  17 sling bullets
(39, 8, D:1)
  8 stones
(39, 12, D:1)
  a +0 pair of boots
(41, 5, D:1)
  19 arrows
(45, 19, D:1)
  a +0 chain mail
(46, 14, D:1)
  a +0 dagger
(47, 11, D:1)
  a potion of experience
(48, 7, D:1)
  11 gold pieces
(49, -8, D:1)
  7 gold pieces
(50, -1, D:1)
  a scroll of remove curse
(52, 22, D:1)
  a ration
(59, 20, D:1)
  a scroll of identify
(63, -2, D:1)
  19 arrows

