Rurrequ

Level 5 of the Pits of Slime
(0, 0, Slime:5)
  a scroll of amnesia
(0, 1, Slime:5)
  a +0 helmet
(0, 8, Slime:5)
  6 needles of confusion
(0, 9, Slime:5)
  a +0 robe
(1, -1, Slime:5)
  a potion of curing
(1, 0, Slime:5)
  an uncursed staff of wizardry
(1, 1, Slime:5)
  a +0 scythe
(1, 2, Slime:5)
  a +0 quarterstaff
(1, 7, Slime:5)
  a scroll of enchant armour
(1, 8, Slime:5)
  27 arrows
(1, 9, Slime:5)
  a book of Maledictions
(1, 10, Slime:5)
  20 bolts
(2, -2, Slime:5)
  a +0 scale mail
(2, -1, Slime:5)
  an uncursed staff of poison
(2, 0, Slime:5)
  a slimy rune of Zot
(2, 1, Slime:5)
  the cursed +0 ring mail of Hysteria {Dex+6}
    It affects your dexterity (+6).
    It has a curse placed upon it.
(2, 2, Slime:5)
  a lamp of fire
(2, 7, Slime:5)
  a potion of haste
(2, 8, Slime:5)
  a lamp of fire
(2, 9, Slime:5)
  a phantom mirror
(2, 10, Slime:5)
  the Volume of the Nocuous Entourage
    Spells                           Type                      Level
     a - Sting                        Conjuration/Poison            1
     b - Poisonous Vapours            Poison/Air                    2
     c - Recall                       Summoning/Translocation       3
     d - Call Canine Familiar         Summoning                     3
     e - Summon Lightning Spire       Summoning/Air                 4
     f - Summon Hydra                 Summoning                     7
(2, 11, Slime:5)
  a +0 hand crossbow
(3, -2, Slime:5)
  a wand of enslavement (8)
(3, -1, Slime:5)
  a wand of paralysis (13)
(3, 0, Slime:5)
  the +5 spear of Cowardice {holy, Dex+2}
    It has been blessed by the Shining One to cause great damage to the undead
    and demons.
    
    It affects your dexterity (+2).
(3, 1, Slime:5)
  a scroll of enchant armour
(3, 8, Slime:5)
  14 bolts
(3, 9, Slime:5)
  a +3 fustibalus of flaming
(3, 10, Slime:5)
  a scroll of acquirement
(3, 11, Slime:5)
  a throwing net
(3, 12, Slime:5)
  a potion of curing
(4, -2, Slime:5)
  a +0 leather armour
(4, 0, Slime:5)
  a potion of brilliance
(4, 2, Slime:5)
  a +2 great sword of slicing
(4, 7, Slime:5)
  a +3 ring of dexterity
(4, 9, Slime:5)
  a +0 war axe
(4, 11, Slime:5)
  a ration
(9, 0, Slime:5)
  a potion of curing
(9, 2, Slime:5)
  a +2 robe
(9, 7, Slime:5)
  a +5 hand crossbow of freezing
(9, 9, Slime:5)
  45 gold pieces
(10, -1, Slime:5)
  a +2 ring of protection
(10, 0, Slime:5)
  +1 steam dragon scales
(10, 1, Slime:5)
  a +1 ring mail of fire resistance
(10, 8, Slime:5)
  21 stones
(10, 9, Slime:5)
  a book of Conjurations
(10, 10, Slime:5)
  a ration

