Goafyx

Level 1 of the Dungeon
(0, 0, D:1)
  a +0 dagger
(3, -11, D:1)
  a +0 ring mail
(7, 47, D:1)
  a +0 club
(12, 6, D:1)
  a +0 club

Level 2 of the Dungeon
(0, 0, D:2)
  a +0 dagger
(20, -10, D:2)
  a +0 whip
(26, 10, D:2)
  a +0 leather armour
  a +0 short sword
(28, 11, D:2)
  a potion of degeneration
  a +1 ring mail
(29, -21, D:2)
  a +0 dagger
(46, -2, D:2)
  a +0 robe
(54, 6, D:2)
  a +0 leather armour
(60, -18, D:2)
  a +0 ring mail
(62, 27, D:2)
  a +0 short sword
(64, -10, D:2)
  a +0 club
(67, -11, D:2)
  a +0 hunting sling

Level 3 of the Dungeon
(0, 0, D:3)
  a +0 dagger
(8, -29, D:3)
  a +0 dagger
(8, -8, D:3)
  a +0 club
(9, -36, D:3)
  a +0 leather armour
(9, -35, D:3)
  a +0 club
(11, -20, D:3)
  a +0 leather armour
(13, -20, D:3)
  a +0 leather armour
  a +0 flail
(16, -42, D:3)
  a +0 club
(16, -40, D:3)
  a +0 robe
  a +0 spear
(21, -2, D:3)
  a +0 chain mail
(41, -43, D:3)
  a +0 dagger
(41, -35, D:3)
  a +0 robe
  a +0 dagger
(41, -16, D:3)
  a +0 dagger
(49, -21, D:3)
  a +0 dagger
(52, -42, D:3)
  a +0 leather armour
(56, -38, D:3)
  a +0 robe

Level 4 of the Dungeon
(4, 6, D:4)
  a +0 giant spiked club
(8, 13, D:4)
  a +0 robe
  a +0 whip
(8, 15, D:4)
  a +0 whip
(17, 18, D:4)
  2 potions of degeneration
(18, 33, D:4)
  a +0 short sword
(30, 7, D:4)
  a +0 club
(37, 3, D:4)
  a +0 quarterstaff
  a +0 flail
  a +0 whip
  a +0 dagger
  a +0 leather armour
  a +0 hand axe
  a +0 leather armour
(38, 3, D:4)
  a +0 whip
(38, 9, D:4)
  a +0 robe
  a +0 dagger
(43, 20, D:4)
  a +0 leather armour
  a +0 war axe

Level 5 of the Dungeon
[Shop] Paug's Elemental Accessories
  a lamp of fire (560 gold)
  an uncursed staff of cold (350 gold)
  the Grimoire of the Mountains (961 gold)
    Spells                           Type                      Level
     a - Sandblast                    Earth                         1
     b - Petrify                      Transmutation/Earth           4
     c - Statue Form                  Transmutation/Earth           6
     d - Shatter                      Earth                         9
  a lightning rod (4/4) (560 gold)
(0, 0, D:5)
  a +0 whip
  a cursed +0 leather armour
(1, 31, D:5)
  a +0 chain mail
(7, 12, D:5)
  a +0 short sword
(16, 30, D:5)
  a +0 short sword
(16, 35, D:5)
  a +0 giant club
(30, 39, D:5)
  a +0 hunting sling
(31, 39, D:5)
  a +0 halberd
(36, 42, D:5)
  a +0 flail
(50, 53, D:5)
  a +0 ring mail
(55, 27, D:5)
  a +0 giant club
(57, 27, D:5)
  a +0 scale mail

Level 6 of the Dungeon
(9, -5, D:6)
  a scroll of fog
(11, -31, D:6)
  a +0 mace
(14, -8, D:6)
  an uncursed ring of protection from cold
(14, 2, D:6)
  a +0 rapier
(16, -6, D:6)
  a +0 scale mail
(19, 9, D:6)
  a +0 scale mail
(22, -9, D:6)
  a +0 ring mail
(23, -20, D:6)
  a +0 dagger
(30, 8, D:6)
  a cursed -2 dagger
(51, 5, D:6)
  a +0 hand axe
  a +0 flail
  a +0 giant spiked club
  an orc skeleton
  an orc skeleton
  an ogre skeleton
(59, 5, D:6)
  a +0 chain mail

