Arunloin

Level 1 of the Dungeon
(0, 0, D:1)
  a +0 club
(1, -18, D:1)
  a potion of might
(5, -25, D:1)
  a potion of heal wounds
(10, -8, D:1)
  a +0 whip
(17, 19, D:1)
  a +0 leather armour
(20, 6, D:1)
  a ration
(22, -5, D:1)
  a +0 dagger
(25, -23, D:1)
  a +0 club
(27, 3, D:1)
  a +0 club
(29, 16, D:1)
  a +0 club
  (unseen)
(34, -20, D:1)
  a +0 robe
(43, 8, D:1)
  a +0 whip

Level 2 of the Dungeon
(0, 0, D:2)
  a +0 rapier
(17, 3, D:2)
  24 stones
(53, -39, D:2)
  a +0 dagger
  (unseen)
(54, -38, D:2)
  2 arrows

Level 3 of the Dungeon
(3, -39, D:3)
  a +0 whip
(7, -39, D:3)
  a +0 club
(8, -18, D:3)
  a +0 robe
  a +0 leather armour
(9, -32, D:3)
  a +0 club
(9, -21, D:3)
  a +0 whip
(10, -22, D:3)
  a +0 robe
  a +0 dagger
(16, -29, D:3)
  a scarf of spirit shield
(20, -35, D:3)
  a +0 club
(23, -17, D:3)
  a +0 club
(28, -21, D:3)
  a +0 dagger
(29, -29, D:3)
  a cursed +0 leather armour
(31, -25, D:3)
  a ration
(44, -21, D:3)
  a potion of flight

Level 4 of the Dungeon
(0, 0, D:4)
  a +0 whip
(23, 51, D:4)
  a potion of agility
(28, 43, D:4)
  a +0 short sword
(40, 13, D:4)
  a +0 leather armour
  a +0 flail
(42, 12, D:4)
  a cursed -1 quarterstaff
(42, 13, D:4)
  a +0 chain mail
(43, 13, D:4)
  a ration
(46, 38, D:4)
  a potion of mutation
(47, 7, D:4)
  a +0 scale mail
(47, 13, D:4)
  a +0 robe
  a +0 dagger
(53, 11, D:4)
  a +0 shortbow
(54, 7, D:4)
  a ration
(62, 9, D:4)
  a potion of agility

Level 5 of the Dungeon
(0, 0, D:5)
  a +0 leather armour
(5, -4, D:5)
  a potion of lignification
(6, -20, D:5)
  a ration
(7, -23, D:5)
  a ration
(14, 2, D:5)
  a +0 ring mail
(17, -18, D:5)
  a +0 hunting sling
(19, -5, D:5)
  a +0 hand axe
(20, 5, D:5)
  a +0 hunting sling
(23, -17, D:5)
  a +0 robe
  a +0 dagger
(28, -14, D:5)
  a +0 animal skin
(29, -14, D:5)
  a +0 animal skin
(34, -17, D:5)
  a potion of heal wounds
  a +0 robe
(38, -10, D:5)
  a ration
(40, -19, D:5)
  a +0 leather armour
  a cursed -3 dagger
(42, -24, D:5)
  a +0 whip
  a +0 flail
(44, -9, D:5)
  a potion of might

Level 6 of the Dungeon
(3, 20, D:6)
  a +0 short sword
(4, 2, D:6)
  a +0 animal skin
(5, 2, D:6)
  a +0 animal skin
(6, 8, D:6)
  a gnoll corpse
(7, 20, D:6)
  a potion of flight
(10, 30, D:6)
  a +0 robe
(17, 8, D:6)
  a +0 giant club
(23, 28, D:6)
  a ration
(25, 13, D:6)
  a potion of brilliance
(25, 23, D:6)
  a cursed +0 ring mail
(28, 22, D:6)
  a +0 rapier
(31, 2, D:6)
  a +0 rapier
(31, 3, D:6)
  a +0 falchion
(31, 8, D:6)
  2 potions of ambrosia
(34, 11, D:6)
  a +0 short sword
(35, 26, D:6)
  a gnoll corpse
(40, 35, D:6)
  a +0 giant spiked club

Level 7 of the Dungeon
(0, 0, D:7)
  a throwing net
(1, -2, D:7)
  a sling bullet
(1, 1, D:7)
  a wand of flame (13)
(3, 7, D:7)
  a scroll of remove curse
(4, -9, D:7)
  a sling bullet
(14, -7, D:7)
  a sling bullet

the Ecumenical Temple

