Quxop

Level 1 of the Dungeon
(8, 12, D:1)
  a +0 club
(15, 10, D:1)
  a +0 club
(43, 24, D:1)
  a +0 club

Level 2 of the Dungeon
(0, 0, D:2)
  a cursed +0 robe
(15, 5, D:2)
  a cursed -3 club
(31, 18, D:2)
  a +0 club

Level 3 of the Dungeon
(8, -12, D:3)
  a +0 ring mail
(9, -12, D:3)
  a +0 robe
  a +0 mace
(10, -18, D:3)
  a +0 dagger
(10, -6, D:3)
  a +0 short sword
(20, -20, D:3)
  a +0 dagger
(31, -29, D:3)
  a +0 club
  a +0 flail
(35, -7, D:3)
  a cursed -3 club
(35, 1, D:3)
  a +0 dagger
(37, 4, D:3)
  a +0 club
(37, 5, D:3)
  a +0 robe
  a +0 club
(45, -28, D:3)
  a +0 mace

Level 4 of the Dungeon
(0, 0, D:4)
  a +0 leather armour
  a +0 club
(1, 6, D:4)
  a +0 giant spiked club
(7, 19, D:4)
  a +0 dagger
(9, 10, D:4)
  a +0 giant spiked club
(13, 29, D:4)
  a +0 mace
(20, 0, D:4)
  a +0 scale mail
  a +0 club
(23, 6, D:4)
  a +0 short sword

