Zyexanek

Level 1 of the Dungeon
(0, 0, D:1)
  a +0 club
(3, 1, D:1)
  a +0 short sword
(15, 8, D:1)
  a +0 dagger
(23, -6, D:1)
  a +0 leather armour
(24, 4, D:1)
  a +0 club
(26, 22, D:1)
  a +0 hunting sling
(27, 40, D:1)
  a +0 club
(31, -11, D:1)
  a +0 leather armour
(34, -4, D:1)
  a +0 short sword
(35, 4, D:1)
  a +0 club
(36, 38, D:1)
  a +0 robe
(40, 15, D:1)
  a +0 club
(48, 5, D:1)
  a +0 dagger
  a +0 short sword

Level 2 of the Dungeon
(8, 2, D:2)
  a +0 dagger
(21, -37, D:2)
  a cursed -3 club
(29, -24, D:2)
  a +0 leather armour
(34, -2, D:2)
  a +0 robe

Level 3 of the Dungeon
(0, 0, D:3)
  a +0 short sword
(8, 5, D:3)
  a +0 club
(12, -23, D:3)
  20 gold pieces
(13, -22, D:3)
  27 sling bullets
(15, -21, D:3)
  13 gold pieces
(31, -20, D:3)
  a sling bullet
(32, -29, D:3)
  a +0 club
(32, -22, D:3)
  a sling bullet
(32, 0, D:3)
  a +0 hunting sling
(48, -18, D:3)
  a +0 club

Level 4 of the Dungeon
(0, 0, D:4)
  a +0 robe
  a +0 dagger
  a +0 leather armour
  a +0 mace
(1, -1, D:4)
  a +0 scale mail
(2, 10, D:4)
  a +0 giant club
(20, -3, D:4)
  a +0 robe
  a +0 dagger
  a +0 dagger
  a +0 robe
  a cursed +0 club
(21, -4, D:4)
  a +0 leather armour
(24, 11, D:4)
  a +0 giant spiked club
(24, 12, D:4)
  a +0 robe
(25, 1, D:4)
  a +0 giant spiked club
  a +0 club
(26, 2, D:4)
  a +0 leather armour
  a +0 rapier
(27, 18, D:4)
  an inedible chunk of flesh
(28, 7, D:4)
  a +0 mace
  a cursed +0 robe
  a +0 dagger
(29, 15, D:4)
  an inedible chunk of flesh
(30, 12, D:4)
  a +0 whip
(31, 12, D:4)
  an inedible chunk of flesh
(34, -6, D:4)
  a +0 mace
(44, 18, D:4)
  a +0 shield
(44, 24, D:4)
  a +0 whip

Level 5 of the Dungeon
(2, 0, D:5)
  a +0 ring mail
(13, -15, D:5)
  a ration
(13, 2, D:5)
  a +0 leather armour
(16, -15, D:5)
  a scroll of immolation
(19, 14, D:5)
  a +0 animal skin
(20, 14, D:5)
  a +0 shortbow
(26, 15, D:5)
  a sling bullet
(27, 14, D:5)
  a +0 leather armour
  a +0 mace
(27, 15, D:5)
  a sling bullet
(28, 0, D:5)
  a +0 dagger
(29, 14, D:5)
  a +0 robe (still there?)
  2 sling bullets (still there?)
  a sling bullet (still there?)
(32, -5, D:5)
  a cursed ring of attention
  a cursed +0 robe
(33, -19, D:5)
  a +0 mace
(39, -3, D:5)
  a +1 centaur barding
(39, 17, D:5)
  a +0 hand axe

the Ecumenical Temple

