Toot Josk

Level 1 of the Dungeon
(0, 0, D:1)
  a +0 dagger
(4, -19, D:1)
  a +0 club
(26, -32, D:1)
  a +0 dagger
(29, -20, D:1)
  a +0 club
(35, -45, D:1)
  a cursed -1 hand axe
(50, -31, D:1)
  a +0 whip

Level 2 of the Dungeon
(10, -24, D:2)
  a +0 robe
(31, 9, D:2)
  a +0 chain mail
(41, -1, D:2)
  a scroll of identify
(43, -6, D:2)
  a scroll of immolation
(43, -5, D:2)
  17 bolts
(43, 1, D:2)
  12 gold pieces
(47, -2, D:2)
  a scroll of amnesia

Level 3 of the Dungeon
(0, 0, D:3)
  a rat skeleton
(1, 11, D:3)
  a cursed -3 dagger
  a kobold corpse
  a kobold corpse
(7, -11, D:3)
  a +0 club
(12, -11, D:3)
  a stone
(20, -11, D:3)
  a stone

