Ropnukes

Level 1 of the Dungeon
(0, 0, D:1)
  a +0 short sword
(2, -20, D:1)
  a +0 club
(8, -17, D:1)
  a +0 club
(14, -52, D:1)
  a +0 club
(14, -16, D:1)
  a +0 dagger
(24, -39, D:1)
  a +0 club
(33, -32, D:1)
  a +0 club
(46, -17, D:1)
  a +0 whip
(47, -37, D:1)
  a +0 robe
(50, -28, D:1)
  a +0 whip
(51, -2, D:1)
  a +0 dagger
(51, 6, D:1)
  a +0 dagger
(53, 4, D:1)
  a +0 club
  a +0 hand axe

Level 2 of the Dungeon
(0, 0, D:2)
  a stone
  (unseen)
(4, 0, D:2)
  a stone
  (unseen)
(12, -31, D:2)
  a +0 club
(14, -32, D:2)
  a +0 club
(19, -20, D:2)
  a +0 club
(19, -13, D:2)
  a +0 club
(21, -19, D:2)
  a +0 club
  a +1 animal skin
  a +0 club
(24, -8, D:2)
  a +0 club
(25, -8, D:2)
  a +0 club
(33, -28, D:2)
  a +0 robe
(35, -44, D:2)
  a +0 leather armour
(35, -9, D:2)
  a +0 club
(40, -27, D:2)
  a +0 club
(43, -30, D:2)
  a +0 robe
  a +0 club
(46, -35, D:2)
  a +0 club
(53, -23, D:2)
  a +0 club
(61, -16, D:2)
  a +0 robe

Level 3 of the Dungeon
(0, 0, D:3)
  a +0 club
(1, -1, D:3)
  a +0 club
(4, -11, D:3)
  a +0 helmet
(5, -17, D:3)
  a cursed ring of attention
(5, -15, D:3)
  a +0 club
(7, -18, D:3)
  a +0 dagger
(12, -23, D:3)
  a +0 leather armour
(19, -4, D:3)
  a +0 hunting sling
(26, -12, D:3)
  a +0 spear
(31, 25, D:3)
  a +0 mace
  a cursed +0 ring mail
  a +0 short sword
  a +0 leather armour
(31, 26, D:3)
  a cursed +0 ring mail
(32, 23, D:3)
  a +0 mace
(36, 15, D:3)
  a +0 hand axe

Level 4 of the Dungeon
(0, 0, D:4)
  a scroll of immolation
(3, 5, D:4)
  a +0 falchion
(4, 0, D:4)
  a +0 robe
(5, 4, D:4)
  a potion of brilliance
(6, -4, D:4)
  a stone
(8, 0, D:4)
  a stone
(9, -3, D:4)
  a stone
(9, -1, D:4)
  a stone
(10, -2, D:4)
  a stone
(10, 1, D:4)
  a stone
(11, -1, D:4)
  a stone
(11, 1, D:4)
  2 stones
(11, 2, D:4)
  a stone
(12, 0, D:4)
  2 stones
(12, 1, D:4)
  2 stones
(12, 2, D:4)
  a stone
(13, 1, D:4)
  2 stones
(13, 2, D:4)
  a +0 trident (still there?)
  a stone (still there?)
(14, -1, D:4)
  a stone
(16, -2, D:4)
  a +0 dagger
(19, -3, D:4)
  6 javelins
(24, -1, D:4)
  a stone

