Giops

Level 1 of the Dungeon
(0, 0, D:1)
  a +0 club
(9, -2, D:1)
  a cursed -1 dagger
(9, 16, D:1)
  a +0 dagger
(19, 2, D:1)
  a +0 club
(19, 9, D:1)
  a +0 club
(31, 18, D:1)
  a +0 short sword
(35, -12, D:1)
  a +0 short sword
(41, 3, D:1)
  a +0 club

Level 2 of the Dungeon
(0, 0, D:2)
  a +0 mace
(2, 2, D:2)
  a +0 hand axe
(5, -23, D:2)
  a +0 robe
(6, -1, D:2)
  a +0 club
(10, -43, D:2)
  a +0 club
(25, -10, D:2)
  a +0 dagger
(28, 17, D:2)
  a +0 leather armour
(30, -24, D:2)
  a +0 dagger
(39, -35, D:2)
  a +0 club
(51, 1, D:2)
  a +0 scale mail
(53, -6, D:2)
  a +0 animal skin

Level 3 of the Dungeon
(0, 0, D:3)
  a +0 dagger
  a +0 robe
  a +0 short sword
  a cursed -2 chain mail
  a +0 robe
  a +0 dagger
(15, 33, D:3)
  a +0 robe
  a +0 dagger
(17, -12, D:3)
  a +0 club
(19, -13, D:3)
  a +0 whip
(22, -7, D:3)
  a +0 spear
(23, 15, D:3)
  a +0 mace
(23, 16, D:3)
  a +0 dagger
(23, 33, D:3)
  a +0 club
(24, -3, D:3)
  a +0 leather armour
(25, 10, D:3)
  a +0 dagger
(27, 20, D:3)
  a +0 leather armour
  a +0 falchion
(28, 6, D:3)
  a +0 hand axe
  a +0 hand axe
(33, 3, D:3)
  a +0 club
(34, -13, D:3)
  a +0 robe
  a +0 club
(38, -19, D:3)
  a -1 falchion
  an uncursed ring of attention
(38, -9, D:3)
  a +0 quarterstaff
(40, 13, D:3)
  a +0 club
(41, -9, D:3)
  a +0 dagger
(42, -6, D:3)
  a +0 short sword
(47, -17, D:3)
  a +0 pair of gloves
(47, -5, D:3)
  a +0 hand axe
  a +0 leather armour
  a +0 halberd
(47, -4, D:3)
  a +0 spear
  a +0 leather armour

Level 4 of the Dungeon
(0, 0, D:4)
  a +0 dagger
  a +0 animal skin
(18, 25, D:4)
  a +0 short sword
(22, 2, D:4)
  a +0 battleaxe
(29, -1, D:4)
  a +0 cloak
(31, 34, D:4)
  a +0 falchion
(37, 29, D:4)
  a +0 hand axe
(38, 29, D:4)
  a +0 leather armour
  a +0 flail
(40, 3, D:4)
  a +0 club
  a +0 trident
  a +0 chain mail
(46, -9, D:4)
  a +0 short sword
  a +0 leather armour
(47, 9, D:4)
  a +0 ring mail
(47, 10, D:4)
  a +0 chain mail
  a +0 dagger
(48, 17, D:4)
  a +0 club
(48, 20, D:4)
  a +0 ring mail
  a +0 flail

Level 5 of the Dungeon
(0, 0, D:5)
  a +0 chain mail
(3, 3, D:5)
  a +0 animal skin
(4, -29, D:5)
  a +0 dagger
(5, 0, D:5)
  a +0 animal skin
(6, -9, D:5)
  a +0 animal skin
(10, -11, D:5)
  a +0 ring mail
  a +0 shortbow
(14, -41, D:5)
  a +0 mace
(28, -11, D:5)
  a +0 flail
(37, -2, D:5)
  a +0 robe
(43, -31, D:5)
  a +0 shortbow

Level 6 of the Dungeon
(0, 0, D:6)
  a +0 leather armour
  a cursed +0 short sword
  a +0 leather armour
  a +0 leather armour
(3, 14, D:6)
  a +0 club
(6, 14, D:6)
  a +0 spear
  a +0 flail
(7, 13, D:6)
  a +0 leather armour
  a +0 club
(10, -1, D:6)
  a +0 spear of flaming
  a -2 dagger
(11, -11, D:6)
  a +0 pair of gloves
(12, -9, D:6)
  a +3 amulet of reflection
(14, -3, D:6)
  a +0 giant club
  a +0 giant club
(14, 35, D:6)
  a +0 hand axe
(16, 11, D:6)
  a +0 trident
(17, -20, D:6)
  a +0 hand axe
(17, 23, D:6)
  a +0 rapier
(24, -13, D:6)
  a +0 trident
  a +0 leather armour
(24, 33, D:6)
  a +0 mace
(26, -21, D:6)
  a +0 short sword
(30, 1, D:6)
  a +0 robe
  a +0 whip of flaming
(30, 13, D:6)
  a +0 shortbow
(36, 16, D:6)
  a +0 chain mail
(37, 2, D:6)
  a +0 animal skin

Level 7 of the Dungeon
(1, 5, D:7)
  a +0 chain mail
(2, -37, D:7)
  a +0 long sword
(35, -31, D:7)
  a +0 halberd
(36, -32, D:7)
  a +0 spear
(36, -30, D:7)
  a +0 spear
(37, -31, D:7)
  a +0 spear
(44, 0, D:7)
  a +0 robe
(47, -20, D:7)
  a +0 leather armour
  a +0 hand axe
  a +0 dire flail
  a +0 chain mail
  a +0 chain mail

Level 8 of the Dungeon
(0, 0, D:8)
  a +0 robe
(3, 12, D:8)
  a +0 giant club
(12, -7, D:8)
  a +0 chain mail
  a +0 mace
(12, -3, D:8)
  a +0 robe
  a +0 dagger
(13, 0, D:8)
  a cursed +0 scale mail
  a +0 war axe
(14, -11, D:8)
  a +0 shortbow
(17, 1, D:8)
  a +0 shortbow
(19, -7, D:8)
  a +0 robe
(20, -20, D:8)
  a +0 ring mail
(20, 5, D:8)
  a wand of polymorph (8)
  2 potions of might
  a wand of digging (8)
  a scroll of vulnerability
  4 scrolls of teleportation
  a wand of iceblast (25)
  a wand of random effects (18)
  a wand of disintegration (9)
  a potion of invisibility
  2 potions of lignification
  4 potions of flight
  5 potions of heal wounds
  a potion of brilliance
  a wand of acid (7)
  10 potions of curing
  4 potions of agility
  2 scrolls of fear
  a wand of paralysis (7)
(20, 7, D:8)
  a +0 chain mail of fire resistance
  a +0 buckler
  a +0 plate armour
  a +1 robe of cold resistance
  +0 steam dragon scales
  a +0 shield
  a +0 plate armour
(20, 8, D:8)
  a +0 scale mail
(21, 7, D:8)
  a +1 flail of holy wrath
  a +1 broad axe
  a +1 hand axe of chopping
  a +2 double sword of holy wrath
  a +0 mace of holy wrath
  a +1 short sword of draining
  114 sling bullets
  2 exploding tomahawks
  4 tomahawks of returning
  a +2 long sword
  a +0 morningstar
  a +3 dagger of freezing
  a +0 war axe of venom
  a +0 hunting sling
  186 bolts
  a +3 whip
  20 javelins of returning
  a +1 dagger of venom
  a +0 dagger of speed
  a +0 short sword of holy wrath
(21, 8, D:8)
  a +0 war axe
  a +0 mace
(22, 7, D:8)
  a +2 bardiche of holy wrath
  a +2 battleaxe of flaming
  a +1 arbalest
  367 arrows
(23, 7, D:8)
  2 potions of haste
  a crystal ball of energy
  an uncursed ring of resist corrosion
  a phantom mirror
  a scroll of blinking
  2 potions of mutation
  a potion of magic
  9 scrolls of amnesia
  a scroll of noise
  a potion of ambrosia
  6 scrolls of immolation
  a wand of scattershot (3)
  a +3 ring of evasion
  a potion of cancellation
(23, 8, D:8)
  a -5 ring of evasion
(32, -20, D:8)
  a +0 whip
(33, -19, D:8)
  a +0 long sword
(37, 18, D:8)
  a +0 cloak
  a +0 pair of gloves
(38, -11, D:8)
  a +0 robe
  a +0 trident
(43, 20, D:8)
  a +0 hand axe
(45, -9, D:8)
  a +0 leather armour
(47, -6, D:8)
  a +0 shortbow
(48, -4, D:8)
  a +0 hand axe
(64, -16, D:8)
  a +0 war axe

Level 9 of the Dungeon
(6, -39, D:9)
  a +0 shortbow
(12, -25, D:9)
  a +0 robe
  a +0 dagger
(13, -21, D:9)
  a +0 leather armour
  a +0 flail
(18, -12, D:9)
  a +0 ring mail
(23, -7, D:9)
  a +0 robe
  a +0 giant club
(26, 5, D:9)
  a cursed +0 giant club
(38, -37, D:9)
  a +0 robe
(40, -37, D:9)
  a +0 long sword
(41, -10, D:9)
  a +0 dagger
(44, -11, D:9)
  4 large rocks
(45, -10, D:9)
  a +0 morningstar
(51, -38, D:9)
  a +0 mace
(52, -39, D:9)
  a +0 robe
  a +0 dagger
(56, -23, D:9)
  a +0 ring mail

Level 10 of the Dungeon
(0, 0, D:10)
  a +0 scale mail
(4, 2, D:10)
  a +0 giant spiked club
(23, -29, D:10)
  a +0 whip
  a +0 mace
(24, -31, D:10)
  a +0 leather armour
(34, 12, D:10)
  a +0 chain mail

Level 11 of the Dungeon
(0, 0, D:11)
  a +0 ring mail
(2, 4, D:11)
  a +0 scale mail
  a +0 hand axe
(5, 20, D:11)
  a +0 falchion
(10, 3, D:11)
  a +0 war axe
(25, 3, D:11)
  a +0 club
(29, 12, D:11)
  a +0 robe
  a +0 dagger
(30, 10, D:11)
  a +0 plate armour
  a +0 long sword
(31, 9, D:11)
  a +0 mace
  a +0 leather armour
(31, 10, D:11)
  a +0 chain mail
  a +0 halberd
(31, 11, D:11)
  a +0 chain mail
(32, 10, D:11)
  a +0 chain mail
  a +0 hand axe
(32, 12, D:11)
  a +0 robe
  a +0 dagger
(32, 34, D:11)
  a +0 dagger
(33, 11, D:11)
  a +0 robe
  a +0 dagger
(33, 33, D:11)
  a +0 robe
(34, 9, D:11)
  a +0 mace
(35, 21, D:11)
  a +0 giant spiked club
(41, 4, D:11)
  a +0 scale mail
(45, 17, D:11)
  a +0 short sword
(48, 19, D:11)
  a +0 chain mail
  a +0 flail
(50, 10, D:11)
  a +0 chain mail
  a +0 scimitar
(55, 4, D:11)
  a +0 chain mail
  a +0 war axe

Level 12 of the Dungeon
(0, 0, D:12)
  a potion of flight
(13, 2, D:12)
  16 gold pieces

the Ecumenical Temple

Level 1 of the Orcish Mines
[Shop] Neurhaott's Distillery
  a potion of flight (36 gold)
  a potion of curing (36 gold)
  a potion of agility (48 gold)
  a potion of curing (36 gold)
  a potion of mutation (96 gold)
  a potion of haste (120 gold)
(0, 0, Orc:1)
  a +0 giant spiked club
(0, 2, Orc:1)
  a +0 giant club
  a +0 giant club
  a +0 giant club
(2, -2, Orc:1)
  a +0 chain mail
  a +0 short sword
(2, 0, Orc:1)
  a +0 whip
(3, -1, Orc:1)
  a +0 chain mail
  a +0 arbalest
(4, -2, Orc:1)
  a +0 leather armour
  a +0 flail
(4, 0, Orc:1)
  a +0 chain mail
  a +0 glaive
(5, -4, Orc:1)
  a +0 robe
  a +0 dagger
(6, -4, Orc:1)
  a +0 hand axe
(7, -5, Orc:1)
  a +0 robe
  a +0 dagger
  a +0 robe
  a +0 dagger
(8, -7, Orc:1)
  a +0 whip
(8, -6, Orc:1)
  a +0 robe
  a +0 dagger of speed
(13, -10, Orc:1)
  a +0 giant club
  a +0 giant spiked club
(15, -2, Orc:1)
  a +0 ring mail
  a +0 dagger
(18, -6, Orc:1)
  a +0 giant spiked club
(22, -20, Orc:1)
  a +0 robe
  a +0 dagger
  a +0 giant club
(22, -14, Orc:1)
  a +0 scale mail
  a +0 club
(22, -8, Orc:1)
  a potion of degeneration
(23, -20, Orc:1)
  a +0 giant club
  a +0 plate armour
(23, -19, Orc:1)
  a +0 robe
  a +0 dagger
(23, -15, Orc:1)
  a +0 chain mail
  a +0 trident
(24, -23, Orc:1)
  a +0 troll leather armour
(24, -15, Orc:1)
  a +0 scale mail
(25, -12, Orc:1)
  a +0 giant spiked club
  a +0 giant club
(27, -21, Orc:1)
  a large rock
(27, -16, Orc:1)
  a +0 leather armour
  a +0 club
(30, -21, Orc:1)
  a large rock
(32, -5, Orc:1)
  a +0 troll leather armour
(33, -4, Orc:1)
  a +0 troll leather armour
(33, 3, Orc:1)
  a +0 giant club
(34, -1, Orc:1)
  a +0 plate armour
  a +0 arbalest
  a +0 glaive
(37, -2, Orc:1)
  a +0 chain mail
  a cursed -3 flail
(37, -1, Orc:1)
  a +0 giant club
  a +0 giant spiked club
  a +0 giant club
(38, -2, Orc:1)
  a +0 robe
  a +0 whip
(38, 0, Orc:1)
  a +0 dire flail
  a cursed -1 giant club
(39, -2, Orc:1)
  a +0 giant club
(39, -1, Orc:1)
  a +0 robe

Level 2 of the Orcish Mines
[Shop] Luguann's Distillery
  a potion of invisibility (104 gold)
  a potion of brilliance (52 gold)
  a potion of might (52 gold)
  a potion of lignification (39 gold)
  a potion of curing (39 gold)
  a potion of curing (39 gold)
  a potion of magic (104 gold)
[Shop] Hasuna's Food Boutique
  a ration (70 gold)
  a ration (70 gold)
  a ration (70 gold)
  a ration (70 gold)
  a ration (70 gold)
  a ration (70 gold)
  a ration (70 gold)
  a ration (70 gold)
  a ration (70 gold)
  a ration (70 gold)
  a ration (70 gold)
  a ration (70 gold)
[Shop] Ykkirphya's Weapon Boutique
  a +0 mace (42 gold)
  a +2 falchion of holy wrath (243 gold)
  21 stones (29 gold)
  a +0 battleaxe (91 gold)
  a +0 great sword (91 gold)
  a +0 rapier of protection (95 gold)
  a +0 hand axe (42 gold)
  a cursed -3 hand crossbow (1 gold)
  12 poisoned needles (67 gold)
[Shop] Jipreuma's Magic Scroll Shoppe
  a scroll of enchant armour (120 gold)
  a scroll of teleportation (48 gold)
  a scroll of remove curse (48 gold)
  a scroll of teleportation (48 gold)
  a scroll of identify (32 gold)
  a scroll of holy word (120 gold)
  a scroll of identify (32 gold)
  a scroll of identify (32 gold)
  a scroll of identify (32 gold)
  a scroll of random uselessness (16 gold)
  a scroll of holy word (120 gold)
(0, 0, Orc:2)
  a +0 robe
  a +0 dagger
(1, 3, Orc:2)
  a +0 club
(3, -2, Orc:2)
  a +0 robe
  a +0 dagger
(3, 2, Orc:2)
  a +0 chain mail
  a +0 short sword
(10, 4, Orc:2)
  a +0 dagger
  a +0 troll leather armour
(11, 8, Orc:2)
  a +0 ring mail
  a +0 dagger
(12, 5, Orc:2)
  a +0 giant club
  a +0 giant club
(12, 6, Orc:2)
  a +0 giant club
  a large rock
(12, 7, Orc:2)
  a +0 giant club
  a +0 giant club
(14, 10, Orc:2)
  a large rock
  a +0 plate armour
  a +0 trident
(15, 11, Orc:2)
  2 large rocks
(16, 9, Orc:2)
  a +0 troll leather armour
(16, 12, Orc:2)
  a +0 mace
(17, 15, Orc:2)
  a +0 giant club
  a +0 giant spiked club
(17, 29, Orc:2)
  a +0 flail
(18, 14, Orc:2)
  a +0 giant club
  a +0 great mace
(18, 25, Orc:2)
  a +3 ring of evasion
(18, 30, Orc:2)
  a +0 plate armour
  (unseen)
(19, 16, Orc:2)
  a +0 giant club
  a +0 giant club
(19, 17, Orc:2)
  a +0 giant club
(19, 25, Orc:2)
  a +2 ring mail of poison resistance
(20, 17, Orc:2)
  a +0 giant spiked club
  a +0 giant club
(20, 18, Orc:2)
  a +0 giant club
  a +0 giant club
(20, 30, Orc:2)
  a +0 leather armour
  (unseen)
(21, 25, Orc:2)
  the +0 pair of gloves "Gibracyf" {rPois}
    It protects you from poison.
(22, 25, Orc:2)
  the +8 longbow "Wamoep" {velocity, rPois rC- Int+5}
    Any arrow fired from it inflicts extra damage.
    
    It affects your intelligence (+5).
    It makes you vulnerable to cold.
    It protects you from poison.
(23, 29, Orc:2)
  23 gold pieces
(24, 19, Orc:2)
  a cursed -1 giant spiked club
  a +0 giant club
(25, 30, Orc:2)
  a +1 mace of venom (still there?)
  a +0 dagger (still there?)
(26, 26, Orc:2)
  a +0 trident
(26, 29, Orc:2)
  a +0 leather armour
  (unseen)
(28, 25, Orc:2)
  a +0 giant club
(29, 36, Orc:2)
  a +0 giant club
(29, 37, Orc:2)
  a large rock
(29, 38, Orc:2)
  a +0 giant club
(30, 36, Orc:2)
  a +0 ring mail
  a +0 club
(30, 37, Orc:2)
  a +0 giant club
(31, 37, Orc:2)
  a +0 giant spiked club
(32, 31, Orc:2)
  a +0 war axe
(32, 35, Orc:2)
  a +0 robe
(33, 31, Orc:2)
  a +0 leather armour
  a cursed +0 short sword
(34, 32, Orc:2)
  a +0 robe
  a +0 dagger
(35, 33, Orc:2)
  a large rock
(37, 32, Orc:2)
  a +0 giant club

Level 1 of the Lair of Beasts
(0, 0, Lair:1)
  a +0 hunting sling

Level 2 of the Lair of Beasts
(0, 0, Lair:2)
  a +0 glaive
(10, -22, Lair:2)
  a +0 chain mail
(11, 8, Lair:2)
  a +0 leather armour
(17, -10, Lair:2)
  a +0 falchion
(23, 16, Lair:2)
  a +0 club
(27, -18, Lair:2)
  a +0 dagger
(27, 12, Lair:2)
  a book of Necromancy
(32, 29, Lair:2)
  a +0 dagger

Level 3 of the Lair of Beasts
(0, 0, Lair:3)
  a +0 club
(8, -32, Lair:3)
  a cursed -1 chain mail
(8, -2, Lair:3)
  a +0 mace
(13, -29, Lair:3)
  a +0 leather armour
(17, -32, Lair:3)
  a +0 robe
(30, -24, Lair:3)
  a +0 club

Level 4 of the Lair of Beasts
(0, 0, Lair:4)
  a +0 leather armour
(23, 22, Lair:4)
  28 stones
(24, 22, Lair:4)
  a scroll of magic mapping
(25, 22, Lair:4)
  17 gold pieces
(26, 22, Lair:4)
  19 gold pieces
(26, 30, Lair:4)
  13 gold pieces
(34, 3, Lair:4)
  a +0 club
(36, -7, Lair:4)
  a +0 ring mail
(55, 11, Lair:4)
  a +0 scale mail

Level 5 of the Lair of Beasts
(0, 0, Lair:5)
  a +0 ring mail
(8, -33, Lair:5)
  a +0 rapier
(12, -27, Lair:5)
  a +0 great sword
(13, -33, Lair:5)
  a +0 pair of boots
(13, -30, Lair:5)
  a +0 war axe
(19, 12, Lair:5)
  a +0 pair of gloves

Level 6 of the Lair of Beasts
(0, 0, Lair:6)
  a +0 ring mail
(2, 2, Lair:6)
  a +0 hand axe
(3, -37, Lair:6)
  a +0 scale mail
(12, -15, Lair:6)
  a +0 robe
  a +0 dagger
(13, -15, Lair:6)
  a +0 leather armour
(15, -17, Lair:6)
  a +0 leather armour
(15, -9, Lair:6)
  a +0 robe
(25, 0, Lair:6)
  a +0 pair of gloves
(40, -38, Lair:6)
  a +0 robe
(40, -37, Lair:6)
  a +0 ring mail
(50, 3, Lair:6)
  a +0 mace

