Joshaeg

Level 1 of the Dungeon
(0, 0, D:1)
  a scroll of teleportation
(5, 14, D:1)
  a scroll of identify
(8, 21, D:1)
  6 poisoned needles
(18, -6, D:1)
  14 gold pieces
(19, -2, D:1)
  a ration
(22, 13, D:1)
  26 stones
(23, 11, D:1)
  a potion of lignification
(26, -9, D:1)
  a cursed +0 club
(27, -18, D:1)
  11 gold pieces
(28, -21, D:1)
  a +2 ring of protection
(29, -7, D:1)
  9 gold pieces
(30, -10, D:1)
  a stone
(32, 23, D:1)
  16 gold pieces
(34, -12, D:1)
  a stone
(36, -6, D:1)
  a stone
(37, 6, D:1)
  a potion of lignification
(37, 8, D:1)
  a scroll of fog
(39, -6, D:1)
  a +0 club
  (unseen)
(39, 6, D:1)
  a +0 ring mail
(39, 8, D:1)
  a ration
(40, -7, D:1)
  a frilled lizard corpse
(46, -7, D:1)
  6 gold pieces

