Kuennos

Level 1 of the Dungeon
(0, 0, D:1)
  a scroll of blinking
(2, -13, D:1)
  9 bolts
(5, 10, D:1)
  15 stones
(7, -10, D:1)
  14 gold pieces
(8, -4, D:1)
  a scroll of fear
(10, 11, D:1)
  14 gold pieces
(14, 23, D:1)
  a +0 mace
(15, -5, D:1)
  20 stones
(15, 23, D:1)
  a scroll of magic mapping
(18, -1, D:1)
  18 stones
(20, -13, D:1)
  a +0 short sword
(21, 5, D:1)
  a ration
(21, 11, D:1)
  5 gold pieces
(21, 18, D:1)
  6 poisoned needles
(22, 13, D:1)
  a +0 ring mail
(25, -3, D:1)
  a potion of invisibility
(30, 0, D:1)
  11 gold pieces
(31, -5, D:1)
  a +0 ring mail
(36, 7, D:1)
  a +1 helmet
(37, 7, D:1)
  a scroll of remove curse
(39, -12, D:1)
  a +0 short sword
(39, 22, D:1)
  a scroll of noise
(40, 4, D:1)
  15 sling bullets
(43, 16, D:1)
  a scroll of remove curse
(45, 4, D:1)
  12 arrows
(46, -10, D:1)
  a +0 leather armour
(48, -10, D:1)
  a potion of degeneration
(48, 27, D:1)
  a ration
(49, 21, D:1)
  a potion of flight

