Niaprell

Level 1 of the Dungeon
(0, 0, D:1)
  a cursed -1 dagger
(8, 26, D:1)
  a +0 hand axe
(10, 18, D:1)
  a +0 club
(12, 20, D:1)
  a cursed -3 club
(20, 21, D:1)
  a +0 spear
(22, 4, D:1)
  a +0 dagger
(25, -7, D:1)
  a +0 dagger
(32, 2, D:1)
  a cursed -1 club
(36, 5, D:1)
  a +0 robe
  a +0 dagger
(39, 12, D:1)
  a +0 club
(46, 1, D:1)
  a +0 robe

Level 2 of the Dungeon
(0, 0, D:2)
  a +0 leather armour
(3, 31, D:2)
  a +0 dagger
(39, 0, D:2)
  a +0 whip

Level 3 of the Dungeon
(0, 0, D:3)
  a cursed -2 club
(11, -22, D:3)
  a +0 short sword
(20, -33, D:3)
  a +0 rapier
(27, -22, D:3)
  8 gold pieces
(27, -21, D:3)
  a scroll of identify
(29, -14, D:3)
  a +0 robe
(42, -19, D:3)
  a +0 pair of gloves
(47, -34, D:3)
  a +0 club
(49, 6, D:3)
  a +0 chain mail
(57, -31, D:3)
  a +0 club

Level 4 of the Dungeon
(0, 0, D:4)
  a +0 club
(2, 0, D:4)
  a +0 ring mail
  a +0 spear
(4, 17, D:4)
  a +0 chain mail
(5, 1, D:4)
  a +0 hand axe
(13, 1, D:4)
  a +0 halberd
(17, -12, D:4)
  a +0 chain mail
  a +0 falchion

Level 5 of the Dungeon
(22, 1, D:5)
  a +0 spear
(22, 2, D:5)
  a +0 shortbow
  a +0 club
(30, 32, D:5)
  a +0 shortbow
  a +0 leather armour
  a +0 falchion
  a +0 leather armour
(32, 10, D:5)
  a +0 robe
(36, 25, D:5)
  a +0 giant club
(42, 20, D:5)
  a +0 club
(42, 23, D:5)
  a +0 hand axe
(42, 25, D:5)
  a +0 leather armour
(49, -17, D:5)
  a +0 pair of gloves

Level 6 of the Dungeon
(0, 0, D:6)
  a +0 giant club
(2, 9, D:6)
  a +0 giant club
(17, -3, D:6)
  a +0 trident
(22, -1, D:6)
  a cursed -2 short sword

Level 7 of the Dungeon
[Shop] Husiss's Distillery
  a potion of mutation (96 gold)
  2 potions of brilliance (96 gold)
  a potion of berserk rage (60 gold)
  a potion of curing (36 gold)
  a potion of berserk rage (60 gold)
  a potion of flight (36 gold)
(0, 0, D:7)
  a +0 war axe
(3, 27, D:7)
  a +0 giant club
  an ogre skeleton
(12, 22, D:7)
  a +0 club
(13, 22, D:7)
  a +0 short sword
  a +0 flail
  a +0 plate armour
(14, -15, D:7)
  a +0 giant spiked club
(14, 0, D:7)
  a +0 flail
  a +0 ring mail
(28, 33, D:7)
  a potion of degeneration
(35, -3, D:7)
  a +0 blowgun
(42, 26, D:7)
  a +0 dagger
  a cursed +0 robe

the Ecumenical Temple

