Doshru Soshab

Level 1 of the Dungeon
(0, 0, D:1)
  a +0 dagger
(0, 7, D:1)
  a +0 dagger
(0, 13, D:1)
  a +0 club
  a +0 dagger
  a +0 whip
(12, 24, D:1)
  a +0 dagger
(17, 32, D:1)
  4 large rocks
(24, -8, D:1)
  a +0 dagger
(25, 6, D:1)
  a +0 dagger
(29, 33, D:1)
  a +0 dagger
(39, 17, D:1)
  a +0 club

Level 2 of the Dungeon
(0, 0, D:2)
  a +0 spear
(1, 39, D:2)
  a +0 spear
(27, 26, D:2)
  a +0 ring mail
(27, 28, D:2)
  a +0 leather armour
(33, 33, D:2)
  a +0 club
(39, 39, D:2)
  a +0 dagger
(53, 18, D:2)
  a +0 dagger
(57, 9, D:2)
  a +0 robe
  a +1 helmet

Level 3 of the Dungeon
(0, 0, D:3)
  a +0 hand axe
(3, -8, D:3)
  a +0 ring mail
(4, 5, D:3)
  a +0 club
(8, 10, D:3)
  a +0 dagger
  a +0 dagger
  a cursed +0 leather armour
(9, -27, D:3)
  a cursed +0 robe
  a +0 dagger
(11, -22, D:3)
  a +0 club
  a +0 flail
(13, -26, D:3)
  a +0 ring mail
  a +0 war axe
(19, 17, D:3)
  a +0 short sword
(20, 17, D:3)
  a +0 dagger
  a +0 club
(27, -16, D:3)
  a +0 club
(33, -18, D:3)
  a cursed +0 ring mail
  a +0 falchion
(37, -13, D:3)
  a +0 dagger
(40, 18, D:3)
  a +0 short sword
(48, -2, D:3)
  a +0 helmet

Level 4 of the Dungeon
(0, 0, D:4)
  a +0 giant club
(15, -13, D:4)
  a +0 dagger
(21, -26, D:4)
  a +0 giant club
(21, -13, D:4)
  a +0 ring mail
  a +0 trident
(22, -6, D:4)
  a potion of degeneration
(25, -26, D:4)
  2 potions of degeneration
(29, -18, D:4)
  a +0 scale mail
(31, 9, D:4)
  a +0 robe
  a +0 dagger
  a +0 flail
(32, 9, D:4)
  a +0 flail
(37, 9, D:4)
  a +0 robe
  a +0 dagger
(42, 15, D:4)
  a +0 hunting sling
(56, -3, D:4)
  a +0 flail

Level 5 of the Dungeon
[Shop] Udiviw's Serpentskin Sales
  4 poisoned tomahawks (40 gold)
  the Disquisition on Envenoming (609 gold)
    Spells                           Type                      Level
     a - Sting                        Conjuration/Poison            1
     b - Poisonous Vapours            Poison/Air                    2
     c - Mephitic Cloud               Conjuration/Poison/Air        3
     d - Ignite Poison                Fire/Transmutation/Poison     3
     e - Venom Bolt                   Conjuration/Poison            5
  7 poisoned tomahawks (70 gold)
  Sif Muna's Compendium of Contamination (571 gold)
    Spells                           Type                      Level
     a - Sting                        Conjuration/Poison            1
     b - Poisonous Vapours            Poison/Air                    2
     c - Ignite Poison                Fire/Transmutation/Poison     3
     d - Spider Form                  Transmutation/Poison          3
     e - Olgreb's Toxic Radiance      Poison                        4
     f - Venom Bolt                   Conjuration/Poison            5
     g - Alistair's Intoxication      Transmutation/Poison          5
(9, -14, D:5)
  a +0 giant club
(11, 13, D:5)
  a +0 mace
(13, -22, D:5)
  a +0 dagger
  a +0 dagger
  a +0 robe
(16, -20, D:5)
  a +0 dagger
(25, -14, D:5)
  a +0 leather armour
  a +0 dagger
(30, 21, D:5)
  a +0 robe

