Desov

Level 1 of the Dungeon
(0, 0, D:1)
  a +0 club
(7, -23, D:1)
  a +0 dagger
(22, -10, D:1)
  a +0 robe
(36, 4, D:1)
  a +0 dagger
(36, 7, D:1)
  a +0 chain mail
(48, -21, D:1)
  a +0 club

Level 2 of the Dungeon
(0, 4, D:2)
  21 poisoned needles
(0, 7, D:2)
  a ration
(15, 42, D:2)
  a +0 dagger
(21, 1, D:2)
  a +0 club
(24, -2, D:2)
  a +0 dagger
(32, 15, D:2)
  a +0 chain mail
(34, 36, D:2)
  a +0 club
(34, 38, D:2)
  a +0 club
(34, 39, D:2)
  a +0 dagger
(36, 44, D:2)
  a +0 whip
(41, 35, D:2)
  an uncursed ring of attention
  a cursed -3 mace
(46, 13, D:2)
  a +0 club

Level 3 of the Dungeon
(0, 0, D:3)
  a +0 dagger
  a cursed +0 animal skin
(5, -18, D:3)
  a stone
(6, -18, D:3)
  a stone
(6, -17, D:3)
  a stone
(8, -23, D:3)
  a stone
(8, -17, D:3)
  a potion of flight
(9, -21, D:3)
  a potion of agility
(9, -20, D:3)
  a stone
(12, 8, D:3)
  a bat skeleton

