Domown

Level 1 of the Dungeon
(0, 0, D:1)
  a ration
(5, 15, D:1)
  a +0 dagger
(8, 21, D:1)
  a +0 club
(17, 29, D:1)
  a +0 club
(24, 28, D:1)
  a +0 robe
(25, 25, D:1)
  a +0 club
(26, 35, D:1)
  a +0 dagger
(38, 26, D:1)
  a +0 dagger
(39, 32, D:1)
  a +0 club
  a +0 robe
(39, 44, D:1)
  a +0 club
(45, 11, D:1)
  a +0 club
(49, 19, D:1)
  a +0 mace
(49, 23, D:1)
  a potion of curing

Level 2 of the Dungeon
(0, 0, D:2)
  a potion of resistance
(2, -11, D:2)
  a +0 falchion
(5, -15, D:2)
  a potion of degeneration
(6, 8, D:2)
  a ration
(8, 6, D:2)
  a +0 robe
(12, 16, D:2)
  a potion of mutation
(13, 6, D:2)
  a +0 leather armour
(13, 13, D:2)
  a ration
(26, 7, D:2)
  a +0 club
(31, 14, D:2)
  a potion of ambrosia
(34, 6, D:2)
  a potion of curing
(37, 23, D:2)
  a +0 club
  a +0 flail
(56, 15, D:2)
  a potion of flight

Level 3 of the Dungeon
(0, 0, D:3)
  a +0 ring mail
(2, -11, D:3)
  a +0 leather armour
(3, -15, D:3)
  a potion of ambrosia
  a +0 whip
(5, -12, D:3)
  a potion of haste
(10, -3, D:3)
  a +0 hunting sling
(25, -3, D:3)
  a +0 robe
(26, 16, D:3)
  a +0 dagger
(37, -16, D:3)
  a +0 short sword
(39, -19, D:3)
  a ration
(40, 14, D:3)
  a book of Minor Magic
(42, -7, D:3)
  a ration
(47, 25, D:3)
  a potion of heal wounds
(54, 5, D:3)
  a +0 robe

Level 4 of the Dungeon
(0, 0, D:4)
  a +0 trident
(6, -34, D:4)
  a +0 leather armour
  a +0 club
(8, 6, D:4)
  a +0 robe
  a +0 dagger
  a +0 chain mail
  a +0 hand axe
(9, 6, D:4)
  a +0 hand axe of chopping
  a +0 scale mail
(11, 6, D:4)
  a +0 club
(13, -18, D:4)
  a ration
(14, -7, D:4)
  a ration
(14, 8, D:4)
  a +0 hand axe
(15, -33, D:4)
  a +0 whip
(29, -29, D:4)
  a +0 robe
(30, 0, D:4)
  a +0 robe

Level 5 of the Dungeon
[Shop] Pulah's Distillery
  a potion of mutation (88 gold)
  a potion of mutation (88 gold)
  a potion of cancellation (88 gold)
  a potion of heal wounds (55 gold)
  a potion of agility (44 gold)
  2 potions of agility (88 gold)
  a potion of brilliance (44 gold)
  a potion of curing (33 gold)
  a potion of degeneration (11 gold)
  a potion of might (44 gold)
  a potion of ambrosia (88 gold)
  a potion of brilliance (44 gold)
  a potion of heal wounds (55 gold)
(0, 0, D:5)
  a potion of brilliance
(7, -7, D:5)
  a ration
(11, 11, D:5)
  a +0 quarterstaff
(18, 18, D:5)
  a potion of might
(19, -26, D:5)
  a ration
(19, 0, D:5)
  a potion of curing
(23, 20, D:5)
  a +0 dagger
  a +0 robe
(24, 22, D:5)
  a +0 dagger
  a +0 robe
(30, 0, D:5)
  a potion of berserk rage
(35, -22, D:5)
  a potion of might
(39, 20, D:5)
  a +0 whip
(40, 18, D:5)
  a +0 ring mail
  a +0 club
(40, 24, D:5)
  a +0 chain mail
(49, -8, D:5)
  a potion of haste
(49, 9, D:5)
  an uncursed ring of positive energy

Level 6 of the Dungeon
(0, 0, D:6)
  a +0 robe
(6, -3, D:6)
  a ration
(6, 1, D:6)
  a potion of curing
(20, -2, D:6)
  a +0 scale mail
(21, -6, D:6)
  a +0 whip
(26, 1, D:6)
  a +0 trident
(26, 12, D:6)
  a +0 short sword
(29, 23, D:6)
  a +2 dagger of holy wrath
(31, 6, D:6)
  a ration
(33, -5, D:6)
  a potion of haste
(33, -2, D:6)
  a +0 long sword
(33, 10, D:6)
  a +0 hunting sling
(35, 9, D:6)
  a +0 flail
(37, 9, D:6)
  a +0 scythe
(49, 1, D:6)
  2 potions of berserk rage
(50, -3, D:6)
  a cursed +0 robe
  a +0 dagger
(50, 2, D:6)
  a +0 chain mail
  a +0 battleaxe
(50, 30, D:6)
  a +0 plate armour
(51, -2, D:6)
  a +0 robe
  a +0 dagger

Level 7 of the Dungeon
(0, 0, D:7)
  a +0 giant spiked club
(1, -15, D:7)
  a +0 chain mail
(4, -8, D:7)
  a +0 dagger
(10, -40, D:7)
  a potion of cancellation
(11, -32, D:7)
  a +0 mace
(12, -48, D:7)
  a +0 robe of positive energy
(18, -33, D:7)
  a ration
(23, -58, D:7)
  a +0 dagger
  (unseen)
(24, -24, D:7)
  a ration
(24, -12, D:7)
  a potion of flight
(25, -27, D:7)
  a +0 hand axe
(26, -52, D:7)
  a +0 leather armour
  a +0 mace
(26, -51, D:7)
  a +0 leather armour
  a +0 war axe
(29, -49, D:7)
  a +0 robe
(32, -9, D:7)
  a +0 leather armour
  a cursed -2 falchion
(34, -10, D:7)
  a +0 chain mail
(36, -12, D:7)
  a +0 robe
  a +0 dagger
(37, -8, D:7)
  a +0 leather armour
  a +0 hand axe
(38, -31, D:7)
  a cursed +0 leather armour
(45, -35, D:7)
  a +0 war axe
(49, -14, D:7)
  a +0 short sword
  a +0 leather armour
(51, -13, D:7)
  a +0 robe
  a +0 dagger

Level 8 of the Dungeon
(0, 0, D:8)
  a +0 giant club
(0, 15, D:8)
  a book of Minor Magic
(3, 3, D:8)
  a +0 spear
(4, 3, D:8)
  a +0 spear
(5, 2, D:8)
  a cursed +0 spear
  a +0 spear
(7, 27, D:8)
  a +0 flail
(10, 18, D:8)
  a +0 falchion
(12, 14, D:8)
  a potion of brilliance
(15, 2, D:8)
  a tomahawk
(15, 3, D:8)
  a wolf corpse
(21, 14, D:8)
  a +0 giant club
  a +0 giant club
(26, 11, D:8)
  a +0 leather armour
(27, -10, D:8)
  a +0 dagger
  a +0 robe
  a +0 dagger
  a +0 flail
(27, -7, D:8)
  2 rations
(28, -7, D:8)
  2 rations
(30, 10, D:8)
  a +0 shortbow
(31, 2, D:8)
  a +0 scale mail
(33, 0, D:8)
  a +0 leather armour
  a +0 club
(58, 4, D:8)
  a +0 whip

Level 9 of the Dungeon
(0, 0, D:9)
  a stone
(1, 0, D:9)
  a stone

the Ecumenical Temple

