Miraib

Level 1 of the Dungeon
(0, 0, D:1)
  a +0 short sword
(0, 12, D:1)
  a +0 ring mail
(9, -13, D:1)
  a +0 club
(9, 27, D:1)
  a +0 ring mail
(12, -10, D:1)
  a +0 club
(13, 8, D:1)
  a +0 club
(14, -10, D:1)
  a +0 club
(15, 17, D:1)
  a +0 dagger
(17, 12, D:1)
  a +0 club
(33, 15, D:1)
  a +0 robe
(36, 16, D:1)
  a +0 helmet
(43, 11, D:1)
  a +0 club
(47, -8, D:1)
  a +0 plate armour
(50, 6, D:1)
  a +0 whip

Level 2 of the Dungeon
(0, 0, D:2)
  a +0 whip
(2, 6, D:2)
  a +0 helmet
  a cursed +0 animal skin
  a +0 dagger
(6, -2, D:2)
  a +0 club
(7, -6, D:2)
  a +0 short sword
(8, -6, D:2)
  a +0 club
(9, -13, D:2)
  29 bolts
(11, 3, D:2)
  a +0 dagger
(14, 20, D:2)
  a +0 club
(18, 22, D:2)
  a +0 chain mail
(20, 12, D:2)
  a +0 club
(36, 1, D:2)
  a +0 club
(37, -4, D:2)
  a +0 hunting sling
(37, -3, D:2)
  a +0 club
(37, -2, D:2)
  a +0 dagger
(40, -5, D:2)
  a +2 cloak
(41, -9, D:2)
  a +0 scale mail

Level 3 of the Dungeon
(0, 0, D:3)
  a scroll of enchant armour
(3, 15, D:3)
  a +0 hand axe
(5, 1, D:3)
  a +0 ring mail
  a +1 morningstar of crushing
(9, 10, D:3)
  a cursed -1 war axe
(10, 8, D:3)
  a +0 leather armour
  a +0 trident
(11, 8, D:3)
  a +0 ring mail
  a cursed -1 trident
(12, 12, D:3)
  a +0 club
(13, 13, D:3)
  5 bolts
(16, 17, D:3)
  a +0 short sword
(17, 18, D:3)
  a +0 robe
  a +0 dagger
(23, 8, D:3)
  a cursed +0 robe
  a +0 dagger
(24, 8, D:3)
  a +0 leather armour
  a +0 trident
(24, 13, D:3)
  a +0 short sword
(28, 9, D:3)
  a +0 club
(28, 20, D:3)
  a +0 club
(30, 8, D:3)
  17 bolts
(33, 1, D:3)
  a +0 club
(33, 2, D:3)
  a +0 club
(36, -2, D:3)
  a +0 robe

Level 4 of the Dungeon
(0, 0, D:4)
  a +0 spear
(10, 8, D:4)
  a +0 robe
  (unseen)
(12, -17, D:4)
  a +0 war axe
(17, 21, D:4)
  23 bolts
(18, 15, D:4)
  a +0 ring mail
  a +0 club
(19, 0, D:4)
  a +0 spear
(20, -6, D:4)
  a +0 short sword
(20, 7, D:4)
  2 tomahawks
(36, 22, D:4)
  a +0 club
(39, 2, D:4)
  14 sling bullets

Level 5 of the Dungeon
(0, 0, D:5)
  a +0 robe
(1, -7, D:5)
  a +0 leather armour
(6, 17, D:5)
  11 gold pieces
(8, 1, D:5)
  a +0 trident
(8, 33, D:5)
  a potion of berserk rage
(9, 33, D:5)
  a +2 pair of boots
  (unseen)
(9, 38, D:5)
  a +0 falchion
(10, 38, D:5)
  a +0 dagger
  (unseen)
(16, 42, D:5)
  a +0 dagger
  a +0 ring mail
(22, -1, D:5)
  a +0 giant spiked club
(28, 1, D:5)
  2 needles of confusion
(30, 27, D:5)
  a scroll of random uselessness
(31, 25, D:5)
  2 javelins
(34, 7, D:5)
  a +1 whip of flaming
(36, 1, D:5)
  a +0 club
(41, 7, D:5)
  a +0 halberd
(41, 13, D:5)
  a +0 leather armour
  a +0 club
(46, 1, D:5)
  a +0 club
(47, 1, D:5)
  a +0 hand axe
  a +0 leather armour
  a +0 short sword
(50, 1, D:5)
  a +0 robe
  a +0 dagger
(51, 3, D:5)
  a +0 ring mail
(52, 31, D:5)
  a +0 rapier

