Hih Yxzi

Level 1 of the Dungeon
(4, 5, D:1)
  a +0 chain mail
(15, -3, D:1)
  a +0 club
(29, 13, D:1)
  a +0 club
(29, 14, D:1)
  a +0 whip
(33, 14, D:1)
  a +0 ring mail
(36, 31, D:1)
  a +0 whip
(39, 27, D:1)
  a cursed -1 robe
(40, 27, D:1)
  a +0 ring mail

Level 2 of the Dungeon
(0, 0, D:2)
  a +0 whip
(12, -16, D:2)
  a +0 club
(16, -9, D:2)
  a +0 ring mail
(31, -35, D:2)
  a +0 robe
(37, 3, D:2)
  a +0 shield
  a +0 club
(39, -5, D:2)
  a +0 leather armour
  a +0 club
(43, -39, D:2)
  a +0 club
(49, 4, D:2)
  a +0 whip
(53, -25, D:2)
  a +0 robe
  a +0 dagger
(54, -11, D:2)
  a +0 dagger
(59, -23, D:2)
  a cursed -3 hunting sling

Level 3 of the Dungeon
(0, 0, D:3)
  a +0 robe
(4, 2, D:3)
  a +0 hand axe
(5, 3, D:3)
  a +0 club
(7, -10, D:3)
  a +0 whip
  a +0 leather armour
(7, 0, D:3)
  a +0 short sword
(9, 0, D:3)
  a +0 whip
(15, -13, D:3)
  a +0 leather armour
(21, -40, D:3)
  a +0 club
(22, -41, D:3)
  a +0 leather armour
(28, -1, D:3)
  a +0 leather armour
(35, -25, D:3)
  a +0 leather armour
(38, -33, D:3)
  a +0 club
(40, -35, D:3)
  a +0 club
(45, -12, D:3)
  a +0 animal skin
(47, -21, D:3)
  a +0 scale mail
(60, -10, D:3)
  a +0 leather armour

Level 4 of the Dungeon
(0, 0, D:4)
  a +0 dagger
(6, 24, D:4)
  a cursed +0 giant club
(7, 30, D:4)
  a +0 giant spiked club
(8, 2, D:4)
  a +0 falchion
(13, 25, D:4)
  a +0 giant spiked club
(24, 16, D:4)
  a +0 robe
  a +0 scythe
(31, 0, D:4)
  a +0 hunting sling
(32, 31, D:4)
  a +0 giant spiked club
(36, 11, D:4)
  a +0 whip
(38, 31, D:4)
  a +0 spear

Level 5 of the Dungeon
(0, 0, D:5)
  a stone
(0, 2, D:5)
  a stone
(1, -50, D:5)
  a +0 pair of boots
(1, 0, D:5)
  a stone
(1, 2, D:5)
  a stone
(2, 1, D:5)
  2 stones
(3, -5, D:5)
  a stone
(4, -4, D:5)
  a stone
(4, 1, D:5)
  a stone
(4, 4, D:5)
  a stone
(17, -15, D:5)
  a +0 giant club
(25, -22, D:5)
  a +0 ring mail
(31, -52, D:5)
  a +0 ring mail

Level 6 of the Dungeon
(0, 0, D:6)
  a sling bullet
(2, 1, D:6)
  a stone
(6, 1, D:6)
  a ration
(8, -37, D:6)
  a sling bullet
(8, -3, D:6)
  a stone
(12, -29, D:6)
  a +0 shortbow
(14, -13, D:6)
  a scorpion corpse
(15, -40, D:6)
  a stone
(18, -20, D:6)
  2 chunks of flesh

the Ecumenical Temple

