Xaticust

Level 1 of the Dungeon
(0, 0, D:1)
  a scroll of identify
(5, 5, D:1)
  a potion of curing
(10, 9, D:1)
  a +0 dagger
(15, 23, D:1)
  a potion of cancellation
(17, 10, D:1)
  a +0 whip
(17, 22, D:1)
  a +0 whip
(18, -6, D:1)
  a ration
(18, 9, D:1)
  a +0 robe
(20, -1, D:1)
  15 gold pieces
(27, 31, D:1)
  2 gold pieces
(27, 38, D:1)
  a potion of curing
(30, -1, D:1)
  a cursed ring of attention
(31, 11, D:1)
  a scroll of remove curse
(33, -7, D:1)
  a potion of curing
(34, 7, D:1)
  a +0 scale mail
(36, 30, D:1)
  a +0 shield
(42, 2, D:1)
  a ration
(42, 8, D:1)
  a +0 mace
(44, 8, D:1)
  a potion of degeneration
(48, -5, D:1)
  15 stones
(49, 24, D:1)
  a +0 hunting sling

Level 2 of the Dungeon
(0, 0, D:2)
  a scroll of enchant weapon
(2, 8, D:2)
  a +0 club
(4, -8, D:2)
  a +0 ring mail
(5, -1, D:2)
  17 stones
(9, -14, D:2)
  6 gold pieces
(9, 1, D:2)
  a scroll of fog
(25, 6, D:2)
  a ration
(26, 18, D:2)
  a +0 leather armour
(30, 35, D:2)
  a scroll of identify
(31, 14, D:2)
  a scroll of identify
(36, 9, D:2)
  a scroll of teleportation
(38, 2, D:2)
  a +0 mace
(41, -5, D:2)
  a ration
(41, 7, D:2)
  22 bolts
(43, -6, D:2)
  a +0 buckler
(43, 2, D:2)
  5 gold pieces
(44, -14, D:2)
  a scroll of fog
(46, -14, D:2)
  4 gold pieces
(47, 16, D:2)
  a +0 spear
(48, -15, D:2)
  a ration
(51, -6, D:2)
  a +0 trident
(54, 8, D:2)
  a scroll of remove curse

