Riagut

Level 1 of the Dungeon
(0, 0, D:1)
  a +0 club
(12, 10, D:1)
  a +0 club
(22, 12, D:1)
  a +0 hand axe
(33, 33, D:1)
  a cursed -1 short sword
(35, 8, D:1)
  a +0 short sword
(36, 18, D:1)
  a +0 club
(39, 16, D:1)
  a +0 robe
(41, 32, D:1)
  a +0 short sword
(43, 1, D:1)
  a +0 club
(47, 34, D:1)
  a +0 robe
(52, 26, D:1)
  a +0 club

Level 2 of the Dungeon
(0, 0, D:2)
  a +0 dagger
(8, -12, D:2)
  a +0 dagger
(17, -28, D:2)
  a +0 dagger
(22, -24, D:2)
  a +0 rapier
(32, -35, D:2)
  a +0 club
(32, -7, D:2)
  a +0 dagger
(37, -10, D:2)
  a +0 dagger
(38, -11, D:2)
  2 potions of berserk rage
(41, -8, D:2)
  a +0 whip
  a +0 spear
  a cursed +0 flail
(41, -2, D:2)
  a +0 club
  a cursed -1 club
(42, 2, D:2)
  a +0 club
(48, -15, D:2)
  a +0 dagger

Level 3 of the Dungeon
(0, 0, D:3)
  a +0 club
(4, 19, D:3)
  a +0 flail
(6, 17, D:3)
  a +0 whip
(8, 17, D:3)
  a +0 club
(11, 20, D:3)
  a +0 robe
(12, 38, D:3)
  a +0 short sword
(14, -16, D:3)
  a +0 dagger
  a +0 club
  a +0 ring mail
  a +0 dagger
  a cursed +0 robe
(17, 27, D:3)
  a +0 club
(21, 11, D:3)
  a +0 robe
(32, 33, D:3)
  a +0 club
(43, 34, D:3)
  a +0 ring mail

Level 4 of the Dungeon
(0, 0, D:4)
  a +0 rapier
(1, 11, D:4)
  a +0 leather armour
(8, 8, D:4)
  a potion of lignification
(10, 13, D:4)
  an uncursed amulet of rage
  a +0 robe
  a +0 ring mail
(11, 27, D:4)
  2 potions of berserk rage
(12, 13, D:4)
  a +0 scale mail
  a +0 whip
(14, 13, D:4)
  a cursed +0 robe
  a +0 dagger
(19, 11, D:4)
  a +0 quarterstaff
(23, -5, D:4)
  a +0 dagger
(32, 14, D:4)
  a +0 leather armour
(42, 5, D:4)
  a +0 robe
  a +0 dagger
(47, -2, D:4)
  a +0 dagger
(49, 18, D:4)
  a +0 hand axe
  a +0 robe

Level 5 of the Dungeon
(0, 0, D:5)
  a +0 cloak
(15, -1, D:5)
  a +0 dagger
  a +0 ring mail
  a +0 dagger
  a +0 leather armour
(18, 29, D:5)
  a +0 hand axe
(20, 12, D:5)
  a +0 scale mail
  a +0 hand axe
  a +0 dagger
(23, 29, D:5)
  a +0 leather armour
  a +0 club
  a +0 robe
  a +0 dagger
(24, -4, D:5)
  a +0 mace
(26, -4, D:5)
  a +0 leather armour
  a +0 flail
(26, 3, D:5)
  a +0 shortbow
  a +0 hunting sling
(27, 25, D:5)
  a +0 mace
(29, 24, D:5)
  a +0 chain mail
  a cursed +0 dagger
(30, 24, D:5)
  a +0 robe
(32, 8, D:5)
  a +0 hand axe
(32, 24, D:5)
  a +0 leather armour
(39, -5, D:5)
  a +0 leather armour
  a +0 short sword
(42, -7, D:5)
  a +0 dagger
(48, 23, D:5)
  a +0 hand axe
(49, 17, D:5)
  a +0 ring mail
  a scroll of random uselessness
(49, 22, D:5)
  a +0 hand axe

Level 6 of the Dungeon
(0, 0, D:6)
  a +0 ring mail
(1, -22, D:6)
  a +0 robe
(15, -3, D:6)
  a +0 short sword
(18, -19, D:6)
  a scroll of remove curse
  (unseen)
(23, -33, D:6)
  a +0 whip
(46, -7, D:6)
  a +0 falchion
(51, -25, D:6)
  a +0 shortbow
(58, -29, D:6)
  a +0 dagger

Level 7 of the Dungeon
(0, 0, D:7)
  a +0 leather armour
(16, 6, D:7)
  a cursed -2 whip
  a +0 shortbow
(17, 11, D:7)
  a +0 cloak
(20, 15, D:7)
  a +0 robe
  a +0 dagger of venom
(22, 16, D:7)
  a +0 robe
  a +0 dagger
  a +0 hand axe
  a +0 leather armour
  a +0 hand axe
(24, -5, D:7)
  a cursed +0 scale mail
(24, 11, D:7)
  a +0 scale mail
(36, 0, D:7)
  a +0 ring mail

Level 8 of the Dungeon
(0, 0, D:8)
  a +0 shortbow
(4, 0, D:8)
  a +0 dagger
(12, -20, D:8)
  12 gold pieces
(15, -13, D:8)
  16 stones
(16, -14, D:8)
  a cursed -3 ring of strength
(16, -13, D:8)
  a +0 ring mail
(17, -13, D:8)
  20 arrows
(22, 3, D:8)
  a +0 dagger of freezing
(48, -31, D:8)
  a cursed -2 giant club
(62, 4, D:8)
  a +0 halberd

Level 9 of the Dungeon
(0, 0, D:9)
  a +0 ring mail
(3, 29, D:9)
  a +0 ring mail
  a +0 dagger
(16, 28, D:9)
  a +0 shortbow
(18, -8, D:9)
  a +0 ring mail
(18, -5, D:9)
  a +0 scimitar
  a +0 chain mail
(21, 2, D:9)
  a +0 trident
(23, -6, D:9)
  a +0 hand axe
(23, 38, D:9)
  a cursed +1 short sword
  a +0 robe
(24, -6, D:9)
  a +0 dagger
  a +0 robe
(24, 6, D:9)
  a +0 club
(24, 38, D:9)
  a +0 hand axe
  a +0 robe
(25, 7, D:9)
  a +0 chain mail
  a +0 halberd
(25, 38, D:9)
  a +0 flail
(26, 38, D:9)
  a cursed +0 robe
  a cursed +0 great sword
(27, 36, D:9)
  a +0 robe
(27, 37, D:9)
  a +0 giant spiked club
(29, 7, D:9)
  a +0 short sword
  a cursed -3 hand axe
(30, -6, D:9)
  a +0 falchion of holy wrath
(34, 32, D:9)
  a +6 hand axe
(35, 29, D:9)
  a +0 chain mail
(42, -6, D:9)
  a +0 helmet

Level 10 of the Dungeon
(0, 0, D:10)
  a +0 chain mail
  a +0 flail
  a +0 short sword
  a +0 scale mail
  a +0 dagger of venom
  a +0 robe
  a +0 flail
  a +0 chain mail
(0, 5, D:10)
  a +0 shortbow
(2, -16, D:10)
  a potion of degeneration
(7, 5, D:10)
  a sling bullet
(8, 6, D:10)
  a sling bullet
(8, 13, D:10)
  a ration
(10, 8, D:10)
  2 sling bullets
(11, 9, D:10)
  a sling bullet
(11, 10, D:10)
  a sling bullet

Level 11 of the Dungeon
(0, 0, D:11)
  a +0 shortbow
(1, 4, D:11)
  a +0 shortbow (still there?)
  5 sling bullets (still there?)
(2, -2, D:11)
  a +0 shortbow
(4, 7, D:11)
  a sling bullet
(5, -2, D:11)
  a +0 shortbow
(5, 2, D:11)
  a +0 shortbow
(6, 2, D:11)
  a +0 shortbow
(7, 0, D:11)
  a cursed -3 shortbow
(7, 4, D:11)
  a +0 giant club
  a +0 giant club
(10, 5, D:11)
  3 arrows
(10, 7, D:11)
  a sling bullet
(11, 5, D:11)
  4 arrows
(11, 7, D:11)
  a stone
(12, 8, D:11)
  a stone
(14, 10, D:11)
  a stone
(26, 6, D:11)
  a +0 hand axe
  a +0 leather armour
  a +0 hand axe
  a +0 plate armour
(28, 7, D:11)
  a +0 leather armour
(29, 5, D:11)
  a +0 robe
  (unseen)
(32, 8, D:11)
  a +0 scimitar of flaming
  a scroll of summoning
  an uncursed staff of earth
  a manual of Stealth
  a +0 war axe of flaming
  a +2 leather armour of poison resistance
  270 arrows
  a +0 trident
  a +0 plate armour
  65 poisoned needles
  44 bolts

the Ecumenical Temple

a Gauntlet
(0, 0, Gauntlet)
  a book of Geomancy
(1, 0, Gauntlet)
  the +0 sword of Power
(2, -15, Gauntlet)
  a +0 long sword
  a cursed +0 chain mail
(2, -14, Gauntlet)
  a +0 plate armour
(3, -18, Gauntlet)
  a +0 chain mail
  a +0 robe
(3, -15, Gauntlet)
  a +4 battleaxe of chopping
  a +0 chain mail
(4, -17, Gauntlet)
  2 sling bullets
(4, -16, Gauntlet)
  a sling bullet
(5, 20, Gauntlet)
  a scroll of teleportation
(6, -15, Gauntlet)
  2 sling bullets
(6, -14, Gauntlet)
  2 sling bullets
(6, -13, Gauntlet)
  2 sling bullets
(12, -10, Gauntlet)
  a +1 helmet
(13, 10, Gauntlet)
  a potion of mutation
(16, 0, Gauntlet)
  the cursed ring "Geje" {rC- rN++ Int-2}
    [ring of intelligence]
    
    It affects your intelligence (-2).
    It makes you vulnerable to cold.
    It greatly protects you from negative energy.
    It has a curse placed upon it.
(16, 1, Gauntlet)
  a ration
(16, 2, Gauntlet)
  a +4 chain mail of fire resistance

