Rycoq

Level 1 of the Lair of Beasts
(0, 0, Lair:1)
  7 javelins
(2, 4, Lair:1)
  13 stones
(4, 11, Lair:1)
  a +0 hand axe
(6, -17, Lair:1)
  5 large rocks
(6, -2, Lair:1)
  2 potions of flight
(9, -22, Lair:1)
  a scroll of teleportation
(12, 17, Lair:1)
  a +0 leather armour
(20, -24, Lair:1)
  a +0 leather armour
(22, -30, Lair:1)
  17 stones
(29, -21, Lair:1)
  18 gold pieces
(30, 0, Lair:1)
  a scroll of identify
(32, 17, Lair:1)
  a +0 fustibalus
(37, -23, Lair:1)
  13 gold pieces
(37, -3, Lair:1)
  a ration
(39, -27, Lair:1)
  16 gold pieces
(40, -23, Lair:1)
  23 gold pieces
(41, 4, Lair:1)
  a +0 leather armour
(43, 14, Lair:1)
  an uncursed amulet of the gourmand
(51, -3, Lair:1)
  a cursed +0 leather armour
(53, -10, Lair:1)
  17 stones
(53, 13, Lair:1)
  a ration
(54, 12, Lair:1)
  a scroll of blinking

