Enguoplept

Level 1 of the Dungeon
(0, 0, D:1)
  9 gold pieces
(1, -27, D:1)
  20 sling bullets
(1, -20, D:1)
  a potion of might
(4, -6, D:1)
  9 gold pieces
(5, -5, D:1)
  a scroll of identify
(6, 7, D:1)
  10 gold pieces
(7, -14, D:1)
  a scroll of teleportation
(10, -25, D:1)
  a potion of agility
(19, -17, D:1)
  11 gold pieces
(19, 5, D:1)
  17 gold pieces
(22, -27, D:1)
  22 stones
(27, -14, D:1)
  a +0 ring mail
(27, -10, D:1)
  a +2 ring of protection
(28, -2, D:1)
  a +0 spear
(32, -26, D:1)
  a scroll of fear
(32, -2, D:1)
  a +0 dagger
(34, -24, D:1)
  8 sling bullets
(34, -17, D:1)
  a potion of heal wounds
(39, -12, D:1)
  15 bolts
(39, -8, D:1)
  13 gold pieces
(40, 12, D:1)
  a scroll of blinking
(42, 12, D:1)
  a +0 dagger
(47, -17, D:1)
  29 bolts
(58, -25, D:1)
  a scroll of teleportation

