Usyuti

Level 1 of the Dungeon
(0, 0, D:1)
  a cursed +0 ring mail
(1, -2, D:1)
  a +0 club
(8, 14, D:1)
  a +0 ring mail
(14, -1, D:1)
  a +2 leather armour of fire resistance
(16, -6, D:1)
  a +0 ring mail
(19, 15, D:1)
  a +0 leather armour
(45, 34, D:1)
  a +0 ring mail

Level 2 of the Dungeon
(0, 0, D:2)
  a +0 ring mail
(1, 20, D:2)
  a +0 club
(4, 29, D:2)
  a cursed -3 mace
  a +0 chain mail
(12, 35, D:2)
  a +0 club
(20, 32, D:2)
  a +0 robe
(20, 45, D:2)
  a ration
(22, 35, D:2)
  a +0 club
(25, 43, D:2)
  a +0 robe
  (unseen)

Level 3 of the Dungeon
(0, 0, D:3)
  a +0 ring mail
(7, -2, D:3)
  a +0 short sword
(9, -4, D:3)
  a stone
(9, -1, D:3)
  a +0 chain mail
(12, 2, D:3)
  an uncursed amulet of regeneration
(37, 35, D:3)
  a +0 mace
(39, 41, D:3)
  a stone
(42, 35, D:3)
  a scroll of identify

