Waxieck

Level 1 of the Dungeon
(0, 0, D:1)
  an uncursed ring of protection from fire
  an uncursed ring of resist corrosion
  the ring "Enge" {Wiz *Slow rF++ rC+ Dex+8}
    [ring of wizardry]
    
    It improves your spell success rate.
    It affects your dexterity (+8).
    It greatly protects you from fire.
    It protects you from cold.
    It may slow you when you take damage.
  an uncursed ring of protection from cold
  a +2 ring of evasion
  the ring "Lici" {rElec rPois Int+4 Dex+2}
    [ring of poison resistance]
    
    It affects your intelligence (+4).
    It affects your dexterity (+2).
    It insulates you from electricity.
    It protects you from poison.
  the ring "Fibul" {Str+4 Dex+2}
    [ring of dexterity]
    
    It affects your strength (+4).
    It affects your dexterity (+2).
  an uncursed amulet of faith
  the amulet "Reif" {Harm *Drain Dex+5}
    [amulet of harm]
    
    It increases damage dealt and taken.
    It affects your dexterity (+5).
    It causes draining when unequipped.
  the ring of Pyejasot {MR+ MP+9 Int+5 Dex-5}
    [ring of protection from magic]
    
    It affects your intelligence (+5).
    It affects your dexterity (-5).
    It affects your resistance to hostile enchantments.
    It affects your magic capacity (+9).
  the ring "Koonik" {rN+ Str+6}
    [ring of positive energy]
    
    It affects your strength (+6).
    It protects you from negative energy.
  the ring of Wuagayvo {-Tele +Fly rC+ Int+7}
    [ring of flight]
    
    It affects your intelligence (+7).
    It protects you from cold.
    It lets you fly.
    It prevents most forms of teleportation.
  the ring of the Firefly {Ice Int+8}
    [ring of ice]
    
    It enhances your ice magic.
    It affects your intelligence (+8).
    It makes you vulnerable to fire.
    It protects you from cold.
  the ring "Xyvy" {rC++ rN+ MR+ Stlth+}
    [ring of stealth]
    
    It greatly protects you from cold.
    It protects you from negative energy.
    It affects your resistance to hostile enchantments.
    It makes you more stealthy.
  the ring "Hywoics" {rCorr rF+++ Str-4 Int+3 Dex+7}
    [ring of resist corrosion]
    
    It affects your strength (-4).
    It affects your intelligence (+3).
    It affects your dexterity (+7).
    It renders you almost immune to fire.
  the ring "Lahic" {rF+ rN+++ Int+5 Dex-5 Stlth+}
    [ring of intelligence]
    
    It affects your intelligence (+5).
    It affects your dexterity (-5).
    It protects you from fire.
    It renders you almost immune to negative energy.
    It makes you more stealthy.
  an uncursed ring of poison resistance
  an uncursed amulet of the acrobat
  an uncursed ring of positive energy
  the ring "Paezy" {rElec EV+2 Int-5 Slay+5}
    [ring of evasion]
    
    It affects your evasion (+2).
    It affects your intelligence (-5).
    It affects your accuracy and damage with ranged weapons and melee attacks
    (+5).
    It insulates you from electricity.
  the ring "Wohuwoec" {*Corrode rC+ rN+ Stlth+}
    [ring of positive energy]
    
    It protects you from cold.
    It protects you from negative energy.
    It may corrode you when you take damage.
    It makes you more stealthy.
  the ring of Weriapp {rPois MP+9 EV+3}
    [ring of evasion]
    
    It affects your evasion (+3).
    It protects you from poison.
    It affects your magic capacity (+9).
  the amulet "Lanus" {Faith MR+}
    [amulet of faith]
    
    It allows you to gain divine favour quickly.
    It affects your resistance to hostile enchantments.
  the ring of the Foremost Eyes {Ice rPois}
    [ring of ice]
    
    It enhances your ice magic.
    It makes you vulnerable to fire.
    It protects you from cold.
    It protects you from poison.
  the amulet "Bikh" {Harm *Drain rC- rN+ Dex+3}
    [amulet of harm]
    
    It increases damage dealt and taken.
    It affects your dexterity (+3).
    It makes you vulnerable to cold.
    It protects you from negative energy.
    It causes draining when unequipped.
  an uncursed amulet of regeneration
  an uncursed ring of protection from cold
  the ring of Bezapid {+Inv rPois MR+++ EV+3 Str-5}
    [ring of evasion]
    
    It affects your evasion (+3).
    It affects your strength (-5).
    It protects you from poison.
    It affects your resistance to hostile enchantments.
    It lets you turn invisible.
  the ring of Dukoume {Ice Slay+6 SInv}
    [ring of ice]
    
    It enhances your ice magic.
    It affects your accuracy and damage with ranged weapons and melee attacks
    (+6).
    It makes you vulnerable to fire.
    It protects you from cold.
    It lets you see invisible.
  the amulet of Twilight {Spirit +Blink rF- MR+++ SInv}
    [amulet of guardian spirit]
    
    It causes incoming damage to be split between your health and magic.
    It makes you vulnerable to fire.
    It affects your resistance to hostile enchantments.
    It lets you see invisible.
    It lets you blink.
  the ring "Wuigauce" {+Blink Str+2}
    [ring of strength]
    
    It affects your strength (+2).
    It lets you blink.
  an uncursed ring of ice
  the ring "Poynov" {Fire *Corrode rN+ MR+ SInv}
    [ring of fire]
    
    It enhances your fire magic.
    It protects you from fire.
    It makes you vulnerable to cold.
    It protects you from negative energy.
    It affects your resistance to hostile enchantments.
    It lets you see invisible.
    It may corrode you when you take damage.
  the ring of Tiovuxo {rN+ Str+3 Int-4 Dex+3}
    [ring of positive energy]
    
    It affects your strength (+3).
    It affects your intelligence (-4).
    It affects your dexterity (+3).
    It protects you from negative energy.
  an uncursed ring of protection from fire
  an uncursed ring of fire
  the amulet of Dawn {+Rage rElec rC+}
    [amulet of rage]
    
    It protects you from cold.
    It insulates you from electricity.
    It lets you go berserk.
  the ring of Roomestucol {rF+ MR+ Dex+3 Stlth+}
    [ring of dexterity]
    
    It affects your dexterity (+3).
    It protects you from fire.
    It affects your resistance to hostile enchantments.
    It makes you more stealthy.
  the ring "Asaziun" {Wiz rC+ MR++}
    [ring of wizardry]
    
    It improves your spell success rate.
    It protects you from cold.
    It affects your resistance to hostile enchantments.
  an uncursed ring of stealth
  the amulet of Yriun {+Rage Str+5}
    [amulet of rage]
    
    It affects your strength (+5).
    It lets you go berserk.
  an uncursed amulet of guardian spirit
  a +2 ring of intelligence
  the ring of Sesokla {rPois MP+9 Str+4 Dex+2}
    [ring of strength]
    
    It affects your strength (+4).
    It affects your dexterity (+2).
    It protects you from poison.
    It affects your magic capacity (+9).
  the ring "Ufrafi" {rCorr Str+4}
    [ring of resist corrosion]
    
    It affects your strength (+4).
  the amulet "Oxomuah" {Spirit Int-5 Dex+3}
    [amulet of guardian spirit]
    
    It causes incoming damage to be split between your health and magic.
    It affects your intelligence (-5).
    It affects your dexterity (+3).
  the amulet of Wuin {Acrobat MR+}
    [amulet of the acrobat]
    
    It helps you evade while moving and waiting.
    It affects your resistance to hostile enchantments.
  the ring "Urys" {rC+ MR- Int+4 Stlth+}
    [ring of stealth]
    
    It affects your intelligence (+4).
    It protects you from cold.
    It affects your resistance to hostile enchantments.
    It makes you more stealthy.
  the ring of Vitetepn {Slay+2 SInv}
    [ring of see invisible]
    
    It affects your accuracy and damage with ranged weapons and melee attacks
    (+2).
    It lets you see invisible.
  an uncursed amulet of magic regeneration
  the amulet "Unkadede" {Gourm rN+}
    [amulet of the gourmand]
    
    It allows you to eat raw meat even when not hungry.
    It protects you from negative energy.
  the ring "Ehieli" {rElec rPois MR- Int+5 Dex+3}
    [ring of poison resistance]
    
    It affects your intelligence (+5).
    It affects your dexterity (+3).
    It insulates you from electricity.
    It protects you from poison.
    It affects your resistance to hostile enchantments.
  an uncursed ring of protection from cold
  the ring "Qaimi" {Fire MR++}
    [ring of fire]
    
    It enhances your fire magic.
    It protects you from fire.
    It makes you vulnerable to cold.
    It affects your resistance to hostile enchantments.
  the amulet of Deuf {-Tele rN+ Regen+ Str+5 Slay+3}
    [amulet of regeneration]
    
    It affects your strength (+5).
    It affects your accuracy and damage with ranged weapons and melee attacks
    (+3).
    It protects you from negative energy.
    It prevents most forms of teleportation.
    It increases your rate of regeneration.
  the amulet "Sinitt" {RegenMP rC+}
    [amulet of magic regeneration]
    
    It increases your magic regeneration.
    It protects you from cold.
  the amulet of Pantheism {+Rage rPois Str+9 Dex-5}
    [amulet of rage]
    
    It affects your strength (+9).
    It affects your dexterity (-5).
    It protects you from poison.
    It lets you go berserk.
  the ring "Piqoupp" {rPois rF- MR+ Str+4 Stlth+}
    [ring of protection from magic]
    
    It affects your strength (+4).
    It makes you vulnerable to fire.
    It protects you from poison.
    It affects your resistance to hostile enchantments.
    It makes you more stealthy.
  the ring "Quteoc" {rF+ EV+5}
    [ring of evasion]
    
    It affects your evasion (+5).
    It protects you from fire.
  the ring of Suspicion {*Slow +Blink rN+ Int+5}
    [ring of intelligence]
    
    It affects your intelligence (+5).
    It protects you from negative energy.
    It lets you blink.
    It may slow you when you take damage.
  the ring of Irrepressible Laughter {rPois rF+ MR- Dex+4}
    [ring of poison resistance]
    
    It affects your dexterity (+4).
    It protects you from fire.
    It protects you from poison.
    It affects your resistance to hostile enchantments.
  the ring of Xom's Malicious Joy {rPois MR++ Int+5 Stlth-}
    [ring of poison resistance]
    
    It affects your intelligence (+5).
    It protects you from poison.
    It affects your resistance to hostile enchantments.
    It makes you less stealthy.
  the ring "Hoerr" {rC+ AC+2 Str+9}
    [ring of protection]
    
    It affects your AC (+2).
    It affects your strength (+9).
    It protects you from cold.
  an uncursed amulet of the gourmand
  the ring of Entrepreneurial Spirit {rElec MR+ Str+3 Dex+2}
    [ring of strength]
    
    It affects your strength (+3).
    It affects your dexterity (+2).
    It insulates you from electricity.
    It affects your resistance to hostile enchantments.
  the amulet "Duyh" {Faith +Fly rPois rC- Dex+3}
    [amulet of faith]
    
    It allows you to gain divine favour quickly.
    It affects your dexterity (+3).
    It makes you vulnerable to cold.
    It protects you from poison.
    It lets you fly.
  the ring of Gozag's Favour {+Blink rC+ Stlth+}
    [ring of stealth]
    
    It protects you from cold.
    It lets you blink.
    It makes you more stealthy.
  the ring of Rihih {Fire rElec}
    [ring of fire]
    
    It enhances your fire magic.
    It protects you from fire.
    It makes you vulnerable to cold.
    It insulates you from electricity.
  the amulet "Hecseb" {Reflect +Fly Str+4 SH+3}
    [amulet of reflection]
    
    It shields you and reflects attacks.
    It affects your strength (+4).
    It lets you fly.
    It affects your SH (+3).
  a +5 ring of protection
  the ring of Zyozae {rCorr rF++ Dex+5 SInv}
    [ring of resist corrosion]
    
    It affects your dexterity (+5).
    It greatly protects you from fire.
    It lets you see invisible.
  the amulet of Jiepiefugg {Spirit rN+++ Int-2 Dex-2 SInv}
    [amulet of guardian spirit]
    
    It causes incoming damage to be split between your health and magic.
    It affects your intelligence (-2).
    It affects your dexterity (-2).
    It renders you almost immune to negative energy.
    It lets you see invisible.
  the ring "Pylaengo" {rN+ Dex+2 Stlth+}
    [ring of dexterity]
    
    It affects your dexterity (+2).
    It protects you from negative energy.
    It makes you more stealthy.
  an uncursed ring of wizardry
  the ring of Vezuun {rF+ MR+ Int+3}
    [ring of intelligence]
    
    It affects your intelligence (+3).
    It protects you from fire.
    It affects your resistance to hostile enchantments.
  an uncursed ring of positive energy
  the amulet of Qijill {+Rage Str-4 Dex+2 Slay+5 SInv}
    [amulet of rage]
    
    It affects your strength (-4).
    It affects your dexterity (+2).
    It affects your accuracy and damage with ranged weapons and melee attacks
    (+5).
    It lets you see invisible.
    It lets you go berserk.
  the amulet "Canwutto" {+Rage rC- rN++}
    [amulet of rage]
    
    It makes you vulnerable to cold.
    It greatly protects you from negative energy.
    It lets you go berserk.
  the ring "Pyriteski" {+Fly AC+1 Str+3 Int+3}
    [ring of protection]
    
    It affects your AC (+1).
    It affects your strength (+3).
    It affects your intelligence (+3).
    It lets you fly.
  a +6 ring of strength
  the ring of Sanlaf {rN+ Int-5 Dex+3 SInv}
    [ring of positive energy]
    
    It affects your intelligence (-5).
    It affects your dexterity (+3).
    It protects you from negative energy.
    It lets you see invisible.
  the ring "Ugyinn" {rElec Int+5 Dex-2 Stlth+}
    [ring of stealth]
    
    It affects your intelligence (+5).
    It affects your dexterity (-2).
    It insulates you from electricity.
    It makes you more stealthy.
  an uncursed amulet of regeneration
  the ring "Qeffax" {*Corrode MR+ AC+5 Int+7}
    [ring of protection]
    
    It affects your AC (+5).
    It affects your intelligence (+7).
    It affects your resistance to hostile enchantments.
    It may corrode you when you take damage.
  the ring of Sif Muna's Hatred {Ice Stlth+}
    [ring of ice]
    
    It enhances your ice magic.
    It makes you vulnerable to fire.
    It protects you from cold.
    It makes you more stealthy.
  a +5 ring of intelligence
  the amulet "Hienoisa" {Reflect rPois rC+ SH+6}
    [amulet of reflection]
    
    It shields you and reflects attacks.
    It protects you from cold.
    It protects you from poison.
    It affects your SH (+6).
  the ring of Fanaticism {rF+ MR- Str+3 Dex+4 Stlth+}
    [ring of protection from fire]
    
    It affects your strength (+3).
    It affects your dexterity (+4).
    It protects you from fire.
    It affects your resistance to hostile enchantments.
    It makes you more stealthy.
  the ring "Cisicheq" {rC+ MR+ AC+5 Str+3 Dex+4}
    [ring of protection]
    
    It affects your AC (+5).
    It affects your strength (+3).
    It affects your dexterity (+4).
    It protects you from cold.
    It affects your resistance to hostile enchantments.
  the amulet of Monotheism {Gourm rPois}
    [amulet of the gourmand]
    
    It allows you to eat raw meat even when not hungry.
    It protects you from poison.
  the ring of Ramaykk {Fire MR+ Str+4}
    [ring of fire]
    
    It enhances your fire magic.
    It affects your strength (+4).
    It protects you from fire.
    It makes you vulnerable to cold.
    It affects your resistance to hostile enchantments.
  a +3 amulet of reflection
  an uncursed ring of resist corrosion
  the ring "Nuhuibia" {+Inv rF+++ rC+ MR+ Stlth-}
    [ring of protection from magic]
    
    It renders you almost immune to fire.
    It protects you from cold.
    It affects your resistance to hostile enchantments.
    It lets you turn invisible.
    It makes you less stealthy.
  an uncursed ring of poison resistance
  an uncursed ring of ice
  the amulet of Qismyshro {RegenMP rPois MR+++}
    [amulet of magic regeneration]
    
    It increases your magic regeneration.
    It protects you from poison.
    It affects your resistance to hostile enchantments.
  the ring "Xeceraob" {rPois rN+ Dex+2}
    [ring of poison resistance]
    
    It affects your dexterity (+2).
    It protects you from poison.
    It protects you from negative energy.
  the ring "Qerph" {*Corrode rElec MR+ Dex+2}
    [ring of protection from magic]
    
    It affects your dexterity (+2).
    It insulates you from electricity.
    It affects your resistance to hostile enchantments.
    It may corrode you when you take damage.
  the ring "Qedghaxt" {rCorr rPois rN+ MR-}
    [ring of resist corrosion]
    
    It protects you from poison.
    It protects you from negative energy.
    It affects your resistance to hostile enchantments.
  the ring "Qyczala" {rC+ Dex+4}
    [ring of dexterity]
    
    It affects your dexterity (+4).
    It protects you from cold.
  an uncursed amulet of regeneration
  a +3 ring of protection
  the ring "Nite" {Fire +Fly rElec rN+ MR+}
    [ring of fire]
    
    It enhances your fire magic.
    It protects you from fire.
    It makes you vulnerable to cold.
    It insulates you from electricity.
    It protects you from negative energy.
    It affects your resistance to hostile enchantments.
    It lets you fly.
  an uncursed amulet of faith
  the ring "Omnohab" {*Slow rElec rC+ Int+9}
    [ring of protection from cold]
    
    It affects your intelligence (+9).
    It protects you from cold.
    It insulates you from electricity.
    It may slow you when you take damage.
(0, 1, D:1)
  the +5 scythe "Finisher" {speed, eviscerate}
    Attacks with this weapon are significantly faster.
  the +1 arbalest of the Unliving {venom, rF+}
    It poisons the ammo it fires.
    
    It protects you from fire.
  a +1 arbalest of freezing
  a +0 arbalest of freezing
  a +0 spear of pain
  a +1 war axe of flaming
  a +0 hand crossbow of freezing
  a +1 hunting sling of freezing
  the +1 rapier "Kaim Joi" {pain, Fragile Str+3 Int+2}
    In the hands of one skilled in necromantic magic, it inflicts extra damage
    on living creatures.
    
    It affects your strength (+3).
    It affects your intelligence (+2).
    It will be destroyed if unequipped.
  a +2 great sword of protection
  the +8 scimitar "Buejuin" {freeze, *Rage +Fly Str+3}
    It has been specially enchanted to freeze those struck by it, causing extra
    injury to most foes and up to half again as much damage against particularly
    susceptible opponents. It can also slow down cold-blooded creatures.
    
    It affects your strength (+3).
    It lets you fly.
    It may make you go berserk in combat.
  the +2 rapier "Leuptiuc" {venom, rF- Int+3}
    It poisons the flesh of those it strikes.
    
    It affects your intelligence (+3).
    It makes you vulnerable to fire.
  a +1 shortbow of flaming
  a +3 scimitar of holy wrath
  the +6 triple sword of Uskayaw's Outrage {protect, rF+ Int+2}
    It protects the one who uses it against injury (+AC on strike).
    
    It affects your intelligence (+2).
    It protects you from fire.
  a +0 arbalest of velocity
  a +0 vampiric spear
  a +1 quarterstaff of pain
  a +4 lajatang of distortion
  a +1 great sword of slicing
  a +1 scimitar of protection
  a +1 arbalest of velocity
  the +7 great sword of the Shoals {elec, -Tele rElec rF- rC+++}
    Occasionally, upon striking a foe, it will discharge some electrical energy
    and cause terrible harm.
    
    It makes you vulnerable to fire.
    It renders you almost immune to cold.
    It insulates you from electricity.
    It prevents most forms of teleportation.
  a +1 arbalest of freezing
  a +3 great sword of holy wrath
  a +5 demon trident of draining
  a +0 triple sword of freezing
  a +4 spear of venom
  a +0 longbow of freezing
  a +0 great sword of draining
  a +5 quarterstaff of crushing
  the +6 scimitar "Jagukiek" {freeze, rElec rPois rF+ Int-2}
    It has been specially enchanted to freeze those struck by it, causing extra
    injury to most foes and up to half again as much damage against particularly
    susceptible opponents. It can also slow down cold-blooded creatures.
    
    It affects your intelligence (-2).
    It protects you from fire.
    It insulates you from electricity.
    It protects you from poison.
  the +8 scimitar of World Downfall {holy, MR+}
    It has been blessed by the Shining One to cause great damage to the undead
    and demons.
    
    It affects your resistance to hostile enchantments.
  a +4 hand crossbow of flaming
  the +1 hand crossbow of Ute Olabb {freeze, rPois rF- rC- Int+6}
    It causes projectiles fired from it to freeze those they strike, causing
    extra injury to most foes and up to half again as much damage against
    particularly susceptible opponents. They can also slow down cold-blooded
    creatures.
    
    It affects your intelligence (+6).
    It makes you vulnerable to fire.
    It makes you vulnerable to cold.
    It protects you from poison.
  the +7 triple sword "Ygof App" {slice, rF- Str+5 Dex+4}
    It inflicts extra damage upon your enemies.
    
    It affects your strength (+5).
    It affects your dexterity (+4).
    It makes you vulnerable to fire.
  the +5 arbalest of Coadikao {penet, *Contam Int-3 SInv Stlth+}
    Ammo fired by it will pass through the targets it hits, potentially hitting
    all targets in its path until it reaches maximum range.
    
    It affects your intelligence (-3).
    It lets you see invisible.
    It causes magical contamination when unequipped.
    It makes you more stealthy.
  the +6 double sword "Suetoe" {freeze, rC+ rN+ Int+2 Dex-4}
    It has been specially enchanted to freeze those struck by it, causing extra
    injury to most foes and up to half again as much damage against particularly
    susceptible opponents. It can also slow down cold-blooded creatures.
    
    It affects your intelligence (+2).
    It affects your dexterity (-4).
    It protects you from cold.
    It protects you from negative energy.
  a +0 double sword of flaming
  a +1 quarterstaff of speed
  the +10 demon blade of Epaip {freeze, rF++ MP+9 Dex-3 SInv}
    It has been specially enchanted to freeze those struck by it, causing extra
    injury to most foes and up to half again as much damage against particularly
    susceptible opponents. It can also slow down cold-blooded creatures.
    
    It affects your dexterity (-3).
    It greatly protects you from fire.
    It affects your magic capacity (+9).
    It lets you see invisible.
  a +3 hunting sling of velocity
  a +4 scimitar of flaming
  the +3 scimitar "Zuoh" {vamp, Str+3}
    It inflicts no extra harm, but heals its wielder when it wounds a living
    foe.
    
    It affects your strength (+3).
  a +4 hunting sling of freezing
  the +8 arbalest "Merfolk's Doom" {elec, +Inv rPois MR+++ Int-3}
    It charges the ammunition it shoots with electricity; occasionally upon a
    hit, such missiles may discharge and cause terrible harm.
    
    It affects your intelligence (-3).
    It protects you from poison.
    It affects your resistance to hostile enchantments.
    It lets you turn invisible.
  a +1 battleaxe of venom
  a +7 shortbow of flaming
  a +1 longbow of flaming
  the +6 great sword of the Living Dead {venom, +Fly rC+ MR+++ Dex-4}
    It poisons the flesh of those it strikes.
    
    It affects your dexterity (-4).
    It protects you from cold.
    It affects your resistance to hostile enchantments.
    It lets you fly.
  a +2 shortbow of velocity
  the +3 scimitar of Trial by Ordeal {distort, rElec rF+}
    It warps and distorts space around it. Unwielding it can cause banishment or
    high damage.
    
    It protects you from fire.
    It insulates you from electricity.
  a +2 long sword of flaming
  the +10 spear of the Trees {drain, +Inv Str+4}
    A truly terrible weapon, it drains the life of those it strikes.
    
    It affects your strength (+4).
    It lets you turn invisible.
  a +3 double sword of distortion
  a +1 double sword of flaming
  a +6 vampiric demon trident
  a +0 demon trident of electrocution
  a +2 longbow of flaming
  the +1 longbow of Voplet Ebboh {speed, *Contam rN+++ MR+ Int+2}
    Attacks with this weapon are significantly faster.
    
    It affects your intelligence (+2).
    It renders you almost immune to negative energy.
    It affects your resistance to hostile enchantments.
    It causes magical contamination when unequipped.
  a +3 long sword of draining
  a +2 falchion of holy wrath
  a +3 rapier of venom
  a +2 shortbow of flaming
  a +5 short sword of venom
  a +3 triple sword of holy wrath
  the +5 lajatang of Catih {slice, rC+ Dex+4}
    It inflicts extra damage upon your enemies.
    
    It affects your dexterity (+4).
    It protects you from cold.
  a +2 broad axe of pain
  a +4 antimagic scimitar
  a +4 hunting sling of velocity
  a +1 double sword of slicing
  the +1 shortbow of the Butterfly {venom, *Contam +Inv +Fly rPois}
    It poisons the ammo it fires.
    
    It protects you from poison.
    It lets you turn invisible.
    It lets you fly.
    It causes magical contamination when unequipped.
  a +1 shortbow of flaming
  a +0 great sword of holy wrath
  a +1 broad axe of venom
  a +2 hand crossbow of flaming
  a +3 quarterstaff of protection
  the +1 hunting sling of Indignation {freeze, Dex+4}
    It causes projectiles fired from it to freeze those they strike, causing
    extra injury to most foes and up to half again as much damage against
    particularly susceptible opponents. They can also slow down cold-blooded
    creatures.
    
    It affects your dexterity (+4).
  a +0 rapier of draining
  a +2 vampiric lajatang
  a +1 shortbow of flaming
  a +7 quick blade
  the +4 hunting sling of Kutad {flame, +Blink}
    It causes projectiles fired from it to burn those they strike, causing extra
    injury to most foes and up to half again as much damage against particularly
    susceptible opponents.
    
    It lets you blink.
  the +5 demon blade of Welfare {elec, +Rage rPois Int-4}
    Occasionally, upon striking a foe, it will discharge some electrical energy
    and cause terrible harm.
    
    It affects your intelligence (-4).
    It protects you from poison.
    It lets you go berserk.
  a +0 hunting sling of flaming
  the +6 quick blade of Recklessness {pierce, *Noise rN+++ Str+4 Dex+5}
    It inflicts extra damage upon your enemies.
    
    It affects your strength (+4).
    It affects your dexterity (+5).
    It renders you almost immune to negative energy.
    It may make noises in combat.
  a +0 war axe of electrocution
  a +2 short sword of draining
  a +2 quarterstaff of draining
  a +6 long sword of holy wrath
  a +2 short sword of electrocution
  the +1 arbalest "Spiderslayer" {speed, -Tele rPois rN+++}
    Attacks with this weapon are significantly faster.
    
    It protects you from poison.
    It renders you almost immune to negative energy.
    It prevents most forms of teleportation.
  a +0 war axe of freezing
  a +4 broad axe of chopping
  a +1 lajatang of electrocution
  the +0 scimitar "Waxieck's Peril" {freeze, *Noise MP+9 SInv Stlth+}
    It has been specially enchanted to freeze those struck by it, causing extra
    injury to most foes and up to half again as much damage against particularly
    susceptible opponents. It can also slow down cold-blooded creatures.
    
    It affects your magic capacity (+9).
    It lets you see invisible.
    It may make noises in combat.
    It makes you more stealthy.
  a +2 scimitar of draining
  a +4 hunting sling of freezing
  a +5 quick blade
  the +13 scythe of Curses {drain, *Curse}
    A truly terrible weapon, it drains the life of those it strikes.
    
    It curses itself when equipped.
  a +2 great sword of holy wrath
  a +2 double sword of slicing
  a +5 short sword of venom
  a +3 great sword of flaming
  a +2 falchion of freezing
  a +2 lajatang of protection
  the +2 longbow "Jellybane" {speed, MR+}
    Attacks with this weapon are significantly faster.
    
    It affects your resistance to hostile enchantments.
  the +9 longbow of Theory {flame, -Tele rN+ Str+2}
    It causes projectiles fired from it to burn those they strike, causing extra
    injury to most foes and up to half again as much damage against particularly
    susceptible opponents.
    
    It affects your strength (+2).
    It protects you from negative energy.
    It prevents most forms of teleportation.
  a +3 shortbow of flaming
  a +5 shortbow of freezing
  the +1 lajatang of the Omega Point {freeze, rElec rPois rN+ Int+4}
    It has been specially enchanted to freeze those struck by it, causing extra
    injury to most foes and up to half again as much damage against particularly
    susceptible opponents. It can also slow down cold-blooded creatures.
    
    It affects your intelligence (+4).
    It insulates you from electricity.
    It protects you from poison.
    It protects you from negative energy.
  a +0 double sword of holy wrath
  the +8 lajatang of Blind Justice {pain, *Slow +Inv Int+6 Stlth+}
    In the hands of one skilled in necromantic magic, it inflicts extra damage
    on living creatures.
    
    It affects your intelligence (+6).
    It lets you turn invisible.
    It may slow you when you take damage.
    It makes you more stealthy.
  a +5 halberd of chopping
  a +1 long sword of flaming
  a +2 quick blade
  the +9 sword of Zonguldrok {reap}
    If a monster killed with it leaves a corpse in good enough shape, the corpse
    will be animated as a zombie friendly to the killer.
  the +11 plutonium sword {*Contam Stlth-}
    It causes magical contamination when unequipped.
    It makes you less stealthy.
  the +9 broad axe of Kismet {freeze, MR+}
    It has been specially enchanted to freeze those struck by it, causing extra
    injury to most foes and up to half again as much damage against particularly
    susceptible opponents. It can also slow down cold-blooded creatures.
    
    It affects your resistance to hostile enchantments.
  the +1 double sword "Quaq" {drain, Str+3 Dex+4}
    A truly terrible weapon, it drains the life of those it strikes.
    
    It affects your strength (+3).
    It affects your dexterity (+4).
  a +1 lajatang of protection
  the +11 hunting sling of Eskacos {velocity, rPois Dex+4}
    Any stone fired from it inflicts extra damage.
    
    It affects your dexterity (+4).
    It protects you from poison.
  a +4 quarterstaff of speed
  a +3 rapier of distortion
  a +3 vampiric short sword
  the +5 triple sword of Forced Transition {venom, +Blink rN++ MR- Str-2 Stlth+}
    It poisons the flesh of those it strikes.
    
    It affects your strength (-2).
    It greatly protects you from negative energy.
    It affects your resistance to hostile enchantments.
    It lets you blink.
    It makes you more stealthy.
  a +4 war axe of flaming
  a +5 quick blade
  a +2 fustibalus of flaming
  a +0 lajatang of electrocution
  a +1 long sword of electrocution
  a +2 hunting sling of freezing
  the +7 shortbow of Soucsoxisi {freeze, +Inv rPois rF+ Dex+3}
    It causes projectiles fired from it to freeze those they strike, causing
    extra injury to most foes and up to half again as much damage against
    particularly susceptible opponents. They can also slow down cold-blooded
    creatures.
    
    It affects your dexterity (+3).
    It protects you from fire.
    It protects you from poison.
    It lets you turn invisible.
  a +1 trident of venom
  a +2 great sword of venom
  a +3 demon blade of flaming
  a +2 short sword of venom
  a +2 antimagic lajatang
  a +3 falchion of electrocution
  a +0 fustibalus of velocity
  a +0 hand crossbow of freezing
  the +5 triple crossbow of Kynuric {flame, -Tele rPois Dex+7}
    It causes projectiles fired from it to burn those they strike, causing extra
    injury to most foes and up to half again as much damage against particularly
    susceptible opponents.
    
    It affects your dexterity (+7).
    It protects you from poison.
    It prevents most forms of teleportation.
  the +5 battleaxe of the Iron City of Dis {venom, rN+ Str+4}
    It poisons the flesh of those it strikes.
    
    It affects your strength (+4).
    It protects you from negative energy.
  a +4 vampiric hand axe
  the +7 lajatang of Puaxitaa {antimagic, *Rage rPois rF++ Stlth+}
    It reduces the magical energy of the wielder, and disrupts the spells and
    magical abilities of those hit. Natural abilities and divine invocations are
    not affected.
    
    It greatly protects you from fire.
    It protects you from poison.
    It may make you go berserk in combat.
    It makes you more stealthy.
  a +5 lajatang of pain
  a +2 demon blade of draining
  a +2 scimitar of draining
  a +4 shortbow of velocity
  the +4 demon blade "Banisher" {protect, rC+ Dex+4}
    It protects the one who uses it against injury (+AC on strike).
    
    It affects your dexterity (+4).
    It protects you from cold.
  a +2 vampiric demon trident
  the +8 arbalest of Hol Uvimn {elec, rC+ Str+4}
    It charges the ammunition it shoots with electricity; occasionally upon a
    hit, such missiles may discharge and cause terrible harm.
    
    It affects your strength (+4).
    It protects you from cold.
  the +7 hunting sling "Nuschu Axke" {venom, Str+4 Int+2}
    It poisons the ammo it fires.
    
    It affects your strength (+4).
    It affects your intelligence (+2).
  a +4 rapier of electrocution
  a +7 quick blade
  a +1 vampiric broad axe
  a +2 longbow of freezing
  a +2 demon trident of electrocution
  a +2 great sword of holy wrath
  a +6 triple sword of holy wrath
  a +1 triple crossbow of flaming
  a +1 executioner's axe of venom
  a +0 scimitar of slicing
  a +1 battleaxe of chopping
  a +0 great sword of holy wrath
  the +7 broad axe "Jonkal" {venom, Str+3 Int+4}
    It poisons the flesh of those it strikes.
    
    It affects your strength (+3).
    It affects your intelligence (+4).
  a +4 triple sword of distortion
  the +6 fustibalus of Plague {velocity, rPois Str+7 Int-4 Stlth+}
    Any stone fired from it inflicts extra damage.
    
    It affects your strength (+7).
    It affects your intelligence (-4).
    It protects you from poison.
    It makes you more stealthy.
  a +2 shortbow of freezing
  a +4 bardiche of chopping
  a +0 short sword of protection
  a +5 shortbow of flaming
  a +2 longbow of flaming
  a +1 long sword of holy wrath
  a +2 hunting sling of freezing
  a +2 long sword of holy wrath
  a +3 double sword of slicing
  a +0 longbow of flaming
  the +5 great sword "Piufebos" {venom, *Corrode rPois Str-4 Dex+10}
    It poisons the flesh of those it strikes.
    
    It affects your strength (-4).
    It affects your dexterity (+10).
    It protects you from poison.
    It may corrode you when you take damage.
  the +8 longbow "Zephyr" {speed, Dex+3 SInv}
    Attacks with this weapon are significantly faster.
    
    It affects your dexterity (+3).
    It lets you see invisible.
  a +1 great sword of freezing
  a +2 rapier of venom
  a +3 hand crossbow of freezing
  the +5 great sword "Gaplyx" {elec, Dex+4}
    Occasionally, upon striking a foe, it will discharge some electrical energy
    and cause terrible harm.
    
    It affects your dexterity (+4).
  a +4 short sword of protection
  a +1 demon whip of electrocution
  a +3 halberd of protection
  the +9 arbalest of Insufficient Pleasure {elec, Int+7}
    It charges the ammunition it shoots with electricity; occasionally upon a
    hit, such missiles may discharge and cause terrible harm.
    
    It affects your intelligence (+7).
  the +4 hunting sling of the Head {flame, rF+ rC+ Dex+3}
    It causes projectiles fired from it to burn those they strike, causing extra
    injury to most foes and up to half again as much damage against particularly
    susceptible opponents.
    
    It affects your dexterity (+3).
    It protects you from fire.
    It protects you from cold.
  a +0 demon blade of freezing
  a +1 quarterstaff of protection
  a +1 double sword of slicing
  a +3 dire flail of protection
  a +3 triple sword of holy wrath
  a +1 double sword of holy wrath
  a +1 lajatang of venom
  the +10 zealot's sword {holy, *Rage rN+ EV+3}
    It has been blessed by the Shining One to cause great damage to the undead
    and demons.
    
    It affects your evasion (+3).
    It protects you from negative energy.
    It may make you go berserk in combat.
  the +3 eveningstar "Vonumayc" {holy, MP+9 Dex+9}
    It has been blessed by the Shining One to cause great damage to the undead
    and demons.
    
    It affects your dexterity (+9).
    It affects your magic capacity (+9).
  a +8 scimitar of draining
  a +2 arbalest of flaming
  a +3 glaive of venom
  a +2 hand crossbow of flaming
  a +3 quick blade
  a +3 shortbow of freezing
(1, 0, D:1)
  12 scrolls of acquirement
  a +2 pair of boots of running
  a scarf of repulsion
  a +0 pair of gloves of dexterity
  a +1 pair of gloves of dexterity
  the +2 scale mail of the Maze {rCorr Dex+3}
    It affects your dexterity (+3).
    It provides partial protection from all sources of acid and corrosion.
  the +2 cloak of Yturugg {rC- Str+2 Stlth+}
    It affects your strength (+2).
    It makes you vulnerable to cold.
    It makes you more stealthy.
  a +1 crystal plate armour
  a +1 pair of boots of running
  the +0 buckler of Distrogu {rF+ Str-4 Int+4 SInv}
    It affects your strength (-4).
    It affects your intelligence (+4).
    It protects you from fire.
    It lets you see invisible.
  a +2 shield of protection
  a +0 pair of gloves of archery
  the +1 buckler of Gallantry {rF+}
    It protects you from fire.
  a +0 helmet of intelligence
  the +4 buckler of the Fisher {Dex+4 Slay+2}
    It affects your dexterity (+4).
    It affects your accuracy and damage with ranged weapons and melee attacks
    (+2).
  the +2 cloak "Edaoq" {rPois Dex+2 Stlth-}
    It affects your dexterity (+2).
    It protects you from poison.
    It makes you less stealthy.
  a +0 cloak of poison resistance
  a +0 helmet of intelligence
  a +0 pair of boots of flying
  a +1 helmet of see invisible
  a +0 shield of poison resistance
  the +2 shield of Naneutwiami {+Inv Int+3}
    It affects your intelligence (+3).
    It lets you turn invisible.
  a scarf of spirit shield
  the +0 pair of boots "Lyl Nievop" {rElec SInv}
    It insulates you from electricity.
    It lets you see invisible.
  the +6 chain mail of Chimes {MR+ Dex+2}
    It affects your dexterity (+2).
    It affects your resistance to hostile enchantments.
  a +2 shield of fire resistance
  the +13 crystal plate armour "Qiejotot" {Regen+}
    It increases your rate of regeneration.
  a +1 shield of poison resistance
  a +0 cloak of magic resistance
  the +0 helmet of Kiboater {rElec rPois Slay+3}
    It affects your accuracy and damage with ranged weapons and melee attacks
    (+3).
    It insulates you from electricity.
    It protects you from poison.
  the +0 pair of boots of the Black Moon {rF+ rN+ Int-3}
    It affects your intelligence (-3).
    It protects you from fire.
    It protects you from negative energy.
  the +0 buckler "Etufoh Yshop" {*Slow rElec rF++ Int+2}
    It affects your intelligence (+2).
    It greatly protects you from fire.
    It insulates you from electricity.
    It may slow you when you take damage.
  the +18 shield of the Gong {rElec rN+ MR+ EV-5}
    It affects your evasion (-5).
    It insulates you from electricity.
    It protects you from negative energy.
    It affects your resistance to hostile enchantments.
  the -2 hat of the Alchemist {rElec rPois rF+ rC+ rN+ MR+ rMut rCorr}
    It protects you from fire.
    It protects you from cold.
    It insulates you from electricity.
    It protects you from poison.
    It protects you from negative energy.
    It affects your resistance to hostile enchantments.
    It provides partial protection from all sources of acid and corrosion.
    It protects you from mutation.
  the +0 pair of gloves "Vuppompol" {*Slow Regen+ Dex+6}
    It affects your dexterity (+6).
    It increases your rate of regeneration.
    It may slow you when you take damage.
  +1 storm dragon scales
  the +6 scale mail of Lugonu's Scorn {Int+2}
    It affects your intelligence (+2).
  a +1 buckler of resistance
  a scarf of resistance
  the +5 cloak of Knowledge {+Fly rElec Slay+3}
    It affects your accuracy and damage with ranged weapons and melee attacks
    (+3).
    It insulates you from electricity.
    It lets you fly.
  the +4 plate armour "Ynurr" {Str+5}
    It affects your strength (+5).
  the +5 pair of gloves "Cicobb" {*Corrode Int+9 Stlth+}
    It affects your intelligence (+9).
    It may corrode you when you take damage.
    It makes you more stealthy.
  the +8 orange crystal plate armour {Archmagi, Int+3 Clar}
    It affects your intelligence (+3).
    It protects you against confusion.
  the +0 pair of boots of the Fisher {rCorr Int+3}
    It affects your intelligence (+3).
    It provides partial protection from all sources of acid and corrosion.
  the +0 pair of gloves of Least Resistance {rPois}
    It protects you from poison.
  the +0 pair of gloves "Tevigant" {+Fly rPois rF+ rC++}
    It protects you from fire.
    It greatly protects you from cold.
    It protects you from poison.
    It lets you fly.
  the +5 shadow dragon scales of the Black Moon {MR- Str+7 Dex+2 Slay+3 Stlth++++}
    It affects your strength (+7).
    It affects your dexterity (+2).
    It affects your accuracy and damage with ranged weapons and melee attacks
    (+3).
    It affects your resistance to hostile enchantments.
    It makes you much more stealthy.
  the +14 chain mail of the Garden {-Cast +Fly rPois}
    It protects you from poison.
    It lets you fly.
    It prevents spellcasting.
  a +2 animal skin
  a +0 buckler of protection
  a +2 hat
  the +0 buckler "Qiuqi" {rF++ Int+2}
    It affects your intelligence (+2).
    It greatly protects you from fire.
  the +1 hat of Fortification {rN+ Int+3 Stlth-}
    It affects your intelligence (+3).
    It protects you from negative energy.
    It makes you less stealthy.
  the +1 buckler of Heme Fea {MR++ rCorr Str-2}
    It affects your strength (-2).
    It affects your resistance to hostile enchantments.
    It provides partial protection from all sources of acid and corrosion.
  a +1 shield of cold resistance
  a scarf of repulsion
  a +2 pair of gloves of dexterity
  a scarf of resistance
  a +1 pair of boots of running
  a +0 buckler of protection
  the +0 helmet "Uttulott" {Dex+3}
    It affects your dexterity (+3).
  a +2 helmet of see invisible
  the +0 crystal plate armour "Kiv Gask" {rC+}
    It protects you from cold.
  the +0 helmet "Ciqoext" {*Slow +Blink rElec Dex+3}
    It affects your dexterity (+3).
    It insulates you from electricity.
    It lets you blink.
    It may slow you when you take damage.
  a +1 hat
  a scarf of cloud immunity
  the -3 pair of gloves of the Evening {rN+ rCorr Dex+4}
    It affects your dexterity (+4).
    It protects you from negative energy.
    It provides partial protection from all sources of acid and corrosion.
  a +1 hat
  a +3 plate armour of fire resistance
  the +3 cloak of Cowardice {rN+}
    It protects you from negative energy.
  the +1 pair of gloves of Purpose {Regen+ Str+5 Slay-5 Stlth+}
    It affects your strength (+5).
    It affects your accuracy and damage with ranged weapons and melee attacks
    (-5).
    It increases your rate of regeneration.
    It makes you more stealthy.
  the +1 hat "Ogipext" {rElec rPois rC++}
    It greatly protects you from cold.
    It insulates you from electricity.
    It protects you from poison.
  the +3 warlock's mirror {reflect}
  a +1 crystal plate armour
  a +0 chain mail of cold resistance
  the +0 buckler of Boridy {MR+}
    It affects your resistance to hostile enchantments.
  a +1 scale mail of fire resistance
  a +0 crystal plate armour
  the +2 chain mail of the Cast Vote {rF+ Str+3}
    It affects your strength (+3).
    It protects you from fire.
  a +2 cloak of poison resistance
  a +2 pair of boots of running
  a +0 helmet of see invisible
  the -1 pair of gloves "Miydwaz" {Int+5}
    It affects your intelligence (+5).
  a +2 pair of gloves of strength
  the +1 crystal plate armour of Defence {rElec rC- Dex+4 Stlth+}
    It affects your dexterity (+4).
    It makes you vulnerable to cold.
    It insulates you from electricity.
    It makes you more stealthy.
  a +2 plate armour of fire resistance
  a +0 shield of cold resistance
  a scarf of repulsion
  the +0 helmet of Ulaudigo {Regen+ Int+4}
    It affects your intelligence (+4).
    It increases your rate of regeneration.
  a +1 pair of boots of running
  a +1 buckler of positive energy
  the +1 pair of gloves of the Purple Skies {rElec Dex+2}
    It affects your dexterity (+2).
    It insulates you from electricity.
  a +2 pair of gloves of dexterity
  a +1 shield of cold resistance
  the +3 cloak of Ethics {+Fly MR+}
    It affects your resistance to hostile enchantments.
    It lets you fly.
  a scarf of cloud immunity
(1, 1, D:1)
  a +0 hat of magic resistance
  the +3 pair of gloves of Laderir {rN+ rCorr Dex+3}
    It affects your dexterity (+3).
    It protects you from negative energy.
    It provides partial protection from all sources of acid and corrosion.
  a +0 cloak of invisibility
  a +0 buckler of protection
  a +2 pair of gloves of archery
  the +4 shield of Liberty {rPois}
    It protects you from poison.
  a +2 chain mail of fire resistance
  the +2 plate armour "Tisoagam" {rElec Str+3 Dex+2}
    It affects your strength (+3).
    It affects your dexterity (+2).
    It insulates you from electricity.
  a +0 shield of reflection
  a +1 pair of boots of stealth
  the +0 pair of gloves "Weucsue" {*Corrode Str+3 Dex+2}
    It affects your strength (+3).
    It affects your dexterity (+2).
    It may corrode you when you take damage.
  the +0 pair of gloves of Youthful Indiscretion {rPois rN+ rCorr Dex-3}
    It affects your dexterity (-3).
    It protects you from poison.
    It protects you from negative energy.
    It provides partial protection from all sources of acid and corrosion.
  the +2 cloak of the Everdark {+Blink rF- rN+}
    It makes you vulnerable to fire.
    It protects you from negative energy.
    It lets you blink.
  the +1 scale mail "Zado" {rC+ MR++ Str-2 Int+3}
    It affects your strength (-2).
    It affects your intelligence (+3).
    It protects you from cold.
    It affects your resistance to hostile enchantments.
  a +2 buckler of protection
  the +0 pair of gloves of Absence {rC+ Dex+4}
    It affects your dexterity (+4).
    It protects you from cold.
  the -4 buckler "Iguaxany" {rC+ Regen+}
    It protects you from cold.
    It increases your rate of regeneration.
  +0 steam dragon scales
  the +0 Maxwell's etheric cage {RegenMP+ *Contam rElec MP+4}
    It insulates you from electricity.
    It affects your magic capacity (+4).
    It causes magical contamination when unequipped.
  the +2 cloak of Resonance {rC- Regen+ rCorr Slay+2}
    It affects your accuracy and damage with ranged weapons and melee attacks
    (+2).
    It makes you vulnerable to cold.
    It increases your rate of regeneration.
    It provides partial protection from all sources of acid and corrosion.
  a +2 hat of intelligence
  the +3 buckler of Duceezat {Str+6}
    It affects your strength (+6).
  the +2 buckler of the Ageless Lives {rN++ Dex+3 Stlth+}
    It affects your dexterity (+3).
    It greatly protects you from negative energy.
    It makes you more stealthy.
  the +1 buckler "Zuodoz" {MR+}
    It affects your resistance to hostile enchantments.
  the +1 ring mail of the Gravedigger {-Tele *Drain rElec Dex+8}
    It affects your dexterity (+8).
    It insulates you from electricity.
    It prevents most forms of teleportation.
    It causes draining when unequipped.
  a +1 plate armour of cold resistance
  a +2 hat of magic resistance
  the +1 shield "Xeepysist" {Str+4}
    It affects your strength (+4).
  a scarf of spirit shield
  a +0 pair of boots of stealth
  the +0 helmet "Cijih" {*Drain Str+4 Int+6}
    It affects your strength (+4).
    It affects your intelligence (+6).
    It causes draining when unequipped.
  +1 shadow dragon scales
  the +0 crystal plate armour "Rijywn" {+Inv}
    It lets you turn invisible.
  a scarf of cloud immunity
  a +0 hat of magic resistance
  the +2 shield of Resistance {rF+ rC+ MR+}
    It protects you from fire.
    It protects you from cold.
    It affects your resistance to hostile enchantments.
  a +1 buckler of reflection
  +1 pearl dragon scales
  the +3 plate armour of the Slug {rF+ Str+4 Dex+3}
    It affects your strength (+4).
    It affects your dexterity (+3).
    It protects you from fire.
  a scarf of spirit shield
  the +3 buckler "Qofejad" {rF+ rN+ Dex+4 Stlth+}
    It affects your dexterity (+4).
    It protects you from fire.
    It protects you from negative energy.
    It makes you more stealthy.
  a +1 hat of see invisible
  a scarf of resistance
  the +0 pair of gloves "Noud" {rElec rN++ rCorr SInv}
    It insulates you from electricity.
    It greatly protects you from negative energy.
    It lets you see invisible.
    It provides partial protection from all sources of acid and corrosion.
  a +2 hat of magic resistance
  the +1 pair of boots "Bioppi Didurph" {Slay+2 Stlth+}
    It affects your accuracy and damage with ranged weapons and melee attacks
    (+2).
    It makes you more stealthy.
  the +2 hat of Trog's Envy {*Contam rElec Str-3 Dex+5}
    It affects your strength (-3).
    It affects your dexterity (+5).
    It insulates you from electricity.
    It causes magical contamination when unequipped.
  a +2 shield of reflection
  the +3 shield of Fortitude {rN+}
    It protects you from negative energy.
  a +2 pair of boots of stealth
  the +2 pair of boots of Isseunno {rN+ rCorr}
    It protects you from negative energy.
    It provides partial protection from all sources of acid and corrosion.
  the -1 buckler of Baldness {rPois rC+ Int+3}
    It affects your intelligence (+3).
    It protects you from cold.
    It protects you from poison.
  the +0 pair of boots of the Ancient Gods {*Corrode rC+++ Regen+ Int-2}
    It affects your intelligence (-2).
    It renders you almost immune to cold.
    It increases your rate of regeneration.
    It may corrode you when you take damage.
  a +0 hat of see invisible
  the +3 pair of gloves of Spring {rN+ Str+3 Dex+2}
    It affects your strength (+3).
    It affects your dexterity (+2).
    It protects you from negative energy.
  the +0 helmet of Dyiwk {*Drain Str+2 Dex+5}
    It affects your strength (+2).
    It affects your dexterity (+5).
    It causes draining when unequipped.
  a +0 cloak of invisibility
  the +1 pair of gloves "Qafe" {rF+ Regen+}
    It protects you from fire.
    It increases your rate of regeneration.
  a +1 hat of see invisible
  the +0 hat of Submission {+Blink rPois rCorr Str-4}
    It affects your strength (-4).
    It protects you from poison.
    It lets you blink.
    It provides partial protection from all sources of acid and corrosion.
  a +2 pair of gloves of dexterity
  a +0 pair of gloves of dexterity
  the +3 pair of gauntlets of War {Slay+5}
    It affects your accuracy and damage with ranged weapons and melee attacks
    (+5).
  the +0 pair of gloves "Lutroex" {rElec Str+4 Int-5}
    It affects your strength (+4).
    It affects your intelligence (-5).
    It insulates you from electricity.
  the +2 buckler "Itso Eso" {rCorr}
    It provides partial protection from all sources of acid and corrosion.
  a +1 buckler of reflection
  the +0 cloak of Dim Light {rN+}
    It protects you from negative energy.
  the +12 crystal plate armour "Bocedum" {-Cast Str+6 SInv}
    It affects your strength (+6).
    It lets you see invisible.
    It prevents spellcasting.
  a +0 pair of gloves of strength
  the +3 hat "Azoshrir" {Int+4}
    It affects your intelligence (+4).
  the +2 helmet of Music {Str+4}
    It affects your strength (+4).
  the +10 crystal plate armour "Iwkets" {*Corrode Regen+ Int+5 Stlth+}
    It affects your intelligence (+5).
    It increases your rate of regeneration.
    It may corrode you when you take damage.
    It makes you more stealthy.
  the -1 shield of Valiance {rC- rCorr SInv}
    It makes you vulnerable to cold.
    It lets you see invisible.
    It provides partial protection from all sources of acid and corrosion.
  the +2 hat of the Bear Spirit {Spirit, +Rage rN+ MR++}
    It protects you from negative energy.
    It affects your resistance to hostile enchantments.
    It lets you go berserk.
  the +4 pair of gloves of the Boiling Point {*Corrode +Inv Int+4 SInv}
    It affects your intelligence (+4).
    It lets you see invisible.
    It lets you turn invisible.
    It may corrode you when you take damage.
  the +1 pair of gloves "Efuvedi" {Dex+2}
    It affects your dexterity (+2).
  a +1 pair of boots of stealth
  the +0 pair of boots "Jotolab" {rN+ Str+4 Int+2}
    It affects your strength (+4).
    It affects your intelligence (+2).
    It protects you from negative energy.
  a +1 hat of see invisible
  the +0 ring mail of the World {rF- SInv Stlth+}
    It makes you vulnerable to fire.
    It lets you see invisible.
    It makes you more stealthy.
  a +1 buckler of positive energy
  the +3 scale mail of Cihat {+Blink +Fly rElec rCorr}
    It insulates you from electricity.
    It lets you fly.
    It lets you blink.
    It provides partial protection from all sources of acid and corrosion.
  the +1 crystal plate armour of the Bulwark {Str+4}
    It affects your strength (+4).
  a +4 plate armour of cold resistance
  a +0 hat of see invisible
  the +1 buckler of the Realms {MR+}
    It affects your resistance to hostile enchantments.
  the +5 shield of Xoabawnu {rC- rN+ Int+8 Dex+3}
    It affects your intelligence (+8).
    It affects your dexterity (+3).
    It makes you vulnerable to cold.
    It protects you from negative energy.
  a +2 cloak of invisibility
  the +0 pair of gloves of the Loofah {rC+}
    It protects you from cold.
  the +3 pair of gloves "Kudetaxt" {rN++}
    It greatly protects you from negative energy.
  the -2 pair of gloves of Atheism {-Tele rN+ Str+3 Dex+2}
    It affects your strength (+3).
    It affects your dexterity (+2).
    It protects you from negative energy.
    It prevents most forms of teleportation.
  the +1 hat of Ysapral {rC- rN++}
    It makes you vulnerable to cold.
    It greatly protects you from negative energy.
  the +0 pair of fencer's gloves {Riposte Dex+3}
    It affects your dexterity (+3).
  the +0 storm dragon scales "Maerroag" {rElec Regen+ Str+2}
    It affects your strength (+2).
    It insulates you from electricity.
    It increases your rate of regeneration.
  the +0 hat of the Gloaming {rPois rC++}
    It greatly protects you from cold.
    It protects you from poison.
  the +0 buckler of the Land of Plenty {rPois rCorr Dex-5 Stlth+}
    It affects your dexterity (-5).
    It protects you from poison.
    It provides partial protection from all sources of acid and corrosion.
    It makes you more stealthy.
  the +1 helmet of the Present {*Contam *Slow rElec rCorr}
    It insulates you from electricity.
    It causes magical contamination when unequipped.
    It provides partial protection from all sources of acid and corrosion.
    It may slow you when you take damage.
  the +0 cloak of Hedging {rC+ Int-2 Stlth+}
    It affects your intelligence (-2).
    It protects you from cold.
    It makes you more stealthy.
  the +0 hat of Janwafing {*Contam *Slow rElec Str+8}
    It affects your strength (+8).
    It insulates you from electricity.
    It causes magical contamination when unequipped.
    It may slow you when you take damage.
  the +2 shield of the Zebra {rPois MR+ Int-2}
    It affects your intelligence (-2).
    It protects you from poison.
    It affects your resistance to hostile enchantments.
  the +3 buckler "Hadgh" {rElec rF+ Str-3}
    It affects your strength (-3).
    It protects you from fire.
    It insulates you from electricity.
  a +0 pair of boots of stealth
  the +2 buckler "Tuann" {Str+2 Int+2}
    It affects your strength (+2).
    It affects your intelligence (+2).
  the +15 Maxwell's patent armour {-Cast -Tele rElec MR+ rCorr}
    It insulates you from electricity.
    It affects your resistance to hostile enchantments.
    It prevents spellcasting.
    It prevents most forms of teleportation.
    It provides partial protection from all sources of acid and corrosion.
  the +1 pair of gloves "Wural" {Regen+}
    It increases your rate of regeneration.
  the +7 Kryia's mail coat {PotionHeal*2 rC+}
    It protects you from cold.
  the +0 pair of boots of Vufod {Int-3 Dex+3 Stlth+}
    It affects your intelligence (-3).
    It affects your dexterity (+3).
    It makes you more stealthy.
  the +2 cloak of the Vestibule of Hell {rElec rC+ MP+9}
    It protects you from cold.
    It insulates you from electricity.
    It affects your magic capacity (+9).

