Ymoostor

Level 1 of the Dungeon
(0, 0, D:1)
  7 gold pieces
(1, -26, D:1)
  a +0 ring mail
(2, -29, D:1)
  16 gold pieces
(3, -30, D:1)
  12 gold pieces
(7, -36, D:1)
  14 gold pieces
(7, 0, D:1)
  a ration
(10, 13, D:1)
  a potion of heal wounds
(13, 5, D:1)
  6 gold pieces
(17, -21, D:1)
  19 stones
(19, -9, D:1)
  a potion of curing
(20, -9, D:1)
  a +0 robe
(23, -24, D:1)
  a +0 leather armour
(23, -1, D:1)
  23 bolts
(24, -29, D:1)
  a +0 short sword
(27, -11, D:1)
  a scroll of enchant weapon
(28, -18, D:1)
  8 gold pieces
(30, -19, D:1)
  10 gold pieces
(31, 7, D:1)
  8 gold pieces
(32, -8, D:1)
  a +0 robe
(34, 3, D:1)
  17 sling bullets
(35, -25, D:1)
  a +0 leather armour
(35, -22, D:1)
  14 gold pieces
(37, -19, D:1)
  4 gold pieces
(37, -6, D:1)
  a scroll of enchant weapon
(38, -16, D:1)
  23 stones
(40, -32, D:1)
  a potion of curing
(45, -17, D:1)
  a +0 hunting sling

