Xuchoc

Level 1 of the Dungeon
(0, 0, D:1)
  a +0 dagger
(18, 5, D:1)
  a +0 robe
(19, -11, D:1)
  a +2 naga barding
(20, -7, D:1)
  a +0 dagger

Level 2 of the Dungeon
(0, 0, D:2)
  a +0 club
(3, 0, D:2)
  a +0 dagger
(4, 32, D:2)
  a +0 club
(7, 23, D:2)
  a +0 quarterstaff
(7, 32, D:2)
  a +0 short sword
(19, 13, D:2)
  a cursed -1 club
(30, -1, D:2)
  a +0 chain mail
(30, 30, D:2)
  a +0 dagger
(35, -2, D:2)
  a potion of degeneration
(37, -2, D:2)
  a -3 ring of strength

Level 3 of the Dungeon
(0, 0, D:3)
  a cursed -1 whip
(2, -44, D:3)
  a +0 club
(2, -9, D:3)
  a +0 club
(24, -28, D:3)
  a +0 hunting sling
(28, -9, D:3)
  a +0 hunting sling
(29, 0, D:3)
  a +0 leather armour
(36, -35, D:3)
  a cursed -3 club
(37, -23, D:3)
  a +0 short sword
(41, -25, D:3)
  a +0 club
(43, -40, D:3)
  a cursed -1 club
(43, 5, D:3)
  a +0 robe
(45, -44, D:3)
  a +0 short sword
(55, -16, D:3)
  a +0 scythe
(57, -16, D:3)
  a cursed +0 robe
  a +0 whip
(57, -4, D:3)
  a +0 club
(59, -38, D:3)
  a +0 leather armour
  a cursed -2 club
(61, -9, D:3)
  a +0 dagger

Level 4 of the Dungeon
(0, 0, D:4)
  a +0 robe
(5, -29, D:4)
  a +0 chain mail
  a +0 robe
(12, -37, D:4)
  a cursed +0 robe
(13, -37, D:4)
  a +0 leather armour
  a +0 hand axe
  a +0 club
  a +0 leather armour
  a +0 morningstar
  a +0 ring mail
  a +0 dagger
  a +0 robe
(29, 0, D:4)
  a +0 ring mail
(45, -12, D:4)
  a +0 halberd

Level 5 of the Dungeon
(0, 0, D:5)
  a +0 whip
(4, 12, D:5)
  a +0 dagger
(5, -5, D:5)
  a +0 leather armour
  a +0 mace
(9, 4, D:5)
  a +0 leather armour
(11, 5, D:5)
  a +0 whip
(17, -2, D:5)
  a +0 hand axe
(17, -1, D:5)
  a +0 whip
(20, 4, D:5)
  a +0 robe
(27, 16, D:5)
  a +0 robe
(31, 4, D:5)
  a +0 leather armour
(40, -18, D:5)
  a +0 cloak

Level 6 of the Dungeon
(0, 0, D:6)
  a +0 robe
  a +0 dagger
  a +0 plate armour
(0, 1, D:6)
  a +0 robe
  a +0 dagger
  a +0 dagger
(2, 1, D:6)
  a +0 chain mail
  a +0 mace
(11, 43, D:6)
  a +0 leather armour
(18, 1, D:6)
  a +0 hand axe
  a cursed -2 club
  a cursed +0 leather armour
  a +0 robe
  a +0 dagger
(41, 24, D:6)
  a +0 halberd
  a +0 rapier
(42, 6, D:6)
  a +0 blowgun

Level 7 of the Dungeon
(16, 12, D:7)
  a +0 leather armour
  a +0 trident
(17, 8, D:7)
  a +0 shortbow
(18, 8, D:7)
  a +0 club
(19, 8, D:7)
  a +0 scale mail
  a +0 dagger
(27, 13, D:7)
  a +0 dagger
(36, -10, D:7)
  a +0 robe
  a +0 dagger
(38, 14, D:7)
  a +0 leather armour
(39, -2, D:7)
  a potion of degeneration
(40, 0, D:7)
  a +0 falchion
  a +0 robe
  a +0 dagger
  a +0 robe
(41, 0, D:7)
  a +0 ring mail
  a cursed -1 whip
  a +0 robe
(43, -10, D:7)
  a +0 robe
  a +0 dagger
(43, -9, D:7)
  a +0 leather armour
(45, 2, D:7)
  a +0 club
(47, 0, D:7)
  a +0 short sword

Level 8 of the Dungeon
(0, 0, D:8)
  a +0 spear
(5, -21, D:8)
  a +0 halberd
(14, -26, D:8)
  a +0 ring mail
(14, -19, D:8)
  a +0 club
(18, -1, D:8)
  a +0 spear
(19, 9, D:8)
  a potion of degeneration
(25, -7, D:8)
  a +0 leather armour
(26, -8, D:8)
  a +4 spear
  a +0 hand axe of flaming
  a +2 dagger of speed
  a +0 long sword
  17 bolts
  a +1 dagger
(26, -7, D:8)
  a -2 short sword
(26, 5, D:8)
  a cursed +0 ring mail
  a +0 spear
(27, -8, D:8)
  a +0 shortbow
(28, -9, D:8)
  a potion of resistance
(28, -8, D:8)
  a scroll of noise
(31, -20, D:8)
  a +0 scale mail
(32, -9, D:8)
  a +0 leather armour
  a +0 club
(36, -5, D:8)
  a +0 spear
(39, -24, D:8)
  a +0 cloak
  a +0 short sword
(41, -7, D:8)
  a +0 hunting sling

Level 9 of the Dungeon
(0, 0, D:9)
  a sling bullet
(2, -40, D:9)
  a +0 leather armour
(15, -19, D:9)
  a +0 leather armour
  a +0 hand axe
(15, -18, D:9)
  a +0 short sword
(15, -16, D:9)
  a +0 leather armour
  a cursed +0 flail
(15, -15, D:9)
  a +0 hand axe
(15, -13, D:9)
  a +0 chain mail
(15, -12, D:9)
  a +0 halberd
(16, -9, D:9)
  a +0 robe
  a +0 dagger
  a +0 shortbow
(20, -18, D:9)
  a +0 leather armour
  a +0 dagger
(33, -8, D:9)
  a +0 giant club
  a +0 giant spiked club
(36, -5, D:9)
  a +0 leather armour
  a +0 ring mail
(36, -4, D:9)
  a +0 short sword
(43, -1, D:9)
  a +0 giant club
  a +0 giant spiked club

the Ecumenical Temple

Level 1 of the Lair of Beasts
(0, 0, Lair:1)
  a +0 club
(4, -32, Lair:1)
  a +0 spear
(38, -33, Lair:1)
  a +0 leather armour

