Ruriag

Level 1 of the Dungeon
(0, 0, D:1)
  a +0 robe
(1, -16, D:1)
  a potion of berserk rage
(3, -4, D:1)
  a +0 whip
(3, 1, D:1)
  a +0 club
(11, 9, D:1)
  a +0 leather armour
(19, -9, D:1)
  the +1 helmet of Trog's Righteous Anger {rElec Str+2 Dex+4}
    It affects your strength (+2).
    It affects your dexterity (+4).
    It insulates you from electricity.
  a +0 whip
  a +0 leather armour

Level 2 of the Dungeon
(0, 0, D:2)
  a +0 dagger
(4, 9, D:2)
  a cursed -1 scale mail
(18, -30, D:2)
  a +0 short sword
(24, -28, D:2)
  a +0 robe
(26, -1, D:2)
  a +0 club
  a +0 club
  a +0 dagger
  a +0 club
  a +0 dagger
(26, 23, D:2)
  a +0 leather armour
(27, -1, D:2)
  a +0 dagger
  a +0 club
  a +0 club
  a cursed -3 club
(31, -25, D:2)
  a +0 short sword
(32, 24, D:2)
  a cursed -3 flail
(34, -10, D:2)
  a +0 robe
(46, 8, D:2)
  a +0 club

Level 3 of the Dungeon
(0, 0, D:3)
  a +0 short sword
(2, 6, D:3)
  a potion of haste
  a potion of degeneration
(5, 5, D:3)
  a +0 club
(5, 6, D:3)
  a +0 chain mail
  a +0 dagger
  a +0 chain mail
  a +0 club
(12, 19, D:3)
  a +0 hand axe
(13, 44, D:3)
  a +0 dagger
(14, -5, D:3)
  a cursed +0 club
(14, 12, D:3)
  a +0 club
(21, 7, D:3)
  a +0 dagger
(25, 10, D:3)
  a +0 robe
(25, 11, D:3)
  a +0 club
  a +0 hunting sling
(41, 14, D:3)
  a +0 club
(44, 33, D:3)
  a +0 short sword
(47, 7, D:3)
  a +0 mace

Level 4 of the Dungeon
(0, 0, D:4)
  a cursed +0 robe
(2, -28, D:4)
  a +0 flail
  a +0 flail
(44, -2, D:4)
  a +0 robe
  a +0 dagger

Level 5 of the Dungeon
[Shop] Woshaam's Jewellery Shop
  an uncursed ring of ice (275 gold)
  an uncursed ring of protection from magic (275 gold)
  an uncursed ring of ice (275 gold)
  an uncursed amulet of magic regeneration (330 gold)
  a +5 amulet of reflection (453 gold)
  an uncursed amulet of the acrobat (330 gold)
  an uncursed ring of protection from fire (275 gold)
  an uncursed amulet of guardian spirit (330 gold)
  the ring of Bang {Ice rElec Str+5 Int-3} (475 gold)
    [ring of ice]
    
    It enhances your ice magic.
    It affects your strength (+5).
    It affects your intelligence (-3).
    It makes you vulnerable to fire.
    It protects you from cold.
    It insulates you from electricity.
  an uncursed amulet of the gourmand (330 gold)
(0, 0, D:5)
  a +0 short sword
(11, -7, D:5)
  a +0 short sword
(11, 17, D:5)
  a +0 flail
  a +0 short sword
(13, 16, D:5)
  a +0 flail
(35, -4, D:5)
  a +0 robe
(40, 11, D:5)
  a +0 ring mail
  a +0 falchion
(49, -19, D:5)
  a cursed +0 ring mail
(55, 24, D:5)
  a +0 hand axe
(58, 22, D:5)
  a scroll of teleportation
(62, -16, D:5)
  a +0 hand axe
  a +0 chain mail

Level 6 of the Dungeon
(0, 0, D:6)
  a +0 scale mail
  a +0 flail
(4, 33, D:6)
  a +0 shield
(5, 26, D:6)
  a +0 falchion
(7, 26, D:6)
  a +0 flail
(9, 24, D:6)
  a +0 leather armour
  a +0 short sword
(13, 46, D:6)
  a scroll of teleportation
(14, 17, D:6)
  a +0 leather armour
  a +0 club
(27, 34, D:6)
  a +0 robe
(33, 31, D:6)
  a +0 robe
  a +0 dagger
  a +0 dagger
  a +0 robe
(34, 31, D:6)
  a +0 robe
  a +0 dagger
(38, -3, D:6)
  a +0 hunting sling
(38, 0, D:6)
  a +0 dagger
(52, 32, D:6)
  a +0 robe

Level 7 of the Dungeon
(0, 0, D:7)
  a +0 chain mail
(1, 39, D:7)
  a +0 robe
  a +0 dagger
(5, 27, D:7)
  a +0 robe
(5, 35, D:7)
  a +0 robe
  a +0 flail
(16, 41, D:7)
  a +0 leather armour
(24, 16, D:7)
  a +0 mace
(28, 9, D:7)
  a +0 quarterstaff
(33, 13, D:7)
  a +0 robe
  a +0 dagger
(39, 4, D:7)
  a +0 dagger
(42, 56, D:7)
  a +0 shortbow
(43, 21, D:7)
  a +0 rapier
  a +0 robe
  a +0 dagger
  a +0 chain mail
  a +0 robe
  a +0 dagger
(47, 42, D:7)
  a -2 halberd
(48, 4, D:7)
  a +0 ring mail
(48, 26, D:7)
  a +0 dagger
(49, 11, D:7)
  a potion of haste
(52, 6, D:7)
  a +0 robe
  a +0 dagger
(53, 4, D:7)
  a +0 robe
(56, 25, D:7)
  a scroll of teleportation
(56, 34, D:7)
  a +0 mace
(57, 30, D:7)
  a +0 robe
(59, 21, D:7)
  a +0 robe
  a +0 dagger
(61, 33, D:7)
  a cursed +0 giant club

Level 8 of the Dungeon
(0, 0, D:8)
  a +0 dagger
  a +0 robe
(1, 9, D:8)
  a +0 short sword
(3, 20, D:8)
  a +0 dagger
(5, 7, D:8)
  a +0 dagger
  a +0 scale mail
(5, 12, D:8)
  a +0 dagger
(5, 19, D:8)
  a +0 dagger
(6, 5, D:8)
  a +0 scale mail
(8, 11, D:8)
  a +0 short sword
(9, 0, D:8)
  a +0 robe
  a +0 dagger
  a +0 robe
  a +0 dagger
(10, 1, D:8)
  a +0 leather armour
  a +0 flail
(10, 9, D:8)
  a +0 club
(21, 27, D:8)
  a +0 war axe
(23, -14, D:8)
  a +4 amulet of reflection
(24, -8, D:8)
  a +0 whip
(24, 27, D:8)
  a +0 short sword
(25, 27, D:8)
  a +0 short sword
(26, -8, D:8)
  a scroll of teleportation
  a +0 robe
  a +0 dagger
(27, -10, D:8)
  a +0 leather armour
  a +0 club
(27, 35, D:8)
  a +0 chain mail
(28, 28, D:8)
  a +0 chain mail
(30, 31, D:8)
  a +0 ring mail
  a +0 club
(32, -9, D:8)
  a +0 leather armour
(32, 15, D:8)
  a scroll of teleportation
(34, 33, D:8)
  a potion of haste
(35, 13, D:8)
  a scroll of blinking
(41, -1, D:8)
  a +0 chain mail
(45, -1, D:8)
  a scroll of teleportation
(46, 20, D:8)
  a +0 shortbow

Level 9 of the Dungeon
(0, 0, D:9)
  a +0 club
(2, -13, D:9)
  a +0 mace
(4, -17, D:9)
  a +0 scimitar of slicing
  a +1 falchion of holy wrath
(4, -16, D:9)
  46 bolts
  a +3 short sword
  a cursed +3 hand axe
  a +0 vampiric whip
  a cursed +3 flail
  a +0 scimitar of draining
  a +0 vampiric trident
(5, -16, D:9)
  a +0 dire flail
  193 arrows
(6, -37, D:9)
  a +0 scale mail
(6, -17, D:9)
  a potion of mutation
  a scroll of silence
  a potion of lignification
  a potion of heal wounds
  a scroll of enchant armour
(6, -16, D:9)
  a wand of random effects (10)
  2 scrolls of amnesia
(8, -15, D:9)
  a +0 leather armour
  a +0 hand axe
(9, -13, D:9)
  a +0 ring mail
  a +0 club
(10, -14, D:9)
  a +0 mace
(10, -13, D:9)
  a +0 scale mail
  a +0 club
(10, -11, D:9)
  a +0 chain mail
  a +0 halberd
(10, -4, D:9)
  a +0 scale mail
  a +0 dagger
(11, -11, D:9)
  a +0 leather armour
  a +0 chain mail
(12, -6, D:9)
  a +0 leather armour
  a +0 whip
(17, -33, D:9)
  a +0 mace
(19, -23, D:9)
  a cursed -2 giant club
(20, -32, D:9)
  a +0 leather armour
(27, -30, D:9)
  a +0 mace
(28, -32, D:9)
  a +0 robe
  a +0 dagger
(29, -32, D:9)
  a +0 leather armour
  a +0 mace
(32, -3, D:9)
  a scroll of teleportation
(35, -32, D:9)
  a +0 club
(43, -29, D:9)
  18 gold pieces
(43, -28, D:9)
  an uncursed ring of positive energy
(44, -30, D:9)
  a scroll of amnesia
(44, -28, D:9)
  28 gold pieces
(45, -30, D:9)
  a phantom mirror
(45, -29, D:9)
  a scroll of amnesia
(45, -28, D:9)
  a box of beasts

Level 10 of the Dungeon
(0, 0, D:10)
  a +0 dagger
(1, 8, D:10)
  a +0 robe
(5, -20, D:10)
  15 gold pieces
(6, -16, D:10)
  a +0 chain mail
(9, -2, D:10)
  a +0 short sword
(10, -31, D:10)
  17 gold pieces
(12, -31, D:10)
  a potion of mutation
(12, 4, D:10)
  a +0 club
(13, 4, D:10)
  a +0 dagger
  a +0 dagger
(14, -42, D:10)
  a +0 shortbow
(16, -32, D:10)
  a +0 leather armour

the Ecumenical Temple

