Kobragem

Level 1 of the Dungeon
(0, 0, D:1)
  a +0 dagger
(14, -11, D:1)
  a +0 mace
(19, -10, D:1)
  a +0 robe
(20, -11, D:1)
  a cursed +0 club
(22, -11, D:1)
  21 bolts
(23, -15, D:1)
  a +0 chain mail
(28, -33, D:1)
  a +0 hand axe

Level 2 of the Dungeon
(0, 0, D:2)
  a +0 dagger
(3, -24, D:2)
  a +0 club
(8, -27, D:2)
  a +0 flail
(9, 7, D:2)
  a +2 leather armour of fire resistance
(15, -22, D:2)
  a +0 leather armour
  a +0 hand axe
(52, -8, D:2)
  a +0 dagger
  a +0 club

Level 3 of the Dungeon
(0, 0, D:3)
  a cursed +0 flail
(1, 9, D:3)
  a +0 halberd
(4, -2, D:3)
  a +0 dagger
(6, -8, D:3)
  a +0 club
  a +0 flail
(13, -13, D:3)
  a +0 ring mail
(18, -5, D:3)
  a +0 club
(20, 13, D:3)
  a +0 short sword
(24, -15, D:3)
  a +0 whip
(25, -17, D:3)
  a tomahawk
(26, -17, D:3)
  2 tomahawks
(28, -16, D:3)
  a +0 club
(29, -11, D:3)
  a +0 spear
(30, -20, D:3)
  a tomahawk

Level 4 of the Dungeon
(0, 0, D:4)
  a +0 leather armour
  a +0 club
(0, 1, D:4)
  a +0 leather armour
(1, -2, D:4)
  a +0 whip
(8, 41, D:4)
  a +0 dagger
(9, -7, D:4)
  16 bolts
(9, 41, D:4)
  a +0 mace
(10, -17, D:4)
  a +0 ring mail
(13, -1, D:4)
  a +0 short sword
  a +0 chain mail
(13, 0, D:4)
  a +0 hand axe
(13, 1, D:4)
  a +0 dagger
(14, -1, D:4)
  a +0 scale mail
(17, 27, D:4)
  a +0 club
(23, -6, D:4)
  a +0 leather armour
(24, -5, D:4)
  a +0 hand axe
(34, 15, D:4)
  a +0 halberd
(34, 16, D:4)
  a +0 whip
(38, 33, D:4)
  a +0 falchion
  a +0 leather armour
(38, 44, D:4)
  a +0 robe
(51, 23, D:4)
  a +0 robe
(56, 25, D:4)
  a +0 hunting sling
  a +0 flail

Level 5 of the Dungeon
(0, 0, D:5)
  a cursed +0 robe
  a +0 dagger
(0, 10, D:5)
  a +0 scale mail
(4, 0, D:5)
  a +0 leather armour
  a +0 mace
(5, 0, D:5)
  a +0 robe
  a cursed -1 dagger
(9, 5, D:5)
  a +0 plate armour
(19, 14, D:5)
  a +0 shortbow
(40, -8, D:5)
  a cursed +0 leather armour
(45, 5, D:5)
  a +0 whip
  a +0 robe
(45, 6, D:5)
  a +0 ring mail
  a +0 mace
(45, 7, D:5)
  a +0 robe
  a cursed -1 dagger
(49, 39, D:5)
  a +0 mace

Level 6 of the Dungeon
(0, 0, D:6)
  a +0 dagger
(7, -8, D:6)
  a +0 falchion
(9, -4, D:6)
  22 bolts
(11, -21, D:6)
  a +0 dagger
(13, -7, D:6)
  a +0 helmet
(41, 1, D:6)
  a book of Changes
(47, -11, D:6)
  a +0 mace

Level 7 of the Dungeon
(0, 0, D:7)
  a +0 animal skin
(0, 2, D:7)
  a +0 robe
(10, -23, D:7)
  a +0 ring mail
(11, -35, D:7)
  a +0 shortbow
(18, -35, D:7)
  a +0 giant club
(27, -13, D:7)
  a +1 scale mail of cold resistance
  a +0 trident
(29, -30, D:7)
  a +0 robe
  a +0 dagger
  a +0 dagger
  a +0 robe
(30, -30, D:7)
  a +0 club
  a +0 dagger
  a +0 robe
  a +0 short sword
(31, -43, D:7)
  15 bolts
(31, -30, D:7)
  a +0 ring mail
  a +0 mace
(32, -30, D:7)
  a +0 leather armour
(32, -29, D:7)
  a +0 whip
(35, -30, D:7)
  a +0 flail
(38, -14, D:7)
  a +0 hunting sling
(45, -32, D:7)
  a +0 leather armour
(52, -47, D:7)
  a +0 plate armour

Level 8 of the Dungeon
(0, 0, D:8)
  a +0 leather armour
  a +0 leather armour
  a +0 club
  a +0 whip
(0, 1, D:8)
  a +0 hand axe
(1, 5, D:8)
  a +0 leather armour
  a +0 dagger
(6, -2, D:8)
  a +0 hand axe
(7, -10, D:8)
  a -1 spear
  a cursed +0 animal skin
(7, -3, D:8)
  a +0 hand axe
(7, -1, D:8)
  a +0 hand axe
(8, -2, D:8)
  a +0 hand axe
(15, -6, D:8)
  a +0 robe
  a cursed +3 great sword of freezing
  a +3 short sword of freezing
  a +0 robe
  a cursed +0 robe
  a +0 robe
  a +2 scimitar
(18, 7, D:8)
  a +2 robe
  a +0 dagger of chaos
  a +0 whip of flaming
  a +0 war axe of chaos
  a +0 giant spiked club
(32, -26, D:8)
  a +0 robe
(33, -28, D:8)
  a +0 dagger
  a +0 robe
(33, -27, D:8)
  a +0 flail
  a +0 plate armour
(34, -12, D:8)
  a +0 club
  a +0 shortbow
(39, -28, D:8)
  a +0 robe
(60, -3, D:8)
  a +0 short sword

Level 9 of the Dungeon
(0, 0, D:9)
  a +0 robe
  a +0 dagger
(1, -5, D:9)
  a +0 trident
(1, 5, D:9)
  a +0 robe
  a +0 chain mail
  a +0 dagger of pain
  a cursed -3 trident
(2, 4, D:9)
  a +0 trident
  a +0 leather armour
(10, 0, D:9)
  a +0 dagger
(10, 1, D:9)
  a +0 short sword
(17, 1, D:9)
  a +0 leather armour
(26, -24, D:9)
  a +0 ring mail
(35, -15, D:9)
  a cursed -1 morningstar
(35, -14, D:9)
  3 needles of sleeping
  8 poisoned needles
  a +4 war axe
  a +0 morningstar
  a +5 dagger
(36, -32, D:9)
  a ration
(36, -14, D:9)
  275 arrows
  a +0 halberd
(37, -34, D:9)
  a +0 leather armour
(37, -15, D:9)
  a potion of experience
  an uncursed amulet of guardian spirit
  a scroll of fear
  a scroll of summoning
  a scroll of fog
  a scroll of acquirement
(37, -14, D:9)
  2 scrolls of amnesia
  a potion of ambrosia
(38, -34, D:9)
  a +0 trident of holy wrath
(40, -34, D:9)
  a cursed amulet of inaccuracy
(41, -34, D:9)
  a potion of curing
(45, -28, D:9)
  a ration
(45, 0, D:9)
  a +0 shortbow
(54, -21, D:9)
  a +0 dagger
  a +0 robe
(55, -22, D:9)
  a +0 spear
(55, -21, D:9)
  a +0 halberd
  a +0 spear
  a +0 spear
  a +0 ring mail
(57, -25, D:9)
  a +0 club

Level 10 of the Dungeon
(6, 41, D:10)
  a +0 dagger
  a +0 robe
(7, 44, D:10)
  a +0 war axe
(7, 46, D:10)
  a +0 whip
  a +0 leather armour
(10, 35, D:10)
  a +0 falchion
(19, 43, D:10)
  a +0 ring mail
(20, 25, D:10)
  2 stones
(21, 3, D:10)
  a cursed +0 robe
  a +0 dagger
  a +0 chain mail
  a +0 hand axe
(23, 3, D:10)
  a +0 chain mail
  a +0 club
  a +0 leather armour
  a cursed +0 hand axe
  a +0 robe
  a +0 dagger
(24, 3, D:10)
  a +0 dire flail
  a +0 dagger
  a +0 chain mail
  a +0 club
  a +0 leather armour
  a +0 falchion
  a +0 plate armour
(25, 3, D:10)
  a +0 robe
  a +4 dagger
  a +0 robe
  a +0 dagger
  a +0 leather armour
  a +0 hand axe of chopping
  a +0 plate armour
  a +0 mace
(31, 36, D:10)
  a +0 robe
(46, 27, D:10)
  a +0 giant club
  a +0 giant club
(47, 5, D:10)
  a +0 ring mail
  (unseen)
(49, 35, D:10)
  a +0 ring mail
(51, 21, D:10)
  a +0 chain mail
(52, 21, D:10)
  a +0 club
(59, 34, D:10)
  a +0 ring mail
(62, 30, D:10)
  a +0 ring mail

Level 11 of the Dungeon
(0, 0, D:11)
  a scroll of fog
(7, 1, D:11)
  a stone
(8, 2, D:11)
  a stone
(12, -2, D:11)
  a ration
(22, 8, D:11)
  25 stones

Level 12 of the Dungeon
(0, 0, D:12)
  a book of Minor Magic
(12, -1, D:12)
  a +0 giant club

the Ecumenical Temple

