Runneo

Level 1 of the Dungeon
(0, 0, D:1)
  12 sling bullets
(2, -5, D:1)
  a +0 robe
(5, 19, D:1)
  13 gold pieces
(8, 8, D:1)
  a scroll of remove curse
(10, 23, D:1)
  a scroll of remove curse
(13, 2, D:1)
  a +0 leather armour
(17, 26, D:1)
  a scroll of teleportation
(19, -12, D:1)
  15 stones
(19, 27, D:1)
  a ration
(22, -6, D:1)
  a potion of ambrosia
(26, -3, D:1)
  an uncursed ring of ice
(26, 9, D:1)
  10 gold pieces
(29, 4, D:1)
  5 gold pieces
(30, -1, D:1)
  a scroll of identify
(30, 2, D:1)
  14 gold pieces
(30, 25, D:1)
  a +0 pair of gloves
(31, 3, D:1)
  9 gold pieces
(35, 16, D:1)
  a scroll of enchant armour
(35, 20, D:1)
  a potion of invisibility
(36, 11, D:1)
  a scroll of teleportation
(37, 23, D:1)
  a potion of brilliance
(37, 24, D:1)
  a +0 helmet
(39, 4, D:1)
  a +0 spear

Level 2 of the Dungeon
(0, 0, D:2)
  a +0 rapier
(3, 4, D:2)
  6 gold pieces
(7, 7, D:2)
  a scroll of magic mapping
(8, -15, D:2)
  a potion of agility
(10, 9, D:2)
  a potion of magic
(11, -11, D:2)
  a +0 ring mail
(13, -15, D:2)
  a cursed -1 dagger
(13, 16, D:2)
  a potion of degeneration
(14, 2, D:2)
  a ration
  (unseen)
(16, 14, D:2)
  a +0 shield
(20, 13, D:2)
  a potion of lignification
(24, -16, D:2)
  a potion of resistance
(27, 6, D:2)
  29 bolts
(28, -14, D:2)
  12 stones
(29, -20, D:2)
  23 sling bullets

Level 3 of the Dungeon
(0, 0, D:3)
  an uncursed amulet of rage
(8, -29, D:3)
  9 gold pieces
(10, -34, D:3)
  a potion of curing
(14, -38, D:3)
  a +0 large shield
(16, -26, D:3)
  a +0 great mace
(16, -16, D:3)
  a +0 dagger
(18, -8, D:3)
  an uncursed ring of see invisible
(19, -7, D:3)
  a ration
(24, -34, D:3)
  a +0 hand axe
(26, 0, D:3)
  15 bolts
(37, -10, D:3)
  a +0 spear
(38, 2, D:3)
  15 arrows
(41, 3, D:3)
  an uncursed ring of protection from cold
(43, -36, D:3)
  a ration
(45, 1, D:3)
  a ration
(49, 7, D:3)
  a scroll of remove curse
(53, 14, D:3)
  15 gold pieces
(54, -30, D:3)
  a +0 scimitar
(55, -11, D:3)
  a scroll of teleportation
(56, -30, D:3)
  a ration
(58, -31, D:3)
  a ration
(58, -30, D:3)
  28 stones
(59, -32, D:3)
  23 stones

Level 4 of the Dungeon
(0, 0, D:4)
  2 scrolls of remove curse
(3, -2, D:4)
  a +0 ring mail
(4, -8, D:4)
  2 potions of heal wounds
(5, -30, D:4)
  23 stones
(6, 1, D:4)
  15 gold pieces
(6, 7, D:4)
  10 gold pieces
(8, -34, D:4)
  16 gold pieces
(8, -15, D:4)
  a scroll of remove curse
(10, -3, D:4)
  a potion of degeneration
(12, -4, D:4)
  2 potions of haste
(13, -16, D:4)
  a potion of flight
(15, 2, D:4)
  11 gold pieces
(16, -25, D:4)
  a +0 glaive
(18, -18, D:4)
  9 gold pieces
(18, -13, D:4)
  a potion of invisibility
(21, -6, D:4)
  7 gold pieces
(27, -28, D:4)
  16 bolts
(31, -28, D:4)
  10 gold pieces
(31, -8, D:4)
  a potion of curing
(37, -6, D:4)
  a cursed ring of attention
(37, 1, D:4)
  a potion of berserk rage
(38, -18, D:4)
  a +2 large shield
(43, -17, D:4)
  a scroll of enchant armour
(43, -16, D:4)
  13 gold pieces
(45, -31, D:4)
  9 gold pieces
(45, -30, D:4)
  a +0 ring mail
(48, -18, D:4)
  4 curare-tipped needles

Level 5 of the Dungeon
(0, 0, D:5)
  a ration
(7, -1, D:5)
  a cursed +0 ring mail
(7, 10, D:5)
  a scroll of teleportation
(7, 13, D:5)
  14 gold pieces
(15, 2, D:5)
  a +0 leather armour
(23, 5, D:5)
  a scroll of remove curse
(26, 23, D:5)
  a +0 robe
(26, 31, D:5)
  a scroll of teleportation
(28, -13, D:5)
  11 gold pieces
(29, -22, D:5)
  a +0 leather armour
(29, 4, D:5)
  a scroll of amnesia
(32, 25, D:5)
  a scroll of identify
(37, -21, D:5)
  an uncursed staff of poison
(41, -16, D:5)
  13 gold pieces
(44, -4, D:5)
  24 stones
(55, -3, D:5)
  a potion of ambrosia

Level 6 of the Dungeon
(0, 0, D:6)
  a scroll of enchant weapon
(3, 48, D:6)
  a potion of magic
(8, 0, D:6)
  27 stones
(8, 46, D:6)
  16 gold pieces
(15, -1, D:6)
  a +2 pair of gloves
(15, 30, D:6)
  a potion of heal wounds
(17, 2, D:6)
  an orc skeleton (still there?)
  a centaur corpse (still there?)
(17, 3, D:6)
  a storm dragon skeleton (still there?)
  a two-headed ogre corpse (still there?)
(17, 4, D:6)
  a yaktaur skeleton (still there?)
  a sphinx corpse (still there?)
(18, 2, D:6)
  a deep troll skeleton (still there?)
  a yaktaur corpse (still there?)
(18, 3, D:6)
  an ettin skeleton
  a frost giant skeleton
  a hydra skeleton
  a deep troll skeleton
  an ogre skeleton
  a hound skeleton
  an ettin skeleton
  a yaktaur skeleton
  a hound skeleton
  a frilled lizard skeleton
(18, 4, D:6)
  a human skeleton (still there?)
  a glowing shapeshifter corpse (still there?)
(19, 3, D:6)
  an iron dragon skeleton (still there?)
  an ettin corpse (still there?)
(19, 4, D:6)
  a tengu skeleton (still there?)
  a glowing shapeshifter corpse (still there?)
(19, 9, D:6)
  a +0 rapier
(20, 43, D:6)
  a scroll of identify
(22, 2, D:6)
  a scroll of random uselessness
(23, -11, D:6)
  9 gold pieces
(23, 4, D:6)
  a +0 hunting sling
(24, 44, D:6)
  a potion of degeneration
(28, 29, D:6)
  2 potions of brilliance
(42, 0, D:6)
  a ration
(50, -12, D:6)
  a cursed ring of attention
(50, 1, D:6)
  a scroll of teleportation
(51, 16, D:6)
  a potion of resistance
(51, 40, D:6)
  a scroll of enchant armour
(55, -13, D:6)
  a scroll of immolation
(55, 0, D:6)
  a scroll of identify
(55, 21, D:6)
  a ration
(57, -8, D:6)
  a +0 robe
(57, 42, D:6)
  a +0 dagger
(58, 9, D:6)
  a scroll of identify
(58, 38, D:6)
  a scroll of enchant armour
(59, 39, D:6)
  17 gold pieces
(62, 18, D:6)
  a cursed +0 ring mail
(63, 15, D:6)
  18 sling bullets
(66, 38, D:6)
  a +0 scale mail

Level 7 of the Dungeon
(0, 0, D:7)
  a scroll of enchant armour
(2, -8, D:7)
  9 gold pieces
(2, -7, D:7)
  a +0 club
(2, -6, D:7)
  a ration
(3, -18, D:7)
  a +1 antimagic spear
(3, -8, D:7)
  8 gold pieces
(3, -6, D:7)
  a manual of Translocations
(4, -8, D:7)
  8 gold pieces
(4, -7, D:7)
  8 gold pieces
(4, -6, D:7)
  the ring of Mepycwe {rElec MR+ SInv}
    [ring of see invisible]
    
    It insulates you from electricity.
    It affects your resistance to hostile enchantments.
    It lets you see invisible.
(5, 14, D:7)
  10 gold pieces
(5, 21, D:7)
  a +0 plate armour
(11, -24, D:7)
  a +0 scale mail
(11, -21, D:7)
  a +4 ring of dexterity
(12, -22, D:7)
  16 gold pieces
(12, -8, D:7)
  11 gold pieces
(13, -24, D:7)
  21 stones
(13, -22, D:7)
  32 sling bullets
(13, -20, D:7)
  15 stones
(14, -11, D:7)
  11 gold pieces
(16, 2, D:7)
  a +0 ring mail
(17, -8, D:7)
  8 gold pieces
(19, -29, D:7)
  12 gold pieces
(19, -3, D:7)
  14 gold pieces
(23, -23, D:7)
  2 scrolls of enchant weapon
(23, -5, D:7)
  a ration
(31, -12, D:7)
  17 gold pieces
(32, -4, D:7)
  3 gold pieces
(34, 1, D:7)
  20 poisoned needles
(34, 10, D:7)
  a +0 spear
(34, 13, D:7)
  11 gold pieces
(36, 1, D:7)
  14 arrows
(41, -31, D:7)
  25 arrows
(45, -8, D:7)
  a +0 quarterstaff
(47, -12, D:7)
  a +0 short sword
(48, -8, D:7)
  9 gold pieces
(53, -32, D:7)
  23 stones

Level 8 of the Dungeon
(0, 0, D:8)
  a +0 battleaxe
(0, 9, D:8)
  23 gold pieces
(2, -1, D:8)
  a scroll of remove curse
(3, 5, D:8)
  a +0 glaive
(10, 10, D:8)
  a potion of lignification
(13, 24, D:8)
  11 stones
(14, 10, D:8)
  a scroll of amnesia
(15, 3, D:8)
  2 rations
(15, 4, D:8)
  a ration
(16, 3, D:8)
  2 rations
(17, 20, D:8)
  a +0 large shield
(18, -16, D:8)
  20 poisoned needles
(18, -7, D:8)
  a +0 leather armour
(21, -10, D:8)
  21 stones
(21, -3, D:8)
  a potion of ambrosia
(21, 11, D:8)
  a potion of heal wounds
(21, 13, D:8)
  19 gold pieces
(25, 12, D:8)
  8 gold pieces
(26, 2, D:8)
  a +0 scale mail
(31, 9, D:8)
  12 gold pieces
(31, 20, D:8)
  21 stones
(35, -5, D:8)
  a +1 cloak
(35, 1, D:8)
  a potion of degeneration

Level 9 of the Dungeon
(0, 0, D:9)
  a wand of scattershot (8)
(2, -1, D:9)
  13 gold pieces
(10, 5, D:9)
  12 gold pieces
(14, 8, D:9)
  11 gold pieces
(14, 10, D:9)
  21 stones
(18, 16, D:9)
  a +0 chain mail
(20, -5, D:9)
  a +0 flail
(23, 4, D:9)
  a scroll of teleportation
(25, 36, D:9)
  a ration
(26, -13, D:9)
  4 gold pieces
(27, 5, D:9)
  a potion of lignification
(28, 4, D:9)
  21 gold pieces
(28, 25, D:9)
  5 gold pieces
(29, -27, D:9)
  a +0 pair of gloves
(35, 21, D:9)
  a potion of magic
(38, 9, D:9)
  a potion of curing
(44, 14, D:9)
  an uncursed ring of ice

the Ecumenical Temple
(0, 0, Temple)
  a bullfrog skeleton
  a jackal skeleton
(0, 1, Temple)
  a bullfrog skeleton
  a hound skeleton
  a jackal corpse
(0, 2, Temple)
  a gnoll skeleton (still there?)
  a jackal corpse (skeletalised by now) (still there?)
(1, 0, Temple)
  a bullfrog skeleton
  a quokka corpse
(1, 1, Temple)
  a gnoll skeleton
  a centaur skeleton
  a bullfrog skeleton
  a centaur skeleton
  an orc skeleton
  a bullfrog skeleton
  a jackal skeleton
  an adder skeleton
  a gnoll skeleton
  a gnoll skeleton
  an adder skeleton
  an ogre skeleton
  an iguana skeleton
(1, 2, Temple)
  an adder skeleton (still there?)
  a leopard gecko corpse (still there?)
  a hound corpse (still there?)
  a centaur corpse (skeletalised by now) (still there?)
(2, 0, Temple)
  an orc skeleton
  a jackal corpse
  an iguana skeleton
  an orc corpse
(2, 1, Temple)
  an adder skeleton
  an adder corpse
(2, 2, Temple)
  an adder skeleton

