Ycaow

Level 1 of the Dungeon
(0, 0, D:1)
  a +0 short sword
(1, -1, D:1)
  a +0 scale mail
(2, -5, D:1)
  a potion of heal wounds
(3, -7, D:1)
  a +0 cloak
(3, -2, D:1)
  20 stones
(4, -4, D:1)
  a catoblepas corpse
(4, -3, D:1)
  a rat corpse
(5, -1, D:1)
  a catoblepas corpse (still there?)
  a rat corpse (still there?)
(7, -5, D:1)
  a +0 hand axe
  (unseen)
(7, -4, D:1)
  a rat corpse
(7, -1, D:1)
  a catoblepas corpse
(8, -3, D:1)
  a catoblepas corpse
(8, -2, D:1)
  a +0 shortbow
  (unseen)
(8, -1, D:1)
  a rat corpse
(11, -1, D:1)
  a scroll of amnesia

