Sagh

Level 1 of the Dungeon
(0, 0, D:1)
  a +0 club
(13, 8, D:1)
  a +0 dagger
(14, 10, D:1)
  a +0 robe
(18, -1, D:1)
  a +0 short sword
(29, -2, D:1)
  a +0 robe
(30, 16, D:1)
  a +0 dagger
(34, 24, D:1)
  a +0 club
(35, 17, D:1)
  a +0 club
  a +0 whip
(39, 6, D:1)
  a +0 short sword
(41, -5, D:1)
  a +0 dagger
(45, -3, D:1)
  a +0 robe

Level 2 of the Dungeon
(0, 0, D:2)
  a potion of degeneration
(11, 0, D:2)
  a cursed +0 leather armour
(20, -14, D:2)
  a +0 short sword
(31, 3, D:2)
  a +1 dagger of pain
  (unseen)

Level 3 of the Dungeon
(4, 1, D:3)
  a +0 dagger
(5, -4, D:3)
  a +0 club
(10, -13, D:3)
  a +0 leather armour
(10, 21, D:3)
  a +0 plate armour
(12, 9, D:3)
  2 stones
(18, 22, D:3)
  3 gold pieces
(24, -3, D:3)
  a +0 mace
(24, 0, D:3)
  a stone
(32, 1, D:3)
  a +0 mace
(38, 3, D:3)
  a +0 dagger
  (unseen)
(38, 4, D:3)
  a cursed -2 club
(39, 4, D:3)
  a stone

