Zuel Veu

Level 1 of the Dungeon
(0, 0, D:1)
  a +0 club
(5, -32, D:1)
  a +0 leather armour
(5, -26, D:1)
  a +0 hunting sling
(5, 9, D:1)
  a stone
(6, 16, D:1)
  a +0 whip
(7, -13, D:1)
  a +0 dagger of draining
(8, -7, D:1)
  a +0 leather armour
(8, -5, D:1)
  17 stones
(8, -3, D:1)
  19 stones
(9, -25, D:1)
  a +0 dagger
(9, 7, D:1)
  a +1 helmet
(17, -15, D:1)
  a cursed -2 ring mail
(17, -9, D:1)
  a +0 mace
(18, 15, D:1)
  a +0 dagger
(24, -20, D:1)
  a scroll of enchant armour
(27, 21, D:1)
  a +0 dagger
(32, -24, D:1)
  a +0 short sword
(32, 1, D:1)
  a +0 club
(33, -7, D:1)
  a +0 club
(42, -28, D:1)
  a +0 hunting sling
(43, -30, D:1)
  a cursed -2 club
(44, -15, D:1)
  a +0 plate armour
(53, -9, D:1)
  20 arrows

Level 2 of the Dungeon
(0, 0, D:2)
  a +0 whip
(1, 13, D:2)
  a +0 club
(8, 38, D:2)
  a +0 robe
(11, 51, D:2)
  23 stones
(12, 13, D:2)
  a +0 leather armour
(12, 34, D:2)
  a +0 falchion
(16, 28, D:2)
  14 stones
(20, 8, D:2)
  a +0 ring mail
(20, 33, D:2)
  22 stones
(23, 8, D:2)
  25 arrows
(28, -3, D:2)
  a +2 vampiric dagger
(33, 6, D:2)
  a +0 ring mail
(37, 12, D:2)
  a +0 short sword
(46, 26, D:2)
  a +0 club
(48, 5, D:2)
  17 sling bullets

Level 3 of the Dungeon
(0, 0, D:3)
  a +0 short sword
(7, -13, D:3)
  7 arrows
(12, -3, D:3)
  a +0 leather armour
(13, -8, D:3)
  a +0 flail
(17, 13, D:3)
  a stone
(19, 4, D:3)
  a scroll of enchant armour
(19, 16, D:3)
  a +0 dagger
(20, -27, D:3)
  a cursed +0 cloak
  a +4 quarterstaff of chaos
(21, -9, D:3)
  a +0 trident
(22, 5, D:3)
  15 poisoned needles
  (unseen)
(22, 15, D:3)
  a +0 dagger
(23, -28, D:3)
  a +0 mace
(23, -12, D:3)
  a +0 leather armour
(23, -10, D:3)
  22 arrows
(24, -15, D:3)
  8 bolts
(27, -18, D:3)
  a +0 short sword
(37, -17, D:3)
  a +0 club
(46, 2, D:3)
  a scroll of enchant armour
(49, -14, D:3)
  11 bolts

Level 4 of the Dungeon
(0, 0, D:4)
  a +0 leather armour
(4, -8, D:4)
  21 bolts
(7, 35, D:4)
  a +0 club
(8, 17, D:4)
  20 arrows
(28, 2, D:4)
  a cursed +0 ring mail
  a +0 spear
(40, 12, D:4)
  a +0 short sword
  a +0 ring mail
(45, -9, D:4)
  a cursed -1 leather armour
(58, 36, D:4)
  a +0 chain mail
(64, 22, D:4)
  a +0 robe

Level 5 of the Dungeon
(0, 0, D:5)
  a scroll of magic mapping
(2, -9, D:5)
  an uncursed amulet of the gourmand
(17, 3, D:5)
  14 arrows
(27, -38, D:5)
  a +0 falchion
(27, -37, D:5)
  a +0 dagger
  a +0 robe
(28, -39, D:5)
  a +0 leather armour
  a +0 hand axe
  a +0 whip
(29, -43, D:5)
  a +0 dagger
(30, -40, D:5)
  22 poisoned needles
(30, -37, D:5)
  a +0 halberd
(30, -36, D:5)
  a +0 shield
(33, -36, D:5)
  a +0 club
(37, -45, D:5)
  a +0 hand axe
(47, -45, D:5)
  a +0 hand axe
  a +0 ring mail
(47, -17, D:5)
  a +0 spear

Level 6 of the Dungeon
(0, 0, D:6)
  17 stones
(3, -21, D:6)
  a +0 shortbow
  21 arrows
(4, -14, D:6)
  19 bolts
(5, -21, D:6)
  a +0 ring mail
(7, 13, D:6)
  a +0 long sword
(11, -32, D:6)
  a cursed +0 flail
  a +0 leather armour
(17, -28, D:6)
  a +0 robe
(17, 1, D:6)
  a +0 dagger
(22, -32, D:6)
  12 poisoned needles
(25, -2, D:6)
  a +0 ring mail
(27, 0, D:6)
  a +0 leather armour
(32, -21, D:6)
  a +0 ring mail
(37, -17, D:6)
  a +0 leather armour
(48, -13, D:6)
  a +0 leather armour
(49, -13, D:6)
  a +0 leather armour
  a +0 club
  an orc skeleton
(50, -13, D:6)
  a +0 ring mail
  a +0 hand axe
(52, -13, D:6)
  a +0 leather armour
  a +2 flail of crushing
  an orc skeleton

the Ecumenical Temple

