Rorro

Level 1 of the Dungeon
(0, 0, D:1)
  14 gold pieces
(6, 6, D:1)
  4 gold pieces
(8, -10, D:1)
  9 stones
(8, -5, D:1)
  a potion of heal wounds
(8, 19, D:1)
  a cursed +0 pair of boots
(9, -5, D:1)
  a +0 dagger
(9, -2, D:1)
  19 stones
(10, -4, D:1)
  a potion of flight
(13, 14, D:1)
  a +0 pair of boots
  (unseen)
(23, -4, D:1)
  5 gold pieces
(24, 14, D:1)
  a scroll of identify
(26, 46, D:1)
  a +0 whip
(26, 49, D:1)
  15 arrows
(31, 32, D:1)
  a cursed +0 flail
  (unseen)
(32, 31, D:1)
  a +0 mace
  (unseen)
(32, 32, D:1)
  a +0 flail
(39, 16, D:1)
  11 gold pieces
(41, 2, D:1)
  9 gold pieces
(42, 5, D:1)
  a potion of heal wounds

