Jawiewoz

Level 1 of the Dungeon
(0, 0, D:1)
  a +0 club
(1, -7, D:1)
  a +0 club
(2, -4, D:1)
  a +0 pair of gloves
(5, -7, D:1)
  a cursed -3 club
(8, 11, D:1)
  a +0 club
(13, 10, D:1)
  a +0 whip
(24, 4, D:1)
  a +0 club
(27, 32, D:1)
  a +0 club
(29, 36, D:1)
  a +0 pair of gloves
(31, 9, D:1)
  a +0 dagger
(37, -7, D:1)
  a +0 club
  a +0 club
(40, 25, D:1)
  a +0 leather armour
(41, 9, D:1)
  a +0 short sword
(43, 6, D:1)
  a +0 club
(52, 7, D:1)
  a +0 mace

Level 2 of the Dungeon
(0, 0, D:2)
  a +0 robe
(11, 9, D:2)
  a +0 dagger
(25, -6, D:2)
  a +0 club
(30, 16, D:2)
  a cursed +0 chain mail

Level 3 of the Dungeon
(0, 0, D:3)
  a +0 hand axe
(8, 7, D:3)
  a +0 leather armour
(25, -6, D:3)
  a +0 whip
(26, 27, D:3)
  a +0 leather armour
(35, 13, D:3)
  a cursed -1 long sword
(36, 20, D:3)
  a +0 short sword

Level 4 of the Dungeon
(0, 0, D:4)
  a +0 whip
  a +1 leather armour of cold resistance
(9, 1, D:4)
  a +0 spear
(29, -23, D:4)
  a +0 scale mail
  a +0 dagger
(29, -6, D:4)
  a +0 leather armour
(30, -16, D:4)
  a +0 short sword
  a +0 leather armour
(30, 7, D:4)
  a +0 robe
  a +0 hand axe
(32, -21, D:4)
  a +0 flail
(34, -23, D:4)
  a +0 dagger
  a cursed +0 robe
  a +0 hand axe
(35, -23, D:4)
  a +0 hand axe
  (unseen)
(43, 22, D:4)
  a +0 scale mail
  a +0 short sword
(45, 15, D:4)
  a +0 robe
  a +2 dagger of venom

Level 5 of the Dungeon
(0, 0, D:5)
  a -2 ring of intelligence
(2, 0, D:5)
  an orc skeleton
(9, 5, D:5)
  a +0 robe
(13, -8, D:5)
  a +0 flail
  (unseen)
(17, -4, D:5)
  a +2 dagger of venom
  a +0 robe
  2 chunks of flesh
  an orc skeleton

the Ecumenical Temple

