Anolun

Level 1 of the Dungeon
(0, 0, D:1)
  a potion of brilliance
(3, -1, D:1)
  a +0 dagger
(12, -4, D:1)
  16 stones
(20, 13, D:1)
  a +0 dagger
(21, -4, D:1)
  11 gold pieces
(23, 31, D:1)
  3 gold pieces
(25, -12, D:1)
  15 stones
(25, 3, D:1)
  20 arrows
(30, -6, D:1)
  a +0 short sword
(33, -4, D:1)
  a potion of berserk rage
(33, 29, D:1)
  15 gold pieces
(34, -6, D:1)
  a ration
(40, 26, D:1)
  15 arrows
(41, 37, D:1)
  10 gold pieces
(42, -1, D:1)
  10 gold pieces
(47, 14, D:1)
  14 gold pieces
(47, 22, D:1)
  18 gold pieces
(47, 29, D:1)
  a +0 scale mail of magic resistance

Level 4 of the Shoals
(0, 0, Shoals:4)
  a ration
(11, 11, Shoals:4)
  a ration
(23, 20, Shoals:4)
  a throwing net
(27, 24, Shoals:4)
  23 stones

