City

Level 1 of the Dungeon
(0, 0, D:1)
  a +0 club
(6, -7, D:1)
  a +0 leather armour
(7, -12, D:1)
  a cursed -1 short sword
(13, -4, D:1)
  a +0 dagger
(13, 15, D:1)
  a +0 club
(20, -8, D:1)
  a +0 club

Level 2 of the Dungeon
(0, 0, D:2)
  a +0 club
(0, 5, D:2)
  a +0 leather armour
(0, 7, D:2)
  a +0 mace
  a +0 leather armour
  a +0 club
(7, 14, D:2)
  a +0 mace
(8, 12, D:2)
  a +0 dagger
(10, -4, D:2)
  a +0 hand axe
  a +0 hand axe
(10, -2, D:2)
  a +0 dagger
  a +0 robe
(16, 16, D:2)
  a +0 dagger
(16, 39, D:2)
  a +0 robe
  a +0 dagger
(17, 39, D:2)
  a cursed -3 war axe
  a +0 dagger
  a +0 flail
(23, 13, D:2)
  a +0 dagger
(27, 13, D:2)
  a +0 club
(39, 4, D:2)
  a +0 mace
  a +0 animal skin
(41, -5, D:2)
  a +0 dagger
(41, -4, D:2)
  a +0 dagger
(41, 23, D:2)
  a +0 dagger
  a +0 dagger
(42, 3, D:2)
  a +0 club
(45, -6, D:2)
  a +0 spear
(52, 11, D:2)
  a +0 robe

Level 3 of the Dungeon
(0, 0, D:3)
  a +0 leather armour
  a +0 club
(5, 1, D:3)
  a +0 robe
  a +0 dagger
(12, -20, D:3)
  a +0 spear
  a +0 whip
(14, -15, D:3)
  a +0 spear
(18, -27, D:3)
  a +0 club
(19, -28, D:3)
  a +0 dagger
  a +0 robe
(23, -28, D:3)
  a +0 dagger
(32, -5, D:3)
  a +0 club

Level 4 of the Dungeon
(0, 0, D:4)
  a +0 scale mail
(7, 8, D:4)
  a +0 club
(8, 11, D:4)
  a +0 hand axe
(27, -3, D:4)
  a +0 club
(29, 17, D:4)
  a +0 leather armour
  a +0 mace
(30, 46, D:4)
  a +0 short sword
(32, -4, D:4)
  a +0 leather armour
(33, -1, D:4)
  a cursed +0 flail
(34, 33, D:4)
  an uncursed ring of attention
  a +0 leather armour
(38, 28, D:4)
  8 javelins
(40, 1, D:4)
  a +0 short sword
(42, 1, D:4)
  a +0 chain mail

Level 5 of the Dungeon
[Shop] Kessuej's Weapon Boutique
  a +0 fustibalus (195 gold)
  21 sling bullets (136 gold)
  a +0 club (13 gold)
  the +9 great mace "Sulog" {crush, rC+++ MR- Str+3 Stlth+} (1314 gold)
    It inflicts extra damage upon your enemies.
    
    It affects your strength (+3).
    It renders you almost immune to cold.
    It affects your resistance to hostile enchantments.
    It makes you more stealthy.
  a +0 dagger (26 gold)
  a +0 blowgun (32 gold)
  4 sling bullets (26 gold)
  a +1 long sword of electrocution (204 gold)
(0, 0, D:5)
  a +0 club
(3, 3, D:5)
  a +0 war axe
(6, 5, D:5)
  a +0 robe
  a +0 dagger
(8, 8, D:5)
  a +0 leather armour
(24, -10, D:5)
  a +0 ring mail
(26, -10, D:5)
  a +0 club
(29, 18, D:5)
  a +0 shortbow

Level 6 of the Dungeon
(0, 0, D:6)
  a +0 shortbow
(7, -33, D:6)
  a +0 spear
  a +0 spear
  a +0 whip
  a +0 robe
(7, -20, D:6)
  a cursed -1 club
(8, -33, D:6)
  a +0 whip
(13, -21, D:6)
  a +0 shortbow
(18, 12, D:6)
  a +0 pair of boots
(33, 0, D:6)
  a +0 shortbow

the Ecumenical Temple

