Madip

Level 1 of the Dungeon
(0, 0, D:1)
  a +0 mace
(1, -5, D:1)
  a human corpse
(2, -6, D:1)
  13 gold pieces
(3, -6, D:1)
  11 gold pieces
(3, 15, D:1)
  7 tomahawks of returning
(4, -7, D:1)
  a human corpse
(4, -1, D:1)
  a potion of curing
(6, 26, D:1)
  12 arrows
(6, 35, D:1)
  a potion of curing
(7, -3, D:1)
  a human skeleton
(7, 35, D:1)
  2 potions of cancellation
(8, -7, D:1)
  a human skeleton
(8, -3, D:1)
  a human skeleton
(9, -4, D:1)
  a human skeleton
(9, 37, D:1)
  a +1 robe of fire resistance
(14, 32, D:1)
  a scroll of immolation
(14, 41, D:1)
  17 stones
(15, 7, D:1)
  a cursed -2 ring of strength
(15, 10, D:1)
  a potion of ambrosia
(17, 5, D:1)
  a +0 leather armour
(17, 34, D:1)
  a scroll of amnesia
(20, 32, D:1)
  a +0 club
(21, 45, D:1)
  a +0 leather armour
(23, -4, D:1)
  7 gold pieces
(26, -6, D:1)
  22 stones
(26, 29, D:1)
  a ration
(30, -6, D:1)
  2 potions of lignification
(35, 11, D:1)
  a scroll of identify
(35, 29, D:1)
  an uncursed amulet of harm
(39, 5, D:1)
  a scroll of remove curse
(39, 11, D:1)
  16 gold pieces
(43, -12, D:1)
  a +0 whip
  (unseen)

Level 2 of the Dungeon
(0, 0, D:2)
  an uncursed ring of ice
(3, 18, D:2)
  a ration
(10, 2, D:2)
  31 stones
(14, 24, D:2)
  a scroll of fog
(15, 30, D:2)
  20 stones
(17, -18, D:2)
  a potion of cancellation
(18, 20, D:2)
  15 arrows
(19, 11, D:2)
  a scroll of noise
(21, 9, D:2)
  18 bolts
(23, -16, D:2)
  12 stones
(26, -12, D:2)
  14 gold pieces
(33, 11, D:2)
  a potion of brilliance
  (unseen)
(44, -8, D:2)
  a scroll of random uselessness
(49, 3, D:2)
  a +0 club
(49, 8, D:2)
  a scroll of amnesia

Level 3 of the Dungeon
(0, 0, D:3)
  a potion of curing
(3, -38, D:3)
  6 gold pieces
(7, 21, D:3)
  a potion of curing
(8, -15, D:3)
  12 gold pieces
(9, -9, D:3)
  a ration
(14, -34, D:3)
  a scroll of enchant weapon
(17, 22, D:3)
  a scroll of identify
(21, 1, D:3)
  15 gold pieces
(24, -30, D:3)
  a ration
(27, -21, D:3)
  a +0 war axe
(38, 23, D:3)
  a potion of ambrosia
(44, -35, D:3)
  a scroll of immolation
(46, 11, D:3)
  a scroll of identify
(47, -14, D:3)
  a scroll of identify
(47, 10, D:3)
  a +0 short sword
(50, 21, D:3)
  a +0 scale mail
(52, -22, D:3)
  a scroll of teleportation
(53, 11, D:3)
  a scroll of identify
(54, 11, D:3)
  a +0 hunting sling
(57, 10, D:3)
  a potion of haste
(59, -23, D:3)
  16 gold pieces
(60, -20, D:3)
  14 stones

Level 4 of the Dungeon
(0, 0, D:4)
  11 gold pieces
(3, -10, D:4)
  a +0 mace
(29, -42, D:4)
  14 gold pieces
(30, -4, D:4)
  23 arrows
(31, -15, D:4)
  a scroll of fog
(34, -15, D:4)
  13 gold pieces
(35, -39, D:4)
  17 sling bullets
(35, -24, D:4)
  a -2 hand axe
  (unseen)
(37, -36, D:4)
  5 gold pieces
(37, -22, D:4)
  a -3 mace
(39, -36, D:4)
  an uncursed ring of resist corrosion
(40, -4, D:4)
  a scroll of identify
(42, 12, D:4)
  a +1 helmet
(44, -14, D:4)
  a ration
(45, -14, D:4)
  12 stones
(45, 4, D:4)
  a wand of random effects (7)
(47, 10, D:4)
  15 gold pieces
(48, -24, D:4)
  16 gold pieces
(51, -46, D:4)
  a scroll of blinking
(55, -12, D:4)
  a scroll of teleportation
(56, -9, D:4)
  27 sling bullets
(57, -28, D:4)
  a potion of curing
(57, -21, D:4)
  the cursed ring "Mazynoip" {rC- Str+3 Int-3 SInv}
    [ring of intelligence]
    
    It affects your strength (+3).
    It affects your intelligence (-3).
    It makes you vulnerable to cold.
    It lets you see invisible.
    It has a curse placed upon it.
(58, -10, D:4)
  9 gold pieces
(59, -12, D:4)
  a potion of resistance
(63, 6, D:4)
  a scroll of identify

Level 5 of the Dungeon
(0, 0, D:5)
  2 potions of degeneration
(1, 1, D:5)
  5 gold pieces
(1, 31, D:5)
  a +0 rapier
(4, 2, D:5)
  a +0 war axe
(5, 16, D:5)
  a scroll of remove curse
(6, 36, D:5)
  a wand of acid (5)
(9, 18, D:5)
  a +0 robe
(11, 26, D:5)
  a potion of curing
(13, 3, D:5)
  a potion of heal wounds
(13, 14, D:5)
  11 gold pieces
(17, 16, D:5)
  6 gold pieces
(19, 6, D:5)
  a +0 ring mail
(20, 16, D:5)
  a ration
(23, 24, D:5)
  a potion of resistance
(24, 19, D:5)
  14 gold pieces
(25, 40, D:5)
  a ration
(29, 6, D:5)
  11 gold pieces
(29, 32, D:5)
  a wand of digging (9)
(32, 17, D:5)
  a +0 club
(35, 13, D:5)
  4 gold pieces
(38, 34, D:5)
  a scroll of enchant armour
(48, 4, D:5)
  a +0 robe
(52, -9, D:5)
  2 potions of brilliance
(53, -8, D:5)
  a +0 mace

Level 6 of the Dungeon
(0, 0, D:6)
  10 gold pieces
(1, 2, D:6)
  a ration
(2, -17, D:6)
  14 gold pieces
(8, -1, D:6)
  a wand of random effects (8)
(12, -3, D:6)
  11 gold pieces
(19, 6, D:6)
  19 stones
(21, -7, D:6)
  4 gold pieces
(21, -1, D:6)
  8 gold pieces
(22, -20, D:6)
  15 arrows
(22, -3, D:6)
  a +0 ring mail
(23, -19, D:6)
  a wand of paralysis (9)
(24, 5, D:6)
  a scroll of noise
(27, -13, D:6)
  a potion of curing
(28, 3, D:6)
  a ration
(34, -2, D:6)
  a ration
  (unseen)
(35, 20, D:6)
  a +0 flail
(37, -4, D:6)
  a ration
(37, 1, D:6)
  a +0 ring mail
(37, 13, D:6)
  a scroll of fog
(42, -17, D:6)
  an uncursed ring of flight
(47, 12, D:6)
  8 gold pieces

