Ohirrys

Level 1 of the Dungeon
(0, 0, D:1)
  a +0 leather armour
(3, -1, D:1)
  8 gold pieces
(7, -7, D:1)
  a scroll of remove curse
(8, -8, D:1)
  a +1 dagger of venom
(12, 19, D:1)
  9 gold pieces
(16, -23, D:1)
  24 sling bullets
(19, -10, D:1)
  a cursed +0 leather armour
(28, -14, D:1)
  a +0 ring mail
(37, -4, D:1)
  a +0 short sword
(43, 10, D:1)
  a scroll of enchant armour
(52, -27, D:1)
  a +0 pair of boots
(55, -13, D:1)
  11 gold pieces
(58, -19, D:1)
  a hydra corpse
(59, -20, D:1)
  a hydra corpse
(61, -24, D:1)
  a scroll of enchant weapon
(61, -9, D:1)
  5 gold pieces
(62, -16, D:1)
  12 gold pieces
(62, -6, D:1)
  a ration
(64, -5, D:1)
  9 poisoned needles
(65, -25, D:1)
  a scroll of teleportation

