Buifilai

Level 1 of the Dungeon
(0, 0, D:1)
  a scroll of immolation
(2, 1, D:1)
  a potion of curing
(3, -10, D:1)
  a scroll of identify
(3, -8, D:1)
  7 gold pieces
(10, 10, D:1)
  6 gold pieces
(14, 10, D:1)
  a scroll of enchant armour
(20, 43, D:1)
  a +0 scale mail
(23, 30, D:1)
  14 gold pieces
(24, 13, D:1)
  10 gold pieces
(25, 30, D:1)
  5 gold pieces
(28, 28, D:1)
  27 stones
(30, -18, D:1)
  23 arrows
(30, 9, D:1)
  5 gold pieces
(30, 26, D:1)
  a cursed -1 short sword
(31, -15, D:1)
  a +0 hand axe
(32, -14, D:1)
  a ration
(33, -13, D:1)
  a potion of mutation
(33, 16, D:1)
  16 stones
(34, -10, D:1)
  8 gold pieces
(36, 19, D:1)
  a scroll of magic mapping
(44, 2, D:1)
  a scroll of remove curse
(54, 20, D:1)
  17 sling bullets
(58, 32, D:1)
  a cursed -2 hand axe
(59, 4, D:1)
  18 arrows
(62, 36, D:1)
  10 gold pieces

Level 2 of the Dungeon
(0, 0, D:2)
  a gold piece

