Zepter Iczie

Level 1 of the Dungeon
(0, 0, D:1)
  a scroll of enchant armour

Level 2 of the Tomb of the Ancients
(0, 0, Tomb:2)
  a +0 hand axe
(1, -13, Tomb:2)
  a book of Geomancy
(2, 0, Tomb:2)
  32 gold pieces
(2, 8, Tomb:2)
  a +0 morningstar
(5, 14, Tomb:2)
  19 stones
(6, -15, Tomb:2)
  a +0 ring mail
(10, 6, Tomb:2)
  30 sling bullets
(14, 11, Tomb:2)
  a scroll of identify
(15, -6, Tomb:2)
  a +0 robe
(15, -5, Tomb:2)
  a Fen Folio
(15, 1, Tomb:2)
  a scroll of magic mapping
(16, -11, Tomb:2)
  11 arrows
(21, -15, Tomb:2)
  a ration
(22, -5, Tomb:2)
  a +0 war axe
(25, -13, Tomb:2)
  a scroll of teleportation
(26, -5, Tomb:2)
  17 gold pieces
(27, -16, Tomb:2)
  a ration
(29, 7, Tomb:2)
  a potion of haste
(36, 5, Tomb:2)
  33 gold pieces

Level 3 of the Tomb of the Ancients
(0, 0, Tomb:3)
  the +1 robe of the Moon {rElec rC- Str+4}
    It affects your strength (+4).
    It makes you vulnerable to cold.
    It insulates you from electricity.
(0, 1, Tomb:3)
  the +3 giant club "Skullcrusher" {speed, Str+7}
    Attacks with this weapon are significantly faster.
    
    It affects your strength (+7).
(0, 2, Tomb:3)
  a phantom mirror
(0, 3, Tomb:3)
  16 gold pieces
(0, 4, Tomb:3)
  12 gold pieces
(1, -1, Tomb:3)
  the +2 helmet of Hocif {+Inv}
    It lets you turn invisible.
(1, 0, Tomb:3)
  an uncursed amulet of regeneration
(1, 1, Tomb:3)
  a sack of spiders
(1, 2, Tomb:3)
  31 gold pieces
(1, 3, Tomb:3)
  12 gold pieces
(1, 5, Tomb:3)
  a box of beasts
(2, -2, Tomb:3)
  a +1 cloak of poison resistance
(2, -1, Tomb:3)
  an uncursed staff of air
(2, 0, Tomb:3)
  a +2 scale mail of fire resistance
(2, 1, Tomb:3)
  31 gold pieces
(2, 2, Tomb:3)
  3 gold pieces
(2, 3, Tomb:3)
  29 gold pieces
(2, 4, Tomb:3)
  28 gold pieces
(3, -3, Tomb:3)
  an uncursed staff of poison
(3, -2, Tomb:3)
  a +1 hunting sling of flaming
(3, -1, Tomb:3)
  a book of Conjurations
(3, 0, Tomb:3)
  an uncursed ring of resist corrosion
(3, 1, Tomb:3)
  a book of the Warp
(3, 2, Tomb:3)
  19 gold pieces
(4, -4, Tomb:3)
  a book of Alchemy
(4, -3, Tomb:3)
  a cursed staff of cold
(4, -2, Tomb:3)
  a +0 spear of piercing
(4, -1, Tomb:3)
  a figurine of a ziggurat
(4, 0, Tomb:3)
  a +0 dagger of draining
(4, 1, Tomb:3)
  21 gold pieces
(5, -5, Tomb:3)
  a phial of floods
(5, -4, Tomb:3)
  a +0 short sword of draining
(5, -3, Tomb:3)
  the +8 trident of the Octopus King {venom, rElec rPois MR+}
    It poisons the flesh of those it strikes.
    
    It insulates you from electricity.
    It protects you from poison.
    It affects your resistance to hostile enchantments.
(5, -2, Tomb:3)
  a +0 war axe of venom
(5, -1, Tomb:3)
  a +2 robe of cold resistance
(5, 0, Tomb:3)
  28 gold pieces
(5, 1, Tomb:3)
  a book of the Dragon
  (unseen)
(5, 2, Tomb:3)
  31 gold pieces
(6, -6, Tomb:3)
  a phantom mirror
(6, -5, Tomb:3)
  an uncursed staff of death
(6, -4, Tomb:3)
  a +0 demon trident of venom
(6, -3, Tomb:3)
  a lamp of fire
(6, -2, Tomb:3)
  29 gold pieces
(6, -1, Tomb:3)
  30 gold pieces
(6, 0, Tomb:3)
  a potion of agility
(6, 22, Tomb:3)
  a golden rune of Zot
(7, -7, Tomb:3)
  a +2 battleaxe of electrocution
(7, -6, Tomb:3)
  a book of Death
(7, -5, Tomb:3)
  a +2 vampiric glaive
(7, -4, Tomb:3)
  15 gold pieces
(7, -3, Tomb:3)
  35 gold pieces
(7, -2, Tomb:3)
  19 gold pieces
(7, 0, Tomb:3)
  a ration
(7, 11, Tomb:3)
  a +0 cloak
(8, -7, Tomb:3)
  6 gold pieces
(8, -6, Tomb:3)
  a +0 centaur barding
(8, -5, Tomb:3)
  14 gold pieces
(8, -4, Tomb:3)
  a scroll of identify
(8, -2, Tomb:3)
  12 gold pieces
(9, -7, Tomb:3)
  13 gold pieces
(9, -4, Tomb:3)
  a ration
(13, 19, Tomb:3)
  10 stones
(14, 26, Tomb:3)
  a scroll of torment
(16, 14, Tomb:3)
  a +0 hunting sling
(17, -2, Tomb:3)
  a +0 club
(19, 22, Tomb:3)
  a wand of enslavement (10)
(20, -7, Tomb:3)
  13 gold pieces
(20, 19, Tomb:3)
  a scroll of enchant weapon
(23, 7, Tomb:3)
  a +0 trident
(24, 6, Tomb:3)
  a scroll of identify
(25, -6, Tomb:3)
  10 gold pieces
(26, -7, Tomb:3)
  13 gold pieces
(26, -6, Tomb:3)
  14 gold pieces
(27, -7, Tomb:3)
  23 gold pieces
(27, -6, Tomb:3)
  27 gold pieces
(27, -5, Tomb:3)
  23 gold pieces
(27, -4, Tomb:3)
  30 gold pieces
(27, -2, Tomb:3)
  30 gold pieces
(28, -7, Tomb:3)
  6 gold pieces
(28, -6, Tomb:3)
  12 gold pieces
(28, -5, Tomb:3)
  9 bolts
  (unseen)
(28, -4, Tomb:3)
  32 gold pieces
(28, -3, Tomb:3)
  19 gold pieces
(28, -2, Tomb:3)
  29 gold pieces
(28, -1, Tomb:3)
  22 gold pieces
(28, 0, Tomb:3)
  18 gold pieces
(29, -7, Tomb:3)
  26 gold pieces
(29, -6, Tomb:3)
  11 gold pieces
(29, -5, Tomb:3)
  a potion of curing
(29, -4, Tomb:3)
  18 gold pieces
(29, -3, Tomb:3)
  11 gold pieces
(29, -2, Tomb:3)
  23 gold pieces
(29, -1, Tomb:3)
  22 gold pieces
(29, 0, Tomb:3)
  13 gold pieces
(29, 1, Tomb:3)
  a +4 mace of venom
(29, 24, Tomb:3)
  a scroll of immolation
(30, -6, Tomb:3)
  16 gold pieces
(30, -5, Tomb:3)
  29 gold pieces
(30, -4, Tomb:3)
  33 gold pieces
(30, -3, Tomb:3)
  34 gold pieces
(30, -2, Tomb:3)
  24 gold pieces
(30, -1, Tomb:3)
  6 gold pieces
(30, 0, Tomb:3)
  21 gold pieces
(30, 1, Tomb:3)
  31 gold pieces
(30, 2, Tomb:3)
  26 gold pieces
(31, -5, Tomb:3)
  24 gold pieces
(31, -4, Tomb:3)
  26 gold pieces
(31, -3, Tomb:3)
  12 gold pieces
(31, -2, Tomb:3)
  27 gold pieces
(31, -1, Tomb:3)
  19 gold pieces
(31, 0, Tomb:3)
  a scroll of remove curse
(31, 1, Tomb:3)
  64 gold pieces
(31, 5, Tomb:3)
  a scroll of brand weapon
(32, -4, Tomb:3)
  a +1 shortbow of flaming
(32, -3, Tomb:3)
  31 gold pieces
(32, -2, Tomb:3)
  10 gold pieces
(32, -1, Tomb:3)
  a lightning rod (4/4)
(32, 0, Tomb:3)
  17 gold pieces
(32, 1, Tomb:3)
  15 gold pieces
(32, 2, Tomb:3)
  57 gold pieces
(32, 3, Tomb:3)
  24 gold pieces
(32, 13, Tomb:3)
  14 poisoned needles
(33, -3, Tomb:3)
  24 gold pieces
(33, -2, Tomb:3)
  25 gold pieces
(33, -1, Tomb:3)
  16 gold pieces
(33, 0, Tomb:3)
  18 gold pieces
(33, 1, Tomb:3)
  a +1 dagger of speed
(33, 2, Tomb:3)
  28 gold pieces
(33, 7, Tomb:3)
  21 gold pieces
(34, -2, Tomb:3)
  11 gold pieces
(34, -1, Tomb:3)
  22 gold pieces
(34, 0, Tomb:3)
  22 gold pieces
(34, 1, Tomb:3)
  14 gold pieces
(34, 2, Tomb:3)
  11 gold pieces
(34, 3, Tomb:3)
  27 gold pieces
(34, 7, Tomb:3)
  24 gold pieces
(35, -1, Tomb:3)
  19 gold pieces
(35, 0, Tomb:3)
  25 gold pieces
(35, 1, Tomb:3)
  21 gold pieces
(35, 2, Tomb:3)
  29 gold pieces
(35, 3, Tomb:3)
  9 gold pieces
(35, 4, Tomb:3)
  a +0 quick blade
(35, 5, Tomb:3)
  19 gold pieces
(35, 6, Tomb:3)
  22 gold pieces
(36, 0, Tomb:3)
  32 gold pieces
(36, 1, Tomb:3)
  a +1 lajatang of speed
(36, 2, Tomb:3)
  12 gold pieces
(36, 3, Tomb:3)
  14 gold pieces
(36, 4, Tomb:3)
  a +2 naga barding

