Bariwnuatz

Level 1 of the Dungeon
(0, 0, D:1)
  2 scrolls of teleportation

Level 14 of the Dungeon
(0, 0, D:14)
  a scroll of fog
(0, 10, D:14)
  13 gold pieces
(5, -1, D:14)
  a +0 dagger
(7, -21, D:14)
  a throwing net
(7, -20, D:14)
  3 rations
(9, -21, D:14)
  a ration
(9, -20, D:14)
  a ration
(10, -33, D:14)
  a cursed -1 pair of boots
(13, -32, D:14)
  5 needles of paralysis
(16, -33, D:14)
  a +0 leather armour
(16, -22, D:14)
  an uncursed ring of ice
(17, -6, D:14)
  18 gold pieces
(21, -6, D:14)
  25 arrows
(22, -6, D:14)
  the ring "Cenini" {AC+2 Stlth+}
    [ring of protection]
    
    It affects your AC (+2).
    It makes you more stealthy.
(23, -6, D:14)
  a ration
(24, -6, D:14)
  37 gold pieces
(27, -20, D:14)
  2 potions of ambrosia
(31, -30, D:14)
  an uncursed amulet of regeneration
(36, -27, D:14)
  a scroll of identify
(36, 5, D:14)
  25 gold pieces
(36, 6, D:14)
  21 stones
(37, 5, D:14)
  a book of Maledictions
(38, -37, D:14)
  19 gold pieces
(39, 15, D:14)
  26 gold pieces
(40, 14, D:14)
  17 gold pieces
(40, 15, D:14)
  20 stones
(42, -13, D:14)
  21 stones
(44, 12, D:14)
  a +0 chain mail
  a +0 long sword
  a +2 chain mail of magic resistance
  a +1 battleaxe of chopping
(45, -22, D:14)
  a book of Maledictions
(50, 11, D:14)
  5 javelins
(54, -6, D:14)
  a +0 ring mail
(57, -18, D:14)
  a +0 leather armour
(58, 1, D:14)
  13 stones

Level 4 of the Swamp
(0, 0, Swamp:4)
  a ration
(2, -24, Swamp:4)
  an uncursed amulet of faith
(2, 7, Swamp:4)
  a +0 chain mail
(3, 10, Swamp:4)
  a wand of polymorph (7)
(4, 7, Swamp:4)
  13 bolts
(5, -12, Swamp:4)
  a ration
(6, -12, Swamp:4)
  a scroll of fog
(6, 10, Swamp:4)
  a wand of polymorph (6)
(10, 3, Swamp:4)
  26 stones
(11, 3, Swamp:4)
  27 stones
(12, -20, Swamp:4)
  11 gold pieces
(13, -14, Swamp:4)
  22 gold pieces
(13, 12, Swamp:4)
  21 gold pieces
(14, -20, Swamp:4)
  a wand of disintegration (16)
(16, -3, Swamp:4)
  a cursed +0 leather armour
  (unseen)
(21, -6, Swamp:4)
  a scarf of repulsion
(25, -27, Swamp:4)
  a scroll of blinking
(28, -22, Swamp:4)
  a potion of curing
(41, -26, Swamp:4)
  15 gold pieces
(41, -7, Swamp:4)
  a +0 long sword
(41, 14, Swamp:4)
  a +0 short sword
(42, -7, Swamp:4)
  14 stones
(47, -24, Swamp:4)
  7 arrows
(49, -31, Swamp:4)
  35 gold pieces
(57, -30, Swamp:4)
  a scroll of identify
(57, -24, Swamp:4)
  a +0 ring mail

Level 4 of the Spider Nest
(0, 0, Spider:4)
  a +0 dagger
(10, 41, Spider:4)
  a +0 leather armour
(13, 24, Spider:4)
  a potion of ambrosia
(14, 27, Spider:4)
  a potion of ambrosia
(15, 32, Spider:4)
  a +0 chain mail
(15, 33, Spider:4)
  a potion of ambrosia
(16, 30, Spider:4)
  a scroll of enchant weapon
(17, -1, Spider:4)
  a ration
(18, 19, Spider:4)
  a +0 scale mail
(21, 4, Spider:4)
  a +0 robe
(21, 28, Spider:4)
  25 gold pieces
(22, 48, Spider:4)
  a book of Air
(26, 42, Spider:4)
  a potion of heal wounds
(28, 5, Spider:4)
  18 arrows
(29, 16, Spider:4)
  a +0 broad axe
(31, 6, Spider:4)
  20 gold pieces
(31, 9, Spider:4)
  a ration

Level 1 of the Vaults
(0, 0, Vaults:1)
  a +0 shortbow
  (unseen)
(0, 1, Vaults:1)
  an arrow
(5, -37, Vaults:1)
  a +0 arbalest
  (unseen)
(6, -37, Vaults:1)
  a +0 arbalest
  25 bolts
  a +0 long sword
  a cursed +0 plate armour
  a +0 shield
(11, -23, Vaults:1)
  17 sling bullets
(12, -27, Vaults:1)
  a potion of flight

