Ajeo

Level 1 of the Dungeon
(0, 0, D:1)
  a +0 dagger
(3, 10, D:1)
  a +0 robe
(17, 28, D:1)
  a +0 dagger
(24, 2, D:1)
  a +0 dagger
(24, 34, D:1)
  a +0 club
(36, 9, D:1)
  a +0 dagger
(48, 19, D:1)
  a +0 robe
  a +0 club

Level 2 of the Dungeon
(0, 0, D:2)
  a +0 hunting sling
(25, 34, D:2)
  a +0 spear
(27, 12, D:2)
  a +0 club
(29, 27, D:2)
  a +0 short sword
(30, 15, D:2)
  a +0 dagger
(32, 3, D:2)
  a +0 dagger
(40, 0, D:2)
  a +0 club
(43, 41, D:2)
  a +0 ring mail
  a +0 animal skin
(47, 11, D:2)
  a +0 club
(48, 10, D:2)
  a +0 club
(63, 12, D:2)
  a +0 club
(64, 12, D:2)
  a +0 dagger
(65, 12, D:2)
  a +0 club
(66, 12, D:2)
  a +0 club
(67, 12, D:2)
  a +0 club
(75, 1, D:2)
  a +0 short sword

Level 3 of the Dungeon
(0, 0, D:3)
  a +0 dagger
(3, 12, D:3)
  a +0 ring mail
(19, 21, D:3)
  a +0 robe
(40, 1, D:3)
  a +0 whip
(45, 12, D:3)
  a +0 hand axe
(47, 25, D:3)
  a +0 whip
(47, 26, D:3)
  a cursed -1 leather armour
  a +0 dagger
(49, 19, D:3)
  a +0 dagger
(50, 27, D:3)
  a +0 dagger
(51, 27, D:3)
  a +0 leather armour
  a +0 mace

Level 4 of the Dungeon
(0, 0, D:4)
  a +0 ring mail
(4, 15, D:4)
  a +0 chain mail
  a +0 hand axe
(5, 49, D:4)
  a +0 leather armour
  a +0 short sword
(6, 49, D:4)
  a +0 mace
  a +0 chain mail
(7, 47, D:4)
  a +0 flail
(13, 35, D:4)
  a +0 leather armour
  a +0 trident
(16, 47, D:4)
  a +0 chain mail
  a +0 dagger
(20, 3, D:4)
  a +0 leather armour
  a +0 short sword
(21, 30, D:4)
  a +0 mace
(25, 30, D:4)
  a +0 hand axe

Level 5 of the Dungeon
(0, 0, D:5)
  a +0 robe
(3, 21, D:5)
  a +0 flail
(3, 29, D:5)
  a +0 dagger
  (unseen)
(5, 9, D:5)
  a +0 hand axe
(9, 10, D:5)
  a +0 hunting sling
(9, 31, D:5)
  a +0 short sword
(20, 6, D:5)
  a +0 leather armour
(32, 33, D:5)
  a +0 short sword
(34, 32, D:5)
  a +0 whip
(37, 4, D:5)
  a +0 chain mail
(37, 12, D:5)
  a +0 mace
(37, 13, D:5)
  a +0 rapier
(38, 6, D:5)
  a cursed -1 ring mail
(41, 35, D:5)
  a +0 leather armour
(43, 36, D:5)
  a +0 naga barding
(44, 18, D:5)
  a +0 leather armour
(45, 36, D:5)
  a +0 chain mail
(46, 9, D:5)
  a +0 giant club
(48, 36, D:5)
  a +0 trident
(51, 5, D:5)
  a potion of degeneration
(51, 47, D:5)
  a +0 dagger
(64, 9, D:5)
  a +0 centaur barding

Level 6 of the Dungeon
[Shop] Ziwuuwn's Gadget Boutique
  a box of beasts (260 gold)
  a wand of digging (4) (208 gold)
  a phial of floods (520 gold)
  a sack of spiders (260 gold)
  a phial of floods (520 gold)
  a wand of acid (10) (364 gold)
  a fan of gales (520 gold)
  a fan of gales (520 gold)
(0, 0, D:6)
  a +0 chain mail
  a +0 trident
(1, 0, D:6)
  a +0 ring mail
  a +0 hand axe
(10, -29, D:6)
  a +0 dire flail
(10, -23, D:6)
  a +0 morningstar
(14, -29, D:6)
  a +0 scimitar
(14, -23, D:6)
  a cursed -2 war axe
(14, -12, D:6)
  a +0 spear
(19, -8, D:6)
  a cursed -1 spear
(19, -7, D:6)
  a +0 club
(20, -30, D:6)
  a +0 ring mail
(24, -21, D:6)
  a +0 leather armour
  a +0 whip
(28, -25, D:6)
  a +0 spear

Level 7 of the Dungeon
(0, 0, D:7)
  a +0 spear
(3, -17, D:7)
  a +0 leather armour
  a cursed -1 hand axe
(3, 17, D:7)
  a +0 robe
  a +0 dagger of protection
  a +0 flail
(3, 30, D:7)
  a cursed -2 dagger
  a +0 robe
  a cursed -1 dagger
  a +0 robe
(4, 15, D:7)
  a +0 robe
  a +0 mace
(4, 17, D:7)
  a +0 robe
  a cursed +4 short sword
  a cursed +0 robe
(6, 25, D:7)
  a cursed -1 robe
  a +0 dagger
(8, 10, D:7)
  a +0 robe
  a +0 dagger
(8, 19, D:7)
  a +2 long sword of holy wrath
(13, -10, D:7)
  a +0 hand axe
(18, -12, D:7)
  a +0 hand axe
(23, -17, D:7)
  a large rock
(35, -1, D:7)
  a +0 club
(35, 0, D:7)
  a +0 war axe
(35, 1, D:7)
  a cursed +0 chain mail
  a +0 dagger
  3 large rocks
  a +0 flail of crushing
(35, 2, D:7)
  a +0 flail
(35, 3, D:7)
  a +0 club
(36, 14, D:7)
  a +0 robe
(40, -5, D:7)
  a +0 hand axe
(42, -11, D:7)
  a +0 shortbow
(42, -7, D:7)
  a +0 chain mail
(43, 27, D:7)
  a +0 leather armour
(58, -10, D:7)
  a +0 hunting sling

Level 8 of the Dungeon
[Shop] Areudgh's Antique Armour Emporium
  a +2 plate armour of poison resistance (1036 gold)
  a +0 plate armour (644 gold)
  a +0 buckler (126 gold)
  a +0 ring mail of poison resistance (224 gold)
  a +1 scale mail of cold resistance (448 gold)
  a +0 leather armour (56 gold)
  a cursed +0 plate armour (616 gold)
  the +2 hat of the Bear Spirit {Spirit, +Rage rN+ MR++} (1094 gold)
    It protects you from negative energy.
    It affects your resistance to hostile enchantments.
    It lets you go berserk.
  a +0 scale mail (112 gold)
  a +0 robe (19 gold)
(3, -24, D:8)
  a cursed -2 giant spiked club
(10, -25, D:8)
  a +0 giant club
  a +0 giant club
(10, 3, D:8)
  a +0 robe
(11, 3, D:8)
  a +0 robe
  a cursed +0 hand axe
  a cursed +0 robe
(11, 5, D:8)
  a +0 leather armour
(15, -2, D:8)
  a +0 robe
  a +4 spear
(15, 3, D:8)
  a +0 robe
(16, -28, D:8)
  a +0 club
(16, -2, D:8)
  a +0 trident
(20, -24, D:8)
  a +0 chain mail
  a +0 hand axe
(20, -23, D:8)
  a +0 troll leather armour
(20, -21, D:8)
  a +0 shortbow
(20, -13, D:8)
  a +0 robe
(20, -7, D:8)
  a +0 leather armour
  a +0 dagger
(21, -21, D:8)
  a +0 chain mail
  a +0 mace
(21, -19, D:8)
  a +0 long sword
  a cursed +0 spear
(21, -18, D:8)
  a +4 flail
  22 bolts
  a cursed +4 flail
  a +2 dagger of freezing
  21 poisoned needles
(22, -23, D:8)
  a +0 short sword
(22, -22, D:8)
  a +0 leather armour
(22, -21, D:8)
  a +0 leather armour
  a +0 club
  a +0 leather armour
  a +0 short sword
(22, -19, D:8)
  a +0 arbalest
(22, -18, D:8)
  a cursed +3 battleaxe
  a +2 great sword
(23, -19, D:8)
  a scroll of fog
  a scroll of amnesia
  a scroll of magic mapping
  a scroll of torment
  a scroll of fear
(23, -18, D:8)
  a scroll of noise
  a potion of mutation
  a scroll of immolation
(23, -2, D:8)
  a +0 leather armour
  (unseen)
(24, -5, D:8)
  a +0 whip
(46, -17, D:8)
  a +0 spear

Level 9 of the Dungeon
(0, 0, D:9)
  a +0 dagger
(5, -4, D:9)
  a +0 falchion
(5, -1, D:9)
  a +0 robe
  a +0 falchion
  a +0 flail
  a +0 robe
  a +0 dagger
(6, -24, D:9)
  a +0 shortbow
(6, -3, D:9)
  a +0 dagger
(6, -1, D:9)
  a cursed +0 leather armour
  a +0 whip
(7, -5, D:9)
  a +0 short sword
(15, -20, D:9)
  a +0 robe
(18, 0, D:9)
  a book of Cantrips
(21, -20, D:9)
  a +0 shortbow
(31, 0, D:9)
  a cursed +0 pair of gloves

the Ecumenical Temple

Level 1 of the Lair of Beasts
(0, 0, Lair:1)
  a stone
(1, -2, Lair:1)
  4 large rocks
(2, 0, Lair:1)
  a scroll of remove curse
(3, -3, Lair:1)
  a stone
(4, -1, Lair:1)
  a stone
(5, -4, Lair:1)
  a stone
(5, -1, Lair:1)
  an uncursed ring of fire
(21, -16, Lair:1)
  11 poisoned needles
  a +3 scale mail of fire resistance
  a +0 great mace of flaming
  a scroll of immolation
  a wand of flame (13)
(30, -7, Lair:1)
  a +0 flail
(35, 11, Lair:1)
  a +0 scale mail
(50, 15, Lair:1)
  a scroll of amnesia
  184 arrows
  a potion of resistance
  a cursed +0 scale mail
  a potion of agility
  a +0 shortbow of flaming
  a +0 ring mail

