Akli Pino

Level 1 of the Dungeon
(0, 0, D:1)
  a scroll of torment
(1, -2, D:1)
  a +0 lajatang
(3, 10, D:1)
  11 gold pieces
(10, -3, D:1)
  a potion of heal wounds
(12, -14, D:1)
  9 gold pieces
(14, 1, D:1)
  a scarf of repulsion
(18, -10, D:1)
  18 arrows
(20, -23, D:1)
  a cursed +0 helmet
(20, -16, D:1)
  a +0 buckler
(22, -12, D:1)
  a ration
(24, -19, D:1)
  7 gold pieces
(24, -13, D:1)
  a +0 leather armour
(25, -37, D:1)
  a +0 robe
(27, -38, D:1)
  a potion of curing
(27, 1, D:1)
  16 gold pieces
(28, -36, D:1)
  a ration
(30, 1, D:1)
  a +0 mace
(31, -20, D:1)
  a +0 robe
(40, -19, D:1)
  a potion of heal wounds
(49, -10, D:1)
  14 gold pieces
(51, -12, D:1)
  3 gold pieces
(53, -18, D:1)
  a scroll of enchant weapon
(55, -23, D:1)
  20 stones

