Mimpunouh

Level 1 of the Dungeon
(0, 0, D:1)
  a +0 flail
(4, -16, D:1)
  a +0 club
(12, -12, D:1)
  20 stones
(16, -17, D:1)
  a scroll of enchant weapon
(20, -8, D:1)
  a +0 club
(25, 12, D:1)
  a +0 dagger
(28, 9, D:1)
  a stone
(29, -22, D:1)
  17 stones
(37, 16, D:1)
  a +0 robe
(39, 16, D:1)
  a +0 club
(46, -14, D:1)
  a +0 dagger
  10 stones
(48, -14, D:1)
  a stone
(52, -14, D:1)
  3 stones
(53, -14, D:1)
  2 stones
(54, -18, D:1)
  23 stones
(54, -15, D:1)
  a +3 short sword of electrocution
(55, -21, D:1)
  a +0 short sword

Level 2 of the Dungeon
(0, 0, D:2)
  22 bolts
(2, -3, D:2)
  a +1 flail of crushing
(11, -31, D:2)
  a +0 club
(11, -13, D:2)
  13 arrows
(14, 5, D:2)
  3 scrolls of enchant weapon
(18, -13, D:2)
  a +0 pair of gloves
(19, -2, D:2)
  a +0 chain mail
  a +0 short sword
(33, -30, D:2)
  a +0 dagger
(34, -12, D:2)
  2 stones
(34, -11, D:2)
  a stone
(34, -9, D:2)
  5 stones
(34, -2, D:2)
  a stone
(34, 2, D:2)
  a +0 mace
(35, 1, D:2)
  a +0 dagger
(36, -6, D:2)
  a +0 pair of gloves
(37, -2, D:2)
  2 stones
(38, -10, D:2)
  a +0 chain mail
  a stone
(38, -3, D:2)
  3 stones
(39, -6, D:2)
  a stone
(39, -1, D:2)
  a +0 leather armour
(42, -8, D:2)
  a +0 ring mail
(51, -24, D:2)
  14 arrows

Level 3 of the Dungeon
(0, 0, D:3)
  a +0 whip
(3, -3, D:3)
  a +0 mace
  a +0 mace
(4, -3, D:3)
  a +0 leather armour
  a +2 dagger of pain
(5, -3, D:3)
  a +0 robe
  a cursed +0 dagger
  a +0 flail
  a +0 robe
  a +0 dagger
  a +0 robe
  a +0 dagger
(20, 11, D:3)
  a +0 robe
  a +0 dagger
(38, 4, D:3)
  a +0 hand axe
(38, 26, D:3)
  a ration
(42, 20, D:3)
  a +0 chain mail
(46, 22, D:3)
  a +0 quarterstaff
(50, 6, D:3)
  a +0 club
  a hobgoblin skeleton
(52, 0, D:3)
  a worker ant corpse
(55, -5, D:3)
  a scroll of identify

