Narghiedd

Level 1 of the Dungeon
(0, 0, D:1)
  a +0 club
(2, -1, D:1)
  a +0 club
(17, -2, D:1)
  a +0 whip
(18, 2, D:1)
  a +0 club
(37, 1, D:1)
  a +0 club
(60, -12, D:1)
  a whip
(63, -13, D:1)
  a leather armour
(66, -7, D:1)
  a mace

Level 2 of the Dungeon
(0, 0, D:2)
  a +0 scale mail
  a +0 hand axe
(5, -2, D:2)
  a bat corpse
(11, -10, D:2)
  a stone
(18, 8, D:2)
  a bat corpse
(23, -13, D:2)
  a stone
(25, 1, D:2)
  a quokka corpse
(28, -22, D:2)
  a robe
(29, -10, D:2)
  a bat corpse (skeletalised by now)
(32, 1, D:2)
  a +0 short sword
(37, -4, D:2)
  a frilled lizard corpse (skeletalised by now)
(38, -16, D:2)
  a frilled lizard corpse (skeletalised by now)
(40, -15, D:2)
  a spear
(49, -17, D:2)
  a robe
(54, -11, D:2)
  a +0 dagger

