Noafonu

Level 1 of the Dungeon
(0, 0, D:1)
  a +0 club
(1, 1, D:1)
  a +0 club
(6, 7, D:1)
  a +0 club
(29, 29, D:1)
  a +0 club
  a +0 dagger
(30, 2, D:1)
  a +0 club
(38, -1, D:1)
  a robe

Level 2 of the Dungeon
(0, 0, D:2)
  a +0 club
(1, 4, D:2)
  a +0 club
(6, -18, D:2)
  a club
(20, -16, D:2)
  a +0 chain mail
(21, -16, D:2)
  a cursed +0 robe
  a +0 dagger
  a +0 robe
(23, 7, D:2)
  a cursed +0 robe
  a +0 dagger
(24, 7, D:2)
  a +0 dagger
  a +0 falchion

Level 3 of the Dungeon
(0, 0, D:3)
  a dagger
(6, -20, D:3)
  a +0 club
(6, -19, D:3)
  a +0 spear
  a +0 spear
(13, -41, D:3)
  a +0 leather armour
(13, -40, D:3)
  a +0 robe
  a cursed +0 dagger
  a cursed +0 scale mail
  a +0 robe
  a +0 dagger
(14, -41, D:3)
  a +0 leather armour
  a +0 robe
  a +0 dagger
(18, -17, D:3)
  a +0 robe
  a +0 dagger
(20, -18, D:3)
  a cursed +0 leather armour
  a +0 flail
(23, -15, D:3)
  a +0 short sword
(26, -49, D:3)
  a +0 short sword
(31, -5, D:3)
  a +0 club
(34, -46, D:3)
  a +0 leather armour
  a +0 club
(37, -51, D:3)
  a +0 whip

Level 4 of the Dungeon
(0, 0, D:4)
  a chain mail
(9, -23, D:4)
  a chain mail
(12, -30, D:4)
  a +0 falchion
(28, -40, D:4)
  a +0 giant spiked club
(29, -33, D:4)
  a robe
(43, -32, D:4)
  a +0 scythe
  a +0 robe
(48, -24, D:4)
  a potion of degeneration

Level 5 of the Dungeon
(0, 0, D:5)
  a quarterstaff
(4, -42, D:5)
  a -5 ring of intelligence
(5, -52, D:5)
  a chain mail
(6, -39, D:5)
  a robe
(14, -44, D:5)
  a +0 robe
(14, 1, D:5)
  a +0 chain mail
  a +0 trident
(15, -43, D:5)
  a +0 robe
  a +0 long sword
(15, -9, D:5)
  a quarterstaff
(20, -41, D:5)
  a chain mail
(30, -33, D:5)
  a robe
(35, -39, D:5)
  a +0 robe
  a +0 trident
(38, -38, D:5)
  a +0 robe
  a +0 flail
(38, -35, D:5)
  a +0 robe
  a +0 club
(39, -39, D:5)
  a cursed -2 robe
  a cursed +0 dagger
(40, -52, D:5)
  a +0 robe
  a cursed +0 falchion
(42, -33, D:5)
  a +0 robe
  a +0 great sword
(43, -37, D:5)
  a +0 leather armour
(51, 1, D:5)
  a +0 leather armour
  a cursed +0 mace
(53, -38, D:5)
  a club
(53, -3, D:5)
  a +0 chain mail
(56, -53, D:5)
  a +0 robe
  a +0 war axe
(60, -26, D:5)
  a +0 leather armour
  a +0 halberd
  a +0 spear
  a +0 spear
(67, -54, D:5)
  a cursed -2 shortbow

Level 6 of the Dungeon
(0, 0, D:6)
  a +0 robe
  a +0 dagger
  a +0 robe
(1, 0, D:6)
  a +0 robe
  a +0 dagger
(4, -3, D:6)
  a +0 flail
(5, -3, D:6)
  a +0 club
(10, -6, D:6)
  a +0 dagger
(12, 9, D:6)
  a ring mail
(13, -13, D:6)
  a +0 ring mail
  a +0 chain mail
(14, -14, D:6)
  an ichor-stained falchion
  a runed dagger
  a runed hand axe
  a brightly glowing scimitar
(14, -13, D:6)
  a +2 war axe
  a +3 short sword of freezing
  97 sling bullets
  41 bolts
(14, -9, D:6)
  a +0 ring mail
  a +0 war axe
(15, 13, D:6)
  a dagger
(16, -14, D:6)
  a scroll labeled YTESEIXK ZOCVE
  a scroll labeled VOUKID GAIGH
  a scroll labeled KASESMUAFOBB
  a scroll labeled FEBLIE PIOLISA
(16, -13, D:6)
  a +3 ring of dexterity
  a scroll of amnesia
(16, -11, D:6)
  a +0 leather armour
  a +0 hand axe
(22, 8, D:6)
  a +0 robe
(25, 8, D:6)
  a +0 halberd
(31, -26, D:6)
  a +0 leather armour
(35, 4, D:6)
  a +0 spear

Level 7 of the Dungeon
(0, 0, D:7)
  a +0 mace
(9, -11, D:7)
  a ring mail
(16, -37, D:7)
  a +0 leather armour
  a +0 dagger
  a +0 robe
  a +0 dagger
(18, -36, D:7)
  a +0 halberd
  a +0 chain mail
(21, -38, D:7)
  a +0 chain mail
  a +0 morningstar
(28, -37, D:7)
  a cursed +0 robe
  a +0 dagger
(29, -26, D:7)
  a robe
(33, -23, D:7)
  a +0 dagger
  a +0 club
  a +0 dagger
(34, -22, D:7)
  a +0 dagger
  a +0 dagger
(39, -8, D:7)
  a +0 leather armour
  a +0 club
  a +0 dagger
  a +0 robe
(41, -9, D:7)
  a +0 whip
(45, -14, D:7)
  a +0 short sword
(53, -2, D:7)
  a pair of boots

Level 8 of the Dungeon
(0, 0, D:8)
  a +0 halberd
(7, 6, D:8)
  a +0 dagger
(13, 0, D:8)
  a plate armour
(13, 24, D:8)
  a robe
(30, 13, D:8)
  a +0 mace
(30, 18, D:8)
  a +0 hand axe
  a +0 whip
(30, 22, D:8)
  a +0 shortbow
(30, 23, D:8)
  a +0 robe
  a +0 dagger
(33, 31, D:8)
  a hand axe

the Ecumenical Temple

