Nousiotist

Level 1 of the Dungeon
(0, 0, D:1)
  a +0 club
(2, 12, D:1)
  a +0 dagger
(2, 14, D:1)
  a +0 club
(25, 17, D:1)
  a short sword
(28, 26, D:1)
  a club
(31, 18, D:1)
  a +0 club
(40, 2, D:1)
  a robe

Level 2 of the Dungeon
(0, 0, D:2)
  a +0 spear
(7, 8, D:2)
  a ring mail
(18, 7, D:2)
  a +0 whip
(46, 9, D:2)
  a cursed -2 dagger
(47, 19, D:2)
  a robe
(52, 13, D:2)
  a +0 club

Level 3 of the Dungeon
(0, 0, D:3)
  a robe
(12, -13, D:3)
  a scroll of random uselessness
(25, -28, D:3)
  a +0 robe
  a +0 club
(29, -39, D:3)
  a robe
(38, -43, D:3)
  a club
(45, -41, D:3)
  a +0 club

Level 4 of the Dungeon
(0, 0, D:4)
  a leather armour
(0, 6, D:4)
  a scale mail
(3, 3, D:4)
  a +0 spear
(7, -3, D:4)
  a +0 dagger
(8, -17, D:4)
  a club
(12, 0, D:4)
  a +0 robe
  a +0 dagger
(13, 8, D:4)
  a +0 club
(14, -4, D:4)
  a +0 club
(22, -27, D:4)
  a trident
(32, -43, D:4)
  a hand axe
(35, -5, D:4)
  a +0 falchion
(50, -13, D:4)
  a blowgun
(53, -26, D:4)
  a potion of degeneration

Level 5 of the Dungeon
[Shop] Xafamp's Book Shop
  a book of Callings (unknown) (330 gold)
  a manual of Bows (1214 gold)
  a book of Frost (unknown) (385 gold)
  a Young Poisoner's Handbook (unknown) (440 gold)
  a book of Dreams (unknown) (825 gold)
  a book of Geomancy (unknown) (385 gold)
  a book of Maledictions (unknown) (275 gold)
  a book of Callings (unknown) (330 gold)
  a Young Poisoner's Handbook (unknown) (440 gold)
  a book of Misfortune (unknown) (220 gold)
  Sif Muna's Incunabulum of Mutagenic Weightlessness (660 gold)
    Spells                           Type                      Level
     a - Shock                        Conjuration/Air               1
     b - Ignite Poison                Fire/Transmutation/Poison     3
     c - Ice Form                     Ice/Transmutation             4
     d - Yara's Violent Unravelling   Hexes/Transmutation           5
     e - Hydra Form                   Transmutation                 6
  a book of Flames (unknown) (385 gold)
[Shop] Zeokhl Rasu's Armour Emporium
  a +0 naga barding of stealth (360 gold)
  a +2 leather armour of magic resistance (228 gold)
  a cursed +0 robe (1 gold)
  a +0 helmet (54 gold)
  a +0 robe (8 gold)
  a +0 ring mail (48 gold)
  a +3 leather armour of fire resistance (288 gold)
  a +0 cloak (54 gold)
  a +0 ring mail (48 gold)
  a +0 robe (8 gold)
[Shop] Aptiwk's Food Shop
  a ration (60 gold)
  a ration (60 gold)
  a ration (60 gold)
  a ration (60 gold)
  a ration (60 gold)
  a ration (60 gold)
  a ration (60 gold)
  a ration (60 gold)
  a ration (60 gold)
  a ration (60 gold)
(0, 0, D:5)
  a +0 short sword
(1, 17, D:5)
  a +0 dagger
(4, -3, D:5)
  a +0 falchion
  a +0 club
(4, 19, D:5)
  a hand axe
(11, 12, D:5)
  a +0 halberd
(13, 8, D:5)
  a cursed -2 robe
  a +0 dagger
(23, 19, D:5)
  a spear
(24, 15, D:5)
  a cursed +0 robe
  a +0 war axe
(29, 8, D:5)
  a +0 hand axe
  a +0 leather armour
  a +0 rapier
(33, -9, D:5)
  a +0 whip
(33, -5, D:5)
  a +0 cloak
(41, 29, D:5)
  a dagger

Level 6 of the Dungeon
(0, 0, D:6)
  a hand axe
(8, -5, D:6)
  a +0 robe
  a +0 leather armour
(10, 1, D:6)
  a +0 spear
  a +0 club
(10, 3, D:6)
  a +0 plate armour
  a +0 trident
(11, -7, D:6)
  a +0 giant club
(11, 9, D:6)
  a chain mail
(12, 7, D:6)
  a +0 robe
  a +0 dagger
(13, -3, D:6)
  a +0 ring mail
  a +0 short sword
(13, 11, D:6)
  a cursed -2 club
(15, 4, D:6)
  a +0 whip
(19, 17, D:6)
  a +0 leather armour
  a +0 falchion
(23, -10, D:6)
  a club
(27, 33, D:6)
  a chain mail
(28, 6, D:6)
  a ring mail
(35, 18, D:6)
  a rapier
(38, 35, D:6)
  a potion of degeneration
(50, 1, D:6)
  a leather armour

Level 7 of the Dungeon
[Shop] Okhitul's Assorted Antiques
  a phial of floods (1360 gold)
  a chain mail (153 gold)
  a potion of curing (102 gold)
  a morningstar (136 gold)
  a fine great mace (391 gold)
  a potion of curing (102 gold)
  a scroll of remove curse (102 gold)
(0, 0, D:7)
  a war axe
(11, 7, D:7)
  a +0 trident
  a +0 war axe
(12, 7, D:7)
  a +0 hand axe
(13, -13, D:7)
  a +0 giant club
(16, -5, D:7)
  a chain mail
(19, -3, D:7)
  a +0 ring mail
  a +0 flail
(19, 0, D:7)
  a +0 chain mail
  a +0 scale mail
  a +0 ring mail
(21, -4, D:7)
  a +0 chain mail
  a +0 dagger
  a +0 robe
  a +0 dagger
(30, 19, D:7)
  a spear
(33, 31, D:7)
  a cursed -1 long sword
  a +0 plate armour
(33, 32, D:7)
  a +0 war axe
(38, -8, D:7)
  a falchion
(41, -3, D:7)
  a book of Minor Magic
(47, 16, D:7)
  a +0 giant club
(48, -13, D:7)
  a +0 plate armour
  a +0 halberd
(48, -10, D:7)
  a +0 mace
(50, 3, D:7)
  a +0 long sword

Level 8 of the Dungeon
[Shop] Unulumu's Jewellery Shoppe
  a cursed +6 amulet of reflection (unknown) (610 gold)
  an uncursed ring of positive energy (unknown) (220 gold)
  a cursed ring of attention (unknown) (49 gold)
  an uncursed amulet of the acrobat (unknown) (330 gold)
  a cursed -2 ring of intelligence (22 gold)
  an uncursed ring of ice (unknown) (275 gold)
  an uncursed amulet of magic regeneration (330 gold)
  the amulet "Gefitrech" {Regen+ Dex+7} (568 gold)
    [amulet of regeneration]
    
    It affects your dexterity (+7).
    It increases your rate of regeneration.
[Shop] Elayl's Book Shop
  a book of Changes (unknown) (350 gold)
  a book of Minor Magic (280 gold)
  a book of Air (unknown) (490 gold)
  a book of Power (unknown) (630 gold)
  a book of Burglary (unknown) (1050 gold)
  the Catalogue of Dislocated Moulding (852 gold)
    Spells                           Type                      Level
     a - Portal Projectile            Hexes/Translocation           3
     b - Recall                       Summoning/Translocation       3
     c - Force Lance                  Conjuration/Translocation     4
     d - Yara's Violent Unravelling   Hexes/Transmutation           5
     e - Alistair's Intoxication      Transmutation/Poison          5
  a book of Transfigurations (unknown) (770 gold)
  a Fen Folio (unknown) (1050 gold)
[Shop] Asinaso's Antique Weapon Emporium
  a hunting sling (45 gold)
  a morningstar (120 gold)
  a club (30 gold)
  a runed trident (195 gold)
  a hand crossbow (105 gold)
  a long sword (105 gold)
  a battleaxe (195 gold)
  a fustibalus (450 gold)
  a glowing dagger (150 gold)
  a warped flail (255 gold)
  an ichor-stained short sword (240 gold)
[Shop] Cidiotol's Armour Boutique
  a +0 leather armour (26 gold)
  a +0 scale mail (52 gold)
  a +0 ring mail (52 gold)
  a +0 leather armour (26 gold)
  a +0 scale mail (52 gold)
  a +0 leather armour (26 gold)
  the +4 ring mail of Asufaum {rN++ rCorr Dex+4 Stlth-} (703 gold)
    It affects your dexterity (+4).
    It greatly protects you from negative energy.
    It provides partial protection from all sources of acid and corrosion.
    It makes you less stealthy.
  a +0 leather armour (26 gold)
  a +0 scale mail (52 gold)
  the +1 leather armour of the Wumpus {Str+2 Dex-4 Slay+5} (400 gold)
    It affects your strength (+2).
    It affects your dexterity (-4).
    It affects your accuracy and damage with ranged weapons and melee attacks
    (+5).
  a +1 ring mail of fire resistance (208 gold)
[Shop] Evaatunaff's Jewellery Emporium
  a +6 amulet of reflection (unknown) (702 gold)
  an uncursed ring of positive energy (unknown) (240 gold)
  an uncursed amulet of magic regeneration (360 gold)
  a +3 ring of dexterity (unknown) (188 gold)
  an uncursed ring of stealth (210 gold)
  an uncursed ring of poison resistance (unknown) (240 gold)
  an uncursed amulet of the acrobat (unknown) (360 gold)
  an uncursed amulet of rage (unknown) (480 gold)
  the ring of the Water Diviner {rPois rF+} (408 gold)
    [ring of poison resistance]
    
    It protects you from fire.
    It protects you from poison.
  an uncursed ring of poison resistance (unknown) (240 gold)
  an uncursed ring of flight (unknown) (210 gold)
  an uncursed ring of protection from magic (300 gold)
(0, 0, D:8)
  a ring mail
(1, -23, D:8)
  a +0 flail
(4, -1, D:8)
  a short sword
(10, -22, D:8)
  a dagger
(23, -30, D:8)
  a +0 giant spiked club
  a +0 trident
  a +0 morningstar
(28, -34, D:8)
  a +0 war axe
  a +0 club
  a +0 chain mail
(29, -21, D:8)
  a battleaxe

Level 9 of the Dungeon
(0, 0, D:9)
  a whip
(3, 17, D:9)
  a +0 short sword
(4, 5, D:9)
  a ring mail
(4, 25, D:9)
  a leather armour
(5, 41, D:9)
  a hand axe
(19, 40, D:9)
  a +0 robe of cold resistance
  a +0 shortbow
(31, 11, D:9)
  a +0 robe
  a cursed -2 long sword
(31, 12, D:9)
  a +0 great sword
  a +0 robe
(31, 15, D:9)
  a +2 robe
  a +1 whip of freezing
  a +0 robe
  a cursed +0 halberd
(34, 39, D:9)
  a robe
(35, 24, D:9)
  a robe
(43, 18, D:9)
  a rapier
(46, 49, D:9)
  a +0 robe

Level 10 of the Dungeon
[Shop] Illupp's Book Shop
  a Fen Folio (unknown) (975 gold)
  a book of Frost (unknown) (455 gold)
  a book of Enchantments (unknown) (650 gold)
  Qituag's Advanced Steps in the Arcane Arts (562 gold)
    Spells                           Type                      Level
     a - Force Lance                  Conjuration/Translocation     4
     b - Cause Fear                   Hexes                         4
     c - Leda's Liquefaction          Hexes/Earth                   4
     d - Summon Ice Beast             Ice/Summoning                 4
     e - Olgreb's Toxic Radiance      Poison                        4
     f - Summon Lightning Spire       Summoning/Air                 4
  a book of Air (unknown) (455 gold)
  a book of Transfigurations (unknown) (715 gold)
  a book of Necromancy (unknown) (390 gold)
  a book of the Dragon (unknown) (1170 gold)
  a book of Misfortune (unknown) (260 gold)
  a Necronomicon (unknown) (1435 gold)
  a book of Necromancy (unknown) (390 gold)
  a book of Changes (unknown) (325 gold)
(9, 13, D:10)
  a scale mail
(11, 5, D:10)
  a falchion
(14, 37, D:10)
  a pair of boots
(15, 37, D:10)
  a short sword
(16, 6, D:10)
  a +0 giant club
  a +0 giant spiked club
(21, 30, D:10)
  a potion of degeneration
(22, 19, D:10)
  a +2 chain mail of poison resistance
(23, 19, D:10)
  146 bolts
  a +2 spear
  a +1 spear of flaming
  a +3 hand axe
  a +4 morningstar
  a +2 hand axe of chopping
  7 needles of confusion {!f}
(24, 19, D:10)
  138 arrows
(25, 19, D:10)
  3 potions of ambrosia
  a +2 ring of strength
  a wand of digging (7)
  2 scrolls of blinking
  a scroll of holy word
  a potion of brilliance
  a scroll of fear
  5 scrolls of amnesia
  a wand of digging (6)
(25, 20, D:10)
  a cursed amulet of inaccuracy
(25, 32, D:10)
  a +0 robe
  a +0 dagger
(26, 32, D:10)
  a +0 chain mail
  a +0 dagger
(45, 8, D:10)
  a leather armour
(45, 9, D:10)
  a shortbow
(49, 24, D:10)
  a scimitar
(61, 7, D:10)
  a +0 war axe
  a +0 leather armour

Level 11 of the Dungeon
(0, 0, D:11)
  14 gold pieces
(5, 11, D:11)
  2 sling bullets
(6, 10, D:11)
  a sling bullet
(7, 9, D:11)
  a sling bullet
(9, 7, D:11)
  a sling bullet
(12, 34, D:11)
  2 potions of lignification
(17, 9, D:11)
  a +0 giant spiked club
(25, 24, D:11)
  a scroll of vulnerability
(26, 9, D:11)
  a scroll of amnesia
(29, 20, D:11)
  a hand axe
(37, 28, D:11)
  a chain mail

the Ecumenical Temple

Level 1 of the Lair of Beasts
(0, 0, Lair:1)
  a blowgun
(9, 14, Lair:1)
  a leather armour
(12, -29, Lair:1)
  a scroll of random uselessness
(41, -14, Lair:1)
  a scroll of random uselessness
(49, -2, Lair:1)
  a ring mail
(51, -20, Lair:1)
  a staff of poison

Level 2 of the Lair of Beasts
(0, 0, Lair:2)
  an arbalest
(11, 4, Lair:2)
  a +0 trident
(15, -4, Lair:2)
  a +0 trident
(28, 32, Lair:2)
  a scroll of random uselessness
(33, 17, Lair:2)
  a chain mail
(44, 6, Lair:2)
  18 gold pieces
(45, 6, Lair:2)
  a scroll of fog
(45, 23, Lair:2)
  a potion of degeneration
(46, 6, Lair:2)
  a scroll of fog
(47, -9, Lair:2)
  a pair of boots
(47, 6, Lair:2)
  19 gold pieces
(49, 17, Lair:2)
  a scimitar

Level 3 of the Lair of Beasts
(0, 0, Lair:3)
  a morningstar
(13, 40, Lair:3)
  a mace
(48, 24, Lair:3)
  a +0 chain mail
(51, 38, Lair:3)
  a scroll of random uselessness

Level 4 of the Lair of Beasts
(0, 0, Lair:4)
  a great sword
(13, 12, Lair:4)
  a +2 pair of gloves
(14, 12, Lair:4)
  a scroll of brand weapon
(16, 33, Lair:4)
  a +0 robe
  a +0 hand axe
  a +0 war axe
  a +0 robe
(17, 34, Lair:4)
  a +0 robe
(19, 36, Lair:4)
  a ring mail
(20, 21, Lair:4)
  a robe
(53, 58, Lair:4)
  a leather armour
(56, 51, Lair:4)
  a spear
(57, 54, Lair:4)
  a plate armour

Level 5 of the Lair of Beasts
(0, 0, Lair:5)
  a stone
(2, -24, Lair:5)
  16 tomahawks
  372 stones
  5 scrolls of teleportation
  a wand of random effects (29)
  a +3 dagger
(6, -24, Lair:5)
  a chain mail
(8, -25, Lair:5)
  a plate armour
(11, 2, Lair:5)
  a sling bullet
(12, 0, Lair:5)
  a stone
(12, 1, Lair:5)
  a stone
(13, -1, Lair:5)
  a rapier
(23, -24, Lair:5)
  a scroll of noise

a Gauntlet
(0, 0, Gauntlet)
  a ring of stealth
(1, 11, Gauntlet)
  a scroll of fog
(1, 12, Gauntlet)
  a ring of protection from magic
(2, 23, Gauntlet)
  a scroll of summoning
(3, 0, Gauntlet)
  a scroll of fog
(3, 22, Gauntlet)
  an onyx ring
(4, 0, Gauntlet)
  a scroll of identify
(10, 0, Gauntlet)
  a ring of protection from magic
(13, 0, Gauntlet)
  13 gold pieces
(13, 13, Gauntlet)
  a glowing shortbow
(16, 13, Gauntlet)
  a potion of cancellation
(18, 0, Gauntlet)
  a green potion

