Nuhidgh Liopp

Level 1 of the Dungeon
(0, 0, D:1)
  a whip
(4, -8, D:1)
  an orc skeleton
(9, -5, D:1)
  a +0 dagger
(16, 6, D:1)
  a whip
(32, -7, D:1)
  a +0 club
  a +0 club
(41, 14, D:1)
  a dagger
(43, 9, D:1)
  a +0 club
(44, 15, D:1)
  a +0 dagger
(53, -10, D:1)
  a +0 club

Level 2 of the Dungeon
(5, -18, D:2)
  a +0 club
(13, -31, D:2)
  2 stones
(18, -29, D:2)
  a stone
(22, -33, D:2)
  a stone
(28, -36, D:2)
  a +0 dagger
(33, -39, D:2)
  a stone
(34, -40, D:2)
  a stone
(42, -42, D:2)
  a stone
(44, -42, D:2)
  a stone
(45, -42, D:2)
  a stone
(45, -27, D:2)
  a +0 club
  a kobold corpse (skeletalised by now)
(46, -42, D:2)
  a stone
(47, -7, D:2)
  a scroll of identify
(48, 5, D:2)
  a +0 club
(49, -41, D:2)
  a +0 flail
  a +0 ring mail

