Onkishrio

Level 1 of the Dungeon
(0, 0, D:1)
  a +0 dagger
(6, -12, D:1)
  a +0 club
(9, 9, D:1)
  a +0 short sword
(11, 10, D:1)
  a +0 club
(17, 9, D:1)
  a dagger
(18, 2, D:1)
  a spear
(37, 15, D:1)
  a +0 club

Level 2 of the Dungeon
(0, 0, D:2)
  a +0 club
(1, 25, D:2)
  a +0 short sword
(3, 1, D:2)
  a mace
(9, 38, D:2)
  a +0 short sword
(14, 14, D:2)
  a +0 short sword
(19, 32, D:2)
  a club
(31, 7, D:2)
  a +0 dagger

Level 3 of the Dungeon
(0, 0, D:3)
  a +0 spear
(23, 1, D:3)
  a short sword
(26, -5, D:3)
  a +0 club
(27, -7, D:3)
  a +0 short sword
(31, 1, D:3)
  a dagger
(43, -25, D:3)
  a +0 short sword
(45, -19, D:3)
  a +0 robe
  a +0 dagger
(45, -18, D:3)
  a +0 leather armour
  a +0 mace
  an orc skeleton
(56, -7, D:3)
  a +0 dagger

Level 4 of the Dungeon
(0, 0, D:4)
  a rapier
(4, -8, D:4)
  a +0 leather armour
  a +0 club
(5, -7, D:4)
  a +0 leather armour
  an orc skeleton
(17, -12, D:4)
  a hound skeleton
(21, -8, D:4)
  a stone
(22, -8, D:4)
  a stone
(24, -7, D:4)
  a stone
(25, -11, D:4)
  a scroll labeled ILEAMMIL ASOE
(25, -6, D:4)
  a stone (still there?)
  14 gold pieces (still there?)

