Oroon

Level 1 of the Dungeon
(0, 0, D:1)
  a +0 dagger
(23, -10, D:1)
  a dagger
(34, -18, D:1)
  a robe
(54, -7, D:1)
  a mace
(59, -13, D:1)
  a +0 club

Level 2 of the Dungeon
(0, 0, D:2)
  a whip
(13, 8, D:2)
  a +0 short sword
(15, 10, D:2)
  a dagger
(25, 23, D:2)
  a spear
(29, 11, D:2)
  a ring mail
(29, 27, D:2)
  a leather armour
(41, 0, D:2)
  a mace
(42, 10, D:2)
  a leather armour
(45, 16, D:2)
  a club
(52, 26, D:2)
  a robe
(53, 16, D:2)
  a +0 robe

Level 3 of the Dungeon
(0, 0, D:3)
  a spear
(0, 10, D:3)
  a +0 short sword
(28, -15, D:3)
  a +0 robe
  a +0 dagger
(30, 10, D:3)
  a +0 flail
(31, -6, D:3)
  a +0 club
(39, 6, D:3)
  a +0 scale mail
(39, 9, D:3)
  a +0 leather armour
  a +0 short sword
(41, 7, D:3)
  a leather armour
(42, -3, D:3)
  a +0 club

Level 4 of the Dungeon
(11, -3, D:4)
  a +0 club
(12, -25, D:4)
  a +0 animal skin
(15, -6, D:4)
  a +0 leather armour
(15, -4, D:4)
  a leather armour
(18, 11, D:4)
  a +0 club
(21, 9, D:4)
  a +0 dagger
(21, 10, D:4)
  a +0 club
  a +0 animal skin
(22, -13, D:4)
  a +0 robe
(27, 2, D:4)
  a +0 club
(29, 2, D:4)
  a +0 leather armour
  (unseen)
(33, -23, D:4)
  a +0 club

Level 5 of the Dungeon
(0, 0, D:5)
  a potion of degeneration
(8, 27, D:5)
  a cursed +0 ring mail
  a +0 short sword
(10, 27, D:5)
  a +0 robe
  a +0 dagger
(12, 25, D:5)
  a +0 shortbow
(14, 25, D:5)
  a +0 leather armour
(20, 27, D:5)
  a +0 ring mail
  a +0 club
(21, 27, D:5)
  a +0 hand axe
  a +0 flail
(24, 27, D:5)
  a +0 leather armour
  a +0 flail
(25, 35, D:5)
  a short sword
(29, 15, D:5)
  a +0 giant club
(36, 17, D:5)
  a hunting sling
(37, 17, D:5)
  a falchion
(39, -16, D:5)
  a +0 giant club
(47, 27, D:5)
  a scroll of random uselessness
(61, 31, D:5)
  a +0 chain mail
  a +1 helmet
  a -3 short sword

Level 6 of the Dungeon
(0, 0, D:6)
  a +0 club
  a +0 ring mail
(3, -17, D:6)
  a great mace
(9, 6, D:6)
  a +0 short sword
(14, 3, D:6)
  a dagger
(30, 20, D:6)
  a +0 giant club
(33, -14, D:6)
  a leather armour
(41, -14, D:6)
  a +0 whip
(44, 2, D:6)
  a +0 robe
  a +0 dagger
(44, 5, D:6)
  a +0 trident
(44, 6, D:6)
  a +0 dagger

Level 7 of the Dungeon
(0, 0, D:7)
  a scroll of random uselessness
  a +0 shortbow
(5, -18, D:7)
  a +0 short sword
(6, -18, D:7)
  a short sword
(9, -18, D:7)
  a +0 leather armour
  a +0 mace
(15, -38, D:7)
  a dagger
(18, -17, D:7)
  a cursed +0 club
  a cursed +0 leather armour
(18, -16, D:7)
  a +0 leather armour
(19, -17, D:7)
  a +0 flail
  a +0 chain mail
  a cursed -1 war axe
(20, -17, D:7)
  a +0 flail
  a +0 ring mail
(20, -16, D:7)
  a +0 leather armour
  a +0 quarterstaff
(21, -15, D:7)
  a +0 leather armour
(24, -5, D:7)
  a +0 shortbow
(32, 5, D:7)
  a +0 scale mail
  a +0 short sword

Level 8 of the Dungeon
(0, 0, D:8)
  a trident
(7, 14, D:8)
  a dagger
(41, -40, D:8)
  a scale mail
(43, -8, D:8)
  a +0 robe
  a +0 dagger
(53, -12, D:8)
  a +0 flail
(53, 19, D:8)
  a +0 animal skin
  (unseen)
(54, 20, D:8)
  a +0 trident
  a +0 morningstar
(60, -8, D:8)
  a hunting sling

Level 9 of the Dungeon
(0, 0, D:9)
  a +0 spear
(1, -36, D:9)
  a +0 plate armour
  a +0 hand axe
(1, 3, D:9)
  a +0 halberd
(2, 1, D:9)
  a +0 leather armour
  a +0 club
(2, 3, D:9)
  a +0 spear
(6, 4, D:9)
  a +0 leather armour
  a +0 club
(10, 1, D:9)
  a +0 quick blade of flaming
  a +3 scimitar of flaming
  a +0 scimitar of draining
  a +1 hand axe of flaming
  a +0 dagger of draining
  a +0 dagger
  a +0 broad axe of venom
(13, -4, D:9)
  a +0 halberd
(15, -11, D:9)
  a cursed -2 shortbow
  a +0 robe
  a +0 giant club
(22, -17, D:9)
  a +0 giant club
  a +0 giant spiked club
(25, -11, D:9)
  a +0 robe
  a +0 dagger
(28, -34, D:9)
  a dagger
(30, -17, D:9)
  a flail

Level 10 of the Dungeon
[Shop] Giceugh's Distillery
  a potion of heal wounds (65 gold)
  a potion of curing (39 gold)
  a potion of agility (52 gold)
  a potion of heal wounds (65 gold)
  a potion of flight (39 gold)
  a potion of curing (39 gold)
(0, 0, D:10)
  a quarterstaff
(1, -37, D:10)
  a war axe
(1, 5, D:10)
  a +0 giant club
(2, -1, D:10)
  a chain mail
(4, -19, D:10)
  a +0 giant club
(11, -2, D:10)
  a whip
(25, -21, D:10)
  a flail
(37, -39, D:10)
  3 large rocks
(38, -23, D:10)
  a helmet
(39, -39, D:10)
  a +0 robe
  a +0 dagger
(39, -11, D:10)
  a +0 giant club
(39, -10, D:10)
  a +4 broad axe of draining
(43, -1, D:10)
  a +0 shortbow
(47, -9, D:10)
  a +0 dagger
  a +0 shortbow

Level 11 of the Dungeon
(0, 0, D:11)
  a club
(9, -28, D:11)
  a leather armour
(15, -10, D:11)
  a long sword
(17, -31, D:11)
  a dagger
(21, -14, D:11)
  a large rock
(31, -30, D:11)
  a large rock
(32, -31, D:11)
  a book of Necromancy
(33, 5, D:11)
  a quarterstaff
(52, -28, D:11)
  a robe
(52, -20, D:11)
  a +0 giant club
  a +0 giant club

Level 12 of the Dungeon
(0, 0, D:12)
  a +0 robe
  a +0 dagger
(5, -1, D:12)
  a club
(9, 1, D:12)
  a hunting sling
(18, -45, D:12)
  a chain mail
(19, -14, D:12)
  a +0 trident
(21, -14, D:12)
  a glaive
(44, -27, D:12)
  a rapier
(46, -5, D:12)
  a +0 falchion
(46, -4, D:12)
  a +0 giant club
  a +0 giant club
(46, -3, D:12)
  a +0 spear
(46, -2, D:12)
  a +0 flail
(47, -4, D:12)
  a +0 scale mail
  a +2 spear of venom
(47, -2, D:12)
  a +0 whip
(48, -4, D:12)
  a +0 morningstar
(49, -6, D:12)
  a ring mail
(52, -23, D:12)
  an uncursed ring of attention

Level 13 of the Dungeon
(0, 0, D:13)
  a scroll of random uselessness
(10, -9, D:13)
  a leather armour
(24, 9, D:13)
  a robe
  a dagger
(24, 11, D:13)
  a +0 scale mail
  a +0 club
(28, -33, D:13)
  a +0 hand axe
(28, -31, D:13)
  a +0 dagger
(30, -36, D:13)
  a +0 scale mail
  a +0 mace of draining
  a +0 falchion
(30, -34, D:13)
  a +0 ring mail
  a +0 club
(31, -36, D:13)
  a +0 leather armour
  a +0 war axe
(32, -40, D:13)
  a +0 giant spiked club
  a +0 dire flail
(36, 4, D:13)
  a +0 cloak
(37, -14, D:13)
  a ring mail
(37, 4, D:13)
  a trident
(38, 4, D:13)
  a lajatang
(46, -21, D:13)
  a +0 robe
  a +0 dagger
(53, -34, D:13)
  a chain mail

Level 14 of the Dungeon
(0, 0, D:14)
  a cursed -1 giant club
  a +0 giant club
(1, 1, D:14)
  a +0 dire flail
  a +0 giant spiked club
(2, -1, D:14)
  a +0 troll leather armour
(2, 0, D:14)
  a +0 giant club
  a +0 giant club
  a +0 giant club
  a +0 giant club
(2, 1, D:14)
  a +0 giant club
(4, 12, D:14)
  a +0 hand axe of chopping
(5, 12, D:14)
  a +0 leather armour
  a +0 robe
  a +0 hand axe
(6, 13, D:14)
  a +0 leather armour
  a +0 hand axe
(10, -4, D:14)
  a +0 scale mail
  a +0 scale mail
  a +0 morningstar
  a +0 giant club
  a cursed -3 giant club
  a +0 chain mail
  a +0 long sword
(10, 1, D:14)
  a +0 troll leather armour
(11, -3, D:14)
  a +0 plate armour
  a +0 giant club
  a +0 dire flail
  a robe
(11, 0, D:14)
  4 large rocks
(12, -8, D:14)
  a scale mail
(12, -4, D:14)
  a cursed +0 scale mail
  a +0 long sword
  a +0 plate armour
  a +0 great sword
  a +0 giant club
(12, -3, D:14)
  a +0 ring mail
  a +0 flail
(12, 1, D:14)
  a +0 giant club
  a +0 giant club
(13, -3, D:14)
  a +0 plate armour
  a +0 broad axe
  a +0 ring mail
  a +0 morningstar
(14, -3, D:14)
  a +0 plate armour
  a +0 glaive
  a +0 giant spiked club
(14, 2, D:14)
  a -3 dire flail
(15, 6, D:14)
  a +4 ring mail of cold resistance
  a +0 cloak of cold resistance
  a +1 helmet
  +0 ice dragon scales
  a +2 chain mail of poison resistance
  a +2 leather armour of positive energy
  a +3 ring mail of magic resistance
  a +0 troll leather armour
  the +5 scale mail of Negation {rElec Slay+2}
    It affects your accuracy and damage with ranged weapons and melee attacks
    (+2).
    It insulates you from electricity.
  a +0 large shield
  a +2 plate armour of fire resistance
  a +2 buckler of fire resistance
  a +2 shield
  the +1 leather armour of Boredom {rF+ rC- rN++ rCorr}
    It protects you from fire.
    It makes you vulnerable to cold.
    It greatly protects you from negative energy.
    It provides partial protection from all sources of acid and corrosion.
  a +2 scale mail of magic resistance
  a +4 plate armour of poison resistance
  +0 storm dragon scales
  +0 fire dragon scales
  a +0 large shield
  a +0 shield
(15, 20, D:14)
  a dagger
(16, 6, D:14)
  a +3 broad axe of chopping
  a +0 broad axe of draining
  a +1 hand axe of freezing
  a +4 hand axe
  a +1 hand axe of electrocution
  a +0 fustibalus
  a +2 flail of protection
  a +4 short sword of protection
  a +0 demon whip of electrocution
  the +6 rapier of Arrival {flame, *Corrode rC+ Str+4 Int+4}
    It has been specially enchanted to burn those struck by it, causing extra
    injury to most foes and up to half again as much damage against particularly
    susceptible opponents.
    
    It affects your strength (+4).
    It affects your intelligence (+4).
    It protects you from cold.
    It may corrode you when you take damage.
  a +0 hand axe of venom
  a +4 war axe of flaming
  a +1 trident of venom
  a +1 hand axe of venom
  a +1 demon blade of freezing
  a +3 spear of venom
  a +3 spear
  a +4 demon trident
  the +5 war axe of Ehotut {drain, Fragile rN+ Dex+6}
    A truly terrible weapon, it drains the life of those it strikes.
    
    It affects your dexterity (+6).
    It protects you from negative energy.
    It will be destroyed if unequipped.
    
    The Shining One disapproves of the use of such an item.
  a +4 war axe of draining
  a +4 vampiric war axe
  a +2 hunting sling of velocity
  a +6 flail of protection
  a +0 war axe
  a +2 hand axe of pain
  a +0 morningstar of protection
(17, 6, D:14)
  a +4 great sword of holy wrath
  a +2 vampiric battleaxe
  a +2 lajatang of speed
  a +4 shortbow of flaming
  a +3 quarterstaff of chaos
  a +1 triple sword of draining
  a glowing quarterstaff
  a +0 arbalest
  a +2 dire flail
(18, -12, D:14)
  a +0 hand axe
(18, 1, D:14)
  a ring mail
(18, 6, D:14)
  an uncursed staff of death
  a +3 ring of evasion
  an uncursed ring of magical power
  2 scrolls of torment
  a wand of random effects (89)
  a wand of clouds (4)
  an uncursed ring of teleportation
  an uncursed ring of see invisible
  an uncursed ring of poison resistance
(19, -11, D:14)
  a +0 giant spiked club
  a cursed +0 giant club
  a cursed ring of attention
  a +0 ring mail
  a +0 battleaxe
  a +0 robe
  a +0 club
(20, -13, D:14)
  a +0 rapier
(21, -11, D:14)
  a +0 giant club
  a +0 giant spiked club
(32, -8, D:14)
  a +0 giant club
  a +0 giant club

Level 15 of the Dungeon
(0, 0, D:15)
  a +0 morningstar
  a +0 robe
  a cursed +0 leather armour
  a +0 leather armour
  a +0 war axe
(0, 19, D:15)
  a +0 rapier
(1, 16, D:15)
  a +0 ring mail
  a +0 long sword
(6, -7, D:15)
  a +0 hand axe
(12, 9, D:15)
  a +0 robe
(29, -1, D:15)
  a club
(32, -4, D:15)
  a +0 shortbow
(37, 8, D:15)
  a dagger
(38, 6, D:15)
  4 large rocks
(51, 26, D:15)
  a dagger

the Ecumenical Temple
(3, -5, Temple)
  a +0 robe
  a +0 dagger
(3, -4, Temple)
  a +0 short sword
  a +0 mace

Level 1 of the Orcish Mines
(0, 0, Orc:1)
  a +0 robe
  a +0 dagger
  a +0 plate armour
  a +0 flail
(0, 14, Orc:1)
  a +0 chain mail
  a +0 dire flail
(0, 15, Orc:1)
  a +0 flail
(0, 16, Orc:1)
  a +0 ring mail
  a +0 chain mail
  a +0 short sword
(1, 14, Orc:1)
  a +0 plate armour
  a +0 long sword
(1, 16, Orc:1)
  a +0 chain mail
  a +0 glaive
  a +0 plate armour
  a +0 halberd
  a +0 plate armour
  a +0 long sword
  a cursed +0 chain mail
  a +0 mace
(2, 14, Orc:1)
  a +0 flail
  a +0 chain mail
(2, 15, Orc:1)
  a +0 plate armour
(2, 16, Orc:1)
  a +0 flail
(3, 8, Orc:1)
  a +0 robe
(6, 11, Orc:1)
  a +0 chain mail
  a +0 trident
(18, 19, Orc:1)
  a +0 leather armour
(18, 23, Orc:1)
  a +0 whip
(19, 20, Orc:1)
  a +0 ring mail
  a +0 hand axe
(19, 21, Orc:1)
  a +0 scale mail
  a cursed +0 club
(21, 28, Orc:1)
  a +0 whip
(24, 36, Orc:1)
  a +0 chain mail
  a +0 falchion
(28, 35, Orc:1)
  a +0 club
(29, 52, Orc:1)
  a +0 giant club
(31, -3, Orc:1)
  a +0 giant spiked club
(32, -3, Orc:1)
  a +0 club
(33, -2, Orc:1)
  a +0 plate armour
  a +0 flail
(35, 39, Orc:1)
  a +0 hand axe
(38, 11, Orc:1)
  a cursed -1 club
(38, 12, Orc:1)
  a +0 leather armour
(38, 39, Orc:1)
  a +0 robe
  a +0 dagger
(39, 12, Orc:1)
  a flail
(40, 13, Orc:1)
  a +0 hand axe
(40, 44, Orc:1)
  a cursed +0 flail

Level 2 of the Orcish Mines
[Shop] Hyif Ebbofud's Food Emporium
  a ration (60 gold)
  a ration (60 gold)
  a ration (60 gold)
  a ration (60 gold)
  a ration (60 gold)
  a ration (60 gold)
  a ration (60 gold)
  a ration (60 gold)
  a ration (60 gold)
  a ration (60 gold)
  a ration (60 gold)
  a ration (60 gold)
[Shop] Astey's Distillery
  a potion of invisibility (120 gold)
  a potion of degeneration (15 gold)
  a potion of berserk rage (75 gold)
  a potion of heal wounds (75 gold)
  a potion of agility (60 gold)
  2 potions of degeneration (30 gold)
  a potion of agility (60 gold)
  a potion of magic (120 gold)
[Shop] Fuerin's Antique Armour Boutique
  a plate armour (713 gold)
  pearl dragon scales (3100 gold)
  a scale mail (124 gold)
  a robe (21 gold)
  a ring mail (124 gold)
  a ring mail (124 gold)
  a chain mail (139 gold)
[Shop] Usmeh's Gadget Shop
  a wand of random effects (12) (105 gold)
  a phantom mirror (450 gold)
  a lamp of fire (600 gold)
  a wand of acid (9) (390 gold)
  a phantom mirror (450 gold)
  a wand of iceblast (11) (225 gold)
  a wand of acid (10) (420 gold)
  a wand of enslavement (9) (165 gold)
  a wand of random effects (14) (120 gold)
(0, 0, Orc:2)
  a +0 shortbow
  a +0 leather armour
  a +0 short sword
(0, 1, Orc:2)
  a +0 long sword
(0, 5, Orc:2)
  a +0 large shield
  a +0 troll leather armour
  a +3 plate armour of fire resistance
  a +1 ring mail of poison resistance
  a +1 plate armour of fire resistance
  a +2 chain mail of cold resistance
(0, 6, Orc:2)
  a +0 arbalest
(1, -1, Orc:2)
  a +0 leather armour
  a +0 rapier
  a +0 ring mail
  a +0 long sword
(1, 5, Orc:2)
  a +2 short sword of draining
  a +1 war axe of electrocution
  a +0 trident of flaming
  a +0 demon blade of draining
  a +4 mace of pain
  a +1 trident of piercing
  a +1 scimitar of electrocution
  a +4 scimitar of holy wrath
  a +3 rapier
  a +2 long sword of protection
  a +2 mace of draining
  a +4 long sword of holy wrath
  a +3 long sword of slicing
  a +2 long sword of holy wrath
  a +1 hand axe of freezing
  a +5 flail of protection
  a +4 dagger
(2, 0, Orc:2)
  a +0 chain mail
  a +0 short sword
  a +0 ring mail
  a +0 dagger
(2, 5, Orc:2)
  a +3 triple sword of pain
  a +2 vampiric glaive
  a +0 battleaxe of distortion
  a +3 shortbow
  a +1 lajatang of holy wrath
  a +6 quarterstaff
  a +3 glaive of protection
  a +5 dire flail of venom
  a +4 quarterstaff of speed
  a +2 shortbow of flaming
  a +2 battleaxe of chopping
(3, 5, Orc:2)
  an uncursed ring of protection from cold
  an uncursed ring of wizardry
(7, 19, Orc:2)
  a +0 dagger
  a +0 robe
(10, -5, Orc:2)
  a +0 whip
(10, 19, Orc:2)
  a +0 robe
(11, 19, Orc:2)
  a +0 robe
  a +0 dagger
(14, 20, Orc:2)
  a +0 chain mail
  a +0 glaive
(15, 28, Orc:2)
  a mace
(16, 12, Orc:2)
  a +0 leather armour
  a +0 club
  a +0 plate armour
  a +0 long sword
(16, 28, Orc:2)
  a +0 chain mail
  a +0 halberd
(16, 29, Orc:2)
  a +0 leather armour
  a +0 falchion
(17, 27, Orc:2)
  a +0 plate armour
(17, 30, Orc:2)
  a +0 morningstar
(17, 31, Orc:2)
  a +0 flail
  a cursed +0 plate armour
  a +0 scimitar
(19, 28, Orc:2)
  a +0 morningstar
(19, 29, Orc:2)
  a +0 club
(20, 15, Orc:2)
  a +0 short sword
(20, 16, Orc:2)
  a +0 chain mail
(20, 28, Orc:2)
  a +0 chain mail
  a +0 great sword
  a +0 morningstar
(21, 16, Orc:2)
  a +0 dagger
(22, 20, Orc:2)
  a +0 plate armour
  a +0 war axe
(22, 22, Orc:2)
  a +0 chain mail
  a +0 battleaxe
(22, 26, Orc:2)
  a +0 chain mail
(22, 27, Orc:2)
  a +0 chain mail
  a +0 halberd
(23, 19, Orc:2)
  a +0 dagger
  a cursed -1 glaive
  a +0 robe
  a +0 mace
  a +0 chain mail
  a +0 battleaxe
  a +0 leather armour
  a +0 short sword
(25, 24, Orc:2)
  a +0 chain mail
  a +0 war axe
(29, 20, Orc:2)
  a +0 dagger
(33, 16, Orc:2)
  a +0 plate armour
(35, 14, Orc:2)
  a +0 whip
(36, 4, Orc:2)
  a cursed -1 mace
(38, 5, Orc:2)
  a +0 trident
(38, 7, Orc:2)
  a +0 chain mail
  a scroll of noise
(38, 14, Orc:2)
  a +0 hand axe
(43, -1, Orc:2)
  a +0 flail
(44, -2, Orc:2)
  a +0 mace

Level 1 of the Elven Halls
(0, 0, Elf:1)
  a +0 chain mail
  a +0 long sword
  a +0 scale mail
  a +0 dagger
  a +0 long sword
(0, 2, Elf:1)
  a +0 buckler
  a +0 short sword
  a +0 rapier
  a +0 buckler
  a +0 leather armour
  a +0 long sword
(3, 9, Elf:1)
  a scale mail
(8, -37, Elf:1)
  a rapier
(11, -14, Elf:1)
  a +0 leather armour
  a +0 rapier
  a +0 leather armour
  a +0 dagger
(12, 2, Elf:1)
  a +0 leather armour
  a +0 dagger
(13, 4, Elf:1)
  a trident
(16, -21, Elf:1)
  a +0 long sword
(17, -13, Elf:1)
  a +0 ring mail
  a +0 dagger
(22, -24, Elf:1)
  a +0 club
(29, -37, Elf:1)
  a +0 long sword
(31, -3, Elf:1)
  a +0 leather armour
  a +0 short sword
(32, -3, Elf:1)
  a +0 chain mail
  a +0 short sword
(34, -45, Elf:1)
  a ring mail
(36, -4, Elf:1)
  a +0 longbow
(36, -3, Elf:1)
  a +0 shortbow
(42, 10, Elf:1)
  a +0 leather armour
  a +0 long sword
(44, -6, Elf:1)
  a +0 leather armour
  a +0 long sword
(47, 9, Elf:1)
  a +0 long sword
(48, -40, Elf:1)
  a +0 ring mail
  a +0 long sword
(50, -4, Elf:1)
  a +0 longbow
(51, 3, Elf:1)
  a centaur barding
(52, -48, Elf:1)
  a +0 dagger
  a +0 ring mail
(56, -2, Elf:1)
  a +4 scimitar of slicing
(57, -12, Elf:1)
  a +0 rapier
(57, -11, Elf:1)
  a +0 short sword
(58, 3, Elf:1)
  a quarterstaff
(61, -11, Elf:1)
  a +0 rapier
  a +0 ring mail
  a +0 dagger
  a +1 dagger of freezing
(61, -8, Elf:1)
  a cursed +0 chain mail
  a +0 dagger
(61, -7, Elf:1)
  a cursed +0 leather armour
  a +0 short sword

Level 2 of the Elven Halls
[Shop] Jeoteved's Jewellery Boutique
  a +2 ring of strength (142 gold)
  the ring "Cautakit" {rCorr -Tele Str+6 Dex+4} (805 gold)
    [ring of resist corrosion]
    
    It affects your strength (+6).
    It affects your dexterity (+4).
    It prevents most forms of teleportation.
  a +2 ring of intelligence (unknown) (142 gold)
  an uncursed ring of poison resistance (380 gold)
  an uncursed ring of see invisible (285 gold)
  a cursed ring of attention (85 gold)
  a +2 amulet of reflection (142 gold)
  a cursed +2 ring of intelligence (unknown) (85 gold)
  an uncursed amulet of the acrobat (570 gold)
  the ring "Hoippigh" {rF- AC+1 Str+3 Stlth+} (229 gold)
    [ring of protection]
    
    It affects your AC (+1).
    It affects your strength (+3).
    It makes you vulnerable to fire.
    It makes you more stealthy.
  an uncursed ring of stealth (332 gold)
  the ring "Ruam" {+Fly rElec Int+4} (758 gold)
    [ring of flight]
    
    It affects your intelligence (+4).
    It insulates you from electricity.
    It lets you fly.
[Shop] Wokkaykeu's Assorted Antiques
  a hand axe (87 gold)
  a helmet (130 gold)
  a scroll of blinking (217 gold)
  a shortbow (87 gold)
  a scroll of random uselessness (29 gold)
  a runed ring mail (203 gold)
[Shop] Kiuph's Book Boutique
  Sif Muna's Reference Book on Glacial Transmigration (838 gold)
    Spells                           Type                      Level
     a - Ignite Poison                Fire/Transmutation/Poison     3
     b - Yara's Violent Unravelling   Hexes/Transmutation           5
     c - Bolt of Cold                 Conjuration/Ice               6
     d - Statue Form                  Transmutation/Earth           6
  a book of Necromancy (330 gold)
  a book of Misfortune (unknown) (220 gold)
  the Catalogue of Circular Logic (990 gold)
    Spells                           Type                      Level
     a - Shroud of Golubria           Charms/Translocation          2
     b - Vampiric Draining            Necromancy                    3
     c - Lesser Beckoning             Translocation                 3
     d - Disjunction                  Translocation                 8
  a book of the Warp (990 gold)
  a book of Battle (440 gold)
  a book of Power (495 gold)
  the Papyrus of Lightness and Conjuration (669 gold)
    Spells                           Type                      Level
     a - Shock                        Conjuration/Air               1
     b - Conjure Flame                Conjuration/Fire              3
     c - Airstrike                    Air                           4
     d - Silence                      Hexes/Air                     5
     e - Bolt of Fire                 Conjuration/Fire              6
[Shop] Nen Jem's General Store
  21 sling bullets (168 gold)
  18 stones (28 gold)
  a scroll of magic mapping (56 gold)
  a scroll of identify (32 gold)
  a +2 helmet of intelligence (344 gold)
[Shop] Misk's Gadget Emporium
  a wand of polymorph (6) (88 gold)
  a crystal ball of energy (220 gold)
  a phial of floods (440 gold)
  a crystal ball of energy (220 gold)
  a wand of flame (29) (170 gold)
  a fan of gales (440 gold)
  a wand of polymorph (9) (121 gold)
  a phantom mirror (330 gold)
[Shop] Wiokaiqa's Gadget Emporium
  a wand of digging (6) (360 gold)
  a phial of floods (720 gold)
  a crystal ball of energy (360 gold)
  a wand of flame (12) (126 gold)
  a sack of spiders (360 gold)
  a lightning rod (4/4) (720 gold)
  a crystal ball of energy (360 gold)
  a wand of polymorph (9) (198 gold)
  a box of beasts (360 gold)
  a wand of flame (17) (171 gold)
  a lightning rod (4/4) (720 gold)
  a wand of flame (16) (162 gold)
  a lightning rod (4/4) (720 gold)
  a wand of polymorph (10) (216 gold)
  a wand of iceblast (7) (198 gold)
(0, 0, Elf:2)
  a +0 ring mail
  a +0 short sword
(6, -37, Elf:2)
  a +0 rapier
  a +2 short sword of venom
(9, -39, Elf:2)
  a +0 leather armour
  a +0 short sword
(10, -29, Elf:2)
  a leather armour
(11, -42, Elf:2)
  a pair of gloves
(11, -35, Elf:2)
  a +0 short sword
(12, -38, Elf:2)
  a +0 rapier
(15, -33, Elf:2)
  a +0 leather armour
  a +0 dagger
  a +0 longbow
(17, -41, Elf:2)
  an eveningstar
(17, -35, Elf:2)
  a +0 leather armour
  a +0 dagger
  a +0 shortbow
(21, -39, Elf:2)
  a +0 scale mail
  a +0 long sword
(22, -39, Elf:2)
  a +0 buckler
  a +0 short sword
(22, -34, Elf:2)
  a +0 short sword
(22, -33, Elf:2)
  a +0 short sword
(23, -48, Elf:2)
  a +0 long sword
(24, -41, Elf:2)
  a +0 leather armour
  a +0 rapier
  a +0 ring mail
  a +0 dagger
(26, 3, Elf:2)
  a +0 short sword
  a +0 leather armour
  a +0 short sword
(27, -45, Elf:2)
  a +0 ring mail
  a +0 dagger
  a -1 shortbow
(27, 2, Elf:2)
  a +0 long sword
(28, -46, Elf:2)
  a +0 leather armour
  a +0 rapier
(28, -23, Elf:2)
  a +0 rapier
  a +0 rapier
(28, -22, Elf:2)
  a +0 leather armour
  a +0 long sword
  a +0 short sword
(28, -16, Elf:2)
  a +3 dagger
(28, -14, Elf:2)
  a +0 ring mail
  a +0 long sword
(28, 1, Elf:2)
  a +0 buckler
  a +0 scimitar
(28, 2, Elf:2)
  a +0 long sword
(29, -47, Elf:2)
  a +0 long sword
(29, -46, Elf:2)
  a +0 shortbow
(29, -24, Elf:2)
  a +0 leather armour
  a +0 short sword
(29, -22, Elf:2)
  a +0 long sword
  a +0 ring mail
  an uncursed amulet of the gourmand
  a cursed -3 shortbow
  a +0 long sword
(29, -8, Elf:2)
  a +0 war axe
(29, -3, Elf:2)
  a +0 short sword of speed
(29, -2, Elf:2)
  a +0 short sword
(29, -1, Elf:2)
  a +1 battleaxe of flaming
  a +2 mace of holy wrath
  a +1 long sword of holy wrath
  a +1 shortbow of freezing
(30, -42, Elf:2)
  a +0 long sword
(30, -24, Elf:2)
  a +0 leather armour
  a cursed -2 dagger
(30, -23, Elf:2)
  a +0 ring mail
  a +0 leather armour
  a +0 long sword
  a cursed -2 long sword
  a +0 rapier
  a +0 rapier
  a +0 longbow
(31, -47, Elf:2)
  a +0 leather armour
  a +0 short sword
(31, 1, Elf:2)
  a cursed -1 dagger
(32, -24, Elf:2)
  a +0 leather armour
  a +0 long sword
  a +0 scale mail
  a +0 rapier
(32, -21, Elf:2)
  a +0 leather armour
  a +0 short sword
(33, -46, Elf:2)
  a cursed -1 long sword
(34, 4, Elf:2)
  a +0 long sword
(36, -27, Elf:2)
  a +0 short sword
(39, -31, Elf:2)
  a +0 longbow
  a +0 leather armour
  a +0 short sword
(44, -47, Elf:2)
  a +0 leather armour
  a +0 short sword
(46, -41, Elf:2)
  a +0 leather armour
  a +0 short sword
(51, -40, Elf:2)
  a +0 long sword
(52, -38, Elf:2)
  a cursed +0 leather armour
  a +0 rapier
(54, -39, Elf:2)
  a chain mail
(54, 7, Elf:2)
  a +0 ring mail
  a +0 short sword
(55, -4, Elf:2)
  a +0 rapier
(57, -34, Elf:2)
  a +0 rapier
(58, -35, Elf:2)
  a +0 dagger
(58, -30, Elf:2)
  a +0 leather armour
  a +0 dagger
(58, -26, Elf:2)
  a +0 leather armour
  a +0 dagger

Level 3 of the Elven Halls
(0, 0, Elf:3)
  a staff of summoning
(3, -50, Elf:3)
  a morningstar
(4, -45, Elf:3)
  a +0 scimitar
(8, -54, Elf:3)
  a cursed +0 long sword
  a +0 longbow
(13, -58, Elf:3)
  a +0 plate armour
(13, -56, Elf:3)
  a +0 leather armour
  a +0 dagger
  a +0 shortbow of flaming
(17, -57, Elf:3)
  a +0 scale mail
  a +0 short sword
(21, -5, Elf:3)
  a +0 dagger
(22, -59, Elf:3)
  a +0 long sword
(22, -5, Elf:3)
  a +0 rapier
(22, -2, Elf:3)
  a +1 long sword of venom
(24, -30, Elf:3)
  a long sword
(24, -5, Elf:3)
  a +0 leather armour
  a +0 long sword
(25, -6, Elf:3)
  a +0 scale mail
  a +0 rapier
(26, -29, Elf:3)
  a short sword
(26, -6, Elf:3)
  a cursed -3 dagger
(27, -59, Elf:3)
  a +0 leather armour
(27, -8, Elf:3)
  a +0 rapier
(28, -32, Elf:3)
  a lamp of fire
(28, -9, Elf:3)
  a +0 long sword
  a +0 leather armour
(29, -59, Elf:3)
  a +0 dagger
  a +0 longbow
(29, -32, Elf:3)
  a falchion
(29, -28, Elf:3)
  an uncursed dagger
(29, -11, Elf:3)
  a +0 leather armour
  a cursed +0 leather armour
  a +0 dagger
(29, -10, Elf:3)
  a +0 leather armour
  a +0 short sword
  a +0 rapier
  a +0 leather armour
  a +0 longbow
(30, -33, Elf:3)
  a rapier
(30, -14, Elf:3)
  a +0 chain mail
(30, -13, Elf:3)
  an uncursed ring of protection from magic
(31, -30, Elf:3)
  a rapier
(31, -16, Elf:3)
  a +0 rapier
  a +0 leather armour
(32, -32, Elf:3)
  a scale mail
(32, -31, Elf:3)
  a longbow
(33, -54, Elf:3)
  a +0 leather armour
(33, -34, Elf:3)
  a long sword
(33, -28, Elf:3)
  a lightning rod (4/4)
(34, -28, Elf:3)
  a dagger
(35, -32, Elf:3)
  a rapier
(37, -36, Elf:3)
  a leather armour
(37, -35, Elf:3)
  an uncursed shortbow
(39, -60, Elf:3)
  a +0 short sword
(39, -59, Elf:3)
  a +0 leather armour
(39, -58, Elf:3)
  a +0 long sword
(39, -28, Elf:3)
  a +0 short sword of speed
(40, -25, Elf:3)
  a dagger
(41, -61, Elf:3)
  a +0 ring mail
  an uncursed amulet of rage
(43, -7, Elf:3)
  a +0 leather armour
  a +0 long sword
(45, -5, Elf:3)
  a +0 dagger
(57, -22, Elf:3)
  a +0 scale mail
  (unseen)
(59, -53, Elf:3)
  a +0 longbow
(59, -47, Elf:3)
  a cursed -1 dagger
  a +0 short sword
  a +0 shortbow
(59, -45, Elf:3)
  a +0 short sword

Level 1 of the Lair of Beasts
(0, 0, Lair:1)
  a hand axe

Level 2 of the Lair of Beasts
(0, 0, Lair:2)
  a spear
(1, 5, Lair:2)
  a leather armour
(24, -6, Lair:2)
  a quarterstaff
(52, -46, Lair:2)
  a leather armour
(52, -5, Lair:2)
  a short sword

Level 3 of the Lair of Beasts
(0, 0, Lair:3)
  a club
(6, 7, Lair:3)
  a hand axe
(9, -26, Lair:3)
  +0 acid dragon scales
(12, -6, Lair:3)
  a +0 spear
(17, -35, Lair:3)
  a hand crossbow
(19, -32, Lair:3)
  a ring of attention
(20, -33, Lair:3)
  a whip
(33, -9, Lair:3)
  a hand axe

Level 4 of the Lair of Beasts
(0, 0, Lair:4)
  a whip
(2, -18, Lair:4)
  a +0 robe
  a +0 dagger
(3, -16, Lair:4)
  a +0 robe
  a +0 dagger
(8, -24, Lair:4)
  a -1 arbalest
(10, -26, Lair:4)
  a +0 robe
  a +0 spear
(11, -24, Lair:4)
  a +0 robe
  a +0 trident
(12, -26, Lair:4)
  a +0 short sword
  a +0 short sword
  a +0 robe
  a +0 flail
(12, -25, Lair:4)
  a +0 dire flail
(12, -24, Lair:4)
  a +0 shield
  a +0 mace
  a +0 battleaxe
(17, -17, Lair:4)
  a ring mail
(19, -7, Lair:4)
  a robe

Level 5 of the Lair of Beasts
(13, 25, Lair:5)
  a robe
(28, 14, Lair:5)
  a short sword
(44, 32, Lair:5)
  a mace

Level 6 of the Lair of Beasts
(0, 0, Lair:6)
  an uncursed staff of earth
  a +0 hunting sling
(1, 1, Lair:6)
  a robe
(8, -21, Lair:6)
  4 large rocks
(17, -13, Lair:6)
  a rapier

Level 1 of the Swamp
(0, 0, Swamp:1)
  a ring mail
(0, 23, Swamp:1)
  a hunting sling
(9, -15, Swamp:1)
  a falchion
(12, -17, Swamp:1)
  a robe
(12, -16, Swamp:1)
  a scale mail
(19, -8, Swamp:1)
  a +0 buckler
  a cursed +0 buckler
  a +0 spear
(20, -8, Swamp:1)
  a +0 spear
(20, 13, Swamp:1)
  a shortbow
(24, -13, Swamp:1)
  a +0 spear
(54, 4, Swamp:1)
  a scale mail
(55, 0, Swamp:1)
  a pair of boots
(57, -20, Swamp:1)
  a plate armour
(58, -15, Swamp:1)
  a pair of boots

Level 2 of the Swamp
(0, 0, Swamp:2)
  a chain mail
(3, -38, Swamp:2)
  a leather armour
(4, -5, Swamp:2)
  a +1 ring mail of cold resistance
  +0 swamp dragon scales
  +0 swamp dragon scales
  a +2 scale mail of fire resistance
  a +1 robe of magic resistance
  a +1 robe of magic resistance
  a +2 helmet
  a +1 chain mail of fire resistance
  a +0 buckler
  a +0 buckler
(5, -5, Swamp:2)
  a +0 dagger of draining
  a +1 dagger of venom
  a +1 spear of venom
  a +0 blowgun
  a +3 scimitar of flaming
(6, -5, Swamp:2)
  a +1 great sword of flaming
(7, -5, Swamp:2)
  a ring of stealth
  a +2 ring of protection
(15, -3, Swamp:2)
  a +0 spear

Level 3 of the Swamp
(0, 0, Swamp:3)
  an arbalest
(1, -29, Swamp:3)
  a bolt
(11, 10, Swamp:3)
  a +0 robe
  a +0 quarterstaff
(20, -3, Swamp:3)
  a club
(22, -20, Swamp:3)
  a potion of degeneration
(23, 4, Swamp:3)
  a lamp of fire
(38, -2, Swamp:3)
  a leather armour

Level 4 of the Swamp
(0, 0, Swamp:4)
  a +0 spear
  a +0 robe
  a +0 quarterstaff
(3, 0, Swamp:4)
  a +0 robe
  a +0 short sword
  a +0 robe
  a +0 rapier
  a +0 robe
  a +0 quarterstaff
(4, -3, Swamp:4)
  a +0 robe
(5, -4, Swamp:4)
  a +0 spear
  a +0 blowgun
(24, 23, Swamp:4)
  a ring of flight
(25, 4, Swamp:4)
  a robe

Level 1 of the Snake Pit
(0, 0, Snake:1)
  a leather armour
(0, 9, Snake:1)
  a +0 robe
  a +0 scimitar
(1, -13, Snake:1)
  a +2 amulet of reflection
(11, 11, Snake:1)
  a +0 battleaxe
(12, 14, Snake:1)
  a +0 robe
  a +0 blowgun
  a cursed -2 morningstar
(14, 8, Snake:1)
  a scale mail
(15, 12, Snake:1)
  a +0 battleaxe
(18, -24, Snake:1)
  a leather armour
(21, -28, Snake:1)
  a +0 club
(21, -27, Snake:1)
  a +0 mace
  a +0 robe
  a +0 long sword
(22, -5, Snake:1)
  a -1 hunting sling
(23, 11, Snake:1)
  a giant club
(25, 3, Snake:1)
  a +0 robe
  a +0 flail
(26, 8, Snake:1)
  a falchion
(30, 4, Snake:1)
  a +0 mace
  a +0 robe
(31, 7, Snake:1)
  a +0 trident
  a +0 robe
(33, 15, Snake:1)
  a whip

Level 2 of the Snake Pit
(0, 0, Snake:2)
  a glaive
(12, 43, Snake:2)
  a quarterstaff
(15, 46, Snake:2)
  a +0 halberd
(21, 47, Snake:2)
  a +0 robe
  a +0 flail
(24, 18, Snake:2)
  a +0 dire flail
(24, 23, Snake:2)
  a +0 robe
(25, 22, Snake:2)
  a +0 halberd
(25, 23, Snake:2)
  a +0 halberd
(26, 22, Snake:2)
  a +0 robe
(26, 28, Snake:2)
  a +0 dire flail
(27, 19, Snake:2)
  a +0 plate armour
(27, 22, Snake:2)
  a +0 club
(36, 48, Snake:2)
  a +0 robe
(46, 34, Snake:2)
  a +1 ring mail of fire resistance
  a +2 chain mail of poison resistance
  a +2 chain mail of fire resistance
  a +0 buckler of protection
  a +0 troll leather armour
  a +2 buckler
  a +1 ring mail of magic resistance
  a +1 shield
  a +0 shield
(46, 36, Snake:2)
  a +0 robe
(47, 34, Snake:2)
  a +0 demon whip
  a +1 spear of flaming
  a +2 dagger of draining
  a +2 trident
  a +3 scimitar of flaming
  a +2 flail of draining
  a +4 scimitar
  a +2 spear of freezing
  a +1 whip of electrocution
  a +4 scimitar of venom
  a +5 dagger of venom
  a +3 scimitar of flaming
  a +2 whip of flaming
  a +0 war axe of freezing
  a +4 trident
  a +1 trident of protection
  a +4 flail of crushing
  a +1 spear of venom
  a +3 dagger of venom
  a +3 dagger of venom
  a +0 battleaxe of freezing
(47, 36, Snake:2)
  a +0 short sword of venom
(48, 34, Snake:2)
  a +0 arbalest
  a +1 battleaxe of electrocution
  a +1 battleaxe of chopping
  a +0 shortbow of flaming
  a +0 battleaxe
  a -1 battleaxe
  a +0 glaive
  a +3 battleaxe of freezing
(49, 29, Snake:2)
  a +0 robe
(49, 34, Snake:2)
  the amulet "Gisat" {Harm *Drain MP-9 Str+4 Int+5 SInv}
    [amulet of harm]
    
    It increases damage dealt and taken.
    It affects your strength (+4).
    It affects your intelligence (+5).
    It affects your magic capacity (-9).
    It lets you see invisible.
    It causes draining when unequipped.
  a +3 ring of evasion
(50, 36, Snake:2)
  a +0 short sword
(53, 37, Snake:2)
  a +0 short sword
(54, 32, Snake:2)
  a +0 short sword
  a +0 arbalest
(54, 34, Snake:2)
  a +0 robe
  a +0 long sword
(57, 2, Snake:2)
  a +0 short sword
(60, 36, Snake:2)
  a +0 dire flail
  a +0 shortbow
(63, 36, Snake:2)
  a +0 arbalest
(64, 38, Snake:2)
  a robe
(65, 32, Snake:2)
  a -2 battleaxe
  a +0 longbow
(67, 32, Snake:2)
  16 bolts

Level 3 of the Snake Pit
[Shop] Xiexzom's General Store
  a +0 ring mail (72 gold)
  a potion of degeneration (18 gold)
  a wand of iceblast (5) (162 gold)
  a +0 hunting sling (27 gold)
  a scroll of identify (36 gold)
  17 poisoned needles (122 gold)
  a +0 ring mail (72 gold)
  a scroll of remove curse (54 gold)
  a scroll of identify (36 gold)
[Shop] Dum Seitaohi's Jewellery Shop
  a cursed ring of teleportation (81 gold)
  a +5 ring of evasion (990 gold)
  a +1 ring of protection (54 gold)
  an uncursed ring of stealth (315 gold)
  an uncursed ring of magical power (360 gold)
  a cursed -2 ring of dexterity (unknown) (36 gold)
  an uncursed ring of protection from magic (450 gold)
  a +2 ring of intelligence (unknown) (135 gold)
  a cursed ring of teleportation (81 gold)
  an uncursed ring of magical power (360 gold)
  an uncursed amulet of guardian spirit (540 gold)
  a cursed amulet of regeneration (unknown) (486 gold)
[Shop] Gehuon's Gadget Boutique
  a phial of floods (720 gold)
  a wand of enslavement (7) (162 gold)
  a wand of iceblast (10) (252 gold)
  a wand of iceblast (10) (252 gold)
  a lightning rod (4/4) (720 gold)
  a wand of acid (12) (576 gold)
  a fan of gales (720 gold)
  a wand of flame (14) (144 gold)
  a wand of flame (13) (135 gold)
  a wand of iceblast (3) (126 gold)
[Shop] Bosmatan's Assorted Antiques
  a scroll of remove curse (120 gold)
  a potion of curing (120 gold)
  a shiny helmet (300 gold)
  a runed scimitar (280 gold)
  a scroll of identify (80 gold)
  a runed longbow (300 gold)
(0, 0, Snake:3)
  a +0 halberd
(6, 10, Snake:3)
  a spear
(8, -4, Snake:3)
  a +0 robe
  a cursed -1 halberd
(9, -5, Snake:3)
  a +0 robe
  a +0 quarterstaff
(9, -4, Snake:3)
  a +0 arbalest
(11, 0, Snake:3)
  a +0 robe
  a +0 war axe
(12, 19, Snake:3)
  a +0 robe
(13, -4, Snake:3)
  a +0 mace
(16, -6, Snake:3)
  a +0 arbalest
(18, -12, Snake:3)
  a +0 glaive
  a +0 arbalest
(19, -17, Snake:3)
  a +0 chain mail
(19, -10, Snake:3)
  a +0 robe
  a +0 long sword
(19, 5, Snake:3)
  a +0 robe
  a +0 quarterstaff
(19, 11, Snake:3)
  a +0 mace
(20, -12, Snake:3)
  a +0 robe
  a +0 shortbow
  a +0 long sword
(20, -11, Snake:3)
  a +0 longbow
  a +0 scimitar
(20, -10, Snake:3)
  a +2 naga barding
  a +0 mace
(21, 5, Snake:3)
  a +2 naga barding of fire resistance
(22, -3, Snake:3)
  a +0 robe
  a +0 dagger
(22, 4, Snake:3)
  a +0 ring mail
  a +0 glaive
(28, -22, Snake:3)
  a +0 mace
  a +0 longbow
(28, -20, Snake:3)
  a +0 robe
  a +0 war axe
  a +0 shortbow
(37, 19, Snake:3)
  a +0 robe
(42, -11, Snake:3)
  a +0 spear
(49, -18, Snake:3)
  a +0 mace
(53, 13, Snake:3)
  a +0 robe
  a +0 club
(56, 1, Snake:3)
  a mace
(57, -5, Snake:3)
  a +0 glaive
(58, -1, Snake:3)
  a +0 robe
  a +0 dire flail of draining
(58, 5, Snake:3)
  a cursed -2 dire flail
(60, 4, Snake:3)
  a +0 large shield
(62, 2, Snake:3)
  a +0 robe
  a +0 battleaxe
(66, -11, Snake:3)
  a hand axe
(67, -19, Snake:3)
  a +0 trident
(69, 9, Snake:3)
  a scythe
(72, 3, Snake:3)
  a +0 robe
  a +0 mace

Level 4 of the Snake Pit
(0, 0, Snake:4)
  a +0 mace
  a +0 arbalest
(0, 26, Snake:4)
  a +0 robe
  a +0 dire flail
(1, 1, Snake:4)
  a +0 robe
  a +0 spear
(2, -15, Snake:4)
  a +0 robe
  a +0 mace
(3, 6, Snake:4)
  a +0 robe
  a +0 club
(4, 15, Snake:4)
  a robe
(5, -15, Snake:4)
  a +0 robe
(6, 22, Snake:4)
  a +0 flail
(7, -7, Snake:4)
  3 arrows
(11, -6, Snake:4)
  a +0 robe
  a +0 whip
(11, -5, Snake:4)
  a bolt
(14, -6, Snake:4)
  6 arrows
  a +0 morningstar
  a +0 shortbow
(14, -4, Snake:4)
  2 arrows
(14, 26, Snake:4)
  a rapier
(15, -4, Snake:4)
  a bolt
  2 arrows
(18, 15, Snake:4)
  a +0 halberd
(20, -1, Snake:4)
  a +0 halberd
(21, -1, Snake:4)
  a +0 robe
(22, 2, Snake:4)
  a cursed +0 robe
  a +0 dire flail
(22, 3, Snake:4)
  a +0 robe
  a +0 long sword
(22, 16, Snake:4)
  a robe
(24, 5, Snake:4)
  a +2 short sword of holy wrath
(25, -10, Snake:4)
  a +0 robe
  a +0 glaive
(25, 5, Snake:4)
  a cursed +0 leather armour
(26, -6, Snake:4)
  a +0 spear
(26, -5, Snake:4)
  a +0 robe
  a +1 scimitar of venom
  a +0 scimitar
(26, 4, Snake:4)
  a cursed +0 robe
  a +0 club
(29, 4, Snake:4)
  a +0 mace
(31, 4, Snake:4)
  a +0 robe
  a +0 dire flail
(33, 3, Snake:4)
  a +0 short sword
(33, 4, Snake:4)
  a +0 mace
(35, 4, Snake:4)
  a +0 robe
  a +0 hand axe
(35, 5, Snake:4)
  a +0 robe
  a +0 halberd
(36, -8, Snake:4)
  a +0 dire flail
(36, 4, Snake:4)
  a +0 halberd
(36, 6, Snake:4)
  a +0 dire flail
(37, -8, Snake:4)
  a +0 trident
(37, 3, Snake:4)
  a +0 robe
  a +0 war axe
(37, 4, Snake:4)
  a +0 battleaxe
(37, 5, Snake:4)
  a +0 whip
  a +0 robe
(37, 6, Snake:4)
  a +0 spear
(38, -14, Snake:4)
  a +1 robe of fire resistance
(38, -6, Snake:4)
  a +0 robe
  a +0 quarterstaff
(38, 3, Snake:4)
  a cursed +0 robe
(38, 5, Snake:4)
  a +0 hand axe
(38, 6, Snake:4)
  a +0 spear
  a +0 robe
  a +0 spear
  a +0 glaive
(39, 3, Snake:4)
  a +0 dire flail
(39, 5, Snake:4)
  2 bolts
(40, -13, Snake:4)
  a +0 flail
  a +0 spear
(40, -7, Snake:4)
  a whip
(40, 4, Snake:4)
  a +0 flail
(40, 33, Snake:4)
  a +1 mace of draining
(40, 36, Snake:4)
  a +0 robe
  a +0 longbow
(41, -13, Snake:4)
  a +0 robe
  a +0 glaive
(41, 6, Snake:4)
  a +0 halberd
  a cursed +0 robe
  a +0 club
(41, 7, Snake:4)
  a +0 dire flail
(41, 14, Snake:4)
  a +0 arbalest
(42, -4, Snake:4)
  a +0 glaive
(42, 7, Snake:4)
  a +0 robe
  a +0 mace
(42, 9, Snake:4)
  a +0 robe
  a +0 dagger of draining
(42, 11, Snake:4)
  a +0 short sword
(42, 12, Snake:4)
  a +0 halberd
(42, 14, Snake:4)
  a +0 robe
  a +0 glaive
(43, 7, Snake:4)
  a +0 flail
(43, 14, Snake:4)
  a +0 broad axe
(43, 22, Snake:4)
  a +0 robe
  a +0 dagger
(44, 7, Snake:4)
  a +0 dire flail
(44, 10, Snake:4)
  a +0 halberd
(44, 21, Snake:4)
  a +0 glaive
(44, 23, Snake:4)
  a +0 falchion
(45, -8, Snake:4)
  a +0 halberd
(45, 15, Snake:4)
  a +0 hand axe
(46, 8, Snake:4)
  a +0 robe
(48, -18, Snake:4)
  a +0 flail
(48, -11, Snake:4)
  a cursed -3 war axe
(49, 16, Snake:4)
  a +0 trident

Level 4 of the Pits of Slime
(0, 0, Slime:4)
  a +0 chain mail
  a +0 trident
(1, 0, Slime:4)
  a cursed -2 short sword
(5, 1, Slime:4)
  a +0 ring mail
  (unseen)
(8, 17, Slime:4)
  a +0 leather armour
  (unseen)

Level 5 of the Pits of Slime
(0, 0, Slime:5)
  a quarterstaff
(2, -11, Slime:5)
  a scale mail
(2, -2, Slime:5)
  a ring mail
(2, 1, Slime:5)
  an uncursed ring of resist corrosion
(3, -11, Slime:5)
  a hand axe
(4, 0, Slime:5)
  a whip
(4, 2, Slime:5)
  a shortbow
(9, -11, Slime:5)
  a hunting sling
(9, 0, Slime:5)
  a ring of resist corrosion
(10, -11, Slime:5)
  a leather armour
(10, -10, Slime:5)
  a quarterstaff
(10, 0, Slime:5)
  a book of Minor Magic
(11, -10, Slime:5)
  a book of Ice
(11, -9, Slime:5)
  a staff of conjuration
(12, 0, Slime:5)
  a staff of conjuration
(12, 1, Slime:5)
  a spear
(13, -9, Slime:5)
  a glaive
(13, -1, Slime:5)
  a lamp of fire

Level 1 of the Vaults
(0, 0, Vaults:1)
  a flail
(2, -37, Vaults:1)
  a +0 dagger
(4, -36, Vaults:1)
  a +0 ring mail
  a +0 great mace
(11, 2, Vaults:1)
  a +0 plate armour
  a +0 long sword
(12, -13, Vaults:1)
  a scale mail
(13, -31, Vaults:1)
  a +0 chain mail
  a +0 long sword
(13, -11, Vaults:1)
  a +0 chain mail
  a +0 bardiche
(15, -48, Vaults:1)
  a cursed +0 plate armour
  a +0 battleaxe
(15, -14, Vaults:1)
  a large rock
(15, 4, Vaults:1)
  a +0 leather armour
  a +0 short sword
(16, -10, Vaults:1)
  a +0 plate armour
  a cursed +0 great sword
(17, -14, Vaults:1)
  a large rock
(18, -16, Vaults:1)
  a cursed +0 leather armour
(19, -28, Vaults:1)
  a +0 chain mail
  a +0 glaive
  a +0 robe
  a +0 spear
(19, -17, Vaults:1)
  a +0 chain mail
  a +0 great sword
(19, -15, Vaults:1)
  2 large rocks
(19, 3, Vaults:1)
  a +0 leather armour
  a +0 scale mail
(19, 4, Vaults:1)
  a +0 chain mail
  a +0 dire flail
  a +0 scale mail
  a +0 dagger
  a +0 plate armour
  a +0 war axe
  a cursed -1 robe
  a +0 dagger
(19, 5, Vaults:1)
  a +0 scale mail
  a +0 dire flail
  a +0 leather armour
  a +0 long sword
(20, 3, Vaults:1)
  a +0 plate armour
(20, 5, Vaults:1)
  a cursed +0 plate armour
(21, 3, Vaults:1)
  a +0 ring mail
  a +0 mace
  a +0 scale mail
  a +0 falchion
  a +0 long sword
(21, 4, Vaults:1)
  a +0 chain mail
(21, 5, Vaults:1)
  a +0 ring mail
  a +0 mace
(22, -30, Vaults:1)
  a +0 leather armour
  a +0 flail
(23, -30, Vaults:1)
  a +0 ring mail
(24, -29, Vaults:1)
  a +0 plate armour
  a +0 war axe
(24, -17, Vaults:1)
  a flail
(26, -31, Vaults:1)
  a +0 plate armour
(26, -29, Vaults:1)
  a +0 plate armour
(26, -25, Vaults:1)
  a +0 leather armour
  a +0 flail
(28, -8, Vaults:1)
  a +0 giant spiked club
  a +0 giant spiked club
(29, -51, Vaults:1)
  a +0 leather armour
  a +0 morningstar
(30, -51, Vaults:1)
  a +0 leather armour
  a cursed +0 morningstar
  a +0 leather armour
  a +0 war axe
(35, -38, Vaults:1)
  a hand axe
(49, 4, Vaults:1)
  a +0 battleaxe
  a +0 plate armour
(49, 5, Vaults:1)
  a +0 morningstar
  a +0 scale mail
(52, -21, Vaults:1)
  a rapier
(53, -4, Vaults:1)
  a +0 scale mail
  a +0 great mace
(60, 8, Vaults:1)
  a +0 great mace
  a +0 leather armour of fire resistance
  a +0 great mace
  a +0 ring mail
(61, 1, Vaults:1)
  a +0 long sword
  a +0 robe
(61, 8, Vaults:1)
  a +0 great mace
  a +0 leather armour
(65, -15, Vaults:1)
  a +0 club
  a +0 robe

Level 2 of the Vaults
(0, 0, Vaults:2)
  a robe
(5, -14, Vaults:2)
  a scimitar
(14, -45, Vaults:2)
  a battleaxe
(18, 12, Vaults:2)
  2 large rocks
(21, -31, Vaults:2)
  a chain mail
(40, 5, Vaults:2)
  a +0 plate armour
  a +0 trident
(41, -6, Vaults:2)
  +0 steam dragon scales
  a +3 leather armour
  a +3 ring mail
  a +1 scale mail of fire resistance
  a +1 ring mail of magic resistance
  a +3 chain mail
  a +1 plate armour of fire resistance
  a +1 chain mail of cold resistance
  a shield
(42, -6, Vaults:2)
  a +0 long sword of flaming
  a +2 war axe
  a +0 flail
  a +1 war axe
  a +2 war axe of venom
  a +0 whip of electrocution
  a +3 flail
  a +0 war axe of electrocution
  a +1 war axe of electrocution
  a +0 war axe of chopping
  a +1 long sword of draining
(43, -6, Vaults:2)
  a +2 great sword of holy wrath
  a +1 halberd of protection
  a +4 dire flail
  a +1 great mace of protection
  a +2 great sword of flaming
  a +2 battleaxe of freezing
  a +0 battleaxe of freezing
  a +2 battleaxe of flaming
  2 large rocks
  a +3 dire flail
  a +2 great mace of protection
(44, -6, Vaults:2)
  a ring of ice
(44, 1, Vaults:2)
  a +0 chain mail
  a +0 halberd
  a +0 troll leather armour
(45, -6, Vaults:2)
  a large rock
(46, -5, Vaults:2)
  3 large rocks
(50, -9, Vaults:2)
  a +0 ring mail
  a +0 flail
(54, 15, Vaults:2)
  a cursed +0 plate armour
  a +1 war axe
(55, -16, Vaults:2)
  a +0 chain mail
  a +0 battleaxe
(56, -16, Vaults:2)
  a +0 dagger
  a +0 plate armour
(56, 16, Vaults:2)
  a giant spiked club
(57, -16, Vaults:2)
  a +0 robe
  a +0 halberd

Level 3 of the Vaults
(0, 0, Vaults:3)
  a +1 battleaxe of freezing
(1, -45, Vaults:3)
  a +0 arbalest
(7, -55, Vaults:3)
  a large rock
(9, -54, Vaults:3)
  a large rock
(9, -52, Vaults:3)
  a large rock
(9, -51, Vaults:3)
  a large rock
(11, -42, Vaults:3)
  a shortbow
(11, -19, Vaults:3)
  a +0 arbalest
(14, -14, Vaults:3)
  a pair of gloves
(16, -17, Vaults:3)
  a +0 ring mail
  a +0 morningstar
  a +0 arbalest
(21, -4, Vaults:3)
  a +0 leather armour
  a +0 club
(21, -3, Vaults:3)
  a +0 ring mail
  a +0 dagger
(22, -3, Vaults:3)
  a +0 scale mail
  a +0 hand axe
(24, 0, Vaults:3)
  a +0 arbalest
(24, 1, Vaults:3)
  a +0 arbalest
(25, -14, Vaults:3)
  a great mace
  a +0 arbalest
(26, -44, Vaults:3)
  a pair of boots
(26, 7, Vaults:3)
  a +0 scale mail
  a +0 long sword
(26, 8, Vaults:3)
  a ring of attention
(27, -21, Vaults:3)
  a +0 arbalest
(27, -16, Vaults:3)
  a +0 plate armour
  a +0 flail
(29, -22, Vaults:3)
  a +0 arbalest
(30, -57, Vaults:3)
  a +0 robe
  a +0 whip
(31, -58, Vaults:3)
  a +0 giant spiked club
  a +0 giant club
(32, -58, Vaults:3)
  a +0 giant spiked club
(33, -22, Vaults:3)
  a +0 chain mail
(34, -23, Vaults:3)
  a +0 arbalest
(36, -38, Vaults:3)
  a +0 arbalest
(38, 1, Vaults:3)
  a +0 giant club
(38, 2, Vaults:3)
  a +0 giant club
  a +0 arbalest
(39, 3, Vaults:3)
  a cursed +0 centaur barding
  a +0 arbalest
(40, 1, Vaults:3)
  a +0 giant spiked club
  a +0 giant club
  a +0 plate armour
(40, 2, Vaults:3)
  a +0 arbalest
(40, 3, Vaults:3)
  a +0 giant club
  a +0 robe of cold resistance
(43, -52, Vaults:3)
  a +0 plate armour
(49, -55, Vaults:3)
  a +0 chain mail
(56, -57, Vaults:3)
  a +0 giant club
(57, -58, Vaults:3)
  a large rock
(57, -57, Vaults:3)
  a +0 giant club
  a +0 giant club
  a large rock
(58, -54, Vaults:3)
  a +0 plate armour
(58, -53, Vaults:3)
  a +0 ring mail
  (unseen)
(58, -50, Vaults:3)
  a +0 whip of electrocution
(59, -54, Vaults:3)
  a +0 ring mail
  a +0 morningstar
  a +0 arbalest
(59, -29, Vaults:3)
  a +0 glaive
(61, -52, Vaults:3)
  a +0 dire flail
  a +0 giant spiked club
(61, -31, Vaults:3)
  a pair of gloves
(62, -50, Vaults:3)
  a +0 giant club
  a +0 giant spiked club
(68, -33, Vaults:3)
  a ring of teleportation
(69, -32, Vaults:3)
  a cursed +0 leather armour
  a +0 dagger
(71, -58, Vaults:3)
  a +0 arbalest

Level 4 of the Vaults
(0, 0, Vaults:4)
  a +0 long sword
(4, -14, Vaults:4)
  a +0 robe
(6, 6, Vaults:4)
  a hunting sling
(7, -19, Vaults:4)
  a +0 giant club
(8, -29, Vaults:4)
  a +0 arbalest
(9, -28, Vaults:4)
  a +0 arbalest
(16, 3, Vaults:4)
  a +0 robe
(17, 1, Vaults:4)
  a +0 plate armour
  a +1 war axe of venom
  a +1 battleaxe of freezing
(22, -6, Vaults:4)
  a +0 scale mail
(23, -5, Vaults:4)
  a +0 scale mail
  a +0 falchion
(32, -13, Vaults:4)
  a +0 buckler
  a cursed -1 short sword
(36, -2, Vaults:4)
  a +0 arbalest
(36, -1, Vaults:4)
  2 large rocks
(37, 1, Vaults:4)
  a +0 robe
(40, -40, Vaults:4)
  a falchion
(43, -45, Vaults:4)
  a +0 flail
(43, -44, Vaults:4)
  a +0 chain mail
  a +0 hand axe
(43, -29, Vaults:4)
  an arbalest
(43, -27, Vaults:4)
  an arbalest
(43, -26, Vaults:4)
  an arbalest
(43, -25, Vaults:4)
  an arbalest
(43, 3, Vaults:4)
  a +0 arbalest
(44, -46, Vaults:4)
  a +0 short sword
(44, -35, Vaults:4)
  a +0 scale mail
(45, -46, Vaults:4)
  a cursed +0 plate armour
(45, -4, Vaults:4)
  a large rock
(46, -27, Vaults:4)
  a +0 arbalest
(46, -16, Vaults:4)
  a +0 morningstar
(46, -5, Vaults:4)
  a +0 leather armour
  a +0 long sword
  a +0 ring mail
  a +0 mace
  an arrow
(47, -6, Vaults:4)
  a large rock
(48, -7, Vaults:4)
  a +0 arbalest
(49, -7, Vaults:4)
  a +0 ring mail
  a +0 morningstar
  a +0 arbalest
(50, -6, Vaults:4)
  a +0 arbalest
(54, -7, Vaults:4)
  a +1 battleaxe of freezing
(56, -6, Vaults:4)
  a +0 great mace
(58, -44, Vaults:4)
  a +0 arbalest
(63, -16, Vaults:4)
  2 large rocks
(67, -16, Vaults:4)
  a large rock
(70, -16, Vaults:4)
  a large rock

Level 5 of the Vaults
(0, 0, Vaults:5)
  a +0 long sword
(0, 1, Vaults:5)
  a cursed +0 scale mail
  a +0 morningstar
  the cursed +2 mace of Kikasoss {freeze, Int+3}
    It has been specially enchanted to freeze those struck by it, causing extra
    injury to most foes and up to half again as much damage against particularly
    susceptible opponents. It can also slow down cold-blooded creatures.
    
    It affects your intelligence (+3).
    It has a curse placed upon it.
(0, 2, Vaults:5)
  a +0 plate armour
  a +0 battleaxe
(0, 10, Vaults:5)
  a +0 dagger
(0, 11, Vaults:5)
  a +0 plate armour
  a +0 war axe
(0, 12, Vaults:5)
  a +0 ring mail
  a +0 morningstar
(0, 13, Vaults:5)
  a large rock
(0, 15, Vaults:5)
  a +0 shield
(0, 17, Vaults:5)
  2 large rocks
  a +0 plate armour
  a +0 great sword
  an uncursed amulet of rage
(0, 21, Vaults:5)
  a +0 leather armour
  a cursed -1 morningstar
(0, 24, Vaults:5)
  a +0 arbalest
  a +0 long sword
(0, 27, Vaults:5)
  a +0 dagger
(0, 29, Vaults:5)
  4 large rocks
(1, 1, Vaults:5)
  a +0 giant club
  a +0 giant club
  a +0 chain mail
  a +1 short sword of freezing
(1, 2, Vaults:5)
  +0 storm dragon scales
  a +0 mace
  an uncursed ring of resist corrosion
(1, 3, Vaults:5)
  a +0 plate armour
  a +0 mace
(1, 8, Vaults:5)
  a +0 longbow
  a +0 leather armour
  a +0 morningstar
(1, 12, Vaults:5)
  a large rock
(1, 18, Vaults:5)
  a +0 ring mail
  a +0 long sword
(1, 19, Vaults:5)
  a cursed +0 flail
  a +0 ring mail
(1, 21, Vaults:5)
  a +0 leather armour
  a +0 great mace
  a +0 ring mail
  a +1 dire flail of distortion
(1, 26, Vaults:5)
  a +0 long sword
(1, 28, Vaults:5)
  a cursed +0 dire flail
  a cursed -1 dire flail
(2, 4, Vaults:5)
  a +0 hand crossbow
  a +0 chain mail
(2, 29, Vaults:5)
  a +2 scale mail of magic resistance
  a +2 battleaxe
(3, 1, Vaults:5)
  a +0 dagger
(3, 2, Vaults:5)
  a +0 great mace
  a +0 dire flail
(3, 25, Vaults:5)
  a large rock
(3, 26, Vaults:5)
  a large rock
(3, 27, Vaults:5)
  a +0 ring mail
  a +0 battleaxe of freezing
  a +0 great mace
(3, 29, Vaults:5)
  a +0 war axe
  a +0 scale mail
(4, -2, Vaults:5)
  a cursed +0 leather armour
  a +0 long sword
(4, 30, Vaults:5)
  4 large rocks
  a +1 quarterstaff of draining
  a +0 chain mail
(7, -22, Vaults:5)
  a rapier
(9, 30, Vaults:5)
  a +0 giant spiked club
  a +0 giant club
(10, -23, Vaults:5)
  a +0 battleaxe
  a +0 plate armour
(10, -14, Vaults:5)
  a +0 ring mail
  a +0 flail
(12, -11, Vaults:5)
  a dagger
(12, -10, Vaults:5)
  a lightning rod (4/4)
(12, -9, Vaults:5)
  a glowing giant spiked club
(12, 23, Vaults:5)
  a +0 giant club
  a +0 giant club
(13, -10, Vaults:5)
  a chain mail
(13, 20, Vaults:5)
  a +0 arbalest
  a +0 scimitar of electrocution
(14, -10, Vaults:5)
  a book of Beasts
(15, -10, Vaults:5)
  a crystal ball of energy
(15, 30, Vaults:5)
  a +0 giant spiked club
  a large rock
(16, -9, Vaults:5)
  a chain mail
(17, -10, Vaults:5)
  a glowing great sword
(17, 30, Vaults:5)
  a +0 giant club
  a +0 giant spiked club
  a +0 giant club
(18, -11, Vaults:5)
  a glaive
(18, 29, Vaults:5)
  a +0 giant spiked club
(18, 30, Vaults:5)
  a +0 great mace
(20, 30, Vaults:5)
  a +0 spear
  a +0 dire flail
  a cursed +0 leather armour
  a large rock
  a +0 shortbow of freezing
(21, 30, Vaults:5)
  a +0 robe
  a +0 long sword
  a +2 arbalest of velocity
(23, 29, Vaults:5)
  a +4 dire flail
(23, 30, Vaults:5)
  a +0 war axe
  a +0 leather armour
(24, -17, Vaults:5)
  a +2 dagger of pain
(24, 30, Vaults:5)
  a +0 dire flail
  a +0 dire flail
(25, 30, Vaults:5)
  a +0 giant club
  a cursed -1 buckler
  a +1 ring mail of poison resistance
  a +3 broad axe of electrocution
  2 large rocks
(26, 11, Vaults:5)
  a +0 great sword
(26, 29, Vaults:5)
  a +0 robe
  a +0 whip
(27, -21, Vaults:5)
  a +0 giant spiked club
(28, 0, Vaults:5)
  a +0 shield
  a +0 chain mail
  a +1 vampiric war axe
(28, 2, Vaults:5)
  a +0 plate armour
  a +0 dire flail
(28, 3, Vaults:5)
  a +0 plate armour
  a +0 long sword
(28, 4, Vaults:5)
  a +0 plate armour
  a +0 war axe
(28, 7, Vaults:5)
  a +0 scale mail
(28, 27, Vaults:5)
  a +0 chain mail
  a +0 war axe
(28, 30, Vaults:5)
  a centaur barding
(29, 0, Vaults:5)
  a +0 plate armour
  a +2 bardiche
(29, 1, Vaults:5)
  a +0 plate armour
  a +1 long sword
(29, 2, Vaults:5)
  a +0 plate armour
  a +0 broad axe
(29, 3, Vaults:5)
  a +0 plate armour
  a +0 battleaxe
(30, 0, Vaults:5)
  a cursed +0 plate armour
  a +0 glaive
(30, 1, Vaults:5)
  a cursed +0 chain mail
  a +1 war axe of flaming
  a +0 plate armour
  a +0 antimagic great sword
(30, 3, Vaults:5)
  a +0 plate armour
  a cursed +0 battleaxe
  a +0 chain mail
  a +0 great mace
  a +0 chain mail
  a +0 battleaxe
(30, 4, Vaults:5)
  a +0 chain mail
  a +0 war axe
(30, 27, Vaults:5)
  a cursed -1 giant spiked club
  a +0 giant club
(31, 0, Vaults:5)
  a +0 plate armour
  a +0 glaive
(31, 1, Vaults:5)
  a +0 chain mail of poison resistance
  a +2 great sword of electrocution
(31, 2, Vaults:5)
  a +0 chain mail
  a +0 great sword
  a +0 plate armour
  a +0 great sword
(31, 3, Vaults:5)
  a +0 scale mail
  a +0 great sword
  a +0 plate armour
  a cursed +0 battleaxe
(31, 4, Vaults:5)
  a +0 chain mail of cold resistance
  a +0 long sword
(31, 24, Vaults:5)
  a +0 plate armour
  a +2 quarterstaff of draining
(32, 1, Vaults:5)
  a +0 plate armour
  a +0 dire flail
(32, 3, Vaults:5)
  a cursed +0 chain mail
  a +0 long sword
(32, 4, Vaults:5)
  a +0 shield
  a +0 chain mail
  a +0 broad axe
(37, -23, Vaults:5)
  a +0 giant club
  a +0 giant club
(37, -5, Vaults:5)
  a helmet
(38, -19, Vaults:5)
  a +0 leather armour
  a +0 short sword
(38, -15, Vaults:5)
  a +4 trident of freezing
(40, -19, Vaults:5)
  a +0 arbalest
(42, -10, Vaults:5)
  a ring mail
(43, -10, Vaults:5)
  a glowing ring mail
(45, -11, Vaults:5)
  a mace
(47, 22, Vaults:5)
  a staff of cold
(48, 22, Vaults:5)
  a staff of air
(49, 22, Vaults:5)
  a short sword
(50, 29, Vaults:5)
  a +0 scale mail
  a +0 flail
(50, 30, Vaults:5)
  a +0 chain mail
  a +1 war axe of venom
(52, -20, Vaults:5)
  a ring mail
(52, 22, Vaults:5)
  a long sword
(53, 14, Vaults:5)
  a lightning rod (4/4)
  a falchion
(53, 15, Vaults:5)
  a staff of summoning
(53, 19, Vaults:5)
  a lamp of fire
  a lightning rod (4/4)
(53, 30, Vaults:5)
  2 large rocks
(54, 30, Vaults:5)
  a +0 leather armour
  6 large rocks
  a cursed +0 buckler
(55, 3, Vaults:5)
  a +2 scale mail of fire resistance
  a +0 great mace
(55, 14, Vaults:5)
  a +0 shield
  a +0 chain mail
  a +3 war axe
(56, -19, Vaults:5)
  a +0 long sword
  a +0 arbalest
(56, -18, Vaults:5)
  a plate armour
(58, 9, Vaults:5)
  3 large rocks
(60, -1, Vaults:5)
  a +0 ring mail
  a +0 morningstar
(60, 2, Vaults:5)
  2 sling bullets
(60, 10, Vaults:5)
  a +0 dire flail
  a +0 dire flail
(60, 30, Vaults:5)
  a +0 ring mail
  a +0 great mace
(61, -20, Vaults:5)
  a +0 chain mail
  a +2 long sword of flaming
  a +0 arbalest
(61, 7, Vaults:5)
  a +0 leather armour
  a +2 short sword of flaming
  a +0 shortbow
(61, 14, Vaults:5)
  a +4 morningstar of crushing

Level 1 of the Crypt
(0, 0, Crypt:1)
  a cursed +0 glaive
(1, -2, Crypt:1)
  a ring mail
(4, -14, Crypt:1)
  a +0 robe
(16, 12, Crypt:1)
  a +0 chain mail
  a +0 battleaxe
(19, 8, Crypt:1)
  a +0 chain mail
  a +2 great mace of pain
(19, 9, Crypt:1)
  a +0 chain mail
  a +3 battleaxe
(21, 3, Crypt:1)
  a +0 chain mail
  a +3 battleaxe
(22, 3, Crypt:1)
  a +0 chain mail
  a +0 hand axe
  a +0 short sword
(22, 5, Crypt:1)
  a +0 rapier
(24, 9, Crypt:1)
  a +0 dire flail
(32, -8, Crypt:1)
  a spear
(35, 9, Crypt:1)
  a +0 battleaxe
(41, 8, Crypt:1)
  a +2 hand axe of venom
  a +0 short sword
  a +0 halberd
  a +0 halberd
  a +0 hand axe
(42, 8, Crypt:1)
  a +0 hand axe
  a cursed -2 glaive
  a +2 scimitar of freezing
  a +0 trident
  a +0 chain mail
  a +2 great mace
(44, 2, Crypt:1)
  a staff of death
(56, -12, Crypt:1)
  a +0 leather armour
  a +0 dagger

Level 2 of the Crypt
(0, 0, Crypt:2)
  a glowing halberd
(4, -1, Crypt:2)
  a +4 scythe of venom
(6, 44, Crypt:2)
  a leather armour
(7, 28, Crypt:2)
  the +6 Majin-Bo {vamp, Archmagi MP+6 Int+6}
    It inflicts no extra harm, but heals its wielder when it wounds a living
    foe.
    
    It affects your intelligence (+6).
    It affects your magic capacity (+6).
    
    The Shining One disapproves of the use of such an item.
(10, 29, Crypt:2)
  a staff of earth
(11, 3, Crypt:2)
  a +0 robe
(18, 35, Crypt:2)
  a dagger
(18, 39, Crypt:2)
  a staff of air
(19, 38, Crypt:2)
  a staff of power
(24, 15, Crypt:2)
  a +0 robe
(25, 15, Crypt:2)
  a +0 robe of positive energy
  a +0 dagger
(27, 39, Crypt:2)
  a +0 robe
(28, 18, Crypt:2)
  a ring of magical power
(32, 30, Crypt:2)
  a scroll of random uselessness
(38, 43, Crypt:2)
  a +0 plate armour
  a +0 long sword
(43, 22, Crypt:2)
  a ring of attention
(46, 31, Crypt:2)
  a +0 robe
(47, 30, Crypt:2)
  a +0 trident
  a +0 robe
(49, 17, Crypt:2)
  a scale mail
(53, 8, Crypt:2)
  a +0 robe
(54, 44, Crypt:2)
  a plate armour

the Vestibule of Hell
(0, 0, Hell)
  a +0 demon whip of flaming
(13, 12, Hell)
  a +0 mace
(14, 10, Hell)
  a +0 robe
  a +0 dagger
  a +0 robe
  a +0 dagger of venom
(14, 11, Hell)
  a +0 robe
  a +0 dagger of protection
  a +2 scimitar
  a +0 chain mail
(14, 12, Hell)
  a cursed -2 trident
(14, 15, Hell)
  a +0 long sword
(14, 20, Hell)
  a +0 robe
  a +0 dagger
(15, 9, Hell)
  a +0 plate armour
  a +0 halberd of draining
(15, 10, Hell)
  a +0 plate armour
  a +0 demon trident
(16, 9, Hell)
  a +0 trident
(16, 12, Hell)
  a +0 hand axe
(19, 5, Hell)
  a +0 mace
(20, 5, Hell)
  a +0 battleaxe
  a +0 flail
(20, 6, Hell)
  a +0 long sword
(20, 7, Hell)
  a +0 long sword
(20, 15, Hell)
  a +0 plate armour
  a +1 great sword of draining
(21, -14, Hell)
  a +0 troll leather armour
  a +0 morningstar
(21, 14, Hell)
  a cursed +0 chain mail
  a +3 battleaxe of flaming
(21, 15, Hell)
  a +0 long sword
(21, 16, Hell)
  a +2 glaive of venom
  a +0 long sword
(21, 17, Hell)
  a +0 glaive
(22, 3, Hell)
  a +0 plate armour
  a +4 war axe
(22, 4, Hell)
  a +0 plate armour
  a +5 scimitar of draining
(23, 6, Hell)
  a +2 scythe of venom
(24, 2, Hell)
  a +3 scythe of slicing
(24, 3, Hell)
  a +0 trident
(24, 5, Hell)
  a +3 vampiric scythe
  a +0 chain mail
  a +0 demon whip
  a +0 dagger
  a +0 robe
  a +3 demon blade of flaming
(24, 18, Hell)
  +0 shadow dragon scales
(25, 3, Hell)
  a +1 demon trident of flaming
  a +0 robe
  a +0 dagger
(25, 4, Hell)
  a +0 chain mail
(26, 2, Hell)
  a +0 chain mail
  a +1 demon blade
(27, 2, Hell)
  a +0 chain mail
  a +3 war axe of flaming
(28, 0, Hell)
  a +5 scythe of slicing
(42, -10, Hell)
  a cursed -1 mace
(43, -12, Hell)
  a +0 hand axe
(43, -11, Hell)
  a +0 short sword

Level 1 of the Realm of Zot
(0, 0, Zot:1)
  a cursed -2 cloak
  a +0 whip
(0, 1, Zot:1)
  a cursed -2 hand axe
  a +0 halberd
(0, 5, Zot:1)
  a robe
(1, 3, Zot:1)
  a +0 large shield
  a +0 cloak
  a +2 long sword of protection
(1, 6, Zot:1)
  a +0 cloak
  a cursed -1 rapier
(3, -13, Zot:1)
  quicksilver dragon scales
(7, 3, Zot:1)
  a morningstar
(7, 28, Zot:1)
  a shiny ring mail
(11, -16, Zot:1)
  a +0 war axe
(12, -17, Zot:1)
  a +1 rapier of protection
(12, 6, Zot:1)
  a +0 flail
(13, 6, Zot:1)
  a +0 cloak
(15, -15, Zot:1)
  a +0 mace of draining
(15, 5, Zot:1)
  a +0 dire flail
  a +2 broad axe
(15, 6, Zot:1)
  a +0 cloak
(15, 7, Zot:1)
  a +0 mace of holy wrath
(16, -8, Zot:1)
  +0 storm dragon scales
(16, 2, Zot:1)
  +0 storm dragon scales
(16, 31, Zot:1)
  a +0 halberd
(18, -16, Zot:1)
  a +0 short sword of electrocution
(22, -18, Zot:1)
  a +0 rapier
  a +2 hand axe of flaming
(22, -17, Zot:1)
  a +0 halberd
(22, -16, Zot:1)
  a +0 long sword
(26, -17, Zot:1)
  a +0 cloak
  a +0 rapier
(27, -18, Zot:1)
  a +0 glaive
(30, 21, Zot:1)
  a great mace
(35, 16, Zot:1)
  a +1 dire flail of holy wrath
(37, -8, Zot:1)
  a spear
(40, 12, Zot:1)
  a +0 cloak
(40, 14, Zot:1)
  a +1 short sword of venom
  a +2 cloak
(41, 1, Zot:1)
  a hand axe
(41, 13, Zot:1)
  a +0 halberd
(42, 13, Zot:1)
  a +0 short sword
(43, -6, Zot:1)
  a +2 glaive of venom
(43, 34, Zot:1)
  a leather armour
(51, 17, Zot:1)
  a +0 battleaxe
(51, 19, Zot:1)
  a +0 trident
(52, 28, Zot:1)
  a +0 mace
(53, 2, Zot:1)
  a +2 halberd of chopping
(53, 13, Zot:1)
  a dagger
(53, 19, Zot:1)
  a +0 cloak
  a +0 long sword
(54, -18, Zot:1)
  a rapier
(56, 3, Zot:1)
  a +2 long sword of holy wrath
(56, 38, Zot:1)
  a quarterstaff
(65, -12, Zot:1)
  a +3 trident of venom
(66, -11, Zot:1)
  a cursed -1 battleaxe
(67, -13, Zot:1)
  a +1 cloak
  a +0 rapier
(68, -12, Zot:1)
  a +0 trident
  a +0 long sword

Level 2 of the Realm of Zot
(0, 0, Zot:2)
  a +0 rapier
  a +0 cloak
(0, 1, Zot:2)
  a +0 scimitar
(3, 1, Zot:2)
  a +0 short sword
(8, -26, Zot:2)
  a ring mail
(9, -26, Zot:2)
  a +0 cloak
  a +0 long sword
(10, -25, Zot:2)
  a +0 cloak
  a +0 long sword
(10, -21, Zot:2)
  a +0 halberd
(10, -14, Zot:2)
  a +0 trident
(15, -15, Zot:2)
  a +0 battleaxe
(15, -8, Zot:2)
  a ring mail
(16, -21, Zot:2)
  a +0 mace
(16, -8, Zot:2)
  a +0 cloak
  a +0 long sword
(19, 4, Zot:2)
  a +0 glaive of flaming
(21, 7, Zot:2)
  a +4 dire flail of crushing
(21, 8, Zot:2)
  a +0 hand axe
(21, 9, Zot:2)
  a +0 cloak
  a +0 whip
(24, 25, Zot:2)
  a +2 whip of draining
  a +0 cloak
  a +0 flail
(27, 20, Zot:2)
  a +0 scimitar
  a cursed +0 scimitar
  a +0 long sword
(35, 12, Zot:2)
  a +0 trident
(35, 13, Zot:2)
  +0 shadow dragon scales
  a +0 war axe
  a +0 glaive
  a +0 morningstar
  a +0 cloak
  a +0 long sword
(35, 16, Zot:2)
  a +0 short sword
(36, -10, Zot:2)
  +0 gold dragon scales
  a +0 battleaxe
(38, 15, Zot:2)
  +0 storm dragon scales
(43, -10, Zot:2)
  a +0 flail
(46, -6, Zot:2)
  a leather armour
(51, 17, Zot:2)
  a +0 scimitar

Level 3 of the Realm of Zot
(0, 0, Zot:3)
  a club
(1, -2, Zot:3)
  a +0 battleaxe
(4, 14, Zot:3)
  a +2 cloak
  a +3 long sword
(8, -1, Zot:3)
  a +0 war axe
(9, -5, Zot:3)
  a +0 long sword
(9, -2, Zot:3)
  a +0 battleaxe
(9, 0, Zot:3)
  a +1 cloak
  a +0 long sword
(15, 7, Zot:3)
  a +0 scimitar
(18, 2, Zot:3)
  a cursed -2 halberd
(19, 2, Zot:3)
  a +0 hand axe
(36, 3, Zot:3)
  a ring mail

Level 4 of the Realm of Zot
(0, 0, Zot:4)
  a robe
(2, 5, Zot:4)
  a war axe
(7, 11, Zot:4)
  a +0 flail
(7, 36, Zot:4)
  a chain mail
(8, 9, Zot:4)
  a +0 long sword of protection
  a +0 cloak
  a +3 war axe
(9, 9, Zot:4)
  a scroll of random uselessness
(11, 6, Zot:4)
  a +0 battleaxe
  a +0 broad axe
(11, 7, Zot:4)
  a +0 cloak
  a +0 dagger
(11, 17, Zot:4)
  a +0 scimitar of slicing
(13, 5, Zot:4)
  a +0 cloak
  a +2 bardiche of venom
(15, 5, Zot:4)
  +0 shadow dragon scales
(20, -1, Zot:4)
  a +1 hand axe of chopping
(32, 10, Zot:4)
  a plate armour

Level 1 of the Depths
(0, 0, Depths:1)
  2 potions of degeneration
(2, -19, Depths:1)
  a +0 great sword of flaming
(4, -6, Depths:1)
  a +0 arbalest
(6, -14, Depths:1)
  a +0 arbalest
(6, -8, Depths:1)
  4 large rocks
(7, 1, Depths:1)
  an arbalest
(7, 19, Depths:1)
  a +0 dire flail
  a +2 dire flail of protection
(8, -16, Depths:1)
  a +0 great mace
  a +0 dire flail
(9, -3, Depths:1)
  a +0 great sword
(12, 14, Depths:1)
  a large rock
(16, 16, Depths:1)
  a +0 robe
  a +0 dagger
(17, 16, Depths:1)
  4 large rocks
(19, 4, Depths:1)
  a +0 arbalest
  a cursed +0 arbalest
  2 large rocks
(19, 14, Depths:1)
  a large rock
(20, 4, Depths:1)
  +0 fire dragon scales
  a +0 arbalest
  a +0 arbalest
(21, 4, Depths:1)
  a +0 dire flail
  a +0 dire flail
  a +0 battleaxe of freezing
(21, 13, Depths:1)
  a +3 great sword
(22, 12, Depths:1)
  a +0 ring mail
(24, 13, Depths:1)
  a +0 bardiche
  a +1 ring mail of positive energy
(26, 10, Depths:1)
  a +0 troll leather armour
(35, 4, Depths:1)
  a +0 arbalest
  a +0 shield
  a +0 ring mail
(41, 2, Depths:1)
  a short sword
(45, 2, Depths:1)
  a +0 robe
(47, -9, Depths:1)
  a +2 battleaxe of freezing
(48, -9, Depths:1)
  a +3 battleaxe of freezing
(49, -9, Depths:1)
  a club
(50, -16, Depths:1)
  a +0 arbalest
(52, -17, Depths:1)
  2 large rocks
(52, -16, Depths:1)
  a large rock
(53, -26, Depths:1)
  a plate armour
(53, -19, Depths:1)
  a plate armour
(53, -3, Depths:1)
  a +1 robe of cold resistance
(55, -17, Depths:1)
  a +0 arbalest
  a +0 arbalest
(56, -17, Depths:1)
  a large rock
(58, -18, Depths:1)
  a +0 arbalest
(58, -17, Depths:1)
  a +0 arbalest
(58, 4, Depths:1)
  a chain mail

Level 2 of the Depths
[Shop] Ugittemp's Mayhem Merchandise
  a +0 hand axe (54 gold)
  a +0 battleaxe (117 gold)
  a book of the Tempests (unknown) (1260 gold)
  a +0 battleaxe (117 gold)
  a wand of iceblast (9) (234 gold)
  a wand of iceblast (5) (162 gold)
  a +0 battleaxe (117 gold)
  a +1 broad axe of chopping (234 gold)
  a book of the Tempests (unknown) (1260 gold)
  a +0 executioner's axe (180 gold)
  a book of the Tempests (unknown) (1260 gold)
  a +0 hand axe (54 gold)
  a +0 war axe (63 gold)
(0, 0, Depths:2)
  a chain mail
(0, 4, Depths:2)
  a chain mail
(2, 2, Depths:2)
  a staff of conjuration
(3, 4, Depths:2)
  a plate armour
(7, 3, Depths:2)
  a +0 demon whip
(13, 3, Depths:2)
  a glowing halberd
(16, 28, Depths:2)
  a glowing quarterstaff
  a quarterstaff
  a club
(17, 28, Depths:2)
  a club
(18, 15, Depths:2)
  a +0 arbalest
(20, 13, Depths:2)
  a +0 robe
  a +0 whip
(20, 15, Depths:2)
  a +0 arbalest
  a +0 arbalest
(26, 36, Depths:2)
  a +0 arbalest
(30, 8, Depths:2)
  a halberd
(30, 30, Depths:2)
  a +1 dagger of electrocution
(31, 23, Depths:2)
  a shortbow
(34, 21, Depths:2)
  a flail
(35, 33, Depths:2)
  a short sword
(36, 21, Depths:2)
  a book of Maledictions
(37, 10, Depths:2)
  a +0 giant club
(37, 32, Depths:2)
  a shiny ring mail
(38, 46, Depths:2)
  +0 ice dragon scales
(38, 48, Depths:2)
  a +0 arbalest
(39, 48, Depths:2)
  a cursed -1 giant spiked club
  a +0 dire flail
(40, 46, Depths:2)
  a +0 arbalest
(40, 47, Depths:2)
  a +0 robe
  a +0 dagger
(40, 48, Depths:2)
  a +0 shortbow
(40, 49, Depths:2)
  a +0 arbalest
(40, 50, Depths:2)
  a +0 arbalest
(44, 43, Depths:2)
  a +2 great sword of flaming
(47, 39, Depths:2)
  a +0 robe
  a +0 flail
(52, 27, Depths:2)
  a spear
(53, 32, Depths:2)
  a +0 troll leather armour
(53, 33, Depths:2)
  a +0 troll leather armour
  a +0 giant club
  a +0 giant spiked club
(53, 35, Depths:2)
  a +0 long sword
(54, 30, Depths:2)
  a +0 leather armour
  a +0 long sword
(54, 31, Depths:2)
  a +0 troll leather armour
(54, 32, Depths:2)
  a +0 giant club
  a +0 giant spiked club
(54, 33, Depths:2)
  a +2 battleaxe of freezing
(55, 31, Depths:2)
  a cursed +0 robe
  a +0 whip
(55, 33, Depths:2)
  a +0 great sword of flaming
(56, 51, Depths:2)
  a book of Maledictions
(57, 10, Depths:2)
  a +1 battleaxe of freezing
(57, 12, Depths:2)
  a +0 chain mail
  a +2 halberd of flaming
(58, 11, Depths:2)
  a +0 plate armour
(61, 22, Depths:2)
  a leather armour
(62, 48, Depths:2)
  a pair of boots

Level 3 of the Depths
(0, 0, Depths:3)
  a ring mail
(8, 25, Depths:3)
  a +0 robe
(9, 25, Depths:3)
  a +0 animal skin
  a +0 rapier
(9, 26, Depths:3)
  a cursed +0 robe
(10, 3, Depths:3)
  a +6 arbalest
  a +0 buckler
(10, 21, Depths:3)
  a +0 long sword
  a +0 shortbow
(10, 25, Depths:3)
  a +0 spear
(10, 33, Depths:3)
  a +0 great mace
  a +0 dire flail
(11, 24, Depths:3)
  a +0 robe
  a cursed +0 trident
(12, 2, Depths:3)
  a +0 dagger
  a +0 robe
(12, 34, Depths:3)
  a +0 great sword of flaming
(13, 33, Depths:3)
  a +0 dire flail
  a +0 dire flail
(14, 14, Depths:3)
  a +2 robe of cold resistance
(15, -18, Depths:3)
  a large rock
(15, 14, Depths:3)
  a +0 chain mail
  a +4 scimitar
  a +0 dire flail
  a +0 dire flail
(18, -15, Depths:3)
  a large rock
(19, -10, Depths:3)
  21 bolts
  +0 fire dragon scales
(20, -12, Depths:3)
  a large rock
(22, 12, Depths:3)
  a +0 giant club
  a +0 giant club
  a +0 giant club
  a +0 giant club
  a +0 giant spiked club
  a +0 robe
  a +0 spear
(22, 13, Depths:3)
  a +0 giant club
  a +0 giant club
(27, 0, Depths:3)
  a +0 great mace
  a +0 giant spiked club
(27, 1, Depths:3)
  a +0 robe
  a +0 flail
(27, 3, Depths:3)
  a +0 giant club
  a cursed -3 giant spiked club
  a +0 giant club
(28, 3, Depths:3)
  a +0 giant club
  a +0 giant club
(28, 4, Depths:3)
  a +0 giant club
(32, 33, Depths:3)
  a +0 arbalest
(32, 34, Depths:3)
  a +0 arbalest
(32, 35, Depths:3)
  a +0 arbalest
(33, 35, Depths:3)
  a cursed -1 arbalest
(35, 21, Depths:3)
  a +1 long sword of slicing
  a +0 ring mail
  a +0 buckler
(39, -11, Depths:3)
  a +0 dire flail
  a +0 dire flail
(39, 14, Depths:3)
  a cursed -1 long sword
(44, 4, Depths:3)
  a plate armour
(44, 15, Depths:3)
  a +2 dire flail of protection
  a +0 great mace
(44, 25, Depths:3)
  a robe
(48, 15, Depths:3)
  a +0 buckler
  a +0 ring mail of poison resistance
  a +0 war axe
  a +0 mace
  a +0 arbalest
(48, 34, Depths:3)
  a +0 robe
  a +0 dagger
(49, 20, Depths:3)
  a mace
(51, 13, Depths:3)
  a +0 robe
  a +2 battleaxe of freezing
(53, 14, Depths:3)
  a large rock
(54, 14, Depths:3)
  4 large rocks
(55, 14, Depths:3)
  a large rock
(55, 20, Depths:3)
  a large rock
(56, 23, Depths:3)
  a large rock
(57, 4, Depths:3)
  a +0 shield
  a +0 leather armour
  a +0 long sword
(57, 22, Depths:3)
  a large rock
(57, 24, Depths:3)
  a large rock
(58, 22, Depths:3)
  2 large rocks
(60, 25, Depths:3)
  a large rock
(60, 26, Depths:3)
  a +0 robe
  a +0 dagger
  a +0 robe
  a +0 dagger
  a +0 plate armour
  a +3 battleaxe
  a +1 great sword of flaming
(63, 2, Depths:3)
  a club
(63, 29, Depths:3)
  a chain mail

Level 4 of the Depths
(0, 0, Depths:4)
  a +2 pair of boots
  a +2 cloak of magic resistance
  the +2 chain mail of Heryubbi {rPois rF+ Str-2 Int+7}
    It affects your strength (-2).
    It affects your intelligence (+7).
    It protects you from fire.
    It protects you from poison.
  +0 gold dragon scales
  a +1 cloak of invisibility
  a +1 cloak of poison resistance
  the +0 pair of gloves of Okawaru's Regard {+Fly rC++}
    It greatly protects you from cold.
    It lets you fly.
  a scarf of spirit shield
  7 scrolls of enchant armour
  +0 shadow dragon scales
  a +0 large shield of fire resistance
(0, 1, Depths:4)
  a +2 pair of gloves
  a +0 plate armour
  a +2 helmet
  a +1 chain mail of poison resistance
  the +1 chain mail of Faepiq {*Drain MR++ Str+3 Dex+3}
    It affects your strength (+3).
    It affects your dexterity (+3).
    It affects your resistance to hostile enchantments.
    It causes draining when unequipped.
  a +0 plate armour of fire resistance
  a scarf of repulsion
  quicksilver dragon scales
  a +0 cloak of poison resistance
  a +2 pair of gloves
(1, 0, Depths:4)
  the +8 rapier of the Globe {holy, +Inv MP+9 Str+2 Int+3}
    It has been blessed by the Shining One to cause great damage to the undead
    and demons.
    
    It affects your strength (+2).
    It affects your intelligence (+3).
    It affects your magic capacity (+9).
    It lets you turn invisible.
  3 exploding tomahawks
  the +8 hand crossbow "Mamn" {elec, rF+}
    It charges the ammunition it shoots with electricity; occasionally upon a
    hit, such missiles may discharge and cause terrible harm.
    
    It protects you from fire.
  a +9 trident of flaming
  a +4 broad axe of chopping
  6 javelins of returning
  12 javelins
  10 needles of frenzy
  32 tomahawks
  11 curare-tipped needles
  106 poisoned needles
  a +2 hunting sling of velocity
  6 needles of paralysis
  10 steel javelins
  3 javelins of penetration
  2177 bolts
  a +5 trident of freezing
  4 silver tomahawks
  6 throwing nets
  25 needles of confusion
  a +9 long sword of holy wrath
  3 silver javelins
  the +9 hand axe of the Toadstool {freeze, +Inv MP+9}
    It has been specially enchanted to freeze those struck by it, causing extra
    injury to most foes and up to half again as much damage against particularly
    susceptible opponents. It can also slow down cold-blooded creatures.
    
    It affects your magic capacity (+9).
    It lets you turn invisible.
  2 poisoned javelins
  9 tomahawks of returning
  a +5 war axe of flaming
  a +4 spear
  a +6 hand axe of electrocution
  a +6 dagger
  29 needles of sleeping
(1, 1, Depths:4)
  a +3 sacred scourge of holy wrath
  a +4 scimitar of holy wrath
  a +4 antimagic flail
  a +4 demon trident
  a +4 demon trident
  a +0 demon trident
  a +0 spear of venom
  a +1 whip of draining
  a +0 hand crossbow
  a +1 antimagic morningstar
  a +0 trident of venom
  a +4 war axe
  a +5 scimitar
  a +3 war axe
  a +2 trident of flaming
  a vampiric spear
  a +1 scimitar of distortion
  a +0 dagger of chaos
  a +0 short sword of venom
  a +0 morningstar of protection
  a +2 antimagic long sword
  a +1 mace of crushing
  the +1 hand crossbow "Gabam" {speed, Int+4 SInv}
    Attacks with this weapon are significantly faster.
    
    It affects your intelligence (+4).
    It lets you see invisible.
(2, 0, Depths:4)
  the +11 plutonium sword {*Contam Stlth-}
    It causes magical contamination when unequipped.
    It makes you less stealthy.
  a runed quarterstaff
  the +6 quarterstaff of Remomo {crush, rC+}
    It inflicts extra damage upon your enemies.
    
    It protects you from cold.
  a +2 antimagic halberd
  a +3 halberd
  a +3 great mace of protection
  the +6 dire flail of Riruusch {crush, *Noise rN+ MR+ Stlth+}
    It inflicts extra damage upon your enemies.
    
    It protects you from negative energy.
    It affects your resistance to hostile enchantments.
    It may make noises in combat.
    It makes you more stealthy.
  a glowing battleaxe
  a +4 battleaxe of venom
  a +3 battleaxe of freezing
  a +4 battleaxe of flaming
  the cursed +3 arbalest of Triumph {speed, rN+ Str-5 Int+4 Stlth+}
    Attacks with this weapon are significantly faster.
    
    It affects your strength (-5).
    It affects your intelligence (+4).
    It protects you from negative energy.
    It makes you more stealthy.
    It has a curse placed upon it.
  a +3 arbalest
  a +0 arbalest of velocity
  a glowing battleaxe
  a glowing executioner's axe
  1482 arrows
(2, 1, Depths:4)
  the +7 battleaxe "Vajol" {drain, Dex+2}
    A truly terrible weapon, it drains the life of those it strikes.
    
    It affects your dexterity (+2).
    
    The Shining One disapproves of the use of such an item.
  the cursed +0 arbalest of the Dungeon {venom, MR+}
    It poisons the ammo it fires.
    
    It affects your resistance to hostile enchantments.
    It has a curse placed upon it.
(3, 0, Depths:4)
  a wand of digging (16)
  an uncursed ring of protection from fire
  4 potions of berserk rage
  a scroll of torment
  an uncursed staff of cold
  an uncursed staff of energy
  9 potions of ambrosia
  43 scrolls of remove curse
  5 scrolls of magic mapping
  a manual of Ice Magic
  a wand of scattershot (17)
  the ring of Morality {+Blink rPois SInv}
    [ring of poison resistance]
    
    It protects you from poison.
    It lets you see invisible.
    It lets you blink.
  the amulet "Korchupif" {Acrobat rElec}
    [amulet of the acrobat]
    
    It helps you evade while moving and waiting.
    It insulates you from electricity.
  an uncursed ring of fire
  an uncursed staff of wizardry
  3 scrolls of summoning
  an uncursed ring of ice
  3 scrolls of silence
  a wand of polymorph (43)
  7 scrolls of vulnerability
  5 sacks of spiders
  an uncursed staff of poison
  an uncursed ring of protection from magic
  7 potions of invisibility
  an uncursed amulet of the gourmand
  an uncursed amulet of faith
  an uncursed staff of conjuration
  an uncursed staff of air
  an uncursed amulet of rage
  an uncursed ring of positive energy
  2 phantom mirrors
  a wand of iceblast (108)
  a wand of paralysis (39)
  36 scrolls of identify
  a manual of Staves
  an uncursed amulet of guardian spirit
  15 potions of flight
  the ring "Leom" {rC+ SInv}
    [ring of protection from cold]
    
    It protects you from cold.
    It lets you see invisible.
  a +4 ring of strength
  a +2 amulet of reflection
  10 scrolls of fear
  9 potions of mutation
(3, 1, Depths:4)
  the horn of Geryon
  a lamp of fire
  an uncursed ring of positive energy
  a +1 ring of protection
  2 scrolls of torment
  an uncursed ring of protection from cold
  an uncursed staff of power
  an uncursed ring of flight
  an uncursed amulet of magic regeneration
  an uncursed ring of flight
  an uncursed amulet of harm
  an uncursed amulet of the acrobat
  an uncursed ring of protection from fire
  a wand of clouds (6)
(4, -30, Depths:4)
  a +0 troll leather armour
(5, 4, Depths:4)
  a cloak
(7, -6, Depths:4)
  a robe
(11, -4, Depths:4)
  a cursed -3 short sword
(13, -6, Depths:4)
  a +0 robe
(15, -38, Depths:4)
  a spear
(17, -32, Depths:4)
  a +0 robe
(20, -10, Depths:4)
  a large rock
(20, -9, Depths:4)
  3 large rocks
(21, -36, Depths:4)
  a +0 robe
(21, -26, Depths:4)
  a dagger
(21, -22, Depths:4)
  a heavily runed ring mail
(21, -8, Depths:4)
  a large rock
(22, -38, Depths:4)
  a +0 chain mail
  a +1 broad axe of flaming
(22, -3, Depths:4)
  a large rock
(23, -32, Depths:4)
  a +3 flail of venom
(25, -30, Depths:4)
  a +0 robe
  a +2 lajatang of electrocution
(25, -20, Depths:4)
  +0 fire dragon scales
(25, -5, Depths:4)
  a robe
(25, -3, Depths:4)
  a +0 arbalest
  a +1 dagger of protection
(27, -16, Depths:4)
  a helmet
(28, -31, Depths:4)
  a +2 long sword of holy wrath
  a +0 ring mail
  a +0 buckler
  a +5 glaive of freezing
  a +0 arbalest
(29, -40, Depths:4)
  a +0 plate armour
  a +0 war axe of chopping
(29, -39, Depths:4)
  a +1 great sword of flaming
  a +2 battleaxe of freezing
(30, -39, Depths:4)
  +0 fire dragon scales
  a +0 robe
  a +1 dagger of venom
(31, -40, Depths:4)
  a +0 arbalest
(31, -39, Depths:4)
  a +0 arbalest
  a +1 battleaxe of freezing
  a +0 arbalest
  a +2 robe of magic resistance
  a +0 halberd
(32, -39, Depths:4)
  a +0 arbalest
(32, -30, Depths:4)
  a trident
(32, 6, Depths:4)
  a chain mail
(33, -26, Depths:4)
  a large rock
(34, -36, Depths:4)
  +0 ice dragon scales
(34, -26, Depths:4)
  8 bolts
  +0 storm dragon scales
(34, -6, Depths:4)
  a ring of magical power
(35, -27, Depths:4)
  a large rock
(38, -26, Depths:4)
  a +0 arbalest
(40, -10, Depths:4)
  a spear
(44, -16, Depths:4)
  a +3 glaive of distortion
(45, -23, Depths:4)
  a +0 chain mail
  a +0 great sword
(46, -14, Depths:4)
  a +2 great sword of flaming
(47, -24, Depths:4)
  a large rock
(48, -32, Depths:4)
  2 large rocks
(48, -28, Depths:4)
  a +0 robe
  a +0 whip
(48, -24, Depths:4)
  a large rock
(49, -24, Depths:4)
  2 large rocks
(51, -41, Depths:4)
  an arbalest
(51, -19, Depths:4)
  a +0 plate armour
  a +0 great mace
(51, -7, Depths:4)
  a +0 dire flail
  a +0 dire flail
(52, -43, Depths:4)
  a +1 great sword of flaming
(53, -24, Depths:4)
  a large rock
(54, -24, Depths:4)
  a +2 great sword of flaming

Level 5 of the Depths
(0, 0, Depths:5)
  the cursed +1 hunting sling "Zamu" {flame, rF++}
    It causes projectiles fired from it to burn those they strike, causing extra
    injury to most foes and up to half again as much damage against particularly
    susceptible opponents.
    
    It greatly protects you from fire.
    It has a curse placed upon it.
(3, 7, Depths:5)
  a +0 battleaxe of freezing
(24, -22, Depths:5)
  a cursed +0 arbalest
(24, -5, Depths:5)
  a +2 buckler
  a +0 trident
(25, -22, Depths:5)
  a +0 arbalest
(26, -21, Depths:5)
  a +0 arbalest
(27, -21, Depths:5)
  a +0 arbalest
(29, -8, Depths:5)
  a +0 arbalest
(39, -3, Depths:5)
  a cursed +0 buckler
  a +3 arbalest
(39, -2, Depths:5)
  a +0 arbalest
(40, -9, Depths:5)
  a war axe
(40, -4, Depths:5)
  +0 steam dragon scales
(40, -3, Depths:5)
  a +0 dire flail
  a +0 dire flail
(40, -2, Depths:5)
  a +0 halberd
(41, -2, Depths:5)
  a +0 arbalest
(43, -3, Depths:5)
  a +0 short sword
(47, 24, Depths:5)
  a book of Battle
(48, -31, Depths:5)
  a +0 arbalest
(48, -30, Depths:5)
  a +0 arbalest
(48, -29, Depths:5)
  a +0 arbalest
(48, -18, Depths:5)
  a +0 battleaxe of freezing
(48, 12, Depths:5)
  a +0 dire flail
(49, -29, Depths:5)
  a cursed +0 arbalest
(49, -18, Depths:5)
  a +0 arbalest
(50, -12, Depths:5)
  a +0 buckler
(50, -2, Depths:5)
  a +0 arbalest
(50, 9, Depths:5)
  +0 swamp dragon scales
  +0 swamp dragon scales
(50, 10, Depths:5)
  a +0 trident
(51, -16, Depths:5)
  a +4 great sword of flaming
(54, -11, Depths:5)
  a cursed -3 arbalest
(54, 20, Depths:5)
  26 bolts
(55, -11, Depths:5)
  a +0 arbalest
(55, 20, Depths:5)
  a +0 long sword
  a +0 battleaxe
(61, 4, Depths:5)
  a +0 cloak
(62, -6, Depths:5)
  a long sword
(62, 5, Depths:5)
  a +0 cloak
  a +1 long sword of holy wrath
(66, 16, Depths:5)
  a +0 halberd
(67, -12, Depths:5)
  a book of Necromancy
(68, 10, Depths:5)
  a cursed -3 hand axe

