Pigguh

Level 1 of the Dungeon
(6, 15, D:1)
  a +0 dagger
(15, -17, D:1)
  a +0 whip
(54, -25, D:1)
  a +0 dagger
(55, 15, D:1)
  a chain mail
(65, -13, D:1)
  a +0 club

Level 2 of the Dungeon
(0, 0, D:2)
  a +0 club
  a cursed -2 club
(21, 38, D:2)
  the felid skeleton of Natasha
(25, -3, D:2)
  a +0 club
(29, 17, D:2)
  a mace
(35, 21, D:2)
  a club
(42, 4, D:2)
  a whip
(52, 0, D:2)
  a spear

Level 3 of the Dungeon
(0, 0, D:3)
  a potion of degeneration
(13, 11, D:3)
  a +0 mace
(15, -13, D:3)
  a +0 club
(21, 21, D:3)
  a hand axe
(30, -24, D:3)
  a +0 robe
  a +0 dagger
(31, -25, D:3)
  a +0 robe
  a +0 dagger
(40, -19, D:3)
  a +0 dagger
(42, 0, D:3)
  a robe
(43, -18, D:3)
  a +0 robe
  a +0 dagger
(50, 5, D:3)
  a stone
(55, -10, D:3)
  a +0 robe
(60, 2, D:3)
  a +0 dagger
  a +0 robe

Level 4 of the Dungeon
(0, 0, D:4)
  20 sling bullets
(0, 1, D:4)
  7 gold pieces

