Puotz

Level 1 of the Dungeon
(7, -15, D:1)
  a +0 club
(28, -14, D:1)
  a +0 dagger
(49, 10, D:1)
  a leather armour

Level 2 of the Dungeon
(0, 0, D:2)
  a mace
(7, 51, D:2)
  a mace
(18, 35, D:2)
  a +0 short sword
(23, 14, D:2)
  a +0 robe
(24, 16, D:2)
  a +0 club
(31, 21, D:2)
  a +0 dagger
  a +0 club
  a +0 club
  a +0 club
(31, 22, D:2)
  a +0 dagger
(33, 33, D:2)
  a mace
(35, 28, D:2)
  a +0 morningstar
(35, 57, D:2)
  a cursed -2 hunting sling
  a +0 dagger
(47, 27, D:2)
  a spear

Level 3 of the Dungeon
(0, 0, D:3)
  a +0 club
(4, -6, D:3)
  a +0 leather armour
  a +0 whip
(10, 3, D:3)
  a potion of mutation
(40, -5, D:3)
  a +0 club
  an orc skeleton
(48, 18, D:3)
  a +0 club
(50, -1, D:3)
  a +0 leather armour
(54, 33, D:3)
  a cursed -1 club

Level 4 of the Dungeon
[Shop] Roloeh's Jewellery Shoppe
  an uncursed amulet of harm (unknown) (420 gold)
  an uncursed amulet of guardian spirit (unknown) (420 gold)
  the ring "Plog" {rCorr *Corrode Str+5 Int+2 Slay+2} (623 gold)
    [ring of resist corrosion]
    
    It affects your strength (+5).
    It affects your intelligence (+2).
    It affects your accuracy and damage with ranged weapons and melee attacks
    (+2).
    It may corrode you when you take damage.
  an uncursed ring of positive energy (unknown) (280 gold)
  a +2 ring of strength (unknown) (105 gold)
  a cursed ring of attention (unknown) (63 gold)
  an uncursed ring of see invisible (unknown) (210 gold)
  an uncursed amulet of the acrobat (unknown) (420 gold)
  a +3 ring of intelligence (unknown) (219 gold)
  an uncursed amulet of the gourmand (unknown) (420 gold)
  an uncursed ring of stealth (unknown) (245 gold)
(0, 0, D:4)
  a stone
(0, 1, D:4)
  a stone
(1, -1, D:4)
  a stone
(2, -5, D:4)
  a stone
(2, -4, D:4)
  a stone
(2, -3, D:4)
  a stone
(2, 3, D:4)
  a leather armour
(3, -3, D:4)
  a stone
(4, 0, D:4)
  a stone
  (unseen)
(10, 3, D:4)
  2 stones
(11, 3, D:4)
  a stone
(12, 13, D:4)
  14 gold pieces
(14, 6, D:4)
  a +1 flail of holy wrath
  a +0 club
  a +0 club
  an orc skeleton
  an orc skeleton
  an orc skeleton
(14, 8, D:4)
  an orc skeleton
(15, 6, D:4)
  a +0 dagger
  an orc skeleton

