Puylacsi

Level 1 of the Dungeon
(0, 0, D:1)
  a +0 dagger
(3, -9, D:1)
  a robe
(6, 4, D:1)
  a dagger
(15, 1, D:1)
  a robe
(16, 11, D:1)
  a robe
(20, 34, D:1)
  a +0 whip
(41, 31, D:1)
  a +0 club

Level 2 of the Dungeon
(0, 0, D:2)
  a +0 club
(11, 25, D:2)
  a +0 dagger
  a +0 club
(34, 35, D:2)
  a +0 club
(44, 14, D:2)
  a ring mail

Level 3 of the Dungeon
(0, 0, D:3)
  a +0 club
  a +0 hunting sling
(0, 1, D:3)
  a +0 club
(2, 8, D:3)
  a +0 dagger
(13, 17, D:3)
  a +0 club
  a +1 animal skin
  a +0 helmet
(18, 12, D:3)
  a +0 club
(21, 7, D:3)
  a +0 club
(26, 21, D:3)
  a whip
(27, 11, D:3)
  a mace
  a hunting sling
  a hunting sling
  a +0 dagger
(32, 17, D:3)
  a potion of degeneration
(35, -19, D:3)
  a +0 dagger
(36, 15, D:3)
  a robe
(39, 16, D:3)
  a +0 dagger
(39, 24, D:3)
  a +0 dagger
(39, 36, D:3)
  a +0 dagger
(45, 18, D:3)
  a +0 club
(57, 17, D:3)
  a naga barding

Level 4 of the Dungeon
(2, 24, D:4)
  a mace
(9, 8, D:4)
  a short sword
(19, 18, D:4)
  a club
(19, 20, D:4)
  a +0 chain mail
  a +0 dagger
(29, 18, D:4)
  a robe
(37, -3, D:4)
  a dagger
(40, 2, D:4)
  a -1 hunting sling
  a +0 ring mail
(40, 14, D:4)
  a +0 giant spiked club
(40, 16, D:4)
  a +0 leather armour
  a +0 club
(43, 6, D:4)
  a dagger
(48, 17, D:4)
  a +0 animal skin
  a leather armour

Level 5 of the Dungeon
(0, 0, D:5)
  a leather armour
(20, 23, D:5)
  a +0 scale mail
(22, 24, D:5)
  a +0 leather armour
(35, 1, D:5)
  a whip
(44, -18, D:5)
  a +0 giant club
(46, 12, D:5)
  a rapier
(57, -17, D:5)
  a hand axe
(58, -6, D:5)
  a robe

Level 6 of the Dungeon
(0, 0, D:6)
  a leather armour
(3, -15, D:6)
  a +0 scale mail
  a +0 flail
(3, -14, D:6)
  a +0 leather armour
  a +0 club
(3, 9, D:6)
  a +0 scale mail
(5, -12, D:6)
  a +0 ring mail
(5, 10, D:6)
  a +0 ring mail
  a +0 hand axe
  a +0 chain mail
  a +0 war axe
(6, 10, D:6)
  a +0 falchion
(7, 12, D:6)
  a +0 club
(7, 14, D:6)
  a ring mail
(9, 12, D:6)
  a cursed -3 mace
(17, -22, D:6)
  a +2 robe of cold resistance
  a +0 hand axe
(19, -25, D:6)
  a +0 dagger
(33, -15, D:6)
  a +0 leather armour

Level 7 of the Dungeon
[Shop] Wuowago's Weapon Boutique
  6 needles of sleeping (30 gold)
  12 stones (12 gold)
  a +0 dagger (20 gold)
  a +0 dagger (20 gold)
  a +2 halberd of distortion (220 gold)
  a +1 shortbow of freezing (124 gold)
  a +0 halberd (40 gold)
  a +0 flail (35 gold)
  10 stones (10 gold)
  a +0 club (10 gold)
  a +0 hand axe (30 gold)
  a +0 dagger (20 gold)
(0, 0, D:7)
  a chain mail
(6, 5, D:7)
  a +0 dagger
  a +0 robe
(13, 4, D:7)
  a +0 club
(13, 5, D:7)
  a +0 spear
(14, 40, D:7)
  a mace
(15, 1, D:7)
  a leather armour
(15, 10, D:7)
  a cursed -2 shortbow
(23, 37, D:7)
  a +0 shortbow
(24, -6, D:7)
  a +0 club
(30, -12, D:7)
  a dagger
  a +0 hand axe
(31, -12, D:7)
  a +0 club
  a +0 club
(34, -12, D:7)
  a +0 giant club
(35, -12, D:7)
  a +0 short sword
(35, 20, D:7)
  a rapier
(37, -12, D:7)
  a +0 scale mail
(38, -12, D:7)
  a +0 robe
  a +0 spear
  a +0 trident
(38, -10, D:7)
  a +0 robe
  a +0 dagger
  a cursed +0 dagger
  a +0 shortbow
(39, -12, D:7)
  a +0 spear
(39, -11, D:7)
  a +0 scale mail
  a +0 shortbow
  a +0 scale mail
  a +0 war axe
  a +0 falchion
  a +0 morningstar
(39, -10, D:7)
  a +0 leather armour
(40, -12, D:7)
  a +0 flail
(41, -2, D:7)
  a +0 club
(42, -2, D:7)
  a cursed -2 club
(44, -2, D:7)
  a cursed -1 whip
(54, 51, D:7)
  a +0 chain mail
  a +0 dagger

Level 8 of the Dungeon
(0, 0, D:8)
  a ring mail
(9, -28, D:8)
  a flail
(10, 2, D:8)
  a +0 mace
(14, 2, D:8)
  a +0 ring mail
  a +0 falchion
(15, -21, D:8)
  a leather armour
(18, 5, D:8)
  a +0 dagger
  a +0 robe
(23, -18, D:8)
  a +0 giant club
(25, -12, D:8)
  a +0 chain mail
  a +0 long sword
(25, 11, D:8)
  a helmet
(27, -4, D:8)
  a club
(30, 4, D:8)
  a scale mail
(35, -15, D:8)
  a +0 mace
(35, -2, D:8)
  a +0 morningstar
(40, -19, D:8)
  a robe

Level 9 of the Dungeon
(7, -23, D:9)
  a whip
(16, -21, D:9)
  a war axe
(17, 10, D:9)
  a cursed -2 ring of intelligence
  a +0 robe
  a cursed +0 dagger
(17, 11, D:9)
  a cursed -2 whip
  a +0 leather armour
  a +0 club
(18, 11, D:9)
  a +0 dagger
(25, -11, D:9)
  a +0 hand axe
  a +0 dagger
  a +0 flail
  a +0 hand axe
  a +0 dagger
  a +0 robe
  a +0 dagger
  a +0 robe
  a +0 dagger
(26, -11, D:9)
  a +0 falchion
(28, -4, D:9)
  a robe
(29, -4, D:9)
  a +0 leather armour
  a +0 dagger
  a +0 trident
  a +0 leather armour
  a +0 mace
  a +0 trident
(30, -4, D:9)
  a scale mail
  a +0 leather armour
(30, -3, D:9)
  a +0 scale mail
  a +0 dagger
(30, 4, D:9)
  a +0 leather armour
(31, -5, D:9)
  a +0 chain mail
  a +0 mace
  a +0 club
(32, 3, D:9)
  a +1 leather armour of cold resistance
(33, 6, D:9)
  a +0 hunting sling
(35, -9, D:9)
  a +0 flail
(36, -19, D:9)
  a +0 giant club
  a +0 giant spiked club
(36, -10, D:9)
  a +0 dagger
  a +0 short sword
  a +0 short sword
  a +0 leather armour
  a +0 flail
(37, -10, D:9)
  a +0 trident
(37, -1, D:9)
  a +0 dagger
(37, 2, D:9)
  a +0 ring mail
  a +0 short sword
  a +0 leather armour
  a +0 short sword
(37, 3, D:9)
  a +0 scale mail
(37, 4, D:9)
  a +0 ring mail
  a +0 leather armour
  a +0 flail
(38, 4, D:9)
  a +0 flail

Level 10 of the Dungeon
(1, -3, D:10)
  +0 acid dragon scales
(1, -2, D:10)
  a +2 leather armour of fire resistance
  a +2 leather armour of cold resistance
(2, -3, D:10)
  a +1 hand axe of electrocution
  a +3 flail of crushing
  a +0 short sword of speed
  a +2 dagger of holy wrath
  a +1 trident of flaming
  a +5 flail
  a +3 flail
  a +1 hand axe
  a +0 spear of venom
  a +2 trident of pain
  a +0 dagger of speed
  114 bolts
  2 silver tomahawks
  a +4 dagger of chaos
  a +2 mace of holy wrath
  a +2 falchion of freezing
  a +0 trident of venom
  a +1 whip of venom
  a +2 dagger of protection
  a +4 hunting sling of flaming
  7 javelins of returning
(3, -4, D:10)
  a runed quarterstaff
(3, -3, D:10)
  a +3 great sword
  248 arrows
  a +4 halberd of flaming
  a +0 quarterstaff of draining
  a +4 quarterstaff of chaos
  a +3 halberd
(4, -6, D:10)
  a +0 robe
  a +0 dagger
(4, -4, D:10)
  a scroll labeled QOPLAGUCAPN
(4, -3, D:10)
  2 potions of might
  2 potions of cancellation
  2 potions of agility
  a crystal ball of energy
  2 potions of mutation
  a scroll of noise
  a potion of berserk rage
  3 scrolls of amnesia
  an uncursed ring of wizardry
  3 potions of magic
  a scroll of brand weapon
  an uncursed staff of fire
  2 scrolls of vulnerability
  an uncursed staff of poison
  a scroll of silence
  a potion of invisibility
  a potion of brilliance
(12, -45, D:10)
  a +1 leather armour of fire resistance
(17, -48, D:10)
  a +0 robe
  a +0 dagger
(17, -47, D:10)
  a +0 flail
(18, -49, D:10)
  a +0 leather armour
  a +0 mace
(18, -8, D:10)
  a war axe
(19, -49, D:10)
  a +0 hand axe
(19, -48, D:10)
  a +0 chain mail
  a +0 falchion
(39, -1, D:10)
  a shortbow
(40, -15, D:10)
  a +2 robe of magic resistance
(41, -15, D:10)
  a +0 chain mail
  a +0 glaive
(45, -6, D:10)
  a rapier
(49, -25, D:10)
  a +0 shortbow
(54, -33, D:10)
  a flail

Level 11 of the Dungeon
[Shop] Senkekk's Antique Weapon Shop
  a club (30 gold)
  a hand crossbow (105 gold)
  a morningstar (120 gold)
  the +7 Singing Sword {slice, sonic wave} (3000 gold)
    It inflicts extra damage upon your enemies.
(0, 0, D:11)
  a +0 club
  a +0 ring mail
(1, -1, D:11)
  a +0 flail
(2, 33, D:11)
  a +0 robe
  a +0 dagger
(4, 3, D:11)
  a halberd
(5, 35, D:11)
  a +0 dagger
(6, -8, D:11)
  a +0 robe
(6, -7, D:11)
  a +0 leather armour
(7, -7, D:11)
  a +0 robe
  a +0 dagger
  a +0 robe
  a +0 dagger
(7, 36, D:11)
  a +0 long sword
  a +0 chain mail
  a +0 flail
  a +0 club
  a cursed +0 leather armour
  a +0 morningstar
  a cursed +0 leather armour
  a +0 dagger
  a +0 robe
(26, -9, D:11)
  a +0 robe
(27, -11, D:11)
  a +0 robe
(27, -10, D:11)
  a +0 robe
  a +0 robe
(27, -9, D:11)
  a cursed +0 robe
  a +0 great sword
(32, 1, D:11)
  a +0 giant spiked club
  a +0 giant club
(32, 10, D:11)
  a +0 giant spiked club
  a +0 giant club
(37, 34, D:11)
  a hand axe
(39, -7, D:11)
  a plate armour
(40, -8, D:11)
  a short sword

the Ecumenical Temple

Level 1 of the Orcish Mines
[Shop] Naoll's Weapon Boutique
  33 arrows (99 gold)
  a +0 spear (45 gold)
  a +1 falchion of slicing (172 gold)
  a +0 trident (52 gold)
  17 stones (25 gold)
  a +0 mace (45 gold)
  a +1 battleaxe of electrocution (348 gold)
(0, 0, Orc:1)
  a +0 short sword
(1, -1, Orc:1)
  a +0 dagger
  a +0 robe
(11, -14, Orc:1)
  a +0 chain mail
  a +0 broad axe
(12, -15, Orc:1)
  a +0 chain mail
  a +0 hand axe of chopping
(13, -11, Orc:1)
  a +0 leather armour
  a cursed -2 club
(13, -10, Orc:1)
  a +0 leather armour
  a +0 club
(15, -16, Orc:1)
  a +0 giant club
  a +0 whip
  a +0 chain mail
  a +0 war axe
(15, -3, Orc:1)
  a +0 dire flail
  a +0 plate armour
(16, -16, Orc:1)
  a +0 flail
  a +0 hand axe
(16, -7, Orc:1)
  a +0 whip
(17, -17, Orc:1)
  a +0 ring mail
  a +0 war axe
  a +0 whip
  a +0 scale mail
(18, -4, Orc:1)
  a +0 chain mail
(20, -17, Orc:1)
  a +0 hand axe
(21, -5, Orc:1)
  a +0 hand axe
(25, -7, Orc:1)
  a +0 club
(26, 2, Orc:1)
  a +0 club

Level 1 of the Lair of Beasts
(0, 0, Lair:1)
  a leather armour
(5, 1, Lair:1)
  a leather armour
(17, -27, Lair:1)
  a trident
(28, -16, Lair:1)
  a +0 chain mail
(28, -15, Lair:1)
  a falchion
(31, -12, Lair:1)
  a spear
(38, -27, Lair:1)
  a robe

Level 2 of the Lair of Beasts
(0, 0, Lair:2)
  a ring mail
(10, 26, Lair:2)
  a battleaxe
(12, 11, Lair:2)
  a trident
(14, -14, Lair:2)
  a cloak
(21, 10, Lair:2)
  a +0 pair of gloves
(28, -12, Lair:2)
  a scale mail
(39, 17, Lair:2)
  a rapier
(48, -14, Lair:2)
  a rapier
(51, 5, Lair:2)
  a scale mail
(54, -11, Lair:2)
  a plate armour

Level 3 of the Lair of Beasts
(0, 0, Lair:3)
  a scale mail
(0, 24, Lair:3)
  a leather armour
(7, 12, Lair:3)
  a long sword
(19, 27, Lair:3)
  the +3 ring mail of Catatonia {*Slow Int+6 Slay+5}
    It affects your intelligence (+6).
    It affects your accuracy and damage with ranged weapons and melee attacks
    (+5).
    It may slow you when you take damage.
(20, 6, Lair:3)
  a +0 spear
(23, 25, Lair:3)
  a great mace
(29, -17, Lair:3)
  a ring mail
(41, 9, Lair:3)
  27 bolts

Level 4 of the Lair of Beasts
(0, 0, Lair:4)
  a quarterstaff
(4, 16, Lair:4)
  a war axe
(31, 36, Lair:4)
  a falchion

Level 5 of the Lair of Beasts
(0, 0, Lair:5)
  a leather armour
(3, -20, Lair:5)
  a ring mail
(21, 4, Lair:5)
  a dagger
(30, -23, Lair:5)
  a buckler
(34, 8, Lair:5)
  a robe
(34, 13, Lair:5)
  an uncursed ring of teleportation
(54, 2, Lair:5)
  a war axe

Level 6 of the Lair of Beasts
(14, -16, Lair:6)
  a glowing great sword {god gift}
(31, -18, Lair:6)
  10 bolts
  a +0 short sword
  a cursed +0 robe
(40, 13, Lair:6)
  a +0 blowgun
  a +0 spear
(43, -21, Lair:6)
  a +0 rapier
  a +0 robe
(43, 13, Lair:6)
  a +0 robe
  a +0 dagger of freezing
(44, -1, Lair:6)
  a glowing hand crossbow
(50, -12, Lair:6)
  a scroll labeled QOPLAGUCAPN
(54, 17, Lair:6)
  a +0 robe
  a +0 dagger
(56, -30, Lair:6)
  a yak skeleton
(57, 12, Lair:6)
  23 arrows
(58, -28, Lair:6)
  a yak skeleton
(63, -6, Lair:6)
  2 potions of lignification
(65, -36, Lair:6)
  an encrusted falchion
(65, -28, Lair:6)
  a +0 buckler
  a +0 robe
  a +0 rapier
  a +2 buckler
  a cursed +0 robe
  a +0 rapier
(66, -35, Lair:6)
  21 arrows
  a war axe
(66, -27, Lair:6)
  a +0 robe
  a +0 short sword
  a +0 buckler
  a +0 robe
  a cursed +0 dagger
(66, -13, Lair:6)
  a +0 robe
  a +0 rapier
  a +0 robe
  a +0 short sword
(66, 0, Lair:6)
  a +0 spear

