Pybit

Level 1 of the Dungeon
(0, 0, D:1)
  a whip
(8, -1, D:1)
  a +0 club
(19, 4, D:1)
  a +0 dagger
(25, 1, D:1)
  a +0 club
(28, 3, D:1)
  a +0 club
(29, 2, D:1)
  a +0 short sword
(32, 10, D:1)
  a +0 club
(33, -9, D:1)
  a robe
(36, 13, D:1)
  a +0 whip

Level 2 of the Dungeon
(0, 0, D:2)
  a frilled lizard skeleton
(8, 51, D:2)
  a +0 club
(13, 21, D:2)
  a robe
(36, 5, D:2)
  a +0 dagger
(37, 4, D:2)
  a +0 dagger
(39, 11, D:2)
  a +0 club
  a hobgoblin skeleton
  a hobgoblin skeleton
(39, 39, D:2)
  a +0 club
(40, -1, D:2)
  a +0 club
(45, 0, D:2)
  a dagger

Level 3 of the Dungeon
(0, 0, D:3)
  21 stones

