Ridapsy

Level 1 of the Dungeon
(0, 0, D:1)
  a scale mail
(4, -8, D:1)
  a +0 scale mail
(6, 33, D:1)
  a leather armour
(13, 10, D:1)
  a +0 dagger
(13, 11, D:1)
  a +0 club
(16, 35, D:1)
  a short sword
(18, -6, D:1)
  a dagger
(25, 6, D:1)
  a dagger
(33, 24, D:1)
  a robe
(44, 21, D:1)
  a potion of degeneration
(51, 8, D:1)
  a leather armour

Level 2 of the Dungeon
(0, 0, D:2)
  a club
  a club
(8, -26, D:2)
  a dagger
(18, -27, D:2)
  a robe
(30, -44, D:2)
  a +0 spear
  a cursed +0 leather armour
  a +0 war axe
(34, -30, D:2)
  a ring mail
(43, -35, D:2)
  a +0 leather armour
  a +0 club
(43, -33, D:2)
  a +0 flail
(44, -35, D:2)
  a +0 leather armour
  a +0 mace
(45, -42, D:2)
  a +0 dagger
(45, -21, D:2)
  a whip
(48, -19, D:2)
  a leather armour

Level 3 of the Dungeon
(0, 0, D:3)
  a ring mail
(5, 7, D:3)
  a hunting sling
(6, 13, D:3)
  a +0 club
(12, 0, D:3)
  a +0 giant club
(14, 12, D:3)
  a robe
(15, 20, D:3)
  a dagger
(23, -5, D:3)
  a mace
(32, 1, D:3)
  a cursed -1 ring mail
  a +0 club
(33, 1, D:3)
  a +0 robe
  a cursed -3 dagger
  a cursed +0 ring mail
  a cursed -1 hand axe
(34, 1, D:3)
  a +0 club
  a +0 club
(36, -12, D:3)
  a +0 robe
  a +0 dagger
  a cursed -1 flail
  a +0 chain mail
  a cursed +0 whip
  a +0 leather armour
  a +0 falchion
(38, -9, D:3)
  a ring mail
(43, 4, D:3)
  a +0 club
(47, 23, D:3)
  a +0 robe
  a +0 whip
  a +0 dagger
(48, 23, D:3)
  a +0 dagger
(60, 18, D:3)
  a potion of degeneration

Level 4 of the Dungeon
(0, 0, D:4)
  a cursed -1 giant club
  an ogre skeleton
(4, 4, D:4)
  a +0 dagger
  a +0 robe
(5, 17, D:4)
  a leather armour
  a short sword
(7, 12, D:4)
  a robe
(10, -2, D:4)
  a +0 hand axe
(12, 11, D:4)
  a leather armour
(15, -12, D:4)
  a robe
(15, -11, D:4)
  a +0 giant club
(16, 11, D:4)
  a morningstar
(18, 6, D:4)
  a +0 mace
(18, 27, D:4)
  a ring mail
(23, -4, D:4)
  a robe

