Riun

Level 1 of the Dungeon
(0, 0, D:1)
  a +0 club
(12, 0, D:1)
  a hand axe
(18, -10, D:1)
  a +0 club
(24, 5, D:1)
  a +0 club
(28, -14, D:1)
  a +0 club
(58, 7, D:1)
  a shiny centaur barding
(59, -13, D:1)
  a mace

Level 2 of the Dungeon
(0, 0, D:2)
  a +0 dagger
  a +0 dagger
  a cursed -3 club
  a +0 club
(1, 1, D:2)
  a +0 club
  a +0 dagger
  a +0 dagger
(1, 13, D:2)
  a short sword
(17, 14, D:2)
  a robe
(17, 22, D:2)
  a cursed -1 ring mail
  a +0 flail
(22, 20, D:2)
  a ring mail
  a +0 leather armour
  a scale mail
  a +0 robe
(28, -18, D:2)
  a +0 dagger
(30, -16, D:2)
  a potion of heal wounds
(33, -25, D:2)
  a plate armour
(33, -10, D:2)
  a +0 club
  a +0 dagger
  a +0 club
  a +0 club
  a +0 dagger
  a +0 club
(36, 0, D:2)
  a +0 dagger
(39, 8, D:2)
  a leather armour
(43, -6, D:2)
  a dagger
(43, 3, D:2)
  a +0 club
(52, -8, D:2)
  a +0 club

Level 3 of the Dungeon
(0, 0, D:3)
  a +0 dagger
(0, 1, D:3)
  a +0 robe
(0, 3, D:3)
  a +0 club
(2, -3, D:3)
  a hand axe
(6, -20, D:3)
  a +0 club
(19, 5, D:3)
  a cursed -1 club
(20, -3, D:3)
  a +0 ring mail
  a potion of heal wounds
(21, 5, D:3)
  a +0 robe
(23, 18, D:3)
  a +0 club
(24, 3, D:3)
  a +0 dagger
(26, 16, D:3)
  a quarterstaff
(32, -25, D:3)
  a dagger
(35, -20, D:3)
  a chain mail
(47, 21, D:3)
  a hand axe

Level 4 of the Dungeon
(0, 0, D:4)
  a +0 giant spiked club
(10, 33, D:4)
  a stone
(11, 34, D:4)
  a stone
(11, 35, D:4)
  a stone
(12, 37, D:4)
  a stone
(13, 38, D:4)
  a +0 club
  (unseen)
(26, 5, D:4)
  a chain mail
(36, 7, D:4)
  a +0 giant spiked club
(40, 38, D:4)
  a stone
(40, 40, D:4)
  a stone
(41, 35, D:4)
  5 large rocks
(41, 36, D:4)
  a stone
(42, 39, D:4)
  5 large rocks
(43, 37, D:4)
  3 large rocks
(43, 39, D:4)
  a scroll labeled ROFAMM YFEWK
(44, 40, D:4)
  2 large rocks
(46, 32, D:4)
  a robe
(49, 24, D:4)
  a +0 mace
(51, 25, D:4)
  a +0 whip
  a +0 ring mail
(56, 7, D:4)
  a +0 ring mail
  a cursed -3 hand axe
(56, 8, D:4)
  a cursed +0 robe
  a +0 dagger
  a +0 leather armour
  a +0 club
  a +0 robe
(60, 34, D:4)
  a +0 giant club

