Rudikh

Level 1 of the Dungeon
(0, 0, D:1)
  a club
(10, -34, D:1)
  15 stones
(12, -35, D:1)
  13 stones
(12, -25, D:1)
  a dagger
(14, -25, D:1)
  19 arrows
(17, -35, D:1)
  a +0 dagger
(18, -23, D:1)
  a +0 dagger
(23, -35, D:1)
  2 stones
(23, -3, D:1)
  a plate armour
(24, -35, D:1)
  a stone
(24, -19, D:1)
  18 bolts
(30, -29, D:1)
  a +0 flail
(32, -17, D:1)
  a ring mail
(44, -14, D:1)
  a +0 dagger

Level 2 of the Dungeon
(0, 0, D:2)
  a +0 club
(0, 13, D:2)
  a +0 club
(14, 20, D:2)
  a club
(14, 33, D:2)
  a +0 flail
(15, 33, D:2)
  a cursed +0 whip
(18, 13, D:2)
  a stone
  a +0 spear
(18, 14, D:2)
  a +0 mace
(23, 20, D:2)
  a scroll of enchant armour
(24, 15, D:2)
  16 arrows
(24, 17, D:2)
  a club
(34, 32, D:2)
  a runed dagger
(45, 22, D:2)
  a +0 dagger
(47, -4, D:2)
  a short sword

Level 3 of the Dungeon
(0, 0, D:3)
  a plate armour
(2, 7, D:3)
  9 arrows
(11, -1, D:3)
  a cursed +0 robe
  a +0 dagger
  a +0 dagger
(16, -23, D:3)
  11 arrows
(18, -16, D:3)
  a +0 leather armour
(18, -15, D:3)
  a chain mail
(19, -11, D:3)
  a cursed -1 club
(19, 13, D:3)
  a +0 dagger
(19, 19, D:3)
  a +0 club
(21, 7, D:3)
  a club
(22, -1, D:3)
  a helmet
(24, 18, D:3)
  a +0 morningstar
(29, -19, D:3)
  a +0 spear
(29, -16, D:3)
  a +0 dagger
  a +3 ring mail of cold resistance
  a +0 club
(33, 19, D:3)
  a short sword
(39, -21, D:3)
  13 sling bullets
(47, -23, D:3)
  a +0 club
(47, 22, D:3)
  a +0 club
(49, 17, D:3)
  a +0 club
(55, 0, D:3)
  16 stones
(56, -21, D:3)
  a +0 club
(57, -11, D:3)
  a +0 dagger
  a +0 robe
(60, -7, D:3)
  28 stones

Level 4 of the Dungeon
(0, 0, D:4)
  a stone
(2, 0, D:4)
  8 stones
  a +0 chain mail
  a +0 war axe
(3, -11, D:4)
  13 stones
(4, 3, D:4)
  a +0 giant spiked club
(9, 8, D:4)
  a stone
(11, 7, D:4)
  a stone
(11, 9, D:4)
  2 stones
(12, -7, D:4)
  a ring mail
(18, 5, D:4)
  a +0 flail
(19, 5, D:4)
  a +0 robe
  a +0 dagger
(21, 5, D:4)
  a short sword
(22, 5, D:4)
  a robe
(26, -6, D:4)
  21 arrows
(28, 12, D:4)
  a +0 hand axe
(31, 15, D:4)
  a leather armour
(38, -6, D:4)
  20 stones
(38, 15, D:4)
  a hand axe
(41, -2, D:4)
  26 stones
(42, 5, D:4)
  7 javelins
(49, 22, D:4)
  a ring mail

Level 5 of the Dungeon
(0, 0, D:5)
  a dagger
(6, -10, D:5)
  2 tomahawks
(14, -21, D:5)
  an arrow
(14, -20, D:5)
  5 arrows
(14, -11, D:5)
  a dagger
(15, -13, D:5)
  a plate armour
(16, 5, D:5)
  a leather armour
(17, 1, D:5)
  a chain mail
(19, 21, D:5)
  a scroll of enchant weapon
(21, -22, D:5)
  25 arrows
(25, -19, D:5)
  an arrow
(27, -27, D:5)
  a leather armour
(27, -18, D:5)
  a +0 shortbow
(30, -11, D:5)
  19 stones
(33, 12, D:5)
  a spear
(40, -21, D:5)
  a +0 scale mail
  a +0 club

Level 6 of the Dungeon
(0, 0, D:6)
  a rapier
(3, 8, D:6)
  24 arrows
(3, 17, D:6)
  a ring mail
(4, -12, D:6)
  a shortbow
(30, -19, D:6)
  a +0 dagger
(31, -8, D:6)
  a +0 whip
(33, -17, D:6)
  a robe
(39, -21, D:6)
  a +0 shortbow
(39, -20, D:6)
  a +0 leather armour
  a +0 flail
(41, -19, D:6)
  a +0 dagger
  a +0 leather armour
  a +0 club
(44, -13, D:6)
  14 poisoned needles
(46, -2, D:6)
  a whip
(51, 9, D:6)
  a hunting sling
(53, -10, D:6)
  a +0 chain mail
  a +5 flail of protection
(53, 21, D:6)
  17 stones
(56, -9, D:6)
  a chain mail
(57, -26, D:6)
  a quarterstaff

Level 7 of the Dungeon
[Shop] Konwidgh's Weapon Emporium
  a +0 spear (39 gold)
  8 arrows (20 gold)
  a +0 scimitar (52 gold)
  a +0 shortbow (39 gold)
  the +11 falchion "Baittimeux" {freeze, rPois MR+++ Str-3 Dex-4} (885 gold)
    It has been specially enchanted to freeze those struck by it, causing extra
    injury to most foes and up to half again as much damage against particularly
    susceptible opponents. It can also slow down cold-blooded creatures.
    
    It affects your strength (-3).
    It affects your dexterity (-4).
    It protects you from poison.
    It affects your resistance to hostile enchantments.
  28 stones (36 gold)
  17 arrows (44 gold)
  a +0 great sword (84 gold)
  a +0 fustibalus (195 gold)
  the +4 falchion "Fikualats" {slice, Dex+5} (546 gold)
    It inflicts extra damage upon your enemies.
    
    It affects your dexterity (+5).
  a +0 hunting sling (19 gold)
  a +0 morningstar (52 gold)
  a +0 whip of pain (106 gold)
  the cursed +1 hand axe "Poxzuqoo" {elec, rN+} (269 gold)
    Occasionally, upon striking a foe, it will discharge some electrical energy
    and cause terrible harm.
    
    It protects you from negative energy.
    It has a curse placed upon it.
(0, 0, D:7)
  a +0 chain mail
  (unseen)
(1, -16, D:7)
  a +0 ring mail
  a +0 hand axe
(4, 6, D:7)
  a +0 robe
(7, -10, D:7)
  a +0 short sword
(11, -16, D:7)
  a +0 dagger
(15, 8, D:7)
  a dagger
(16, -8, D:7)
  a +0 chain mail
  a +0 hand axe
(16, 5, D:7)
  a +0 falchion
(18, -5, D:7)
  a scroll of enchant weapon
(19, -10, D:7)
  a +0 robe
  a +0 dagger
  a +0 ring mail
  a cursed -3 trident
(19, 5, D:7)
  a +0 giant club
  a +0 giant club
(20, 4, D:7)
  a +0 dagger
(20, 12, D:7)
  a +0 scale mail
(21, -11, D:7)
  a book of Maledictions
(23, 7, D:7)
  a +0 whip
(24, 7, D:7)
  a stone
(24, 9, D:7)
  a +0 flail
(25, 7, D:7)
  2 arrows
(27, 5, D:7)
  a +0 leather armour
  a +0 mace
(27, 7, D:7)
  5 poisoned needles
  a +0 blowgun
  a +0 short sword
(27, 9, D:7)
  3 arrows
(27, 10, D:7)
  a +0 hand axe
(28, 0, D:7)
  an arrow
(28, 6, D:7)
  2 arrows
  a poisoned needle
(29, 1, D:7)
  an arrow
(29, 5, D:7)
  a +0 club
(30, -14, D:7)
  a +0 dagger

Level 8 of the Dungeon
(0, 0, D:8)
  a hunting sling
(5, 6, D:8)
  a whip
(18, -2, D:8)
  a +0 flail
(21, -16, D:8)
  10 gold pieces
(24, -18, D:8)
  a scroll of remove curse
(33, -11, D:8)
  a ration
(40, 15, D:8)
  a +0 halberd
(40, 18, D:8)
  a ring mail
(42, 15, D:8)
  a +0 spear
(48, 17, D:8)
  9 stones

the Ecumenical Temple

