Rurrequ

Level 5 of the Pits of Slime
(0, 0, Slime:5)
  a scroll labeled TAIREO RABORU
(0, 1, Slime:5)
  a helmet
(0, 8, Slime:5)
  6 needles of confusion
(0, 9, Slime:5)
  a robe
(1, -1, Slime:5)
  a red potion
(1, 0, Slime:5)
  a twisted jewelled staff
(1, 1, Slime:5)
  a scythe
(1, 2, Slime:5)
  a quarterstaff
(1, 7, Slime:5)
  a scroll labeled JODADA DUXTIRO
(1, 8, Slime:5)
  27 arrows
(1, 9, Slime:5)
  a hardcover book
(1, 10, Slime:5)
  20 bolts
(2, -2, Slime:5)
  a scale mail
(2, -1, Slime:5)
  a short jewelled staff
(2, 0, Slime:5)
  a slimy rune of Zot
(2, 1, Slime:5)
  an ichor-stained ring mail
(2, 2, Slime:5)
  a lamp of fire
(2, 7, Slime:5)
  a bubbling blue potion
(2, 8, Slime:5)
  a lamp of fire
(2, 9, Slime:5)
  a phantom mirror
(2, 10, Slime:5)
  an antique book
(2, 11, Slime:5)
  a hand crossbow
(3, -2, Slime:5)
  a glowing fluorescent wand
(3, -1, Slime:5)
  a forked iron wand
(3, 0, Slime:5)
  a fine spear
(3, 1, Slime:5)
  a scroll labeled JODADA DUXTIRO
(3, 8, Slime:5)
  14 bolts
(3, 9, Slime:5)
  a runed fustibalus
(3, 10, Slime:5)
  a scroll labeled RAUC FILLENEEWK
(3, 11, Slime:5)
  a throwing net
(3, 12, Slime:5)
  a red potion
(4, -2, Slime:5)
  a leather armour
(4, 0, Slime:5)
  a lumpy brown potion
(4, 2, Slime:5)
  a runed great sword
(4, 7, Slime:5)
  an ivory ring
(4, 9, Slime:5)
  a war axe
(4, 11, Slime:5)
  a ration
(9, 0, Slime:5)
  a red potion
(9, 2, Slime:5)
  a runed robe
(9, 7, Slime:5)
  a glowing hand crossbow
(9, 9, Slime:5)
  45 gold pieces
(10, -1, Slime:5)
  a moonstone ring
(10, 0, Slime:5)
  runed steam dragon scales
(10, 1, Slime:5)
  a glowing ring mail
(10, 8, Slime:5)
  21 stones
(10, 9, Slime:5)
  a paperback book
(10, 10, Slime:5)
  a ration

