Ruxza

Level 1 of the Dungeon
(0, 0, D:1)
  a potion of degeneration
(13, 17, D:1)
  a leather armour
(14, 23, D:1)
  a +0 club
(16, -3, D:1)
  a whip
(26, -2, D:1)
  a +0 dagger
(27, 8, D:1)
  a +0 club
(27, 15, D:1)
  a +0 dagger
(27, 18, D:1)
  a +0 club
(28, 8, D:1)
  a whip
(34, 8, D:1)
  a +0 dagger
(47, -7, D:1)
  a +0 whip
(62, -14, D:1)
  a +0 dagger

Level 2 of the Dungeon
(0, 0, D:2)
  a +0 club
(1, 0, D:2)
  a +0 dagger
(5, -9, D:2)
  a +0 club
(7, -16, D:2)
  a +0 club
(7, -15, D:2)
  a +0 leather armour
  a +0 flail
(19, 7, D:2)
  a hand axe
(38, 14, D:2)
  a +0 club

Level 3 of the Dungeon
(0, 0, D:3)
  a mace
(8, -32, D:3)
  a robe
(8, -30, D:3)
  a stone
(8, -29, D:3)
  a stone
(8, -27, D:3)
  a kobold corpse
(25, -15, D:3)
  a goblin skeleton
(33, -9, D:3)
  a rat skeleton
(43, -43, D:3)
  a hunting sling
(47, -31, D:3)
  16 sling bullets
(48, -34, D:3)
  a +0 whip
  a +0 dagger
  a +0 robe
  a +0 club
  a +0 whip
  a +0 falchion
(51, -27, D:3)
  a +0 club

