Sal Emon

Level 1 of the Dungeon
(30, -33, D:1)
  a +0 whip
(42, -27, D:1)
  a +0 dagger
(48, -18, D:1)
  a +0 club
(50, -29, D:1)
  a +0 dagger
(50, 2, D:1)
  a +0 club
(57, -4, D:1)
  a +0 dagger

Level 2 of the Dungeon
(0, 0, D:2)
  a dagger
(2, 4, D:2)
  a hand axe
(5, -6, D:2)
  a +0 short sword
(6, -25, D:2)
  a +0 dagger
(9, -27, D:2)
  a +0 dagger
(10, -22, D:2)
  a mace
(11, -8, D:2)
  a dagger
(14, -7, D:2)
  a dagger
(19, 2, D:2)
  a club
(22, -17, D:2)
  a short sword
(28, -2, D:2)
  a +0 dagger
(39, 8, D:2)
  a +0 dagger

Level 3 of the Dungeon
(0, 0, D:3)
  a +0 hunting sling
(9, 6, D:3)
  a +0 club
(10, 1, D:3)
  a +0 hunting sling
(10, 4, D:3)
  a +0 dagger
  a +0 scale mail
(10, 5, D:3)
  a +0 club
(11, 10, D:3)
  a dagger
(13, -23, D:3)
  a +0 short sword
(13, 11, D:3)
  a club
(17, 5, D:3)
  a war axe
(18, 8, D:3)
  a hunting sling
(21, 9, D:3)
  a +0 giant spiked club
(32, -18, D:3)
  a +0 dagger
  a +0 animal skin
(36, -10, D:3)
  a +0 dagger
(44, -44, D:3)
  a mace
(55, -13, D:3)
  a cursed -3 club
(58, -10, D:3)
  a +0 falchion
(67, -10, D:3)
  a +0 club
(68, -9, D:3)
  a +0 leather armour

Level 4 of the Dungeon
[Shop] Ejan's Assorted Antiques
  a leather armour (60 gold)
  a hand crossbow (105 gold)
  a helmet (135 gold)
  a trident (105 gold)
(0, 0, D:4)
  a ring mail
(8, -18, D:4)
  a +0 club
(8, -17, D:4)
  a +0 mace
(23, -15, D:4)
  a robe
(31, -13, D:4)
  a scale mail
(46, -7, D:4)
  a +0 robe
  a +0 dagger
  a +0 hand axe
(48, 19, D:4)
  a +0 club
(50, -7, D:4)
  a +0 dagger
(54, -2, D:4)
  a +0 dagger
  a cursed -1 club
(55, -2, D:4)
  a +0 dagger
  a +0 hunting sling
(55, -1, D:4)
  a +0 dagger
(56, -2, D:4)
  a +0 club
(61, -6, D:4)
  a +0 club

Level 5 of the Dungeon
(0, 0, D:5)
  a +0 scythe
  a +0 robe
(13, -15, D:5)
  a cursed -3 whip
(15, -16, D:5)
  a +0 club
(20, -20, D:5)
  a ring mail
(21, -14, D:5)
  a +0 leather armour
  a +0 mace
(22, 5, D:5)
  a +0 giant spiked club
(23, -5, D:5)
  a +0 mace
  a +0 robe
(24, -2, D:5)
  a +0 robe
(32, -5, D:5)
  a cursed -2 leather armour
(33, -28, D:5)
  a club
(36, -28, D:5)
  a leather armour
(36, -26, D:5)
  a +0 giant spiked club
(40, 16, D:5)
  a +0 giant spiked club
(55, 11, D:5)
  a hand axe
(61, -14, D:5)
  a +0 robe
  a cursed +0 dagger

Level 6 of the Dungeon
(0, 0, D:6)
  a +0 robe
  a cursed +1 hand axe
(3, 11, D:6)
  a +0 hunting sling
  a +0 hand axe
  a +0 shield
(6, -3, D:6)
  a +0 robe
  a cursed +0 mace
(16, 15, D:6)
  a great sword
(17, 4, D:6)
  a dagger
  (unseen)
(18, 28, D:6)
  a +0 dagger
(18, 29, D:6)
  a +0 hand axe
(20, -5, D:6)
  a morningstar
(21, 32, D:6)
  a chain mail
(22, 25, D:6)
  a +0 shortbow

Level 7 of the Dungeon
(7, 34, D:7)
  a leather armour
(12, 36, D:7)
  a sling bullet
(12, 38, D:7)
  a sling bullet
(29, -7, D:7)
  a potion of degeneration
(40, 10, D:7)
  a spear

