Semapele

Level 1 of the Dungeon
(0, 0, D:1)
  a club
(39, 14, D:1)
  a spear
(45, 14, D:1)
  a +0 dagger
(51, -24, D:1)
  a robe

Level 2 of the Dungeon
(0, 0, D:2)
  a +0 whip
(2, 18, D:2)
  a +0 club
(26, -15, D:2)
  a +0 robe
(32, 12, D:2)
  a +0 ring mail
(33, 36, D:2)
  a +0 short sword
(34, 39, D:2)
  a ring mail
(35, 19, D:2)
  a +0 dagger

Level 3 of the Dungeon
(0, 0, D:3)
  a +0 club
(0, 11, D:3)
  a +0 robe
  a +0 dagger
(6, 13, D:3)
  a +0 club
(12, 10, D:3)
  a +0 whip
  a spear
(19, 4, D:3)
  a +0 dagger
(20, 2, D:3)
  a +0 mace
  a +0 leather armour
  a +0 club
(21, -12, D:3)
  a +0 club
(27, 1, D:3)
  a potion of degeneration
(31, 10, D:3)
  a +0 spear
(32, -19, D:3)
  a +0 club
  a +0 short sword
(36, -16, D:3)
  a +0 robe
  a cursed +0 dagger
(37, -16, D:3)
  a +0 robe
  a cursed -2 dagger
(39, 12, D:3)
  a +0 whip
(42, -20, D:3)
  a +0 flail
  a +0 ring mail
  a +0 robe
  a scale mail
  a +0 leather armour
(44, 0, D:3)
  a +0 robe
  a +0 scythe
(44, 15, D:3)
  a +0 spear
(45, -1, D:3)
  a robe
(47, -5, D:3)
  a +0 club
(47, -4, D:3)
  a +0 ring mail

Level 4 of the Dungeon
(0, 0, D:4)
  a +0 leather armour
  a +0 mace
(2, -1, D:4)
  a +0 chain mail
(6, -5, D:4)
  a +0 robe
  a +0 dagger
(8, -4, D:4)
  a +0 robe
  a +0 dagger
(18, 38, D:4)
  a +0 hand axe
(18, 39, D:4)
  a +0 leather armour
  a +0 short sword
(18, 40, D:4)
  a cursed +0 robe
  a cursed -1 dagger
  a +0 flail
  a +0 leather armour
  a +0 club
(22, 32, D:4)
  a +0 club
(25, -5, D:4)
  a ring mail
  a falchion
(27, 46, D:4)
  a +0 dagger
(28, 46, D:4)
  a +0 dagger
  a +0 robe
(32, 25, D:4)
  a +0 club
(33, 25, D:4)
  a +0 hand axe
  a +0 robe
(36, 18, D:4)
  a +0 robe
  a +0 dagger
(36, 19, D:4)
  a +0 ring mail
  a +0 club

Level 5 of the Dungeon
(0, 0, D:5)
  a +0 falchion
  a +0 robe
  a +0 dagger
(1, 1, D:5)
  a +0 flail
(2, -21, D:5)
  a ring mail
(4, -1, D:5)
  a +0 ring mail
  a +0 dagger
(6, 0, D:5)
  a hand axe
(21, 8, D:5)
  a robe
(31, -15, D:5)
  a ring mail
(45, -6, D:5)
  a +0 flail
  a +0 dagger
  a +0 robe
(46, -5, D:5)
  a +0 club
(55, -27, D:5)
  a club
(61, -28, D:5)
  a dagger

Level 6 of the Dungeon
(6, -7, D:6)
  a +0 leather armour
  a +0 flail
  a +0 leather armour
  a +0 flail
  a +0 scale mail
  a +0 dagger
  a +0 mace
  an orc skeleton
  an orc skeleton
  an orc skeleton
  an orc skeleton
(14, 17, D:6)
  12 gold pieces
(15, 10, D:6)
  a robe
(16, -18, D:6)
  a chain mail
(23, -8, D:6)
  a hand axe
(30, 18, D:6)
  a +0 hand axe
  a +0 short sword
  a +0 flail
  a +0 scale mail
  a +0 dagger
  a +0 robe
(35, 19, D:6)
  a cursed +0 flail
(52, 26, D:6)
  a whip
(57, -19, D:6)
  a ring mail
(58, -5, D:6)
  a +0 giant club
(65, -8, D:6)
  a +0 giant club

the Ecumenical Temple

