Sesodwiy

Level 1 of the Dungeon
(0, 0, D:1)
  a +0 club
(6, -8, D:1)
  a robe
(6, 2, D:1)
  a +0 dagger
(10, -8, D:1)
  a +0 club
(15, -6, D:1)
  a +0 robe
  a +0 club
(27, -11, D:1)
  a chain mail
(36, 9, D:1)
  a +0 club

Level 2 of the Dungeon
(6, 32, D:2)
  a +0 club

Level 3 of the Dungeon
(0, 0, D:3)
  a +0 club
(2, 15, D:3)
  a +0 scale mail
  a +0 dagger
(12, 22, D:3)
  a dagger
(17, 14, D:3)
  a +0 club
(24, 18, D:3)
  a +0 club
(42, 0, D:3)
  a +0 club
(51, 0, D:3)
  an uncursed amulet of harm

Level 4 of the Dungeon
(0, 1, D:4)
  a +0 dagger
  a ring mail
(0, 8, D:4)
  a +0 leather armour
  a +0 flail
(1, 27, D:4)
  a dagger
(11, 18, D:4)
  a +0 robe
  a cursed +5 halberd
(14, 16, D:4)
  a +0 leather armour
  a +0 long sword
(16, -18, D:4)
  a +0 robe
  a +0 dagger
(25, 17, D:4)
  a flail
(26, 4, D:4)
  a cursed -1 club
(28, -31, D:4)
  a war axe
(29, -9, D:4)
  a +0 club
  a +0 dagger
(29, 18, D:4)
  a +0 hand axe
(29, 21, D:4)
  a dagger
(30, 19, D:4)
  a whip

Level 5 of the Dungeon
(0, 0, D:5)
  a short sword
(15, 23, D:5)
  a +0 falchion
  a +0 robe
(15, 24, D:5)
  a +0 hand axe
  a +0 leather armour
  a +0 ring mail
(16, 15, D:5)
  a ring mail
(25, 20, D:5)
  a quarterstaff
(27, 15, D:5)
  a +0 robe
(27, 16, D:5)
  a +0 mace
(29, 15, D:5)
  a +0 whip
  a +0 dagger
(34, 29, D:5)
  a leather armour
(36, -3, D:5)
  a dagger
(37, 25, D:5)
  a leather armour
(42, 34, D:5)
  a long sword
(43, 32, D:5)
  a robe

Level 6 of the Dungeon
(0, 0, D:6)
  a war axe
(9, -18, D:6)
  a +0 leather armour
  a cursed -1 hand axe
(9, -16, D:6)
  a +0 ring mail
  a +0 whip
(10, -14, D:6)
  a +0 spear
(10, -13, D:6)
  a +0 club
(13, -11, D:6)
  a +0 leather armour
  a +0 falchion
(14, -18, D:6)
  a +0 robe
  a +1 whip of flaming
  a +0 dagger
  a +0 robe
(14, -11, D:6)
  a cursed -1 scale mail
  a +0 whip
(14, -10, D:6)
  a +0 club
(16, -9, D:6)
  a +0 leather armour
(18, -18, D:6)
  a +0 halberd
  a +0 flail
(28, -17, D:6)
  a pair of boots
(32, -2, D:6)
  an uncursed amulet of harm
  a +0 ring mail
  a +0 rapier
(32, 13, D:6)
  a flail
(33, -18, D:6)
  a ring mail
(39, 1, D:6)
  a potion of degeneration
(44, 22, D:6)
  a +0 robe

the Ecumenical Temple

