Sunut

Level 1 of the Dungeon
(0, 0, D:1)
  a mace
(16, -24, D:1)
  a +0 flail
(18, -42, D:1)
  a +0 dagger
(27, 2, D:1)
  a robe
(40, -24, D:1)
  a +0 scale mail
(40, -7, D:1)
  a +0 ring mail
(42, 1, D:1)
  a +0 club
(63, 3, D:1)
  a +0 club

Level 2 of the Dungeon
(0, 0, D:2)
  a +0 animal skin
  a +0 club
(0, 3, D:2)
  a +0 club
(4, 28, D:2)
  a +0 dagger
(7, -5, D:2)
  a +0 club
(8, 12, D:2)
  a +0 dagger
(8, 13, D:2)
  a cursed +0 club
(8, 14, D:2)
  a +0 whip
(8, 16, D:2)
  a leather armour
(26, 15, D:2)
  a +0 club
(27, 17, D:2)
  a +0 club
(37, -2, D:2)
  a cursed -2 club
(41, 13, D:2)
  a +0 club
(52, 11, D:2)
  a +0 halberd

Level 3 of the Dungeon
(0, 0, D:3)
  a +0 spear
  a +0 robe
  a +0 dagger
(1, -1, D:3)
  a +0 robe of positive energy
  a +0 whip
  a +0 halberd
(2, -26, D:3)
  a +0 hand axe
  a +0 ring mail
(2, -1, D:3)
  a cursed +0 leather armour
  a +0 club
(2, 0, D:3)
  a +0 flail
  a +0 flail
  a +0 spear
(11, 5, D:3)
  a +0 club
(17, -2, D:3)
  a +0 club
(19, 12, D:3)
  a +0 club
(20, 12, D:3)
  a +0 dagger
(22, 16, D:3)
  a +0 dagger
(22, 17, D:3)
  a +0 dagger
  a +0 dagger
(22, 18, D:3)
  a +0 club
(23, 15, D:3)
  a +0 dagger
(23, 16, D:3)
  a +0 whip
  a +0 leather armour
  a +0 whip
(24, 16, D:3)
  a +0 leather armour
  a cursed -3 mace
(26, -5, D:3)
  a robe
(26, 1, D:3)
  a cursed +0 robe
  a +0 club
(27, -12, D:3)
  a +0 mace
(30, -16, D:3)
  a +0 hunting sling
  a +0 club
  a +0 ring mail
  a +0 dagger

Level 4 of the Dungeon
[Shop] Xipu's Weapon Shoppe
  14 sling bullets (77 gold)
  a +0 dagger (22 gold)
  a +0 club (11 gold)
  a +1 great sword of flaming (205 gold)
  18 arrows (39 gold)
  18 arrows (39 gold)
  a +0 spear (33 gold)
  14 bolts (30 gold)
  a +0 short sword (33 gold)
  a +0 quarterstaff (44 gold)
(0, 0, D:4)
  a +0 short sword
(7, -2, D:4)
  a +0 dagger
(8, 4, D:4)
  a leather armour
(16, 9, D:4)
  a +0 robe
  a +0 dagger
(17, 11, D:4)
  a +0 falchion
(18, 11, D:4)
  a +0 leather armour
  a cursed -2 club
  a +0 scale mail
  a +0 war axe
  a +0 mace
(20, 9, D:4)
  a +0 spear
  a +0 short sword
(20, 10, D:4)
  a +0 spear
  a +0 robe
  a +0 dagger
(21, 7, D:4)
  a +0 dagger
(21, 9, D:4)
  a +0 spear
(22, 5, D:4)
  a +0 club
(26, -1, D:4)
  a +0 dagger
(39, 24, D:4)
  a club

