Tecwoedd

Level 1 of the Dungeon
(0, 0, D:1)
  a +0 dagger
(14, -13, D:1)
  4 large rocks
(25, -1, D:1)
  a potion of degeneration
(26, -17, D:1)
  a +0 club
(30, 1, D:1)
  a +0 dagger
(31, 2, D:1)
  a +0 club

Level 2 of the Dungeon
(0, 0, D:2)
  a cursed -2 dagger
(13, -48, D:2)
  a +0 dagger
(17, -13, D:2)
  a whip
(29, -19, D:2)
  a +0 dagger
(30, -26, D:2)
  a mace
(34, -6, D:2)
  a potion of mutation
  a +0 robe
(39, -16, D:2)
  a +0 club
  a +0 hunting sling
(44, -3, D:2)
  a mace
(52, -44, D:2)
  a dagger

Level 3 of the Dungeon
(0, 0, D:3)
  a ring mail
(13, -35, D:3)
  a +0 leather armour
(23, -10, D:3)
  a robe
(24, -30, D:3)
  a +0 hand axe
(32, -32, D:3)
  a +0 dagger
(33, -32, D:3)
  a club
(35, 1, D:3)
  a +0 trident (still there?)
  a poisoned needle (still there?)
(35, 2, D:3)
  2 poisoned needles
(35, 4, D:3)
  a +0 dagger
  (unseen)
(36, 0, D:3)
  2 stones
(37, -7, D:3)
  a worn copper wand
(40, 0, D:3)
  a stone
  (unseen)
(49, 0, D:3)
  a leopard gecko skeleton

