Tetoxkin

Level 1 of the Dungeon
(0, 0, D:1)
  a +0 dagger
(5, -1, D:1)
  a +2 whip of freezing
(7, 14, D:1)
  a +0 club
(10, 4, D:1)
  a scroll of enchant armour
(11, 32, D:1)
  a club
(14, 4, D:1)
  a +0 helmet
  a +0 animal skin
  a +0 falchion
(19, 9, D:1)
  a +0 club
(21, 0, D:1)
  a +0 club
(23, 0, D:1)
  a +0 club
(28, 17, D:1)
  a +0 short sword
(33, -1, D:1)
  a +0 dagger
(36, 15, D:1)
  a +0 club

Level 2 of the Dungeon
(5, -3, D:2)
  a +0 club
(14, 19, D:2)
  a +0 club
(19, -2, D:2)
  a pair of gloves
(27, 14, D:2)
  23 stones
(29, -12, D:2)
  a cursed -2 club
(32, 18, D:2)
  9 bolts
(33, 18, D:2)
  a stone
  a +0 dagger
(35, 0, D:2)
  4 stones
(39, 17, D:2)
  a +0 whip
(39, 22, D:2)
  28 stones
(40, 25, D:2)
  a hand axe
(42, 15, D:2)
  a mace

Level 3 of the Dungeon
(3, 27, D:3)
  24 stones
(6, 8, D:3)
  a +0 blowgun
  a +0 dagger
  10 poisoned needles
(8, 5, D:3)
  a flail
(9, 8, D:3)
  a +0 dagger
  a poisoned needle
(10, 8, D:3)
  a poisoned needle
(11, -15, D:3)
  a leather armour
(13, -9, D:3)
  a tomahawk
(15, -8, D:3)
  a +0 whip
(16, -7, D:3)
  a +0 short sword
(17, -6, D:3)
  a tomahawk
  a +0 short sword
(18, 13, D:3)
  a scimitar
(21, 13, D:3)
  a +0 leather armour
  a cursed -3 dagger
(22, -4, D:3)
  a robe
(28, 12, D:3)
  2 needles of sleeping
(37, 34, D:3)
  a club
(39, 13, D:3)
  a leather armour
(49, 9, D:3)
  a scroll of enchant weapon
(51, -3, D:3)
  a scroll of enchant armour
(56, 34, D:3)
  26 arrows
(56, 36, D:3)
  a stone
(57, 21, D:3)
  14 stones
(57, 39, D:3)
  a +0 short sword
  4 stones

Level 4 of the Dungeon
(0, 0, D:4)
  a +0 flail of protection
(1, -3, D:4)
  a +1 leather armour of magic resistance
(1, 2, D:4)
  a +0 flail
(1, 5, D:4)
  a +0 flail
(2, 0, D:4)
  13 arrows
(2, 4, D:4)
  a scroll of enchant armour
(3, 4, D:4)
  a +0 mace
(4, 16, D:4)
  a +0 robe
  a +0 dagger
(10, 22, D:4)
  a short sword
(11, 3, D:4)
  a crude chain mail
(12, 15, D:4)
  a scroll of random uselessness
(15, 20, D:4)
  6 poisoned needles
(16, -10, D:4)
  a chain mail
(17, -6, D:4)
  22 arrows
  27 stones
(18, -10, D:4)
  a scroll of enchant armour
(21, -4, D:4)
  a spear
(27, 25, D:4)
  a +0 chain mail
  a +0 short sword
(29, -9, D:4)
  21 sling bullets
(42, 17, D:4)
  a robe
(42, 19, D:4)
  a hand axe

Level 5 of the Dungeon
(0, 0, D:5)
  a +0 giant spiked club
(2, -3, D:5)
  6 needles of sleeping
(7, 19, D:5)
  13 stones
(12, -8, D:5)
  a runed scale mail
(14, 1, D:5)
  a robe
(19, 3, D:5)
  a ring mail
(21, 11, D:5)
  a ring mail
(22, -6, D:5)
  a falchion
(23, -17, D:5)
  a ring mail
(29, -8, D:5)
  29 stones
(30, 0, D:5)
  12 arrows
(41, -16, D:5)
  a +0 plate armour
  a +0 mace
(44, 6, D:5)
  11 stones

Level 6 of the Dungeon
[Shop] Toguck Tuku's Distillery
  a potion of curing (36 gold)
  a potion of curing (36 gold)
  a potion of might (48 gold)
  a potion of invisibility (96 gold)
(6, -12, D:6)
  a club
(7, -27, D:6)
  a dire flail
(17, -13, D:6)
  17 stones
(17, -6, D:6)
  3 tomahawks
  a +0 club
(23, -43, D:6)
  a +0 giant club
  an ogre skeleton
(27, -25, D:6)
  a mace
(30, -33, D:6)
  15 stones
(31, 2, D:6)
  a +0 dagger
  a +0 robe
(34, -18, D:6)
  a +4 quarterstaff of chaos
  a +0 cloak
(53, -34, D:6)
  a +0 robe
  a +0 dagger
(54, -35, D:6)
  a +0 robe
(57, 6, D:6)
  a short sword
(61, -50, D:6)
  a mace

the Ecumenical Temple

