Toagic

Level 1 of the Dungeon
(0, 0, D:1)
  a golden potion
(10, 2, D:1)
  a ration
(12, -9, D:1)
  a ration
(28, -31, D:1)
  a cursed +0 dagger
(30, -28, D:1)
  a cursed -3 club
(30, -15, D:1)
  a cursed +0 club
(44, -25, D:1)
  a +0 dagger
(51, -21, D:1)
  a +0 club
(53, -19, D:1)
  a ration
(54, 0, D:1)
  a ration
(59, -30, D:1)
  a +0 dagger

Level 2 of the Dungeon
(0, 0, D:2)
  a fuming emerald potion
(2, -4, D:2)
  a cursed +0 whip
  a +0 dagger
(3, -3, D:2)
  a cursed -1 club
(4, -3, D:2)
  a +0 spear
  a +0 leather armour
(5, 10, D:2)
  a purple potion
(15, -23, D:2)
  a chain mail
(16, -12, D:2)
  a +0 dagger
(26, -5, D:2)
  a +0 dagger
(34, -4, D:2)
  an emerald potion

Level 3 of the Dungeon
(5, 11, D:3)
  a +0 club
(5, 23, D:3)
  a cursed -2 mace
(5, 34, D:3)
  a cursed -3 mace
  a +0 leather armour
(5, 35, D:3)
  a cursed +0 leather armour
(5, 37, D:3)
  a +0 dagger
  a +0 leather armour
(5, 38, D:3)
  a +1 flail of holy wrath
(7, 21, D:3)
  a cursed -1 club
(8, 38, D:3)
  a +0 leather armour
  a +0 club
(10, 16, D:3)
  a glowing centaur barding
(22, 17, D:3)
  a sedimented purple potion
(24, -16, D:3)
  a dagger
(31, 1, D:3)
  a leather armour
(38, -6, D:3)
  a ration
(40, -3, D:3)
  a ration
(45, 43, D:3)
  a black potion
(49, -15, D:3)
  a robe
(50, 27, D:3)
  a fuming emerald potion

Level 4 of the Dungeon
(0, 0, D:4)
  a dagger
(6, 48, D:4)
  a ration
(7, 2, D:4)
  a potion of heal wounds
(7, 6, D:4)
  a +0 ring mail
  a +0 hand axe
(15, 5, D:4)
  a ration
(17, 22, D:4)
  a +0 robe
  a +0 dagger
(27, 25, D:4)
  a potion of heal wounds
(43, 32, D:4)
  a sedimented purple potion
(49, 4, D:4)
  a +0 leather armour
  (unseen)
(49, 5, D:4)
  a +0 flail
(55, 4, D:4)
  a +0 dagger
  (unseen)
(56, 10, D:4)
  a +0 robe
  a +0 dagger
(60, 9, D:4)
  a sedimented puce potion
(62, 10, D:4)
  a dagger

Level 5 of the Dungeon
(4, -6, D:5)
  a ration
(6, -11, D:5)
  a +0 leather armour
  (unseen)
(7, -13, D:5)
  a +0 hand axe
(8, -10, D:5)
  a +0 club
(15, -7, D:5)
  a +0 flail
(18, -2, D:5)
  a brown potion
  a +0 shortbow
(34, -1, D:5)
  a cursed +0 leather armour
  a +0 falchion
(34, 1, D:5)
  a +0 leather armour
  a +0 mace
(37, -8, D:5)
  a +0 robe
  a +0 dagger

Level 6 of the Dungeon
(0, 0, D:6)
  a ration
(1, 8, D:6)
  a fuming emerald potion
(13, -23, D:6)
  a +0 robe
  (unseen)
(24, -24, D:6)
  17 stones
(25, -28, D:6)
  24 stones
(25, -26, D:6)
  14 stones
(27, -16, D:6)
  a hand axe
(30, -29, D:6)
  22 stones
(31, -23, D:6)
  7 stones
(32, -17, D:6)
  a +0 robe
  a +0 dagger
(32, -1, D:6)
  a +0 robe
  a +0 club
  a +0 dagger
(44, -16, D:6)
  a ration
(45, -20, D:6)
  a robe
(53, -32, D:6)
  a +0 robe
  a +0 dagger
(53, -3, D:6)
  a potion of heal wounds
(56, -4, D:6)
  a war axe
(57, -3, D:6)
  a +0 hand axe
(57, -2, D:6)
  a +0 short sword
(57, 3, D:6)
  a potion of heal wounds
(58, 9, D:6)
  a sedimented puce potion
(59, -6, D:6)
  a cursed +0 robe
(66, -29, D:6)
  a +0 robe
  a +0 dagger
  a +0 mace of draining
(66, -21, D:6)
  a +0 flail
  a +0 dagger
(70, -25, D:6)
  a short sword

Level 7 of the Dungeon
(0, 0, D:7)
  a dagger
(0, 22, D:7)
  a cursed -1 whip
(2, 0, D:7)
  a ration
(2, 16, D:7)
  a +0 flail
(5, 13, D:7)
  a +0 dagger
(12, 8, D:7)
  a +0 dagger (still there?)
  a torn book (still there?)
(13, 8, D:7)
  a +0 dagger
  (unseen)
(13, 24, D:7)
  a dagger
(16, 5, D:7)
  a fuming emerald potion
  a +0 flail
(18, -4, D:7)
  a +0 short sword
(19, 17, D:7)
  a +0 blowgun
(23, -3, D:7)
  a cursed -3 flail
(23, 27, D:7)
  a +0 leather armour
  a +0 hand axe
(25, 17, D:7)
  a +0 giant spiked club
(25, 27, D:7)
  a puce potion
  a +0 chain mail
  a +0 club
(29, 9, D:7)
  a +0 whip
(31, 26, D:7)
  a ring mail
(34, 2, D:7)
  a +0 leather armour
  a +0 short sword
(34, 3, D:7)
  a +0 short sword
(36, 6, D:7)
  a +0 dagger
(36, 22, D:7)
  a +0 chain mail
  a cursed -3 hand axe
(38, 5, D:7)
  a +0 leather armour
  a +0 club

Level 8 of the Dungeon
(0, 0, D:8)
  a +0 leather armour
(2, 2, D:8)
  3 brown potions
(6, -3, D:8)
  a fuming emerald potion
(15, -18, D:8)
  a +0 hunting sling
(16, 4, D:8)
  a war axe
(16, 8, D:8)
  a +0 giant club
(23, -2, D:8)
  a +0 robe
(28, 6, D:8)
  a cursed -2 giant spiked club
  (unseen)
(31, 1, D:8)
  a fuming dark potion
(34, -10, D:8)
  a leather armour
(37, -14, D:8)
  a potion of heal wounds
(41, -16, D:8)
  a cursed +0 plate armour
  a +0 halberd
(49, 21, D:8)
  a +0 giant spiked club
(50, 21, D:8)
  a +0 short sword
(51, 8, D:8)
  a robe
(52, -14, D:8)
  a +0 animal skin
  a +0 spear

Level 9 of the Dungeon
(0, 0, D:9)
  2 brown potions
(3, 3, D:9)
  3 stones
(3, 43, D:9)
  a +0 hand axe
  (unseen)
(4, 2, D:9)
  a stone
(5, 1, D:9)
  a stone
(6, 0, D:9)
  a stone
(6, 18, D:9)
  19 gold pieces
(8, 10, D:9)
  a potion of heal wounds
(14, 27, D:9)
  a +0 flail
  (unseen)
(15, 46, D:9)
  a stone
(16, -3, D:9)
  a scroll of amnesia
(16, 40, D:9)
  9 gold pieces
(17, 16, D:9)
  a glowing short sword
(18, 23, D:9)
  a +0 club
(33, 5, D:9)
  a club
(38, 28, D:9)
  a +0 whip
(39, 42, D:9)
  a ration
(40, 42, D:9)
  a scroll of holy word
(43, 10, D:9)
  a +0 chain mail
  a +0 club
(43, 11, D:9)
  a +0 ring mail
  a cursed -2 mace
  a cursed -1 hand axe
  a +0 flail
  a +0 flail
  a +0 dagger
  a +0 leather armour
(44, 16, D:9)
  a +0 chain mail
  a +0 mace
(45, 32, D:9)
  a cursed -3 club
(46, 28, D:9)
  a +0 scale mail
  a +0 mace
(47, 28, D:9)
  a +0 whip
(54, 26, D:9)
  an uncursed amulet of rage
(56, 6, D:9)
  a ration
(56, 9, D:9)
  a brass wand
(57, 6, D:9)
  2 rations
(57, 7, D:9)
  2 rations
(57, 45, D:9)
  a +0 dagger
  a +0 robe
(58, -1, D:9)
  a hand axe
(61, 21, D:9)
  a +0 whip
(63, 9, D:9)
  a scroll of identify
(64, 2, D:9)
  a scroll of random uselessness

the Ecumenical Temple

