Tuenorch

Level 1 of the Dungeon
(0, 0, D:1)
  a leather armour
(3, 22, D:1)
  a +0 club
(16, 12, D:1)
  a +0 club
(20, 3, D:1)
  a +0 club
(33, 40, D:1)
  a +0 club
  a +0 club
(40, 36, D:1)
  a +0 club
(43, 31, D:1)
  a cursed -1 club

Level 2 of the Dungeon
(0, 0, D:2)
  a cursed -2 club
(28, -1, D:2)
  a +0 club
(30, 13, D:2)
  a robe
(31, 30, D:2)
  a hunting sling
(49, -7, D:2)
  a +0 dagger

Level 3 of the Dungeon
(0, 0, D:3)
  a +0 dagger
(1, 0, D:3)
  a +0 leather armour
(3, -33, D:3)
  a +0 mace
  (unseen)
(10, -18, D:3)
  a stone
(10, -17, D:3)
  a stone
  (unseen)
(10, -15, D:3)
  20 arrows
(13, -24, D:3)
  a +0 scale mail
  a +0 club
(13, -19, D:3)
  a poisoned needle
(14, -18, D:3)
  2 poisoned needles
(15, -18, D:3)
  2 poisoned needles
(16, -18, D:3)
  a poisoned needle
(17, -18, D:3)
  a stone
(19, -20, D:3)
  a +0 club
(25, -1, D:3)
  a robe
(28, -19, D:3)
  a +0 ring mail

Level 4 of the Dungeon
(0, 0, D:4)
  a trident
(2, -17, D:4)
  a +0 hand axe
(6, -4, D:4)
  a +0 leather armour
  a +0 club
  a +0 flail
  a +0 ring mail
  a +0 whip
  a +0 ring mail
(12, -12, D:4)
  a leather armour
(13, -28, D:4)
  a +0 dagger
(16, -9, D:4)
  a +0 mace
(18, -16, D:4)
  a whip
(20, -29, D:4)
  a chain mail
(26, -12, D:4)
  a +0 robe
(33, 4, D:4)
  a +0 dagger
(38, -22, D:4)
  a +0 robe

Level 5 of the Dungeon
(0, 0, D:5)
  a +0 leather armour
(12, 28, D:5)
  a scale mail
(27, -6, D:5)
  a flail
(29, 7, D:5)
  a +0 flail
(39, 15, D:5)
  a +0 leather armour
  a +0 falchion
(44, 17, D:5)
  a mace
(47, 11, D:5)
  a cursed +0 ring mail
  a +0 mace
(52, 0, D:5)
  a robe

Level 6 of the Dungeon
(0, 0, D:6)
  a +0 leather armour
(3, 0, D:6)
  a club
(11, 6, D:6)
  a war axe
(17, 0, D:6)
  a dagger
(23, -6, D:6)
  a +0 giant spiked club
(28, -16, D:6)
  a +0 shortbow

Level 7 of the Dungeon
(11, -49, D:7)
  a +0 scale mail
  a +0 flail
(16, -27, D:7)
  a robe
(21, -30, D:7)
  a +0 shortbow
(34, -45, D:7)
  a +0 giant spiked club
(39, -19, D:7)
  a robe
(41, -38, D:7)
  a cursed +0 flail
(41, -31, D:7)
  a pair of gloves
(42, -36, D:7)
  a plate armour
(45, -11, D:7)
  a +0 flail
(46, -10, D:7)
  a +0 flail
(54, -44, D:7)
  a glowing scale mail

Level 8 of the Dungeon
[Shop] Ohelakki's Antique Weapon Shoppe
  a spear (90 gold)
  a longbow (135 gold)
  a blowgun (75 gold)
  a brightly glowing scimitar (270 gold)
  a twisted mace (240 gold)
  a long sword (105 gold)
  a runed scimitar (210 gold)
  a rapier (120 gold)
  a scorched broad axe (270 gold)
  a trident (105 gold)
  a flail (105 gold)
(0, 0, D:8)
  a +0 giant spiked club
(1, -18, D:8)
  a leather armour
(9, -15, D:8)
  a +0 robe
  a +0 dagger
(10, -24, D:8)
  a bloodstained helmet
(10, -14, D:8)
  a cursed +0 shortbow
(14, -7, D:8)
  a ring mail
(26, 5, D:8)
  a +0 chain mail
  a +0 falchion
(28, 6, D:8)
  a +0 robe
  a +0 dagger
(33, -10, D:8)
  a mace
(41, 2, D:8)
  a spear
(46, -19, D:8)
  a falchion

Level 9 of the Dungeon
(0, 0, D:9)
  a scroll of random uselessness
(2, -15, D:9)
  a ring mail
(2, 27, D:9)
  a +0 rapier
(10, -9, D:9)
  a +0 robe
(10, 15, D:9)
  a ring mail
(10, 40, D:9)
  a spear
(13, 30, D:9)
  a +0 whip
  (unseen)
(14, -1, D:9)
  a +0 short sword
(16, 5, D:9)
  a +0 dagger
  a +0 robe
(17, 3, D:9)
  a +0 leather armour
  a +0 dagger
(17, 9, D:9)
  a +0 club
(18, 6, D:9)
  a +0 dagger
  a cursed -3 trident
(18, 10, D:9)
  a +0 whip
  a +0 leather armour
(18, 17, D:9)
  a leather armour
(19, 5, D:9)
  a +0 hand axe
  a +0 whip
(19, 9, D:9)
  a ring mail
(29, -13, D:9)
  a +0 robe
  a +0 spear
(37, 12, D:9)
  a +0 giant spiked club
(37, 13, D:9)
  a +0 scale mail
(38, 22, D:9)
  27 bolts
(39, 23, D:9)
  a +0 robe
(42, 22, D:9)
  a +0 war axe
  a +0 robe
  a +2 hand axe
  a +0 robe
(43, 16, D:9)
  a +0 whip
(60, -7, D:9)
  a +0 war axe
  a +2 dagger of flaming
  a +2 robe
  a +0 flail

the Ecumenical Temple

