Uhyocedd

Level 1 of the Dungeon
(0, 0, D:1)
  a +0 dagger
(1, 1, D:1)
  a +0 club
(3, -28, D:1)
  a mace
(4, 5, D:1)
  a +0 club
(5, 3, D:1)
  a +0 dagger
(20, 2, D:1)
  a +0 dagger
(29, -16, D:1)
  a dagger
(45, 11, D:1)
  a robe
  a +0 robe
(49, -17, D:1)
  a +0 short sword

Level 2 of the Dungeon
(0, 0, D:2)
  a +0 club
  a +0 dagger
(0, 4, D:2)
  a +0 dagger
(2, -6, D:2)
  a trident
(2, 4, D:2)
  a +0 dagger
  a +0 animal skin
(4, 4, D:2)
  a +0 club
(7, -3, D:2)
  a +0 short sword
(8, -5, D:2)
  4 large rocks
(8, -4, D:2)
  a -1 ring mail
(8, -3, D:2)
  a +0 robe
  a +0 dagger
(9, -3, D:2)
  a +0 club
(24, -16, D:2)
  a +0 club
(25, -12, D:2)
  a +0 whip
  a +0 leather armour
(27, -16, D:2)
  a +0 short sword
(31, 26, D:2)
  a leather armour
(33, 23, D:2)
  a whip
(47, 17, D:2)
  a +0 dagger
(47, 28, D:2)
  a +0 leather armour
  a +0 club
(50, -9, D:2)
  a dagger

Level 3 of the Dungeon
(0, 0, D:3)
  a +0 flail
  a +0 leather armour
  a +0 flail
(4, -22, D:3)
  a leather armour
(6, -23, D:3)
  a +0 club
(6, -18, D:3)
  a +0 club
(7, 13, D:3)
  a +0 dagger
(14, -3, D:3)
  a +0 plate armour
  a +0 hand axe
(18, 23, D:3)
  a +0 falchion
(21, -8, D:3)
  a +0 club
(23, -3, D:3)
  a rapier
(24, 22, D:3)
  a +0 chain mail
  a cursed -3 dagger
  a +0 ring mail
  a +0 whip
  a +0 leather armour
(25, -20, D:3)
  a +0 club
(30, -20, D:3)
  a sling bullet
(31, -21, D:3)
  a sling bullet
(31, -20, D:3)
  4 gold pieces
(33, -28, D:3)
  a +0 trident
(33, -14, D:3)
  5 sling bullets
(33, -12, D:3)
  a runed short sword
(34, -15, D:3)
  a sling bullet
(34, -14, D:3)
  a sling bullet
(37, -11, D:3)
  a +0 falchion
(39, -6, D:3)
  a +0 leather armour
(47, -28, D:3)
  a +0 spear
(52, -27, D:3)
  a +0 scale mail
(54, -8, D:3)
  a +0 dagger
(56, -5, D:3)
  a +0 spear
(57, -16, D:3)
  a +0 hunting sling
(57, -8, D:3)
  a +0 leather armour
  a +0 hand axe
(58, -11, D:3)
  a +0 club

Level 4 of the Dungeon
(0, 0, D:4)
  18 stones
(5, 5, D:4)
  a stone
(6, 7, D:4)
  2 sling bullets
(8, 7, D:4)
  a stone
(9, 7, D:4)
  a stone
(10, 7, D:4)
  a stone
  (unseen)
(30, 3, D:4)
  13 gold pieces
(43, 19, D:4)
  a tomahawk
(45, 19, D:4)
  a scale mail
(49, 15, D:4)
  an adder skeleton
(49, 18, D:4)
  an adder skeleton
(49, 22, D:4)
  a stone
(51, 23, D:4)
  a worm corpse
(52, 25, D:4)
  a stone
(53, 26, D:4)
  2 stones

a sewer
(0, 0, Sewer)
  a ball python skeleton

