Ukeite Guwewk

Level 1 of the Dungeon
(0, 0, D:1)
  a robe
(36, -9, D:1)
  a pair of boots
(37, -9, D:1)
  a ring mail
(47, 5, D:1)
  a ring mail
(47, 11, D:1)
  a +0 club
(49, 1, D:1)
  a chain mail
(49, 10, D:1)
  a +0 club
(49, 17, D:1)
  a ring mail
(54, -1, D:1)
  a +0 dagger

Level 2 of the Dungeon
(0, 0, D:2)
  a +0 club
(0, 24, D:2)
  a +0 dagger
(1, -8, D:2)
  a +0 dagger
(6, 0, D:2)
  a +0 club
  a +0 animal skin
  a +2 helmet
(8, -8, D:2)
  a +0 dagger
(9, -4, D:2)
  a +0 club
(10, 4, D:2)
  a +0 club
(11, 44, D:2)
  a +0 robe
(13, 42, D:2)
  a +0 club
(22, -4, D:2)
  a +0 dagger
(24, 38, D:2)
  a club
(50, 7, D:2)
  a potion of degeneration
(50, 23, D:2)
  a +0 club
(55, 13, D:2)
  a mace

Level 3 of the Dungeon
(0, 0, D:3)
  a club
(9, 17, D:3)
  a +0 dagger
(16, 18, D:3)
  a +0 robe
  a +0 dagger
(33, 15, D:3)
  a chain mail

Level 4 of the Dungeon
[Shop] Desykuk's General Store
  a scroll of enchant armour (82 gold)
  a ration (55 gold)
  a +0 dagger (22 gold)
  a +0 battleaxe (71 gold)
  a +0 rapier (44 gold)
  a lamp of fire (440 gold)
  a +0 club (11 gold)
  13 arrows (28 gold)
[Shop] Iday's Weapon Boutique
  10 stones (14 gold)
  a +4 falchion of distortion (413 gold)
  a +0 falchion (42 gold)
  a +0 falchion (42 gold)
  a +0 short sword (42 gold)
  a +0 scimitar (56 gold)
  31 stones (43 gold)
  6 poisoned needles (33 gold)
  a +2 dire flail of venom (235 gold)
  a +1 hand axe of flaming (173 gold)
[Shop] Olusief's Book Boutique
  a book of Battle (unknown) (480 gold)
  a book of Changes (unknown) (300 gold)
  a book of Misfortune (unknown) (240 gold)
  a Necronomicon (unknown) (1324 gold)
  a book of Geomancy (unknown) (420 gold)
  a book of Callings (unknown) (360 gold)
  a book of Cantrips (240 gold)
  a book of the Earth (unknown) (780 gold)
  a book of Conjurations (unknown) (360 gold)
  a book of Frost (unknown) (420 gold)
  a book of Necromancy (unknown) (360 gold)
(0, 0, D:4)
  a chain mail
(1, -3, D:4)
  a +0 robe
  a +0 dagger
(11, -14, D:4)
  a +0 spear
(12, -14, D:4)
  a +0 spear
(13, -14, D:4)
  a +0 club
(28, -38, D:4)
  a +0 club
(28, -36, D:4)
  a +0 spear
(28, 17, D:4)
  a hand axe
(29, -37, D:4)
  a +0 giant club
(31, -41, D:4)
  a +0 spear
  a +0 ring mail
  a +0 spear
  a +0 club
  a cursed -1 halberd
  a +0 whip
  a +0 robe
  a +0 club
  a +0 leather armour
(31, -18, D:4)
  a +0 leather armour
  a +0 whip
(32, -18, D:4)
  a +0 spear
(33, -33, D:4)
  a +0 flail
(33, -31, D:4)
  a +0 club
(34, -42, D:4)
  a +0 spear
(34, 6, D:4)
  a +0 spear
(35, -31, D:4)
  a cursed -3 club
(35, -9, D:4)
  a +0 flail
(35, 6, D:4)
  a +0 spear
(35, 7, D:4)
  a +0 club
(36, -13, D:4)
  a +0 spear
(36, 6, D:4)
  a +0 spear
  a +0 whip
  a +0 leather armour
(36, 7, D:4)
  a +0 halberd
(37, 7, D:4)
  a +0 spear
(38, -35, D:4)
  a +0 spear
(39, 3, D:4)
  a +0 halberd
(39, 6, D:4)
  a cursed -1 flail
  a +0 club
(42, -2, D:4)
  a cursed +0 halberd
(43, 7, D:4)
  a +0 flail
(45, 4, D:4)
  a +0 spear
(45, 11, D:4)
  a +0 club
(46, -26, D:4)
  a scale mail
  a +0 hand axe
(46, -5, D:4)
  a +0 club
(50, -16, D:4)
  a +0 dagger
  a +0 robe
(55, 11, D:4)
  a +0 flail
(57, 7, D:4)
  a +0 flail
(60, 6, D:4)
  a +0 spear
  a +0 halberd
  a +0 halberd

Level 5 of the Dungeon
(0, 0, D:5)
  a +0 giant club
(23, -24, D:5)
  a leather armour
(25, -26, D:5)
  a +0 giant spiked club
(43, -30, D:5)
  a flail

Level 6 of the Dungeon
(0, 0, D:6)
  a robe
(9, 0, D:6)
  a ring mail
(10, -10, D:6)
  a +0 plate armour
  a +0 hand axe
(21, -8, D:6)
  a +0 robe
  a cursed +0 hand axe
(22, -11, D:6)
  a +0 flail
(24, -11, D:6)
  a +0 ring mail
(24, 0, D:6)
  a +0 giant club
(24, 3, D:6)
  a +0 dire flail
  a +0 giant club
(26, -11, D:6)
  a cursed -1 hand axe
(27, 9, D:6)
  a morningstar
  a +0 war axe
  a +0 dagger
(27, 10, D:6)
  a +0 trident
  a +0 spear
(32, -10, D:6)
  a +0 giant club
(32, 8, D:6)
  a +0 battleaxe
  a +0 plate armour
(33, 1, D:6)
  a +0 plate armour
(34, -19, D:6)
  a robe
(41, -22, D:6)
  a +0 quarterstaff
  a +0 whip
(42, -22, D:6)
  a +0 short sword
  a +0 falchion
(43, -25, D:6)
  a falchion
(43, 14, D:6)
  a runed dagger
  a glowing dagger
(43, 15, D:6)
  2 needles of confusion
  95 arrows
  34 poisoned needles
  7 needles of sleeping
  a +1 mace of protection
  a +0 mace of protection
  a +1 mace of crushing
  a +0 flail of holy wrath
(43, 16, D:6)
  a hand axe
(43, 20, D:6)
  a +0 ring mail
  a +0 dagger
(44, 15, D:6)
  a +2 quarterstaff of chaos
(45, 15, D:6)
  a potion of mutation
(59, -15, D:6)
  a +0 hand axe

Level 7 of the Dungeon
[Shop] Utsufa's General Store
  a scroll of teleportation (45 gold)
  a scroll of acquirement (unknown) (780 gold)
  a potion of flight (45 gold)
  a +5 rapier of venom (477 gold)
  a +0 scale mail (60 gold)
  a wand of acid (11) (unknown) (450 gold)
  3 curare-tipped needles (27 gold)
[Shop] Nearoagg's Antique Weapon Emporium
  a runed hand axe (138 gold)
  a runed shortbow (138 gold)
  a broad axe (92 gold)
  an ichor-stained short sword (184 gold)
  a glowing morningstar (161 gold)
  a runed blowgun (126 gold)
  a hand axe (69 gold)
  a hand axe (69 gold)
  a glowing falchion (138 gold)
[Shop] Mics's Weapon Shop
  a +0 rapier (40 gold)
  a +0 trident (35 gold)
  19 stones (19 gold)
  a +1 lajatang of protection (250 gold)
  a +0 giant spiked club (19 gold)
  4 sling bullets (20 gold)
  a +0 quarterstaff (40 gold)
  a +0 flail (35 gold)
  a +0 long sword (35 gold)
  a +0 hand crossbow (35 gold)
  a +0 whip (25 gold)
  19 sling bullets (95 gold)
[Shop] Jeexzian's Armour Boutique
  a +0 leather armour (28 gold)
  a +0 robe (9 gold)
  a +0 chain mail (63 gold)
  a +0 robe (9 gold)
  a +0 robe (9 gold)
  the cursed +0 hat "Paugapn" {rF++ Str+4 Dex-5 SInv} (386 gold)
    It affects your strength (+4).
    It affects your dexterity (-5).
    It greatly protects you from fire.
    It lets you see invisible.
    It has a curse placed upon it.
  a +0 leather armour (28 gold)
  a +0 robe (9 gold)
  a +4 scale mail of cold resistance (434 gold)
  a +0 helmet (63 gold)
  a +0 robe (9 gold)
(0, 0, D:7)
  a +0 chain mail
  a +0 flail
(3, -29, D:7)
  a +0 club
(3, -11, D:7)
  a +0 plate armour
(4, 5, D:7)
  a +0 flail
(10, -2, D:7)
  a +0 quarterstaff
  a +0 scale mail
(11, -2, D:7)
  a +0 flail
(13, -10, D:7)
  a hand axe
(17, -24, D:7)
  a +0 robe
  a +0 dagger
(17, -21, D:7)
  a cursed -1 dagger
(22, -23, D:7)
  a +0 robe
  a +0 dagger
(22, 7, D:7)
  a cursed -3 club
(24, -22, D:7)
  a +0 scale mail
  a +0 mace
(27, -22, D:7)
  a pair of faintly humming boots
(27, -15, D:7)
  a falchion
(29, -21, D:7)
  a rapier
(32, 20, D:7)
  a scroll of random uselessness
(33, -13, D:7)
  a +0 leather armour
  a +0 flail
(35, 4, D:7)
  a scale mail
(35, 19, D:7)
  a +0 club
(40, -19, D:7)
  a cursed amulet of inaccuracy
(44, 1, D:7)
  a leather armour
(50, 8, D:7)
  a potion of flight
  a +0 scale mail
  a +0 leather armour
  a +0 long sword of pain

the Ecumenical Temple

