Viamanum

Level 1 of the Dungeon
(0, 0, D:1)
  a club
(0, 16, D:1)
  a +0 club
(10, 31, D:1)
  a +0 club
(11, 35, D:1)
  a +0 robe
(25, -20, D:1)
  a robe
(29, 30, D:1)
  a +0 dagger
(51, 18, D:1)
  a +0 club
(52, 19, D:1)
  a cursed -3 club
(54, 31, D:1)
  a +0 club
(55, -11, D:1)
  a dagger
(56, 27, D:1)
  a leather armour
(59, 8, D:1)
  a dagger

Level 2 of the Dungeon
(0, 0, D:2)
  a leather armour

Level 3 of the Dungeon
(0, 0, D:3)
  a cursed -1 club
(6, 27, D:3)
  a ring mail
(12, 1, D:3)
  a leather armour
(12, 22, D:3)
  a +0 club
(21, -4, D:3)
  a +0 hand axe
(21, -1, D:3)
  a +0 dagger
(23, 12, D:3)
  a hand axe
(24, -4, D:3)
  a +0 club
(25, -3, D:3)
  an uncursed ring of flight
(26, -4, D:3)
  a cursed -3 ring of protection
  a cursed +0 ring mail
  a +0 dagger
(27, 13, D:3)
  a +0 dagger
(34, 30, D:3)
  a +0 dagger
(38, -9, D:3)
  a +0 club

Level 4 of the Dungeon
[Shop] Ysaigyg's Gadget Shop
  a fan of gales (400 gold)
  a box of beasts (200 gold)
  a lightning rod (4/4) (400 gold)
  a lamp of fire (400 gold)
  a sack of spiders (200 gold)
  a lightning rod (4/4) (400 gold)
[Shop] Ytal's Antique Weapon Shop
  a runed flail (156 gold)
  a twisted flail (204 gold)
  a spear (72 gold)
  a mace (72 gold)
  a runed dagger (120 gold)
  a glowing mace (144 gold)
  a dagger (48 gold)
  a rapier (96 gold)
  a brightly glowing war axe (204 gold)
  a rapier (96 gold)
  a falchion (72 gold)
[Shop] Zophusel's Antique Weapon Shop
  a fine flail (280 gold)
  a translucent battleaxe (379 gold)
  a glowing trident (214 gold)
  a runed dagger (165 gold)
  a spear (99 gold)
  a war axe (115 gold)
  a hand axe (99 gold)
  a glowing blowgun (181 gold)
  a runed hand axe (198 gold)
  a flail (115 gold)
[Shop] Bocoanti's Assorted Antiques
  a scroll of enchant armour (165 gold)
  a crude dagger (154 gold)
  a dyed leather armour (110 gold)
  a blowgun (55 gold)
  a fan of gales (880 gold)
  a quarterstaff (88 gold)
  a warped ring mail (198 gold)
  a triangular jasper amulet (110 gold)
  a fan of gales (880 gold)
(0, 0, D:4)
  a +0 leather armour
(11, -14, D:4)
  a +0 leather armour
  a +0 dagger
(12, -13, D:4)
  a +0 chain mail
(12, 10, D:4)
  a +0 robe
  a +0 dagger
(13, 9, D:4)
  a +0 robe
  a +0 dagger
(27, -1, D:4)
  a leather armour
(33, -10, D:4)
  a rapier
(33, 4, D:4)
  a hunting sling
(49, 26, D:4)
  a +0 dagger
  a +0 short sword

Level 5 of the Dungeon
(0, 0, D:5)
  a dagger
(19, 9, D:5)
  a +0 plate armour
  a +0 short sword
(23, -1, D:5)
  a dagger
(35, 1, D:5)
  a flail
(35, 23, D:5)
  a leather armour
(35, 31, D:5)
  a +0 leather armour
  a +0 flail
(36, 30, D:5)
  a +0 ring mail
(36, 35, D:5)
  a +0 robe
  a +0 dagger
  a cursed -1 flail
  a +0 chain mail
  a +0 mace
(37, 9, D:5)
  a +0 giant spiked club
(37, 33, D:5)
  a +0 falchion
(37, 34, D:5)
  a +0 war axe
  a +0 leather armour
(47, 27, D:5)
  a +0 flail
(55, 16, D:5)
  a ring mail
(64, 36, D:5)
  a +0 leather armour
  a +0 morningstar
(65, 30, D:5)
  a +0 scale mail
(66, 29, D:5)
  a +0 club
(67, 29, D:5)
  a +0 chain mail

Level 6 of the Dungeon
[Shop] Hyilem's Assorted Antiques
  a morningstar (88 gold)
  a scroll labeled BIBUOSO VUWNEM (22 gold)
  a spear (66 gold)
  an iridescent mace (176 gold)
  a potion of haste (220 gold)
  a phantom mirror (660 gold)
  a hand axe (66 gold)
  a scroll of remove curse (66 gold)
  a scroll of remove curse (66 gold)
  a bone hunting sling (143 gold)
  a runed scarf (176 gold)
  a tiny sapphire amulet (110 gold)
(0, 0, D:6)
  a +0 mace
(2, 6, D:6)
  a +0 spear
(3, 21, D:6)
  a cursed +0 ring mail
  a +0 hand axe
(4, 8, D:6)
  a +0 whip
(8, -5, D:6)
  a +0 flail
(19, -22, D:6)
  a cursed +0 robe
  a +0 dagger
(20, 12, D:6)
  a +0 hand axe
(23, -2, D:6)
  a +0 dagger
(23, 13, D:6)
  a +0 dagger
  a +0 chain mail
(24, 12, D:6)
  a +0 mace
  a cursed +0 chain mail
(24, 13, D:6)
  a +0 ring mail
(36, 23, D:6)
  a +1 leather armour
(37, 21, D:6)
  a runed dagger
  a runed whip
  a glowing long sword
  a runed hand axe
(37, 22, D:6)
  51 bolts
(38, 22, D:6)
  136 arrows
  a +3 dire flail
  a +0 shortbow
  a +0 halberd
(39, 22, D:6)
  a potion of mutation
(50, -14, D:6)
  a +0 dagger
(51, -13, D:6)
  a cursed +0 ring mail
(52, -13, D:6)
  a +0 flail

Level 7 of the Dungeon
(0, 0, D:7)
  a leather armour
(6, -52, D:7)
  a ring mail
(8, -9, D:7)
  a +0 short sword
(10, -6, D:7)
  a cursed -3 whip
(11, -25, D:7)
  13 gold pieces
(11, -24, D:7)
  a brass wand
(12, -35, D:7)
  a dagger
(16, -52, D:7)
  a ring mail
(16, -16, D:7)
  a +0 club
(18, -42, D:7)
  a +0 giant club
(18, -12, D:7)
  a +0 dagger
  a +0 robe
(35, -2, D:7)
  a long sword
(41, -8, D:7)
  a glowing short sword
(45, -26, D:7)
  a +0 robe
  a +2 short sword
  a +0 robe
  a cursed +0 mace
(45, -25, D:7)
  a +0 robe
(46, -27, D:7)
  a +0 robe
  a +0 robe
  a +0 falchion
(55, -6, D:7)
  an adder skeleton
(58, -23, D:7)
  a dagger

the Ecumenical Temple

