Vuheig

Level 1 of the Dungeon
(0, 0, D:1)
  a hobgoblin skeleton
(1, -2, D:1)
  a rat corpse
(1, 0, D:1)
  a chunk of flesh
(3, -2, D:1)
  a rat corpse
(4, -5, D:1)
  a frilled lizard skeleton
(4, -2, D:1)
  a dart slug corpse
(4, 0, D:1)
  a dart slug corpse
(5, -5, D:1)
  an inedible chunk of flesh
(6, 0, D:1)
  a kobold corpse
(8, 0, D:1)
  a frilled lizard corpse
(9, -2, D:1)
  a kobold skeleton
(9, 1, D:1)
  a frilled lizard skeleton
(10, -3, D:1)
  a ring mail
(10, -1, D:1)
  a coppery potion
(10, 0, D:1)
  a chunk of flesh

