Walug

Level 1 of the Dungeon
(0, 0, D:1)
  a +0 club
(0, 2, D:1)
  a +0 club
(17, 21, D:1)
  a +0 club
(17, 52, D:1)
  a cursed -2 short sword
(19, 30, D:1)
  a +0 club
(21, 30, D:1)
  a +0 club
(24, 18, D:1)
  a +0 club

Level 2 of the Dungeon
(0, 0, D:2)
  a +0 club
(26, -15, D:2)
  a dagger
(26, -8, D:2)
  a robe
(40, -9, D:2)
  a cursed +0 flail
(46, 17, D:2)
  a +0 club
(52, 17, D:2)
  a hunting sling
(55, -20, D:2)
  a short sword
(58, -12, D:2)
  a +0 short sword
(59, -3, D:2)
  a +0 short sword

Level 3 of the Dungeon
(0, 0, D:3)
  a +0 short sword
(4, 0, D:3)
  a +0 flail
(9, -5, D:3)
  a robe
(9, 31, D:3)
  a scale mail
(10, 3, D:3)
  an uncursed ring of attention
  a +0 robe
  a +0 chain mail
  a scale mail
  a ring mail
(21, -8, D:3)
  a +0 robe
  a +0 dagger
(23, -11, D:3)
  a +0 flail
(23, -8, D:3)
  a +0 spear
(26, -2, D:3)
  a robe
(29, -14, D:3)
  a +0 robe
(29, -3, D:3)
  a hand axe
(30, -17, D:3)
  a falchion
  a dagger
  a +0 short sword
(31, -16, D:3)
  a +0 flail
  a +0 ring mail
(34, -15, D:3)
  a spear
(34, 2, D:3)
  a +0 club
  a +0 chain mail
(47, -2, D:3)
  a +0 club
(47, 12, D:3)
  a +0 club

Level 4 of the Dungeon
(0, 0, D:4)
  a dagger
(1, -1, D:4)
  a +0 spear
(3, -7, D:4)
  a +0 spear
(9, 0, D:4)
  a hunting sling
(13, 16, D:4)
  a +0 robe
(23, 9, D:4)
  a stone
(23, 10, D:4)
  a +0 spear
(24, 1, D:4)
  a club
(24, 24, D:4)
  a chain mail
(27, -13, D:4)
  a leather armour
(31, 6, D:4)
  a +0 ring mail
  a +0 short sword
(34, 13, D:4)
  a +0 flail
(34, 17, D:4)
  a hand axe
(37, -11, D:4)
  a +0 whip
(45, 19, D:4)
  a +0 dagger
  a +0 ring mail

Level 5 of the Dungeon
[Shop] Ligyrhaisk's General Store
  a +0 leather armour (26 gold)
  a scroll of magic mapping (45 gold)
  18 arrows (46 gold)
  an uncursed ring of fire (unknown) (325 gold)
  16 stones (20 gold)
  a +0 scale mail (52 gold)
  a ration (65 gold)
[Shop] Juac's Weapon Shop
  the +8 autumn katana {slice, Clar} (662 gold)
    It inflicts extra damage upon your enemies.
    
    It protects you against confusion.
  20 stones (20 gold)
  a +3 mace of protection (206 gold)
  a +0 vampiric halberd (140 gold)
  a +6 blowgun (345 gold)
  a +0 spear (30 gold)
  14 arrows (28 gold)
  a +0 trident (35 gold)
  23 stones (23 gold)
  a +1 falchion of holy wrath (124 gold)
  a +0 trident (35 gold)
[Shop] Weishro's Distillery
  a potion of magic (96 gold)
  a potion of magic (96 gold)
  a potion of might (48 gold)
  a potion of curing (36 gold)
  2 potions of heal wounds (120 gold)
[Shop] Cixolew's Assorted Antiques
  a potion of heal wounds (105 gold)
  a ring mail (84 gold)
  a robe (14 gold)
(0, 0, D:5)
  a war axe
(2, 12, D:5)
  a cursed -3 morningstar
(3, 8, D:5)
  a mace
(8, 28, D:5)
  a +0 leather armour
(11, 6, D:5)
  a potion of degeneration
(13, 10, D:5)
  a robe
(15, 11, D:5)
  a cursed +0 chain mail
  a cursed +0 falchion
(23, -23, D:5)
  a +0 trident
  a +0 robe
(25, -1, D:5)
  a robe
(31, 23, D:5)
  a +0 robe (still there?)
  a stone (still there?)
(32, 13, D:5)
  a +0 whip
  a +0 robe
  a +2 dagger of holy wrath
(37, 26, D:5)
  a helmet
(46, 26, D:5)
  a stone
(48, -28, D:5)
  a trident
(55, 9, D:5)
  a short sword
(58, -20, D:5)
  a scale mail

Level 6 of the Dungeon
(0, 0, D:6)
  a dagger
(0, 25, D:6)
  a hunting sling
(6, -3, D:6)
  a +0 leather armour
  a +0 mace
(14, -3, D:6)
  a +0 robe
  a +0 dagger
(16, -3, D:6)
  a +0 scale mail
  a +0 dagger
(25, 0, D:6)
  a +0 war axe
  a +0 animal skin
(28, -5, D:6)
  a +0 shortbow
(36, 0, D:6)
  a helmet
(40, 43, D:6)
  a robe
(40, 47, D:6)
  a rapier
(45, 38, D:6)
  a +0 plate armour
  a +0 short sword
(47, 40, D:6)
  a +0 dagger
(49, 42, D:6)
  a +0 quarterstaff

Level 7 of the Dungeon
[Shop] Gyleh's Antique Armour Shop
  a ring mail (108 gold)
  a scale mail (108 gold)
  a runed robe (99 gold)
  acid dragon scales (1080 gold)
  an ichor-stained ring mail (243 gold)
  a glowing leather armour (135 gold)
  a heavily runed ring mail (243 gold)
(0, 0, D:7)
  a whip
(0, 12, D:7)
  a +0 mace
  a scroll of random uselessness
  a +0 broad axe
  a +0 chain mail
(0, 16, D:7)
  a +0 flail
  a +0 scale mail
(13, 14, D:7)
  a leather armour
(13, 16, D:7)
  a +0 club
(21, 24, D:7)
  a +0 short sword
(26, 49, D:7)
  a ring mail
(41, 12, D:7)
  a leather armour
(48, 40, D:7)
  a scroll of random uselessness
(56, 13, D:7)
  a mace
(59, 16, D:7)
  a flail

Level 8 of the Dungeon
(0, 0, D:8)
  a +0 flail
(6, -4, D:8)
  a leather armour
(17, 13, D:8)
  a +0 robe
(19, 15, D:8)
  a +0 robe
(20, 15, D:8)
  a +0 halberd
  a +0 robe
(25, 0, D:8)
  a +4 short sword
  (unseen)
(26, -1, D:8)
  a tomahawk
(28, 3, D:8)
  a ring mail

Level 9 of the Dungeon
(0, 0, D:9)
  2 scrolls of identify
(0, 5, D:9)
  21 gold pieces
(1, -2, D:9)
  16 gold pieces
(2, 4, D:9)
  a +2 great sword
  a +0 robe
(3, -1, D:9)
  a stone
(4, 5, D:9)
  a +0 robe
  a cursed +2 battleaxe
(8, 9, D:9)
  a stone
(9, -1, D:9)
  a leather armour

the Ecumenical Temple

