Wamodier

Level 1 of the Dungeon
(0, 0, D:1)
  14 arrows
(2, 14, D:1)
  a +0 club
(5, -23, D:1)
  a +0 club
(5, -14, D:1)
  a +0 club
(8, -4, D:1)
  a leather armour
(10, -1, D:1)
  a cursed -2 club
(15, -20, D:1)
  a +0 dagger

Level 2 of the Dungeon
(0, 0, D:2)
  a short sword
(2, -12, D:2)
  a hand axe
(5, 2, D:2)
  a club
(13, 21, D:2)
  a short sword
(27, 11, D:2)
  a +0 club
(39, 6, D:2)
  a +0 quarterstaff
  a +0 leather armour

Level 3 of the Dungeon
(0, 0, D:3)
  a +0 robe
  a +0 dagger
(5, -5, D:3)
  a mace
(6, -9, D:3)
  a hand axe
(19, -21, D:3)
  a hand axe
(20, 4, D:3)
  a +0 mace
  a +0 leather armour
(22, -2, D:3)
  a war axe
(31, -16, D:3)
  a club
(40, -9, D:3)
  a +0 robe
  a +0 whip
(51, -2, D:3)
  a +0 robe
  a +0 dagger
(54, -32, D:3)
  a +0 club

Level 4 of the Dungeon
[Shop] Badal's Book Shop
  a book of Flames (unknown) (385 gold)
  a book of Necromancy (330 gold)
  a book of Battle (440 gold)
  a book of Conjurations (unknown) (330 gold)
  a book of Geomancy (385 gold)
  a Young Poisoner's Handbook (unknown) (440 gold)
  a book of Battle (440 gold)
(0, 0, D:4)
  a +0 short sword
(13, 17, D:4)
  a plate armour
(16, 31, D:4)
  a +0 chain mail
(16, 37, D:4)
  a leather armour
(21, 33, D:4)
  a +0 mace
(21, 35, D:4)
  a +0 flail
(23, 26, D:4)
  a +0 flail
(30, 31, D:4)
  a +0 ring mail
  a +0 short sword
(31, 32, D:4)
  a +0 falchion
(35, 24, D:4)
  a leather armour

Level 5 of the Dungeon
(0, 0, D:5)
  6 bolts
(13, 20, D:5)
  a +0 robe
  a +0 dagger
(15, -5, D:5)
  a +0 ring mail
  a +0 hand axe
(15, 14, D:5)
  a +0 robe
  a +0 dagger
(15, 15, D:5)
  a +0 leather armour
(15, 17, D:5)
  a +0 robe
  a +0 dagger
(22, 28, D:5)
  a +0 flail
(22, 29, D:5)
  a +0 flail
(25, -3, D:5)
  a +0 halberd
(40, 24, D:5)
  a +0 robe
  a +0 dagger
(40, 28, D:5)
  a +0 whip
(42, 32, D:5)
  a spear
(49, 31, D:5)
  a leather armour
(50, -12, D:5)
  a mace
(50, -10, D:5)
  a mace
(51, -12, D:5)
  a mace
(51, -11, D:5)
  a mace
(51, -10, D:5)
  a mace
(52, -12, D:5)
  a mace
(52, -10, D:5)
  a mace
(53, -11, D:5)
  a +2 cloak
(54, -11, D:5)
  a mace
(55, -10, D:5)
  a mace
(56, -10, D:5)
  a mace
(57, -9, D:5)
  a mace
(58, -10, D:5)
  a mace
(59, -9, D:5)
  a mace
(62, 33, D:5)
  a +0 shortbow

Level 6 of the Dungeon
(0, 0, D:6)
  a +0 falchion
(5, 18, D:6)
  a cursed -3 giant club
(13, 32, D:6)
  a cursed +0 animal skin
  a +0 hand axe
(13, 34, D:6)
  a cloak
(20, 3, D:6)
  a +0 giant spiked club
(24, 0, D:6)
  a +0 leather armour
(24, 4, D:6)
  a +0 robe
  a +0 dagger
  a +0 club
  a +0 ring mail
  a +0 mace
(24, 8, D:6)
  a +0 ring mail
  a +0 war axe
(31, 29, D:6)
  a +0 short sword
(32, 28, D:6)
  a +0 club
  a +0 club
(35, 47, D:6)
  a pair of gloves
(36, 24, D:6)
  a centaur barding
(37, 32, D:6)
  a +0 dagger
  a +0 robe
(38, 43, D:6)
  a +0 flail
  a +0 ring mail
(41, -6, D:6)
  a club
(41, -3, D:6)
  a +0 shortbow
(41, 28, D:6)
  a +0 trident
(42, 32, D:6)
  a cursed -2 dagger
  a +0 ring mail
(45, 15, D:6)
  a cursed -1 flail
  a +0 leather armour
  a +0 dagger
  a +0 robe
(46, 15, D:6)
  a +0 falchion
(51, 43, D:6)
  a +0 club

Level 7 of the Dungeon
(0, 0, D:7)
  a cursed -3 club
(5, -12, D:7)
  a +0 dagger
(5, 3, D:7)
  a +0 short sword
(10, -33, D:7)
  a +0 leather armour
  a cursed -2 dagger
(17, 9, D:7)
  a +0 dagger
(17, 19, D:7)
  a +0 leather armour
  a +0 hand axe
(18, 9, D:7)
  a +0 robe
  a +0 dagger
(20, 10, D:7)
  a cursed +0 scale mail
  a +0 dagger
(27, -13, D:7)
  a +0 long sword
(32, -27, D:7)
  a flail
(36, -8, D:7)
  a +0 club
(46, 12, D:7)
  a +0 shortbow

Level 8 of the Dungeon
(0, 0, D:8)
  a potion of degeneration
(0, 4, D:8)
  a +0 robe
  a +0 dagger
(3, 6, D:8)
  a +0 club
(7, 9, D:8)
  a +0 leather armour
  a +0 club
(9, 10, D:8)
  a +0 flail
(11, 10, D:8)
  a +0 chain mail
  a +2 dire flail of holy wrath
(14, 10, D:8)
  a cursed +0 robe
  a +0 dagger
(24, 23, D:8)
  a +0 falchion
  a +0 short sword
(30, 6, D:8)
  20 bolts
(31, 10, D:8)
  a +3 shortbow
(34, 10, D:8)
  a +0 chain mail
  a +0 hand axe
(37, 10, D:8)
  a +0 robe
  a +0 dagger
  a cursed +0 leather armour
  a +0 whip
(38, 10, D:8)
  a +0 flail
  a +0 halberd
(38, 18, D:8)
  a quarterstaff
(41, 7, D:8)
  a +0 spear
(42, 7, D:8)
  a +0 halberd
(42, 9, D:8)
  a +0 leather armour
  a +0 whip
(47, 10, D:8)
  a potion of degeneration
(55, 11, D:8)
  a +2 quarterstaff of draining
  a +0 ring mail

Level 9 of the Dungeon
(0, 0, D:9)
  a robe
(4, 0, D:9)
  a +0 giant club
(7, 2, D:9)
  a long sword
(7, 34, D:9)
  17 bolts
(8, 36, D:9)
  a leather armour
(8, 37, D:9)
  a hand axe
(9, 3, D:9)
  a +0 chain mail
  a +0 dire flail
(9, 12, D:9)
  a +0 halberd
  a +0 spear
  a +0 trident
(11, 21, D:9)
  a cursed +0 chain mail
  a +1 battleaxe of chopping
(13, 36, D:9)
  a +0 giant club
(15, 12, D:9)
  a +0 plate armour
  a +0 war axe
(16, 23, D:9)
  a +0 plate armour
  (unseen)
(18, -2, D:9)
  a +2 cloak
(19, 14, D:9)
  a +0 scale mail
  a +0 ring mail
  a +1 leather armour
  the +0 chain mail "Qagga" {Str+4}
    It affects your strength (+4).
(19, 23, D:9)
  a +0 flail
(20, 22, D:9)
  a cursed -2 giant club
(21, 6, D:9)
  a +0 dagger
(21, 9, D:9)
  a +0 mace
  a +0 chain mail
  a +0 hand axe
(21, 10, D:9)
  a +0 leather armour
  a +0 flail
(23, 2, D:9)
  a +0 club
  a +0 leather armour
  a +0 short sword
  a +0 short sword
(23, 11, D:9)
  a +0 robe
  a +0 giant spiked club
(24, 2, D:9)
  a +0 dagger
  a +0 flail
(25, 2, D:9)
  a +0 leather armour
  a +0 dagger
  a +0 whip of flaming
(27, 2, D:9)
  a +0 trident
  a +0 ring mail
  a +0 dagger
(27, 35, D:9)
  2 potions of degeneration
(28, 2, D:9)
  a +0 leather armour
  a +0 short sword
  a +0 mace
(31, 4, D:9)
  a +0 leather armour
(34, 21, D:9)
  a +0 giant club
(38, 16, D:9)
  a +0 shortbow
(49, 3, D:9)
  a pair of gloves

Level 10 of the Dungeon
[Shop] Quodukul's Antique Weapon Shop
  a runed flail (208 gold)
  an arbalest (144 gold)
  a spear (96 gold)
  an arbalest (144 gold)
  an ancient hand axe (256 gold)
  a glowing lajatang (576 gold)
(0, 0, D:10)
  a scale mail
(2, 22, D:10)
  a +0 ring mail
  a +0 flail
(3, 21, D:10)
  a +0 plate armour
  a +0 mace
(3, 22, D:10)
  a cursed +0 robe
  a +1 dagger of flaming
(4, 19, D:10)
  a +0 whip
(5, 27, D:10)
  a +0 ring mail
  a +0 club
(5, 28, D:10)
  a +0 short sword
(6, -5, D:10)
  a war axe
(6, 28, D:10)
  a +0 mace
(17, 18, D:10)
  a +0 leather armour
  a +0 dagger
(19, 9, D:10)
  a +0 giant club
(27, 11, D:10)
  a rapier
(29, -5, D:10)
  a hunting sling
(38, -7, D:10)
  a +2 robe of the Archmagi
  a +0 buckler
  a +1 chain mail of magic resistance
(38, -6, D:10)
  a +0 leather armour of cold resistance
(39, -7, D:10)
  a +2 rapier of electrocution
  a +3 hand axe
  a +2 short sword of draining
  6 javelins of penetration
  a +9 long sword
  a +1 war axe of freezing
  a +4 mace
  a +3 scimitar of flaming
  a +2 short sword of draining
(39, -6, D:10)
  a +0 mace of protection
  a +0 dagger of venom
(40, -7, D:10)
  a +2 quarterstaff of chaos
(41, -15, D:10)
  a +0 dagger
(41, -7, D:10)
  a crystal ball of energy
  8 scrolls of remove curse
  a wand of clouds (8)
  a potion of ambrosia
  a potion of curing
  a potion of mutation
  a scroll of torment
  a wand of random effects (17)
  a +3 ring of dexterity
  an uncursed staff of death
  an uncursed staff of earth
  a scroll of fog
  a scroll of vulnerability
  a scroll of noise
  2 potions of heal wounds
  3 scrolls of immolation
  a ring of wizardry
(43, 11, D:10)
  a +0 robe
(44, 11, D:10)
  a +0 flail
(46, 2, D:10)
  a robe
(47, 7, D:10)
  a short sword
(56, -6, D:10)
  a plate armour
(56, 7, D:10)
  a +0 hunting sling
(59, 31, D:10)
  27 bolts

Level 11 of the Dungeon
(0, 0, D:11)
  a +0 long sword
(1, -16, D:11)
  a +0 chain mail
  a +0 dagger of protection
  a +0 flail
(1, -15, D:11)
  a +0 dagger
  a +0 flail
  a +0 leather armour
  a +0 dagger
  a +0 chain mail
  a +0 chain mail
  a +0 hand axe
(1, -14, D:11)
  a cursed +0 whip
(1, -12, D:11)
  a +0 hand axe
(2, -39, D:11)
  a trident
(2, -24, D:11)
  a +0 chain mail
  a +0 flail
(2, -14, D:11)
  a +0 dagger of venom
(3, -33, D:11)
  a +0 scale mail
  a +0 club
(6, -37, D:11)
  a +0 chain mail
  a cursed -3 long sword
(9, -12, D:11)
  a +0 leather armour
  a +0 whip
  a +0 robe
  a +0 dagger
  a +0 plate armour
  a +0 halberd
(11, -14, D:11)
  a +0 morningstar
(12, -37, D:11)
  a whip
  a robe
(12, -14, D:11)
  a +0 ring mail
  a +0 falchion
(15, -14, D:11)
  a +0 dagger
(16, -15, D:11)
  a +0 robe
  a +0 dagger
(19, -14, D:11)
  a cursed -3 trident
(19, -11, D:11)
  a +0 shortbow
(20, -10, D:11)
  a +0 shortbow
(21, -12, D:11)
  a +0 shortbow
(22, -12, D:11)
  a +1 robe of resistance
  a +0 dagger
(24, -12, D:11)
  a +0 shortbow
(27, -21, D:11)
  a +0 plate armour
  a +0 flail
(29, -27, D:11)
  a +0 robe
  a +1 dagger of electrocution
(29, -26, D:11)
  a cursed +0 leather armour
  a +0 mace
(29, -20, D:11)
  a +0 short sword
(30, -25, D:11)
  a cursed +0 plate armour
  a +0 war axe
  a +0 short sword
  a +0 leather armour
(31, -29, D:11)
  a +0 hand axe
(34, -15, D:11)
  a +0 shortbow
(38, -24, D:11)
  a +0 short sword
(42, -22, D:11)
  a +0 robe
  a +0 dagger
(43, -40, D:11)
  16 bolts
(48, -23, D:11)
  a +0 giant club
  a +0 robe
  a +0 dagger
  a +0 plate armour
  a +0 mace
  a +0 giant club
(49, -28, D:11)
  a +0 shortbow
(49, -25, D:11)
  a +0 robe
  a +0 dagger
(51, -17, D:11)
  a +0 flail
(51, -15, D:11)
  a +0 ring mail

Level 12 of the Dungeon
(0, 0, D:12)
  a +0 war axe
(4, 1, D:12)
  a leather armour
(5, -15, D:12)
  a robe
(21, -3, D:12)
  a +0 long sword
(32, 15, D:12)
  a +0 shortbow
(32, 16, D:12)
  a +0 scale mail
  a +0 hand axe
(33, 0, D:12)
  a +0 chain mail
(33, 15, D:12)
  a +0 ring mail
  a +0 hand axe
(33, 16, D:12)
  a +0 chain mail
  a +0 halberd
(34, 14, D:12)
  a +0 shortbow
(34, 15, D:12)
  a +0 falchion
  a +0 mace
  a +0 leather armour
(34, 16, D:12)
  a +0 leather armour
  a +0 hand axe
(35, 7, D:12)
  a +0 shortbow
(35, 8, D:12)
  a +0 shortbow
(36, 6, D:12)
  a +0 shortbow
(37, 8, D:12)
  a +0 shortbow
  a +0 robe
  a +0 dagger
(37, 13, D:12)
  a +0 chain mail
  a +0 flail
(38, 6, D:12)
  a +0 ring mail
  a +1 mace of protection
(38, 10, D:12)
  a +0 scimitar of flaming
(42, 5, D:12)
  a +0 flail
(50, 12, D:12)
  a blackened pearl amulet
(51, 12, D:12)
  a +0 giant club
(66, -6, D:12)
  a +0 mace
(67, -5, D:12)
  a +0 robe
  a +0 dagger
  a +0 robe
  a +0 dagger
(68, 4, D:12)
  a war axe
(70, 13, D:12)
  a cursed +0 chain mail
  (unseen)

Level 13 of the Dungeon
[Shop] Juow's Weapon Emporium
  the +6 hand axe of Cekitt {chop, rPois} (548 gold)
    It inflicts extra damage upon your enemies.
    
    It protects you from poison.
  21 bolts (50 gold)
  a +0 hand axe (36 gold)
  19 arrows (45 gold)
  the +6 great sword "Ydemul" {slice, rN++ Dex-5} (560 gold)
    It inflicts extra damage upon your enemies.
    
    It affects your dexterity (-5).
    It greatly protects you from negative energy.
  10 stones (12 gold)
  16 arrows (38 gold)
  17 bolts (40 gold)
  a +1 vampiric rapier (228 gold)
  a cursed +0 falchion (1 gold)
  13 bolts (31 gold)
(0, 0, D:13)
  a robe
(2, 44, D:13)
  a scale mail
(17, 9, D:13)
  a large rock
(18, 8, D:13)
  2 large rocks
(18, 11, D:13)
  a long smoking staff
(18, 13, D:13)
  a club
(18, 15, D:13)
  a coiled lapis lazuli ring
(20, 11, D:13)
  18 gold pieces
(20, 13, D:13)
  13 gold pieces
(20, 15, D:13)
  8 gold pieces
(22, 11, D:13)
  a sparkling golden amulet
(22, 15, D:13)
  a glistering book
(24, 11, D:13)
  17 gold pieces
(24, 13, D:13)
  11 gold pieces
(24, 15, D:13)
  5 gold pieces
(26, 11, D:13)
  a glowing mace
(26, 13, D:13)
  a scroll labeled UMYOCIL ANISERPH
(26, 15, D:13)
  a twitching bone ring
(27, 8, D:13)
  a cursed -3 giant club
  a +0 giant club
(32, 35, D:13)
  a +0 club
  a +0 cloak
(39, 38, D:13)
  a dagger
(43, 55, D:13)
  a glowing robe
(44, 53, D:13)
  a trident
(45, 4, D:13)
  a runed robe
(45, 46, D:13)
  a +0 robe
  a +0 spear
(48, 9, D:13)
  a large rock
(48, 13, D:13)
  a +0 giant club
(48, 36, D:13)
  a shiny scale mail
(48, 38, D:13)
  12 gold pieces
(51, 14, D:13)
  4 large rocks
(51, 38, D:13)
  a leatherbound book
(54, 13, D:13)
  a +0 giant club
  a +0 giant club
(54, 47, D:13)
  a +0 robe
  a +1 dagger
  a +0 robe
  a +0 battleaxe

Level 14 of the Dungeon
(0, 0, D:14)
  a +0 robe
  a +0 dagger
(9, -15, D:14)
  a hand crossbow
(11, 1, D:14)
  a +0 longbow
(20, -2, D:14)
  a +0 shortbow
  a +0 giant spiked club
  a +0 giant spiked club
(23, -9, D:14)
  a +0 giant spiked club
  a +0 giant club
(24, 11, D:14)
  a pair of gloves
(28, -9, D:14)
  a scroll of random uselessness
(31, 11, D:14)
  a +0 glaive
(32, 11, D:14)
  a +0 flail
(34, -16, D:14)
  2 large rocks
(35, -15, D:14)
  4 large rocks
(45, 9, D:14)
  a quarterstaff
(45, 13, D:14)
  a +0 flail
(47, -7, D:14)
  a scroll of vulnerability
  a +1 hat
(48, 12, D:14)
  a scroll of blinking
(57, 1, D:14)
  a war axe
(61, -10, D:14)
  a glowing hand axe
(67, 9, D:14)
  a +0 trident

Level 15 of the Dungeon
(7, -14, D:15)
  a leather armour
(18, -9, D:15)
  a scroll labeled VENERU MEAZEBA
(21, -11, D:15)
  a scroll of identify
(28, -8, D:15)
  a +0 rapier
  an elf skeleton
(29, -10, D:15)
  a ring mail
(38, 22, D:15)
  a scroll of immolation
(45, -10, D:15)
  a chain mail
(47, 9, D:15)
  a +1 great sword of flaming
(49, 31, D:15)
  a scroll of fog
(54, -4, D:15)
  a potion of cancellation
(56, -5, D:15)
  a +0 shortbow
(57, -6, D:15)
  a +0 shortbow
(57, -5, D:15)
  a cursed -2 shortbow
(59, -5, D:15)
  a +0 shortbow
(69, 17, D:15)
  an acid dragon corpse (skeletalised by now)

the Ecumenical Temple

Level 1 of the Orcish Mines
(0, 0, Orc:1)
  a +0 chain mail
  a +0 mace
(3, -54, Orc:1)
  a +0 falchion
(5, -49, Orc:1)
  a +0 short sword
(5, 0, Orc:1)
  a +0 chain mail
  a +0 long sword
(6, -51, Orc:1)
  a +0 mace
(7, -28, Orc:1)
  5 large rocks
(8, -51, Orc:1)
  a +0 robe of magic resistance
  a +0 dagger
(9, 2, Orc:1)
  a +0 giant spiked club
(11, -43, Orc:1)
  a +0 dagger
(14, -40, Orc:1)
  a +0 giant club
(14, -2, Orc:1)
  a +0 robe
  a +0 dagger
(15, 0, Orc:1)
  a +0 hand axe of flaming
(15, 2, Orc:1)
  a +0 robe
  a +0 dagger
  a +0 leather armour
  a +0 short sword
(16, 0, Orc:1)
  a +0 chain mail
  a +0 scimitar
(16, 1, Orc:1)
  a +0 mace
(16, 2, Orc:1)
  a +0 plate armour
  a +0 halberd
(24, -34, Orc:1)
  a +0 dagger
(25, -33, Orc:1)
  a +0 robe
  a +0 dagger
(26, -33, Orc:1)
  a +0 plate armour
  a cursed +0 scimitar
(27, -31, Orc:1)
  a +0 robe
  a +0 dagger
(28, -33, Orc:1)
  a +0 leather armour of fire resistance
  a +0 dagger
(28, -32, Orc:1)
  a cursed +0 falchion
  a +0 hand axe
  a +0 giant club
  a +0 ring mail
  a +0 flail
(30, -34, Orc:1)
  a +0 giant club
(33, -5, Orc:1)
  a +0 robe
  a +0 ring mail
  a +0 dagger
  a +0 flail
(34, -3, Orc:1)
  a +0 plate armour
  a +0 battleaxe
(35, -9, Orc:1)
  a +0 flail
(35, -8, Orc:1)
  a +0 robe
  a +0 dagger
  a +0 chain mail
  a +2 antimagic battleaxe
(35, -7, Orc:1)
  a +2 robe of cold resistance (still there?)
  a +0 dagger (still there?)
  a +0 chain mail (still there?)
(36, -9, Orc:1)
  a +0 leather armour
  (unseen)
(38, -7, Orc:1)
  a +0 chain mail
  a +0 flail

Level 2 of the Orcish Mines
(1, 14, Orc:2)
  a +0 plate armour
  a +0 long sword
(1, 15, Orc:2)
  a large rock
(2, 15, Orc:2)
  a +0 plate armour
  a +0 flail
  a +0 chain mail
  a +0 dagger
(5, 14, Orc:2)
  a +0 robe
  a +0 dagger
(6, 16, Orc:2)
  a +0 club
(7, -4, Orc:2)
  a large rock
(7, 15, Orc:2)
  a +2 mace of protection
(8, -6, Orc:2)
  a +0 giant spiked club
(8, 14, Orc:2)
  a +0 mace
(8, 15, Orc:2)
  a +0 chain mail
  a +0 trident
(8, 16, Orc:2)
  a +0 halberd
(9, 8, Orc:2)
  a +0 leather armour
(12, 12, Orc:2)
  a +0 flail
(13, 15, Orc:2)
  a large rock
  a cursed +0 leather armour
  a +0 dagger
(14, 16, Orc:2)
  2 large rocks
(15, 13, Orc:2)
  a +0 dagger
  a +0 robe
(15, 16, Orc:2)
  a +0 war axe
  a +0 plate armour
(15, 17, Orc:2)
  a +0 leather armour
  a +0 mace
(18, 19, Orc:2)
  a +0 dire flail
  a +0 giant spiked club
(18, 20, Orc:2)
  a +0 dagger
  a +0 robe
  a +0 plate armour
  a +0 war axe
(19, 21, Orc:2)
  a +0 dagger
  a +0 leather armour
(20, 22, Orc:2)
  a +0 dagger
  a +0 robe
  a +0 giant club
  a large rock
(23, 26, Orc:2)
  a +0 trident
(27, 25, Orc:2)
  a +2 long sword of slicing
  a +0 plate armour
(32, 29, Orc:2)
  a +0 hand axe
  a +0 plate armour
(32, 30, Orc:2)
  a +0 short sword
(33, 22, Orc:2)
  an arrow
  (unseen)
(33, 23, Orc:2)
  an arrow
(33, 28, Orc:2)
  a +0 dagger
  a +0 ring mail
(34, 22, Orc:2)
  2 arrows
(34, 23, Orc:2)
  2 arrows
(34, 30, Orc:2)
  a +0 battleaxe
  a +0 chain mail
(35, 24, Orc:2)
  a +0 trident
  a +0 plate armour
(35, 30, Orc:2)
  a +0 short sword
(36, 24, Orc:2)
  a +0 hand axe
  a +0 chain mail
(36, 25, Orc:2)
  a +0 hand axe
(36, 29, Orc:2)
  a +0 trident
  a +0 chain mail
(37, 25, Orc:2)
  a +0 halberd
  a +3 plate armour

Level 1 of the Lair of Beasts
(0, 0, Lair:1)
  a potion of degeneration
(1, -33, Lair:1)
  a leather armour
(25, -41, Lair:1)
  a scroll of random uselessness
(25, -5, Lair:1)
  a +0 long sword
(30, 15, Lair:1)
  a rapier
(31, -16, Lair:1)
  a leather armour
(40, -39, Lair:1)
  a book of Cantrips
(43, 9, Lair:1)
  a trident
(50, -28, Lair:1)
  a scale mail

Level 2 of the Lair of Beasts
(0, 0, Lair:2)
  a ring mail
(2, 4, Lair:2)
  18 bolts
(6, 18, Lair:2)
  a glaive
(13, 34, Lair:2)
  a +2 robe of fire resistance
(38, -9, Lair:2)
  a scimitar

Level 3 of the Lair of Beasts
(0, 0, Lair:3)
  a club
(11, 13, Lair:3)
  a hunting sling
(15, 11, Lair:3)
  a scimitar
(20, 10, Lair:3)
  a shortbow
(21, 4, Lair:3)
  a chain mail
(25, 12, Lair:3)
  a flail
(27, -28, Lair:3)
  a centaur barding
(39, -10, Lair:3)
  a +0 shortbow
(39, -9, Lair:3)
  a +0 shortbow
(46, -28, Lair:3)
  a ring mail
(50, -18, Lair:3)
  a leather armour
(53, -21, Lair:3)
  a hunting sling

Level 4 of the Lair of Beasts
(0, 0, Lair:4)
  a +0 mace
(8, 14, Lair:4)
  a falchion
(17, 15, Lair:4)
  a +0 blowgun

Level 5 of the Lair of Beasts
(0, 0, Lair:5)
  a cloak
(15, 22, Lair:5)
  a scimitar
(21, -8, Lair:5)
  a club
(24, -12, Lair:5)
  a leather armour
(25, 26, Lair:5)
  a potion of degeneration
(29, 8, Lair:5)
  a whip
(38, 23, Lair:5)
  a +0 robe
  a +0 short sword
(50, 6, Lair:5)
  a hunting sling
(52, 17, Lair:5)
  a war axe

Level 6 of the Lair of Beasts
(0, 0, Lair:6)
  a +0 robe
  a +0 short sword
(3, -4, Lair:6)
  a spear
(9, 27, Lair:6)
  a +0 spear
  a +0 blowgun
(26, 10, Lair:6)
  a +0 robe
  a +0 rapier
(27, 8, Lair:6)
  a +0 robe
  a +0 dagger
(28, 9, Lair:6)
  a +0 dagger of venom
  a +0 robe
(30, 12, Lair:6)
  a +0 robe
  a +0 rapier
(32, 18, Lair:6)
  a +0 buckler
  a +0 robe
  a +0 dagger
(34, 21, Lair:6)
  a +0 spear
(36, 30, Lair:6)
  a +0 robe
  a +0 dagger
(39, 24, Lair:6)
  a +0 robe
(40, 17, Lair:6)
  a +0 robe
  a +0 short sword
(46, 15, Lair:6)
  a cursed +0 robe
  a +0 rapier
(47, 22, Lair:6)
  a +0 robe
  a +0 short sword
(48, 29, Lair:6)
  a trident

