Weneighich

Level 1 of the Dungeon
(0, 0, D:1)
  14 gold pieces
(3, 5, D:1)
  12 poisoned needles
(7, 31, D:1)
  a ring mail
(11, 14, D:1)
  a ring mail
(15, -4, D:1)
  a scroll labeled SIOTHUOTIC
(18, 4, D:1)
  a mace
(20, 21, D:1)
  a scroll labeled WOONADGHEBE
(22, -2, D:1)
  a short sword
(36, 12, D:1)
  13 gold pieces
(38, 0, D:1)
  a ration
(46, 2, D:1)
  a scroll labeled SYBBAG VAEHIUFENO
(48, 17, D:1)
  a fizzy amethyst potion
(52, -13, D:1)
  8 arrows

Level 1 of the Lair of Beasts
(0, 0, Lair:1)
  19 arrows
(3, -31, Lair:1)
  23 stones
(4, -36, Lair:1)
  a ration
(6, -34, Lair:1)
  a ration
(6, -14, Lair:1)
  a bone ring
(7, -18, Lair:1)
  a ruby potion
(10, 3, Lair:1)
  a sapphire potion
(15, 3, Lair:1)
  11 arrows
(16, -19, Lair:1)
  15 gold pieces
(16, 1, Lair:1)
  10 stones
(26, -20, Lair:1)
  a stone
(26, -19, Lair:1)
  2 stones
(27, -21, Lair:1)
  a stone
(28, -20, Lair:1)
  3 stones
(28, -19, Lair:1)
  3 stones
(28, -18, Lair:1)
  a stone
(29, -21, Lair:1)
  a scroll labeled BAZAERREAL
(29, -18, Lair:1)
  a stone
(30, -18, Lair:1)
  a stone
(30, -17, Lair:1)
  2 stones
(31, -18, Lair:1)
  a stone
(31, -1, Lair:1)
  a worn lead wand
(32, -18, Lair:1)
  a stone
(32, -16, Lair:1)
  a stone
(32, 1, Lair:1)
  a long sword
(33, -22, Lair:1)
  a ration
(33, -12, Lair:1)
  a mace
(36, -13, Lair:1)
  2 stones
(38, 7, Lair:1)
  24 sling bullets
(44, -16, Lair:1)
  12 stones
(45, -17, Lair:1)
  a stone
(45, -11, Lair:1)
  a stone
(46, -14, Lair:1)
  a stone
(46, -13, Lair:1)
  a stone
(46, -12, Lair:1)
  2 stones
(47, -16, Lair:1)
  a stone
(47, -13, Lair:1)
  4 stones
(48, -14, Lair:1)
  a stone
(49, -15, Lair:1)
  a stone
(49, -14, Lair:1)
  a scroll labeled TISEABELEL
(49, 10, Lair:1)
  20 sling bullets
(50, -29, Lair:1)
  21 gold pieces
(50, 15, Lair:1)
  14 stones
(51, -11, Lair:1)
  a stone
(52, -9, Lair:1)
  22 gold pieces
(54, -5, Lair:1)
  a marble ring
(54, 2, Lair:1)
  a war axe
(55, 7, Lair:1)
  22 gold pieces
(57, -21, Lair:1)
  a stone
(57, -19, Lair:1)
  a stone
(57, -18, Lair:1)
  2 stones
(58, -19, Lair:1)
  a stone
(58, -18, Lair:1)
  a stone
(58, -17, Lair:1)
  a stone

