Wor Zil

Level 1 of the Dungeon
(0, 0, D:1)
  a +0 club
(3, 10, D:1)
  a +0 club
(15, -8, D:1)
  an uncursed amulet of the gourmand
(15, -3, D:1)
  a leather armour
(17, 2, D:1)
  a cursed +0 club
(32, -1, D:1)
  a ring mail
(36, -3, D:1)
  a scale mail
(36, -2, D:1)
  a leather armour
(40, 18, D:1)
  a +0 spear
(48, -12, D:1)
  a +0 club
(54, 20, D:1)
  a whip

Level 2 of the Dungeon
(0, 0, D:2)
  a dagger
(15, -15, D:2)
  a ring mail

Level 3 of the Dungeon
(0, 0, D:3)
  a +0 scale mail
  a +0 short sword
(4, -7, D:3)
  a +0 club
(4, 3, D:3)
  a +0 dagger
  a +0 hand axe
(5, -9, D:3)
  a pair of gloves
(6, 4, D:3)
  a +0 dagger
(12, 36, D:3)
  a +0 leather armour
(15, 10, D:3)
  a +0 ring mail
  a +0 dagger
  a +0 chain mail
(20, 38, D:3)
  a +0 short sword
  a +0 whip
(21, -1, D:3)
  a dagger
(22, -1, D:3)
  a +0 robe
  a cursed +0 scythe
(26, 26, D:3)
  a +0 short sword
(28, 43, D:3)
  a club
(34, -9, D:3)
  a +0 club
(42, 14, D:3)
  a spear
(43, 0, D:3)
  a +0 mace
(47, 2, D:3)
  a cursed +0 whip
(47, 3, D:3)
  a +0 falchion
(47, 22, D:3)
  a +0 club
(47, 25, D:3)
  a +0 club
  a cursed +0 hunting sling
(47, 26, D:3)
  a +0 club
(47, 27, D:3)
  a +0 club
(48, 29, D:3)
  a +0 club
(48, 31, D:3)
  a +0 helmet
  a +0 animal skin
(49, 31, D:3)
  a +0 dagger

Level 4 of the Dungeon
[Shop] Qacixoj's Lightly-Used Armoury
  a -1 double sword (120 gold)
  a -3 crystal plate armour (780 gold)
  a -2 centaur barding (156 gold)
  a -1 demon trident (120 gold)
  a -1 demon whip (120 gold)
  a -2 demon blade (60 gold)
  a -2 bardiche (1 gold)
(0, 0, D:4)
  a whip
(35, -17, D:4)
  a +0 giant spiked club
(48, 0, D:4)
  a +0 giant club
(54, 3, D:4)
  a ring mail
(60, -22, D:4)
  a +0 ring mail
  a +0 flail

Level 5 of the Dungeon
(8, -11, D:5)
  a +0 robe
  a +0 dagger
(8, -10, D:5)
  a +0 dagger
(15, 3, D:5)
  a +0 short sword
(48, 3, D:5)
  a chain mail
(52, 13, D:5)
  a -2 robe

Level 6 of the Dungeon
(3, 0, D:6)
  a +0 long sword
(15, 0, D:6)
  a +0 chain mail
(17, -25, D:6)
  a +0 hand axe
(24, 3, D:6)
  a +0 robe
  a cursed +0 war axe
  a +0 mace
(25, -8, D:6)
  a +0 hunting sling
  a +0 chain mail
(25, -6, D:6)
  a +0 robe
(32, -5, D:6)
  a potion of degeneration
(40, -19, D:6)
  a cursed +0 flail
  a +0 dagger

Level 7 of the Dungeon
(0, 0, D:7)
  a +0 scale mail
  a +0 war axe
(1, 16, D:7)
  a +0 flail
(7, 23, D:7)
  a +0 chain mail
  a +0 dire flail
(10, 31, D:7)
  a +0 whip
(12, 32, D:7)
  a +0 robe
  a +0 dagger
(16, 11, D:7)
  a chain mail
(20, 27, D:7)
  a shield
(21, 2, D:7)
  a short sword
(21, 27, D:7)
  a glowing mace
  a glowing dagger
(21, 28, D:7)
  27 poisoned needles
  a cursed +3 hand axe
  a +2 vampiric war axe
(22, 28, D:7)
  74 arrows
(23, 27, D:7)
  a scroll labeled QUEXOD OZUITE
(23, 28, D:7)
  a potion of mutation
(23, 29, D:7)
  a scroll of random uselessness
(23, 38, D:7)
  a +0 robe
  a cursed +0 dire flail
(23, 40, D:7)
  a +0 robe
  a cursed +0 halberd
  a +0 robe
(26, 33, D:7)
  a cursed +0 robe
  a +0 short sword
(31, -9, D:7)
  a flail
(44, 28, D:7)
  a +0 robe
(45, 28, D:7)
  a +0 robe
  a cursed +0 mace
(49, 41, D:7)
  a +0 robe
(49, 42, D:7)
  a +0 robe
(50, -6, D:7)
  a dagger
(52, 26, D:7)
  a +0 robe
  a cursed +0 great sword
(53, 32, D:7)
  a +0 robe
  a +3 battleaxe
(54, 26, D:7)
  a +0 robe
  a +0 battleaxe
(59, 29, D:7)
  a +0 leather armour
(59, 31, D:7)
  a +0 robe
  a +0 short sword
(64, 30, D:7)
  a +0 great sword
  a +0 robe
(65, -10, D:7)
  a robe

Level 8 of the Dungeon
(0, 0, D:8)
  a +0 robe
(2, 16, D:8)
  a robe
(5, -5, D:8)
  a leather armour
(6, -10, D:8)
  a +0 giant club
  a +0 giant spiked club
(6, 17, D:8)
  a spear
(8, -10, D:8)
  a +0 flail
  a +0 plate armour
(9, -18, D:8)
  a potion of degeneration
(20, -4, D:8)
  a +0 flail
  a +0 leather armour
(23, 19, D:8)
  a mace
(40, 3, D:8)
  a scroll of random uselessness

the Ecumenical Temple

