Yfaluhes

Level 1 of the Dungeon
(0, 0, D:1)
  a short sword
(1, 2, D:1)
  a robe
(7, 5, D:1)
  7 javelins
(13, 14, D:1)
  a mace
(14, -6, D:1)
  a +0 club
(16, -20, D:1)
  a robe
(17, 1, D:1)
  a hobgoblin skeleton
(19, -1, D:1)
  a hobgoblin skeleton
(19, 8, D:1)
  a +0 club
(23, -30, D:1)
  a +0 club
(29, 8, D:1)
  a +0 whip
(31, 16, D:1)
  a spear
(46, -26, D:1)
  a cursed -2 club
(46, 5, D:1)
  a +0 dagger
(50, -11, D:1)
  a frilled lizard skeleton

Level 2 of the Dungeon
(0, 0, D:2)
  a smoky grey potion
(3, 7, D:2)
  a ration
(6, 1, D:2)
  12 stones

