Yptooxt

Level 1 of the Dungeon
(4, 2, D:1)
  a +0 dagger
(38, 17, D:1)
  a +0 dagger
(39, -16, D:1)
  a +0 club
(41, 19, D:1)
  a +0 dagger

Level 2 of the Dungeon
(20, 18, D:2)
  a +0 whip
(28, -6, D:2)
  a +0 club
(35, -12, D:2)
  a +0 club
(40, -13, D:2)
  a +0 club
(45, 4, D:2)
  a hand axe
  a +0 club
(47, 1, D:2)
  a +0 dagger
(48, 4, D:2)
  a +0 dagger

Level 3 of the Dungeon
(0, 0, D:3)
  a leather armour
(9, -19, D:3)
  a +0 club
(10, -21, D:3)
  a mace
(10, 10, D:3)
  a +0 dagger
  a +0 robe
(13, 30, D:3)
  a stone
(14, -3, D:3)
  a +0 dagger
(14, 30, D:3)
  a stone
(15, 30, D:3)
  a stone
(16, 30, D:3)
  a stone
(17, 30, D:3)
  a stone
(18, 30, D:3)
  a stone
(19, 30, D:3)
  2 stones
(29, -7, D:3)
  a +0 dagger
(29, -4, D:3)
  a +0 flail
  a +0 robe
  a cursed +0 animal skin
  a cursed -2 dagger
(30, -6, D:3)
  a +0 club
  a +0 robe
(33, 14, D:3)
  a ring mail

