Ytwio

Level 1 of the Dungeon
(0, 0, D:1)
  a +0 halberd
(7, -18, D:1)
  a +0 club
(11, -11, D:1)
  a club
(12, -25, D:1)
  a +0 club
(12, -17, D:1)
  a +0 short sword
(24, -4, D:1)
  a short sword
(30, 0, D:1)
  a +0 short sword
(35, -28, D:1)
  a +0 short sword
(39, -11, D:1)
  a +0 club

Level 2 of the Dungeon
(0, 0, D:2)
  a +0 club
(2, 5, D:2)
  a hand axe
(11, 5, D:2)
  a leather armour
(19, -26, D:2)
  a +0 club
(40, 11, D:2)
  a +0 whip
(52, 16, D:2)
  a robe

Level 3 of the Dungeon
(6, 11, D:3)
  a +0 flail
  a +0 flail
(21, 2, D:3)
  a +0 whip
(23, -22, D:3)
  a +0 falchion
(23, -12, D:3)
  a club
(23, -9, D:3)
  8 javelins
(26, -26, D:3)
  a +0 mace
(28, 29, D:3)
  a +0 hunting sling
(34, -8, D:3)
  an uncursed amulet of inaccuracy
  a -2 ring of intelligence
(35, -7, D:3)
  a +0 dagger
(40, 31, D:3)
  a +0 dagger
(45, 5, D:3)
  a +0 flail
  a +0 ring mail
(50, -17, D:3)
  a leather armour

Level 4 of the Dungeon
(0, 0, D:4)
  a +1 leather armour
(14, 1, D:4)
  a chain mail
(15, 29, D:4)
  a +0 ring mail
  a +0 club
(17, 5, D:4)
  a +0 dagger
(19, 3, D:4)
  a +0 flail
(21, 31, D:4)
  a +0 robe
  a +0 whip
(22, 26, D:4)
  a hand axe
(23, 33, D:4)
  a +0 halberd
(27, 50, D:4)
  a mace
(30, 29, D:4)
  a +0 giant club
(31, 34, D:4)
  a cursed +0 robe
(32, 25, D:4)
  a +0 whip
(32, 34, D:4)
  a +0 robe
  a +0 dagger
(33, 33, D:4)
  a +0 short sword
(44, 12, D:4)
  a +0 halberd

Level 5 of the Dungeon
[Shop] Bonie's Antique Armour Shop
  a ring mail (108 gold)
  a robe (18 gold)
  a robe (18 gold)
  a ring mail (108 gold)
  a glowing crystal plate armour (2241 gold)
  a chain mail (121 gold)
  a chain mail (121 gold)
  an embroidered robe (99 gold)
  a scale mail (108 gold)
(4, -3, D:5)
  an uncursed ring of attention
(21, 17, D:5)
  a short sword
(28, -31, D:5)
  a +0 chain mail
  a +0 scale mail
(28, 9, D:5)
  a +0 spear
(33, 3, D:5)
  a +0 giant spiked club
(40, -25, D:5)
  a whip
(49, -13, D:5)
  a +0 short sword
(49, -12, D:5)
  a +0 dagger
(50, -12, D:5)
  a +0 dagger

Level 6 of the Dungeon
(0, 0, D:6)
  a helmet
(6, -6, D:6)
  a +0 short sword
(13, -9, D:6)
  a leather armour
(14, 2, D:6)
  a +0 shortbow
(23, -12, D:6)
  a leather armour
(25, -12, D:6)
  a +0 mace

Level 7 of the Dungeon
[Shop] Laaps's Distillery
  a potion of might (56 gold)
  a potion of invisibility (unknown) (112 gold)
  2 potions of haste (unknown) (280 gold)
  a potion of haste (unknown) (140 gold)
  2 potions of curing (84 gold)
  a potion of might (56 gold)
  a potion of haste (unknown) (140 gold)
  2 potions of invisibility (unknown) (224 gold)
  2 potions of lignification (unknown) (84 gold)
  a potion of brilliance (56 gold)
(0, 0, D:7)
  a potion of degeneration
(4, 12, D:7)
  a stone
(23, -22, D:7)
  a great mace
(25, -8, D:7)
  a ring of attention
(26, -15, D:7)
  a black bear skeleton
(31, -23, D:7)
  a +0 short sword
  an orc corpse
(32, -34, D:7)
  a hat
(39, -17, D:7)
  a ration
(51, -32, D:7)
  a +0 leather armour
  an orc corpse (skeletalised by now)
(52, -33, D:7)
  a +0 flail
  a +0 leather armour
(52, -32, D:7)
  a +0 club
  a +0 ring mail
(52, -30, D:7)
  a +0 giant club
  an ogre corpse (skeletalised by now)
(53, -34, D:7)
  a +0 mace

the Ecumenical Temple

