Yxeareramu

Level 1 of the Dungeon
(0, 0, D:1)
  a +0 club
(6, 8, D:1)
  a whip
(10, 3, D:1)
  a +0 spear
  a cursed +0 ring mail
(16, 45, D:1)
  a +0 club
(25, 33, D:1)
  a hand axe
(26, 33, D:1)
  a +0 club
(28, 26, D:1)
  a cursed -2 club
(37, 28, D:1)
  a +0 dagger
(46, 17, D:1)
  4 large rocks
(50, 20, D:1)
  a robe

Level 2 of the Dungeon
(0, 0, D:2)
  a +0 animal skin
  a +0 club
  a +0 club
  a +0 club
(5, 27, D:2)
  a robe
(7, -5, D:2)
  a leather armour
(7, 18, D:2)
  a club
(9, 18, D:2)
  a whip
(13, 7, D:2)
  a +0 ring mail
(26, 9, D:2)
  a +0 club
(29, 21, D:2)
  a +0 club

Level 3 of the Dungeon
(0, 0, D:3)
  a +0 club
  a +0 club
  a +0 club
  a +0 club
  a +0 club
  a +0 helmet
  a +0 animal skin
  a +0 whip
(0, 1, D:3)
  a +0 club
(17, 7, D:3)
  a +0 scale mail
(22, -5, D:3)
  a +0 trident
(27, -19, D:3)
  a +0 leather armour
  a cursed +0 mace
(27, -18, D:3)
  a +0 flail
(27, -5, D:3)
  a +0 dagger
(28, -22, D:3)
  a whip
(28, -6, D:3)
  a +0 robe
  a +0 dagger
  a +0 club
(29, -6, D:3)
  a +0 dagger
(33, -16, D:3)
  a +0 dagger
(34, -16, D:3)
  a cursed +0 ring mail
(35, -15, D:3)
  a +0 short sword
(37, -1, D:3)
  a +0 dagger
(39, -31, D:3)
  a +0 dagger
  a +0 robe
  a +0 hand axe

Level 4 of the Dungeon
(0, 0, D:4)
  a ring mail
(2, -1, D:4)
  a cursed +0 chain mail
  a +0 robe
(3, -3, D:4)
  a +0 robe
  a +0 dagger
(3, -2, D:4)
  a +0 ring mail
  a cursed -1 dagger
(3, -1, D:4)
  a +0 leather armour
(16, -12, D:4)
  a robe
(33, 0, D:4)
  a +0 trident
(35, -2, D:4)
  a +0 ring mail
  a cursed -1 mace
  a +0 flail
  a +0 ring mail
(36, -29, D:4)
  a robe

Level 5 of the Dungeon
(0, 0, D:5)
  6 large rocks
(1, -9, D:5)
  a +0 robe
  a +0 dagger
(2, -9, D:5)
  a +0 leather armour
  (unseen)
(3, -9, D:5)
  a +0 mace
(3, -7, D:5)
  a +0 ring mail
(5, -7, D:5)
  a +0 robe
  a +0 dagger
(8, -4, D:5)
  a +0 leather armour
(12, 2, D:5)
  a +0 hand axe
(14, 2, D:5)
  a cursed -2 club
(16, -11, D:5)
  a +0 giant club
(17, 3, D:5)
  a +0 ring mail
  a +0 hand axe
(18, 5, D:5)
  a +0 ring mail
  a +0 dagger
(22, 9, D:5)
  a +0 whip
  a +0 leather armour
  a +0 robe
(25, 13, D:5)
  a +0 robe
  a +0 dagger
(26, 16, D:5)
  a +0 trident
(26, 17, D:5)
  a +0 shortbow
(32, 6, D:5)
  a short sword
(33, 29, D:5)
  a +0 club
  a +0 leather armour
(33, 30, D:5)
  a +0 flail
(34, 25, D:5)
  a quarterstaff
(34, 26, D:5)
  a cursed -1 dagger
  a +0 robe
(35, 15, D:5)
  a whip
(39, 12, D:5)
  a leather armour
(41, -3, D:5)
  a ring mail

Level 6 of the Dungeon
(0, 0, D:6)
  a ring mail
(13, -13, D:6)
  a +0 shortbow
(14, -11, D:6)
  a cursed -1 leather armour
  a +0 flail
(14, -10, D:6)
  a +0 hand axe
  a +0 leather armour
  a +0 chain mail
  a +0 scale mail
(24, -6, D:6)
  a +0 giant spiked club
(44, -7, D:6)
  a +0 scale mail
  a +0 short sword
(45, -8, D:6)
  a quarterstaff
(49, -32, D:6)
  a +0 chain mail
(53, -6, D:6)
  a +0 dagger
(60, -7, D:6)
  a whip

Level 7 of the Dungeon
(0, 0, D:7)
  a leather armour
(5, -27, D:7)
  a leather armour
(27, -26, D:7)
  a helmet
(34, -13, D:7)
  an uncursed ring of teleportation

Level 8 of the Dungeon
(30, -16, D:8)
  a +0 giant club
(32, -16, D:8)
  a falchion
(39, -9, D:8)
  a +0 giant club
  a +0 giant club

Level 9 of the Dungeon
(0, 0, D:9)
  a potion of mutation
(3, -1, D:9)
  a potion of mutation
(5, -15, D:9)
  a trident
(14, -32, D:9)
  9 gold pieces
(18, -11, D:9)
  a +0 robe
(18, -4, D:9)
  a +0 scale mail
  a +0 short sword
  a +0 dagger
  a +0 robe
(18, -1, D:9)
  a +0 hand axe
(18, 1, D:9)
  a +0 chain mail
  a +0 hand axe
(28, -46, D:9)
  a +0 giant club
(28, -40, D:9)
  a tattered robe
(28, -39, D:9)
  a +0 buckler
(29, -40, D:9)
  a glowing falchion
(29, -39, D:9)
  a +3 mace
  14 poisoned needles
  7 needles of sleeping
  59 bolts
(30, -40, D:9)
  a runed quarterstaff
(31, -40, D:9)
  a scroll labeled ULYOTAYPSA
  a scroll labeled ISUFROSTRAN
(31, -39, D:9)
  a ring of wizardry
  an uncursed ring of magical power
  2 potions of berserk rage
  a potion of brilliance
  3 scrolls of amnesia
  an uncursed ring of wizardry
(35, -46, D:9)
  a chain mail
(37, -26, D:9)
  a +0 robe
  a +0 dagger
(38, -30, D:9)
  a +0 whip
  a +0 leather armour
  a +0 club
  a +0 falchion
(38, -28, D:9)
  a +0 chain mail
  a +0 halberd
  a +0 chain mail
  a +0 trident
  a +0 plate armour
  a +0 long sword
(38, -27, D:9)
  a +0 robe
  a +0 dagger
  a +0 dagger
  a +0 robe
  a +0 dagger
(40, -14, D:9)
  a +0 club
  a +0 short sword
  a +0 chain mail
(41, -13, D:9)
  a +0 halberd
  a +0 chain mail
(44, -9, D:9)
  a +0 leather armour
(47, -15, D:9)
  16 gold pieces
(48, -14, D:9)
  a potion of heal wounds
(49, -15, D:9)
  a scroll of immolation
(52, -21, D:9)
  a quarterstaff
(54, -10, D:9)
  a +0 shortbow

the Ecumenical Temple

