Zatot

Level 1 of the Dungeon
(0, 0, D:1)
  a +0 dagger
(9, -41, D:1)
  a potion of curing
(9, -28, D:1)
  a fizzy coppery potion
(11, -3, D:1)
  a +0 dagger
(18, -23, D:1)
  a ruby potion
(31, -20, D:1)
  a ration
(32, -8, D:1)
  a +0 dagger
(36, -25, D:1)
  a dagger
(58, -26, D:1)
  a ruby potion

Level 2 of the Dungeon
(0, 0, D:2)
  a ration
(4, -6, D:2)
  a robe
(7, -18, D:2)
  a +0 club
(11, 31, D:2)
  a +0 dagger
(19, 20, D:2)
  a leather armour
(23, 9, D:2)
  a +0 dagger
(28, -11, D:2)
  a robe
(28, -2, D:2)
  a ration
(29, -4, D:2)
  a +0 club
(47, -5, D:2)
  a ration

Level 3 of the Dungeon
(0, 0, D:3)
  a sedimented cyan potion
(3, 7, D:3)
  a ration
(4, 3, D:3)
  a +0 plate armour
  a +0 scimitar
(5, 16, D:3)
  a +0 flail
  a +0 short sword
(7, 20, D:3)
  a +0 club
(9, 21, D:3)
  a +0 giant spiked club
(12, 21, D:3)
  a ration
(13, -5, D:3)
  a +0 leather armour
(26, -6, D:3)
  a ring mail
(34, 14, D:3)
  2 fuming silvery potions
(35, 18, D:3)
  a +0 hand axe
(41, 32, D:3)
  a +0 dagger
(44, 18, D:3)
  a ration
(49, 3, D:3)
  a +0 mace
(51, 32, D:3)
  a cursed +0 mace
  a hand axe
  a mace
  a +0 club
  a ring mail
(56, 17, D:3)
  a chain mail
  a leather armour
(56, 18, D:3)
  a +0 club
(57, 17, D:3)
  a +0 robe
  a +0 short sword
  a +0 ring mail

Level 4 of the Dungeon
(0, 0, D:4)
  a rapier
  a +2 leather armour
(3, 29, D:4)
  a ring mail
(7, 14, D:4)
  a falchion
(17, 6, D:4)
  a red potion
(20, 24, D:4)
  a +0 falchion
(22, 27, D:4)
  a +0 club
(29, 23, D:4)
  a ruby potion
(33, -2, D:4)
  a +0 dagger
(33, 6, D:4)
  a +0 club
(33, 23, D:4)
  a robe
(36, 10, D:4)
  a +0 giant club
(37, 16, D:4)
  a ration
(52, 7, D:4)
  a +0 robe
  a +0 dagger
(53, 9, D:4)
  a +0 leather armour
(53, 10, D:4)
  a +0 dagger
(54, 32, D:4)
  a +0 club
(57, 26, D:4)
  a +0 club
(61, 20, D:4)
  2 sling bullets (still there?)
  a +0 hunting sling (still there?)
(62, 26, D:4)
  a +0 hunting sling
(63, 33, D:4)
  a ruby potion
(67, -7, D:4)
  a hunting sling

Level 5 of the Dungeon
[Shop] Yremaj's Distillery
  2 potions of haste (unknown) (260 gold)
  a potion of invisibility (unknown) (104 gold)
  a potion of lignification (unknown) (39 gold)
  a potion of haste (unknown) (130 gold)
  a potion of mutation (unknown) (104 gold)
  a potion of agility (unknown) (52 gold)
  a potion of curing (39 gold)
  a potion of brilliance (unknown) (52 gold)
[Shop] Peotsasch's Antique Armour Shoppe
  a chain mail (121 gold)
  a transparent robe (153 gold)
  a runed robe (99 gold)
  a shimmering leather armour (189 gold)
  a chain mail (121 gold)
  runed gold dragon scales (2241 gold)
  a leather armour (54 gold)
  a robe (18 gold)
  a shiny ring mail (189 gold)
  a chain mail (121 gold)
  a leather armour (54 gold)
(0, 0, D:5)
  a dagger
(2, 16, D:5)
  a stone
(2, 17, D:5)
  a stone
  (unseen)
(21, 24, D:5)
  a ration
(23, 15, D:5)
  a chunk of flesh

the Ecumenical Temple

