Zoadagek

Level 1 of the Dungeon
(0, 0, D:1)
  a +0 club
(1, -15, D:1)
  a +0 club
(15, -22, D:1)
  a +0 club
(16, -19, D:1)
  a +0 short sword
(23, -13, D:1)
  a cursed -3 club
(26, -10, D:1)
  a +0 dagger
  a +0 robe
(39, 13, D:1)
  a +0 club
(41, 11, D:1)
  a +0 dagger
(45, -18, D:1)
  66 stones
(47, 7, D:1)
  a +0 club
(48, 7, D:1)
  a +0 club

Level 2 of the Dungeon
(0, 0, D:2)
  a +0 dagger
(5, -2, D:2)
  a +0 club
(5, 30, D:2)
  a +0 dagger
(9, 3, D:2)
  a +0 whip
(12, 42, D:2)
  a whip

Level 3 of the Dungeon
(21, 2, D:3)
  a +0 club
(24, 41, D:3)
  a leather armour
(27, 46, D:3)
  a +0 dagger
(36, 12, D:3)
  a +0 flail
(37, 5, D:3)
  a mace
(41, 44, D:3)
  a +0 leather armour
(42, -6, D:3)
  a club
(46, 8, D:3)
  a dagger
(46, 21, D:3)
  a mace
(47, 6, D:3)
  a stone
(48, 4, D:3)
  a stone
(48, 5, D:3)
  a stone
(49, 37, D:3)
  a dagger
(50, 0, D:3)
  a +0 club
(53, 23, D:3)
  a +0 club

Level 4 of the Dungeon
[Shop] Jefudal's Antique Armour Boutique
  a robe (15 gold)
  a chain mail (99 gold)
  a glowing ring mail (154 gold)
  a robe (15 gold)
  a shimmering robe (125 gold)
  a pair of gloves (99 gold)
  a robe (15 gold)
  a pair of gloves (99 gold)
  a robe (15 gold)
(0, 0, D:4)
  a +0 whip
(6, -6, D:4)
  a dagger
(9, -2, D:4)
  a dagger
(17, 8, D:4)
  a +0 leather armour
  a +0 club
(19, -18, D:4)
  a falchion
(39, -4, D:4)
  a +0 leather armour
  a +0 flail
(39, 3, D:4)
  a +0 chain mail
  a +0 ring mail
(40, 4, D:4)
  a +0 ring mail
  a +0 leather armour
  a +0 robe
(41, -4, D:4)
  a +0 leather armour
  a +0 falchion

Level 5 of the Dungeon
[Shop] Ococuqen's Weapon Emporium
  a +2 battleaxe of freezing (331 gold)
  a +0 flail (49 gold)
  a +0 trident (49 gold)
  a +1 short sword of venom (148 gold)
  11 poisoned needles (61 gold)
  the +9 shortbow of the Thirteen Suns {venom, rF+ rC+ Dex+2} (1033 gold)
    It poisons the ammo it fires.
    
    It affects your dexterity (+2).
    It protects you from fire.
    It protects you from cold.
  a +0 quarterstaff (56 gold)
  a +0 whip (35 gold)
  a +2 mace of protection (218 gold)
  20 arrows (56 gold)
  a +0 dagger (28 gold)
(0, 0, D:5)
  a hand axe
(13, -4, D:5)
  a +0 giant club
(16, 6, D:5)
  a +0 giant club
(18, -9, D:5)
  a +0 ring mail
  a +0 flail
(19, 18, D:5)
  a leather armour
(27, 10, D:5)
  a war axe
(29, 17, D:5)
  a battleaxe
(40, 7, D:5)
  a rapier
(40, 16, D:5)
  a trident

Level 6 of the Dungeon
(0, 0, D:6)
  a spear
(4, 22, D:6)
  a plate armour
(6, 8, D:6)
  a +0 giant club
  a +0 animal skin
(7, 6, D:6)
  a +0 robe
(7, 29, D:6)
  a scale mail
(12, 24, D:6)
  a whip
(14, -5, D:6)
  a +0 giant club
(24, 0, D:6)
  a +0 chain mail
(31, -1, D:6)
  a +0 hand axe
(36, -1, D:6)
  a +0 flail
(38, -2, D:6)
  a +0 club
(47, 6, D:6)
  a pair of gloves
(58, 3, D:6)
  a dagger

Level 7 of the Dungeon
[Shop] Kuewnosi's Weapon Shoppe
  a +0 quarterstaff (48 gold)
  a +0 hand axe (36 gold)
  a cursed -1 dagger (1 gold)
  a +0 falchion of distortion (114 gold)
  a +2 long sword of electrocution (248 gold)
  a +0 war axe (42 gold)
  16 bolts (38 gold)
  a +0 flail (42 gold)
  a +6 giant spiked club (406 gold)
  a +0 quarterstaff (48 gold)
(0, 0, D:7)
  a +0 club
  a +0 short sword
  a +0 ring mail
(7, -5, D:7)
  a cursed amulet of inaccuracy
(7, 5, D:7)
  a +0 club
(16, -7, D:7)
  a leather armour
(17, -11, D:7)
  13 tomahawks
  169 stones
(20, 32, D:7)
  an uncursed amulet of the gourmand
(34, 13, D:7)
  a +0 leather armour
(35, 11, D:7)
  a +0 robe
  a +0 dagger
(36, -2, D:7)
  a ring mail
(37, 12, D:7)
  a +0 flail
(37, 32, D:7)
  a +0 leather armour
  a +0 short sword
  a +0 mace
  a +0 leather armour
  a +0 mace
  a +0 leather armour
(37, 33, D:7)
  a +0 trident
(40, 18, D:7)
  a ring mail
(42, 3, D:7)
  a +0 hand axe
(48, -12, D:7)
  a +0 club
(52, 17, D:7)
  a +0 hand axe
(57, -6, D:7)
  a +0 club
(58, -5, D:7)
  a +0 leather armour
(60, -6, D:7)
  a +0 club

the Ecumenical Temple

