Zuimi

Level 1 of the Dungeon
(0, 0, D:1)
  a dagger
(4, 10, D:1)
  a +0 club
(23, 1, D:1)
  a +0 club
(26, 34, D:1)
  a robe
(30, 15, D:1)
  a +0 club
(30, 40, D:1)
  a +0 whip
(35, 27, D:1)
  a robe
(41, 5, D:1)
  a +0 whip

Level 2 of the Dungeon
(0, 0, D:2)
  a hunting sling
(13, -7, D:2)
  a +0 club
(14, -7, D:2)
  a +0 club
(19, 1, D:2)
  a +0 club
(39, -20, D:2)
  a +0 hunting sling
  a +0 club
(40, 14, D:2)
  a chain mail

Level 3 of the Dungeon
(0, 0, D:3)
  a +0 dagger
(0, 1, D:3)
  a +0 club
(1, -2, D:3)
  a +0 dagger
(4, 21, D:3)
  a +0 club
(6, 7, D:3)
  a +0 short sword
(7, 2, D:3)
  a +0 short sword
  a +0 dagger
(13, 30, D:3)
  a +0 ring mail
(46, -7, D:3)
  a +0 whip
(48, 36, D:3)
  a robe
(55, 39, D:3)
  a leather armour
(56, 5, D:3)
  a +0 short sword
(57, 37, D:3)
  a +0 robe
(58, 25, D:3)
  a +0 mace
  a +0 whip

Level 4 of the Dungeon
(11, -22, D:4)
  a dagger
(17, -11, D:4)
  a robe
(26, -33, D:4)
  a +0 ring mail
  a +0 club
(27, -33, D:4)
  a spear
  a +0 animal skin
(28, -34, D:4)
  a +0 club
(29, -34, D:4)
  a +0 club
(31, -34, D:4)
  a +0 club
(33, -35, D:4)
  a +0 robe
  a +0 dagger
(36, -34, D:4)
  a +0 short sword of venom
(38, -39, D:4)
  a +0 flail
(39, -46, D:4)
  a +0 club
(43, -13, D:4)
  a whip
(48, -15, D:4)
  a +0 hand axe
  a +0 ring mail
(57, -34, D:4)
  a chain mail

Level 5 of the Dungeon
(0, 0, D:5)
  a +0 mace
(2, -14, D:5)
  a morningstar
(2, -5, D:5)
  a +0 dagger
  a +0 robe
(11, -20, D:5)
  a potion of degeneration
(14, 13, D:5)
  a robe
(15, -8, D:5)
  a +0 leather armour
  a +0 hand axe
(16, -20, D:5)
  a +0 leather armour
(36, 13, D:5)
  a robe
(46, -14, D:5)
  a leather armour

Level 6 of the Dungeon
(0, 0, D:6)
  a cursed +0 giant club
(0, 5, D:6)
  a ring mail
(17, -11, D:6)
  an amulet of harm
(26, 1, D:6)
  a +0 giant spiked club
(28, -2, D:6)
  a ring mail
(30, -13, D:6)
  a hand axe
(33, -12, D:6)
  a +0 leather armour
  a cursed -1 long sword
  a +0 chain mail
(34, -27, D:6)
  a scale mail
(34, 22, D:6)
  a scale mail

Level 7 of the Dungeon
(0, 0, D:7)
  a robe
(1, 3, D:7)
  a +0 hand axe
(5, 0, D:7)
  a war axe
(5, 3, D:7)
  a leather armour
(6, 7, D:7)
  a cursed -2 short sword
  a +0 blowgun
(6, 8, D:7)
  a +0 whip
(10, 3, D:7)
  a +0 club
  a +0 flail
  a +0 falchion
  a +0 whip
  a +0 whip
(10, 23, D:7)
  a +0 spear
(11, -1, D:7)
  a +0 chain mail
(11, 0, D:7)
  a +0 giant spiked club
(11, 2, D:7)
  a cursed -1 dagger
(11, 3, D:7)
  a +0 club
(12, 17, D:7)
  a +0 giant club
(14, 7, D:7)
  a +0 robe
  a +0 dagger
  a +0 helmet
(19, 8, D:7)
  a +0 scale mail
  a +0 mace
(27, 38, D:7)
  a book of Geomancy
(28, 33, D:7)
  a +0 shortbow
(28, 41, D:7)
  a scroll of enchant armour
(28, 42, D:7)
  2 scrolls of amnesia
  a wand of random effects (16)
  an uncursed amulet of harm
  a scroll of noise
(29, 44, D:7)
  a +0 leather armour
  a +0 scale mail
  a +0 hand axe
  a +0 spear
(34, 43, D:7)
  a +0 robe
  a cursed +0 dagger
(40, 26, D:7)
  a spear

Level 8 of the Dungeon
(0, 0, D:8)
  a mace
(7, 6, D:8)
  a +0 glaive
(7, 18, D:8)
  a +0 giant club
(10, 12, D:8)
  a +0 ring mail
(11, 14, D:8)
  a +0 short sword
  3 potions of degeneration
(15, -10, D:8)
  a hand axe
(15, 22, D:8)
  an uncursed ring of poison resistance
(17, 11, D:8)
  a +0 robe
  a +0 dagger
(20, 11, D:8)
  a +0 club
(20, 21, D:8)
  a +0 scale mail
(21, -21, D:8)
  a +0 ring mail
  a +0 dagger
  a +0 ring mail
  a +0 club
(22, -20, D:8)
  a +0 ring mail
  a cursed -1 dagger
(26, -9, D:8)
  a +0 leather armour
  a +0 flail
(26, 0, D:8)
  a +0 war axe
  a +0 trident
  a +0 robe
  a +0 robe
(29, -2, D:8)
  a +0 leather armour
  a +0 mace
(32, -9, D:8)
  a cursed +0 giant club
(41, 4, D:8)
  a +0 mace
(43, -6, D:8)
  a +1 short sword of venom
(43, -1, D:8)
  a +0 quarterstaff

Level 9 of the Dungeon
[Shop] Kauzixiz's Weapon Shoppe
  a +5 whip of pain (365 gold)
  22 stones (24 gold)
  a +0 fustibalus (165 gold)
  a +0 flail (38 gold)
  a +0 demon blade (165 gold)
  a cursed +0 whip (16 gold)
(0, 0, D:9)
  a +0 war axe
(2, 0, D:9)
  a +0 falchion
(6, -14, D:9)
  a +0 giant club
(6, -2, D:9)
  a cursed +0 chain mail
  a +0 war axe
(7, -3, D:9)
  a +0 leather armour
  a +0 trident
(10, -4, D:9)
  a +0 robe
  a +0 dagger
(14, -3, D:9)
  a +0 plate armour
(14, -2, D:9)
  a +0 spear
  a cursed +0 shortbow
(15, -1, D:9)
  a war axe
(17, -3, D:9)
  an uncursed ring of attention
(25, -9, D:9)
  a cursed +0 falchion
(36, -23, D:9)
  a club
(39, -19, D:9)
  a chain mail

Level 10 of the Dungeon
(0, 0, D:10)
  a +0 plate armour
  a +0 flail
(0, 4, D:10)
  a scroll of random uselessness
(2, -2, D:10)
  a +0 trident
(6, -20, D:10)
  a +0 ring mail
(7, -21, D:10)
  a +0 leather armour
  a +0 flail
(9, -8, D:10)
  a +0 giant spiked club
(10, -7, D:10)
  a +0 leather armour
  a cursed +0 dagger
  a +0 spear
  a +0 spear
(10, 1, D:10)
  a +0 robe
  a +0 dagger
(11, 1, D:10)
  a +0 robe
  a +0 dagger
(13, -16, D:10)
  a leather armour
(17, -9, D:10)
  a rapier
(17, 2, D:10)
  a +0 giant club
  a +0 giant club
(20, -6, D:10)
  a +0 club
(25, -20, D:10)
  a +2 robe of the Archmagi
  a +2 ring mail of positive energy
  a +1 chain mail of magic resistance
(25, -19, D:10)
  a +2 robe of magic resistance
  the cursed +1 leather armour of the Arcane {rPois Str+2 Dex+2}
    It affects your strength (+2).
    It affects your dexterity (+2).
    It protects you from poison.
    It has a curse placed upon it.
  a +0 scale mail
  a +1 leather armour of cold resistance
(26, -20, D:10)
  the +8 demon trident "Rift" {distort, reach+}
    It warps and distorts space around it. Unwielding it can cause banishment or
    high damage.
    
    Elyvilon disapproves of the use of such an item.
  8 steel tomahawks
  a +0 short sword of draining
  a +2 scimitar of slicing
  a +2 rapier of venom
  2 javelins
  a +1 dagger of venom
  a +1 dagger of protection
  5 silver tomahawks
  170 bolts
  a +4 spear
  a +1 short sword of distortion
  a +1 dagger of speed
(26, -19, D:10)
  a +3 rapier of protection
  a cursed -3 flail
(27, -20, D:10)
  a +1 vampiric battleaxe
  a +2 great mace
  a +1 dire flail of protection
  a +5 arbalest of freezing
  a +2 battleaxe of freezing
  a +1 shortbow of freezing
  434 arrows
  a +3 halberd
(27, -19, D:10)
  a +2 battleaxe of freezing
(27, 1, D:10)
  a +0 ring mail
(28, -20, D:10)
  2 scrolls of identify
  a potion of might
  an uncursed ring of ice
  a scroll of vulnerability
  a potion of agility
  an uncursed staff of death
  2 potions of haste
  an uncursed ring of protection from cold
  6 potions of heal wounds
  an uncursed staff of summoning
  2 potions of cancellation
  a wand of random effects (8)
  a potion of brilliance
  a scroll of immolation
  a wand of paralysis (3)
  a scroll of fog
  a +2 ring of strength
  an uncursed amulet of guardian spirit
  2 scrolls of remove curse
  a scroll of silence
  3 scrolls of amnesia
  a wand of random effects (5)
(28, -19, D:10)
  a +4 amulet of reflection
  a -2 ring of intelligence
(28, -1, D:10)
  a +0 dagger
  a +0 robe
(28, 1, D:10)
  a +0 dagger
  a +0 dagger
(29, -14, D:10)
  a +3 chain mail
  a +0 battleaxe
(32, -16, D:10)
  a scale mail
(39, -42, D:10)
  a +0 shortbow
(40, 2, D:10)
  a mace
(55, -20, D:10)
  a +0 hand axe

Level 11 of the Dungeon
(0, 0, D:11)
  a +0 club
(1, -1, D:11)
  a +0 hand axe
(1, 0, D:11)
  a +0 robe
  a +0 dagger
(1, 1, D:11)
  a +0 mace
  a +0 ring mail
(14, 7, D:11)
  a +3 leather armour
  a +0 dagger
  a +0 flail
  a +0 club
(14, 9, D:11)
  a +0 flail
  a +0 ring mail
(15, 3, D:11)
  a +0 chain mail
(23, 27, D:11)
  a +0 whip
  a +0 chain mail
(29, -5, D:11)
  a +0 scale mail
(35, -7, D:11)
  a cursed +0 robe
  a +0 dagger
  a +0 chain mail
  a cursed -1 long sword
(36, -7, D:11)
  a +0 robe
  a cursed +0 dagger
(37, 6, D:11)
  a large rock
(38, 5, D:11)
  2 large rocks
(39, 4, D:11)
  a large rock
(42, -5, D:11)
  a +0 chain mail
  a +0 war axe
(42, 4, D:11)
  a +0 robe
  a +0 dagger
(42, 7, D:11)
  a +0 leather armour
(43, 7, D:11)
  a +0 flail
(43, 11, D:11)
  a +0 dagger
(43, 13, D:11)
  a +0 leather armour
  a +0 short sword
(44, 4, D:11)
  a large rock
(44, 7, D:11)
  a +0 ring mail
  a +0 mace
(51, 17, D:11)
  a +0 giant club
  a +0 giant club

Level 12 of the Dungeon
(0, 0, D:12)
  a +0 giant club
  a +0 giant club
(17, 40, D:12)
  a +0 longbow
(37, 50, D:12)
  a +0 dagger
  a +0 chain mail
  a +0 scimitar
(38, 5, D:12)
  a chain mail
(38, 37, D:12)
  a +0 hand crossbow
  a +0 dagger
(38, 50, D:12)
  a +0 chain mail
  a +0 glaive
(39, 50, D:12)
  a +0 short sword
(40, 51, D:12)
  a +0 shortbow
  a +0 plate armour
  a +0 hand axe
(44, 14, D:12)
  a +0 flail
(44, 27, D:12)
  a ring mail
(44, 32, D:12)
  a cursed -1 trident
  a +0 scale mail
(44, 39, D:12)
  a +0 troll leather armour
(44, 40, D:12)
  a +0 giant club
(44, 43, D:12)
  a ring mail
(44, 44, D:12)
  a +0 scale mail
(45, 31, D:12)
  a +0 hand axe
  a +0 plate armour
(46, 16, D:12)
  a +0 chain mail
  a +0 halberd
(46, 25, D:12)
  a trident
(48, 28, D:12)
  a blowgun
(48, 51, D:12)
  a +0 chain mail
  a +0 dire flail
(49, 52, D:12)
  a +0 robe
  a +0 dagger
(52, 3, D:12)
  a leather armour
(52, 8, D:12)
  a +0 short sword
(52, 23, D:12)
  a +0 dagger
(53, 15, D:12)
  a chain mail
(53, 16, D:12)
  a +0 giant club
(54, 15, D:12)
  a ring mail
(57, 14, D:12)
  a +0 trident
  a +0 leather armour

Level 13 of the Dungeon
(2, -9, D:13)
  a +0 arbalest
(5, -9, D:13)
  a +0 arbalest
(6, -9, D:13)
  a +0 dagger
(6, -7, D:13)
  a +0 trident
(7, -8, D:13)
  a +0 arbalest
(7, -5, D:13)
  a +0 dagger
  a +2 robe of magic resistance
(7, -3, D:13)
  a +0 giant club
(7, -2, D:13)
  a +0 dagger
  a +0 robe
(8, -7, D:13)
  a +0 dagger
  a +0 robe
(8, -4, D:13)
  a +0 spear
  a +0 robe
  a +0 long sword
  a +0 leather armour
(9, -6, D:13)
  a +0 long sword
  a +0 leather armour
(10, -6, D:13)
  a +0 dagger
  a +0 robe
  a +0 dagger
  a +0 robe
  a +0 dagger
(12, -6, D:13)
  a cursed -2 dagger
  a +0 robe
(12, 3, D:13)
  a +0 giant club
(13, -6, D:13)
  a +0 giant club
  a +0 giant club
(17, -8, D:13)
  a large rock
(18, -3, D:13)
  a leather armour
(18, 15, D:13)
  a cursed +0 ring mail
(18, 16, D:13)
  a robe
(20, -6, D:13)
  a cursed -1 plate armour
  a +0 great mace
(23, -5, D:13)
  a large rock
(24, -5, D:13)
  a large rock
(25, 6, D:13)
  a +0 mace
(26, -2, D:13)
  a +0 robe
  a +0 dagger
(26, 6, D:13)
  a +0 giant club
  a +0 giant spiked club
(32, 6, D:13)
  a +0 dagger
(33, 6, D:13)
  a +0 buckler
  a +0 scale mail
  a +0 short sword
(39, -12, D:13)
  a +0 ring mail
  a +0 flail
(42, 8, D:13)
  a +0 cloak
(44, -6, D:13)
  a +0 giant club
(44, 9, D:13)
  a large rock
(45, 8, D:13)
  a large rock
(46, 7, D:13)
  a large rock
(46, 13, D:13)
  a +0 robe
  a cursed -1 short sword
(47, 19, D:13)
  a +0 dagger
(48, 14, D:13)
  a +0 club
(49, 20, D:13)
  a +1 leather armour of poison resistance

Level 14 of the Dungeon
(0, 0, D:14)
  a cursed -2 ring of evasion
  a +0 shortbow
(1, -31, D:14)
  a leather armour
(6, -19, D:14)
  a +0 shortbow
(7, -19, D:14)
  a +0 longbow
(7, -18, D:14)
  a +0 shortbow
(8, -50, D:14)
  a scale mail
(8, 0, D:14)
  a chain mail
(18, -20, D:14)
  a shiny ring mail
(21, -51, D:14)
  a falchion
(21, -20, D:14)
  a robe
(22, -42, D:14)
  a +0 short sword of freezing
(23, -41, D:14)
  a +0 giant club
(26, -28, D:14)
  a +0 short sword
(26, -27, D:14)
  a +0 robe
  a +0 dagger
(30, -21, D:14)
  a ring mail

Level 15 of the Dungeon
(0, 0, D:15)
  a pair of boots
(6, 0, D:15)
  a ring mail
(7, 10, D:15)
  a +0 giant club
(9, 12, D:15)
  a +0 giant spiked club
  a +0 giant club
(10, 12, D:15)
  a +0 robe
  a +0 spear
(11, 11, D:15)
  a +0 giant club
  a +0 giant club
  a +0 giant club
  a catoblepas skeleton
(15, -26, D:15)
  a chain mail
(17, -28, D:15)
  a sling bullet
(17, -27, D:15)
  a sling bullet
(18, -23, D:15)
  14 sling bullets
(25, -6, D:15)
  a robe
(46, -22, D:15)
  a sling bullet
(48, -23, D:15)
  a sling bullet
(49, -25, D:15)
  2 sling bullets
(50, -26, D:15)
  a sling bullet
(51, -27, D:15)
  2 sling bullets
(55, -30, D:15)
  a +3 ring of protection
(60, -23, D:15)
  a cloak

the Ecumenical Temple

Level 1 of the Orcish Mines
(0, 0, Orc:1)
  29 gold pieces
(0, 3, Orc:1)
  26 gold pieces
(1, 1, Orc:1)
  a tomahawk
(3, 4, Orc:1)
  3 tomahawks
(5, -1, Orc:1)
  59 gold pieces
(5, 2, Orc:1)
  23 gold pieces
(5, 5, Orc:1)
  a +0 trident of piercing
  (unseen)

Level 1 of the Lair of Beasts
(0, 0, Lair:1)
  a ring mail
(47, 1, Lair:1)
  a scimitar
(47, 31, Lair:1)
  a chain mail
(56, 21, Lair:1)
  a falchion
(58, -3, Lair:1)
  a battleaxe

Level 2 of the Lair of Beasts
(5, 4, Lair:2)
  a chain mail
(22, 19, Lair:2)
  a chain mail
(35, 10, Lair:2)
  a mace

Level 3 of the Lair of Beasts
(0, 0, Lair:3)
  a leather armour
(2, -21, Lair:3)
  a scroll of random uselessness
(6, -9, Lair:3)
  a robe
(8, -14, Lair:3)
  a +0 robe
  a +0 rapier
(18, 8, Lair:3)
  a +0 robe
(19, 7, Lair:3)
  a +0 rapier
  a +0 robe
  a +0 dagger
  a +0 robe
  a +0 short sword
  a +0 robe
  a +0 buckler
(20, -15, Lair:3)
  a +0 buckler
  a +0 spear
(23, -9, Lair:3)
  a +0 robe
  a +0 dagger
(25, -20, Lair:3)
  a quarterstaff
(28, -19, Lair:3)
  a +0 spear
(29, -27, Lair:3)
  a club
(33, 1, Lair:3)
  a +0 buckler
  a +0 robe
  a +0 short sword
  a +0 buckler
  a +0 spear
(34, -11, Lair:3)
  a cursed -1 dagger
  a +0 robe
  a +0 buckler of protection
(34, 14, Lair:3)
  a +0 robe
  a +0 dagger
(48, 28, Lair:3)
  a blowgun

Level 4 of the Lair of Beasts
(0, 0, Lair:4)
  a robe
(4, -27, Lair:4)
  a short sword
(8, -33, Lair:4)
  a whip
(10, -21, Lair:4)
  a leather armour
(11, -22, Lair:4)
  a club
(14, 0, Lair:4)
  a club
(27, -22, Lair:4)
  a leather armour
(31, -16, Lair:4)
  a +0 blowgun
(35, -34, Lair:4)
  a +0 cloak

Level 5 of the Lair of Beasts
(0, 0, Lair:5)
  a quarterstaff
(0, 19, Lair:5)
  a +0 troll leather armour
(23, -9, Lair:5)
  a +0 dagger
(26, -23, Lair:5)
  a plate armour
(27, -12, Lair:5)
  a cloak
(27, 29, Lair:5)
  a robe
(30, -7, Lair:5)
  a falchion
(30, 13, Lair:5)
  a potion of flight

Level 6 of the Lair of Beasts
(0, 0, Lair:6)
  a flail
(38, -28, Lair:6)
  a plate armour
(47, 0, Lair:6)
  a potion of degeneration

